*** 5/26/2021 1:44:21 PM VAdvantage Log  ***
01:44:21.442    (INFO)     Trx.Start: **** ConnSH637576334615214491System.Random
01:44:21.442    (INFO)     Trx.Commit: **C** ConnSH637576334615214491System.Random
01:44:21.442    (INFO)     MChangeLog.FillChangeLog: #9
===========>     (SEVERE)   OracleHelper.ExecuteReader: ORA-01756: quoted string not properly terminated [Query DR] SELECT VAHRUAE_HR_LEAVEDETAIL_ID FROM VAHRUAE_HR_LEAVEDETAIL WHERE C_BPARTNER_ID = 1006736AND VAHRUAE_APPROVE = 'Y' AND VAHRUAE_DATE1= '20-JUN-21
===========>     (SEVERE)   OracleHelper.ExecuteReader: ORA-01756: quoted string not properly terminated [Query DR] SELECT VAHRUAE_HR_LEAVEDETAIL_ID FROM VAHRUAE_HR_LEAVEDETAIL WHERE C_BPARTNER_ID = 1006736AND VAHRUAE_APPROVE = 'Y' AND VAHRUAE_DATE1= '20-JUN-21
===========>     (SEVERE)   PO.DoIt: SELECT VAHRUAE_HR_LEAVEDETAIL_ID FROM VAHRUAE_HR_LEAVEDETAIL WHERE C_BPARTNER_ID = 1006736AND VAHRUAE_APPROVE = 'Y' AND VAHRUAE_DATE1= '20-JUN-21 => ORA-01756: quoted string not properly terminated
01:44:21.442    (INFO)     Trx.Start: **** ConnSH637576334616694148System.Random
01:44:21.442    (INFO)     Trx.Commit: **C** ConnSH637576334616694148System.Random
01:44:21.442    (INFO)     Trx.Start: **** ConnSH637576334616784581System.Random
01:44:21.442    (INFO)     Trx.Commit: **C** ConnSH637576334616784581System.Random
01:44:21.442    (INFO)     Trx.Start: **** ConnDDH637576334616934162System.Random
01:44:21.442    (INFO)     Trx.ExecuteDataSet: Trx Dataset ConnDDH637576334616934162System.Random 6
01:44:21.442    (INFO)     Trx.ExecuteQuery: Trx non-query ConnDDH637576334616934162System.Random 6
01:44:21.442    (INFO)     Trx.Commit: **C** ConnDDH637576334616934162System.Random
01:44:21.442    (INFO)     Trx.Start: **** ConnSH637576334618494173System.Random
01:44:21.442    (INFO)     Trx.Commit: **C** ConnSH637576334618494173System.Random
01:44:22.442    (INFO)     Trx.Start: **** ConnSH637576334620304145System.Random
01:44:22.442    (INFO)     Trx.Commit: **C** ConnSH637576334620304145System.Random
01:44:22.442    (INFO)     Trx.Start: **** ConnSH637576334622864153System.Random
01:44:22.442    (INFO)     Trx.Commit: **C** ConnSH637576334622864153System.Random
01:44:22.442    (INFO)     CacheMgt.Reset: AD_Process: #1 (1)
01:44:39.443    (INFO)     Trx.Start: **** ConnSH637576334790784536System.Random
01:44:39.443    (INFO)     Trx.Commit: **C** ConnSH637576334790784536System.Random
===========>     (SEVERE)   OracleHelper.ExecuteReader: ORA-01756: quoted string not properly terminated [Query DR] SELECT VAHRUAE_HR_LEAVEDETAIL_ID FROM VAHRUAE_HR_LEAVEDETAIL WHERE C_BPARTNER_ID = 1006736AND VAHRUAE_APPROVE = 'Y' AND VAHRUAE_DATE1= '20-JUN-21
===========>     (SEVERE)   OracleHelper.ExecuteReader: ORA-01756: quoted string not properly terminated [Query DR] SELECT VAHRUAE_HR_LEAVEDETAIL_ID FROM VAHRUAE_HR_LEAVEDETAIL WHERE C_BPARTNER_ID = 1006736AND VAHRUAE_APPROVE = 'Y' AND VAHRUAE_DATE1= '20-JUN-21
===========>     (SEVERE)   PO.DoIt: SELECT VAHRUAE_HR_LEAVEDETAIL_ID FROM VAHRUAE_HR_LEAVEDETAIL WHERE C_BPARTNER_ID = 1006736AND VAHRUAE_APPROVE = 'Y' AND VAHRUAE_DATE1= '20-JUN-21 => ORA-01756: quoted string not properly terminated
01:44:39.443    (INFO)     Trx.Start: **** ConnSH637576334791244485System.Random
01:44:39.443    (INFO)     Trx.Commit: **C** ConnSH637576334791244485System.Random
01:44:39.443    (INFO)     Trx.Start: **** ConnSH637576334791324160System.Random
01:44:39.443    (INFO)     Trx.Commit: **C** ConnSH637576334791324160System.Random
01:44:39.443    (INFO)     Trx.Start: **** ConnDDH637576334791374178System.Random
01:44:39.443    (INFO)     Trx.ExecuteDataSet: Trx Dataset ConnDDH637576334791374178System.Random 6
01:44:39.443    (INFO)     Trx.ExecuteQuery: Trx non-query ConnDDH637576334791374178System.Random 6
01:44:39.443    (INFO)     Trx.Commit: **C** ConnDDH637576334791374178System.Random
01:44:39.443    (INFO)     Trx.Start: **** ConnSH637576334792874157System.Random
01:44:39.443    (INFO)     Trx.Commit: **C** ConnSH637576334792874157System.Random
01:44:39.443    (INFO)     Trx.Start: **** ConnSH637576334794494143System.Random
01:44:39.443    (INFO)     Trx.Commit: **C** ConnSH637576334794494143System.Random
01:44:39.443    (INFO)     Trx.Start: **** ConnSH637576334796794156System.Random
01:44:39.443    (INFO)     Trx.Commit: **C** ConnSH637576334796794156System.Random
01:44:39.443    (INFO)     CacheMgt.Reset: AD_Process: #1 (1)
01:45:00.450    (INFO)     Trx.Start: **** ConnSH637576335001894520System.Random
01:45:00.450    (INFO)     Trx.Commit: **C** ConnSH637576335001894520System.Random
===========>     (SEVERE)   OracleHelper.ExecuteReader: ORA-01756: quoted string not properly terminated [Query DR] SELECT VAHRUAE_HR_LEAVEDETAIL_ID FROM VAHRUAE_HR_LEAVEDETAIL WHERE C_BPARTNER_ID = 1006736AND VAHRUAE_APPROVE = 'Y' AND VAHRUAE_DATE1= '20-JUN-21
===========>     (SEVERE)   OracleHelper.ExecuteReader: ORA-01756: quoted string not properly terminated [Query DR] SELECT VAHRUAE_HR_LEAVEDETAIL_ID FROM VAHRUAE_HR_LEAVEDETAIL WHERE C_BPARTNER_ID = 1006736AND VAHRUAE_APPROVE = 'Y' AND VAHRUAE_DATE1= '20-JUN-21
===========>     (SEVERE)   PO.DoIt: SELECT VAHRUAE_HR_LEAVEDETAIL_ID FROM VAHRUAE_HR_LEAVEDETAIL WHERE C_BPARTNER_ID = 1006736AND VAHRUAE_APPROVE = 'Y' AND VAHRUAE_DATE1= '20-JUN-21 => ORA-01756: quoted string not properly terminated
01:45:00.450    (INFO)     Trx.Start: **** ConnSH637576335002454141System.Random
01:45:00.450    (INFO)     Trx.Commit: **C** ConnSH637576335002454141System.Random
01:45:00.450    (INFO)     Trx.Start: **** ConnSH637576335002534157System.Random
01:45:00.450    (INFO)     Trx.Commit: **C** ConnSH637576335002534157System.Random
01:45:00.450    (INFO)     Trx.Start: **** ConnDDH637576335002594407System.Random
01:45:00.450    (INFO)     Trx.ExecuteDataSet: Trx Dataset ConnDDH637576335002594407System.Random 6
01:45:00.450    (INFO)     Trx.ExecuteQuery: Trx non-query ConnDDH637576335002594407System.Random 6
01:45:00.450    (INFO)     Trx.Commit: **C** ConnDDH637576335002594407System.Random
01:45:00.450    (INFO)     Trx.Start: **** ConnSH637576335004004153System.Random
01:45:00.450    (INFO)     Trx.Commit: **C** ConnSH637576335004004153System.Random
01:45:00.450    (INFO)     Trx.Start: **** ConnSH637576335005614156System.Random
01:45:00.450    (INFO)     Trx.Commit: **C** ConnSH637576335005614156System.Random
01:47:21.472    (INFO)     Trx.Start: **** ConnSH637576336413395714System.Random
01:47:21.472    (INFO)     Trx.Commit: **C** ConnSH637576336413395714System.Random
