*** 4/15/2021 1:22:40 PM VAdvantage Log  ***
01:22:40.224    (INFO)     Trx.Start: **** ConnSH637540897606394604System.Random
01:22:40.224    (INFO)     Trx.Commit: **C** ConnSH637540897606394604System.Random
01:22:40.224    (INFO)     MChangeLog.FillChangeLog: #9
01:22:40.224    (INFO)     Trx.Start: **** ConnSH637540897607022789System.Random
01:22:40.224    (INFO)     Trx.Commit: **C** ConnSH637540897607022789System.Random
01:22:40.224    (INFO)     Trx.Start: **** ConnSH637540897607172459System.Random
01:22:40.224    (INFO)     Trx.Commit: **C** ConnSH637540897607172459System.Random
01:22:40.224    (INFO)     Trx.Start: **** ConnSH637540897607292463System.Random
01:22:40.224    (INFO)     Trx.Commit: **C** ConnSH637540897607292463System.Random
01:22:40.224    (INFO)     Trx.Start: **** ConnSH637540897607392459System.Random
01:22:40.224    (INFO)     Trx.Commit: **C** ConnSH637540897607392459System.Random
01:22:40.224    (INFO)     Trx.Start: **** ConnSH637540897607501669System.Random
01:22:40.224    (INFO)     Trx.Commit: **C** ConnSH637540897607501669System.Random
01:22:40.224    (INFO)     Trx.Start: **** ConnSH637540897607621778System.Random
01:22:40.224    (INFO)     Trx.Commit: **C** ConnSH637540897607621778System.Random
01:22:40.224    (INFO)     Trx.Start: **** ConnSH637540897607726066System.Random
01:22:40.224    (INFO)     Trx.Commit: **C** ConnSH637540897607726066System.Random
01:22:40.224    (INFO)     Trx.Start: **** ConnSH637540897607836013System.Random
01:22:40.224    (INFO)     Trx.Commit: **C** ConnSH637540897607836013System.Random
01:22:40.224    (INFO)     Trx.Start: **** ConnSH637540897608054605System.Random
01:22:40.224    (INFO)     Trx.Commit: **C** ConnSH637540897608054605System.Random
01:22:40.224    (INFO)     Trx.Start: **** ConnSH637540897608224552System.Random
01:22:40.224    (INFO)     Trx.Commit: **C** ConnSH637540897608224552System.Random
01:22:40.224    (INFO)     Trx.Start: **** ConnSH637540897608378304System.Random
01:22:40.224    (INFO)     Trx.Commit: **C** ConnSH637540897608378304System.Random
01:22:40.224    (INFO)     Trx.Start: **** ConnSH637540897608535029System.Random
01:22:40.224    (INFO)     Trx.Commit: **C** ConnSH637540897608535029System.Random
01:22:40.224    (INFO)     Trx.Start: **** ConnSH637540897608657508System.Random
01:22:40.224    (INFO)     Trx.Commit: **C** ConnSH637540897608657508System.Random
01:22:40.224    (INFO)     Trx.Start: **** ConnSH637540897608774691System.Random
01:22:40.224    (INFO)     Trx.Commit: **C** ConnSH637540897608774691System.Random
01:22:40.224    (INFO)     Trx.Start: **** ConnSH637540897608899041System.Random
01:22:40.224    (INFO)     Trx.Commit: **C** ConnSH637540897608899041System.Random
01:22:40.224    (INFO)     Trx.Start: **** ConnSH637540897609011722System.Random
01:22:40.224    (INFO)     Trx.Commit: **C** ConnSH637540897609011722System.Random
01:22:40.224    (INFO)     Trx.Start: **** ConnSH637540897609174807System.Random
01:22:40.224    (INFO)     Trx.Commit: **C** ConnSH637540897609174807System.Random
01:22:40.224    (INFO)     Trx.Start: **** ConnSH637540897609338496System.Random
01:22:40.224    (INFO)     Trx.Commit: **C** ConnSH637540897609338496System.Random
01:22:40.224    (INFO)     Trx.Start: **** ConnSH637540897609488516System.Random
01:22:40.224    (INFO)     Trx.Commit: **C** ConnSH637540897609488516System.Random
01:22:40.224    (INFO)     Trx.Start: **** ConnSH637540897609757950System.Random
01:22:40.224    (INFO)     Trx.Commit: **C** ConnSH637540897609757950System.Random
01:22:40.224    (INFO)     Trx.Start: **** ConnSH637540897609874290System.Random
01:22:40.224    (INFO)     Trx.Commit: **C** ConnSH637540897609874290System.Random
01:22:40.224    (INFO)     Trx.Start: **** ConnSH637540897609994665System.Random
01:22:41.224    (INFO)     Trx.Commit: **C** ConnSH637540897609994665System.Random
01:22:41.224    (INFO)     Trx.Start: **** ConnSH637540897610124658System.Random
01:22:41.224    (INFO)     Trx.Commit: **C** ConnSH637540897610124658System.Random
01:22:41.224    (INFO)     Trx.Start: **** ConnSH637540897610244726System.Random
01:22:41.224    (INFO)     Trx.Commit: **C** ConnSH637540897610244726System.Random
01:22:41.224    (INFO)     Trx.Start: **** ConnSH637540897610394774System.Random
01:22:41.224    (INFO)     Trx.Commit: **C** ConnSH637540897610394774System.Random
01:22:41.224    (INFO)     Trx.Start: **** ConnSH637540897610548948System.Random
01:22:41.224    (INFO)     Trx.Commit: **C** ConnSH637540897610548948System.Random
01:22:41.224    (INFO)     Trx.Start: **** ConnSH637540897610704118System.Random
01:22:41.224    (INFO)     Trx.Commit: **C** ConnSH637540897610704118System.Random
01:22:41.224    (INFO)     Trx.Start: **** ConnSH637540897610814059System.Random
01:22:41.224    (INFO)     Trx.Commit: **C** ConnSH637540897610814059System.Random
01:22:41.224    (INFO)     Trx.Start: **** ConnSH637540897610964273System.Random
01:22:41.224    (INFO)     Trx.Commit: **C** ConnSH637540897610964273System.Random
01:22:41.224    (INFO)     Trx.Start: **** ConnSH637540897611121820System.Random
01:22:41.224    (INFO)     Trx.Commit: **C** ConnSH637540897611121820System.Random
01:22:41.224    (INFO)     Trx.Start: **** ConnSH637540897611278733System.Random
01:22:41.224    (INFO)     Trx.Commit: **C** ConnSH637540897611278733System.Random
01:22:41.224    (INFO)     Trx.Start: **** ConnSH637540897611433301System.Random
01:22:41.224    (INFO)     Trx.Commit: **C** ConnSH637540897611433301System.Random
01:22:41.224    (INFO)     Trx.Start: **** ConnSH637540897611588195System.Random
01:22:41.224    (INFO)     Trx.Commit: **C** ConnSH637540897611588195System.Random
01:22:41.224    (INFO)     Trx.Start: **** ConnSH637540897611744379System.Random
01:22:41.224    (INFO)     Trx.Commit: **C** ConnSH637540897611744379System.Random
01:22:41.224    (INFO)     Trx.Start: **** ConnSH637540897611904344System.Random
01:22:41.224    (INFO)     Trx.Commit: **C** ConnSH637540897611904344System.Random
01:22:41.224    (INFO)     Trx.Start: **** ConnSH637540897612068826System.Random
01:22:41.224    (INFO)     Trx.Commit: **C** ConnSH637540897612068826System.Random
01:22:41.224    (INFO)     Trx.Start: **** ConnSH637540897612181632System.Random
01:22:41.224    (INFO)     Trx.Commit: **C** ConnSH637540897612181632System.Random
01:22:41.224    (INFO)     Trx.Start: **** ConnSH637540897612335997System.Random
01:22:41.224    (INFO)     Trx.Commit: **C** ConnSH637540897612335997System.Random
01:22:41.224    (INFO)     Trx.Start: **** ConnSH637540897612487215System.Random
01:22:41.224    (INFO)     Trx.Commit: **C** ConnSH637540897612487215System.Random
01:22:41.224    (INFO)     Trx.Start: **** ConnSH637540897612610411System.Random
01:22:41.224    (INFO)     Trx.Commit: **C** ConnSH637540897612610411System.Random
01:22:41.224    (INFO)     Trx.Start: **** ConnSH637540897612770659System.Random
01:22:41.224    (INFO)     Trx.Commit: **C** ConnSH637540897612770659System.Random
01:22:41.224    (INFO)     Trx.Start: **** ConnSH637540897612924936System.Random
01:22:41.224    (INFO)     Trx.Commit: **C** ConnSH637540897612924936System.Random
01:22:41.224    (INFO)     Trx.Start: **** ConnSH637540897613099581System.Random
01:22:41.224    (INFO)     Trx.Commit: **C** ConnSH637540897613099581System.Random
01:22:41.224    (INFO)     Trx.Start: **** ConnSH637540897613228946System.Random
01:22:41.224    (INFO)     Trx.Commit: **C** ConnSH637540897613228946System.Random
01:22:41.224    (INFO)     Trx.Start: **** ConnSH637540897613361428System.Random
01:22:41.224    (INFO)     Trx.Commit: **C** ConnSH637540897613361428System.Random
01:22:41.224    (INFO)     Trx.Start: **** ConnSH637540897613531573System.Random
01:22:41.224    (INFO)     Trx.Commit: **C** ConnSH637540897613531573System.Random
01:22:41.224    (INFO)     Trx.Start: **** ConnSH637540897613689500System.Random
01:22:41.224    (INFO)     Trx.Commit: **C** ConnSH637540897613689500System.Random
01:22:41.224    (INFO)     Trx.Start: **** ConnSH637540897613846813System.Random
01:22:41.224    (INFO)     Trx.Commit: **C** ConnSH637540897613846813System.Random
01:22:41.224    (INFO)     Trx.Start: **** ConnSH637540897613970886System.Random
01:22:41.224    (INFO)     Trx.Commit: **C** ConnSH637540897613970886System.Random
01:22:41.224    (INFO)     Trx.Start: **** ConnSH637540897614101284System.Random
01:22:41.224    (INFO)     Trx.Commit: **C** ConnSH637540897614101284System.Random
01:22:41.224    (INFO)     Trx.Start: **** ConnSH637540897614213599System.Random
01:22:41.224    (INFO)     Trx.Commit: **C** ConnSH637540897614213599System.Random
01:22:41.224    (INFO)     Trx.Start: **** ConnSH637540897614372986System.Random
01:22:41.224    (INFO)     Trx.Commit: **C** ConnSH637540897614372986System.Random
01:22:41.224    (INFO)     Trx.Start: **** ConnSH637540897614531460System.Random
01:22:41.224    (INFO)     Trx.Commit: **C** ConnSH637540897614531460System.Random
01:22:41.224    (INFO)     Trx.Start: **** ConnSH637540897614708575System.Random
01:22:41.224    (INFO)     Trx.Commit: **C** ConnSH637540897614708575System.Random
01:22:41.224    (INFO)     Trx.Start: **** ConnSH637540897614828520System.Random
01:22:41.224    (INFO)     Trx.Commit: **C** ConnSH637540897614828520System.Random
01:22:41.224    (INFO)     Trx.Start: **** ConnSH637540897614978517System.Random
01:22:41.224    (INFO)     Trx.Commit: **C** ConnSH637540897614978517System.Random
01:22:41.224    (INFO)     Trx.Start: **** ConnSH637540897615108524System.Random
01:22:41.224    (INFO)     Trx.Commit: **C** ConnSH637540897615108524System.Random
01:22:41.224    (INFO)     Trx.Start: **** ConnSH637540897615278513System.Random
01:22:41.224    (INFO)     Trx.Commit: **C** ConnSH637540897615278513System.Random
01:22:41.224    (INFO)     Trx.Start: **** ConnSH637540897615432030System.Random
01:22:41.224    (INFO)     Trx.Commit: **C** ConnSH637540897615432030System.Random
01:22:41.224    (INFO)     Trx.Start: **** ConnSH637540897615556613System.Random
01:22:41.224    (INFO)     Trx.Commit: **C** ConnSH637540897615556613System.Random
01:22:41.224    (INFO)     Trx.Start: **** ConnSH637540897615711648System.Random
01:22:41.224    (INFO)     Trx.Commit: **C** ConnSH637540897615711648System.Random
01:22:41.224    (INFO)     Trx.Start: **** ConnSH637540897615868018System.Random
01:22:41.224    (INFO)     Trx.Commit: **C** ConnSH637540897615868018System.Random
01:22:41.224    (INFO)     Trx.Start: **** ConnSH637540897616028254System.Random
01:22:41.224    (INFO)     Trx.Commit: **C** ConnSH637540897616028254System.Random
01:22:41.224    (INFO)     Trx.Start: **** ConnSH637540897616152521System.Random
01:22:41.224    (INFO)     Trx.Commit: **C** ConnSH637540897616152521System.Random
01:22:41.224    (INFO)     Trx.Start: **** ConnSH637540897616314772System.Random
01:22:41.224    (INFO)     Trx.Commit: **C** ConnSH637540897616314772System.Random
01:22:41.224    (INFO)     Trx.Start: **** ConnSH637540897616452869System.Random
01:22:41.224    (INFO)     Trx.Commit: **C** ConnSH637540897616452869System.Random
01:22:41.224    (INFO)     Trx.Start: **** ConnSH637540897616971117System.Random
01:22:41.224    (INFO)     Trx.Commit: **C** ConnSH637540897616971117System.Random
01:22:41.224    (INFO)     Trx.Start: **** ConnSH637540897617162403System.Random
01:22:41.224    (INFO)     Trx.Commit: **C** ConnSH637540897617162403System.Random
01:22:41.224    (INFO)     Trx.Start: **** ConnSH637540897617395326System.Random
01:22:41.224    (INFO)     Trx.Commit: **C** ConnSH637540897617395326System.Random
01:22:41.224    (INFO)     Trx.Start: **** ConnSH637540897617523124System.Random
01:22:41.224    (INFO)     Trx.Commit: **C** ConnSH637540897617523124System.Random
01:22:41.224    (INFO)     Trx.Start: **** ConnSH637540897617644348System.Random
01:22:41.224    (INFO)     Trx.Commit: **C** ConnSH637540897617644348System.Random
01:22:41.224    (INFO)     Trx.Start: **** ConnSH637540897617815755System.Random
01:22:41.224    (INFO)     Trx.Commit: **C** ConnSH637540897617815755System.Random
01:22:41.224    (INFO)     Trx.Start: **** ConnSH637540897617938770System.Random
01:22:41.224    (INFO)     Trx.Commit: **C** ConnSH637540897617938770System.Random
01:22:41.224    (INFO)     Trx.Start: **** ConnSH637540897618093520System.Random
01:22:41.224    (INFO)     Trx.Commit: **C** ConnSH637540897618093520System.Random
01:22:41.224    (INFO)     Trx.Start: **** ConnSH637540897618254189System.Random
01:22:41.224    (INFO)     Trx.Commit: **C** ConnSH637540897618254189System.Random
01:22:41.224    (INFO)     Trx.Start: **** ConnSH637540897618376823System.Random
01:22:41.224    (INFO)     Trx.Commit: **C** ConnSH637540897618376823System.Random
01:22:41.224    (INFO)     Trx.Start: **** ConnSH637540897618527214System.Random
01:22:41.224    (INFO)     Trx.Commit: **C** ConnSH637540897618527214System.Random
01:22:41.224    (INFO)     Trx.Start: **** ConnSH637540897618656653System.Random
01:22:41.224    (INFO)     Trx.Commit: **C** ConnSH637540897618656653System.Random
01:22:41.224    (INFO)     Trx.Start: **** ConnSH637540897618810897System.Random
01:22:41.224    (INFO)     Trx.Commit: **C** ConnSH637540897618810897System.Random
01:22:41.224    (INFO)     Trx.Start: **** ConnSH637540897618942920System.Random
01:22:41.224    (INFO)     Trx.Commit: **C** ConnSH637540897618942920System.Random
01:22:41.224    (INFO)     Trx.Start: **** ConnSH637540897619067311System.Random
01:22:41.224    (INFO)     Trx.Commit: **C** ConnSH637540897619067311System.Random
01:22:41.224    (INFO)     Trx.Start: **** ConnSH637540897619194072System.Random
01:22:41.224    (INFO)     Trx.Commit: **C** ConnSH637540897619194072System.Random
01:22:41.224    (INFO)     Trx.Start: **** ConnSH637540897619324073System.Random
01:22:41.224    (INFO)     Trx.Commit: **C** ConnSH637540897619324073System.Random
01:22:41.224    (INFO)     Trx.Start: **** ConnSH637540897619461544System.Random
01:22:41.224    (INFO)     Trx.Commit: **C** ConnSH637540897619461544System.Random
01:22:41.224    (INFO)     Trx.Start: **** ConnSH637540897619619320System.Random
01:22:41.224    (INFO)     Trx.Commit: **C** ConnSH637540897619619320System.Random
01:22:41.224    (INFO)     Trx.Start: **** ConnSH637540897619776391System.Random
01:22:41.224    (INFO)     Trx.Commit: **C** ConnSH637540897619776391System.Random
01:22:41.224    (INFO)     Trx.Start: **** ConnSH637540897619946573System.Random
01:22:41.224    (INFO)     Trx.Commit: **C** ConnSH637540897619946573System.Random
01:22:42.224    (INFO)     Trx.Start: **** ConnSH637540897620110928System.Random
01:22:42.224    (INFO)     Trx.Commit: **C** ConnSH637540897620110928System.Random
01:22:42.224    (INFO)     Trx.Start: **** ConnSH637540897620280910System.Random
01:22:42.224    (INFO)     Trx.Commit: **C** ConnSH637540897620280910System.Random
01:22:42.224    (INFO)     Trx.Start: **** ConnSH637540897620400939System.Random
01:22:42.224    (INFO)     Trx.Commit: **C** ConnSH637540897620400939System.Random
01:22:42.224    (INFO)     Trx.Start: **** ConnSH637540897620525459System.Random
01:22:42.224    (INFO)     Trx.Commit: **C** ConnSH637540897620525459System.Random
01:22:42.224    (INFO)     Trx.Start: **** ConnSH637540897620685081System.Random
01:22:42.224    (INFO)     Trx.Commit: **C** ConnSH637540897620685081System.Random
01:22:42.224    (INFO)     Trx.Start: **** ConnSH637540897620853195System.Random
01:22:42.224    (INFO)     Trx.Commit: **C** ConnSH637540897620853195System.Random
01:22:42.224    (INFO)     Trx.Start: **** ConnSH637540897621008718System.Random
01:22:42.224    (INFO)     Trx.Commit: **C** ConnSH637540897621008718System.Random
01:22:42.224    (INFO)     Trx.Start: **** ConnSH637540897621173505System.Random
01:22:42.224    (INFO)     Trx.Commit: **C** ConnSH637540897621173505System.Random
01:22:42.224    (INFO)     Trx.Start: **** ConnSH637540897621337832System.Random
01:22:42.224    (INFO)     Trx.Commit: **C** ConnSH637540897621337832System.Random
01:22:42.224    (INFO)     Trx.Start: **** ConnSH637540897621491800System.Random
01:22:42.224    (INFO)     Trx.Commit: **C** ConnSH637540897621491800System.Random
01:22:42.224    (INFO)     Trx.Start: **** ConnSH637540897621614049System.Random
01:22:42.224    (INFO)     Trx.Commit: **C** ConnSH637540897621614049System.Random
01:22:42.224    (INFO)     Trx.Start: **** ConnSH637540897621774055System.Random
01:22:42.224    (INFO)     Trx.Commit: **C** ConnSH637540897621774055System.Random
01:22:42.224    (INFO)     Trx.Start: **** ConnSH637540897621912268System.Random
01:22:42.224    (INFO)     Trx.Commit: **C** ConnSH637540897621912268System.Random
01:22:42.224    (INFO)     Trx.Start: **** ConnSH637540897622042272System.Random
01:22:42.224    (INFO)     Trx.Commit: **C** ConnSH637540897622042272System.Random
01:22:42.224    (INFO)     Trx.Start: **** ConnSH637540897622153526System.Random
01:22:42.224    (INFO)     Trx.Commit: **C** ConnSH637540897622153526System.Random
01:22:42.224    (INFO)     Trx.Start: **** ConnSH637540897622283264System.Random
01:22:42.224    (INFO)     Trx.Commit: **C** ConnSH637540897622283264System.Random
01:22:42.224    (INFO)     Trx.Start: **** ConnSH637540897622405312System.Random
01:22:42.224    (INFO)     Trx.Commit: **C** ConnSH637540897622405312System.Random
01:22:42.224    (INFO)     Trx.Start: **** ConnSH637540897622537670System.Random
01:22:42.224    (INFO)     Trx.Commit: **C** ConnSH637540897622537670System.Random
01:22:42.224    (INFO)     Trx.Start: **** ConnSH637540897622672370System.Random
01:22:42.224    (INFO)     Trx.Commit: **C** ConnSH637540897622672370System.Random
01:22:42.224    (INFO)     Trx.Start: **** ConnSH637540897622800217System.Random
01:22:42.224    (INFO)     Trx.Commit: **C** ConnSH637540897622800217System.Random
01:22:42.224    (INFO)     Trx.Start: **** ConnSH637540897622925277System.Random
01:22:42.224    (INFO)     Trx.Commit: **C** ConnSH637540897622925277System.Random
01:22:42.224    (INFO)     Trx.Start: **** ConnSH637540897623061717System.Random
01:22:42.224    (INFO)     Trx.Commit: **C** ConnSH637540897623061717System.Random
01:22:42.224    (INFO)     Trx.Start: **** ConnSH637540897623176673System.Random
01:22:42.224    (INFO)     Trx.Commit: **C** ConnSH637540897623176673System.Random
01:22:42.224    (INFO)     Trx.Start: **** ConnSH637540897623308477System.Random
01:22:42.224    (INFO)     Trx.Commit: **C** ConnSH637540897623308477System.Random
01:22:42.224    (INFO)     Trx.Start: **** ConnSH637540897623472908System.Random
01:22:42.224    (INFO)     Trx.Commit: **C** ConnSH637540897623472908System.Random
01:22:42.224    (INFO)     Trx.Start: **** ConnSH637540897623634784System.Random
01:22:42.224    (INFO)     Trx.Commit: **C** ConnSH637540897623634784System.Random
01:22:42.224    (INFO)     Trx.Start: **** ConnSH637540897623799557System.Random
01:22:42.224    (INFO)     Trx.Commit: **C** ConnSH637540897623799557System.Random
01:22:42.224    (INFO)     Trx.Start: **** ConnSH637540897623962680System.Random
01:22:42.224    (INFO)     Trx.Commit: **C** ConnSH637540897623962680System.Random
01:22:42.224    (INFO)     Trx.Start: **** ConnSH637540897624131705System.Random
01:22:42.224    (INFO)     Trx.Commit: **C** ConnSH637540897624131705System.Random
01:22:42.224    (INFO)     Trx.Start: **** ConnSH637540897624241003System.Random
01:22:42.224    (INFO)     Trx.Commit: **C** ConnSH637540897624241003System.Random
01:22:42.224    (INFO)     Trx.Start: **** ConnSH637540897624350990System.Random
01:22:42.224    (INFO)     Trx.Commit: **C** ConnSH637540897624350990System.Random
01:22:42.224    (INFO)     Trx.Start: **** ConnSH637540897625086439System.Random
01:22:42.224    (INFO)     Trx.Commit: **C** ConnSH637540897625086439System.Random
01:22:42.224    (INFO)     Trx.Start: **** ConnSH637540897625250481System.Random
01:22:42.224    (INFO)     Trx.Commit: **C** ConnSH637540897625250481System.Random
01:22:42.224    (INFO)     Trx.Start: **** ConnSH637540897625413135System.Random
01:22:42.224    (INFO)     Trx.Commit: **C** ConnSH637540897625413135System.Random
01:22:42.224    (INFO)     Trx.Start: **** ConnSH637540897626390739System.Random
01:22:42.224    (INFO)     Trx.Commit: **C** ConnSH637540897626390739System.Random
01:22:42.224    (INFO)     Trx.Start: **** ConnSH637540897626544469System.Random
01:22:42.224    (INFO)     Trx.Commit: **C** ConnSH637540897626544469System.Random
01:22:42.224    (INFO)     Trx.Start: **** ConnSH637540897626688504System.Random
01:22:42.224    (INFO)     Trx.Commit: **C** ConnSH637540897626688504System.Random
01:22:42.224    (INFO)     Trx.Start: **** ConnSH637540897626848515System.Random
01:22:42.224    (INFO)     Trx.Commit: **C** ConnSH637540897626848515System.Random
01:22:42.224    (INFO)     Trx.Start: **** ConnSH637540897627021252System.Random
01:22:42.224    (INFO)     Trx.Commit: **C** ConnSH637540897627021252System.Random
01:22:42.224    (INFO)     Trx.Start: **** ConnSH637540897627143922System.Random
01:22:42.224    (INFO)     Trx.Commit: **C** ConnSH637540897627143922System.Random
01:22:42.224    (INFO)     Trx.Start: **** ConnSH637540897627293992System.Random
01:22:42.224    (INFO)     Trx.Commit: **C** ConnSH637540897627293992System.Random
01:22:42.224    (INFO)     Trx.Start: **** ConnSH637540897627443874System.Random
01:22:42.224    (INFO)     Trx.Commit: **C** ConnSH637540897627443874System.Random
01:22:42.224    (INFO)     Trx.Start: **** ConnSH637540897627608263System.Random
01:22:42.224    (INFO)     Trx.Commit: **C** ConnSH637540897627608263System.Random
01:22:42.224    (INFO)     Trx.Start: **** ConnSH637540897627720933System.Random
01:22:42.224    (INFO)     Trx.Commit: **C** ConnSH637540897627720933System.Random
01:22:42.224    (INFO)     Trx.Start: **** ConnSH637540897627844096System.Random
01:22:42.224    (INFO)     Trx.Commit: **C** ConnSH637540897627844096System.Random
01:22:42.224    (INFO)     Trx.Start: **** ConnSH637540897628000989System.Random
01:22:42.224    (INFO)     Trx.Commit: **C** ConnSH637540897628000989System.Random
01:22:42.224    (INFO)     Trx.Start: **** ConnSH637540897628166898System.Random
01:22:42.224    (INFO)     Trx.Commit: **C** ConnSH637540897628166898System.Random
01:22:42.224    (INFO)     Trx.Start: **** ConnSH637540897628333215System.Random
01:22:42.224    (INFO)     Trx.Commit: **C** ConnSH637540897628333215System.Random
01:22:42.224    (INFO)     Trx.Start: **** ConnSH637540897628453192System.Random
01:22:42.224    (INFO)     Trx.Commit: **C** ConnSH637540897628453192System.Random
01:22:42.224    (INFO)     Trx.Start: **** ConnSH637540897628583171System.Random
01:22:42.224    (INFO)     Trx.Commit: **C** ConnSH637540897628583171System.Random
01:22:42.224    (INFO)     Trx.Start: **** ConnSH637540897628705804System.Random
01:22:42.224    (INFO)     Trx.Commit: **C** ConnSH637540897628705804System.Random
01:22:42.224    (INFO)     Trx.Start: **** ConnSH637540897628866057System.Random
01:22:42.224    (INFO)     Trx.Commit: **C** ConnSH637540897628866057System.Random
01:22:42.224    (INFO)     Trx.Start: **** ConnSH637540897629031322System.Random
01:22:42.224    (INFO)     Trx.Commit: **C** ConnSH637540897629031322System.Random
01:22:42.224    (INFO)     Trx.Start: **** ConnSH637540897629180096System.Random
01:22:42.224    (INFO)     Trx.Commit: **C** ConnSH637540897629180096System.Random
01:22:42.224    (INFO)     Trx.Start: **** ConnSH637540897629314469System.Random
01:22:42.224    (INFO)     Trx.Commit: **C** ConnSH637540897629314469System.Random
01:22:42.224    (INFO)     Trx.Start: **** ConnSH637540897629482984System.Random
01:22:42.224    (INFO)     Trx.Commit: **C** ConnSH637540897629482984System.Random
01:22:42.224    (INFO)     Trx.Start: **** ConnSH637540897629624823System.Random
01:22:42.224    (INFO)     Trx.Commit: **C** ConnSH637540897629624823System.Random
01:22:42.224    (INFO)     Trx.Start: **** ConnSH637540897629792045System.Random
01:22:42.224    (INFO)     Trx.Commit: **C** ConnSH637540897629792045System.Random
01:22:42.224    (INFO)     Trx.Start: **** ConnSH637540897629962409System.Random
01:22:43.224    (INFO)     Trx.Commit: **C** ConnSH637540897629962409System.Random
01:22:43.224    (INFO)     Trx.Start: **** ConnSH637540897630086769System.Random
01:22:43.224    (INFO)     Trx.Commit: **C** ConnSH637540897630086769System.Random
01:22:43.224    (INFO)     Trx.Start: **** ConnSH637540897630247019System.Random
01:22:43.224    (INFO)     Trx.Commit: **C** ConnSH637540897630247019System.Random
01:22:43.224    (INFO)     Trx.Start: **** ConnSH637540897630414752System.Random
01:22:43.224    (INFO)     Trx.Commit: **C** ConnSH637540897630414752System.Random
01:22:43.224    (INFO)     Trx.Start: **** ConnSH637540897630577659System.Random
01:22:43.224    (INFO)     Trx.Commit: **C** ConnSH637540897630577659System.Random
01:22:43.224    (INFO)     Trx.Start: **** ConnSH637540897630704519System.Random
01:22:43.224    (INFO)     Trx.Commit: **C** ConnSH637540897630704519System.Random
01:22:43.224    (INFO)     Trx.Start: **** ConnSH637540897630858486System.Random
01:22:43.224    (INFO)     Trx.Commit: **C** ConnSH637540897630858486System.Random
01:22:43.224    (INFO)     Trx.Start: **** ConnSH637540897630989489System.Random
01:22:43.224    (INFO)     Trx.Commit: **C** ConnSH637540897630989489System.Random
01:22:43.224    (INFO)     Trx.Start: **** ConnSH637540897631135565System.Random
01:22:43.224    (INFO)     Trx.Commit: **C** ConnSH637540897631135565System.Random
01:22:43.224    (INFO)     Trx.Start: **** ConnSH637540897631296958System.Random
01:22:43.224    (INFO)     Trx.Commit: **C** ConnSH637540897631296958System.Random
01:22:43.224    (INFO)     Trx.Start: **** ConnSH637540897631449321System.Random
01:22:43.224    (INFO)     Trx.Commit: **C** ConnSH637540897631449321System.Random
01:22:43.224    (INFO)     Trx.Start: **** ConnSH637540897631579590System.Random
01:22:43.224    (INFO)     Trx.Commit: **C** ConnSH637540897631579590System.Random
01:22:43.224    (INFO)     Trx.Start: **** ConnSH637540897631702872System.Random
01:22:43.224    (INFO)     Trx.Commit: **C** ConnSH637540897631702872System.Random
01:22:43.224    (INFO)     Trx.Start: **** ConnSH637540897631856622System.Random
01:22:43.224    (INFO)     Trx.Commit: **C** ConnSH637540897631856622System.Random
01:22:43.224    (INFO)     Trx.Start: **** ConnSH637540897631988309System.Random
01:22:43.224    (INFO)     Trx.Commit: **C** ConnSH637540897631988309System.Random
01:22:43.224    (INFO)     Trx.Start: **** ConnSH637540897632165619System.Random
01:22:43.224    (INFO)     Trx.Commit: **C** ConnSH637540897632165619System.Random
01:22:43.224    (INFO)     Trx.Start: **** ConnSH637540897632326573System.Random
01:22:43.224    (INFO)     Trx.Commit: **C** ConnSH637540897632326573System.Random
01:22:43.224    (INFO)     Trx.Start: **** ConnSH637540897632454858System.Random
01:22:43.224    (INFO)     Trx.Commit: **C** ConnSH637540897632454858System.Random
01:22:43.224    (INFO)     Trx.Start: **** ConnSH637540897632617451System.Random
01:22:43.224    (INFO)     Trx.Commit: **C** ConnSH637540897632617451System.Random
01:22:43.224    (INFO)     Trx.Start: **** ConnSH637540897632747971System.Random
01:22:43.224    (INFO)     Trx.Commit: **C** ConnSH637540897632747971System.Random
01:22:43.224    (INFO)     Trx.Start: **** ConnSH637540897632898921System.Random
01:22:43.224    (INFO)     Trx.Commit: **C** ConnSH637540897632898921System.Random
01:22:43.224    (INFO)     Trx.Start: **** ConnSH637540897633026669System.Random
01:22:43.224    (INFO)     Trx.Commit: **C** ConnSH637540897633026669System.Random
01:22:43.224    (INFO)     Trx.Start: **** ConnSH637540897633140732System.Random
01:22:43.224    (INFO)     Trx.Commit: **C** ConnSH637540897633140732System.Random
01:22:43.224    (INFO)     Trx.Start: **** ConnSH637540897633261695System.Random
01:22:43.224    (INFO)     Trx.Commit: **C** ConnSH637540897633261695System.Random
01:22:43.224    (INFO)     Trx.Start: **** ConnSH637540897633384753System.Random
01:22:43.224    (INFO)     Trx.Commit: **C** ConnSH637540897633384753System.Random
01:22:43.224    (INFO)     Trx.Start: **** ConnSH637540897633532919System.Random
01:22:43.224    (INFO)     Trx.Commit: **C** ConnSH637540897633532919System.Random
01:22:43.224    (INFO)     Trx.Start: **** ConnSH637540897633693026System.Random
01:22:43.224    (INFO)     Trx.Commit: **C** ConnSH637540897633693026System.Random
01:22:43.224    (INFO)     Trx.Start: **** ConnSH637540897633846413System.Random
01:22:43.224    (INFO)     Trx.Commit: **C** ConnSH637540897633846413System.Random
01:22:43.224    (INFO)     Trx.Start: **** ConnSH637540897634021636System.Random
01:22:43.224    (INFO)     Trx.Commit: **C** ConnSH637540897634021636System.Random
01:22:43.224    (INFO)     Trx.Start: **** ConnSH637540897634188341System.Random
01:22:43.224    (INFO)     Trx.Commit: **C** ConnSH637540897634188341System.Random
01:22:43.224    (INFO)     Trx.Start: **** ConnSH637540897634353763System.Random
01:22:43.224    (INFO)     Trx.Commit: **C** ConnSH637540897634353763System.Random
01:22:43.224    (INFO)     Trx.Start: **** ConnSH637540897634483807System.Random
01:22:43.224    (INFO)     Trx.Commit: **C** ConnSH637540897634483807System.Random
01:22:43.224    (INFO)     Trx.Start: **** ConnSH637540897634603799System.Random
01:22:43.224    (INFO)     Trx.Commit: **C** ConnSH637540897634603799System.Random
01:22:43.224    (INFO)     Trx.Start: **** ConnSH637540897634785781System.Random
01:22:43.224    (INFO)     Trx.Commit: **C** ConnSH637540897634785781System.Random
01:22:43.224    (INFO)     Trx.Start: **** ConnSH637540897634948503System.Random
01:22:43.224    (INFO)     Trx.Commit: **C** ConnSH637540897634948503System.Random
01:22:43.224    (INFO)     Trx.Start: **** ConnSH637540897635112828System.Random
01:22:43.224    (INFO)     Trx.Commit: **C** ConnSH637540897635112828System.Random
01:22:43.224    (INFO)     Trx.Start: **** ConnSH637540897635282827System.Random
01:22:43.224    (INFO)     Trx.Commit: **C** ConnSH637540897635282827System.Random
01:22:43.224    (INFO)     Trx.Start: **** ConnSH637540897635442451System.Random
01:22:43.224    (INFO)     Trx.Commit: **C** ConnSH637540897635442451System.Random
01:22:43.224    (INFO)     Trx.Start: **** ConnSH637540897635590038System.Random
01:22:43.224    (INFO)     Trx.Commit: **C** ConnSH637540897635590038System.Random
01:22:43.224    (INFO)     Trx.Start: **** ConnSH637540897635720306System.Random
01:22:43.224    (INFO)     Trx.Commit: **C** ConnSH637540897635720306System.Random
01:22:43.224    (INFO)     Trx.Start: **** ConnSH637540897635870475System.Random
01:22:43.224    (INFO)     Trx.Commit: **C** ConnSH637540897635870475System.Random
01:22:43.224    (INFO)     Trx.Start: **** ConnSH637540897636000162System.Random
01:22:43.224    (INFO)     Trx.Commit: **C** ConnSH637540897636000162System.Random
01:22:43.224    (INFO)     Trx.Start: **** ConnSH637540897636121113System.Random
01:22:43.224    (INFO)     Trx.Commit: **C** ConnSH637540897636121113System.Random
01:22:43.224    (INFO)     Trx.Start: **** ConnSH637540897636247859System.Random
01:22:43.224    (INFO)     Trx.Commit: **C** ConnSH637540897636247859System.Random
01:22:43.224    (INFO)     Trx.Start: **** ConnSH637540897636367866System.Random
01:22:43.224    (INFO)     Trx.Commit: **C** ConnSH637540897636367866System.Random
01:22:43.224    (INFO)     Trx.Start: **** ConnSH637540897636491652System.Random
01:22:43.224    (INFO)     Trx.Commit: **C** ConnSH637540897636491652System.Random
01:22:43.224    (INFO)     Trx.Start: **** ConnSH637540897636611695System.Random
01:22:43.224    (INFO)     Trx.Commit: **C** ConnSH637540897636611695System.Random
01:22:43.224    (INFO)     Trx.Start: **** ConnSH637540897636734012System.Random
01:22:43.224    (INFO)     Trx.Commit: **C** ConnSH637540897636734012System.Random
01:22:43.224    (INFO)     Trx.Start: **** ConnSH637540897636859502System.Random
01:22:43.224    (INFO)     Trx.Commit: **C** ConnSH637540897636859502System.Random
01:22:43.224    (INFO)     Trx.Start: **** ConnSH637540897636978643System.Random
01:22:43.224    (INFO)     Trx.Commit: **C** ConnSH637540897636978643System.Random
01:22:43.224    (INFO)     Trx.Start: **** ConnSH637540897637098633System.Random
01:22:43.224    (INFO)     Trx.Commit: **C** ConnSH637540897637098633System.Random
01:22:43.224    (INFO)     Trx.Start: **** ConnSH637540897637222726System.Random
01:22:43.224    (INFO)     Trx.Commit: **C** ConnSH637540897637222726System.Random
01:22:43.224    (INFO)     Trx.Start: **** ConnSH637540897637338701System.Random
01:22:43.224    (INFO)     Trx.Commit: **C** ConnSH637540897637338701System.Random
01:22:43.224    (INFO)     Trx.Start: **** ConnSH637540897637492182System.Random
01:22:43.224    (INFO)     Trx.Commit: **C** ConnSH637540897637492182System.Random
01:22:43.224    (INFO)     Trx.Start: **** ConnSH637540897637656672System.Random
01:22:43.224    (INFO)     Trx.Commit: **C** ConnSH637540897637656672System.Random
01:22:43.224    (INFO)     Trx.Start: **** ConnSH637540897637799453System.Random
01:22:43.224    (INFO)     Trx.Commit: **C** ConnSH637540897637799453System.Random
01:22:43.224    (INFO)     Trx.Start: **** ConnSH637540897637968364System.Random
01:22:43.224    (INFO)     Trx.Commit: **C** ConnSH637540897637968364System.Random
01:22:43.224    (INFO)     Trx.Start: **** ConnSH637540897638115981System.Random
01:22:43.224    (INFO)     Trx.Commit: **C** ConnSH637540897638115981System.Random
01:22:43.224    (INFO)     Trx.Start: **** ConnSH637540897638238089System.Random
01:22:43.224    (INFO)     Trx.Commit: **C** ConnSH637540897638238089System.Random
01:22:43.224    (INFO)     Trx.Start: **** ConnSH637540897638353435System.Random
01:22:43.224    (INFO)     Trx.Commit: **C** ConnSH637540897638353435System.Random
01:22:43.224    (INFO)     Trx.Start: **** ConnSH637540897639753226System.Random
01:22:43.224    (INFO)     Trx.Commit: **C** ConnSH637540897639753226System.Random
01:22:44.224    (INFO)     Trx.Start: **** ConnSH637540897640003681System.Random
01:22:44.224    (INFO)     Trx.Commit: **C** ConnSH637540897640003681System.Random
01:22:44.224    (INFO)     Trx.Start: **** ConnSH637540897640139188System.Random
01:22:44.224    (INFO)     Trx.Commit: **C** ConnSH637540897640139188System.Random
01:22:44.224    (INFO)     Trx.Start: **** ConnSH637540897640299561System.Random
01:22:44.224    (INFO)     Trx.Commit: **C** ConnSH637540897640299561System.Random
01:22:44.224    (INFO)     Trx.Start: **** ConnSH637540897640427130System.Random
01:22:44.224    (INFO)     Trx.Commit: **C** ConnSH637540897640427130System.Random
01:22:44.224    (INFO)     Trx.Start: **** ConnSH637540897640587128System.Random
01:22:44.224    (INFO)     Trx.Commit: **C** ConnSH637540897640587128System.Random
01:22:44.224    (INFO)     Trx.Start: **** ConnSH637540897640748809System.Random
01:22:44.224    (INFO)     Trx.Commit: **C** ConnSH637540897640748809System.Random
01:22:44.224    (INFO)     Trx.Start: **** ConnSH637540897640915380System.Random
01:22:44.224    (INFO)     Trx.Commit: **C** ConnSH637540897640915380System.Random
01:22:44.224    (INFO)     Trx.Start: **** ConnSH637540897641033406System.Random
01:22:44.224    (INFO)     Trx.Commit: **C** ConnSH637540897641033406System.Random
01:22:44.224    (INFO)     Trx.Start: **** ConnSH637540897641161400System.Random
01:22:44.224    (INFO)     Trx.Commit: **C** ConnSH637540897641161400System.Random
01:22:44.224    (INFO)     Trx.Start: **** ConnSH637540897641321851System.Random
01:22:44.224    (INFO)     Trx.Commit: **C** ConnSH637540897641321851System.Random
01:22:44.224    (INFO)     Trx.Start: **** ConnSH637540897641443778System.Random
01:22:44.224    (INFO)     Trx.Commit: **C** ConnSH637540897641443778System.Random
01:22:44.224    (INFO)     Trx.Start: **** ConnSH637540897641610057System.Random
01:22:44.224    (INFO)     Trx.Commit: **C** ConnSH637540897641610057System.Random
01:22:44.224    (INFO)     Trx.Start: **** ConnSH637540897641770059System.Random
01:22:44.224    (INFO)     Trx.Commit: **C** ConnSH637540897641770059System.Random
01:22:44.224    (INFO)     Trx.Start: **** ConnSH637540897641893404System.Random
01:22:44.224    (INFO)     Trx.Commit: **C** ConnSH637540897641893404System.Random
01:22:44.224    (INFO)     Trx.Start: **** ConnSH637540897642073442System.Random
01:22:44.224    (INFO)     Trx.Commit: **C** ConnSH637540897642073442System.Random
01:22:44.224    (INFO)     Trx.Start: **** ConnSH637540897642210304System.Random
01:22:44.224    (INFO)     Trx.Commit: **C** ConnSH637540897642210304System.Random
01:22:44.224    (INFO)     Trx.Start: **** ConnSH637540897642369939System.Random
01:22:44.224    (INFO)     Trx.Commit: **C** ConnSH637540897642369939System.Random
01:22:44.224    (INFO)     Trx.Start: **** ConnSH637540897642498979System.Random
01:22:44.224    (INFO)     Trx.Commit: **C** ConnSH637540897642498979System.Random
01:22:44.224    (INFO)     Trx.Start: **** ConnSH637540897642618984System.Random
01:22:44.224    (INFO)     Trx.Commit: **C** ConnSH637540897642618984System.Random
01:22:44.224    (INFO)     Trx.Start: **** ConnSH637540897642740072System.Random
01:22:44.224    (INFO)     Trx.Commit: **C** ConnSH637540897642740072System.Random
01:22:44.224    (INFO)     Trx.Start: **** ConnSH637540897642860097System.Random
01:22:44.224    (INFO)     Trx.Commit: **C** ConnSH637540897642860097System.Random
01:22:44.224    (INFO)     Trx.Start: **** ConnSH637540897642990095System.Random
01:22:44.224    (INFO)     Trx.Commit: **C** ConnSH637540897642990095System.Random
01:22:44.224    (INFO)     Trx.Start: **** ConnSH637540897643160103System.Random
01:22:44.224    (INFO)     Trx.Commit: **C** ConnSH637540897643160103System.Random
01:22:44.224    (INFO)     Trx.Start: **** ConnSH637540897643330528System.Random
01:22:44.224    (INFO)     Trx.Commit: **C** ConnSH637540897643330528System.Random
01:22:44.224    (INFO)     Trx.Start: **** ConnSH637540897643513602System.Random
01:22:44.224    (INFO)     Trx.Commit: **C** ConnSH637540897643513602System.Random
01:22:44.224    (INFO)     Trx.Start: **** ConnSH637540897643673597System.Random
01:22:44.224    (INFO)     Trx.Commit: **C** ConnSH637540897643673597System.Random
01:22:44.224    (INFO)     Trx.Start: **** ConnSH637540897643839686System.Random
01:22:44.224    (INFO)     Trx.Commit: **C** ConnSH637540897643839686System.Random
01:22:44.224    (INFO)     Trx.Start: **** ConnSH637540897643962426System.Random
01:22:44.224    (INFO)     Trx.Commit: **C** ConnSH637540897643962426System.Random
01:22:44.224    (INFO)     Trx.Start: **** ConnSH637540897644090311System.Random
01:22:44.224    (INFO)     Trx.Commit: **C** ConnSH637540897644090311System.Random
01:22:44.224    (INFO)     Trx.Start: **** ConnSH637540897644250248System.Random
01:22:44.224    (INFO)     Trx.Commit: **C** ConnSH637540897644250248System.Random
01:22:44.224    (INFO)     Trx.Start: **** ConnSH637540897644509794System.Random
01:22:44.224    (INFO)     Trx.Commit: **C** ConnSH637540897644509794System.Random
01:22:44.224    (INFO)     Trx.Start: **** ConnSH637540897644665688System.Random
01:22:44.224    (INFO)     Trx.Commit: **C** ConnSH637540897644665688System.Random
01:22:44.224    (INFO)     Trx.Start: **** ConnSH637540897644818610System.Random
01:22:44.224    (INFO)     Trx.Commit: **C** ConnSH637540897644818610System.Random
01:22:44.224    (INFO)     Trx.Start: **** ConnSH637540897644988591System.Random
01:22:44.224    (INFO)     Trx.Commit: **C** ConnSH637540897644988591System.Random
01:22:44.224    (INFO)     Trx.Start: **** ConnSH637540897645152822System.Random
01:22:44.224    (INFO)     Trx.Commit: **C** ConnSH637540897645152822System.Random
01:22:44.224    (INFO)     Trx.Start: **** ConnSH637540897645293407System.Random
01:22:44.224    (INFO)     Trx.Commit: **C** ConnSH637540897645293407System.Random
01:22:44.224    (INFO)     Trx.Start: **** ConnSH637540897645455874System.Random
01:22:44.224    (INFO)     Trx.Commit: **C** ConnSH637540897645455874System.Random
01:22:44.224    (INFO)     Trx.Start: **** ConnSH637540897645597221System.Random
01:22:44.224    (INFO)     Trx.Commit: **C** ConnSH637540897645597221System.Random
01:22:44.224    (INFO)     Trx.Start: **** ConnSH637540897645721564System.Random
01:22:44.224    (INFO)     Trx.Commit: **C** ConnSH637540897645721564System.Random
01:22:44.224    (INFO)     Trx.Start: **** ConnSH637540897645845480System.Random
01:22:44.224    (INFO)     Trx.Commit: **C** ConnSH637540897645845480System.Random
01:22:44.224    (INFO)     Trx.Start: **** ConnSH637540897646007629System.Random
01:22:44.224    (INFO)     Trx.Commit: **C** ConnSH637540897646007629System.Random
01:22:44.224    (INFO)     Trx.Start: **** ConnSH637540897646135349System.Random
01:22:44.224    (INFO)     Trx.Commit: **C** ConnSH637540897646135349System.Random
01:22:44.224    (INFO)     Trx.Start: **** ConnSH637540897646265937System.Random
01:22:44.224    (INFO)     Trx.Commit: **C** ConnSH637540897646265937System.Random
01:22:44.224    (INFO)     Trx.Start: **** ConnSH637540897646407625System.Random
01:22:44.224    (INFO)     Trx.Commit: **C** ConnSH637540897646407625System.Random
01:22:44.224    (INFO)     Trx.Start: **** ConnSH637540897646541096System.Random
01:22:44.224    (INFO)     Trx.Commit: **C** ConnSH637540897646541096System.Random
01:22:44.224    (INFO)     Trx.Start: **** ConnSH637540897647505631System.Random
01:22:44.224    (INFO)     Trx.Commit: **C** ConnSH637540897647505631System.Random
01:22:44.224    (INFO)     Trx.Start: **** ConnSH637540897647633554System.Random
01:22:44.224    (INFO)     Trx.Commit: **C** ConnSH637540897647633554System.Random
01:22:44.224    (INFO)     Trx.Start: **** ConnSH637540897647770064System.Random
01:22:44.224    (INFO)     Trx.Commit: **C** ConnSH637540897647770064System.Random
01:22:44.224    (INFO)     Trx.Start: **** ConnSH637540897647910831System.Random
01:22:44.224    (INFO)     Trx.Commit: **C** ConnSH637540897647910831System.Random
01:22:44.224    (INFO)     Trx.Start: **** ConnSH637540897648063630System.Random
01:22:44.224    (INFO)     Trx.Commit: **C** ConnSH637540897648063630System.Random
01:22:44.224    (INFO)     Trx.Start: **** ConnSH637540897648239084System.Random
01:22:44.224    (INFO)     Trx.Commit: **C** ConnSH637540897648239084System.Random
01:22:44.224    (INFO)     Trx.Start: **** ConnSH637540897648395593System.Random
01:22:44.224    (INFO)     Trx.Commit: **C** ConnSH637540897648395593System.Random
01:22:44.224    (INFO)     Trx.Start: **** ConnSH637540897648555555System.Random
01:22:44.224    (INFO)     Trx.Commit: **C** ConnSH637540897648555555System.Random
01:22:44.224    (INFO)     Trx.Start: **** ConnSH637540897648712210System.Random
01:22:44.224    (INFO)     Trx.Commit: **C** ConnSH637540897648712210System.Random
01:22:44.224    (INFO)     Trx.Start: **** ConnSH637540897648862212System.Random
01:22:44.224    (INFO)     Trx.Commit: **C** ConnSH637540897648862212System.Random
01:22:44.224    (INFO)     Trx.Start: **** ConnSH637540897649032175System.Random
01:22:44.224    (INFO)     Trx.Commit: **C** ConnSH637540897649032175System.Random
01:22:45.224    (INFO)     Trx.Start: **** ConnSH637540897651053241System.Random
01:22:45.224    (INFO)     Trx.Commit: **C** ConnSH637540897651053241System.Random
01:22:45.224    (INFO)     Trx.Start: **** ConnSH637540897651286336System.Random
01:22:45.224    (INFO)     Trx.Commit: **C** ConnSH637540897651286336System.Random
01:22:45.224    (INFO)     Trx.Start: **** ConnSH637540897651464765System.Random
01:22:45.224    (INFO)     Trx.Commit: **C** ConnSH637540897651464765System.Random
01:22:45.224    (INFO)     Trx.Start: **** ConnSH637540897651638648System.Random
01:22:45.224    (INFO)     Trx.Commit: **C** ConnSH637540897651638648System.Random
01:22:45.224    (INFO)     Trx.Start: **** ConnSH637540897651795389System.Random
01:22:45.224    (INFO)     Trx.Commit: **C** ConnSH637540897651795389System.Random
01:22:45.224    (INFO)     Trx.Start: **** ConnSH637540897651917697System.Random
01:22:45.224    (INFO)     Trx.Commit: **C** ConnSH637540897651917697System.Random
01:22:45.224    (INFO)     Trx.Start: **** ConnSH637540897652071654System.Random
01:22:45.224    (INFO)     Trx.Commit: **C** ConnSH637540897652071654System.Random
01:22:45.224    (INFO)     Trx.Start: **** ConnSH637540897652192742System.Random
01:22:45.224    (INFO)     Trx.Commit: **C** ConnSH637540897652192742System.Random
01:22:45.224    (INFO)     Trx.Start: **** ConnSH637540897652323872System.Random
01:22:45.224    (INFO)     Trx.Commit: **C** ConnSH637540897652323872System.Random
01:22:45.224    (INFO)     Trx.Start: **** ConnSH637540897652457791System.Random
01:22:45.224    (INFO)     Trx.Commit: **C** ConnSH637540897652457791System.Random
01:22:45.224    (INFO)     Trx.Start: **** ConnSH637540897652587716System.Random
01:22:45.224    (INFO)     Trx.Commit: **C** ConnSH637540897652587716System.Random
01:22:45.224    (INFO)     Trx.Start: **** ConnSH637540897652705369System.Random
01:22:45.224    (INFO)     Trx.Commit: **C** ConnSH637540897652705369System.Random
01:22:45.224    (INFO)     Trx.Start: **** ConnSH637540897652828065System.Random
01:22:45.224    (INFO)     Trx.Commit: **C** ConnSH637540897652828065System.Random
01:22:45.224    (INFO)     Trx.Start: **** ConnSH637540897652957587System.Random
01:22:45.224    (INFO)     Trx.Commit: **C** ConnSH637540897652957587System.Random
01:22:45.224    (INFO)     Trx.Start: **** ConnSH637540897653088199System.Random
01:22:45.224    (INFO)     Trx.Commit: **C** ConnSH637540897653088199System.Random
01:22:45.224    (INFO)     Trx.Start: **** ConnSH637540897653222777System.Random
01:22:45.224    (INFO)     Trx.Commit: **C** ConnSH637540897653222777System.Random
01:22:45.224    (INFO)     Trx.Start: **** ConnSH637540897653355908System.Random
01:22:45.224    (INFO)     Trx.Commit: **C** ConnSH637540897653355908System.Random
01:22:45.224    (INFO)     Trx.Start: **** ConnSH637540897653484793System.Random
01:22:45.224    (INFO)     Trx.Commit: **C** ConnSH637540897653484793System.Random
01:22:45.224    (INFO)     Trx.Start: **** ConnSH637540897653614796System.Random
01:22:45.224    (INFO)     Trx.Commit: **C** ConnSH637540897653614796System.Random
01:22:45.224    (INFO)     Trx.Start: **** ConnSH637540897653774797System.Random
01:22:45.224    (INFO)     Trx.Commit: **C** ConnSH637540897653774797System.Random
01:22:45.224    (INFO)     Trx.Start: **** ConnSH637540897653930398System.Random
01:22:45.224    (INFO)     Trx.Commit: **C** ConnSH637540897653930398System.Random
01:22:45.224    (INFO)     Trx.Start: **** ConnSH637540897654086448System.Random
01:22:45.224    (INFO)     Trx.Commit: **C** ConnSH637540897654086448System.Random
01:22:45.224    (INFO)     Trx.Start: **** ConnSH637540897654285479System.Random
01:22:45.224    (INFO)     Trx.Commit: **C** ConnSH637540897654285479System.Random
01:22:45.224    (INFO)     Trx.Start: **** ConnSH637540897654462513System.Random
01:22:45.224    (INFO)     Trx.Commit: **C** ConnSH637540897654462513System.Random
01:22:45.224    (INFO)     Trx.Start: **** ConnSH637540897654592513System.Random
01:22:45.224    (INFO)     Trx.Commit: **C** ConnSH637540897654592513System.Random
===========>     (SEVERE)   CalculatePenalties.StartProcess: Index was out of range. Must be non-negative and less than the size of the collection.
Parameter name: index
01:24:04.244    (INFO)     CacheMgt.Reset: AD_Process: #1 (1)
01:24:12.241    (INFO)     MRole.Get: AD_Role_ID=0, AD_User_ID=100, reload=True
01:24:12.241    (INFO)     MRole.Get: MRole[0,System Administrator,UserLevel=S  ,AD_Client_ID=0,AD_Org_ID=0]
01:24:12.241    (INFO)     MTree.Load: AD_Tree_ID=121, AD_User_ID=100, Editable=False, OnClient=True
01:24:12.241    (INFO)     Trx.Start: **** ConnSH637540898529500923System.Random
01:24:12.241    (INFO)     Trx.Commit: **C** ConnSH637540898529500923System.Random
----------->     (WARNING)  AccessSqlParser.GetTableInfo: More than one FROM clause - SELECT AppointmentsInfo.Appointmentsinfo_id AS ID,AppointmentsInfo.AD_Client_ID,AppointmentsInfo.AD_Org_ID  FROM AppointmentsInfo JOIN AD_User ON AD_User.AD_User_ID =AppointmentsInfo.CreatedBy WHERE AppointmentsInfo.IsRead='N' AND AppointmentsInfo.istask ='N'  AND AppointmentsInfo.AD_User_ID  = 100  UNION SELECT AppointmentsInfo.Appointmentsinfo_id AS ID, AppointmentsInfo.AD_Client_ID,AppointmentsInfo.AD_Org_ID FROM AppointmentsInfo  JOIN AD_User ON AD_User.AD_User_ID = AppointmentsInfo.CreatedBy  WHERE (AppointmentsInfo.IsRead ='Y'   AND AppointmentsInfo.AD_User_ID = 100 )  AND AppointmentsInfo.istask ='N'  AND AppointmentsInfo.startDate BETWEEN to_date('4/14/21','mm/dd/yy') and to_date('4/22/21 23.59','mm/dd/yy HH24:MI')   OR  to_date('4/15/21','mm/dd/yy')  BETWEEN  AppointmentsInfo.startDate  AND AppointmentsInfo.endDate  AND  AppointmentsInfo.CreatedBy  !=100 AND AppointmentsInfo.AD_User_ID  = 100)
----------->     (WARNING)  AccessSqlParser.GetTableInfo: Could not remove ON AppointmentsInfo JOIN AD_User ON AD_User.AD_User_ID =AppointmentsInfo.CreatedBy
01:24:17.241    (INFO)     Trx.Start: **** ConnSH637540898572236556System.Random
01:24:17.241    (INFO)     Trx.Commit: **C** ConnSH637540898572236556System.Random
01:24:22.242    (INFO)     Trx.Start: **** ConnSH637540898626074336System.Random
01:24:22.242    (INFO)     Trx.Commit: **C** ConnSH637540898626074336System.Random
01:24:23.242    (INFO)     Trx.Start: **** ConnSH637540898639875020System.Random
01:24:23.242    (INFO)     Trx.Commit: **C** ConnSH637540898639875020System.Random
01:24:25.242    (INFO)     Trx.Start: **** ConnSH637540898653039204System.Random
01:24:25.242    (INFO)     Trx.Commit: **C** ConnSH637540898653039204System.Random
01:25:53.255    (INFO)     Trx.Start: **** ConnSH637540899535607670System.Random
01:25:53.255    (INFO)     Trx.Commit: **C** ConnSH637540899535607670System.Random
01:25:53.255    (INFO)     Trx.Start: **** ConnSH637540899535747678System.Random
01:25:53.255    (INFO)     Trx.Commit: **C** ConnSH637540899535747678System.Random
01:25:53.255    (INFO)     Trx.Start: **** ConnSH637540899536168020System.Random
01:25:53.255    (INFO)     Trx.Commit: **C** ConnSH637540899536168020System.Random
01:25:53.255    (INFO)     Trx.Start: **** ConnSH637540899536277663System.Random
01:25:53.255    (INFO)     Trx.Commit: **C** ConnSH637540899536277663System.Random
01:25:53.255    (INFO)     Trx.Start: **** ConnSH637540899536377663System.Random
01:25:53.255    (INFO)     Trx.Commit: **C** ConnSH637540899536377663System.Random
01:25:53.255    (INFO)     Trx.Start: **** ConnSH637540899536478060System.Random
01:25:53.255    (INFO)     Trx.Commit: **C** ConnSH637540899536478060System.Random
01:25:53.255    (INFO)     Trx.Start: **** ConnSH637540899536638105System.Random
01:25:53.255    (INFO)     Trx.Commit: **C** ConnSH637540899536638105System.Random
01:25:53.255    (INFO)     Trx.Start: **** ConnSH637540899536807687System.Random
01:25:53.255    (INFO)     Trx.Commit: **C** ConnSH637540899536807687System.Random
01:25:53.255    (INFO)     Trx.Start: **** ConnSH637540899536997674System.Random
01:25:53.255    (INFO)     Trx.Commit: **C** ConnSH637540899536997674System.Random
01:25:53.255    (INFO)     Trx.Start: **** ConnSH637540899537177810System.Random
01:25:53.255    (INFO)     Trx.Commit: **C** ConnSH637540899537177810System.Random
01:25:53.255    (INFO)     Trx.Start: **** ConnSH637540899537317666System.Random
01:25:53.255    (INFO)     Trx.Commit: **C** ConnSH637540899537317666System.Random
01:25:53.255    (INFO)     Trx.Start: **** ConnSH637540899537447656System.Random
01:25:53.255    (INFO)     Trx.Commit: **C** ConnSH637540899537447656System.Random
01:25:53.255    (INFO)     Trx.Start: **** ConnSH637540899537577713System.Random
01:25:53.255    (INFO)     Trx.Commit: **C** ConnSH637540899537577713System.Random
01:25:53.255    (INFO)     Trx.Start: **** ConnSH637540899537737698System.Random
01:25:53.255    (INFO)     Trx.Commit: **C** ConnSH637540899537737698System.Random
01:25:53.255    (INFO)     Trx.Start: **** ConnSH637540899537918054System.Random
01:25:53.255    (INFO)     Trx.Commit: **C** ConnSH637540899537918054System.Random
01:25:53.255    (INFO)     Trx.Start: **** ConnSH637540899538077753System.Random
01:25:53.255    (INFO)     Trx.Commit: **C** ConnSH637540899538077753System.Random
01:25:53.255    (INFO)     Trx.Start: **** ConnSH637540899538267682System.Random
01:25:53.255    (INFO)     Trx.Commit: **C** ConnSH637540899538267682System.Random
01:25:53.255    (INFO)     Trx.Start: **** ConnSH637540899539457665System.Random
01:25:53.255    (INFO)     Trx.Commit: **C** ConnSH637540899539457665System.Random
01:25:53.255    (INFO)     Trx.Start: **** ConnSH637540899539597669System.Random
01:25:53.255    (INFO)     Trx.Commit: **C** ConnSH637540899539597669System.Random
01:25:53.255    (INFO)     Trx.Start: **** ConnSH637540899539717655System.Random
01:25:53.255    (INFO)     Trx.Commit: **C** ConnSH637540899539717655System.Random
01:25:53.255    (INFO)     Trx.Start: **** ConnSH637540899539837667System.Random
01:25:53.255    (INFO)     Trx.Commit: **C** ConnSH637540899539837667System.Random
01:25:53.255    (INFO)     Trx.Start: **** ConnSH637540899539997667System.Random
01:25:54.255    (INFO)     Trx.Commit: **C** ConnSH637540899539997667System.Random
01:25:54.255    (INFO)     Trx.Start: **** ConnSH637540899540157667System.Random
01:25:54.255    (INFO)     Trx.Commit: **C** ConnSH637540899540157667System.Random
01:25:54.255    (INFO)     Trx.Start: **** ConnSH637540899540317668System.Random
01:25:54.255    (INFO)     Trx.Commit: **C** ConnSH637540899540317668System.Random
01:25:54.255    (INFO)     Trx.Start: **** ConnSH637540899540437661System.Random
01:25:54.255    (INFO)     Trx.Commit: **C** ConnSH637540899540437661System.Random
01:25:54.255    (INFO)     Trx.Start: **** ConnSH637540899540587645System.Random
01:25:54.255    (INFO)     Trx.Commit: **C** ConnSH637540899540587645System.Random
01:25:54.255    (INFO)     Trx.Start: **** ConnSH637540899540747656System.Random
01:25:54.255    (INFO)     Trx.Commit: **C** ConnSH637540899540747656System.Random
01:25:54.255    (INFO)     Trx.Start: **** ConnSH637540899540877662System.Random
01:25:54.255    (INFO)     Trx.Commit: **C** ConnSH637540899540877662System.Random
01:25:54.255    (INFO)     Trx.Start: **** ConnSH637540899541028017System.Random
01:25:54.255    (INFO)     Trx.Commit: **C** ConnSH637540899541028017System.Random
01:25:54.255    (INFO)     Trx.Start: **** ConnSH637540899541178011System.Random
01:25:54.255    (INFO)     Trx.Commit: **C** ConnSH637540899541178011System.Random
01:25:54.255    (INFO)     Trx.Start: **** ConnSH637540899541337704System.Random
01:25:54.255    (INFO)     Trx.Commit: **C** ConnSH637540899541337704System.Random
01:25:54.255    (INFO)     Trx.Start: **** ConnSH637540899541487703System.Random
01:25:54.255    (INFO)     Trx.Commit: **C** ConnSH637540899541487703System.Random
01:25:54.255    (INFO)     Trx.Start: **** ConnSH637540899541628020System.Random
01:25:54.255    (INFO)     Trx.Commit: **C** ConnSH637540899541628020System.Random
01:25:54.255    (INFO)     Trx.Start: **** ConnSH637540899541748014System.Random
01:25:54.255    (INFO)     Trx.Commit: **C** ConnSH637540899541748014System.Random
01:25:54.255    (INFO)     Trx.Start: **** ConnSH637540899541897707System.Random
01:25:54.255    (INFO)     Trx.Commit: **C** ConnSH637540899541897707System.Random
01:25:54.255    (INFO)     Trx.Start: **** ConnSH637540899542058087System.Random
01:25:54.255    (INFO)     Trx.Commit: **C** ConnSH637540899542058087System.Random
01:25:54.255    (INFO)     Trx.Start: **** ConnSH637540899542177652System.Random
01:25:54.255    (INFO)     Trx.Commit: **C** ConnSH637540899542177652System.Random
01:25:54.255    (INFO)     Trx.Start: **** ConnSH637540899542338010System.Random
01:25:54.255    (INFO)     Trx.Commit: **C** ConnSH637540899542338010System.Random
01:25:54.255    (INFO)     Trx.Start: **** ConnSH637540899542497988System.Random
01:25:54.255    (INFO)     Trx.Commit: **C** ConnSH637540899542497988System.Random
01:25:54.255    (INFO)     Trx.Start: **** ConnSH637540899542647664System.Random
01:25:54.255    (INFO)     Trx.Commit: **C** ConnSH637540899542647664System.Random
01:25:54.255    (INFO)     Trx.Start: **** ConnSH637540899542767665System.Random
01:25:54.255    (INFO)     Trx.Commit: **C** ConnSH637540899542767665System.Random
01:25:54.255    (INFO)     Trx.Start: **** ConnSH637540899542887663System.Random
01:25:54.255    (INFO)     Trx.Commit: **C** ConnSH637540899542887663System.Random
01:25:54.255    (INFO)     Trx.Start: **** ConnSH637540899543038043System.Random
01:25:54.255    (INFO)     Trx.Commit: **C** ConnSH637540899543038043System.Random
01:25:54.255    (INFO)     Trx.Start: **** ConnSH637540899543188014System.Random
01:25:54.255    (INFO)     Trx.Commit: **C** ConnSH637540899543188014System.Random
01:25:54.255    (INFO)     Trx.Start: **** ConnSH637540899543347665System.Random
01:25:54.255    (INFO)     Trx.Commit: **C** ConnSH637540899543347665System.Random
01:25:54.255    (INFO)     Trx.Start: **** ConnSH637540899543467664System.Random
01:25:54.255    (INFO)     Trx.Commit: **C** ConnSH637540899543467664System.Random
01:25:54.255    (INFO)     Trx.Start: **** ConnSH637540899543578011System.Random
01:25:54.255    (INFO)     Trx.Commit: **C** ConnSH637540899543578011System.Random
01:25:54.255    (INFO)     Trx.Start: **** ConnSH637540899543688009System.Random
01:25:54.255    (INFO)     Trx.Commit: **C** ConnSH637540899543688009System.Random
01:25:54.255    (INFO)     Trx.Start: **** ConnSH637540899543847663System.Random
01:25:54.255    (INFO)     Trx.Commit: **C** ConnSH637540899543847663System.Random
01:25:54.255    (INFO)     Trx.Start: **** ConnSH637540899544017708System.Random
01:25:54.255    (INFO)     Trx.Commit: **C** ConnSH637540899544017708System.Random
01:25:54.255    (INFO)     Trx.Start: **** ConnSH637540899544167663System.Random
01:25:54.255    (INFO)     Trx.Commit: **C** ConnSH637540899544167663System.Random
01:25:54.255    (INFO)     Trx.Start: **** ConnSH637540899544287666System.Random
01:25:54.255    (INFO)     Trx.Commit: **C** ConnSH637540899544287666System.Random
01:25:54.255    (INFO)     Trx.Start: **** ConnSH637540899544447688System.Random
01:25:54.255    (INFO)     Trx.Commit: **C** ConnSH637540899544447688System.Random
01:25:54.255    (INFO)     Trx.Start: **** ConnSH637540899544588138System.Random
01:25:54.255    (INFO)     Trx.Commit: **C** ConnSH637540899544588138System.Random
01:25:54.255    (INFO)     Trx.Start: **** ConnSH637540899544738003System.Random
01:25:54.255    (INFO)     Trx.Commit: **C** ConnSH637540899544738003System.Random
01:25:54.255    (INFO)     Trx.Start: **** ConnSH637540899544878053System.Random
01:25:54.255    (INFO)     Trx.Commit: **C** ConnSH637540899544878053System.Random
01:25:54.255    (INFO)     Trx.Start: **** ConnSH637540899545007992System.Random
01:25:54.255    (INFO)     Trx.Commit: **C** ConnSH637540899545007992System.Random
01:25:54.255    (INFO)     Trx.Start: **** ConnSH637540899545167657System.Random
01:25:54.255    (INFO)     Trx.Commit: **C** ConnSH637540899545167657System.Random
01:25:54.255    (INFO)     Trx.Start: **** ConnSH637540899545317665System.Random
01:25:54.255    (INFO)     Trx.Commit: **C** ConnSH637540899545317665System.Random
01:25:54.255    (INFO)     Trx.Start: **** ConnSH637540899545467670System.Random
01:25:54.255    (INFO)     Trx.Commit: **C** ConnSH637540899545467670System.Random
01:25:54.255    (INFO)     Trx.Start: **** ConnSH637540899545587664System.Random
01:25:54.255    (INFO)     Trx.Commit: **C** ConnSH637540899545587664System.Random
01:25:54.255    (INFO)     Trx.Start: **** ConnSH637540899545747672System.Random
01:25:54.255    (INFO)     Trx.Commit: **C** ConnSH637540899545747672System.Random
01:25:54.255    (INFO)     Trx.Start: **** ConnSH637540899545877664System.Random
01:25:54.255    (INFO)     Trx.Commit: **C** ConnSH637540899545877664System.Random
01:25:54.255    (INFO)     Trx.Start: **** ConnSH637540899546027675System.Random
01:25:54.255    (INFO)     Trx.Commit: **C** ConnSH637540899546027675System.Random
01:25:54.255    (INFO)     Trx.Start: **** ConnSH637540899546177686System.Random
01:25:54.255    (INFO)     Trx.Commit: **C** ConnSH637540899546177686System.Random
01:25:54.255    (INFO)     Trx.Start: **** ConnSH637540899546357689System.Random
01:25:54.255    (INFO)     Trx.Commit: **C** ConnSH637540899546357689System.Random
01:25:54.255    (INFO)     Trx.Start: **** ConnSH637540899546478048System.Random
01:25:54.255    (INFO)     Trx.Commit: **C** ConnSH637540899546478048System.Random
01:25:54.255    (INFO)     Trx.Start: **** ConnSH637540899546608106System.Random
01:25:54.255    (INFO)     Trx.Commit: **C** ConnSH637540899546608106System.Random
01:25:54.255    (INFO)     Trx.Start: **** ConnSH637540899546758049System.Random
01:25:54.255    (INFO)     Trx.Commit: **C** ConnSH637540899546758049System.Random
01:25:54.255    (INFO)     Trx.Start: **** ConnSH637540899546868013System.Random
01:25:54.255    (INFO)     Trx.Commit: **C** ConnSH637540899546868013System.Random
01:25:54.255    (INFO)     Trx.Start: **** ConnSH637540899547028006System.Random
01:25:54.255    (INFO)     Trx.Commit: **C** ConnSH637540899547028006System.Random
01:25:54.255    (INFO)     Trx.Start: **** ConnSH637540899547178011System.Random
01:25:54.255    (INFO)     Trx.Commit: **C** ConnSH637540899547178011System.Random
01:25:54.255    (INFO)     Trx.Start: **** ConnSH637540899547298011System.Random
01:25:54.255    (INFO)     Trx.Commit: **C** ConnSH637540899547298011System.Random
01:25:54.255    (INFO)     Trx.Start: **** ConnSH637540899547448046System.Random
01:25:54.255    (INFO)     Trx.Commit: **C** ConnSH637540899547448046System.Random
01:25:54.255    (INFO)     Trx.Start: **** ConnSH637540899547567667System.Random
01:25:54.255    (INFO)     Trx.Commit: **C** ConnSH637540899547567667System.Random
01:25:54.255    (INFO)     Trx.Start: **** ConnSH637540899547727658System.Random
01:25:54.255    (INFO)     Trx.Commit: **C** ConnSH637540899547727658System.Random
01:25:54.255    (INFO)     Trx.Start: **** ConnSH637540899547848019System.Random
01:25:54.255    (INFO)     Trx.Commit: **C** ConnSH637540899547848019System.Random
01:25:54.255    (INFO)     Trx.Start: **** ConnSH637540899547957664System.Random
01:25:54.255    (INFO)     Trx.Commit: **C** ConnSH637540899547957664System.Random
01:25:54.255    (INFO)     Trx.Start: **** ConnSH637540899548077665System.Random
01:25:54.255    (INFO)     Trx.Commit: **C** ConnSH637540899548077665System.Random
01:25:54.255    (INFO)     Trx.Start: **** ConnSH637540899548198039System.Random
01:25:54.255    (INFO)     Trx.Commit: **C** ConnSH637540899548198039System.Random
01:25:54.255    (INFO)     Trx.Start: **** ConnSH637540899548318030System.Random
01:25:54.255    (INFO)     Trx.Commit: **C** ConnSH637540899548318030System.Random
01:25:54.255    (INFO)     Trx.Start: **** ConnSH637540899548477666System.Random
01:25:54.255    (INFO)     Trx.Commit: **C** ConnSH637540899548477666System.Random
01:25:54.255    (INFO)     Trx.Start: **** ConnSH637540899548628042System.Random
01:25:54.255    (INFO)     Trx.Commit: **C** ConnSH637540899548628042System.Random
01:25:54.255    (INFO)     Trx.Start: **** ConnSH637540899548778110System.Random
01:25:54.255    (INFO)     Trx.Commit: **C** ConnSH637540899548778110System.Random
01:25:54.255    (INFO)     Trx.Start: **** ConnSH637540899548927661System.Random
01:25:54.255    (INFO)     Trx.Commit: **C** ConnSH637540899548927661System.Random
01:25:54.255    (INFO)     Trx.Start: **** ConnSH637540899549088054System.Random
01:25:54.255    (INFO)     Trx.Commit: **C** ConnSH637540899549088054System.Random
01:25:54.255    (INFO)     Trx.Start: **** ConnSH637540899549208040System.Random
01:25:54.255    (INFO)     Trx.Commit: **C** ConnSH637540899549208040System.Random
01:25:54.255    (INFO)     Trx.Start: **** ConnSH637540899549327666System.Random
01:25:54.255    (INFO)     Trx.Commit: **C** ConnSH637540899549327666System.Random
01:25:54.255    (INFO)     Trx.Start: **** ConnSH637540899549477702System.Random
01:25:54.255    (INFO)     Trx.Commit: **C** ConnSH637540899549477702System.Random
01:25:54.255    (INFO)     Trx.Start: **** ConnSH637540899549628046System.Random
01:25:54.255    (INFO)     Trx.Commit: **C** ConnSH637540899549628046System.Random
01:25:54.255    (INFO)     Trx.Start: **** ConnSH637540899549788032System.Random
01:25:54.255    (INFO)     Trx.Commit: **C** ConnSH637540899549788032System.Random
01:25:54.255    (INFO)     Trx.Start: **** ConnSH637540899549937662System.Random
01:25:54.255    (INFO)     Trx.Commit: **C** ConnSH637540899549937662System.Random
01:25:55.255    (INFO)     Trx.Start: **** ConnSH637540899550097661System.Random
01:25:55.255    (INFO)     Trx.Commit: **C** ConnSH637540899550097661System.Random
01:25:55.255    (INFO)     Trx.Start: **** ConnSH637540899550247681System.Random
01:25:55.255    (INFO)     Trx.Commit: **C** ConnSH637540899550247681System.Random
01:25:55.255    (INFO)     Trx.Start: **** ConnSH637540899550367663System.Random
01:25:55.255    (INFO)     Trx.Commit: **C** ConnSH637540899550367663System.Random
01:25:55.255    (INFO)     Trx.Start: **** ConnSH637540899550518132System.Random
01:25:55.255    (INFO)     Trx.Commit: **C** ConnSH637540899550518132System.Random
01:25:55.255    (INFO)     Trx.Start: **** ConnSH637540899550638047System.Random
01:25:55.255    (INFO)     Trx.Commit: **C** ConnSH637540899550638047System.Random
01:25:55.255    (INFO)     Trx.Start: **** ConnSH637540899550758035System.Random
01:25:55.255    (INFO)     Trx.Commit: **C** ConnSH637540899550758035System.Random
01:25:55.255    (INFO)     Trx.Start: **** ConnSH637540899550887656System.Random
01:25:55.255    (INFO)     Trx.Commit: **C** ConnSH637540899550887656System.Random
01:25:55.255    (INFO)     Trx.Start: **** ConnSH637540899551007702System.Random
01:25:55.255    (INFO)     Trx.Commit: **C** ConnSH637540899551007702System.Random
01:25:55.255    (INFO)     Trx.Start: **** ConnSH637540899551117698System.Random
01:25:55.255    (INFO)     Trx.Commit: **C** ConnSH637540899551117698System.Random
01:25:55.255    (INFO)     Trx.Start: **** ConnSH637540899551237705System.Random
01:25:55.255    (INFO)     Trx.Commit: **C** ConnSH637540899551237705System.Random
01:25:55.255    (INFO)     Trx.Start: **** ConnSH637540899551358154System.Random
01:25:55.255    (INFO)     Trx.Commit: **C** ConnSH637540899551358154System.Random
01:25:55.255    (INFO)     Trx.Start: **** ConnSH637540899551488033System.Random
01:25:55.255    (INFO)     Trx.Commit: **C** ConnSH637540899551488033System.Random
01:25:55.255    (INFO)     Trx.Start: **** ConnSH637540899551598037System.Random
01:25:55.255    (INFO)     Trx.Commit: **C** ConnSH637540899551598037System.Random
01:25:55.255    (INFO)     Trx.Start: **** ConnSH637540899551717986System.Random
01:25:55.255    (INFO)     Trx.Commit: **C** ConnSH637540899551717986System.Random
01:25:55.255    (INFO)     Trx.Start: **** ConnSH637540899552667653System.Random
01:25:55.255    (INFO)     Trx.Commit: **C** ConnSH637540899552667653System.Random
01:25:55.255    (INFO)     Trx.Start: **** ConnSH637540899552787650System.Random
01:25:55.255    (INFO)     Trx.Commit: **C** ConnSH637540899552787650System.Random
01:25:55.255    (INFO)     Trx.Start: **** ConnSH637540899552967659System.Random
01:25:55.255    (INFO)     Trx.Commit: **C** ConnSH637540899552967659System.Random
01:25:55.255    (INFO)     Trx.Start: **** ConnSH637540899553127650System.Random
01:25:55.255    (INFO)     Trx.Commit: **C** ConnSH637540899553127650System.Random
01:25:55.255    (INFO)     Trx.Start: **** ConnSH637540899553288006System.Random
01:25:55.255    (INFO)     Trx.Commit: **C** ConnSH637540899553288006System.Random
01:25:55.255    (INFO)     Trx.Start: **** ConnSH637540899553438019System.Random
01:25:55.255    (INFO)     Trx.Commit: **C** ConnSH637540899553438019System.Random
01:25:55.255    (INFO)     Trx.Start: **** ConnSH637540899553597670System.Random
01:25:55.255    (INFO)     Trx.Commit: **C** ConnSH637540899553597670System.Random
01:25:55.255    (INFO)     Trx.Start: **** ConnSH637540899553707983System.Random
01:25:55.255    (INFO)     Trx.Commit: **C** ConnSH637540899553707983System.Random
01:25:55.255    (INFO)     Trx.Start: **** ConnSH637540899553818040System.Random
01:25:55.255    (INFO)     Trx.Commit: **C** ConnSH637540899553818040System.Random
01:25:55.255    (INFO)     Trx.Start: **** ConnSH637540899554458080System.Random
01:25:55.255    (INFO)     Trx.Commit: **C** ConnSH637540899554458080System.Random
01:25:55.255    (INFO)     Trx.Start: **** ConnSH637540899554618035System.Random
01:25:55.255    (INFO)     Trx.Commit: **C** ConnSH637540899554618035System.Random
01:25:55.255    (INFO)     Trx.Start: **** ConnSH637540899554768009System.Random
01:25:55.255    (INFO)     Trx.Commit: **C** ConnSH637540899554768009System.Random
01:25:55.255    (INFO)     Trx.Start: **** ConnSH637540899554927685System.Random
01:25:55.255    (INFO)     Trx.Commit: **C** ConnSH637540899554927685System.Random
01:25:55.255    (INFO)     Trx.Start: **** ConnSH637540899555117970System.Random
01:25:55.255    (INFO)     Trx.Commit: **C** ConnSH637540899555117970System.Random
01:25:55.255    (INFO)     Trx.Start: **** ConnSH637540899555248011System.Random
01:25:55.255    (INFO)     Trx.Commit: **C** ConnSH637540899555248011System.Random
01:25:55.255    (INFO)     Trx.Start: **** ConnSH637540899555407712System.Random
01:25:55.255    (INFO)     Trx.Commit: **C** ConnSH637540899555407712System.Random
01:25:55.255    (INFO)     Trx.Start: **** ConnSH637540899555557712System.Random
01:25:55.255    (INFO)     Trx.Commit: **C** ConnSH637540899555557712System.Random
01:25:55.255    (INFO)     Trx.Start: **** ConnSH637540899555678025System.Random
01:25:55.255    (INFO)     Trx.Commit: **C** ConnSH637540899555678025System.Random
01:25:55.255    (INFO)     Trx.Start: **** ConnSH637540899555828017System.Random
01:25:55.255    (INFO)     Trx.Commit: **C** ConnSH637540899555828017System.Random
01:25:55.255    (INFO)     Trx.Start: **** ConnSH637540899555987681System.Random
01:25:55.255    (INFO)     Trx.Commit: **C** ConnSH637540899555987681System.Random
01:25:55.255    (INFO)     Trx.Start: **** ConnSH637540899556138011System.Random
01:25:55.255    (INFO)     Trx.Commit: **C** ConnSH637540899556138011System.Random
01:25:55.255    (INFO)     Trx.Start: **** ConnSH637540899556258005System.Random
01:25:55.255    (INFO)     Trx.Commit: **C** ConnSH637540899556258005System.Random
01:25:55.255    (INFO)     Trx.Start: **** ConnSH637540899556378034System.Random
01:25:55.255    (INFO)     Trx.Commit: **C** ConnSH637540899556378034System.Random
01:25:55.255    (INFO)     Trx.Start: **** ConnSH637540899556537664System.Random
01:25:55.255    (INFO)     Trx.Commit: **C** ConnSH637540899556537664System.Random
01:25:55.255    (INFO)     Trx.Start: **** ConnSH637540899556688008System.Random
01:25:55.255    (INFO)     Trx.Commit: **C** ConnSH637540899556688008System.Random
01:25:55.255    (INFO)     Trx.Start: **** ConnSH637540899556838045System.Random
01:25:55.255    (INFO)     Trx.Commit: **C** ConnSH637540899556838045System.Random
01:25:55.255    (INFO)     Trx.Start: **** ConnSH637540899556957979System.Random
01:25:55.255    (INFO)     Trx.Commit: **C** ConnSH637540899556957979System.Random
01:25:55.255    (INFO)     Trx.Start: **** ConnSH637540899557078058System.Random
01:25:55.255    (INFO)     Trx.Commit: **C** ConnSH637540899557078058System.Random
01:25:55.255    (INFO)     Trx.Start: **** ConnSH637540899557198187System.Random
01:25:55.255    (INFO)     Trx.Commit: **C** ConnSH637540899557198187System.Random
01:25:55.255    (INFO)     Trx.Start: **** ConnSH637540899557358071System.Random
01:25:55.255    (INFO)     Trx.Commit: **C** ConnSH637540899557358071System.Random
01:25:55.255    (INFO)     Trx.Start: **** ConnSH637540899557507665System.Random
01:25:55.255    (INFO)     Trx.Commit: **C** ConnSH637540899557507665System.Random
01:25:55.255    (INFO)     Trx.Start: **** ConnSH637540899557677669System.Random
01:25:55.255    (INFO)     Trx.Commit: **C** ConnSH637540899557677669System.Random
01:25:55.255    (INFO)     Trx.Start: **** ConnSH637540899557797954System.Random
01:25:55.255    (INFO)     Trx.Commit: **C** ConnSH637540899557797954System.Random
01:25:55.255    (INFO)     Trx.Start: **** ConnSH637540899557957663System.Random
01:25:55.255    (INFO)     Trx.Commit: **C** ConnSH637540899557957663System.Random
01:25:55.255    (INFO)     Trx.Start: **** ConnSH637540899558067710System.Random
01:25:55.255    (INFO)     Trx.Commit: **C** ConnSH637540899558067710System.Random
01:25:55.255    (INFO)     Trx.Start: **** ConnSH637540899558218017System.Random
01:25:55.255    (INFO)     Trx.Commit: **C** ConnSH637540899558218017System.Random
01:25:55.255    (INFO)     Trx.Start: **** ConnSH637540899558357977System.Random
01:25:55.255    (INFO)     Trx.Commit: **C** ConnSH637540899558357977System.Random
01:25:55.255    (INFO)     Trx.Start: **** ConnSH637540899558478037System.Random
01:25:55.255    (INFO)     Trx.Commit: **C** ConnSH637540899558478037System.Random
01:25:55.255    (INFO)     Trx.Start: **** ConnSH637540899558627702System.Random
01:25:55.255    (INFO)     Trx.Commit: **C** ConnSH637540899558627702System.Random
01:25:55.255    (INFO)     Trx.Start: **** ConnSH637540899558777688System.Random
01:25:55.255    (INFO)     Trx.Commit: **C** ConnSH637540899558777688System.Random
01:25:55.255    (INFO)     Trx.Start: **** ConnSH637540899558928006System.Random
01:25:55.255    (INFO)     Trx.Commit: **C** ConnSH637540899558928006System.Random
01:25:55.255    (INFO)     Trx.Start: **** ConnSH637540899559048031System.Random
01:25:55.255    (INFO)     Trx.Commit: **C** ConnSH637540899559048031System.Random
01:25:55.255    (INFO)     Trx.Start: **** ConnSH637540899559198013System.Random
01:25:55.255    (INFO)     Trx.Commit: **C** ConnSH637540899559198013System.Random
01:25:55.255    (INFO)     Trx.Start: **** ConnSH637540899559318007System.Random
01:25:55.255    (INFO)     Trx.Commit: **C** ConnSH637540899559318007System.Random
01:25:55.255    (INFO)     Trx.Start: **** ConnSH637540899559478008System.Random
01:25:55.255    (INFO)     Trx.Commit: **C** ConnSH637540899559478008System.Random
01:25:55.255    (INFO)     Trx.Start: **** ConnSH637540899559618008System.Random
01:25:55.255    (INFO)     Trx.Commit: **C** ConnSH637540899559618008System.Random
01:25:55.255    (INFO)     Trx.Start: **** ConnSH637540899559778052System.Random
01:25:55.255    (INFO)     Trx.Commit: **C** ConnSH637540899559778052System.Random
01:25:55.255    (INFO)     Trx.Start: **** ConnSH637540899559898082System.Random
01:25:55.255    (INFO)     Trx.Commit: **C** ConnSH637540899559898082System.Random
01:25:56.255    (INFO)     Trx.Start: **** ConnSH637540899560018103System.Random
01:25:56.255    (INFO)     Trx.Commit: **C** ConnSH637540899560018103System.Random
01:25:56.255    (INFO)     Trx.Start: **** ConnSH637540899560168031System.Random
01:25:56.255    (INFO)     Trx.Commit: **C** ConnSH637540899560168031System.Random
01:25:56.255    (INFO)     Trx.Start: **** ConnSH637540899560287982System.Random
01:25:56.255    (INFO)     Trx.Commit: **C** ConnSH637540899560287982System.Random
01:25:56.255    (INFO)     Trx.Start: **** ConnSH637540899560437659System.Random
01:25:56.255    (INFO)     Trx.Commit: **C** ConnSH637540899560437659System.Random
01:25:56.255    (INFO)     Trx.Start: **** ConnSH637540899560588053System.Random
01:25:56.255    (INFO)     Trx.Commit: **C** ConnSH637540899560588053System.Random
01:25:56.255    (INFO)     Trx.Start: **** ConnSH637540899560708020System.Random
01:25:56.255    (INFO)     Trx.Commit: **C** ConnSH637540899560708020System.Random
01:25:56.255    (INFO)     Trx.Start: **** ConnSH637540899560848043System.Random
01:25:56.255    (INFO)     Trx.Commit: **C** ConnSH637540899560848043System.Random
01:25:56.255    (INFO)     Trx.Start: **** ConnSH637540899560987684System.Random
01:25:56.255    (INFO)     Trx.Commit: **C** ConnSH637540899560987684System.Random
01:25:56.255    (INFO)     Trx.Start: **** ConnSH637540899561137681System.Random
01:25:56.255    (INFO)     Trx.Commit: **C** ConnSH637540899561137681System.Random
01:25:56.255    (INFO)     Trx.Start: **** ConnSH637540899561257685System.Random
01:25:56.255    (INFO)     Trx.Commit: **C** ConnSH637540899561257685System.Random
01:25:56.255    (INFO)     Trx.Start: **** ConnSH637540899561367679System.Random
01:25:56.255    (INFO)     Trx.Commit: **C** ConnSH637540899561367679System.Random
01:25:56.255    (INFO)     Trx.Start: **** ConnSH637540899561487683System.Random
01:25:56.255    (INFO)     Trx.Commit: **C** ConnSH637540899561487683System.Random
01:25:56.255    (INFO)     Trx.Start: **** ConnSH637540899561618007System.Random
01:25:56.255    (INFO)     Trx.Commit: **C** ConnSH637540899561618007System.Random
01:25:56.255    (INFO)     Trx.Start: **** ConnSH637540899561737678System.Random
01:25:56.255    (INFO)     Trx.Commit: **C** ConnSH637540899561737678System.Random
01:25:56.255    (INFO)     Trx.Start: **** ConnSH637540899561887663System.Random
01:25:56.255    (INFO)     Trx.Commit: **C** ConnSH637540899561887663System.Random
01:25:56.255    (INFO)     Trx.Start: **** ConnSH637540899562038010System.Random
01:25:56.255    (INFO)     Trx.Commit: **C** ConnSH637540899562038010System.Random
01:25:56.255    (INFO)     Trx.Start: **** ConnSH637540899562187686System.Random
01:25:56.255    (INFO)     Trx.Commit: **C** ConnSH637540899562187686System.Random
01:25:56.255    (INFO)     Trx.Start: **** ConnSH637540899562337700System.Random
01:25:56.255    (INFO)     Trx.Commit: **C** ConnSH637540899562337700System.Random
01:25:56.255    (INFO)     Trx.Start: **** ConnSH637540899562488012System.Random
01:25:56.255    (INFO)     Trx.Commit: **C** ConnSH637540899562488012System.Random
01:25:56.255    (INFO)     Trx.Start: **** ConnSH637540899562607646System.Random
01:25:56.255    (INFO)     Trx.Commit: **C** ConnSH637540899562607646System.Random
01:25:56.255    (INFO)     Trx.Start: **** ConnSH637540899562737702System.Random
01:25:56.255    (INFO)     Trx.Commit: **C** ConnSH637540899562737702System.Random
01:25:56.255    (INFO)     Trx.Start: **** ConnSH637540899562888013System.Random
01:25:56.255    (INFO)     Trx.Commit: **C** ConnSH637540899562888013System.Random
01:25:56.255    (INFO)     Trx.Start: **** ConnSH637540899563048011System.Random
01:25:56.255    (INFO)     Trx.Commit: **C** ConnSH637540899563048011System.Random
01:25:56.255    (INFO)     Trx.Start: **** ConnSH637540899563198020System.Random
01:25:56.255    (INFO)     Trx.Commit: **C** ConnSH637540899563198020System.Random
01:25:56.255    (INFO)     Trx.Start: **** ConnSH637540899563348044System.Random
01:25:56.255    (INFO)     Trx.Commit: **C** ConnSH637540899563348044System.Random
01:25:56.255    (INFO)     Trx.Start: **** ConnSH637540899563498032System.Random
01:25:56.255    (INFO)     Trx.Commit: **C** ConnSH637540899563498032System.Random
01:25:56.255    (INFO)     Trx.Start: **** ConnSH637540899563658070System.Random
01:25:56.255    (INFO)     Trx.Commit: **C** ConnSH637540899563658070System.Random
01:25:56.255    (INFO)     Trx.Start: **** ConnSH637540899563778041System.Random
01:25:56.255    (INFO)     Trx.Commit: **C** ConnSH637540899563778041System.Random
01:25:56.255    (INFO)     Trx.Start: **** ConnSH637540899563931460System.Random
01:25:56.255    (INFO)     Trx.Commit: **C** ConnSH637540899563931460System.Random
01:25:56.255    (INFO)     Trx.Start: **** ConnSH637540899564057662System.Random
01:25:56.255    (INFO)     Trx.Commit: **C** ConnSH637540899564057662System.Random
01:25:56.255    (INFO)     Trx.Start: **** ConnSH637540899564177928System.Random
01:25:56.255    (INFO)     Trx.Commit: **C** ConnSH637540899564177928System.Random
01:25:56.255    (INFO)     Trx.Start: **** ConnSH637540899564298008System.Random
01:25:56.255    (INFO)     Trx.Commit: **C** ConnSH637540899564298008System.Random
01:25:56.255    (INFO)     Trx.Start: **** ConnSH637540899564418065System.Random
01:25:56.255    (INFO)     Trx.Commit: **C** ConnSH637540899564418065System.Random
01:25:56.255    (INFO)     Trx.Start: **** ConnSH637540899564538009System.Random
01:25:56.255    (INFO)     Trx.Commit: **C** ConnSH637540899564538009System.Random
01:25:56.255    (INFO)     Trx.Start: **** ConnSH637540899564668012System.Random
01:25:56.255    (INFO)     Trx.Commit: **C** ConnSH637540899564668012System.Random
01:25:56.255    (INFO)     Trx.Start: **** ConnSH637540899564787661System.Random
01:25:56.255    (INFO)     Trx.Commit: **C** ConnSH637540899564787661System.Random
01:25:56.255    (INFO)     Trx.Start: **** ConnSH637540899564907676System.Random
01:25:56.255    (INFO)     Trx.Commit: **C** ConnSH637540899564907676System.Random
01:25:56.255    (INFO)     Trx.Start: **** ConnSH637540899565028021System.Random
01:25:56.255    (INFO)     Trx.Commit: **C** ConnSH637540899565028021System.Random
01:25:56.255    (INFO)     Trx.Start: **** ConnSH637540899565148009System.Random
01:25:56.255    (INFO)     Trx.Commit: **C** ConnSH637540899565148009System.Random
01:25:56.255    (INFO)     Trx.Start: **** ConnSH637540899565278015System.Random
01:25:56.255    (INFO)     Trx.Commit: **C** ConnSH637540899565278015System.Random
01:25:56.255    (INFO)     Trx.Start: **** ConnSH637540899565398007System.Random
01:25:56.255    (INFO)     Trx.Commit: **C** ConnSH637540899565398007System.Random
01:25:56.255    (INFO)     Trx.Start: **** ConnSH637540899565548035System.Random
01:25:56.255    (INFO)     Trx.Commit: **C** ConnSH637540899565548035System.Random
01:25:56.255    (INFO)     Trx.Start: **** ConnSH637540899565707647System.Random
01:25:56.255    (INFO)     Trx.Commit: **C** ConnSH637540899565707647System.Random
01:25:56.255    (INFO)     Trx.Start: **** ConnSH637540899565857646System.Random
01:25:56.255    (INFO)     Trx.Commit: **C** ConnSH637540899565857646System.Random
01:25:56.255    (INFO)     Trx.Start: **** ConnSH637540899566017647System.Random
01:25:56.255    (INFO)     Trx.Commit: **C** ConnSH637540899566017647System.Random
01:25:56.255    (INFO)     Trx.Start: **** ConnSH637540899566177648System.Random
01:25:56.255    (INFO)     Trx.Commit: **C** ConnSH637540899566177648System.Random
01:25:56.255    (INFO)     Trx.Start: **** ConnSH637540899566287663System.Random
01:25:56.255    (INFO)     Trx.Commit: **C** ConnSH637540899566287663System.Random
01:25:56.255    (INFO)     Trx.Start: **** ConnSH637540899566397655System.Random
01:25:56.255    (INFO)     Trx.Commit: **C** ConnSH637540899566397655System.Random
01:25:56.255    (INFO)     Trx.Start: **** ConnSH637540899567667687System.Random
01:25:56.255    (INFO)     Trx.Commit: **C** ConnSH637540899567667687System.Random
01:25:56.255    (INFO)     Trx.Start: **** ConnSH637540899567898036System.Random
01:25:56.255    (INFO)     Trx.Commit: **C** ConnSH637540899567898036System.Random
01:25:56.255    (INFO)     Trx.Start: **** ConnSH637540899568018018System.Random
01:25:56.255    (INFO)     Trx.Commit: **C** ConnSH637540899568018018System.Random
01:25:56.255    (INFO)     Trx.Start: **** ConnSH637540899568168016System.Random
01:25:56.255    (INFO)     Trx.Commit: **C** ConnSH637540899568168016System.Random
01:25:56.255    (INFO)     Trx.Start: **** ConnSH637540899568288068System.Random
01:25:56.255    (INFO)     Trx.Commit: **C** ConnSH637540899568288068System.Random
01:25:56.255    (INFO)     Trx.Start: **** ConnSH637540899568438007System.Random
01:25:56.255    (INFO)     Trx.Commit: **C** ConnSH637540899568438007System.Random
01:25:56.255    (INFO)     Trx.Start: **** ConnSH637540899568588044System.Random
01:25:56.255    (INFO)     Trx.Commit: **C** ConnSH637540899568588044System.Random
01:25:56.255    (INFO)     Trx.Start: **** ConnSH637540899568738011System.Random
01:25:56.255    (INFO)     Trx.Commit: **C** ConnSH637540899568738011System.Random
01:25:56.255    (INFO)     Trx.Start: **** ConnSH637540899568848013System.Random
01:25:56.255    (INFO)     Trx.Commit: **C** ConnSH637540899568848013System.Random
01:25:56.255    (INFO)     Trx.Start: **** ConnSH637540899568968015System.Random
01:25:56.255    (INFO)     Trx.Commit: **C** ConnSH637540899568968015System.Random
01:25:56.255    (INFO)     Trx.Start: **** ConnSH637540899569137665System.Random
01:25:56.255    (INFO)     Trx.Commit: **C** ConnSH637540899569137665System.Random
01:25:56.255    (INFO)     Trx.Start: **** ConnSH637540899569257663System.Random
01:25:56.255    (INFO)     Trx.Commit: **C** ConnSH637540899569257663System.Random
01:25:56.255    (INFO)     Trx.Start: **** ConnSH637540899569417709System.Random
01:25:56.255    (INFO)     Trx.Commit: **C** ConnSH637540899569417709System.Random
01:25:56.255    (INFO)     Trx.Start: **** ConnSH637540899569577677System.Random
01:25:56.255    (INFO)     Trx.Commit: **C** ConnSH637540899569577677System.Random
01:25:56.255    (INFO)     Trx.Start: **** ConnSH637540899569967680System.Random
01:25:57.255    (INFO)     Trx.Commit: **C** ConnSH637540899569967680System.Random
01:25:57.255    (INFO)     Trx.Start: **** ConnSH637540899570127673System.Random
01:25:57.255    (INFO)     Trx.Commit: **C** ConnSH637540899570127673System.Random
01:25:57.255    (INFO)     Trx.Start: **** ConnSH637540899570257674System.Random
01:25:57.255    (INFO)     Trx.Commit: **C** ConnSH637540899570257674System.Random
01:25:57.255    (INFO)     Trx.Start: **** ConnSH637540899570417667System.Random
01:25:57.255    (INFO)     Trx.Commit: **C** ConnSH637540899570417667System.Random
01:25:57.255    (INFO)     Trx.Start: **** ConnSH637540899570537672System.Random
01:25:57.255    (INFO)     Trx.Commit: **C** ConnSH637540899570537672System.Random
01:25:57.255    (INFO)     Trx.Start: **** ConnSH637540899570667662System.Random
01:25:57.255    (INFO)     Trx.Commit: **C** ConnSH637540899570667662System.Random
01:25:57.255    (INFO)     Trx.Start: **** ConnSH637540899570787664System.Random
01:25:57.255    (INFO)     Trx.Commit: **C** ConnSH637540899570787664System.Random
01:25:57.255    (INFO)     Trx.Start: **** ConnSH637540899570907664System.Random
01:25:57.255    (INFO)     Trx.Commit: **C** ConnSH637540899570907664System.Random
01:25:57.255    (INFO)     Trx.Start: **** ConnSH637540899571027649System.Random
01:25:57.255    (INFO)     Trx.Commit: **C** ConnSH637540899571027649System.Random
01:25:57.255    (INFO)     Trx.Start: **** ConnSH637540899571187651System.Random
01:25:57.255    (INFO)     Trx.Commit: **C** ConnSH637540899571187651System.Random
01:25:57.255    (INFO)     Trx.Start: **** ConnSH637540899571337662System.Random
01:25:57.255    (INFO)     Trx.Commit: **C** ConnSH637540899571337662System.Random
01:25:57.255    (INFO)     Trx.Start: **** ConnSH637540899571477655System.Random
01:25:57.255    (INFO)     Trx.Commit: **C** ConnSH637540899571477655System.Random
01:25:57.255    (INFO)     Trx.Start: **** ConnSH637540899571647672System.Random
01:25:57.255    (INFO)     Trx.Commit: **C** ConnSH637540899571647672System.Random
01:25:57.255    (INFO)     Trx.Start: **** ConnSH637540899571827656System.Random
01:25:57.255    (INFO)     Trx.Commit: **C** ConnSH637540899571827656System.Random
01:25:57.255    (INFO)     Trx.Start: **** ConnSH637540899571977672System.Random
01:25:57.255    (INFO)     Trx.Commit: **C** ConnSH637540899571977672System.Random
01:25:57.255    (INFO)     Trx.Start: **** ConnSH637540899572107674System.Random
01:25:57.255    (INFO)     Trx.Commit: **C** ConnSH637540899572107674System.Random
01:25:57.255    (INFO)     Trx.Start: **** ConnSH637540899572267677System.Random
01:25:57.255    (INFO)     Trx.Commit: **C** ConnSH637540899572267677System.Random
01:25:57.255    (INFO)     Trx.Start: **** ConnSH637540899572427663System.Random
01:25:57.255    (INFO)     Trx.Commit: **C** ConnSH637540899572427663System.Random
01:25:57.255    (INFO)     Trx.Start: **** ConnSH637540899572587666System.Random
01:25:57.255    (INFO)     Trx.Commit: **C** ConnSH637540899572587666System.Random
01:25:57.255    (INFO)     Trx.Start: **** ConnSH637540899572747672System.Random
01:25:57.255    (INFO)     Trx.Commit: **C** ConnSH637540899572747672System.Random
01:25:57.255    (INFO)     Trx.Start: **** ConnSH637540899572927653System.Random
01:25:57.255    (INFO)     Trx.Commit: **C** ConnSH637540899572927653System.Random
01:25:57.255    (INFO)     Trx.Start: **** ConnSH637540899573077666System.Random
01:25:57.255    (INFO)     Trx.Commit: **C** ConnSH637540899573077666System.Random
01:25:57.255    (INFO)     Trx.Start: **** ConnSH637540899573207664System.Random
01:25:57.255    (INFO)     Trx.Commit: **C** ConnSH637540899573207664System.Random
01:25:57.255    (INFO)     Trx.Start: **** ConnSH637540899573367675System.Random
01:25:57.255    (INFO)     Trx.Commit: **C** ConnSH637540899573367675System.Random
01:25:57.255    (INFO)     Trx.Start: **** ConnSH637540899573477657System.Random
01:25:57.255    (INFO)     Trx.Commit: **C** ConnSH637540899573477657System.Random
01:25:57.255    (INFO)     Trx.Start: **** ConnSH637540899574397647System.Random
01:25:57.255    (INFO)     Trx.Commit: **C** ConnSH637540899574397647System.Random
01:25:57.255    (INFO)     Trx.Start: **** ConnSH637540899574517665System.Random
01:25:57.255    (INFO)     Trx.Commit: **C** ConnSH637540899574517665System.Random
01:25:57.255    (INFO)     Trx.Start: **** ConnSH637540899574647664System.Random
01:25:57.255    (INFO)     Trx.Commit: **C** ConnSH637540899574647664System.Random
01:25:57.255    (INFO)     Trx.Start: **** ConnSH637540899575648212System.Random
01:25:57.255    (INFO)     Trx.Commit: **C** ConnSH637540899575648212System.Random
01:25:57.255    (INFO)     Trx.Start: **** ConnSH637540899575777662System.Random
01:25:57.255    (INFO)     Trx.Commit: **C** ConnSH637540899575777662System.Random
01:25:57.255    (INFO)     Trx.Start: **** ConnSH637540899575897658System.Random
01:25:57.255    (INFO)     Trx.Commit: **C** ConnSH637540899575897658System.Random
01:25:57.255    (INFO)     Trx.Start: **** ConnSH637540899576017654System.Random
01:25:57.255    (INFO)     Trx.Commit: **C** ConnSH637540899576017654System.Random
01:25:57.255    (INFO)     Trx.Start: **** ConnSH637540899576137656System.Random
01:25:57.255    (INFO)     Trx.Commit: **C** ConnSH637540899576137656System.Random
01:25:57.255    (INFO)     Trx.Start: **** ConnSH637540899576257659System.Random
01:25:57.255    (INFO)     Trx.Commit: **C** ConnSH637540899576257659System.Random
01:25:57.255    (INFO)     Trx.Start: **** ConnSH637540899576377657System.Random
01:25:57.255    (INFO)     Trx.Commit: **C** ConnSH637540899576377657System.Random
01:25:57.255    (INFO)     Trx.Start: **** ConnSH637540899576497656System.Random
01:25:57.255    (INFO)     Trx.Commit: **C** ConnSH637540899576497656System.Random
01:25:57.255    (INFO)     Trx.Start: **** ConnSH637540899576647658System.Random
01:25:57.255    (INFO)     Trx.Commit: **C** ConnSH637540899576647658System.Random
01:25:57.255    (INFO)     Trx.Start: **** ConnSH637540899576807650System.Random
01:25:57.255    (INFO)     Trx.Commit: **C** ConnSH637540899576807650System.Random
01:25:57.255    (INFO)     Trx.Start: **** ConnSH637540899576957651System.Random
01:25:57.255    (INFO)     Trx.Commit: **C** ConnSH637540899576957651System.Random
01:25:57.255    (INFO)     Trx.Start: **** ConnSH637540899577117658System.Random
01:25:57.255    (INFO)     Trx.Commit: **C** ConnSH637540899577117658System.Random
01:25:57.255    (INFO)     Trx.Start: **** ConnSH637540899577267657System.Random
01:25:57.255    (INFO)     Trx.Commit: **C** ConnSH637540899577267657System.Random
01:25:57.255    (INFO)     Trx.Start: **** ConnSH637540899577387652System.Random
01:25:57.255    (INFO)     Trx.Commit: **C** ConnSH637540899577387652System.Random
01:25:57.255    (INFO)     Trx.Start: **** ConnSH637540899577497653System.Random
01:25:57.255    (INFO)     Trx.Commit: **C** ConnSH637540899577497653System.Random
01:25:57.255    (INFO)     Trx.Start: **** ConnSH637540899579287663System.Random
01:25:57.255    (INFO)     Trx.Commit: **C** ConnSH637540899579287663System.Random
01:25:57.255    (INFO)     Trx.Start: **** ConnSH637540899579447701System.Random
01:25:57.255    (INFO)     Trx.Commit: **C** ConnSH637540899579447701System.Random
01:25:57.255    (INFO)     Trx.Start: **** ConnSH637540899579598075System.Random
01:25:57.255    (INFO)     Trx.Commit: **C** ConnSH637540899579598075System.Random
01:25:57.255    (INFO)     Trx.Start: **** ConnSH637540899579768037System.Random
01:25:57.255    (INFO)     Trx.Commit: **C** ConnSH637540899579768037System.Random
01:25:57.255    (INFO)     Trx.Start: **** ConnSH637540899579917712System.Random
01:25:57.255    (INFO)     Trx.Commit: **C** ConnSH637540899579917712System.Random
01:25:58.255    (INFO)     Trx.Start: **** ConnSH637540899580037673System.Random
01:25:58.255    (INFO)     Trx.Commit: **C** ConnSH637540899580037673System.Random
01:25:58.255    (INFO)     Trx.Start: **** ConnSH637540899580198017System.Random
01:25:58.255    (INFO)     Trx.Commit: **C** ConnSH637540899580198017System.Random
01:25:58.255    (INFO)     Trx.Start: **** ConnSH637540899580337672System.Random
01:25:58.255    (INFO)     Trx.Commit: **C** ConnSH637540899580337672System.Random
01:25:58.255    (INFO)     Trx.Start: **** ConnSH637540899580457708System.Random
01:25:58.255    (INFO)     Trx.Commit: **C** ConnSH637540899580457708System.Random
01:25:58.255    (INFO)     Trx.Start: **** ConnSH637540899580577699System.Random
01:25:58.255    (INFO)     Trx.Commit: **C** ConnSH637540899580577699System.Random
01:25:58.255    (INFO)     Trx.Start: **** ConnSH637540899580697699System.Random
01:25:58.255    (INFO)     Trx.Commit: **C** ConnSH637540899580697699System.Random
01:25:58.255    (INFO)     Trx.Start: **** ConnSH637540899580817670System.Random
01:25:58.255    (INFO)     Trx.Commit: **C** ConnSH637540899580817670System.Random
01:25:58.255    (INFO)     Trx.Start: **** ConnSH637540899580937658System.Random
01:25:58.255    (INFO)     Trx.Commit: **C** ConnSH637540899580937658System.Random
01:25:58.255    (INFO)     Trx.Start: **** ConnSH637540899581067669System.Random
01:25:58.255    (INFO)     Trx.Commit: **C** ConnSH637540899581067669System.Random
01:25:58.255    (INFO)     Trx.Start: **** ConnSH637540899581198023System.Random
01:25:58.255    (INFO)     Trx.Commit: **C** ConnSH637540899581198023System.Random
01:25:58.255    (INFO)     Trx.Start: **** ConnSH637540899581327663System.Random
01:25:58.255    (INFO)     Trx.Commit: **C** ConnSH637540899581327663System.Random
01:25:58.255    (INFO)     Trx.Start: **** ConnSH637540899581448068System.Random
01:25:58.255    (INFO)     Trx.Commit: **C** ConnSH637540899581448068System.Random
01:25:58.255    (INFO)     Trx.Start: **** ConnSH637540899581567687System.Random
01:25:58.255    (INFO)     Trx.Commit: **C** ConnSH637540899581567687System.Random
01:25:58.255    (INFO)     Trx.Start: **** ConnSH637540899581677704System.Random
01:25:58.255    (INFO)     Trx.Commit: **C** ConnSH637540899581677704System.Random
01:25:58.255    (INFO)     Trx.Start: **** ConnSH637540899581828105System.Random
01:25:58.255    (INFO)     Trx.Commit: **C** ConnSH637540899581828105System.Random
01:25:58.255    (INFO)     Trx.Start: **** ConnSH637540899581987671System.Random
01:25:58.255    (INFO)     Trx.Commit: **C** ConnSH637540899581987671System.Random
01:25:58.255    (INFO)     Trx.Start: **** ConnSH637540899582177683System.Random
01:25:58.255    (INFO)     Trx.Commit: **C** ConnSH637540899582177683System.Random
01:25:58.255    (INFO)     Trx.Start: **** ConnSH637540899582327670System.Random
01:25:58.255    (INFO)     Trx.Commit: **C** ConnSH637540899582327670System.Random
01:25:58.255    (INFO)     Trx.Start: **** ConnSH637540899582477789System.Random
01:25:58.255    (INFO)     Trx.Commit: **C** ConnSH637540899582477789System.Random
01:25:58.255    (INFO)     Trx.Start: **** ConnSH637540899582597649System.Random
01:25:58.255    (INFO)     Trx.Commit: **C** ConnSH637540899582597649System.Random
===========>     (SEVERE)   CalculatePenalties.StartProcess: Index was out of range. Must be non-negative and less than the size of the collection.
Parameter name: index
