*** 5/23/2021 12:47:55 PM VAdvantage Log  ***
12:47:55.475    (INFO)     Trx.Start: **** ConnSH637573708756530642System.Random
12:47:55.475    (INFO)     Trx.Commit: **C** ConnSH637573708756530642System.Random
12:47:55.475    (INFO)     MChangeLog.FillChangeLog: #9
12:47:56.475    (INFO)     Trx.Start: **** ConnSH637573708762505909System.Random
12:47:56.475    (INFO)     Trx.Commit: **C** ConnSH637573708762505909System.Random
===========>     (SEVERE)   OracleHelper.ExecuteReader: ORA-00904: "C_BPARTNER": invalid identifier [Query DR] SELECT VAHRUAE_EMPLOYECOMPENSATION_ID FROM VAHRUAE_EMPLOYECOMPENSATION WHERE C_BPartner = 1006731 AND C_PERIOD_ID = 1000193 AND VAHRUAE_COMPENSATIONMASTER_ID != 1000010
===========>     (SEVERE)   OracleHelper.ExecuteReader: ORA-00904: "C_BPARTNER": invalid identifier [Query DR] SELECT VAHRUAE_EMPLOYECOMPENSATION_ID FROM VAHRUAE_EMPLOYECOMPENSATION WHERE C_BPartner = 1006731 AND C_PERIOD_ID = 1000193 AND VAHRUAE_COMPENSATIONMASTER_ID != 1000010
===========>     (SEVERE)   PO.DoIt: SELECT VAHRUAE_EMPLOYECOMPENSATION_ID FROM VAHRUAE_EMPLOYECOMPENSATION WHERE C_BPartner = 1006731 AND C_PERIOD_ID = 1000193 AND VAHRUAE_COMPENSATIONMASTER_ID != 1000010 => ORA-00904: "C_BPARTNER": invalid identifier
12:47:56.475    (INFO)     Trx.Start: **** ConnSH637573708762855891System.Random
12:47:56.475    (INFO)     Trx.Commit: **C** ConnSH637573708762855891System.Random
12:47:56.475    (INFO)     Trx.Start: **** ConnDDH637573708762995909System.Random
12:47:56.475    (INFO)     Trx.ExecuteDataSet: Trx Dataset ConnDDH637573708762995909System.Random 6
12:47:56.475    (INFO)     Trx.ExecuteQuery: Trx non-query ConnDDH637573708762995909System.Random 6
12:47:56.475    (INFO)     Trx.Commit: **C** ConnDDH637573708762995909System.Random
12:47:56.475    (INFO)     CacheMgt.Reset: AD_Process: #1 (1)
12:49:43.494    (INFO)     Trx.Start: **** ConnSH637573709834251536System.Random
12:49:43.494    (INFO)     Trx.Commit: **C** ConnSH637573709834251536System.Random
12:53:28.532    (INFO)     Trx.Start: **** ConnSH637573712089941151System.Random
12:53:28.532    (INFO)     Trx.Commit: **C** ConnSH637573712089941151System.Random
===========>     (SEVERE)   OracleHelper.ExecuteReader: ORA-00904: "C_BPARTNER": invalid identifier [Query DR] SELECT VAHRUAE_EMPLOYECOMPENSATION_ID FROM VAHRUAE_EMPLOYECOMPENSATION WHERE C_BPartner = 1006731 AND C_PERIOD_ID = 1000193 AND VAHRUAE_COMPENSATIONMASTER_ID != 1000010
===========>     (SEVERE)   OracleHelper.ExecuteReader: ORA-00904: "C_BPARTNER": invalid identifier [Query DR] SELECT VAHRUAE_EMPLOYECOMPENSATION_ID FROM VAHRUAE_EMPLOYECOMPENSATION WHERE C_BPartner = 1006731 AND C_PERIOD_ID = 1000193 AND VAHRUAE_COMPENSATIONMASTER_ID != 1000010
===========>     (SEVERE)   PO.DoIt: SELECT VAHRUAE_EMPLOYECOMPENSATION_ID FROM VAHRUAE_EMPLOYECOMPENSATION WHERE C_BPartner = 1006731 AND C_PERIOD_ID = 1000193 AND VAHRUAE_COMPENSATIONMASTER_ID != 1000010 => ORA-00904: "C_BPARTNER": invalid identifier
