*** 4/15/2021 1:18:51 PM VAdvantage Log  ***
01:18:51.185    (INFO)     Trx.Start: **** ConnSH637540895317019343System.Random
01:18:51.185    (INFO)     Trx.Commit: **C** ConnSH637540895317019343System.Random
01:18:51.185    (INFO)     MChangeLog.FillChangeLog: #9
01:18:56.185    (INFO)     Trx.Start: **** ConnSH637540895362377364System.Random
01:18:56.185    (INFO)     Trx.Commit: **C** ConnSH637540895362377364System.Random
01:18:56.185    (INFO)     Trx.Start: **** ConnSH637540895362499518System.Random
01:18:56.185    (INFO)     Trx.Commit: **C** ConnSH637540895362499518System.Random
01:18:56.185    (INFO)     Trx.Start: **** ConnSH637540895362609843System.Random
01:18:56.185    (INFO)     Trx.Commit: **C** ConnSH637540895362609843System.Random
01:18:56.185    (INFO)     Trx.Start: **** ConnSH637540895362712702System.Random
01:18:56.185    (INFO)     Trx.Commit: **C** ConnSH637540895362712702System.Random
01:18:56.185    (INFO)     Trx.Start: **** ConnSH637540895362822621System.Random
01:18:56.185    (INFO)     Trx.Commit: **C** ConnSH637540895362822621System.Random
01:18:56.185    (INFO)     Trx.Start: **** ConnSH637540895363032346System.Random
01:18:56.185    (INFO)     Trx.Commit: **C** ConnSH637540895363032346System.Random
01:18:56.185    (INFO)     Trx.Start: **** ConnSH637540895363142351System.Random
01:18:56.185    (INFO)     Trx.Commit: **C** ConnSH637540895363142351System.Random
01:19:05.195    (INFO)     Trx.Start: **** ConnSH637540895459369552System.Random
01:19:05.195    (INFO)     Trx.Commit: **C** ConnSH637540895459369552System.Random
01:19:05.195    (INFO)     Trx.Start: **** ConnSH637540895459539546System.Random
01:19:05.195    (INFO)     Trx.Commit: **C** ConnSH637540895459539546System.Random
01:19:05.195    (INFO)     Trx.Start: **** ConnSH637540895459699539System.Random
01:19:05.195    (INFO)     Trx.Commit: **C** ConnSH637540895459699539System.Random
01:19:05.195    (INFO)     Trx.Start: **** ConnSH637540895459869222System.Random
01:19:05.195    (INFO)     Trx.Commit: **C** ConnSH637540895459869222System.Random
01:19:06.196    (INFO)     Trx.Start: **** ConnSH637540895460019230System.Random
01:19:06.196    (INFO)     Trx.Commit: **C** ConnSH637540895460019230System.Random
01:19:06.196    (INFO)     Trx.Start: **** ConnSH637540895460199218System.Random
01:19:06.196    (INFO)     Trx.Commit: **C** ConnSH637540895460199218System.Random
01:19:06.196    (INFO)     Trx.Start: **** ConnSH637540895460393316System.Random
01:19:06.196    (INFO)     Trx.Commit: **C** ConnSH637540895460393316System.Random
01:19:06.196    (INFO)     Trx.Start: **** ConnSH637540895460535236System.Random
01:19:06.196    (INFO)     Trx.Commit: **C** ConnSH637540895460535236System.Random
01:19:06.196    (INFO)     Trx.Start: **** ConnSH637540895460672178System.Random
01:19:06.196    (INFO)     Trx.Commit: **C** ConnSH637540895460672178System.Random
01:19:06.196    (INFO)     Trx.Start: **** ConnSH637540895460830885System.Random
01:19:06.196    (INFO)     Trx.Commit: **C** ConnSH637540895460830885System.Random
01:19:06.196    (INFO)     Trx.Start: **** ConnSH637540895460990865System.Random
01:19:06.196    (INFO)     Trx.Commit: **C** ConnSH637540895460990865System.Random
01:19:06.196    (INFO)     Trx.Start: **** ConnSH637540895461142108System.Random
01:19:06.196    (INFO)     Trx.Commit: **C** ConnSH637540895461142108System.Random
01:19:06.196    (INFO)     Trx.Start: **** ConnSH637540895461300142System.Random
01:19:06.196    (INFO)     Trx.Commit: **C** ConnSH637540895461300142System.Random
01:19:06.196    (INFO)     Trx.Start: **** ConnSH637540895461419157System.Random
01:19:06.196    (INFO)     Trx.Commit: **C** ConnSH637540895461419157System.Random
01:19:06.196    (INFO)     Trx.Start: **** ConnSH637540895461599223System.Random
01:19:06.196    (INFO)     Trx.Commit: **C** ConnSH637540895461599223System.Random
01:19:06.196    (INFO)     Trx.Start: **** ConnSH637540895461776852System.Random
01:19:06.196    (INFO)     Trx.Commit: **C** ConnSH637540895461776852System.Random
01:19:06.196    (INFO)     Trx.Start: **** ConnSH637540895461951838System.Random
01:19:06.196    (INFO)     Trx.Commit: **C** ConnSH637540895461951838System.Random
01:19:06.196    (INFO)     Trx.Start: **** ConnSH637540895462112276System.Random
01:19:06.196    (INFO)     Trx.Commit: **C** ConnSH637540895462112276System.Random
01:19:06.196    (INFO)     Trx.Start: **** ConnSH637540895462272088System.Random
01:19:06.196    (INFO)     Trx.Commit: **C** ConnSH637540895462272088System.Random
01:19:06.196    (INFO)     Trx.Start: **** ConnSH637540895462426430System.Random
01:19:06.196    (INFO)     Trx.Commit: **C** ConnSH637540895462426430System.Random
01:19:06.196    (INFO)     Trx.Start: **** ConnSH637540895462540177System.Random
01:19:06.196    (INFO)     Trx.Commit: **C** ConnSH637540895462540177System.Random
01:19:06.196    (INFO)     Trx.Start: **** ConnSH637540895462696134System.Random
01:19:06.196    (INFO)     Trx.Commit: **C** ConnSH637540895462696134System.Random
01:19:06.196    (INFO)     Trx.Start: **** ConnSH637540895462856131System.Random
01:19:06.196    (INFO)     Trx.Commit: **C** ConnSH637540895462856131System.Random
01:19:06.196    (INFO)     Trx.Start: **** ConnSH637540895463021370System.Random
01:19:06.196    (INFO)     Trx.Commit: **C** ConnSH637540895463021370System.Random
01:19:06.196    (INFO)     Trx.Start: **** ConnSH637540895463181985System.Random
01:19:06.196    (INFO)     Trx.Commit: **C** ConnSH637540895463181985System.Random
01:19:06.196    (INFO)     Trx.Start: **** ConnSH637540895463341953System.Random
01:19:06.196    (INFO)     Trx.Commit: **C** ConnSH637540895463341953System.Random
01:19:06.196    (INFO)     Trx.Start: **** ConnSH637540895463501942System.Random
01:19:06.196    (INFO)     Trx.Commit: **C** ConnSH637540895463501942System.Random
01:19:06.196    (INFO)     Trx.Start: **** ConnSH637540895463661982System.Random
01:19:06.196    (INFO)     Trx.Commit: **C** ConnSH637540895463661982System.Random
01:19:06.196    (INFO)     Trx.Start: **** ConnSH637540895463821941System.Random
01:19:06.196    (INFO)     Trx.Commit: **C** ConnSH637540895463821941System.Random
01:19:06.196    (INFO)     Trx.Start: **** ConnSH637540895463941952System.Random
01:19:06.196    (INFO)     Trx.Commit: **C** ConnSH637540895463941952System.Random
01:19:06.196    (INFO)     Trx.Start: **** ConnSH637540895464102342System.Random
01:19:06.196    (INFO)     Trx.Commit: **C** ConnSH637540895464102342System.Random
01:19:06.196    (INFO)     Trx.Start: **** ConnSH637540895464302344System.Random
01:19:06.196    (INFO)     Trx.Commit: **C** ConnSH637540895464302344System.Random
01:19:06.196    (INFO)     Trx.Start: **** ConnSH637540895464491951System.Random
01:19:06.196    (INFO)     Trx.Commit: **C** ConnSH637540895464491951System.Random
01:19:06.196    (INFO)     Trx.Start: **** ConnSH637540895464652287System.Random
01:19:06.196    (INFO)     Trx.Commit: **C** ConnSH637540895464652287System.Random
01:19:06.196    (INFO)     Trx.Start: **** ConnSH637540895464801946System.Random
01:19:06.196    (INFO)     Trx.Commit: **C** ConnSH637540895464801946System.Random
01:19:06.196    (INFO)     Trx.Start: **** ConnSH637540895464951952System.Random
01:19:06.196    (INFO)     Trx.Commit: **C** ConnSH637540895464951952System.Random
01:19:06.196    (INFO)     Trx.Start: **** ConnSH637540895465142277System.Random
01:19:06.196    (INFO)     Trx.Commit: **C** ConnSH637540895465142277System.Random
01:19:06.196    (INFO)     Trx.Start: **** ConnSH637540895465262281System.Random
01:19:06.196    (INFO)     Trx.Commit: **C** ConnSH637540895465262281System.Random
01:19:06.196    (INFO)     Trx.Start: **** ConnSH637540895465421968System.Random
01:19:06.196    (INFO)     Trx.Commit: **C** ConnSH637540895465421968System.Random
01:19:06.196    (INFO)     Trx.Start: **** ConnSH637540895465581946System.Random
01:19:06.196    (INFO)     Trx.Commit: **C** ConnSH637540895465581946System.Random
01:19:06.196    (INFO)     Trx.Start: **** ConnSH637540895465731942System.Random
01:19:06.196    (INFO)     Trx.Commit: **C** ConnSH637540895465731942System.Random
01:19:06.196    (INFO)     Trx.Start: **** ConnSH637540895465851961System.Random
01:19:06.196    (INFO)     Trx.Commit: **C** ConnSH637540895465851961System.Random
01:19:06.196    (INFO)     Trx.Start: **** ConnSH637540895465962280System.Random
01:19:06.196    (INFO)     Trx.Commit: **C** ConnSH637540895465962280System.Random
01:19:06.196    (INFO)     Trx.Start: **** ConnSH637540895466152307System.Random
01:19:06.196    (INFO)     Trx.Commit: **C** ConnSH637540895466152307System.Random
01:19:06.196    (INFO)     Trx.Start: **** ConnSH637540895466312306System.Random
01:19:06.196    (INFO)     Trx.Commit: **C** ConnSH637540895466312306System.Random
01:19:06.196    (INFO)     Trx.Start: **** ConnSH637540895466481948System.Random
01:19:06.196    (INFO)     Trx.Commit: **C** ConnSH637540895466481948System.Random
01:19:06.196    (INFO)     Trx.Start: **** ConnSH637540895466641954System.Random
01:19:06.196    (INFO)     Trx.Commit: **C** ConnSH637540895466641954System.Random
01:19:06.196    (INFO)     Trx.Start: **** ConnSH637540895466831963System.Random
01:19:06.196    (INFO)     Trx.Commit: **C** ConnSH637540895466831963System.Random
01:19:06.196    (INFO)     Trx.Start: **** ConnSH637540895466994768System.Random
01:19:06.196    (INFO)     Trx.Commit: **C** ConnSH637540895466994768System.Random
01:19:06.196    (INFO)     Trx.Start: **** ConnSH637540895467118207System.Random
01:19:06.196    (INFO)     Trx.Commit: **C** ConnSH637540895467118207System.Random
01:19:06.196    (INFO)     Trx.Start: **** ConnSH637540895467271176System.Random
01:19:06.196    (INFO)     Trx.Commit: **C** ConnSH637540895467271176System.Random
01:19:06.196    (INFO)     Trx.Start: **** ConnSH637540895467427927System.Random
01:19:06.196    (INFO)     Trx.Commit: **C** ConnSH637540895467427927System.Random
01:19:06.196    (INFO)     Trx.Start: **** ConnSH637540895467556384System.Random
01:19:06.196    (INFO)     Trx.Commit: **C** ConnSH637540895467556384System.Random
01:19:06.196    (INFO)     Trx.Start: **** ConnSH637540895467710836System.Random
01:19:06.196    (INFO)     Trx.Commit: **C** ConnSH637540895467710836System.Random
01:19:06.196    (INFO)     Trx.Start: **** ConnSH637540895467856453System.Random
01:19:06.196    (INFO)     Trx.Commit: **C** ConnSH637540895467856453System.Random
01:19:06.196    (INFO)     Trx.Start: **** ConnSH637540895468015657System.Random
01:19:06.196    (INFO)     Trx.Commit: **C** ConnSH637540895468015657System.Random
01:19:06.196    (INFO)     Trx.Start: **** ConnSH637540895468140512System.Random
01:19:06.196    (INFO)     Trx.Commit: **C** ConnSH637540895468140512System.Random
01:19:06.196    (INFO)     Trx.Start: **** ConnSH637540895468301039System.Random
01:19:06.196    (INFO)     Trx.Commit: **C** ConnSH637540895468301039System.Random
01:19:06.196    (INFO)     Trx.Start: **** ConnSH637540895468480948System.Random
01:19:06.196    (INFO)     Trx.Commit: **C** ConnSH637540895468480948System.Random
01:19:06.196    (INFO)     Trx.Start: **** ConnSH637540895468639106System.Random
01:19:06.196    (INFO)     Trx.Commit: **C** ConnSH637540895468639106System.Random
01:19:06.196    (INFO)     Trx.Start: **** ConnSH637540895469631712System.Random
01:19:06.196    (INFO)     Trx.Commit: **C** ConnSH637540895469631712System.Random
01:19:06.196    (INFO)     Trx.Start: **** ConnSH637540895469786272System.Random
01:19:06.196    (INFO)     Trx.Commit: **C** ConnSH637540895469786272System.Random
01:19:06.196    (INFO)     Trx.Start: **** ConnSH637540895469976764System.Random
01:19:07.197    (INFO)     Trx.Commit: **C** ConnSH637540895469976764System.Random
01:19:07.197    (INFO)     Trx.Start: **** ConnSH637540895470096615System.Random
01:19:07.197    (INFO)     Trx.Commit: **C** ConnSH637540895470096615System.Random
01:19:07.197    (INFO)     Trx.Start: **** ConnSH637540895470246267System.Random
01:19:07.197    (INFO)     Trx.Commit: **C** ConnSH637540895470246267System.Random
01:19:07.197    (INFO)     Trx.Start: **** ConnSH637540895470424702System.Random
01:19:07.197    (INFO)     Trx.Commit: **C** ConnSH637540895470424702System.Random
01:19:07.197    (INFO)     Trx.Start: **** ConnSH637540895470572700System.Random
01:19:07.197    (INFO)     Trx.Commit: **C** ConnSH637540895470572700System.Random
01:19:07.197    (INFO)     Trx.Start: **** ConnSH637540895470732097System.Random
01:19:07.197    (INFO)     Trx.Commit: **C** ConnSH637540895470732097System.Random
01:19:07.197    (INFO)     Trx.Start: **** ConnSH637540895470913475System.Random
01:19:07.197    (INFO)     Trx.Commit: **C** ConnSH637540895470913475System.Random
01:19:07.197    (INFO)     Trx.Start: **** ConnSH637540895471073495System.Random
01:19:07.197    (INFO)     Trx.Commit: **C** ConnSH637540895471073495System.Random
01:19:07.197    (INFO)     Trx.Start: **** ConnSH637540895471194184System.Random
01:19:07.197    (INFO)     Trx.Commit: **C** ConnSH637540895471194184System.Random
01:19:07.197    (INFO)     Trx.Start: **** ConnSH637540895471344165System.Random
01:19:07.197    (INFO)     Trx.Commit: **C** ConnSH637540895471344165System.Random
01:19:07.197    (INFO)     Trx.Start: **** ConnSH637540895471524555System.Random
01:19:07.197    (INFO)     Trx.Commit: **C** ConnSH637540895471524555System.Random
01:19:07.197    (INFO)     Trx.Start: **** ConnSH637540895471694160System.Random
01:19:07.197    (INFO)     Trx.Commit: **C** ConnSH637540895471694160System.Random
01:19:07.197    (INFO)     Trx.Start: **** ConnSH637540895471874419System.Random
01:19:07.197    (INFO)     Trx.Commit: **C** ConnSH637540895471874419System.Random
01:19:07.197    (INFO)     Trx.Start: **** ConnSH637540895472005791System.Random
01:19:07.197    (INFO)     Trx.Commit: **C** ConnSH637540895472005791System.Random
01:19:07.197    (INFO)     Trx.Start: **** ConnSH637540895472136491System.Random
01:19:07.197    (INFO)     Trx.Commit: **C** ConnSH637540895472136491System.Random
01:19:07.197    (INFO)     Trx.Start: **** ConnSH637540895472286740System.Random
01:19:07.197    (INFO)     Trx.Commit: **C** ConnSH637540895472286740System.Random
01:19:07.197    (INFO)     Trx.Start: **** ConnSH637540895472535572System.Random
01:19:07.197    (INFO)     Trx.Commit: **C** ConnSH637540895472535572System.Random
01:19:07.197    (INFO)     Trx.Start: **** ConnSH637540895472694453System.Random
01:19:07.197    (INFO)     Trx.Commit: **C** ConnSH637540895472694453System.Random
01:19:07.197    (INFO)     Trx.Start: **** ConnSH637540895472844462System.Random
01:19:07.197    (INFO)     Trx.Commit: **C** ConnSH637540895472844462System.Random
01:19:07.197    (INFO)     Trx.Start: **** ConnSH637540895472989985System.Random
01:19:07.197    (INFO)     Trx.Commit: **C** ConnSH637540895472989985System.Random
01:19:07.197    (INFO)     Trx.Start: **** ConnSH637540895473161583System.Random
01:19:07.197    (INFO)     Trx.Commit: **C** ConnSH637540895473161583System.Random
01:19:07.197    (INFO)     Trx.Start: **** ConnSH637540895473275566System.Random
01:19:07.197    (INFO)     Trx.Commit: **C** ConnSH637540895473275566System.Random
01:19:07.197    (INFO)     Trx.Start: **** ConnSH637540895473447257System.Random
01:19:07.197    (INFO)     Trx.Commit: **C** ConnSH637540895473447257System.Random
01:19:07.197    (INFO)     Trx.Start: **** ConnSH637540895473598630System.Random
01:19:07.197    (INFO)     Trx.Commit: **C** ConnSH637540895473598630System.Random
01:19:07.197    (INFO)     Trx.Start: **** ConnSH637540895473759325System.Random
01:19:07.197    (INFO)     Trx.Commit: **C** ConnSH637540895473759325System.Random
01:19:07.197    (INFO)     Trx.Start: **** ConnSH637540895473908019System.Random
01:19:07.197    (INFO)     Trx.Commit: **C** ConnSH637540895473908019System.Random
01:19:07.197    (INFO)     Trx.Start: **** ConnSH637540895474057637System.Random
01:19:07.197    (INFO)     Trx.Commit: **C** ConnSH637540895474057637System.Random
01:19:07.197    (INFO)     Trx.Start: **** ConnSH637540895474207637System.Random
01:19:07.197    (INFO)     Trx.Commit: **C** ConnSH637540895474207637System.Random
01:19:07.197    (INFO)     Trx.Start: **** ConnSH637540895474330479System.Random
01:19:07.197    (INFO)     Trx.Commit: **C** ConnSH637540895474330479System.Random
01:19:07.197    (INFO)     Trx.Start: **** ConnSH637540895474470759System.Random
01:19:07.197    (INFO)     Trx.Commit: **C** ConnSH637540895474470759System.Random
01:19:07.197    (INFO)     Trx.Start: **** ConnSH637540895474590253System.Random
01:19:07.197    (INFO)     Trx.Commit: **C** ConnSH637540895474590253System.Random
01:19:07.197    (INFO)     Trx.Start: **** ConnSH637540895474700603System.Random
01:19:07.197    (INFO)     Trx.Commit: **C** ConnSH637540895474700603System.Random
01:19:07.197    (INFO)     Trx.Start: **** ConnSH637540895474807251System.Random
01:19:07.197    (INFO)     Trx.Commit: **C** ConnSH637540895474807251System.Random
01:19:07.197    (INFO)     Trx.Start: **** ConnSH637540895474917229System.Random
01:19:07.197    (INFO)     Trx.Commit: **C** ConnSH637540895474917229System.Random
01:19:07.197    (INFO)     Trx.Start: **** ConnSH637540895475026991System.Random
01:19:07.197    (INFO)     Trx.Commit: **C** ConnSH637540895475026991System.Random
01:19:07.197    (INFO)     Trx.Start: **** ConnSH637540895475131192System.Random
01:19:07.197    (INFO)     Trx.Commit: **C** ConnSH637540895475131192System.Random
01:19:07.197    (INFO)     Trx.Start: **** ConnSH637540895475241190System.Random
01:19:07.197    (INFO)     Trx.Commit: **C** ConnSH637540895475241190System.Random
01:19:07.197    (INFO)     Trx.Start: **** ConnSH637540895475353041System.Random
01:19:07.197    (INFO)     Trx.Commit: **C** ConnSH637540895475353041System.Random
01:19:07.197    (INFO)     Trx.Start: **** ConnSH637540895475462859System.Random
01:19:07.197    (INFO)     Trx.Commit: **C** ConnSH637540895475462859System.Random
01:19:07.197    (INFO)     Trx.Start: **** ConnSH637540895475584980System.Random
01:19:07.197    (INFO)     Trx.Commit: **C** ConnSH637540895475584980System.Random
01:19:07.197    (INFO)     Trx.Start: **** ConnSH637540895475697056System.Random
01:19:07.197    (INFO)     Trx.Commit: **C** ConnSH637540895475697056System.Random
01:19:07.197    (INFO)     Trx.Start: **** ConnSH637540895475884109System.Random
01:19:07.197    (INFO)     Trx.Commit: **C** ConnSH637540895475884109System.Random
01:19:07.197    (INFO)     Trx.Start: **** ConnSH637540895476038091System.Random
01:19:07.197    (INFO)     Trx.Commit: **C** ConnSH637540895476038091System.Random
01:19:07.197    (INFO)     Trx.Start: **** ConnSH637540895476197837System.Random
01:19:07.197    (INFO)     Trx.Commit: **C** ConnSH637540895476197837System.Random
01:19:07.197    (INFO)     Trx.Start: **** ConnSH637540895476346098System.Random
01:19:07.197    (INFO)     Trx.Commit: **C** ConnSH637540895476346098System.Random
01:19:07.197    (INFO)     Trx.Start: **** ConnSH637540895476511798System.Random
01:19:07.197    (INFO)     Trx.Commit: **C** ConnSH637540895476511798System.Random
01:19:07.197    (INFO)     Trx.Start: **** ConnSH637540895476649422System.Random
01:19:07.197    (INFO)     Trx.Commit: **C** ConnSH637540895476649422System.Random
01:19:07.197    (INFO)     Trx.Start: **** ConnSH637540895476837522System.Random
01:19:07.197    (INFO)     Trx.Commit: **C** ConnSH637540895476837522System.Random
===========>     (SEVERE)   CalculatePenalties.StartProcess: Index was out of range. Must be non-negative and less than the size of the collection.
Parameter name: index
