*** 4/20/2021 9:16:00 AM VAdvantage Log  ***
----------->     (WARNING)  GridTable.GetField: Not found: 'Created'
----------->     (WARNING)  GridTable.GetField: Not found: 'CreatedBy'
----------->     (WARNING)  GridTable.GetField: Not found: 'Updated'
----------->     (WARNING)  GridTable.GetField: Not found: 'UpdatedBy'
===========>     (SEVERE)   OracleHelper.ExecuteDataset: ORA-00942: table or view does not exist [Query D] => SELECT vadms_windowdoclink_id, record_id FROM VADMS_WindowDocLink wdl JOIN vadms_document doc ON wdl.VADMS_Document_ID  =doc.VADMS_Document_ID WHERE doc.vadms_docstatus!='DD' AND AD_Table_ID =116
----------->     (WARNING)  GridTable.GetField: Not found: 'Created'
----------->     (WARNING)  GridTable.GetField: Not found: 'CreatedBy'
----------->     (WARNING)  GridTable.GetField: Not found: 'Updated'
----------->     (WARNING)  GridTable.GetField: Not found: 'UpdatedBy'
09:16:00.160    (INFO)     Trx.Start: **** ConnSH637545069609291089System.Random
09:16:00.160    (INFO)     Trx.Commit: **C** ConnSH637545069609291089System.Random
09:16:01.161    (INFO)     MTree.Load: AD_Tree_ID=121, AD_User_ID=100, Editable=True, OnClient=True
09:16:01.161    (INFO)     Trx.Start: **** ConnSH637545069618791279System.Random
09:16:01.161    (INFO)     Trx.Commit: **C** ConnSH637545069618791279System.Random
09:16:06.166    (INFO)     Trx.Start: **** ConnSH637545069667702270System.Random
09:16:06.166    (INFO)     Trx.Commit: **C** ConnSH637545069667702270System.Random
09:16:20.162    (INFO)     MChangeLog.FillChangeLog: #9
===========>     (SEVERE)   VLookUpInfo.GetLookup_DisplayColumn: No Identifier records found: AD_BView
===========>     (SEVERE)   VLookUpInfo.GetLookup_DisplayColumn: No Identifier records found: AD_ReportTemplate
===========>     (SEVERE)   VLookUpInfo.GetLookup_DisplayColumn: No Identifier records found: AD_BView_Field
----------->     (WARNING)  GridTable.GetField: Not found: 'Created'
----------->     (WARNING)  GridTable.GetField: Not found: 'CreatedBy'
----------->     (WARNING)  GridTable.GetField: Not found: 'Updated'
----------->     (WARNING)  GridTable.GetField: Not found: 'UpdatedBy'
===========>     (SEVERE)   OracleHelper.ExecuteDataset: ORA-00942: table or view does not exist [Query D] => SELECT vadms_windowdoclink_id, record_id FROM VADMS_WindowDocLink wdl JOIN vadms_document doc ON wdl.VADMS_Document_ID  =doc.VADMS_Document_ID WHERE doc.vadms_docstatus!='DD' AND AD_Table_ID =284
----------->     (WARNING)  GridTable.GetField: Not found: 'Created'
----------->     (WARNING)  GridTable.GetField: Not found: 'CreatedBy'
----------->     (WARNING)  GridTable.GetField: Not found: 'Updated'
----------->     (WARNING)  GridTable.GetField: Not found: 'UpdatedBy'
----------->     (WARNING)  GridTable.GetField: Not found: 'Created'
----------->     (WARNING)  GridTable.GetField: Not found: 'CreatedBy'
----------->     (WARNING)  GridTable.GetField: Not found: 'Updated'
----------->     (WARNING)  GridTable.GetField: Not found: 'UpdatedBy'
----------->     (WARNING)  GridTable.GetField: Not found: 'Created'
----------->     (WARNING)  GridTable.GetField: Not found: 'CreatedBy'
----------->     (WARNING)  GridTable.GetField: Not found: 'Updated'
----------->     (WARNING)  GridTable.GetField: Not found: 'UpdatedBy'
===========>     (SEVERE)   OracleHelper.ExecuteDataset: ORA-00942: table or view does not exist [Query D] => SELECT vadms_windowdoclink_id, record_id FROM VADMS_WindowDocLink wdl JOIN vadms_document doc ON wdl.VADMS_Document_ID  =doc.VADMS_Document_ID WHERE doc.vadms_docstatus!='DD' AND AD_Table_ID =285
----------->     (WARNING)  GridTable.GetField: Not found: 'Created'
----------->     (WARNING)  GridTable.GetField: Not found: 'CreatedBy'
----------->     (WARNING)  GridTable.GetField: Not found: 'Updated'
----------->     (WARNING)  GridTable.GetField: Not found: 'UpdatedBy'
09:17:03.173    (INFO)     Trx.Start: **** ConnSH637545070239315358System.Random
09:17:03.173    (INFO)     Trx.Commit: **C** ConnSH637545070239315358System.Random
===========>     (SEVERE)   DB_Oracle.ExecuteDatasetPaging: ORA-00942: table or view does not exist [Query NQTrx]select * FROM (SELECT t.*, rownum AS row_num FROM (SELECT AD_BView.AD_BView_ID,NULL,NULL,AD_BView.IsActive FROM AD_BView WHERE AD_BView.AD_Client_ID=0 AND (COALESCE(AD_BView.AD_Org_ID,0) IN(0,0)) ORDER BY 3) t ) WHERE row_num BETWEEN (((1 - 1) * 1000) + 1) AND ((1 * 1000))
===========>     (SEVERE)   DB_Oracle.ExecuteDatasetPaging: ORA-00942: table or view does not exist [Query NQTrx]select * FROM (SELECT t.*, rownum AS row_num FROM (SELECT AD_BView_Field.AD_BView_Field_ID,NULL,NULL,AD_BView_Field.IsActive FROM AD_BView_Field WHERE AD_BView_Field.AD_Client_ID=0 AND (COALESCE(AD_BView_Field.AD_Org_ID,0) IN(0,0))) t ) WHERE row_num BETWEEN (((1 - 1) * 1000) + 1) AND ((1 * 1000))
09:17:04.174    (INFO)     Trx.Start: **** ConnSH637545070242410623System.Random
09:17:04.174    (INFO)     Trx.Commit: **C** ConnSH637545070242410623System.Random
===========>     (SEVERE)   DB_Oracle.ExecuteDatasetPaging: ORA-00942: table or view does not exist [Query NQTrx]select * FROM (SELECT t.*, rownum AS row_num FROM (SELECT AD_ReportTemplate.AD_ReportTemplate_ID,NULL,NULL,AD_ReportTemplate.IsActive FROM AD_ReportTemplate WHERE AD_ReportTemplate.AD_Client_ID=0 AND (COALESCE(AD_ReportTemplate.AD_Org_ID,0) IN(0,0)) ORDER BY 3) t ) WHERE row_num BETWEEN (((1 - 1) * 1000) + 1) AND ((1 * 1000))
09:17:28.172    (INFO)     Trx.Start: **** ConnSH637545070482781626System.Random
09:17:28.172    (INFO)     Trx.Commit: **C** ConnSH637545070482781626System.Random
09:17:28.172    (INFO)     CacheMgt.Reset: AD_Process: #1 (0)
09:17:46.174    (INFO)     Trx.Start: **** ConnSH637545070667229111System.Random
09:17:46.174    (INFO)     Trx.Commit: **C** ConnSH637545070667229111System.Random
09:17:46.174    (INFO)     CacheReset.DoIt: 
09:17:46.174    (INFO)     Env.Reset: finalCall=False
09:17:46.174    (INFO)     CacheMgt.Reset: #18 (4390)
09:17:46.174    (INFO)     MRole.Get: AD_Role_ID=0, AD_User_ID=0, reload=True
09:17:46.174    (INFO)     MRole.Get: MRole[0,System Administrator,UserLevel=S  ,AD_Client_ID=0,AD_Org_ID=0]
09:17:46.174    (INFO)     MRole.Get: AD_Role_ID=0, AD_User_ID=100, reload=True
