*** 4/13/2021 10:14:44 AM VAdvantage Log  ***
10:14:44.144    (INFO)     Trx.Start: **** ConnSH637539056842345144System.Random
10:14:44.144    (INFO)     Trx.Commit: **C** ConnSH637539056842345144System.Random
10:14:44.144    (INFO)     MChangeLog.FillChangeLog: #9
10:14:44.144    (INFO)     Trx.Start: **** ConnSH637539056843425135System.Random
10:14:44.144    (INFO)     Trx.Commit: **C** ConnSH637539056843425135System.Random
===========>     (SEVERE)   DB.ExecuteQuery:  => ORA-01400: cannot insert NULL into ("VIENNAADVANTAGE"."VAHRUAE_MTHATTENDDETAIL"."C_BPARTNER_ID")
----------->     (WARNING)  DB.ExecuteQuery: DBExecuteError - ORA-01400: cannot insert NULL into ("VIENNAADVANTAGE"."VAHRUAE_MTHATTENDDETAIL"."C_BPARTNER_ID")
----------->     (WARNING)  X_VAHRUAE_MthAttendDetail.DoIt: Not insertedVAHRUAE_MthAttendDetail
10:14:44.144    (INFO)     CacheMgt.Reset: AD_Process: #1 (1)
----------->     (WARNING)  GridTable.GetField: Not found: 'Created'
----------->     (WARNING)  GridTable.GetField: Not found: 'CreatedBy'
----------->     (WARNING)  GridTable.GetField: Not found: 'Updated'
----------->     (WARNING)  GridTable.GetField: Not found: 'UpdatedBy'
===========>     (SEVERE)   OracleHelper.ExecuteDataset: ORA-00942: table or view does not exist [Query D] => SELECT vadms_windowdoclink_id, record_id FROM VADMS_WindowDocLink wdl JOIN vadms_document doc ON wdl.VADMS_Document_ID  =doc.VADMS_Document_ID WHERE doc.vadms_docstatus!='DD' AND AD_Table_ID =1000829
----------->     (WARNING)  GridTable.GetField: Not found: 'Created'
----------->     (WARNING)  GridTable.GetField: Not found: 'CreatedBy'
----------->     (WARNING)  GridTable.GetField: Not found: 'Updated'
----------->     (WARNING)  GridTable.GetField: Not found: 'UpdatedBy'
===========>     (SEVERE)   OracleHelper.ExecuteDataset: ORA-00942: table or view does not exist [Query D] => SELECT vadms_windowdoclink_id, record_id FROM VADMS_WindowDocLink wdl JOIN vadms_document doc ON wdl.VADMS_Document_ID  =doc.VADMS_Document_ID WHERE doc.vadms_docstatus!='DD' AND AD_Table_ID =1000828
----------->     (WARNING)  GridTable.GetField: Not found: 'Created'
----------->     (WARNING)  GridTable.GetField: Not found: 'CreatedBy'
----------->     (WARNING)  GridTable.GetField: Not found: 'Updated'
----------->     (WARNING)  GridTable.GetField: Not found: 'UpdatedBy'
===========>     (SEVERE)   OracleHelper.ExecuteDataset: ORA-00942: table or view does not exist [Query D] => SELECT vadms_windowdoclink_id, record_id FROM VADMS_WindowDocLink wdl JOIN vadms_document doc ON wdl.VADMS_Document_ID  =doc.VADMS_Document_ID WHERE doc.vadms_docstatus!='DD' AND AD_Table_ID =1000902
10:18:31.183    (INFO)     Trx.Start: **** ConnSH637539059119665132System.Random
10:18:31.183    (INFO)     Trx.Commit: **C** ConnSH637539059119665132System.Random
10:18:32.183    (INFO)     Trx.Start: **** ConnSH637539059126535134System.Random
10:18:32.183    (INFO)     Trx.Commit: **C** ConnSH637539059126535134System.Random
10:18:42.184    (INFO)     MSession.Logout: 02:04:14.724
10:18:45.184    (INFO)     MRole.Get: AD_Role_ID=102, AD_User_ID=101, reload=True
10:18:45.184    (INFO)     MRole.Get: MRole[102,IdeasInc Admin,UserLevel= CO,AD_Client_ID IN (0,11),]
10:18:45.184    (INFO)     MRole.Get: AD_Role_ID=102, AD_User_ID=101, reload=True
10:18:45.184    (INFO)     MRole.Get: MRole[102,IdeasInc Admin,UserLevel= CO,AD_Client_ID IN (0,11),]
10:18:45.184    (INFO)     MTree.Load: AD_Tree_ID=121, AD_User_ID=101, Editable=False, OnClient=True
10:18:46.184    (INFO)     Trx.Start: **** ConnSH637539059260075144System.Random
10:18:46.184    (INFO)     Trx.Commit: **C** ConnSH637539059260075144System.Random
----------->     (WARNING)  AccessSqlParser.GetTableInfo: More than one FROM clause - SELECT AppointmentsInfo.Appointmentsinfo_id AS ID,AppointmentsInfo.AD_Client_ID,AppointmentsInfo.AD_Org_ID  FROM AppointmentsInfo JOIN AD_User ON AD_User.AD_User_ID =AppointmentsInfo.CreatedBy WHERE AppointmentsInfo.IsRead='N' AND AppointmentsInfo.istask ='N'  AND AppointmentsInfo.AD_User_ID  = 101  UNION SELECT AppointmentsInfo.Appointmentsinfo_id AS ID, AppointmentsInfo.AD_Client_ID,AppointmentsInfo.AD_Org_ID FROM AppointmentsInfo  JOIN AD_User ON AD_User.AD_User_ID = AppointmentsInfo.CreatedBy  WHERE (AppointmentsInfo.IsRead ='Y'   AND AppointmentsInfo.AD_User_ID = 101 )  AND AppointmentsInfo.istask ='N'  AND AppointmentsInfo.startDate BETWEEN to_date('4/12/21','mm/dd/yy') and to_date('4/20/21 23.59','mm/dd/yy HH24:MI')   OR  to_date('4/13/21','mm/dd/yy')  BETWEEN  AppointmentsInfo.startDate  AND AppointmentsInfo.endDate  AND  AppointmentsInfo.CreatedBy  !=101 AND AppointmentsInfo.AD_User_ID  = 101)
----------->     (WARNING)  AccessSqlParser.GetTableInfo: Could not remove ON AppointmentsInfo JOIN AD_User ON AD_User.AD_User_ID =AppointmentsInfo.CreatedBy
----------->     (WARNING)  GridTable.GetField: Not found: 'Created'
----------->     (WARNING)  GridTable.GetField: Not found: 'CreatedBy'
----------->     (WARNING)  GridTable.GetField: Not found: 'Updated'
----------->     (WARNING)  GridTable.GetField: Not found: 'UpdatedBy'
===========>     (SEVERE)   OracleHelper.ExecuteDataset: ORA-00942: table or view does not exist [Query D] => SELECT vadms_windowdoclink_id, record_id FROM VADMS_WindowDocLink wdl JOIN vadms_document doc ON wdl.VADMS_Document_ID  =doc.VADMS_Document_ID WHERE doc.vadms_docstatus!='DD' AND AD_Table_ID =1000847
----------->     (WARNING)  GridTable.GetField: Not found: 'Created'
----------->     (WARNING)  GridTable.GetField: Not found: 'CreatedBy'
----------->     (WARNING)  GridTable.GetField: Not found: 'Updated'
----------->     (WARNING)  GridTable.GetField: Not found: 'UpdatedBy'
===========>     (SEVERE)   OracleHelper.ExecuteDataset: ORA-00942: table or view does not exist [Query D] => SELECT vadms_windowdoclink_id, record_id FROM VADMS_WindowDocLink wdl JOIN vadms_document doc ON wdl.VADMS_Document_ID  =doc.VADMS_Document_ID WHERE doc.vadms_docstatus!='DD' AND AD_Table_ID =1000846
10:18:50.185    (INFO)     Trx.Start: **** ConnSH637539059300905137System.Random
10:18:50.185    (INFO)     Trx.Commit: **C** ConnSH637539059300905137System.Random
10:18:50.185    (INFO)     Trx.Start: **** ConnSH637539059304105138System.Random
10:18:50.185    (INFO)     Trx.Commit: **C** ConnSH637539059304105138System.Random
10:19:13.191    (INFO)     MTable.GetPO: Using GenericPO for VAHRUAE_HR_Penality
10:19:13.191    (INFO)     Trx.Start: **** ConnSH637539059534515141System.Random
10:19:13.191    (INFO)     Trx.Commit: **C** ConnSH637539059534515141System.Random
10:19:34.193    (INFO)     MTable.GetPO: Using GenericPO for VAHRUAE_HR_Penality
10:19:34.193    (INFO)     Trx.Start: **** ConnSH637539059749525136System.Random
10:19:34.193    (INFO)     Trx.Commit: **C** ConnSH637539059749525136System.Random
10:19:34.193    (INFO)     Trx.Start: **** ConnSH637539059749645138System.Random
10:19:34.193    (INFO)     Trx.Commit: **C** ConnSH637539059749645138System.Random
10:19:49.194    (INFO)     Trx.Start: **** ConnSH637539059896495133System.Random
10:19:49.194    (INFO)     Trx.Commit: **C** ConnSH637539059896495133System.Random
10:19:49.194    (INFO)     CacheReset.DoIt: 
10:19:49.194    (INFO)     Env.Reset: finalCall=False
10:19:49.194    (INFO)     CacheMgt.Reset: #20 (5862)
10:19:49.194    (INFO)     MRole.Get: AD_Role_ID=0, AD_User_ID=0, reload=True
10:19:49.194    (INFO)     MRole.Get: MRole[0,System Administrator,UserLevel=S  ,AD_Client_ID=0,AD_Org_ID=0]
10:19:49.194    (INFO)     MRole.Get: AD_Role_ID=102, AD_User_ID=101, reload=True
10:19:49.194    (INFO)     MRole.Get: MRole[102,IdeasInc Admin,UserLevel= CO,AD_Client_ID IN (0,11),]
10:19:49.194    (INFO)     MChangeLog.FillChangeLog: #9
10:19:49.194    (INFO)     CacheMgt.Reset: AD_Process: #1 (1)
10:19:53.195    (INFO)     MSession.Logout: 02:01:08.965
10:19:58.195    (INFO)     MRole.Get: AD_Role_ID=0, AD_User_ID=100, reload=True
10:19:58.195    (INFO)     MRole.Get: MRole[0,System Administrator,UserLevel=S  ,AD_Client_ID=0,AD_Org_ID=0]
10:19:58.195    (INFO)     MRole.Get: AD_Role_ID=0, AD_User_ID=100, reload=True
10:19:58.195    (INFO)     MRole.Get: MRole[0,System Administrator,UserLevel=S  ,AD_Client_ID=0,AD_Org_ID=0]
10:19:58.195    (INFO)     MTree.Load: AD_Tree_ID=121, AD_User_ID=100, Editable=False, OnClient=True
10:19:59.195    (INFO)     Trx.Start: **** ConnSH637539059991635150System.Random
10:19:59.195    (INFO)     Trx.Commit: **C** ConnSH637539059991635150System.Random
10:19:59.195    (INFO)     Msg.InitMsg: Records=4077 - en_US
----------->     (WARNING)  AccessSqlParser.GetTableInfo: More than one FROM clause - SELECT AppointmentsInfo.Appointmentsinfo_id AS ID,AppointmentsInfo.AD_Client_ID,AppointmentsInfo.AD_Org_ID  FROM AppointmentsInfo JOIN AD_User ON AD_User.AD_User_ID =AppointmentsInfo.CreatedBy WHERE AppointmentsInfo.IsRead='N' AND AppointmentsInfo.istask ='N'  AND AppointmentsInfo.AD_User_ID  = 100  UNION SELECT AppointmentsInfo.Appointmentsinfo_id AS ID, AppointmentsInfo.AD_Client_ID,AppointmentsInfo.AD_Org_ID FROM AppointmentsInfo  JOIN AD_User ON AD_User.AD_User_ID = AppointmentsInfo.CreatedBy  WHERE (AppointmentsInfo.IsRead ='Y'   AND AppointmentsInfo.AD_User_ID = 100 )  AND AppointmentsInfo.istask ='N'  AND AppointmentsInfo.startDate BETWEEN to_date('4/12/21','mm/dd/yy') and to_date('4/20/21 23.59','mm/dd/yy HH24:MI')   OR  to_date('4/13/21','mm/dd/yy')  BETWEEN  AppointmentsInfo.startDate  AND AppointmentsInfo.endDate  AND  AppointmentsInfo.CreatedBy  !=100 AND AppointmentsInfo.AD_User_ID  = 100)
----------->     (WARNING)  AccessSqlParser.GetTableInfo: Could not remove ON AppointmentsInfo JOIN AD_User ON AD_User.AD_User_ID =AppointmentsInfo.CreatedBy
10:20:02.202    (INFO)     Trx.Start: **** ConnSH637539060025235138System.Random
10:20:02.202    (INFO)     Trx.Commit: **C** ConnSH637539060025235138System.Random
10:20:02.202    (INFO)     Trx.Start: **** ConnSH637539060025795137System.Random
10:20:02.202    (INFO)     Trx.Commit: **C** ConnSH637539060025795137System.Random
10:20:02.202    (INFO)     Trx.Start: **** ConnSH637539060026015144System.Random
10:20:02.202    (INFO)     Trx.Commit: **C** ConnSH637539060026015144System.Random
10:20:02.202    (INFO)     Trx.Start: **** ConnSH637539060026165162System.Random
10:20:02.202    (INFO)     Trx.Commit: **C** ConnSH637539060026165162System.Random
10:20:02.202    (INFO)     Trx.Start: **** ConnSH637539060026605137System.Random
10:20:02.202    (INFO)     Trx.Commit: **C** ConnSH637539060026605137System.Random
10:20:02.202    (INFO)     Trx.Start: **** ConnSH637539060026755139System.Random
10:20:02.202    (INFO)     Trx.Commit: **C** ConnSH637539060026755139System.Random
10:20:02.202    (INFO)     Trx.Start: **** ConnSH637539060026945138System.Random
10:20:02.202    (INFO)     Trx.Commit: **C** ConnSH637539060026945138System.Random
10:20:02.202    (INFO)     Trx.Start: **** ConnSH637539060027125134System.Random
10:20:02.202    (INFO)     Trx.Commit: **C** ConnSH637539060027125134System.Random
10:20:02.202    (INFO)     Trx.Start: **** ConnSH637539060027295141System.Random
10:20:02.202    (INFO)     Trx.Commit: **C** ConnSH637539060027295141System.Random
10:20:02.202    (INFO)     Trx.Start: **** ConnSH637539060027415138System.Random
10:20:02.202    (INFO)     Trx.Commit: **C** ConnSH637539060027415138System.Random
===========>     (SEVERE)   DB.ExecuteQuery:  => ORA-01400: cannot insert NULL into ("VIENNAADVANTAGE"."VAHRUAE_MTHATTENDDETAIL"."C_BPARTNER_ID")
----------->     (WARNING)  DB.ExecuteQuery: DBExecuteError - ORA-01400: cannot insert NULL into ("VIENNAADVANTAGE"."VAHRUAE_MTHATTENDDETAIL"."C_BPARTNER_ID")
----------->     (WARNING)  X_VAHRUAE_MthAttendDetail.DoIt: Not insertedVAHRUAE_MthAttendDetail
