*** 5/20/2021 12:14:19 PM VAdvantage Log  ***
12:14:19.141    (INFO)     Trx.Start: **** ConnSH637571096591554786System.Random
12:14:19.141    (INFO)     Trx.Commit: **C** ConnSH637571096591554786System.Random
12:14:19.141    (INFO)     MChangeLog.FillChangeLog: #9
===========>     (SEVERE)   OracleHelper.ExecuteReader: ORA-01756: quoted string not properly terminated [Query DR] SELECT VAHRUAE_HR_LEAVEDETAIL_ID FROM VAHRUAE_HR_LEAVEDETAIL WHERE C_BPARTNER_ID = 1006736AND VAHRUAE_APPROVE = 'Y' AND VAHRUAE_DATE1= '20-JUN-21
===========>     (SEVERE)   OracleHelper.ExecuteReader: ORA-01756: quoted string not properly terminated [Query DR] SELECT VAHRUAE_HR_LEAVEDETAIL_ID FROM VAHRUAE_HR_LEAVEDETAIL WHERE C_BPARTNER_ID = 1006736AND VAHRUAE_APPROVE = 'Y' AND VAHRUAE_DATE1= '20-JUN-21
===========>     (SEVERE)   PO.DoIt: SELECT VAHRUAE_HR_LEAVEDETAIL_ID FROM VAHRUAE_HR_LEAVEDETAIL WHERE C_BPARTNER_ID = 1006736AND VAHRUAE_APPROVE = 'Y' AND VAHRUAE_DATE1= '20-JUN-21 => ORA-01756: quoted string not properly terminated
12:14:19.141    (INFO)     Trx.Start: **** ConnSH637571096593194453System.Random
12:14:19.141    (INFO)     Trx.Commit: **C** ConnSH637571096593194453System.Random
12:14:19.141    (INFO)     Trx.Start: **** ConnSH637571096593294441System.Random
12:14:19.141    (INFO)     Trx.Commit: **C** ConnSH637571096593294441System.Random
12:14:19.141    (INFO)     Trx.Start: **** ConnDDH637571096593444437System.Random
12:14:19.141    (INFO)     Trx.ExecuteDataSet: Trx Dataset ConnDDH637571096593444437System.Random 274
12:14:19.141    (INFO)     Trx.ExecuteQuery: Trx non-query ConnDDH637571096593444437System.Random 274
12:14:19.141    (INFO)     Trx.Commit: **C** ConnDDH637571096593444437System.Random
12:14:19.141    (INFO)     Trx.Start: **** ConnSH637571096595104453System.Random
12:14:19.141    (INFO)     Trx.Commit: **C** ConnSH637571096595104453System.Random
12:14:19.141    (INFO)     Trx.Start: **** ConnSH637571096596734695System.Random
12:14:19.141    (INFO)     Trx.Commit: **C** ConnSH637571096596734695System.Random
===========>     (SEVERE)   OracleHelper.ExecuteReader: ORA-00904: "VAHRUAE_LEAVE_TYPE": invalid identifier [Query DR] SELECT VAHRUAE_HR_LeaveDetail_ID FROM VAHRUAE_HR_LeaveDetail WHERE C_BPartner_ID = 1006736 AND VAHRUAE_LEAVE_TYPE = 'SL' AND VAHRUAE_Date1 >= '01-JAN-2021' AND VAHRUAE_DATE1 <= '31-DEC2021'
===========>     (SEVERE)   OracleHelper.ExecuteReader: ORA-00904: "VAHRUAE_LEAVE_TYPE": invalid identifier [Query DR] SELECT VAHRUAE_HR_LeaveDetail_ID FROM VAHRUAE_HR_LeaveDetail WHERE C_BPartner_ID = 1006736 AND VAHRUAE_LEAVE_TYPE = 'SL' AND VAHRUAE_Date1 >= '01-JAN-2021' AND VAHRUAE_DATE1 <= '31-DEC2021'
===========>     (SEVERE)   PO.LeaveDaysDeduction: SELECT VAHRUAE_HR_LeaveDetail_ID FROM VAHRUAE_HR_LeaveDetail WHERE C_BPartner_ID = 1006736 AND VAHRUAE_LEAVE_TYPE = 'SL' AND VAHRUAE_Date1 >= '01-JAN-2021' AND VAHRUAE_DATE1 <= '31-DEC2021' => ORA-00904: "VAHRUAE_LEAVE_TYPE": invalid identifier
12:14:19.141    (INFO)     Trx.Start: **** ConnSH637571096596914729System.Random
12:14:19.141    (INFO)     Trx.Commit: **C** ConnSH637571096596914729System.Random
12:14:25.142    (INFO)     CacheMgt.Reset: AD_Process: #1 (1)
*** 5/20/2021 2:33:32 PM VAdvantage Log ***
