*** 5/14/2021 9:08:27 PM VAdvantage Log  ***
09:08:27.827    (INFO)     Trx.Start: **** ConnSH637566233076523140System.Random
09:08:27.827    (INFO)     Trx.Commit: **C** ConnSH637566233076523140System.Random
09:08:27.827    (INFO)     MChangeLog.FillChangeLog: #9
===========>     (SEVERE)   OracleHelper.ExecuteReader: ORA-01756: quoted string not properly terminated [Query DR] SELECT VAHRUAE_HR_LEAVEDETAIL_ID FROM VAHRUAE_HR_LEAVEDETAIL WHERE C_BPARTNER_ID = 1006732AND VAHRUAE_APPROVE = 'Y' AND VAHRUAE_DATE1= '21-JUN-21
===========>     (SEVERE)   OracleHelper.ExecuteReader: ORA-01756: quoted string not properly terminated [Query DR] SELECT VAHRUAE_HR_LEAVEDETAIL_ID FROM VAHRUAE_HR_LEAVEDETAIL WHERE C_BPARTNER_ID = 1006732AND VAHRUAE_APPROVE = 'Y' AND VAHRUAE_DATE1= '21-JUN-21
===========>     (SEVERE)   PO.DoIt: SELECT VAHRUAE_HR_LEAVEDETAIL_ID FROM VAHRUAE_HR_LEAVEDETAIL WHERE C_BPARTNER_ID = 1006732AND VAHRUAE_APPROVE = 'Y' AND VAHRUAE_DATE1= '21-JUN-21 => ORA-01756: quoted string not properly terminated
09:08:36.836    (INFO)     Trx.Start: **** ConnSH637566233168322941System.Random
09:08:36.836    (INFO)     Trx.Commit: **C** ConnSH637566233168322941System.Random
09:08:36.836    (INFO)     CacheMgt.Reset: AD_Process: #1 (1)
09:09:00.900    (INFO)     MSession.Logout: 02:01:44.328
09:09:02.920    (INFO)     MRole.Get: AD_Role_ID=102, AD_User_ID=101, reload=True
09:09:02.920    (INFO)     MRole.Get: MRole[102,IdeasInc Admin,UserLevel= CO,AD_Client_ID IN (0,11),]
09:09:02.920    (INFO)     MRole.Get: AD_Role_ID=102, AD_User_ID=101, reload=True
09:09:02.920    (INFO)     MRole.Get: MRole[102,IdeasInc Admin,UserLevel= CO,AD_Client_ID IN (0,11),]
09:09:02.920    (INFO)     MTree.Load: AD_Tree_ID=121, AD_User_ID=101, Editable=False, OnClient=True
09:09:03.930    (INFO)     Trx.Start: **** ConnSH637566233432333498System.Random
09:09:03.930    (INFO)     Trx.Commit: **C** ConnSH637566233432333498System.Random
----------->     (WARNING)  AccessSqlParser.GetTableInfo: More than one FROM clause - SELECT AppointmentsInfo.Appointmentsinfo_id AS ID,AppointmentsInfo.AD_Client_ID,AppointmentsInfo.AD_Org_ID  FROM AppointmentsInfo JOIN AD_User ON AD_User.AD_User_ID =AppointmentsInfo.CreatedBy WHERE AppointmentsInfo.IsRead='N' AND AppointmentsInfo.istask ='N'  AND AppointmentsInfo.AD_User_ID  = 101  UNION SELECT AppointmentsInfo.Appointmentsinfo_id AS ID, AppointmentsInfo.AD_Client_ID,AppointmentsInfo.AD_Org_ID FROM AppointmentsInfo  JOIN AD_User ON AD_User.AD_User_ID = AppointmentsInfo.CreatedBy  WHERE (AppointmentsInfo.IsRead ='Y'   AND AppointmentsInfo.AD_User_ID = 101 )  AND AppointmentsInfo.istask ='N'  AND AppointmentsInfo.startDate BETWEEN to_date('5/13/21','mm/dd/yy') and to_date('5/21/21 23.59','mm/dd/yy HH24:MI')   OR  to_date('5/14/21','mm/dd/yy')  BETWEEN  AppointmentsInfo.startDate  AND AppointmentsInfo.endDate  AND  AppointmentsInfo.CreatedBy  !=101 AND AppointmentsInfo.AD_User_ID  = 101)
----------->     (WARNING)  AccessSqlParser.GetTableInfo: Could not remove ON AppointmentsInfo JOIN AD_User ON AD_User.AD_User_ID =AppointmentsInfo.CreatedBy
09:09:05.950    (INFO)     MSession.Logout: 02:00:03.578
09:09:07.970    (INFO)     MRole.Get: AD_Role_ID=103, AD_User_ID=102, reload=True
09:09:07.970    (INFO)     MRole.Get: MRole[103,IdeasInc User,UserLevel=  O,AD_Client_ID IN(0,11),AD_Org_ID IN(0,11,12)]
09:09:07.970    (INFO)     MRole.Get: AD_Role_ID=103, AD_User_ID=102, reload=True
09:09:07.970    (INFO)     MRole.Get: MRole[103,IdeasInc User,UserLevel=  O,AD_Client_ID IN(0,11),AD_Org_ID IN(0,11,12)]
09:09:07.970    (INFO)     MTree.Load: AD_Tree_ID=10, AD_User_ID=102, Editable=False, OnClient=True
09:09:07.970    (INFO)     Trx.Start: **** ConnSH637566233476873120System.Random
09:09:07.970    (INFO)     Trx.Commit: **C** ConnSH637566233476873120System.Random
----------->     (WARNING)  AccessSqlParser.GetTableInfo: More than one FROM clause - SELECT AppointmentsInfo.Appointmentsinfo_id AS ID,AppointmentsInfo.AD_Client_ID,AppointmentsInfo.AD_Org_ID  FROM AppointmentsInfo JOIN AD_User ON AD_User.AD_User_ID =AppointmentsInfo.CreatedBy WHERE AppointmentsInfo.IsRead='N' AND AppointmentsInfo.istask ='N'  AND AppointmentsInfo.AD_User_ID  = 102  UNION SELECT AppointmentsInfo.Appointmentsinfo_id AS ID, AppointmentsInfo.AD_Client_ID,AppointmentsInfo.AD_Org_ID FROM AppointmentsInfo  JOIN AD_User ON AD_User.AD_User_ID = AppointmentsInfo.CreatedBy  WHERE (AppointmentsInfo.IsRead ='Y'   AND AppointmentsInfo.AD_User_ID = 102 )  AND AppointmentsInfo.istask ='N'  AND AppointmentsInfo.startDate BETWEEN to_date('5/13/21','mm/dd/yy') and to_date('5/21/21 23.59','mm/dd/yy HH24:MI')   OR  to_date('5/14/21','mm/dd/yy')  BETWEEN  AppointmentsInfo.startDate  AND AppointmentsInfo.endDate  AND  AppointmentsInfo.CreatedBy  !=102 AND AppointmentsInfo.AD_User_ID  = 102)
----------->     (WARNING)  AccessSqlParser.GetTableInfo: Could not remove ON AppointmentsInfo JOIN AD_User ON AD_User.AD_User_ID =AppointmentsInfo.CreatedBy
09:09:18.918    (INFO)     MSession.Logout: 02:00:12.811
09:09:22.922    (INFO)     MRole.Get: AD_Role_ID=103, AD_User_ID=102, reload=True
09:09:22.922    (INFO)     MRole.Get: MRole[103,IdeasInc User,UserLevel=  O,AD_Client_ID IN(0,11),AD_Org_ID IN(0,11,12)]
09:09:22.922    (INFO)     MTree.Load: AD_Tree_ID=10, AD_User_ID=102, Editable=False, OnClient=True
09:09:22.922    (INFO)     Trx.Start: **** ConnSH637566233624086138System.Random
09:09:22.922    (INFO)     Trx.Commit: **C** ConnSH637566233624086138System.Random
----------->     (WARNING)  AccessSqlParser.GetTableInfo: More than one FROM clause - SELECT AppointmentsInfo.Appointmentsinfo_id AS ID,AppointmentsInfo.AD_Client_ID,AppointmentsInfo.AD_Org_ID  FROM AppointmentsInfo JOIN AD_User ON AD_User.AD_User_ID =AppointmentsInfo.CreatedBy WHERE AppointmentsInfo.IsRead='N' AND AppointmentsInfo.istask ='N'  AND AppointmentsInfo.AD_User_ID  = 102  UNION SELECT AppointmentsInfo.Appointmentsinfo_id AS ID, AppointmentsInfo.AD_Client_ID,AppointmentsInfo.AD_Org_ID FROM AppointmentsInfo  JOIN AD_User ON AD_User.AD_User_ID = AppointmentsInfo.CreatedBy  WHERE (AppointmentsInfo.IsRead ='Y'   AND AppointmentsInfo.AD_User_ID = 102 )  AND AppointmentsInfo.istask ='N'  AND AppointmentsInfo.startDate BETWEEN to_date('5/13/21','mm/dd/yy') and to_date('5/21/21 23.59','mm/dd/yy HH24:MI')   OR  to_date('5/14/21','mm/dd/yy')  BETWEEN  AppointmentsInfo.startDate  AND AppointmentsInfo.endDate  AND  AppointmentsInfo.CreatedBy  !=102 AND AppointmentsInfo.AD_User_ID  = 102)
----------->     (WARNING)  AccessSqlParser.GetTableInfo: Could not remove ON AppointmentsInfo JOIN AD_User ON AD_User.AD_User_ID =AppointmentsInfo.CreatedBy
----------->     (WARNING)  GridTable.GetField: Not found: 'Created'
----------->     (WARNING)  GridTable.GetField: Not found: 'CreatedBy'
----------->     (WARNING)  GridTable.GetField: Not found: 'Updated'
----------->     (WARNING)  GridTable.GetField: Not found: 'UpdatedBy'
===========>     (SEVERE)   OracleHelper.ExecuteDataset: ORA-00942: table or view does not exist [Query D] => SELECT vadms_windowdoclink_id, record_id FROM VADMS_WindowDocLink wdl JOIN vadms_document doc ON wdl.VADMS_Document_ID  =doc.VADMS_Document_ID WHERE doc.vadms_docstatus!='DD' AND AD_Table_ID =1000848
09:09:28.928    (INFO)     Trx.Start: **** ConnSH637566233689328925System.Random
09:09:28.928    (INFO)     Trx.Commit: **C** ConnSH637566233689328925System.Random
09:09:29.929    (INFO)     Trx.Start: **** ConnSH637566233691228924System.Random
09:09:29.929    (INFO)     Trx.Commit: **C** ConnSH637566233691228924System.Random
09:09:45.945    (INFO)     Trx.Start: **** ConnSH637566233852197040System.Random
09:09:45.945    (INFO)     Trx.Commit: **C** ConnSH637566233852197040System.Random
09:09:57.957    (INFO)     MTable.GetPO: Using GenericPO for VAHRUAE_HR_EmpAttendanceLog
09:09:57.957    (INFO)     Trx.Start: **** GridDel637566233970399972
09:09:57.957    (INFO)     GenericPO.DeleteRecord: True
09:09:57.957    (INFO)     Trx.Commit: **C** GridDel637566233970399972
09:09:57.957    (INFO)     MTable.GetPO: Using GenericPO for VAHRUAE_HR_EmpAttendanceLog
09:09:57.957    (INFO)     Trx.Start: **** GridDel637566233970399972
09:09:57.957    (INFO)     GenericPO.DeleteRecord: True
09:09:57.957    (INFO)     Trx.Commit: **C** GridDel637566233970399972
09:09:57.957    (INFO)     MTable.GetPO: Using GenericPO for VAHRUAE_HR_EmpAttendanceLog
09:09:57.957    (INFO)     Trx.Start: **** GridDel637566233970399972
09:09:57.957    (INFO)     GenericPO.DeleteRecord: True
09:09:57.957    (INFO)     Trx.Commit: **C** GridDel637566233970399972
09:10:14.101    (INFO)     Trx.Start: **** ConnSH637566234147566743System.Random
09:10:14.101    (INFO)     Trx.Commit: **C** ConnSH637566234147566743System.Random
===========>     (SEVERE)   OracleHelper.ExecuteReader: ORA-01756: quoted string not properly terminated [Query DR] SELECT VAHRUAE_HR_LEAVEDETAIL_ID FROM VAHRUAE_HR_LEAVEDETAIL WHERE C_BPARTNER_ID = 1006732AND VAHRUAE_APPROVE = 'Y' AND VAHRUAE_DATE1= '21-JUN-21
===========>     (SEVERE)   OracleHelper.ExecuteReader: ORA-01756: quoted string not properly terminated [Query DR] SELECT VAHRUAE_HR_LEAVEDETAIL_ID FROM VAHRUAE_HR_LEAVEDETAIL WHERE C_BPARTNER_ID = 1006732AND VAHRUAE_APPROVE = 'Y' AND VAHRUAE_DATE1= '21-JUN-21
===========>     (SEVERE)   PO.DoIt: SELECT VAHRUAE_HR_LEAVEDETAIL_ID FROM VAHRUAE_HR_LEAVEDETAIL WHERE C_BPARTNER_ID = 1006732AND VAHRUAE_APPROVE = 'Y' AND VAHRUAE_DATE1= '21-JUN-21 => ORA-01756: quoted string not properly terminated
09:10:21.102    (INFO)     Trx.Start: **** ConnSH637566234210755120System.Random
09:10:21.102    (INFO)     Trx.Commit: **C** ConnSH637566234210755120System.Random
09:10:21.102    (INFO)     CacheMgt.Reset: AD_Process: #1 (1)
09:10:52.105    (INFO)     Trx.Start: **** ConnSH637566234520663655System.Random
09:10:52.105    (INFO)     Trx.Commit: **C** ConnSH637566234520663655System.Random
===========>     (SEVERE)   OracleHelper.ExecuteReader: ORA-01756: quoted string not properly terminated [Query DR] SELECT VAHRUAE_HR_LEAVEDETAIL_ID FROM VAHRUAE_HR_LEAVEDETAIL WHERE C_BPARTNER_ID = 1006732AND VAHRUAE_APPROVE = 'Y' AND VAHRUAE_DATE1= '21-JUN-21
===========>     (SEVERE)   OracleHelper.ExecuteReader: ORA-01756: quoted string not properly terminated [Query DR] SELECT VAHRUAE_HR_LEAVEDETAIL_ID FROM VAHRUAE_HR_LEAVEDETAIL WHERE C_BPARTNER_ID = 1006732AND VAHRUAE_APPROVE = 'Y' AND VAHRUAE_DATE1= '21-JUN-21
===========>     (SEVERE)   PO.DoIt: SELECT VAHRUAE_HR_LEAVEDETAIL_ID FROM VAHRUAE_HR_LEAVEDETAIL WHERE C_BPARTNER_ID = 1006732AND VAHRUAE_APPROVE = 'Y' AND VAHRUAE_DATE1= '21-JUN-21 => ORA-01756: quoted string not properly terminated
09:10:52.105    (INFO)     Trx.Start: **** ConnSH637566234521273635System.Random
09:10:52.105    (INFO)     Trx.Commit: **C** ConnSH637566234521273635System.Random
09:10:52.105    (INFO)     CacheMgt.Reset: AD_Process: #1 (1)
09:11:12.111    (INFO)     Trx.Start: **** ConnSH637566234723187085System.Random
09:11:12.111    (INFO)     Trx.Commit: **C** ConnSH637566234723187085System.Random
09:11:12.111    (INFO)     CacheReset.DoIt: 
09:11:12.111    (INFO)     Env.Reset: finalCall=False
09:11:12.111    (INFO)     CacheMgt.Reset: #20 (5868)
09:11:12.111    (INFO)     MRole.Get: AD_Role_ID=0, AD_User_ID=0, reload=True
09:11:12.111    (INFO)     MRole.Get: MRole[0,System Administrator,UserLevel=S  ,AD_Client_ID=0,AD_Org_ID=0]
09:11:12.111    (INFO)     MRole.Get: AD_Role_ID=103, AD_User_ID=102, reload=True
09:11:12.111    (INFO)     MRole.Get: MRole[103,IdeasInc User,UserLevel=  O,AD_Client_ID IN(0,11),AD_Org_ID IN(0,11,12)]
09:11:12.111    (INFO)     MChangeLog.FillChangeLog: #9
09:11:12.111    (INFO)     CacheMgt.Reset: AD_Process: #1 (1)
09:11:13.111    (INFO)     MSession.Logout: 02:02:51.360
----------->     (WARNING)  MSession.Get: Session Processed=X_AD_Session[1003276]
09:11:13.111    (INFO)     MRole.Get: AD_Role_ID=103, AD_User_ID=102, reload=True
09:11:13.111    (INFO)     MRole.Get: MRole[103,IdeasInc User,UserLevel=  O,AD_Client_ID IN(0,11),AD_Org_ID IN(0,11,12)]
09:11:13.111    (INFO)     MTree.Load: AD_Tree_ID=10, AD_User_ID=102, Editable=False, OnClient=True
09:11:13.111    (INFO)     Trx.Start: **** ConnSH637566234736764993System.Random
09:11:13.111    (INFO)     Trx.Commit: **C** ConnSH637566234736764993System.Random
09:11:13.111    (INFO)     Msg.InitMsg: Records=4077 - en_US
----------->     (WARNING)  AccessSqlParser.GetTableInfo: More than one FROM clause - SELECT AppointmentsInfo.Appointmentsinfo_id AS ID,AppointmentsInfo.AD_Client_ID,AppointmentsInfo.AD_Org_ID  FROM AppointmentsInfo JOIN AD_User ON AD_User.AD_User_ID =AppointmentsInfo.CreatedBy WHERE AppointmentsInfo.IsRead='N' AND AppointmentsInfo.istask ='N'  AND AppointmentsInfo.AD_User_ID  = 102  UNION SELECT AppointmentsInfo.Appointmentsinfo_id AS ID, AppointmentsInfo.AD_Client_ID,AppointmentsInfo.AD_Org_ID FROM AppointmentsInfo  JOIN AD_User ON AD_User.AD_User_ID = AppointmentsInfo.CreatedBy  WHERE (AppointmentsInfo.IsRead ='Y'   AND AppointmentsInfo.AD_User_ID = 102 )  AND AppointmentsInfo.istask ='N'  AND AppointmentsInfo.startDate BETWEEN to_date('5/13/21','mm/dd/yy') and to_date('5/21/21 23.59','mm/dd/yy HH24:MI')   OR  to_date('5/14/21','mm/dd/yy')  BETWEEN  AppointmentsInfo.startDate  AND AppointmentsInfo.endDate  AND  AppointmentsInfo.CreatedBy  !=102 AND AppointmentsInfo.AD_User_ID  = 102)
----------->     (WARNING)  AccessSqlParser.GetTableInfo: Could not remove ON AppointmentsInfo JOIN AD_User ON AD_User.AD_User_ID =AppointmentsInfo.CreatedBy
----------->     (WARNING)  GridTable.GetField: Not found: 'Created'
----------->     (WARNING)  GridTable.GetField: Not found: 'CreatedBy'
----------->     (WARNING)  GridTable.GetField: Not found: 'Updated'
----------->     (WARNING)  GridTable.GetField: Not found: 'UpdatedBy'
===========>     (SEVERE)   OracleHelper.ExecuteDataset: ORA-00942: table or view does not exist [Query D] => SELECT vadms_windowdoclink_id, record_id FROM VADMS_WindowDocLink wdl JOIN vadms_document doc ON wdl.VADMS_Document_ID  =doc.VADMS_Document_ID WHERE doc.vadms_docstatus!='DD' AND AD_Table_ID =1000848
09:11:17.111    (INFO)     Trx.Start: **** ConnSH637566234771304464System.Random
09:11:17.111    (INFO)     Trx.Commit: **C** ConnSH637566234771304464System.Random
09:11:17.111    (INFO)     Trx.Start: **** ConnSH637566234776935260System.Random
09:11:17.111    (INFO)     Trx.Commit: **C** ConnSH637566234776935260System.Random
09:11:40.114    (INFO)     Trx.Start: **** ConnSH637566235007700933System.Random
09:11:40.114    (INFO)     Trx.Commit: **C** ConnSH637566235007700933System.Random
===========>     (SEVERE)   OracleHelper.ExecuteReader: ORA-01756: quoted string not properly terminated [Query DR] SELECT VAHRUAE_HR_LEAVEDETAIL_ID FROM VAHRUAE_HR_LEAVEDETAIL WHERE C_BPARTNER_ID = 1006732AND VAHRUAE_APPROVE = 'Y' AND VAHRUAE_DATE1= '21-JUN-21
===========>     (SEVERE)   OracleHelper.ExecuteReader: ORA-01756: quoted string not properly terminated [Query DR] SELECT VAHRUAE_HR_LEAVEDETAIL_ID FROM VAHRUAE_HR_LEAVEDETAIL WHERE C_BPARTNER_ID = 1006732AND VAHRUAE_APPROVE = 'Y' AND VAHRUAE_DATE1= '21-JUN-21
===========>     (SEVERE)   PO.DoIt: SELECT VAHRUAE_HR_LEAVEDETAIL_ID FROM VAHRUAE_HR_LEAVEDETAIL WHERE C_BPARTNER_ID = 1006732AND VAHRUAE_APPROVE = 'Y' AND VAHRUAE_DATE1= '21-JUN-21 => ORA-01756: quoted string not properly terminated
09:11:40.114    (INFO)     Trx.Start: **** ConnSH637566235008450937System.Random
09:11:40.114    (INFO)     Trx.Commit: **C** ConnSH637566235008450937System.Random
09:11:40.114    (INFO)     CacheMgt.Reset: AD_Process: #1 (1)
09:12:00.120    (INFO)     Trx.Start: **** ConnSH637566235204737409System.Random
09:12:00.120    (INFO)     Trx.Commit: **C** ConnSH637566235204737409System.Random
===========>     (SEVERE)   OracleHelper.ExecuteReader: ORA-01756: quoted string not properly terminated [Query DR] SELECT VAHRUAE_HR_LEAVEDETAIL_ID FROM VAHRUAE_HR_LEAVEDETAIL WHERE C_BPARTNER_ID = 1006732AND VAHRUAE_APPROVE = 'Y' AND VAHRUAE_DATE1= '21-JUN-21
===========>     (SEVERE)   OracleHelper.ExecuteReader: ORA-01756: quoted string not properly terminated [Query DR] SELECT VAHRUAE_HR_LEAVEDETAIL_ID FROM VAHRUAE_HR_LEAVEDETAIL WHERE C_BPARTNER_ID = 1006732AND VAHRUAE_APPROVE = 'Y' AND VAHRUAE_DATE1= '21-JUN-21
===========>     (SEVERE)   PO.DoIt: SELECT VAHRUAE_HR_LEAVEDETAIL_ID FROM VAHRUAE_HR_LEAVEDETAIL WHERE C_BPARTNER_ID = 1006732AND VAHRUAE_APPROVE = 'Y' AND VAHRUAE_DATE1= '21-JUN-21 => ORA-01756: quoted string not properly terminated
09:12:03.123    (INFO)     Trx.Start: **** ConnSH637566235231467402System.Random
09:12:03.123    (INFO)     Trx.Commit: **C** ConnSH637566235231467402System.Random
09:12:26.122    (INFO)     CacheMgt.Reset: AD_Process: #1 (1)
09:13:39.133    (INFO)     Trx.Start: **** ConnSH637566236197017160System.Random
09:13:39.133    (INFO)     Trx.Commit: **C** ConnSH637566236197017160System.Random
===========>     (SEVERE)   OracleHelper.ExecuteReader: ORA-01756: quoted string not properly terminated [Query DR] SELECT VAHRUAE_HR_LEAVEDETAIL_ID FROM VAHRUAE_HR_LEAVEDETAIL WHERE C_BPARTNER_ID = 1006732AND VAHRUAE_APPROVE = 'Y' AND VAHRUAE_DATE1= '21-JUN-21
===========>     (SEVERE)   OracleHelper.ExecuteReader: ORA-01756: quoted string not properly terminated [Query DR] SELECT VAHRUAE_HR_LEAVEDETAIL_ID FROM VAHRUAE_HR_LEAVEDETAIL WHERE C_BPARTNER_ID = 1006732AND VAHRUAE_APPROVE = 'Y' AND VAHRUAE_DATE1= '21-JUN-21
===========>     (SEVERE)   PO.DoIt: SELECT VAHRUAE_HR_LEAVEDETAIL_ID FROM VAHRUAE_HR_LEAVEDETAIL WHERE C_BPARTNER_ID = 1006732AND VAHRUAE_APPROVE = 'Y' AND VAHRUAE_DATE1= '21-JUN-21 => ORA-01756: quoted string not properly terminated
09:13:48.134    (INFO)     Trx.Start: **** ConnSH637566236285109950System.Random
09:13:48.134    (INFO)     Trx.Commit: **C** ConnSH637566236285109950System.Random
09:13:48.134    (INFO)     CacheMgt.Reset: AD_Process: #1 (1)
09:14:00.140    (INFO)     Trx.Start: **** ConnSH637566236403845759System.Random
09:14:00.140    (INFO)     Trx.Commit: **C** ConnSH637566236403845759System.Random
===========>     (SEVERE)   OracleHelper.ExecuteReader: ORA-01756: quoted string not properly terminated [Query DR] SELECT VAHRUAE_HR_LEAVEDETAIL_ID FROM VAHRUAE_HR_LEAVEDETAIL WHERE C_BPARTNER_ID = 1006732AND VAHRUAE_APPROVE = 'Y' AND VAHRUAE_DATE1= '21-JUN-21
===========>     (SEVERE)   OracleHelper.ExecuteReader: ORA-01756: quoted string not properly terminated [Query DR] SELECT VAHRUAE_HR_LEAVEDETAIL_ID FROM VAHRUAE_HR_LEAVEDETAIL WHERE C_BPARTNER_ID = 1006732AND VAHRUAE_APPROVE = 'Y' AND VAHRUAE_DATE1= '21-JUN-21
===========>     (SEVERE)   PO.DoIt: SELECT VAHRUAE_HR_LEAVEDETAIL_ID FROM VAHRUAE_HR_LEAVEDETAIL WHERE C_BPARTNER_ID = 1006732AND VAHRUAE_APPROVE = 'Y' AND VAHRUAE_DATE1= '21-JUN-21 => ORA-01756: quoted string not properly terminated
