*** 4/20/2021 11:59:10 AM VAdvantage Log  ***
11:59:10.591    (INFO)     Trx.Start: **** ConnSH637545167502492752System.Random
11:59:10.591    (INFO)     Trx.Commit: **C** ConnSH637545167502492752System.Random
11:59:10.591    (INFO)     MChangeLog.FillChangeLog: #9
11:59:10.591    (INFO)     Trx.Start: **** ConnSH637545167508586087System.Random
11:59:10.591    (INFO)     Trx.Commit: **C** ConnSH637545167508586087System.Random
11:59:10.591    (INFO)     Trx.Start: **** ConnSH637545167508686098System.Random
11:59:10.591    (INFO)     Trx.Commit: **C** ConnSH637545167508686098System.Random
11:59:10.591    (INFO)     Trx.Start: **** ConnSH637545167508766103System.Random
11:59:10.591    (INFO)     Trx.Commit: **C** ConnSH637545167508766103System.Random
11:59:10.591    (INFO)     Trx.Start: **** ConnSH637545167508846123System.Random
11:59:10.591    (INFO)     Trx.Commit: **C** ConnSH637545167508846123System.Random
11:59:10.591    (INFO)     Trx.Start: **** ConnSH637545167508926155System.Random
11:59:10.591    (INFO)     Trx.Commit: **C** ConnSH637545167508926155System.Random
11:59:10.591    (INFO)     Trx.Start: **** ConnSH637545167508996099System.Random
11:59:10.591    (INFO)     Trx.Commit: **C** ConnSH637545167508996099System.Random
11:59:10.591    (INFO)     Trx.Start: **** ConnSH637545167509096158System.Random
11:59:10.591    (INFO)     Trx.Commit: **C** ConnSH637545167509096158System.Random
11:59:10.591    (INFO)     Trx.Start: **** ConnSH637545167509176133System.Random
11:59:10.591    (INFO)     Trx.Commit: **C** ConnSH637545167509176133System.Random
11:59:10.591    (INFO)     Trx.Start: **** ConnSH637545167509246506System.Random
11:59:10.591    (INFO)     Trx.Commit: **C** ConnSH637545167509246506System.Random
11:59:10.591    (INFO)     Trx.Start: **** ConnSH637545167509326758System.Random
11:59:10.591    (INFO)     Trx.Commit: **C** ConnSH637545167509326758System.Random
11:59:10.591    (INFO)     Trx.Start: **** ConnSH637545167509396517System.Random
11:59:10.591    (INFO)     Trx.Commit: **C** ConnSH637545167509396517System.Random
11:59:10.591    (INFO)     Trx.Start: **** ConnSH637545167509466540System.Random
11:59:10.591    (INFO)     Trx.Commit: **C** ConnSH637545167509466540System.Random
11:59:10.591    (INFO)     Trx.Start: **** ConnSH637545167509546544System.Random
11:59:10.591    (INFO)     Trx.Commit: **C** ConnSH637545167509546544System.Random
11:59:10.591    (INFO)     Trx.Start: **** ConnSH637545167509626505System.Random
11:59:10.591    (INFO)     Trx.Commit: **C** ConnSH637545167509626505System.Random
11:59:10.591    (INFO)     Trx.Start: **** ConnSH637545167509706747System.Random
11:59:10.591    (INFO)     Trx.Commit: **C** ConnSH637545167509706747System.Random
11:59:10.591    (INFO)     Trx.Start: **** ConnSH637545167509776538System.Random
11:59:10.591    (INFO)     Trx.Commit: **C** ConnSH637545167509776538System.Random
11:59:10.591    (INFO)     Trx.Start: **** ConnSH637545167509856788System.Random
11:59:10.591    (INFO)     Trx.Commit: **C** ConnSH637545167509856788System.Random
11:59:10.591    (INFO)     Trx.Start: **** ConnSH637545167509926535System.Random
11:59:10.591    (INFO)     Trx.Commit: **C** ConnSH637545167509926535System.Random
11:59:11.591    (INFO)     Trx.Start: **** ConnSH637545167510016501System.Random
11:59:11.591    (INFO)     Trx.Commit: **C** ConnSH637545167510016501System.Random
11:59:11.591    (INFO)     Trx.Start: **** ConnSH637545167510096858System.Random
11:59:11.591    (INFO)     Trx.Commit: **C** ConnSH637545167510096858System.Random
11:59:11.591    (INFO)     Trx.Start: **** ConnSH637545167510166510System.Random
11:59:11.591    (INFO)     Trx.Commit: **C** ConnSH637545167510166510System.Random
11:59:11.591    (INFO)     Trx.Start: **** ConnSH637545167510246529System.Random
11:59:11.591    (INFO)     Trx.Commit: **C** ConnSH637545167510246529System.Random
11:59:11.591    (INFO)     Trx.Start: **** ConnSH637545167510316513System.Random
11:59:11.591    (INFO)     Trx.Commit: **C** ConnSH637545167510316513System.Random
11:59:11.591    (INFO)     Trx.Start: **** ConnSH637545167510396498System.Random
11:59:11.591    (INFO)     Trx.Commit: **C** ConnSH637545167510396498System.Random
11:59:11.591    (INFO)     Trx.Start: **** ConnSH637545167510466516System.Random
11:59:11.591    (INFO)     Trx.Commit: **C** ConnSH637545167510466516System.Random
11:59:11.591    (INFO)     CacheMgt.Reset: AD_Process: #1 (1)
11:59:25.592    (INFO)     Trx.Start: **** ConnSH637545167659714063System.Random
11:59:25.592    (INFO)     Trx.Commit: **C** ConnSH637545167659714063System.Random
12:04:36.436    (INFO)     Trx.Start: **** ConnSH637545170762099548System.Random
12:04:36.436    (INFO)     Trx.Commit: **C** ConnSH637545170762099548System.Random
12:04:36.436    (INFO)     Trx.Start: **** ConnSH637545170762199125System.Random
12:04:36.436    (INFO)     Trx.Commit: **C** ConnSH637545170762199125System.Random
12:04:36.436    (INFO)     Trx.Start: **** ConnSH637545170762669133System.Random
12:04:36.436    (INFO)     Trx.Commit: **C** ConnSH637545170762669133System.Random
12:04:36.436    (INFO)     Trx.Start: **** ConnSH637545170762739135System.Random
12:04:36.436    (INFO)     Trx.Commit: **C** ConnSH637545170762739135System.Random
12:04:36.436    (INFO)     Trx.Start: **** ConnSH637545170762819364System.Random
12:04:36.436    (INFO)     Trx.Commit: **C** ConnSH637545170762819364System.Random
12:04:36.436    (INFO)     Trx.Start: **** ConnSH637545170762889106System.Random
12:04:36.436    (INFO)     Trx.Commit: **C** ConnSH637545170762889106System.Random
12:04:36.436    (INFO)     Trx.Start: **** ConnSH637545170762959114System.Random
12:04:36.436    (INFO)     Trx.Commit: **C** ConnSH637545170762959114System.Random
12:04:36.436    (INFO)     Trx.Start: **** ConnSH637545170763059128System.Random
12:04:36.436    (INFO)     Trx.Commit: **C** ConnSH637545170763059128System.Random
12:04:36.436    (INFO)     Trx.Start: **** ConnSH637545170763139117System.Random
12:04:36.436    (INFO)     Trx.Commit: **C** ConnSH637545170763139117System.Random
12:04:36.436    (INFO)     Trx.Start: **** ConnSH637545170763219117System.Random
12:04:36.436    (INFO)     Trx.Commit: **C** ConnSH637545170763219117System.Random
12:04:36.436    (INFO)     Trx.Start: **** ConnSH637545170763319108System.Random
12:04:36.436    (INFO)     Trx.Commit: **C** ConnSH637545170763319108System.Random
12:04:36.436    (INFO)     Trx.Start: **** ConnSH637545170763449103System.Random
12:04:36.436    (INFO)     Trx.Commit: **C** ConnSH637545170763449103System.Random
12:04:36.436    (INFO)     Trx.Start: **** ConnSH637545170763529114System.Random
12:04:36.436    (INFO)     Trx.Commit: **C** ConnSH637545170763529114System.Random
12:04:36.436    (INFO)     Trx.Start: **** ConnSH637545170764009107System.Random
12:04:36.436    (INFO)     Trx.Commit: **C** ConnSH637545170764009107System.Random
12:04:36.436    (INFO)     Trx.Start: **** ConnSH637545170764089108System.Random
12:04:36.436    (INFO)     Trx.Commit: **C** ConnSH637545170764089108System.Random
12:04:36.436    (INFO)     Trx.Start: **** ConnSH637545170764179133System.Random
12:04:36.436    (INFO)     Trx.Commit: **C** ConnSH637545170764179133System.Random
12:04:36.436    (INFO)     Trx.Start: **** ConnSH637545170764249139System.Random
12:04:36.436    (INFO)     Trx.Commit: **C** ConnSH637545170764249139System.Random
12:04:36.436    (INFO)     Trx.Start: **** ConnSH637545170764339136System.Random
12:04:36.436    (INFO)     Trx.Commit: **C** ConnSH637545170764339136System.Random
12:04:36.436    (INFO)     Trx.Start: **** ConnSH637545170764419128System.Random
12:04:36.436    (INFO)     Trx.Commit: **C** ConnSH637545170764419128System.Random
12:04:36.436    (INFO)     Trx.Start: **** ConnSH637545170764519127System.Random
12:04:36.436    (INFO)     Trx.Commit: **C** ConnSH637545170764519127System.Random
12:04:36.436    (INFO)     Trx.Start: **** ConnSH637545170764599136System.Random
12:04:36.436    (INFO)     Trx.Commit: **C** ConnSH637545170764599136System.Random
12:04:36.436    (INFO)     Trx.Start: **** ConnSH637545170764689129System.Random
12:04:36.436    (INFO)     Trx.Commit: **C** ConnSH637545170764689129System.Random
