*** 4/15/2021 11:23:23 AM VAdvantage Log  ***
11:23:23.232    (INFO)     Trx.Start: **** ConnSH637540826030798877System.Random
11:23:23.232    (INFO)     Trx.Commit: **C** ConnSH637540826030798877System.Random
11:23:23.232    (INFO)     MChangeLog.FillChangeLog: #9
11:23:23.232    (INFO)     Trx.Start: **** ConnSH637540826031399105System.Random
11:23:23.232    (INFO)     Trx.Commit: **C** ConnSH637540826031399105System.Random
11:23:23.232    (INFO)     Trx.Start: **** ConnSH637540826031516584System.Random
11:23:23.232    (INFO)     Trx.Commit: **C** ConnSH637540826031516584System.Random
11:23:23.232    (INFO)     Trx.Start: **** ConnSH637540826031636575System.Random
11:23:23.232    (INFO)     Trx.Commit: **C** ConnSH637540826031636575System.Random
11:23:23.232    (INFO)     Trx.Start: **** ConnSH637540826031790107System.Random
11:23:23.232    (INFO)     Trx.Commit: **C** ConnSH637540826031790107System.Random
11:23:23.232    (INFO)     Trx.Start: **** ConnSH637540826031899930System.Random
11:23:23.232    (INFO)     Trx.Commit: **C** ConnSH637540826031899930System.Random
11:23:23.232    (INFO)     Trx.Start: **** ConnSH637540826031999929System.Random
11:23:23.232    (INFO)     Trx.Commit: **C** ConnSH637540826031999929System.Random
11:23:23.232    (INFO)     Trx.Start: **** ConnSH637540826032109940System.Random
11:23:23.232    (INFO)     Trx.Commit: **C** ConnSH637540826032109940System.Random
11:23:23.232    (INFO)     Trx.Start: **** ConnSH637540826032212618System.Random
11:23:23.232    (INFO)     Trx.Commit: **C** ConnSH637540826032212618System.Random
11:23:23.232    (INFO)     Trx.Start: **** ConnSH637540826032458638System.Random
11:23:23.232    (INFO)     Trx.Commit: **C** ConnSH637540826032458638System.Random
11:23:23.232    (INFO)     Trx.Start: **** ConnSH637540826032658721System.Random
11:23:23.232    (INFO)     Trx.Commit: **C** ConnSH637540826032658721System.Random
11:23:23.232    (INFO)     Trx.Start: **** ConnSH637540826032855984System.Random
11:23:23.232    (INFO)     Trx.Commit: **C** ConnSH637540826032855984System.Random
11:23:23.232    (INFO)     Trx.Start: **** ConnSH637540826033039949System.Random
11:23:23.232    (INFO)     Trx.Commit: **C** ConnSH637540826033039949System.Random
11:23:23.232    (INFO)     Trx.Start: **** ConnSH637540826033169944System.Random
11:23:23.232    (INFO)     Trx.Commit: **C** ConnSH637540826033169944System.Random
11:23:23.232    (INFO)     Trx.Start: **** ConnSH637540826033302864System.Random
11:23:23.232    (INFO)     Trx.Commit: **C** ConnSH637540826033302864System.Random
11:23:23.232    (INFO)     Trx.Start: **** ConnSH637540826033402858System.Random
11:23:23.232    (INFO)     Trx.Commit: **C** ConnSH637540826033402858System.Random
11:23:23.232    (INFO)     Trx.Start: **** ConnSH637540826033513473System.Random
11:23:23.232    (INFO)     Trx.Commit: **C** ConnSH637540826033513473System.Random
11:23:23.232    (INFO)     Trx.Start: **** ConnSH637540826033699449System.Random
11:23:23.232    (INFO)     Trx.Commit: **C** ConnSH637540826033699449System.Random
11:23:23.232    (INFO)     Trx.Start: **** ConnSH637540826033904978System.Random
11:23:23.232    (INFO)     Trx.Commit: **C** ConnSH637540826033904978System.Random
11:23:23.232    (INFO)     Trx.Start: **** ConnSH637540826034098165System.Random
11:23:23.232    (INFO)     Trx.Commit: **C** ConnSH637540826034098165System.Random
11:23:23.232    (INFO)     Trx.Start: **** ConnSH637540826034279407System.Random
11:23:23.232    (INFO)     Trx.Commit: **C** ConnSH637540826034279407System.Random
11:23:23.232    (INFO)     Trx.Start: **** ConnSH637540826034374308System.Random
11:23:23.232    (INFO)     Trx.Commit: **C** ConnSH637540826034374308System.Random
11:23:23.232    (INFO)     Trx.Start: **** ConnSH637540826034507854System.Random
11:23:23.232    (INFO)     Trx.Commit: **C** ConnSH637540826034507854System.Random
11:23:23.232    (INFO)     Trx.Start: **** ConnSH637540826034637714System.Random
11:23:23.232    (INFO)     Trx.Commit: **C** ConnSH637540826034637714System.Random
11:23:23.232    (INFO)     Trx.Start: **** ConnSH637540826034779121System.Random
11:23:23.232    (INFO)     Trx.Commit: **C** ConnSH637540826034779121System.Random
11:23:23.232    (INFO)     Trx.Start: **** ConnSH637540826034984121System.Random
11:23:23.232    (INFO)     Trx.Commit: **C** ConnSH637540826034984121System.Random
11:23:23.232    (INFO)     Trx.Start: **** ConnSH637540826035171652System.Random
11:23:23.232    (INFO)     Trx.Commit: **C** ConnSH637540826035171652System.Random
11:23:23.232    (INFO)     Trx.Start: **** ConnSH637540826035364165System.Random
11:23:23.232    (INFO)     Trx.Commit: **C** ConnSH637540826035364165System.Random
11:23:23.232    (INFO)     Trx.Start: **** ConnSH637540826035473348System.Random
11:23:23.232    (INFO)     Trx.Commit: **C** ConnSH637540826035473348System.Random
11:23:23.232    (INFO)     Trx.Start: **** ConnSH637540826035672266System.Random
11:23:23.232    (INFO)     Trx.Commit: **C** ConnSH637540826035672266System.Random
11:23:23.232    (INFO)     Trx.Start: **** ConnSH637540826035862718System.Random
11:23:23.232    (INFO)     Trx.Commit: **C** ConnSH637540826035862718System.Random
11:23:23.232    (INFO)     Trx.Start: **** ConnSH637540826036051026System.Random
11:23:23.232    (INFO)     Trx.Commit: **C** ConnSH637540826036051026System.Random
11:23:23.232    (INFO)     Trx.Start: **** ConnSH637540826036243695System.Random
11:23:23.232    (INFO)     Trx.Commit: **C** ConnSH637540826036243695System.Random
11:23:23.232    (INFO)     Trx.Start: **** ConnSH637540826036547953System.Random
11:23:23.232    (INFO)     Trx.Commit: **C** ConnSH637540826036547953System.Random
11:23:23.232    (INFO)     Trx.Start: **** ConnSH637540826036740636System.Random
11:23:23.232    (INFO)     Trx.Commit: **C** ConnSH637540826036740636System.Random
11:23:23.232    (INFO)     Trx.Start: **** ConnSH637540826037039447System.Random
11:23:23.232    (INFO)     Trx.Commit: **C** ConnSH637540826037039447System.Random
11:23:23.232    (INFO)     Trx.Start: **** ConnSH637540826037240485System.Random
11:23:23.232    (INFO)     Trx.Commit: **C** ConnSH637540826037240485System.Random
11:23:23.232    (INFO)     Trx.Start: **** ConnSH637540826037341009System.Random
11:23:23.232    (INFO)     Trx.Commit: **C** ConnSH637540826037341009System.Random
11:23:23.232    (INFO)     Trx.Start: **** ConnSH637540826037540455System.Random
11:23:23.232    (INFO)     Trx.Commit: **C** ConnSH637540826037540455System.Random
11:23:23.232    (INFO)     Trx.Start: **** ConnSH637540826037728145System.Random
11:23:23.232    (INFO)     Trx.Commit: **C** ConnSH637540826037728145System.Random
11:23:23.232    (INFO)     Trx.Start: **** ConnSH637540826037871789System.Random
11:23:23.232    (INFO)     Trx.Commit: **C** ConnSH637540826037871789System.Random
11:23:23.232    (INFO)     Trx.Start: **** ConnSH637540826038074491System.Random
11:23:23.232    (INFO)     Trx.Commit: **C** ConnSH637540826038074491System.Random
11:23:23.232    (INFO)     Trx.Start: **** ConnSH637540826038284530System.Random
11:23:23.232    (INFO)     Trx.Commit: **C** ConnSH637540826038284530System.Random
11:23:23.232    (INFO)     Trx.Start: **** ConnSH637540826038685491System.Random
11:23:23.232    (INFO)     Trx.Commit: **C** ConnSH637540826038685491System.Random
11:23:23.232    (INFO)     Trx.Start: **** ConnSH637540826038831798System.Random
11:23:23.232    (INFO)     Trx.Commit: **C** ConnSH637540826038831798System.Random
11:23:23.232    (INFO)     Trx.Start: **** ConnSH637540826038924461System.Random
11:23:23.232    (INFO)     Trx.Commit: **C** ConnSH637540826038924461System.Random
11:23:23.232    (INFO)     Trx.Start: **** ConnSH637540826039110456System.Random
11:23:23.232    (INFO)     Trx.Commit: **C** ConnSH637540826039110456System.Random
11:23:23.232    (INFO)     Trx.Start: **** ConnSH637540826039316779System.Random
11:23:23.232    (INFO)     Trx.Commit: **C** ConnSH637540826039316779System.Random
11:23:23.232    (INFO)     Trx.Start: **** ConnSH637540826039497522System.Random
11:23:23.232    (INFO)     Trx.Commit: **C** ConnSH637540826039497522System.Random
11:23:23.232    (INFO)     Trx.Start: **** ConnSH637540826039591471System.Random
11:23:23.232    (INFO)     Trx.Commit: **C** ConnSH637540826039591471System.Random
11:23:23.232    (INFO)     Trx.Start: **** ConnSH637540826039681461System.Random
11:23:23.232    (INFO)     Trx.Commit: **C** ConnSH637540826039681461System.Random
11:23:23.232    (INFO)     Trx.Start: **** ConnSH637540826039810943System.Random
11:23:23.232    (INFO)     Trx.Commit: **C** ConnSH637540826039810943System.Random
11:23:24.232    (INFO)     Trx.Start: **** ConnSH637540826040000563System.Random
11:23:24.232    (INFO)     Trx.Commit: **C** ConnSH637540826040000563System.Random
11:23:24.232    (INFO)     Trx.Start: **** ConnSH637540826040204748System.Random
11:23:24.232    (INFO)     Trx.Commit: **C** ConnSH637540826040204748System.Random
11:23:24.232    (INFO)     Trx.Start: **** ConnSH637540826040390575System.Random
11:23:24.232    (INFO)     Trx.Commit: **C** ConnSH637540826040390575System.Random
11:23:24.232    (INFO)     Trx.Start: **** ConnSH637540826040537867System.Random
11:23:24.232    (INFO)     Trx.Commit: **C** ConnSH637540826040537867System.Random
11:23:24.232    (INFO)     Trx.Start: **** ConnSH637540826040737588System.Random
11:23:24.232    (INFO)     Trx.Commit: **C** ConnSH637540826040737588System.Random
11:23:24.232    (INFO)     Trx.Start: **** ConnSH637540826040837860System.Random
11:23:24.232    (INFO)     Trx.Commit: **C** ConnSH637540826040837860System.Random
11:23:24.232    (INFO)     Trx.Start: **** ConnSH637540826041042653System.Random
11:23:24.232    (INFO)     Trx.Commit: **C** ConnSH637540826041042653System.Random
11:23:24.232    (INFO)     Trx.Start: **** ConnSH637540826041245202System.Random
11:23:24.232    (INFO)     Trx.Commit: **C** ConnSH637540826041245202System.Random
11:23:24.232    (INFO)     Trx.Start: **** ConnSH637540826041357075System.Random
11:23:24.232    (INFO)     Trx.Commit: **C** ConnSH637540826041357075System.Random
11:23:24.232    (INFO)     Trx.Start: **** ConnSH637540826041555435System.Random
11:23:24.232    (INFO)     Trx.Commit: **C** ConnSH637540826041555435System.Random
11:23:24.232    (INFO)     Trx.Start: **** ConnSH637540826041747125System.Random
11:23:24.232    (INFO)     Trx.Commit: **C** ConnSH637540826041747125System.Random
11:23:24.232    (INFO)     Trx.Start: **** ConnSH637540826041948744System.Random
11:23:24.232    (INFO)     Trx.Commit: **C** ConnSH637540826041948744System.Random
11:23:24.232    (INFO)     Trx.Start: **** ConnSH637540826042048735System.Random
11:23:24.232    (INFO)     Trx.Commit: **C** ConnSH637540826042048735System.Random
11:23:24.232    (INFO)     Trx.Start: **** ConnSH637540826042243453System.Random
11:23:24.232    (INFO)     Trx.Commit: **C** ConnSH637540826042243453System.Random
11:23:24.232    (INFO)     Trx.Start: **** ConnSH637540826042389790System.Random
11:23:24.232    (INFO)     Trx.Commit: **C** ConnSH637540826042389790System.Random
11:23:24.232    (INFO)     Trx.Start: **** ConnSH637540826043666702System.Random
11:23:24.232    (INFO)     Trx.Commit: **C** ConnSH637540826043666702System.Random
11:23:24.232    (INFO)     Trx.Start: **** ConnSH637540826043897958System.Random
11:23:24.232    (INFO)     Trx.Commit: **C** ConnSH637540826043897958System.Random
11:23:24.232    (INFO)     Trx.Start: **** ConnSH637540826044099184System.Random
11:23:24.232    (INFO)     Trx.Commit: **C** ConnSH637540826044099184System.Random
11:23:24.232    (INFO)     Trx.Start: **** ConnSH637540826044248877System.Random
11:23:24.232    (INFO)     Trx.Commit: **C** ConnSH637540826044248877System.Random
11:23:24.232    (INFO)     Trx.Start: **** ConnSH637540826044360279System.Random
11:23:24.232    (INFO)     Trx.Commit: **C** ConnSH637540826044360279System.Random
11:23:24.232    (INFO)     Trx.Start: **** ConnSH637540826044560326System.Random
11:23:24.232    (INFO)     Trx.Commit: **C** ConnSH637540826044560326System.Random
11:23:24.232    (INFO)     Trx.Start: **** ConnSH637540826044710511System.Random
11:23:24.232    (INFO)     Trx.Commit: **C** ConnSH637540826044710511System.Random
11:23:24.232    (INFO)     Trx.Start: **** ConnSH637540826044919978System.Random
11:23:24.232    (INFO)     Trx.Commit: **C** ConnSH637540826044919978System.Random
11:23:24.232    (INFO)     Trx.Start: **** ConnSH637540826045109608System.Random
11:23:24.232    (INFO)     Trx.Commit: **C** ConnSH637540826045109608System.Random
11:23:24.232    (INFO)     Trx.Start: **** ConnSH637540826045260842System.Random
11:23:24.232    (INFO)     Trx.Commit: **C** ConnSH637540826045260842System.Random
11:23:24.232    (INFO)     Trx.Start: **** ConnSH637540826045457057System.Random
11:23:24.232    (INFO)     Trx.Commit: **C** ConnSH637540826045457057System.Random
11:23:24.232    (INFO)     Trx.Start: **** ConnSH637540826045561883System.Random
11:23:24.232    (INFO)     Trx.Commit: **C** ConnSH637540826045561883System.Random
11:23:24.232    (INFO)     Trx.Start: **** ConnSH637540826045756478System.Random
11:23:24.232    (INFO)     Trx.Commit: **C** ConnSH637540826045756478System.Random
11:23:24.232    (INFO)     Trx.Start: **** ConnSH637540826045896494System.Random
11:23:24.232    (INFO)     Trx.Commit: **C** ConnSH637540826045896494System.Random
11:23:24.232    (INFO)     Trx.Start: **** ConnSH637540826046030956System.Random
11:23:24.232    (INFO)     Trx.Commit: **C** ConnSH637540826046030956System.Random
11:23:24.232    (INFO)     Trx.Start: **** ConnSH637540826046180972System.Random
11:23:24.232    (INFO)     Trx.Commit: **C** ConnSH637540826046180972System.Random
11:23:24.232    (INFO)     Trx.Start: **** ConnSH637540826046300994System.Random
11:23:24.232    (INFO)     Trx.Commit: **C** ConnSH637540826046300994System.Random
11:23:24.232    (INFO)     Trx.Start: **** ConnSH637540826046420960System.Random
11:23:24.232    (INFO)     Trx.Commit: **C** ConnSH637540826046420960System.Random
11:23:24.232    (INFO)     Trx.Start: **** ConnSH637540826046648904System.Random
11:23:24.232    (INFO)     Trx.Commit: **C** ConnSH637540826046648904System.Random
11:23:24.232    (INFO)     Trx.Start: **** ConnSH637540826046859049System.Random
11:23:24.232    (INFO)     Trx.Commit: **C** ConnSH637540826046859049System.Random
11:23:24.232    (INFO)     Trx.Start: **** ConnSH637540826047199270System.Random
11:23:24.232    (INFO)     Trx.Commit: **C** ConnSH637540826047199270System.Random
11:23:24.232    (INFO)     Trx.Start: **** ConnSH637540826047395481System.Random
11:23:24.232    (INFO)     Trx.Commit: **C** ConnSH637540826047395481System.Random
11:23:24.232    (INFO)     Trx.Start: **** ConnSH637540826047572626System.Random
11:23:24.232    (INFO)     Trx.Commit: **C** ConnSH637540826047572626System.Random
11:23:24.232    (INFO)     Trx.Start: **** ConnSH637540826047709095System.Random
11:23:24.232    (INFO)     Trx.Commit: **C** ConnSH637540826047709095System.Random
11:23:24.232    (INFO)     Trx.Start: **** ConnSH637540826047809094System.Random
11:23:24.232    (INFO)     Trx.Commit: **C** ConnSH637540826047809094System.Random
11:23:24.232    (INFO)     Trx.Start: **** ConnSH637540826047998071System.Random
11:23:24.232    (INFO)     Trx.Commit: **C** ConnSH637540826047998071System.Random
11:23:24.232    (INFO)     Trx.Start: **** ConnSH637540826048192093System.Random
11:23:24.232    (INFO)     Trx.Commit: **C** ConnSH637540826048192093System.Random
11:23:24.232    (INFO)     Trx.Start: **** ConnSH637540826048390218System.Random
11:23:24.232    (INFO)     Trx.Commit: **C** ConnSH637540826048390218System.Random
11:23:24.232    (INFO)     Trx.Start: **** ConnSH637540826048586947System.Random
11:23:24.232    (INFO)     Trx.Commit: **C** ConnSH637540826048586947System.Random
11:23:24.232    (INFO)     Trx.Start: **** ConnSH637540826048771208System.Random
11:23:24.232    (INFO)     Trx.Commit: **C** ConnSH637540826048771208System.Random
11:23:24.232    (INFO)     Trx.Start: **** ConnSH637540826048976989System.Random
11:23:24.232    (INFO)     Trx.Commit: **C** ConnSH637540826048976989System.Random
11:23:24.232    (INFO)     Trx.Start: **** ConnSH637540826049084847System.Random
11:23:24.232    (INFO)     Trx.Commit: **C** ConnSH637540826049084847System.Random
11:23:24.232    (INFO)     Trx.Start: **** ConnSH637540826049288779System.Random
11:23:24.232    (INFO)     Trx.Commit: **C** ConnSH637540826049288779System.Random
11:23:24.232    (INFO)     Trx.Start: **** ConnSH637540826049388736System.Random
11:23:24.232    (INFO)     Trx.Commit: **C** ConnSH637540826049388736System.Random
11:23:24.232    (INFO)     Trx.Start: **** ConnSH637540826049475949System.Random
11:23:24.232    (INFO)     Trx.Commit: **C** ConnSH637540826049475949System.Random
11:23:24.232    (INFO)     Trx.Start: **** ConnSH637540826049555957System.Random
11:23:24.232    (INFO)     Trx.Commit: **C** ConnSH637540826049555957System.Random
11:23:24.232    (INFO)     Trx.Start: **** ConnSH637540826049639985System.Random
11:23:24.232    (INFO)     Trx.Commit: **C** ConnSH637540826049639985System.Random
11:23:24.232    (INFO)     Trx.Start: **** ConnSH637540826049729987System.Random
11:23:24.232    (INFO)     Trx.Commit: **C** ConnSH637540826049729987System.Random
11:23:24.232    (INFO)     Trx.Start: **** ConnSH637540826049820793System.Random
11:23:24.232    (INFO)     Trx.Commit: **C** ConnSH637540826049820793System.Random
11:23:24.232    (INFO)     Trx.Start: **** ConnSH637540826049920803System.Random
11:23:24.232    (INFO)     Trx.Commit: **C** ConnSH637540826049920803System.Random
11:23:25.232    (INFO)     Trx.Start: **** ConnSH637540826050018409System.Random
11:23:25.232    (INFO)     Trx.Commit: **C** ConnSH637540826050018409System.Random
11:23:25.232    (INFO)     Trx.Start: **** ConnSH637540826050108387System.Random
11:23:25.232    (INFO)     Trx.Commit: **C** ConnSH637540826050108387System.Random
11:23:25.232    (INFO)     Trx.Start: **** ConnSH637540826050198371System.Random
11:23:25.232    (INFO)     Trx.Commit: **C** ConnSH637540826050198371System.Random
11:23:25.232    (INFO)     Trx.Start: **** ConnSH637540826050282406System.Random
11:23:25.232    (INFO)     Trx.Commit: **C** ConnSH637540826050282406System.Random
11:23:25.232    (INFO)     Trx.Start: **** ConnSH637540826050422802System.Random
11:23:25.232    (INFO)     Trx.Commit: **C** ConnSH637540826050422802System.Random
11:23:25.232    (INFO)     Trx.Start: **** ConnSH637540826050625491System.Random
11:23:25.232    (INFO)     Trx.Commit: **C** ConnSH637540826050625491System.Random
11:23:25.232    (INFO)     Trx.Start: **** ConnSH637540826050817256System.Random
11:23:25.232    (INFO)     Trx.Commit: **C** ConnSH637540826050817256System.Random
11:23:25.232    (INFO)     Trx.Start: **** ConnSH637540826051006086System.Random
11:23:25.232    (INFO)     Trx.Commit: **C** ConnSH637540826051006086System.Random
11:23:25.232    (INFO)     Trx.Start: **** ConnSH637540826051188545System.Random
11:23:25.232    (INFO)     Trx.Commit: **C** ConnSH637540826051188545System.Random
11:23:25.232    (INFO)     Trx.Start: **** ConnSH637540826051379126System.Random
11:23:25.232    (INFO)     Trx.Commit: **C** ConnSH637540826051379126System.Random
===========>     (SEVERE)   CalculatePenalties.StartProcess: Index was outside the bounds of the array.
