*** 4/18/2021 10:58:06 AM VAdvantage Log  ***
10:58:06.586    (INFO)     Trx.Start: **** ConnSH637543402864753199System.Random
10:58:06.586    (INFO)     Trx.Commit: **C** ConnSH637543402864753199System.Random
10:58:06.586    (INFO)     MChangeLog.FillChangeLog: #9
10:58:06.586    (INFO)     Trx.Start: **** ConnSH637543402865363195System.Random
10:58:06.586    (INFO)     Trx.Commit: **C** ConnSH637543402865363195System.Random
10:58:06.586    (INFO)     Trx.Start: **** ConnSH637543402865493267System.Random
10:58:06.586    (INFO)     Trx.Commit: **C** ConnSH637543402865493267System.Random
10:58:12.581    (INFO)     Trx.Start: **** ConnSH637543402922011228System.Random
10:58:12.581    (INFO)     Trx.Commit: **C** ConnSH637543402922011228System.Random
10:58:12.581    (INFO)     Trx.Start: **** ConnSH637543402922091232System.Random
10:58:12.581    (INFO)     Trx.Commit: **C** ConnSH637543402922091232System.Random
10:58:12.581    (INFO)     Trx.Start: **** ConnSH637543402922461260System.Random
10:58:12.581    (INFO)     Trx.Commit: **C** ConnSH637543402922461260System.Random
10:58:12.581    (INFO)     Trx.Start: **** ConnSH637543402922781242System.Random
10:58:12.581    (INFO)     Trx.Commit: **C** ConnSH637543402922781242System.Random
10:58:12.581    (INFO)     Trx.Start: **** ConnSH637543402923001253System.Random
10:58:12.581    (INFO)     Trx.Commit: **C** ConnSH637543402923001253System.Random
10:58:12.581    (INFO)     Trx.Start: **** ConnSH637543402924031241System.Random
10:58:12.581    (INFO)     Trx.Commit: **C** ConnSH637543402924031241System.Random
10:58:12.581    (INFO)     Trx.Start: **** ConnSH637543402924121243System.Random
10:58:12.581    (INFO)     Trx.Commit: **C** ConnSH637543402924121243System.Random
10:58:12.581    (INFO)     Trx.Start: **** ConnSH637543402924471245System.Random
10:58:12.581    (INFO)     Trx.Commit: **C** ConnSH637543402924471245System.Random
10:58:12.581    (INFO)     Trx.Start: **** ConnSH637543402924681242System.Random
10:58:12.581    (INFO)     Trx.Commit: **C** ConnSH637543402924681242System.Random
10:58:12.581    (INFO)     Trx.Start: **** ConnSH637543402924811243System.Random
10:58:12.581    (INFO)     Trx.Commit: **C** ConnSH637543402924811243System.Random
10:58:12.581    (INFO)     Trx.Start: **** ConnSH637543402925261241System.Random
10:58:12.581    (INFO)     Trx.Commit: **C** ConnSH637543402925261241System.Random
10:58:12.581    (INFO)     Trx.Start: **** ConnSH637543402925641243System.Random
10:58:12.581    (INFO)     Trx.Commit: **C** ConnSH637543402925641243System.Random
10:58:12.581    (INFO)     Trx.Start: **** ConnSH637543402925821241System.Random
10:58:12.581    (INFO)     Trx.Commit: **C** ConnSH637543402925821241System.Random
10:58:12.581    (INFO)     Trx.Start: **** ConnSH637543402925911246System.Random
10:58:12.581    (INFO)     Trx.Commit: **C** ConnSH637543402925911246System.Random
10:58:12.581    (INFO)     Trx.Start: **** ConnSH637543402926301244System.Random
10:58:12.581    (INFO)     Trx.Commit: **C** ConnSH637543402926301244System.Random
10:58:12.581    (INFO)     Trx.Start: **** ConnSH637543402926431239System.Random
10:58:12.581    (INFO)     Trx.Commit: **C** ConnSH637543402926431239System.Random
10:58:12.581    (INFO)     Trx.Start: **** ConnSH637543402926861248System.Random
10:58:12.581    (INFO)     Trx.Commit: **C** ConnSH637543402926861248System.Random
10:58:12.581    (INFO)     Trx.Start: **** ConnSH637543402926961260System.Random
10:58:12.581    (INFO)     Trx.Commit: **C** ConnSH637543402926961260System.Random
10:58:12.581    (INFO)     Trx.Start: **** ConnSH637543402927041246System.Random
10:58:12.581    (INFO)     Trx.Commit: **C** ConnSH637543402927041246System.Random
10:58:12.581    (INFO)     Trx.Start: **** ConnSH637543402927131269System.Random
10:58:12.581    (INFO)     Trx.Commit: **C** ConnSH637543402927131269System.Random
10:58:12.581    (INFO)     Trx.Start: **** ConnSH637543402927221244System.Random
10:58:12.581    (INFO)     Trx.Commit: **C** ConnSH637543402927221244System.Random
10:58:12.581    (INFO)     Trx.Start: **** ConnSH637543402927301264System.Random
10:58:12.581    (INFO)     Trx.Commit: **C** ConnSH637543402927301264System.Random
10:58:12.581    (INFO)     Trx.Start: **** ConnSH637543402927401245System.Random
10:58:12.581    (INFO)     Trx.Commit: **C** ConnSH637543402927401245System.Random
10:58:12.581    (INFO)     Trx.Start: **** ConnSH637543402927491242System.Random
10:58:12.581    (INFO)     Trx.Commit: **C** ConnSH637543402927491242System.Random
10:58:12.581    (INFO)     Trx.Start: **** ConnSH637543402927571241System.Random
10:58:12.581    (INFO)     Trx.Commit: **C** ConnSH637543402927571241System.Random
10:58:12.581    (INFO)     Trx.Start: **** ConnSH637543402927661244System.Random
10:58:12.581    (INFO)     Trx.Commit: **C** ConnSH637543402927661244System.Random
10:58:12.581    (INFO)     Trx.Start: **** ConnSH637543402927741240System.Random
10:58:12.581    (INFO)     Trx.Commit: **C** ConnSH637543402927741240System.Random
10:58:12.581    (INFO)     Trx.Start: **** ConnSH637543402928221252System.Random
10:58:12.581    (INFO)     Trx.Commit: **C** ConnSH637543402928221252System.Random
10:58:12.581    (INFO)     Trx.Start: **** ConnSH637543402928351246System.Random
10:58:12.581    (INFO)     Trx.Commit: **C** ConnSH637543402928351246System.Random
10:58:12.581    (INFO)     CacheMgt.Reset: AD_Process: #1 (1)
11:00:32.032    (INFO)     Trx.Start: **** ConnSH637543404327811607System.Random
11:00:32.032    (INFO)     Trx.Commit: **C** ConnSH637543404327811607System.Random
11:00:32.032    (INFO)     Trx.Start: **** ConnSH637543404328001629System.Random
11:00:32.032    (INFO)     Trx.Commit: **C** ConnSH637543404328001629System.Random
11:00:32.032    (INFO)     Trx.Start: **** ConnSH637543404328101596System.Random
11:00:32.032    (INFO)     Trx.Commit: **C** ConnSH637543404328101596System.Random
11:00:32.032    (INFO)     Trx.Start: **** ConnSH637543404328791250System.Random
11:00:32.032    (INFO)     Trx.Commit: **C** ConnSH637543404328791250System.Random
11:00:32.032    (INFO)     Trx.Start: **** ConnSH637543404328881260System.Random
11:00:32.032    (INFO)     Trx.Commit: **C** ConnSH637543404328881260System.Random
11:00:32.032    (INFO)     Trx.Start: **** ConnSH637543404329201235System.Random
11:00:32.032    (INFO)     Trx.Commit: **C** ConnSH637543404329201235System.Random
11:00:32.032    (INFO)     Trx.Start: **** ConnSH637543404329501248System.Random
11:00:32.032    (INFO)     Trx.Commit: **C** ConnSH637543404329501248System.Random
11:00:32.032    (INFO)     Trx.Start: **** ConnSH637543404329691264System.Random
11:00:32.032    (INFO)     Trx.Commit: **C** ConnSH637543404329691264System.Random
11:00:33.033    (INFO)     Trx.Start: **** ConnSH637543404330591252System.Random
11:00:33.033    (INFO)     Trx.Commit: **C** ConnSH637543404330591252System.Random
11:00:33.033    (INFO)     Trx.Start: **** ConnSH637543404330691253System.Random
11:00:33.033    (INFO)     Trx.Commit: **C** ConnSH637543404330691253System.Random
11:00:33.033    (INFO)     Trx.Start: **** ConnSH637543404331021260System.Random
11:00:33.033    (INFO)     Trx.Commit: **C** ConnSH637543404331021260System.Random
11:00:33.033    (INFO)     Trx.Start: **** ConnSH637543404331231261System.Random
11:00:33.033    (INFO)     Trx.Commit: **C** ConnSH637543404331231261System.Random
11:00:33.033    (INFO)     Trx.Start: **** ConnSH637543404331351242System.Random
11:00:33.033    (INFO)     Trx.Commit: **C** ConnSH637543404331351242System.Random
11:00:33.033    (INFO)     Trx.Start: **** ConnSH637543404331791745System.Random
11:00:33.033    (INFO)     Trx.Commit: **C** ConnSH637543404331791745System.Random
11:00:33.033    (INFO)     Trx.Start: **** ConnSH637543404332141251System.Random
11:00:33.033    (INFO)     Trx.Commit: **C** ConnSH637543404332141251System.Random
11:00:33.033    (INFO)     Trx.Start: **** ConnSH637543404332341248System.Random
11:00:33.033    (INFO)     Trx.Commit: **C** ConnSH637543404332341248System.Random
11:00:33.033    (INFO)     Trx.Start: **** ConnSH637543404332431264System.Random
11:00:33.033    (INFO)     Trx.Commit: **C** ConnSH637543404332431264System.Random
11:00:33.033    (INFO)     Trx.Start: **** ConnSH637543404332811244System.Random
11:00:33.033    (INFO)     Trx.Commit: **C** ConnSH637543404332811244System.Random
11:00:33.033    (INFO)     Trx.Start: **** ConnSH637543404332941247System.Random
11:00:33.033    (INFO)     Trx.Commit: **C** ConnSH637543404332941247System.Random
11:00:33.033    (INFO)     Trx.Start: **** ConnSH637543404333351255System.Random
11:00:33.033    (INFO)     Trx.Commit: **C** ConnSH637543404333351255System.Random
11:00:33.033    (INFO)     Trx.Start: **** ConnSH637543404333441254System.Random
11:00:33.033    (INFO)     Trx.Commit: **C** ConnSH637543404333441254System.Random
11:00:33.033    (INFO)     Trx.Start: **** ConnSH637543404333521254System.Random
11:00:33.033    (INFO)     Trx.Commit: **C** ConnSH637543404333521254System.Random
11:00:33.033    (INFO)     Trx.Start: **** ConnSH637543404333611245System.Random
11:00:33.033    (INFO)     Trx.Commit: **C** ConnSH637543404333611245System.Random
11:00:33.033    (INFO)     Trx.Start: **** ConnSH637543404333691244System.Random
11:00:33.033    (INFO)     Trx.Commit: **C** ConnSH637543404333691244System.Random
11:00:33.033    (INFO)     Trx.Start: **** ConnSH637543404333771243System.Random
11:00:33.033    (INFO)     Trx.Commit: **C** ConnSH637543404333771243System.Random
11:00:33.033    (INFO)     Trx.Start: **** ConnSH637543404333861269System.Random
11:00:33.033    (INFO)     Trx.Commit: **C** ConnSH637543404333861269System.Random
11:00:33.033    (INFO)     Trx.Start: **** ConnSH637543404333941259System.Random
11:00:33.033    (INFO)     Trx.Commit: **C** ConnSH637543404333941259System.Random
11:00:33.033    (INFO)     Trx.Start: **** ConnSH637543404334011247System.Random
11:00:33.033    (INFO)     Trx.Commit: **C** ConnSH637543404334011247System.Random
11:00:33.033    (INFO)     Trx.Start: **** ConnSH637543404334091257System.Random
11:00:33.033    (INFO)     Trx.Commit: **C** ConnSH637543404334091257System.Random
11:00:33.033    (INFO)     Trx.Start: **** ConnSH637543404334181244System.Random
11:00:33.033    (INFO)     Trx.Commit: **C** ConnSH637543404334181244System.Random
11:00:33.033    (INFO)     Trx.Start: **** ConnSH637543404334651261System.Random
11:00:33.033    (INFO)     Trx.Commit: **C** ConnSH637543404334651261System.Random
11:00:58.058    (INFO)     Trx.Start: **** ConnSH637543404583296613System.Random
11:00:58.058    (INFO)     Trx.Commit: **C** ConnSH637543404583296613System.Random
11:01:00.100    (INFO)     CacheMgt.Reset: AD_Process: #1 (1)
11:01:36.136    (INFO)     Trx.Start: **** ConnSH637543404964228767System.Random
11:01:36.136    (INFO)     Trx.Commit: **C** ConnSH637543404964228767System.Random
11:01:36.136    (INFO)     Trx.Start: **** ConnSH637543404964398797System.Random
11:01:36.136    (INFO)     Trx.Commit: **C** ConnSH637543404964398797System.Random
11:01:36.136    (INFO)     Trx.Start: **** ConnSH637543404964488768System.Random
11:01:36.136    (INFO)     Trx.Commit: **C** ConnSH637543404964488768System.Random
11:01:36.136    (INFO)     Trx.Start: **** ConnSH637543404965235172System.Random
11:01:36.136    (INFO)     Trx.Commit: **C** ConnSH637543404965235172System.Random
11:01:36.136    (INFO)     Trx.Start: **** ConnSH637543404965325167System.Random
11:01:36.136    (INFO)     Trx.Commit: **C** ConnSH637543404965325167System.Random
11:01:36.136    (INFO)     Trx.Start: **** ConnSH637543404965635154System.Random
11:01:36.136    (INFO)     Trx.Commit: **C** ConnSH637543404965635154System.Random
11:01:36.136    (INFO)     Trx.Start: **** ConnSH637543404965925148System.Random
11:01:36.136    (INFO)     Trx.Commit: **C** ConnSH637543404965925148System.Random
11:01:36.136    (INFO)     Trx.Start: **** ConnSH637543404966105180System.Random
11:01:36.136    (INFO)     Trx.Commit: **C** ConnSH637543404966105180System.Random
11:01:48.148    (INFO)     Trx.Start: **** ConnSH637543405082004328System.Random
11:01:48.148    (INFO)     Trx.Commit: **C** ConnSH637543405082004328System.Random
11:01:48.148    (INFO)     Trx.Start: **** ConnSH637543405082094400System.Random
11:01:48.148    (INFO)     Trx.Commit: **C** ConnSH637543405082094400System.Random
11:01:48.148    (INFO)     Trx.Start: **** ConnSH637543405082434307System.Random
11:01:48.148    (INFO)     Trx.Commit: **C** ConnSH637543405082434307System.Random
11:01:48.148    (INFO)     Trx.Start: **** ConnSH637543405082644328System.Random
11:01:48.148    (INFO)     Trx.Commit: **C** ConnSH637543405082644328System.Random
11:01:48.148    (INFO)     Trx.Start: **** ConnSH637543405082763974System.Random
11:01:48.148    (INFO)     Trx.Commit: **C** ConnSH637543405082763974System.Random
11:02:01.210    (INFO)     Trx.Start: **** ConnSH637543405214797240System.Random
11:02:01.210    (INFO)     Trx.Commit: **C** ConnSH637543405214797240System.Random
11:02:01.210    (INFO)     Trx.Start: **** ConnSH637543405215127219System.Random
11:02:01.210    (INFO)     Trx.Commit: **C** ConnSH637543405215127219System.Random
11:02:01.210    (INFO)     Trx.Start: **** ConnSH637543405215307219System.Random
11:02:01.210    (INFO)     Trx.Commit: **C** ConnSH637543405215307219System.Random
11:02:01.210    (INFO)     Trx.Start: **** ConnSH637543405215387231System.Random
11:02:01.210    (INFO)     Trx.Commit: **C** ConnSH637543405215387231System.Random
11:02:01.210    (INFO)     Trx.Start: **** ConnSH637543405215767217System.Random
11:02:01.210    (INFO)     Trx.Commit: **C** ConnSH637543405215767217System.Random
11:02:01.210    (INFO)     Trx.Start: **** ConnSH637543405215897208System.Random
11:02:01.210    (INFO)     Trx.Commit: **C** ConnSH637543405215897208System.Random
11:02:03.230    (INFO)     Trx.Start: **** ConnSH637543405237856762System.Random
11:02:03.230    (INFO)     Trx.Commit: **C** ConnSH637543405237856762System.Random
11:02:03.230    (INFO)     Trx.Start: **** ConnSH637543405237936750System.Random
11:02:03.230    (INFO)     Trx.Commit: **C** ConnSH637543405237936750System.Random
11:02:03.230    (INFO)     Trx.Start: **** ConnSH637543405238016749System.Random
11:02:03.230    (INFO)     Trx.Commit: **C** ConnSH637543405238016749System.Random
11:02:03.230    (INFO)     Trx.Start: **** ConnSH637543405238096747System.Random
11:02:03.230    (INFO)     Trx.Commit: **C** ConnSH637543405238096747System.Random
11:02:03.230    (INFO)     Trx.Start: **** ConnSH637543405238176746System.Random
11:02:03.230    (INFO)     Trx.Commit: **C** ConnSH637543405238176746System.Random
11:02:03.230    (INFO)     Trx.Start: **** ConnSH637543405238256750System.Random
11:02:03.230    (INFO)     Trx.Commit: **C** ConnSH637543405238256750System.Random
11:02:03.230    (INFO)     Trx.Start: **** ConnSH637543405238346746System.Random
11:02:03.230    (INFO)     Trx.Commit: **C** ConnSH637543405238346746System.Random
11:02:03.230    (INFO)     Trx.Start: **** ConnSH637543405238426745System.Random
11:02:03.230    (INFO)     Trx.Commit: **C** ConnSH637543405238426745System.Random
11:02:03.230    (INFO)     Trx.Start: **** ConnSH637543405238506752System.Random
11:02:03.230    (INFO)     Trx.Commit: **C** ConnSH637543405238506752System.Random
11:02:03.230    (INFO)     Trx.Start: **** ConnSH637543405238587085System.Random
11:02:03.230    (INFO)     Trx.Commit: **C** ConnSH637543405238587085System.Random
11:02:03.230    (INFO)     Trx.Start: **** ConnSH637543405238667107System.Random
11:02:03.230    (INFO)     Trx.Commit: **C** ConnSH637543405238667107System.Random
11:02:03.230    (INFO)     Trx.Start: **** ConnSH637543405239106773System.Random
11:02:03.230    (INFO)     Trx.Commit: **C** ConnSH637543405239106773System.Random
11:02:09.290    (INFO)     Trx.Start: **** ConnSH637543405290638481System.Random
11:02:09.290    (INFO)     Trx.Commit: **C** ConnSH637543405290638481System.Random
11:02:10.210    (INFO)     CacheMgt.Reset: AD_Process: #1 (1)
11:03:32.332    (INFO)     Trx.Start: **** ConnSH637543406125383294System.Random
11:03:32.332    (INFO)     Trx.Commit: **C** ConnSH637543406125383294System.Random
11:03:43.343    (INFO)     Trx.Start: **** ConnSH637543406235129689System.Random
11:03:43.343    (INFO)     Trx.Commit: **C** ConnSH637543406235129689System.Random
11:04:29.429    (INFO)     Trx.Start: **** ConnSH637543406698887946System.Random
11:04:29.429    (INFO)     Trx.Commit: **C** ConnSH637543406698887946System.Random
11:04:35.435    (INFO)     Trx.Start: **** ConnSH637543406759765914System.Random
11:04:35.435    (INFO)     Trx.Commit: **C** ConnSH637543406759765914System.Random
11:04:37.437    (INFO)     Trx.Start: **** ConnSH637543406770352049System.Random
11:04:37.437    (INFO)     Trx.Commit: **C** ConnSH637543406770352049System.Random
11:04:40.440    (INFO)     Trx.Start: **** ConnSH637543406802993182System.Random
11:04:40.440    (INFO)     Trx.Commit: **C** ConnSH637543406802993182System.Random
11:05:12.512    (INFO)     Trx.Start: **** ConnSH637543407128621659System.Random
11:05:12.512    (INFO)     Trx.Commit: **C** ConnSH637543407128621659System.Random
11:05:12.512    (INFO)     Trx.Start: **** ConnSH637543407129152109System.Random
11:05:12.512    (INFO)     Trx.Commit: **C** ConnSH637543407129152109System.Random
11:05:22.522    (INFO)     Trx.Start: **** ConnSH637543407228764533System.Random
11:05:22.522    (INFO)     Trx.Commit: **C** ConnSH637543407228764533System.Random
11:05:23.523    (INFO)     Trx.Start: **** ConnSH637543407238081072System.Random
11:05:23.523    (INFO)     Trx.Commit: **C** ConnSH637543407238081072System.Random
11:05:25.525    (INFO)     Trx.Start: **** ConnSH637543407252082602System.Random
11:05:25.525    (INFO)     Trx.Commit: **C** ConnSH637543407252082602System.Random
11:05:26.526    (INFO)     Trx.Start: **** ConnSH637543407263028976System.Random
11:05:26.526    (INFO)     Trx.Commit: **C** ConnSH637543407263028976System.Random
11:05:26.526    (INFO)     Trx.Start: **** ConnSH637543407263218908System.Random
11:05:26.526    (INFO)     Trx.Commit: **C** ConnSH637543407263218908System.Random
11:05:28.528    (INFO)     Trx.Start: **** ConnSH637543407281006274System.Random
11:05:28.528    (INFO)     Trx.Commit: **C** ConnSH637543407281006274System.Random
11:05:28.528    (INFO)     Trx.Start: **** ConnSH637543407288806845System.Random
11:05:28.528    (INFO)     Trx.Commit: **C** ConnSH637543407288806845System.Random
11:05:29.529    (INFO)     Trx.Start: **** ConnSH637543407297379825System.Random
11:05:29.529    (INFO)     Trx.Commit: **C** ConnSH637543407297379825System.Random
11:05:30.530    (INFO)     Trx.Start: **** ConnSH637543407304902392System.Random
11:05:30.530    (INFO)     Trx.Commit: **C** ConnSH637543407304902392System.Random
11:05:31.531    (INFO)     Trx.Start: **** ConnSH637543407312356124System.Random
11:05:31.531    (INFO)     Trx.Commit: **C** ConnSH637543407312356124System.Random
11:05:31.531    (INFO)     Trx.Start: **** ConnSH637543407312516038System.Random
11:05:31.531    (INFO)     Trx.Commit: **C** ConnSH637543407312516038System.Random
11:05:32.532    (INFO)     Trx.Start: **** ConnSH637543407326158839System.Random
11:05:32.532    (INFO)     Trx.Commit: **C** ConnSH637543407326158839System.Random
11:05:33.533    (INFO)     Trx.Start: **** ConnSH637543407333238210System.Random
11:05:33.533    (INFO)     Trx.Commit: **C** ConnSH637543407333238210System.Random
11:05:34.534    (INFO)     Trx.Start: **** ConnSH637543407340380754System.Random
11:05:34.534    (INFO)     Trx.Commit: **C** ConnSH637543407340380754System.Random
11:05:38.538    (INFO)     Trx.Start: **** ConnSH637543407388585143System.Random
11:05:38.538    (INFO)     Trx.Commit: **C** ConnSH637543407388585143System.Random
11:05:41.541    (INFO)     Trx.Start: **** ConnSH637543407415823739System.Random
11:05:41.541    (INFO)     Trx.Commit: **C** ConnSH637543407415823739System.Random
11:05:42.542    (INFO)     Trx.Start: **** ConnSH637543407423071982System.Random
11:05:42.542    (INFO)     Trx.Commit: **C** ConnSH637543407423071982System.Random
11:05:42.542    (INFO)     Trx.Start: **** ConnSH637543407428967868System.Random
11:05:42.542    (INFO)     Trx.Commit: **C** ConnSH637543407428967868System.Random
11:05:43.543    (INFO)     Trx.Start: **** ConnSH637543407434894573System.Random
11:05:43.543    (INFO)     Trx.Commit: **C** ConnSH637543407434894573System.Random
11:05:44.544    (INFO)     Trx.Start: **** ConnSH637543407440599864System.Random
11:05:44.544    (INFO)     Trx.Commit: **C** ConnSH637543407440599864System.Random
11:05:44.544    (INFO)     Trx.Start: **** ConnSH637543407446283755System.Random
11:05:44.544    (INFO)     Trx.Commit: **C** ConnSH637543407446283755System.Random
11:05:45.545    (INFO)     Trx.Start: **** ConnSH637543407452381331System.Random
11:05:45.545    (INFO)     Trx.Commit: **C** ConnSH637543407452381331System.Random
11:05:45.545    (INFO)     Trx.Start: **** ConnSH637543407457890968System.Random
11:05:45.545    (INFO)     Trx.Commit: **C** ConnSH637543407457890968System.Random
11:05:50.550    (INFO)     Trx.Start: **** ConnSH637543407508481928System.Random
11:05:50.550    (INFO)     Trx.Commit: **C** ConnSH637543407508481928System.Random
11:05:51.551    (INFO)     CacheMgt.Reset: AD_Process: #1 (1)
11:07:21.721    (INFO)     Trx.Start: **** ConnSH637543408417914438System.Random
11:07:21.721    (INFO)     Trx.Commit: **C** ConnSH637543408417914438System.Random
11:07:30.730    (INFO)     Trx.Start: **** ConnSH637543408509606828System.Random
11:07:30.730    (INFO)     Trx.Commit: **C** ConnSH637543408509606828System.Random
11:07:59.759    (INFO)     Trx.Start: **** ConnSH637543408799705926System.Random
11:07:59.759    (INFO)     Trx.Commit: **C** ConnSH637543408799705926System.Random
11:08:25.825    (INFO)     Trx.Start: **** ConnSH637543409055873040System.Random
11:08:25.825    (INFO)     Trx.Commit: **C** ConnSH637543409055873040System.Random
11:08:31.831    (INFO)     Trx.Start: **** ConnSH637543409114967952System.Random
11:08:31.831    (INFO)     Trx.Commit: **C** ConnSH637543409114967952System.Random
11:08:37.837    (INFO)     Trx.Start: **** ConnSH637543409175800423System.Random
11:08:37.837    (INFO)     Trx.Commit: **C** ConnSH637543409175800423System.Random
11:08:46.846    (INFO)     Trx.Start: **** ConnSH637543409260690422System.Random
11:08:46.846    (INFO)     Trx.Commit: **C** ConnSH637543409260690422System.Random
11:08:46.846    (INFO)     Trx.Start: **** ConnSH637543409260880834System.Random
11:08:46.846    (INFO)     Trx.Commit: **C** ConnSH637543409260880834System.Random
11:09:04.940    (INFO)     Trx.Start: **** ConnSH637543409444268752System.Random
11:09:04.940    (INFO)     Trx.Commit: **C** ConnSH637543409444268752System.Random
11:09:23.923    (INFO)     Trx.Start: **** ConnSH637543409638591837System.Random
11:09:23.923    (INFO)     Trx.Commit: **C** ConnSH637543409638591837System.Random
11:09:32.932    (INFO)     Trx.Start: **** ConnSH637543409723441759System.Random
11:09:32.932    (INFO)     Trx.Commit: **C** ConnSH637543409723441759System.Random
11:09:47.947    (INFO)     Trx.Start: **** ConnSH637543409878398996System.Random
11:09:47.947    (INFO)     Trx.Commit: **C** ConnSH637543409878398996System.Random
11:09:47.947    (INFO)     Trx.Start: **** ConnSH637543409878569011System.Random
11:09:47.947    (INFO)     Trx.Commit: **C** ConnSH637543409878569011System.Random
11:10:09.109    (INFO)     Trx.Start: **** ConnSH637543410096149047System.Random
11:10:09.109    (INFO)     Trx.Commit: **C** ConnSH637543410096149047System.Random
11:10:11.101    (INFO)     Trx.Start: **** ConnSH637543410110001139System.Random
11:10:11.101    (INFO)     Trx.Commit: **C** ConnSH637543410110001139System.Random
11:10:12.101    (INFO)     Trx.Start: **** ConnSH637543410121203197System.Random
11:10:12.101    (INFO)     Trx.Commit: **C** ConnSH637543410121203197System.Random
11:10:13.101    (INFO)     Trx.Start: **** ConnSH637543410130797777System.Random
11:10:13.101    (INFO)     Trx.Commit: **C** ConnSH637543410130797777System.Random
11:10:13.101    (INFO)     Trx.Start: **** ConnSH637543410139503475System.Random
11:10:13.101    (INFO)     Trx.Commit: **C** ConnSH637543410139503475System.Random
11:10:13.101    (INFO)     Trx.Start: **** ConnSH637543410139633924System.Random
11:10:13.101    (INFO)     Trx.Commit: **C** ConnSH637543410139633924System.Random
11:10:17.101    (INFO)     Trx.Start: **** ConnSH637543410171493602System.Random
11:10:17.101    (INFO)     Trx.Commit: **C** ConnSH637543410171493602System.Random
11:10:18.101    (INFO)     Trx.Start: **** ConnSH637543410180196933System.Random
11:10:18.101    (INFO)     Trx.Commit: **C** ConnSH637543410180196933System.Random
11:10:19.101    (INFO)     Trx.Start: **** ConnSH637543410194413368System.Random
11:10:19.101    (INFO)     Trx.Commit: **C** ConnSH637543410194413368System.Random
11:10:20.102    (INFO)     Trx.Start: **** ConnSH637543410202226059System.Random
11:10:20.102    (INFO)     Trx.Commit: **C** ConnSH637543410202226059System.Random
11:10:20.102    (INFO)     Trx.Start: **** ConnSH637543410209816465System.Random
11:10:20.102    (INFO)     Trx.Commit: **C** ConnSH637543410209816465System.Random
11:10:21.102    (INFO)     Trx.Start: **** ConnSH637543410217261118System.Random
11:10:21.102    (INFO)     Trx.Commit: **C** ConnSH637543410217261118System.Random
11:10:22.102    (INFO)     Trx.Start: **** ConnSH637543410224961044System.Random
11:10:22.102    (INFO)     Trx.Commit: **C** ConnSH637543410224961044System.Random
11:10:23.102    (INFO)     Trx.Start: **** ConnSH637543410232862583System.Random
11:10:23.102    (INFO)     Trx.Commit: **C** ConnSH637543410232862583System.Random
11:10:40.104    (INFO)     Trx.Start: **** ConnSH637543410400537546System.Random
11:10:40.104    (INFO)     Trx.Commit: **C** ConnSH637543410400537546System.Random
11:10:40.104    (INFO)     Trx.Start: **** ConnSH637543410409088324System.Random
11:10:40.104    (INFO)     Trx.Commit: **C** ConnSH637543410409088324System.Random
11:10:41.104    (INFO)     Trx.Start: **** ConnSH637543410417844744System.Random
