*** 4/19/2021 9:29:33 AM VAdvantage Log  ***
09:29:33.293    (INFO)     Trx.Start: **** ConnSH637544213733995358System.Random
09:29:33.293    (INFO)     Trx.Commit: **C** ConnSH637544213733995358System.Random
09:29:33.293    (INFO)     MChangeLog.FillChangeLog: #9
===========>     (SEVERE)   OracleHelper.ExecuteReader: ORA-01756: quoted string not properly terminated [Query DR] SELECT VAHRUAE_HR_LEAVEDETAIL_ID FROM VAHRUAE_HR_LEAVEDETAIL WHERE C_BPARTNER_ID = 1006731AND VAHRUAE_APPROVE = 'Y' AND VAHRUAE_DATE1>= '20-NOV-20' AND VAHRUAE_DATE1 <= '20-DEC-20
===========>     (SEVERE)   OracleHelper.ExecuteReader: ORA-01756: quoted string not properly terminated [Query DR] SELECT VAHRUAE_HR_LEAVEDETAIL_ID FROM VAHRUAE_HR_LEAVEDETAIL WHERE C_BPARTNER_ID = 1006731AND VAHRUAE_APPROVE = 'Y' AND VAHRUAE_DATE1>= '20-NOV-20' AND VAHRUAE_DATE1 <= '20-DEC-20
===========>     (SEVERE)   PO.DoIt: SELECT VAHRUAE_HR_LEAVEDETAIL_ID FROM VAHRUAE_HR_LEAVEDETAIL WHERE C_BPARTNER_ID = 1006731AND VAHRUAE_APPROVE = 'Y' AND VAHRUAE_DATE1>= '20-NOV-20' AND VAHRUAE_DATE1 <= '20-DEC-20 => ORA-01756: quoted string not properly terminated
09:29:33.293    (INFO)     Trx.Start: **** ConnSH637544213736345651System.Random
09:29:33.293    (INFO)     Trx.Commit: **C** ConnSH637544213736345651System.Random
===========>     (SEVERE)   OracleHelper.ExecuteReader: ORA-01756: quoted string not properly terminated [Query DR] SELECT VAHRUAE_HR_LEAVEDETAIL_ID FROM VAHRUAE_HR_LEAVEDETAIL WHERE C_BPARTNER_ID = 1006731AND VAHRUAE_APPROVE = 'Y' AND VAHRUAE_DATE1>= '20-DEC-20' AND VAHRUAE_DATE1 <= '20-JAN-21
===========>     (SEVERE)   OracleHelper.ExecuteReader: ORA-01756: quoted string not properly terminated [Query DR] SELECT VAHRUAE_HR_LEAVEDETAIL_ID FROM VAHRUAE_HR_LEAVEDETAIL WHERE C_BPARTNER_ID = 1006731AND VAHRUAE_APPROVE = 'Y' AND VAHRUAE_DATE1>= '20-DEC-20' AND VAHRUAE_DATE1 <= '20-JAN-21
===========>     (SEVERE)   PO.DoIt: SELECT VAHRUAE_HR_LEAVEDETAIL_ID FROM VAHRUAE_HR_LEAVEDETAIL WHERE C_BPARTNER_ID = 1006731AND VAHRUAE_APPROVE = 'Y' AND VAHRUAE_DATE1>= '20-DEC-20' AND VAHRUAE_DATE1 <= '20-JAN-21 => ORA-01756: quoted string not properly terminated
09:29:33.293    (INFO)     Trx.Start: **** ConnSH637544213737945749System.Random
09:29:33.293    (INFO)     Trx.Commit: **C** ConnSH637544213737945749System.Random
===========>     (SEVERE)   OracleHelper.ExecuteReader: ORA-01756: quoted string not properly terminated [Query DR] SELECT VAHRUAE_HR_LEAVEDETAIL_ID FROM VAHRUAE_HR_LEAVEDETAIL WHERE C_BPARTNER_ID = 1006731AND VAHRUAE_APPROVE = 'Y' AND VAHRUAE_DATE1>= '20-JAN-21' AND VAHRUAE_DATE1 <= '20-FEB-21
===========>     (SEVERE)   OracleHelper.ExecuteReader: ORA-01756: quoted string not properly terminated [Query DR] SELECT VAHRUAE_HR_LEAVEDETAIL_ID FROM VAHRUAE_HR_LEAVEDETAIL WHERE C_BPARTNER_ID = 1006731AND VAHRUAE_APPROVE = 'Y' AND VAHRUAE_DATE1>= '20-JAN-21' AND VAHRUAE_DATE1 <= '20-FEB-21
===========>     (SEVERE)   PO.DoIt: SELECT VAHRUAE_HR_LEAVEDETAIL_ID FROM VAHRUAE_HR_LEAVEDETAIL WHERE C_BPARTNER_ID = 1006731AND VAHRUAE_APPROVE = 'Y' AND VAHRUAE_DATE1>= '20-JAN-21' AND VAHRUAE_DATE1 <= '20-FEB-21 => ORA-01756: quoted string not properly terminated
09:29:33.293    (INFO)     Trx.Start: **** ConnSH637544213739288727System.Random
09:29:33.293    (INFO)     Trx.Commit: **C** ConnSH637544213739288727System.Random
===========>     (SEVERE)   OracleHelper.ExecuteReader: ORA-01756: quoted string not properly terminated [Query DR] SELECT VAHRUAE_HR_LEAVEDETAIL_ID FROM VAHRUAE_HR_LEAVEDETAIL WHERE C_BPARTNER_ID = 1006731AND VAHRUAE_APPROVE = 'Y' AND VAHRUAE_DATE1>= '20-FEB-21' AND VAHRUAE_DATE1 <= '20-MAR-21
===========>     (SEVERE)   OracleHelper.ExecuteReader: ORA-01756: quoted string not properly terminated [Query DR] SELECT VAHRUAE_HR_LEAVEDETAIL_ID FROM VAHRUAE_HR_LEAVEDETAIL WHERE C_BPARTNER_ID = 1006731AND VAHRUAE_APPROVE = 'Y' AND VAHRUAE_DATE1>= '20-FEB-21' AND VAHRUAE_DATE1 <= '20-MAR-21
===========>     (SEVERE)   PO.DoIt: SELECT VAHRUAE_HR_LEAVEDETAIL_ID FROM VAHRUAE_HR_LEAVEDETAIL WHERE C_BPARTNER_ID = 1006731AND VAHRUAE_APPROVE = 'Y' AND VAHRUAE_DATE1>= '20-FEB-21' AND VAHRUAE_DATE1 <= '20-MAR-21 => ORA-01756: quoted string not properly terminated
09:29:34.293    (INFO)     Trx.Start: **** ConnSH637544213740309310System.Random
09:29:34.293    (INFO)     Trx.Commit: **C** ConnSH637544213740309310System.Random
09:29:34.293    (INFO)     CacheMgt.Reset: AD_Process: #1 (1)
09:30:38.303    (INFO)     Trx.Start: **** ConnSH637544214387315826System.Random
09:30:38.303    (INFO)     Trx.Commit: **C** ConnSH637544214387315826System.Random
===========>     (SEVERE)   OracleHelper.ExecuteReader: ORA-01756: quoted string not properly terminated [Query DR] SELECT VAHRUAE_HR_LEAVEDETAIL_ID FROM VAHRUAE_HR_LEAVEDETAIL WHERE C_BPARTNER_ID = 1006731AND VAHRUAE_APPROVE = 'Y' AND VAHRUAE_DATE1>= '20-NOV-20' AND VAHRUAE_DATE1 <= '20-DEC-20
===========>     (SEVERE)   OracleHelper.ExecuteReader: ORA-01756: quoted string not properly terminated [Query DR] SELECT VAHRUAE_HR_LEAVEDETAIL_ID FROM VAHRUAE_HR_LEAVEDETAIL WHERE C_BPARTNER_ID = 1006731AND VAHRUAE_APPROVE = 'Y' AND VAHRUAE_DATE1>= '20-NOV-20' AND VAHRUAE_DATE1 <= '20-DEC-20
===========>     (SEVERE)   PO.DoIt: SELECT VAHRUAE_HR_LEAVEDETAIL_ID FROM VAHRUAE_HR_LEAVEDETAIL WHERE C_BPARTNER_ID = 1006731AND VAHRUAE_APPROVE = 'Y' AND VAHRUAE_DATE1>= '20-NOV-20' AND VAHRUAE_DATE1 <= '20-DEC-20 => ORA-01756: quoted string not properly terminated
09:31:38.313    (INFO)     Trx.Start: **** ConnSH637544214987849350System.Random
09:31:38.313    (INFO)     Trx.Commit: **C** ConnSH637544214987849350System.Random
===========>     (SEVERE)   OracleHelper.ExecuteReader: ORA-01756: quoted string not properly terminated [Query DR] SELECT VAHRUAE_HR_LEAVEDETAIL_ID FROM VAHRUAE_HR_LEAVEDETAIL WHERE C_BPARTNER_ID = 1006731AND VAHRUAE_APPROVE = 'Y' AND VAHRUAE_DATE1>= '20-DEC-20' AND VAHRUAE_DATE1 <= '20-JAN-21
===========>     (SEVERE)   OracleHelper.ExecuteReader: ORA-01756: quoted string not properly terminated [Query DR] SELECT VAHRUAE_HR_LEAVEDETAIL_ID FROM VAHRUAE_HR_LEAVEDETAIL WHERE C_BPARTNER_ID = 1006731AND VAHRUAE_APPROVE = 'Y' AND VAHRUAE_DATE1>= '20-DEC-20' AND VAHRUAE_DATE1 <= '20-JAN-21
===========>     (SEVERE)   PO.DoIt: SELECT VAHRUAE_HR_LEAVEDETAIL_ID FROM VAHRUAE_HR_LEAVEDETAIL WHERE C_BPARTNER_ID = 1006731AND VAHRUAE_APPROVE = 'Y' AND VAHRUAE_DATE1>= '20-DEC-20' AND VAHRUAE_DATE1 <= '20-JAN-21 => ORA-01756: quoted string not properly terminated
09:31:39.313    (INFO)     Trx.Start: **** ConnSH637544214990139349System.Random
09:31:39.313    (INFO)     Trx.Commit: **C** ConnSH637544214990139349System.Random
===========>     (SEVERE)   OracleHelper.ExecuteReader: ORA-01756: quoted string not properly terminated [Query DR] SELECT VAHRUAE_HR_LEAVEDETAIL_ID FROM VAHRUAE_HR_LEAVEDETAIL WHERE C_BPARTNER_ID = 1006731AND VAHRUAE_APPROVE = 'Y' AND VAHRUAE_DATE1>= '20-JAN-21' AND VAHRUAE_DATE1 <= '20-FEB-21
===========>     (SEVERE)   OracleHelper.ExecuteReader: ORA-01756: quoted string not properly terminated [Query DR] SELECT VAHRUAE_HR_LEAVEDETAIL_ID FROM VAHRUAE_HR_LEAVEDETAIL WHERE C_BPARTNER_ID = 1006731AND VAHRUAE_APPROVE = 'Y' AND VAHRUAE_DATE1>= '20-JAN-21' AND VAHRUAE_DATE1 <= '20-FEB-21
===========>     (SEVERE)   PO.DoIt: SELECT VAHRUAE_HR_LEAVEDETAIL_ID FROM VAHRUAE_HR_LEAVEDETAIL WHERE C_BPARTNER_ID = 1006731AND VAHRUAE_APPROVE = 'Y' AND VAHRUAE_DATE1>= '20-JAN-21' AND VAHRUAE_DATE1 <= '20-FEB-21 => ORA-01756: quoted string not properly terminated
09:31:39.313    (INFO)     Trx.Start: **** ConnSH637544214991579358System.Random
09:31:39.313    (INFO)     Trx.Commit: **C** ConnSH637544214991579358System.Random
===========>     (SEVERE)   OracleHelper.ExecuteReader: ORA-01756: quoted string not properly terminated [Query DR] SELECT VAHRUAE_HR_LEAVEDETAIL_ID FROM VAHRUAE_HR_LEAVEDETAIL WHERE C_BPARTNER_ID = 1006731AND VAHRUAE_APPROVE = 'Y' AND VAHRUAE_DATE1>= '20-FEB-21' AND VAHRUAE_DATE1 <= '20-MAR-21
===========>     (SEVERE)   OracleHelper.ExecuteReader: ORA-01756: quoted string not properly terminated [Query DR] SELECT VAHRUAE_HR_LEAVEDETAIL_ID FROM VAHRUAE_HR_LEAVEDETAIL WHERE C_BPARTNER_ID = 1006731AND VAHRUAE_APPROVE = 'Y' AND VAHRUAE_DATE1>= '20-FEB-21' AND VAHRUAE_DATE1 <= '20-MAR-21
===========>     (SEVERE)   PO.DoIt: SELECT VAHRUAE_HR_LEAVEDETAIL_ID FROM VAHRUAE_HR_LEAVEDETAIL WHERE C_BPARTNER_ID = 1006731AND VAHRUAE_APPROVE = 'Y' AND VAHRUAE_DATE1>= '20-FEB-21' AND VAHRUAE_DATE1 <= '20-MAR-21 => ORA-01756: quoted string not properly terminated
