*** 5/16/2021 7:01:42 PM VAdvantage Log  ***
07:01:42.142    (INFO)     Trx.Start: **** ConnSH637567885028132810System.Random
07:01:42.142    (INFO)     Trx.Commit: **C** ConnSH637567885028132810System.Random
07:01:42.142    (INFO)     MChangeLog.FillChangeLog: #9
===========>     (SEVERE)   OracleHelper.ExecuteReader: ORA-01756: quoted string not properly terminated [Query DR] SELECT VAHRUAE_HR_LEAVEDETAIL_ID FROM VAHRUAE_HR_LEAVEDETAIL WHERE C_BPARTNER_ID = 1006731AND VAHRUAE_APPROVE = 'Y' AND VAHRUAE_DATE1= '20-DEC-20
===========>     (SEVERE)   OracleHelper.ExecuteReader: ORA-01756: quoted string not properly terminated [Query DR] SELECT VAHRUAE_HR_LEAVEDETAIL_ID FROM VAHRUAE_HR_LEAVEDETAIL WHERE C_BPARTNER_ID = 1006731AND VAHRUAE_APPROVE = 'Y' AND VAHRUAE_DATE1= '20-DEC-20
===========>     (SEVERE)   PO.DoIt: SELECT VAHRUAE_HR_LEAVEDETAIL_ID FROM VAHRUAE_HR_LEAVEDETAIL WHERE C_BPARTNER_ID = 1006731AND VAHRUAE_APPROVE = 'Y' AND VAHRUAE_DATE1= '20-DEC-20 => ORA-01756: quoted string not properly terminated
07:01:43.143    (INFO)     Trx.Start: **** ConnSH637567885030468322System.Random
07:01:43.143    (INFO)     Trx.Commit: **C** ConnSH637567885030468322System.Random
07:01:43.143    (INFO)     Trx.Start: **** ConnSH637567885030598403System.Random
07:01:43.143    (INFO)     Trx.Commit: **C** ConnSH637567885030598403System.Random
07:01:43.143    (INFO)     Trx.Start: **** ConnSH637567885030788411System.Random
07:01:43.143    (INFO)     Trx.Commit: **C** ConnSH637567885030788411System.Random
07:01:43.143    (INFO)     Trx.Start: **** ConnDDH637567885031008412System.Random
07:01:43.143    (INFO)     Trx.ExecuteDataSet: Trx Dataset ConnDDH637567885031008412System.Random 7
07:01:43.143    (INFO)     Trx.ExecuteQuery: Trx non-query ConnDDH637567885031008412System.Random 7
07:01:43.143    (INFO)     Trx.Commit: **C** ConnDDH637567885031008412System.Random
===========>     (SEVERE)   DB.ExecuteQuery:  => ORA-01400: cannot insert NULL into ("VIENNAADVANTAGE"."VAHRUAE_VSS_EMPMTHSALARY"."VAHRUAE_VSS_MONTHLYSALARY_ID")
----------->     (WARNING)  DB.ExecuteQuery: DBExecuteError - ORA-01400: cannot insert NULL into ("VIENNAADVANTAGE"."VAHRUAE_VSS_EMPMTHSALARY"."VAHRUAE_VSS_MONTHLYSALARY_ID")
----------->     (WARNING)  X_VAHRUAE_Vss_EmpMthSalary.DoIt: Not insertedVAHRUAE_Vss_EmpMthSalary
----------->     (WARNING)  X_VAHRUAE_Vss_EmpMthSalary.DoIt: DocumentNo updated:  -> 1000074
----------->     (WARNING)  X_VAHRUAE_Vss_EmpMthSalary.DoIt: #Records-0 - VAHRUAE_Vss_EmpMthSalary.VAHRUAE_Vss_EmpMthSalary_ID=1000076
07:01:43.143    (INFO)     Trx.Start: **** ConnSH637567885031388396System.Random
07:01:43.143    (INFO)     Trx.Commit: **C** ConnSH637567885031388396System.Random
----------->     (WARNING)  X_VAHRUAE_Vss_EmpMthSalary.DoIt: DocumentNo updated:  -> 1000074
----------->     (WARNING)  X_VAHRUAE_Vss_EmpMthSalary.DoIt: #Records-0 - VAHRUAE_Vss_EmpMthSalary.VAHRUAE_Vss_EmpMthSalary_ID=1000076
----------->     (WARNING)  X_VAHRUAE_Vss_EmpMthSalary.DoIt: DocumentNo updated:  -> 1000074
----------->     (WARNING)  X_VAHRUAE_Vss_EmpMthSalary.DoIt: #Records-0 - VAHRUAE_Vss_EmpMthSalary.VAHRUAE_Vss_EmpMthSalary_ID=1000076
07:01:43.143    (INFO)     Trx.Start: **** ConnSH637567885031718881System.Random
07:01:43.143    (INFO)     Trx.Commit: **C** ConnSH637567885031718881System.Random
----------->     (WARNING)  X_VAHRUAE_Vss_EmpMthSalary.DoIt: DocumentNo updated:  -> 1000074
----------->     (WARNING)  X_VAHRUAE_Vss_EmpMthSalary.DoIt: #Records-0 - VAHRUAE_Vss_EmpMthSalary.VAHRUAE_Vss_EmpMthSalary_ID=1000076
----------->     (WARNING)  X_VAHRUAE_Vss_EmpMthSalary.DoIt: DocumentNo updated:  -> 1000074
----------->     (WARNING)  X_VAHRUAE_Vss_EmpMthSalary.DoIt: #Records-0 - VAHRUAE_Vss_EmpMthSalary.VAHRUAE_Vss_EmpMthSalary_ID=1000076
07:01:43.143    (INFO)     Trx.Start: **** ConnSH637567885032036693System.Random
07:01:43.143    (INFO)     Trx.Commit: **C** ConnSH637567885032036693System.Random
----------->     (WARNING)  X_VAHRUAE_Vss_EmpMthSalary.DoIt: DocumentNo updated:  -> 1000074
----------->     (WARNING)  X_VAHRUAE_Vss_EmpMthSalary.DoIt: #Records-0 - VAHRUAE_Vss_EmpMthSalary.VAHRUAE_Vss_EmpMthSalary_ID=1000076
----------->     (WARNING)  X_VAHRUAE_Vss_EmpMthSalary.DoIt: DocumentNo updated:  -> 1000074
----------->     (WARNING)  X_VAHRUAE_Vss_EmpMthSalary.DoIt: #Records-0 - VAHRUAE_Vss_EmpMthSalary.VAHRUAE_Vss_EmpMthSalary_ID=1000076
07:01:43.143    (INFO)     Trx.Start: **** ConnSH637567885032341437System.Random
07:01:43.143    (INFO)     Trx.Commit: **C** ConnSH637567885032341437System.Random
----------->     (WARNING)  X_VAHRUAE_Vss_EmpMthSalary.DoIt: DocumentNo updated:  -> 1000074
----------->     (WARNING)  X_VAHRUAE_Vss_EmpMthSalary.DoIt: #Records-0 - VAHRUAE_Vss_EmpMthSalary.VAHRUAE_Vss_EmpMthSalary_ID=1000076
----------->     (WARNING)  X_VAHRUAE_Vss_EmpMthSalary.DoIt: DocumentNo updated:  -> 1000074
----------->     (WARNING)  X_VAHRUAE_Vss_EmpMthSalary.DoIt: #Records-0 - VAHRUAE_Vss_EmpMthSalary.VAHRUAE_Vss_EmpMthSalary_ID=1000076
07:01:43.143    (INFO)     Trx.Start: **** ConnSH637567885032660826System.Random
07:01:43.143    (INFO)     Trx.Commit: **C** ConnSH637567885032660826System.Random
----------->     (WARNING)  X_VAHRUAE_Vss_EmpMthSalary.DoIt: DocumentNo updated:  -> 1000074
----------->     (WARNING)  X_VAHRUAE_Vss_EmpMthSalary.DoIt: #Records-0 - VAHRUAE_Vss_EmpMthSalary.VAHRUAE_Vss_EmpMthSalary_ID=1000076
----------->     (WARNING)  X_VAHRUAE_Vss_EmpMthSalary.DoIt: DocumentNo updated:  -> 1000074
----------->     (WARNING)  X_VAHRUAE_Vss_EmpMthSalary.DoIt: #Records-0 - VAHRUAE_Vss_EmpMthSalary.VAHRUAE_Vss_EmpMthSalary_ID=1000076
07:01:43.143    (INFO)     Trx.Start: **** ConnSH637567885032978687System.Random
07:01:43.143    (INFO)     Trx.Commit: **C** ConnSH637567885032978687System.Random
===========>     (SEVERE)   OracleHelper.ExecuteReader: ORA-00904: "VAHRUAE_LEAVE_TYPE": invalid identifier [Query DR] SELECT VAHRUAE_HR_LeaveDetail_ID FROM VAHRUAE_HR_LeaveDetail WHERE C_BPartner_ID = 1006731 AND VAHRUAE_LEAVE_TYPE = 'SL' AND VAHRUAE_Date1 >= '01-JAN-2020' AND VAHRUAE_DATE1 <= '31-DEC2020'
===========>     (SEVERE)   OracleHelper.ExecuteReader: ORA-00904: "VAHRUAE_LEAVE_TYPE": invalid identifier [Query DR] SELECT VAHRUAE_HR_LeaveDetail_ID FROM VAHRUAE_HR_LeaveDetail WHERE C_BPartner_ID = 1006731 AND VAHRUAE_LEAVE_TYPE = 'SL' AND VAHRUAE_Date1 >= '01-JAN-2020' AND VAHRUAE_DATE1 <= '31-DEC2020'
===========>     (SEVERE)   PO.LeaveDaysDeduction: SELECT VAHRUAE_HR_LeaveDetail_ID FROM VAHRUAE_HR_LeaveDetail WHERE C_BPartner_ID = 1006731 AND VAHRUAE_LEAVE_TYPE = 'SL' AND VAHRUAE_Date1 >= '01-JAN-2020' AND VAHRUAE_DATE1 <= '31-DEC2020' => ORA-00904: "VAHRUAE_LEAVE_TYPE": invalid identifier
07:01:49.149    (INFO)     Trx.Start: **** ConnSH637567885091246796System.Random
07:01:49.149    (INFO)     Trx.Commit: **C** ConnSH637567885091246796System.Random
07:01:49.149    (INFO)     Trx.Start: **** ConnSH637567885091506774System.Random
07:01:49.149    (INFO)     Trx.Commit: **C** ConnSH637567885091506774System.Random
----------->     (WARNING)  X_VAHRUAE_Vss_EmpMthSalary.DoIt: DocumentNo updated:  -> 1000074
----------->     (WARNING)  X_VAHRUAE_Vss_EmpMthSalary.DoIt: #Records-0 - VAHRUAE_Vss_EmpMthSalary.VAHRUAE_Vss_EmpMthSalary_ID=1000076
----------->     (WARNING)  X_VAHRUAE_Vss_EmpMthSalary.DoIt: DocumentNo updated:  -> 1000074
----------->     (WARNING)  X_VAHRUAE_Vss_EmpMthSalary.DoIt: #Records-0 - VAHRUAE_Vss_EmpMthSalary.VAHRUAE_Vss_EmpMthSalary_ID=1000076
----------->     (WARNING)  X_VAHRUAE_Vss_EmpMthSalary.DoIt: DocumentNo updated:  -> 1000074
----------->     (WARNING)  X_VAHRUAE_Vss_EmpMthSalary.DoIt: #Records-0 - VAHRUAE_Vss_EmpMthSalary.VAHRUAE_Vss_EmpMthSalary_ID=1000076
----------->     (WARNING)  X_VAHRUAE_Vss_EmpMthSalary.DoIt: DocumentNo updated:  -> 1000074
----------->     (WARNING)  X_VAHRUAE_Vss_EmpMthSalary.DoIt: #Records-0 - VAHRUAE_Vss_EmpMthSalary.VAHRUAE_Vss_EmpMthSalary_ID=1000076
----------->     (WARNING)  X_VAHRUAE_Vss_EmpMthSalary.DoIt: DocumentNo updated:  -> 1000074
----------->     (WARNING)  X_VAHRUAE_Vss_EmpMthSalary.DoIt: #Records-0 - VAHRUAE_Vss_EmpMthSalary.VAHRUAE_Vss_EmpMthSalary_ID=1000076
----------->     (WARNING)  X_VAHRUAE_Vss_EmpMthSalary.DoIt: DocumentNo updated:  -> 1000074
----------->     (WARNING)  X_VAHRUAE_Vss_EmpMthSalary.DoIt: #Records-0 - VAHRUAE_Vss_EmpMthSalary.VAHRUAE_Vss_EmpMthSalary_ID=1000076
----------->     (WARNING)  X_VAHRUAE_Vss_EmpMthSalary.DoIt: DocumentNo updated:  -> 1000074
----------->     (WARNING)  X_VAHRUAE_Vss_EmpMthSalary.DoIt: #Records-0 - VAHRUAE_Vss_EmpMthSalary.VAHRUAE_Vss_EmpMthSalary_ID=1000076
----------->     (WARNING)  X_VAHRUAE_Vss_EmpMthSalary.DoIt: DocumentNo updated:  -> 1000074
----------->     (WARNING)  X_VAHRUAE_Vss_EmpMthSalary.DoIt: #Records-0 - VAHRUAE_Vss_EmpMthSalary.VAHRUAE_Vss_EmpMthSalary_ID=1000076
----------->     (WARNING)  X_VAHRUAE_Vss_EmpMthSalary.DoIt: DocumentNo updated:  -> 1000074
----------->     (WARNING)  X_VAHRUAE_Vss_EmpMthSalary.DoIt: #Records-0 - VAHRUAE_Vss_EmpMthSalary.VAHRUAE_Vss_EmpMthSalary_ID=1000076
----------->     (WARNING)  X_VAHRUAE_Vss_EmpMthSalary.DoIt: DocumentNo updated:  -> 1000074
----------->     (WARNING)  X_VAHRUAE_Vss_EmpMthSalary.DoIt: #Records-0 - VAHRUAE_Vss_EmpMthSalary.VAHRUAE_Vss_EmpMthSalary_ID=1000076
----------->     (WARNING)  X_VAHRUAE_Vss_EmpMthSalary.DoIt: DocumentNo updated:  -> 1000074
----------->     (WARNING)  X_VAHRUAE_Vss_EmpMthSalary.DoIt: #Records-0 - VAHRUAE_Vss_EmpMthSalary.VAHRUAE_Vss_EmpMthSalary_ID=1000076
----------->     (WARNING)  X_VAHRUAE_Vss_EmpMthSalary.DoIt: DocumentNo updated:  -> 1000074
----------->     (WARNING)  X_VAHRUAE_Vss_EmpMthSalary.DoIt: #Records-0 - VAHRUAE_Vss_EmpMthSalary.VAHRUAE_Vss_EmpMthSalary_ID=1000076
----------->     (WARNING)  X_VAHRUAE_Vss_EmpMthSalary.DoIt: DocumentNo updated:  -> 1000074
----------->     (WARNING)  X_VAHRUAE_Vss_EmpMthSalary.DoIt: #Records-0 - VAHRUAE_Vss_EmpMthSalary.VAHRUAE_Vss_EmpMthSalary_ID=1000076
----------->     (WARNING)  X_VAHRUAE_Vss_EmpMthSalary.DoIt: DocumentNo updated:  -> 1000074
----------->     (WARNING)  X_VAHRUAE_Vss_EmpMthSalary.DoIt: #Records-0 - VAHRUAE_Vss_EmpMthSalary.VAHRUAE_Vss_EmpMthSalary_ID=1000076
----------->     (WARNING)  X_VAHRUAE_Vss_EmpMthSalary.DoIt: DocumentNo updated:  -> 1000074
----------->     (WARNING)  X_VAHRUAE_Vss_EmpMthSalary.DoIt: #Records-0 - VAHRUAE_Vss_EmpMthSalary.VAHRUAE_Vss_EmpMthSalary_ID=1000076
----------->     (WARNING)  X_VAHRUAE_Vss_EmpMthSalary.DoIt: DocumentNo updated:  -> 1000074
----------->     (WARNING)  X_VAHRUAE_Vss_EmpMthSalary.DoIt: #Records-0 - VAHRUAE_Vss_EmpMthSalary.VAHRUAE_Vss_EmpMthSalary_ID=1000076
----------->     (WARNING)  X_VAHRUAE_Vss_EmpMthSalary.DoIt: DocumentNo updated:  -> 1000074
----------->     (WARNING)  X_VAHRUAE_Vss_EmpMthSalary.DoIt: #Records-0 - VAHRUAE_Vss_EmpMthSalary.VAHRUAE_Vss_EmpMthSalary_ID=1000076
----------->     (WARNING)  X_VAHRUAE_Vss_EmpMthSalary.DoIt: DocumentNo updated:  -> 1000074
----------->     (WARNING)  X_VAHRUAE_Vss_EmpMthSalary.DoIt: #Records-0 - VAHRUAE_Vss_EmpMthSalary.VAHRUAE_Vss_EmpMthSalary_ID=1000076
----------->     (WARNING)  X_VAHRUAE_Vss_EmpMthSalary.DoIt: DocumentNo updated:  -> 1000074
----------->     (WARNING)  X_VAHRUAE_Vss_EmpMthSalary.DoIt: #Records-0 - VAHRUAE_Vss_EmpMthSalary.VAHRUAE_Vss_EmpMthSalary_ID=1000076
----------->     (WARNING)  X_VAHRUAE_Vss_EmpMthSalary.DoIt: DocumentNo updated:  -> 1000074
----------->     (WARNING)  X_VAHRUAE_Vss_EmpMthSalary.DoIt: #Records-0 - VAHRUAE_Vss_EmpMthSalary.VAHRUAE_Vss_EmpMthSalary_ID=1000076
----------->     (WARNING)  X_VAHRUAE_Vss_EmpMthSalary.DoIt: DocumentNo updated:  -> 1000074
----------->     (WARNING)  X_VAHRUAE_Vss_EmpMthSalary.DoIt: #Records-0 - VAHRUAE_Vss_EmpMthSalary.VAHRUAE_Vss_EmpMthSalary_ID=1000076
----------->     (WARNING)  X_VAHRUAE_Vss_EmpMthSalary.DoIt: DocumentNo updated:  -> 1000074
----------->     (WARNING)  X_VAHRUAE_Vss_EmpMthSalary.DoIt: #Records-0 - VAHRUAE_Vss_EmpMthSalary.VAHRUAE_Vss_EmpMthSalary_ID=1000076
----------->     (WARNING)  X_VAHRUAE_Vss_EmpMthSalary.DoIt: DocumentNo updated:  -> 1000074
----------->     (WARNING)  X_VAHRUAE_Vss_EmpMthSalary.DoIt: #Records-0 - VAHRUAE_Vss_EmpMthSalary.VAHRUAE_Vss_EmpMthSalary_ID=1000076
----------->     (WARNING)  X_VAHRUAE_Vss_EmpMthSalary.DoIt: DocumentNo updated:  -> 1000074
----------->     (WARNING)  X_VAHRUAE_Vss_EmpMthSalary.DoIt: #Records-0 - VAHRUAE_Vss_EmpMthSalary.VAHRUAE_Vss_EmpMthSalary_ID=1000076
----------->     (WARNING)  X_VAHRUAE_Vss_EmpMthSalary.DoIt: DocumentNo updated:  -> 1000074
----------->     (WARNING)  X_VAHRUAE_Vss_EmpMthSalary.DoIt: #Records-0 - VAHRUAE_Vss_EmpMthSalary.VAHRUAE_Vss_EmpMthSalary_ID=1000076
----------->     (WARNING)  X_VAHRUAE_Vss_EmpMthSalary.DoIt: DocumentNo updated:  -> 1000074
----------->     (WARNING)  X_VAHRUAE_Vss_EmpMthSalary.DoIt: #Records-0 - VAHRUAE_Vss_EmpMthSalary.VAHRUAE_Vss_EmpMthSalary_ID=1000076
----------->     (WARNING)  X_VAHRUAE_Vss_EmpMthSalary.DoIt: DocumentNo updated:  -> 1000074
----------->     (WARNING)  X_VAHRUAE_Vss_EmpMthSalary.DoIt: #Records-0 - VAHRUAE_Vss_EmpMthSalary.VAHRUAE_Vss_EmpMthSalary_ID=1000076
----------->     (WARNING)  X_VAHRUAE_Vss_EmpMthSalary.DoIt: DocumentNo updated:  -> 1000074
----------->     (WARNING)  X_VAHRUAE_Vss_EmpMthSalary.DoIt: #Records-0 - VAHRUAE_Vss_EmpMthSalary.VAHRUAE_Vss_EmpMthSalary_ID=1000076
----------->     (WARNING)  X_VAHRUAE_Vss_EmpMthSalary.DoIt: DocumentNo updated:  -> 1000074
----------->     (WARNING)  X_VAHRUAE_Vss_EmpMthSalary.DoIt: #Records-0 - VAHRUAE_Vss_EmpMthSalary.VAHRUAE_Vss_EmpMthSalary_ID=1000076
----------->     (WARNING)  X_VAHRUAE_Vss_EmpMthSalary.DoIt: DocumentNo updated:  -> 1000074
----------->     (WARNING)  X_VAHRUAE_Vss_EmpMthSalary.DoIt: #Records-0 - VAHRUAE_Vss_EmpMthSalary.VAHRUAE_Vss_EmpMthSalary_ID=1000076
----------->     (WARNING)  X_VAHRUAE_Vss_EmpMthSalary.DoIt: DocumentNo updated:  -> 1000074
----------->     (WARNING)  X_VAHRUAE_Vss_EmpMthSalary.DoIt: #Records-0 - VAHRUAE_Vss_EmpMthSalary.VAHRUAE_Vss_EmpMthSalary_ID=1000076
===========>     (SEVERE)   OracleHelper.ExecuteReader: ORA-00933: SQL command not properly ended [Query DR] SELECT C_TAX_ID FROM C_TAX WHERE Line < 25200C_TAXCATEGORY_ID = 1000017ORDER BY LINE ASC
===========>     (SEVERE)   OracleHelper.ExecuteReader: ORA-00933: SQL command not properly ended [Query DR] SELECT C_TAX_ID FROM C_TAX WHERE Line < 25200C_TAXCATEGORY_ID = 1000017ORDER BY LINE ASC
===========>     (SEVERE)   PO.calculateTax: SELECT C_TAX_ID FROM C_TAX WHERE Line < 25200C_TAXCATEGORY_ID = 1000017ORDER BY LINE ASC => ORA-00933: SQL command not properly ended
----------->     (WARNING)  X_VAHRUAE_Vss_EmpMthSalary.DoIt: DocumentNo updated:  -> 1000074
----------->     (WARNING)  X_VAHRUAE_Vss_EmpMthSalary.DoIt: #Records-0 - VAHRUAE_Vss_EmpMthSalary.VAHRUAE_Vss_EmpMthSalary_ID=1000076
07:01:49.149    (INFO)     CacheMgt.Reset: AD_Process: #1 (1)
----------->     (WARNING)  GridTable.GetField: Not found: 'Created'
----------->     (WARNING)  GridTable.GetField: Not found: 'CreatedBy'
----------->     (WARNING)  GridTable.GetField: Not found: 'Updated'
----------->     (WARNING)  GridTable.GetField: Not found: 'UpdatedBy'
===========>     (SEVERE)   OracleHelper.ExecuteDataset: ORA-00942: table or view does not exist [Query D] => SELECT vadms_windowdoclink_id, record_id FROM VADMS_WindowDocLink wdl JOIN vadms_document doc ON wdl.VADMS_Document_ID  =doc.VADMS_Document_ID WHERE doc.vadms_docstatus!='DD' AND AD_Table_ID =100
----------->     (WARNING)  GridTable.GetField: Not found: 'Created'
----------->     (WARNING)  GridTable.GetField: Not found: 'CreatedBy'
----------->     (WARNING)  GridTable.GetField: Not found: 'Updated'
----------->     (WARNING)  GridTable.GetField: Not found: 'UpdatedBy'
----------->     (WARNING)  GridTable.GetField: Not found: 'Created'
----------->     (WARNING)  GridTable.GetField: Not found: 'CreatedBy'
----------->     (WARNING)  GridTable.GetField: Not found: 'Updated'
----------->     (WARNING)  GridTable.GetField: Not found: 'UpdatedBy'
===========>     (SEVERE)   OracleHelper.ExecuteDataset: ORA-00942: table or view does not exist [Query D] => SELECT vadms_windowdoclink_id, record_id FROM VADMS_WindowDocLink wdl JOIN vadms_document doc ON wdl.VADMS_Document_ID  =doc.VADMS_Document_ID WHERE doc.vadms_docstatus!='DD' AND AD_Table_ID =101
----------->     (WARNING)  GridTable.GetField: Not found: 'Created'
----------->     (WARNING)  GridTable.GetField: Not found: 'CreatedBy'
----------->     (WARNING)  GridTable.GetField: Not found: 'Updated'
----------->     (WARNING)  GridTable.GetField: Not found: 'UpdatedBy'
----------->     (WARNING)  GridTable.GetField: Not found: 'Created'
----------->     (WARNING)  GridTable.GetField: Not found: 'CreatedBy'
----------->     (WARNING)  GridTable.GetField: Not found: 'Updated'
----------->     (WARNING)  GridTable.GetField: Not found: 'UpdatedBy'
----------->     (WARNING)  GridTable.GetField: Not found: 'Created'
----------->     (WARNING)  GridTable.GetField: Not found: 'CreatedBy'
----------->     (WARNING)  GridTable.GetField: Not found: 'Updated'
----------->     (WARNING)  GridTable.GetField: Not found: 'UpdatedBy'
07:03:43.343    (INFO)     Trx.Start: **** ConnSH637567886230986930System.Random
07:03:43.343    (INFO)     Trx.Commit: **C** ConnSH637567886230986930System.Random
07:03:44.344    (INFO)     Trx.Start: **** ConnSH637567886245045953System.Random
07:03:44.344    (INFO)     Trx.Commit: **C** ConnSH637567886245045953System.Random
07:03:47.347    (INFO)     Trx.Start: **** ConnSH637567886278621371System.Random
07:03:47.347    (INFO)     Trx.Commit: **C** ConnSH637567886278621371System.Random
07:04:03.430    (INFO)     Trx.Start: **** ConnSH637567886438500047System.Random
07:04:03.430    (INFO)     Trx.Commit: **C** ConnSH637567886438500047System.Random
07:04:25.425    (INFO)     Trx.Start: **** ConnSH637567886659544194System.Random
07:04:25.425    (INFO)     Trx.Commit: **C** ConnSH637567886659544194System.Random
07:04:26.426    (INFO)     CacheMgt.Reset: AD_Column: #1 (0)
07:04:28.428    (INFO)     Trx.Start: **** ConnSH637567886684313435System.Random
07:04:28.428    (INFO)     Trx.Commit: **C** ConnSH637567886684313435System.Random
07:04:28.428    (INFO)     CacheMgt.Reset: AD_Column: #1 (0)
07:04:30.430    (INFO)     Trx.Start: **** ConnSH637567886706852606System.Random
07:04:30.430    (INFO)     Trx.Commit: **C** ConnSH637567886706852606System.Random
07:04:30.430    (INFO)     CacheMgt.Reset: AD_Column: #1 (0)
07:04:34.434    (INFO)     Trx.Start: **** ConnSH637567886742161888System.Random
07:04:34.434    (INFO)     Trx.Commit: **C** ConnSH637567886742161888System.Random
07:04:34.434    (INFO)     ColumnSync.DoIt: C_Column_ID=1019914
07:04:34.434    (INFO)     Trx.Start: **** SvrProcess
07:04:34.434    (INFO)     ColumnSync.AddLog: 0 - 1/1/0001 12:00:00 AM - 1 - ALTER TABLE VAHRUAE_Vss_EmpMthSalary MODIFY  VAHRUAE_Vss_MonthlySalary_ID  NUMBER(10) DEFAULT  NULL 
07:04:34.434    (INFO)     ColumnSync.AddLog: 0 - 1/1/0001 12:00:00 AM - 1 - ALTER TABLE VAHRUAE_Vss_EmpMthSalary MODIFY VAHRUAE_Vss_MonthlySalary_ID  NULL
===========>     (SEVERE)   OracleHelper.ExecuteNonQuery: ORA-02250: missing or invalid constraint name [Query NQTrx]ALTER TABLE VAHRUAE_Vss_EmpMthSalary DROP CONSTRAINT 
===========>     (SEVERE)   DB.ExecuteQuery: SvrProcess => ORA-02250: missing or invalid constraint name
----------->     (WARNING)  DB.ExecuteQuery: DBExecuteError - ORA-02250: missing or invalid constraint name
07:04:34.434    (INFO)     ColumnSync.AddLog: 0 -  - -1 - ALTER TABLE VAHRUAE_Vss_EmpMthSalary DROP CONSTRAINT 
07:04:34.434    (INFO)     Trx.Commit: **C** SvrProcess
07:04:34.434    (INFO)     CacheMgt.Reset: AD_Process: #1 (1)
07:04:38.438    (INFO)     Trx.Start: **** ConnSH637567886784904195System.Random
07:04:38.438    (INFO)     Trx.Commit: **C** ConnSH637567886784904195System.Random
07:04:38.438    (INFO)     CacheMgt.Reset: AD_Column: #1 (0)
07:04:41.441    (INFO)     Trx.Start: **** ConnSH637567886818188470System.Random
07:04:41.441    (INFO)     Trx.Commit: **C** ConnSH637567886818188470System.Random
07:04:41.441    (INFO)     CacheReset.DoIt: 
07:04:41.441    (INFO)     Env.Reset: finalCall=False
07:04:41.441    (INFO)     CacheMgt.Reset: #19 (4403)
07:04:41.441    (INFO)     MRole.Get: AD_Role_ID=0, AD_User_ID=0, reload=True
07:04:41.441    (INFO)     MRole.Get: MRole[0,System Administrator,UserLevel=S  ,AD_Client_ID=0,AD_Org_ID=0]
07:04:41.441    (INFO)     MRole.Get: AD_Role_ID=0, AD_User_ID=100, reload=True
07:04:41.441    (INFO)     MRole.Get: MRole[0,System Administrator,UserLevel=S  ,AD_Client_ID=0,AD_Org_ID=0]
07:04:41.441    (INFO)     MChangeLog.FillChangeLog: #9
07:04:41.441    (INFO)     CacheMgt.Reset: AD_Process: #1 (1)
07:04:52.452    (INFO)     Trx.Start: **** ConnSH637567886926459942System.Random
07:04:52.452    (INFO)     Trx.Commit: **C** ConnSH637567886926459942System.Random
===========>     (SEVERE)   OracleHelper.ExecuteReader: ORA-01756: quoted string not properly terminated [Query DR] SELECT VAHRUAE_HR_LEAVEDETAIL_ID FROM VAHRUAE_HR_LEAVEDETAIL WHERE C_BPARTNER_ID = 1006731AND VAHRUAE_APPROVE = 'Y' AND VAHRUAE_DATE1= '20-DEC-20
===========>     (SEVERE)   OracleHelper.ExecuteReader: ORA-01756: quoted string not properly terminated [Query DR] SELECT VAHRUAE_HR_LEAVEDETAIL_ID FROM VAHRUAE_HR_LEAVEDETAIL WHERE C_BPARTNER_ID = 1006731AND VAHRUAE_APPROVE = 'Y' AND VAHRUAE_DATE1= '20-DEC-20
===========>     (SEVERE)   PO.DoIt: SELECT VAHRUAE_HR_LEAVEDETAIL_ID FROM VAHRUAE_HR_LEAVEDETAIL WHERE C_BPARTNER_ID = 1006731AND VAHRUAE_APPROVE = 'Y' AND VAHRUAE_DATE1= '20-DEC-20 => ORA-01756: quoted string not properly terminated
07:04:52.452    (INFO)     Trx.Start: **** ConnSH637567886927139913System.Random
07:04:52.452    (INFO)     Trx.Commit: **C** ConnSH637567886927139913System.Random
07:04:52.452    (INFO)     Trx.Start: **** ConnSH637567886927230131System.Random
07:04:52.452    (INFO)     Trx.Commit: **C** ConnSH637567886927230131System.Random
07:04:52.452    (INFO)     Trx.Start: **** ConnSH637567886927309433System.Random
07:04:52.452    (INFO)     Trx.Commit: **C** ConnSH637567886927309433System.Random
07:04:52.452    (INFO)     Trx.Start: **** ConnDDH637567886927399384System.Random
07:04:52.452    (INFO)     Trx.ExecuteDataSet: Trx Dataset ConnDDH637567886927399384System.Random 6
07:04:52.452    (INFO)     Trx.ExecuteQuery: Trx non-query ConnDDH637567886927399384System.Random 6
07:04:52.452    (INFO)     Trx.Commit: **C** ConnDDH637567886927399384System.Random
07:04:52.452    (INFO)     Trx.Start: **** ConnSH637567886927679371System.Random
07:04:52.452    (INFO)     Trx.Commit: **C** ConnSH637567886927679371System.Random
07:04:52.452    (INFO)     Trx.Start: **** ConnSH637567886927945951System.Random
07:04:52.452    (INFO)     Trx.Commit: **C** ConnSH637567886927945951System.Random
07:04:52.452    (INFO)     Trx.Start: **** ConnSH637567886928195900System.Random
07:04:52.452    (INFO)     Trx.Commit: **C** ConnSH637567886928195900System.Random
07:04:52.452    (INFO)     Trx.Start: **** ConnSH637567886928481805System.Random
07:04:52.452    (INFO)     Trx.Commit: **C** ConnSH637567886928481805System.Random
07:04:52.452    (INFO)     Trx.Start: **** ConnSH637567886928749658System.Random
07:04:52.452    (INFO)     Trx.Commit: **C** ConnSH637567886928749658System.Random
07:04:52.452    (INFO)     Trx.Start: **** ConnSH637567886929029685System.Random
07:04:52.452    (INFO)     Trx.Commit: **C** ConnSH637567886929029685System.Random
===========>     (SEVERE)   OracleHelper.ExecuteReader: ORA-00904: "VAHRUAE_LEAVE_TYPE": invalid identifier [Query DR] SELECT VAHRUAE_HR_LeaveDetail_ID FROM VAHRUAE_HR_LeaveDetail WHERE C_BPartner_ID = 1006731 AND VAHRUAE_LEAVE_TYPE = 'SL' AND VAHRUAE_Date1 >= '01-JAN-2020' AND VAHRUAE_DATE1 <= '31-DEC2020'
===========>     (SEVERE)   OracleHelper.ExecuteReader: ORA-00904: "VAHRUAE_LEAVE_TYPE": invalid identifier [Query DR] SELECT VAHRUAE_HR_LeaveDetail_ID FROM VAHRUAE_HR_LeaveDetail WHERE C_BPartner_ID = 1006731 AND VAHRUAE_LEAVE_TYPE = 'SL' AND VAHRUAE_Date1 >= '01-JAN-2020' AND VAHRUAE_DATE1 <= '31-DEC2020'
===========>     (SEVERE)   PO.LeaveDaysDeduction: SELECT VAHRUAE_HR_LeaveDetail_ID FROM VAHRUAE_HR_LeaveDetail WHERE C_BPartner_ID = 1006731 AND VAHRUAE_LEAVE_TYPE = 'SL' AND VAHRUAE_Date1 >= '01-JAN-2020' AND VAHRUAE_DATE1 <= '31-DEC2020' => ORA-00904: "VAHRUAE_LEAVE_TYPE": invalid identifier
07:04:52.452    (INFO)     Trx.Start: **** ConnSH637567886929179916System.Random
07:04:52.452    (INFO)     Trx.Commit: **C** ConnSH637567886929179916System.Random
07:04:52.452    (INFO)     Trx.Start: **** ConnSH637567886929379685System.Random
07:04:52.452    (INFO)     Trx.Commit: **C** ConnSH637567886929379685System.Random
===========>     (SEVERE)   OracleHelper.ExecuteReader: ORA-00933: SQL command not properly ended [Query DR] SELECT C_TAX_ID FROM C_TAX WHERE Line < 25200C_TAXCATEGORY_ID = 1000017ORDER BY LINE ASC
===========>     (SEVERE)   OracleHelper.ExecuteReader: ORA-00933: SQL command not properly ended [Query DR] SELECT C_TAX_ID FROM C_TAX WHERE Line < 25200C_TAXCATEGORY_ID = 1000017ORDER BY LINE ASC
===========>     (SEVERE)   PO.calculateTax: SELECT C_TAX_ID FROM C_TAX WHERE Line < 25200C_TAXCATEGORY_ID = 1000017ORDER BY LINE ASC => ORA-00933: SQL command not properly ended
