*** 4/18/2021 12:26:57 PM VAdvantage Log  ***
12:26:57.265    (INFO)     Trx.Start: **** ConnSH637543456174870206System.Random
12:26:57.265    (INFO)     Trx.Commit: **C** ConnSH637543456174870206System.Random
12:26:57.265    (INFO)     MChangeLog.FillChangeLog: #9
12:34:39.343    (INFO)     Trx.Start: **** ConnSH637543460799516284System.Random
12:34:39.343    (INFO)     Trx.Commit: **C** ConnSH637543460799516284System.Random
12:34:40.344    (INFO)     Trx.Start: **** ConnSH637543460804845876System.Random
12:34:40.344    (INFO)     Trx.Commit: **C** ConnSH637543460804845876System.Random
12:34:40.344    (INFO)     CacheMgt.Reset: AD_Process: #1 (1)
12:35:14.351    (INFO)     MRole.Get: AD_Role_ID=0, AD_User_ID=100, reload=True
12:35:14.351    (INFO)     MRole.Get: MRole[0,System Administrator,UserLevel=S  ,AD_Client_ID=0,AD_Org_ID=0]
12:35:14.351    (INFO)     MTree.Load: AD_Tree_ID=121, AD_User_ID=100, Editable=False, OnClient=True
12:35:14.351    (INFO)     Trx.Start: **** ConnSH637543461146924334System.Random
12:35:14.351    (INFO)     Trx.Commit: **C** ConnSH637543461146924334System.Random
----------->     (WARNING)  AccessSqlParser.GetTableInfo: More than one FROM clause - SELECT AppointmentsInfo.Appointmentsinfo_id AS ID,AppointmentsInfo.AD_Client_ID,AppointmentsInfo.AD_Org_ID  FROM AppointmentsInfo JOIN AD_User ON AD_User.AD_User_ID =AppointmentsInfo.CreatedBy WHERE AppointmentsInfo.IsRead='N' AND AppointmentsInfo.istask ='N'  AND AppointmentsInfo.AD_User_ID  = 100  UNION SELECT AppointmentsInfo.Appointmentsinfo_id AS ID, AppointmentsInfo.AD_Client_ID,AppointmentsInfo.AD_Org_ID FROM AppointmentsInfo  JOIN AD_User ON AD_User.AD_User_ID = AppointmentsInfo.CreatedBy  WHERE (AppointmentsInfo.IsRead ='Y'   AND AppointmentsInfo.AD_User_ID = 100 )  AND AppointmentsInfo.istask ='N'  AND AppointmentsInfo.startDate BETWEEN to_date('4/17/21','mm/dd/yy') and to_date('4/25/21 23.59','mm/dd/yy HH24:MI')   OR  to_date('4/18/21','mm/dd/yy')  BETWEEN  AppointmentsInfo.startDate  AND AppointmentsInfo.endDate  AND  AppointmentsInfo.CreatedBy  !=100 AND AppointmentsInfo.AD_User_ID  = 100)
----------->     (WARNING)  AccessSqlParser.GetTableInfo: Could not remove ON AppointmentsInfo JOIN AD_User ON AD_User.AD_User_ID =AppointmentsInfo.CreatedBy
12:35:19.351    (INFO)     Trx.Start: **** ConnSH637543461198236489System.Random
12:35:19.351    (INFO)     Trx.Commit: **C** ConnSH637543461198236489System.Random
12:35:57.355    (INFO)     Trx.Start: **** ConnSH637543461574362527System.Random
12:35:57.355    (INFO)     Trx.Commit: **C** ConnSH637543461574362527System.Random
12:35:57.355    (INFO)     Trx.Start: **** ConnSH637543461574692528System.Random
