*** 4/15/2021 1:55:49 PM VAdvantage Log  ***
01:55:49.554    (INFO)     Trx.Start: **** ConnSH637540917496905161System.Random
01:55:49.554    (INFO)     Trx.Commit: **C** ConnSH637540917496905161System.Random
01:55:49.554    (INFO)     MChangeLog.FillChangeLog: #9
01:56:09.569    (INFO)     Trx.Start: **** ConnSH637540917692084614System.Random
01:56:09.569    (INFO)     Trx.Commit: **C** ConnSH637540917692084614System.Random
01:56:09.569    (INFO)     Trx.Start: **** ConnSH637540917692250031System.Random
01:56:09.569    (INFO)     Trx.Commit: **C** ConnSH637540917692250031System.Random
01:56:09.569    (INFO)     Trx.Start: **** ConnSH637540917692423862System.Random
01:56:09.569    (INFO)     Trx.Commit: **C** ConnSH637540917692423862System.Random
01:56:09.569    (INFO)     Trx.Start: **** ConnSH637540917692603769System.Random
01:56:09.569    (INFO)     Trx.Commit: **C** ConnSH637540917692603769System.Random
01:56:09.569    (INFO)     Trx.Start: **** ConnSH637540917692763881System.Random
01:56:09.569    (INFO)     Trx.Commit: **C** ConnSH637540917692763881System.Random
01:56:09.569    (INFO)     Trx.Start: **** ConnSH637540917692933096System.Random
01:56:09.569    (INFO)     Trx.Commit: **C** ConnSH637540917692933096System.Random
01:56:09.569    (INFO)     Trx.Start: **** ConnSH637540917693094644System.Random
01:56:09.569    (INFO)     Trx.Commit: **C** ConnSH637540917693094644System.Random
01:56:09.569    (INFO)     Trx.Start: **** ConnSH637540917693265239System.Random
01:56:09.569    (INFO)     Trx.Commit: **C** ConnSH637540917693265239System.Random
01:56:09.569    (INFO)     Trx.Start: **** ConnSH637540917693428305System.Random
01:56:09.569    (INFO)     Trx.Commit: **C** ConnSH637540917693428305System.Random
01:56:09.569    (INFO)     Trx.Start: **** ConnSH637540917693589554System.Random
01:56:09.569    (INFO)     Trx.Commit: **C** ConnSH637540917693589554System.Random
01:56:09.569    (INFO)     Trx.Start: **** ConnSH637540917693742117System.Random
01:56:09.569    (INFO)     Trx.Commit: **C** ConnSH637540917693742117System.Random
01:56:09.569    (INFO)     Trx.Start: **** ConnSH637540917693905387System.Random
01:56:09.569    (INFO)     Trx.Commit: **C** ConnSH637540917693905387System.Random
01:56:09.569    (INFO)     Trx.Start: **** ConnSH637540917694085391System.Random
01:56:09.569    (INFO)     Trx.Commit: **C** ConnSH637540917694085391System.Random
01:56:09.569    (INFO)     Trx.Start: **** ConnSH637540917694275385System.Random
01:56:09.569    (INFO)     Trx.Commit: **C** ConnSH637540917694275385System.Random
01:56:09.569    (INFO)     Trx.Start: **** ConnSH637540917694405371System.Random
01:56:09.569    (INFO)     Trx.Commit: **C** ConnSH637540917694405371System.Random
01:56:09.569    (INFO)     Trx.Start: **** ConnSH637540917694525379System.Random
01:56:09.569    (INFO)     Trx.Commit: **C** ConnSH637540917694525379System.Random
01:56:09.569    (INFO)     Trx.Start: **** ConnSH637540917694675386System.Random
01:56:09.569    (INFO)     Trx.Commit: **C** ConnSH637540917694675386System.Random
01:56:09.569    (INFO)     Trx.Start: **** ConnSH637540917694815377System.Random
01:56:09.569    (INFO)     Trx.Commit: **C** ConnSH637540917694815377System.Random
01:56:09.569    (INFO)     Trx.Start: **** ConnSH637540917694975377System.Random
01:56:09.569    (INFO)     Trx.Commit: **C** ConnSH637540917694975377System.Random
01:56:09.569    (INFO)     Trx.Start: **** ConnSH637540917695125381System.Random
01:56:09.569    (INFO)     Trx.Commit: **C** ConnSH637540917695125381System.Random
01:56:09.569    (INFO)     Trx.Start: **** ConnSH637540917695235380System.Random
01:56:09.569    (INFO)     Trx.Commit: **C** ConnSH637540917695235380System.Random
01:56:09.569    (INFO)     Trx.Start: **** ConnSH637540917695405386System.Random
01:56:09.569    (INFO)     Trx.Commit: **C** ConnSH637540917695405386System.Random
01:56:09.569    (INFO)     Trx.Start: **** ConnSH637540917695585371System.Random
01:56:09.569    (INFO)     Trx.Commit: **C** ConnSH637540917695585371System.Random
01:56:09.569    (INFO)     Trx.Start: **** ConnSH637540917695765392System.Random
01:56:09.569    (INFO)     Trx.Commit: **C** ConnSH637540917695765392System.Random
01:56:09.569    (INFO)     Trx.Start: **** ConnSH637540917695925378System.Random
01:56:09.569    (INFO)     Trx.Commit: **C** ConnSH637540917695925378System.Random
01:56:09.569    (INFO)     Trx.Start: **** ConnSH637540917696075380System.Random
01:56:09.569    (INFO)     Trx.Commit: **C** ConnSH637540917696075380System.Random
01:56:09.569    (INFO)     Trx.Start: **** ConnSH637540917696245387System.Random
01:56:09.569    (INFO)     Trx.Commit: **C** ConnSH637540917696245387System.Random
01:56:09.569    (INFO)     Trx.Start: **** ConnSH637540917696375398System.Random
01:56:09.569    (INFO)     Trx.Commit: **C** ConnSH637540917696375398System.Random
01:56:09.569    (INFO)     Trx.Start: **** ConnSH637540917696525380System.Random
01:56:09.569    (INFO)     Trx.Commit: **C** ConnSH637540917696525380System.Random
01:56:09.569    (INFO)     Trx.Start: **** ConnSH637540917696685378System.Random
01:56:09.569    (INFO)     Trx.Commit: **C** ConnSH637540917696685378System.Random
01:56:09.569    (INFO)     Trx.Start: **** ConnSH637540917696835383System.Random
01:56:09.569    (INFO)     Trx.Commit: **C** ConnSH637540917696835383System.Random
01:56:09.569    (INFO)     Trx.Start: **** ConnSH637540917696995377System.Random
01:56:09.569    (INFO)     Trx.Commit: **C** ConnSH637540917696995377System.Random
01:56:09.569    (INFO)     Trx.Start: **** ConnSH637540917697145375System.Random
01:56:09.569    (INFO)     Trx.Commit: **C** ConnSH637540917697145375System.Random
01:56:09.569    (INFO)     Trx.Start: **** ConnSH637540917697295379System.Random
01:56:09.569    (INFO)     Trx.Commit: **C** ConnSH637540917697295379System.Random
01:56:09.569    (INFO)     Trx.Start: **** ConnSH637540917697445381System.Random
01:56:09.569    (INFO)     Trx.Commit: **C** ConnSH637540917697445381System.Random
01:56:09.569    (INFO)     Trx.Start: **** ConnSH637540917697595373System.Random
01:56:09.569    (INFO)     Trx.Commit: **C** ConnSH637540917697595373System.Random
01:56:09.569    (INFO)     Trx.Start: **** ConnSH637540917697724973System.Random
01:56:09.569    (INFO)     Trx.Commit: **C** ConnSH637540917697724973System.Random
01:56:09.569    (INFO)     Trx.Start: **** ConnSH637540917697883030System.Random
01:56:09.569    (INFO)     Trx.Commit: **C** ConnSH637540917697883030System.Random
01:56:09.569    (INFO)     Trx.Start: **** ConnSH637540917698033350System.Random
01:56:09.569    (INFO)     Trx.Commit: **C** ConnSH637540917698033350System.Random
01:56:09.569    (INFO)     Trx.Start: **** ConnSH637540917698221676System.Random
01:56:09.569    (INFO)     Trx.Commit: **C** ConnSH637540917698221676System.Random
01:56:09.569    (INFO)     Trx.Start: **** ConnSH637540917698455222System.Random
01:56:09.569    (INFO)     Trx.Commit: **C** ConnSH637540917698455222System.Random
01:56:09.569    (INFO)     Trx.Start: **** ConnSH637540917698622981System.Random
01:56:09.569    (INFO)     Trx.Commit: **C** ConnSH637540917698622981System.Random
01:56:09.569    (INFO)     Trx.Start: **** ConnSH637540917698764617System.Random
01:56:09.569    (INFO)     Trx.Commit: **C** ConnSH637540917698764617System.Random
01:56:09.569    (INFO)     Trx.Start: **** ConnSH637540917698938751System.Random
01:56:09.569    (INFO)     Trx.Commit: **C** ConnSH637540917698938751System.Random
01:56:09.569    (INFO)     Trx.Start: **** ConnSH637540917699058750System.Random
01:56:09.569    (INFO)     Trx.Commit: **C** ConnSH637540917699058750System.Random
01:56:09.569    (INFO)     Trx.Start: **** ConnSH637540917699218391System.Random
01:56:09.569    (INFO)     Trx.Commit: **C** ConnSH637540917699218391System.Random
01:56:09.569    (INFO)     Trx.Start: **** ConnSH637540917699358384System.Random
01:56:09.569    (INFO)     Trx.Commit: **C** ConnSH637540917699358384System.Random
01:56:09.569    (INFO)     Trx.Start: **** ConnSH637540917699508407System.Random
01:56:09.569    (INFO)     Trx.Commit: **C** ConnSH637540917699508407System.Random
01:56:09.569    (INFO)     Trx.Start: **** ConnSH637540917699634546System.Random
01:56:09.569    (INFO)     Trx.Commit: **C** ConnSH637540917699634546System.Random
01:56:09.569    (INFO)     Trx.Start: **** ConnSH637540917699754867System.Random
01:56:09.569    (INFO)     Trx.Commit: **C** ConnSH637540917699754867System.Random
01:56:09.569    (INFO)     Trx.Start: **** ConnSH637540917699944562System.Random
01:56:09.569    (INFO)     Trx.Commit: **C** ConnSH637540917699944562System.Random
01:56:10.561    (INFO)     Trx.Start: **** ConnSH637540917700104877System.Random
01:56:10.561    (INFO)     Trx.Commit: **C** ConnSH637540917700104877System.Random
01:56:10.561    (INFO)     Trx.Start: **** ConnSH637540917700274543System.Random
01:56:10.561    (INFO)     Trx.Commit: **C** ConnSH637540917700274543System.Random
01:56:10.561    (INFO)     Trx.Start: **** ConnSH637540917700419374System.Random
01:56:10.561    (INFO)     Trx.Commit: **C** ConnSH637540917700419374System.Random
01:56:10.561    (INFO)     Trx.Start: **** ConnSH637540917700629481System.Random
01:56:10.561    (INFO)     Trx.Commit: **C** ConnSH637540917700629481System.Random
01:56:10.561    (INFO)     Trx.Start: **** ConnSH637540917700794260System.Random
01:56:10.561    (INFO)     Trx.Commit: **C** ConnSH637540917700794260System.Random
01:56:10.561    (INFO)     Trx.Start: **** ConnSH637540917700915502System.Random
01:56:10.561    (INFO)     Trx.Commit: **C** ConnSH637540917700915502System.Random
01:56:10.561    (INFO)     Trx.Start: **** ConnSH637540917701071135System.Random
01:56:10.561    (INFO)     Trx.Commit: **C** ConnSH637540917701071135System.Random
01:56:10.561    (INFO)     Trx.Start: **** ConnSH637540917701218724System.Random
01:56:10.561    (INFO)     Trx.Commit: **C** ConnSH637540917701218724System.Random
01:56:10.561    (INFO)     Trx.Start: **** ConnSH637540917701341885System.Random
01:56:10.561    (INFO)     Trx.Commit: **C** ConnSH637540917701341885System.Random
01:56:10.561    (INFO)     Trx.Start: **** ConnSH637540917701500399System.Random
01:56:10.561    (INFO)     Trx.Commit: **C** ConnSH637540917701500399System.Random
01:56:10.561    (INFO)     Trx.Start: **** ConnSH637540917701680424System.Random
01:56:10.561    (INFO)     Trx.Commit: **C** ConnSH637540917701680424System.Random
01:56:10.561    (INFO)     Trx.Start: **** ConnSH637540917701870357System.Random
01:56:10.561    (INFO)     Trx.Commit: **C** ConnSH637540917701870357System.Random
01:56:10.561    (INFO)     Trx.Start: **** ConnSH637540917702020367System.Random
01:56:10.561    (INFO)     Trx.Commit: **C** ConnSH637540917702020367System.Random
01:56:10.561    (INFO)     Trx.Start: **** ConnSH637540917702160695System.Random
01:56:10.561    (INFO)     Trx.Commit: **C** ConnSH637540917702160695System.Random
01:56:10.561    (INFO)     Trx.Start: **** ConnSH637540917702350704System.Random
01:56:10.561    (INFO)     Trx.Commit: **C** ConnSH637540917702350704System.Random
01:56:10.561    (INFO)     Trx.Start: **** ConnSH637540917702510723System.Random
01:56:10.561    (INFO)     Trx.Commit: **C** ConnSH637540917702510723System.Random
01:56:10.561    (INFO)     Trx.Start: **** ConnSH637540917702690230System.Random
01:56:10.561    (INFO)     Trx.Commit: **C** ConnSH637540917702690230System.Random
01:56:10.561    (INFO)     Trx.Start: **** ConnSH637540917702830106System.Random
01:56:10.561    (INFO)     Trx.Commit: **C** ConnSH637540917702830106System.Random
01:56:10.561    (INFO)     Trx.Start: **** ConnSH637540917703019518System.Random
01:56:10.561    (INFO)     Trx.Commit: **C** ConnSH637540917703019518System.Random
01:56:10.561    (INFO)     Trx.Start: **** ConnSH637540917703149198System.Random
01:56:10.561    (INFO)     Trx.Commit: **C** ConnSH637540917703149198System.Random
01:56:10.561    (INFO)     Trx.Start: **** ConnSH637540917703299217System.Random
01:56:10.561    (INFO)     Trx.Commit: **C** ConnSH637540917703299217System.Random
01:56:10.561    (INFO)     Trx.Start: **** ConnSH637540917703485423System.Random
01:56:10.561    (INFO)     Trx.Commit: **C** ConnSH637540917703485423System.Random
01:56:10.561    (INFO)     Trx.Start: **** ConnSH637540917703644483System.Random
01:56:10.561    (INFO)     Trx.Commit: **C** ConnSH637540917703644483System.Random
01:56:10.561    (INFO)     Trx.Start: **** ConnSH637540917703785429System.Random
01:56:10.561    (INFO)     Trx.Commit: **C** ConnSH637540917703785429System.Random
01:56:10.561    (INFO)     Trx.Start: **** ConnSH637540917703970148System.Random
01:56:10.561    (INFO)     Trx.Commit: **C** ConnSH637540917703970148System.Random
01:56:10.561    (INFO)     Trx.Start: **** ConnSH637540917704123206System.Random
01:56:10.561    (INFO)     Trx.Commit: **C** ConnSH637540917704123206System.Random
01:56:10.561    (INFO)     Trx.Start: **** ConnSH637540917704246072System.Random
01:56:10.561    (INFO)     Trx.Commit: **C** ConnSH637540917704246072System.Random
01:56:10.561    (INFO)     Trx.Start: **** ConnSH637540917704393687System.Random
01:56:10.561    (INFO)     Trx.Commit: **C** ConnSH637540917704393687System.Random
01:56:10.561    (INFO)     Trx.Start: **** ConnSH637540917704565162System.Random
01:56:10.561    (INFO)     Trx.Commit: **C** ConnSH637540917704565162System.Random
01:56:10.561    (INFO)     Trx.Start: **** ConnSH637540917704735202System.Random
01:56:10.561    (INFO)     Trx.Commit: **C** ConnSH637540917704735202System.Random
01:56:10.561    (INFO)     Trx.Start: **** ConnSH637540917704915201System.Random
01:56:10.561    (INFO)     Trx.Commit: **C** ConnSH637540917704915201System.Random
01:56:10.561    (INFO)     Trx.Start: **** ConnSH637540917705045504System.Random
01:56:10.561    (INFO)     Trx.Commit: **C** ConnSH637540917705045504System.Random
01:56:10.561    (INFO)     Trx.Start: **** ConnSH637540917705185167System.Random
01:56:10.561    (INFO)     Trx.Commit: **C** ConnSH637540917705185167System.Random
01:56:10.561    (INFO)     Trx.Start: **** ConnSH637540917705345659System.Random
01:56:10.561    (INFO)     Trx.Commit: **C** ConnSH637540917705345659System.Random
01:56:10.561    (INFO)     Trx.Start: **** ConnSH637540917705514542System.Random
01:56:10.561    (INFO)     Trx.Commit: **C** ConnSH637540917705514542System.Random
01:56:10.561    (INFO)     Trx.Start: **** ConnSH637540917705679693System.Random
01:56:10.561    (INFO)     Trx.Commit: **C** ConnSH637540917705679693System.Random
01:56:10.561    (INFO)     Trx.Start: **** ConnSH637540917705840135System.Random
01:56:10.561    (INFO)     Trx.Commit: **C** ConnSH637540917705840135System.Random
01:56:10.561    (INFO)     Trx.Start: **** ConnSH637540917705990474System.Random
01:56:10.561    (INFO)     Trx.Commit: **C** ConnSH637540917705990474System.Random
01:56:10.561    (INFO)     Trx.Start: **** ConnSH637540917706164148System.Random
01:56:10.561    (INFO)     Trx.Commit: **C** ConnSH637540917706164148System.Random
01:56:10.561    (INFO)     Trx.Start: **** ConnSH637540917706294154System.Random
01:56:10.561    (INFO)     Trx.Commit: **C** ConnSH637540917706294154System.Random
01:56:10.561    (INFO)     Trx.Start: **** ConnSH637540917706449954System.Random
01:56:10.561    (INFO)     Trx.Commit: **C** ConnSH637540917706449954System.Random
01:56:10.561    (INFO)     Trx.Start: **** ConnSH637540917706616032System.Random
01:56:10.561    (INFO)     Trx.Commit: **C** ConnSH637540917706616032System.Random
01:56:10.561    (INFO)     Trx.Start: **** ConnSH637540917706847462System.Random
01:56:10.561    (INFO)     Trx.Commit: **C** ConnSH637540917706847462System.Random
01:56:10.561    (INFO)     Trx.Start: **** ConnSH637540917707019966System.Random
01:56:10.561    (INFO)     Trx.Commit: **C** ConnSH637540917707019966System.Random
01:56:10.561    (INFO)     Trx.Start: **** ConnSH637540917707179402System.Random
01:56:10.561    (INFO)     Trx.Commit: **C** ConnSH637540917707179402System.Random
01:56:10.561    (INFO)     Trx.Start: **** ConnSH637540917707341549System.Random
01:56:10.561    (INFO)     Trx.Commit: **C** ConnSH637540917707341549System.Random
01:56:10.561    (INFO)     Trx.Start: **** ConnSH637540917708217872System.Random
01:56:10.561    (INFO)     Trx.Commit: **C** ConnSH637540917708217872System.Random
01:56:10.561    (INFO)     Trx.Start: **** ConnSH637540917708385802System.Random
01:56:10.561    (INFO)     Trx.Commit: **C** ConnSH637540917708385802System.Random
01:56:10.561    (INFO)     Trx.Start: **** ConnSH637540917708495825System.Random
01:56:10.561    (INFO)     Trx.Commit: **C** ConnSH637540917708495825System.Random
01:56:10.561    (INFO)     Trx.Start: **** ConnSH637540917708615153System.Random
01:56:10.561    (INFO)     Trx.Commit: **C** ConnSH637540917708615153System.Random
01:56:10.561    (INFO)     Trx.Start: **** ConnSH637540917708736177System.Random
01:56:10.561    (INFO)     Trx.Commit: **C** ConnSH637540917708736177System.Random
01:56:10.561    (INFO)     Trx.Start: **** ConnSH637540917708865081System.Random
01:56:10.561    (INFO)     Trx.Commit: **C** ConnSH637540917708865081System.Random
01:56:10.561    (INFO)     Trx.Start: **** ConnSH637540917708967480System.Random
01:56:10.561    (INFO)     Trx.Commit: **C** ConnSH637540917708967480System.Random
01:56:10.561    (INFO)     Trx.Start: **** ConnSH637540917709098861System.Random
01:56:10.561    (INFO)     Trx.Commit: **C** ConnSH637540917709098861System.Random
01:56:10.561    (INFO)     Trx.Start: **** ConnSH637540917709218847System.Random
01:56:10.561    (INFO)     Trx.Commit: **C** ConnSH637540917709218847System.Random
01:56:10.561    (INFO)     Trx.Start: **** ConnSH637540917709331674System.Random
01:56:10.561    (INFO)     Trx.Commit: **C** ConnSH637540917709331674System.Random
01:56:10.561    (INFO)     Trx.Start: **** ConnSH637540917709446194System.Random
01:56:10.561    (INFO)     Trx.Commit: **C** ConnSH637540917709446194System.Random
01:56:10.561    (INFO)     Trx.Start: **** ConnSH637540917709558078System.Random
01:56:10.561    (INFO)     Trx.Commit: **C** ConnSH637540917709558078System.Random
01:56:10.561    (INFO)     Trx.Start: **** ConnSH637540917709668528System.Random
01:56:10.561    (INFO)     Trx.Commit: **C** ConnSH637540917709668528System.Random
01:56:10.561    (INFO)     Trx.Start: **** ConnSH637540917709843729System.Random
01:56:10.561    (INFO)     Trx.Commit: **C** ConnSH637540917709843729System.Random
01:56:11.561    (INFO)     Trx.Start: **** ConnSH637540917710004197System.Random
01:56:11.561    (INFO)     Trx.Commit: **C** ConnSH637540917710004197System.Random
01:56:11.561    (INFO)     Trx.Start: **** ConnSH637540917710154961System.Random
01:56:11.561    (INFO)     Trx.Commit: **C** ConnSH637540917710154961System.Random
01:56:11.561    (INFO)     Trx.Start: **** ConnSH637540917710315889System.Random
01:56:11.561    (INFO)     Trx.Commit: **C** ConnSH637540917710315889System.Random
01:56:11.561    (INFO)     Trx.Start: **** ConnSH637540917710491658System.Random
01:56:11.561    (INFO)     Trx.Commit: **C** ConnSH637540917710491658System.Random
01:56:11.561    (INFO)     Trx.Start: **** ConnSH637540917710652961System.Random
01:56:11.561    (INFO)     Trx.Commit: **C** ConnSH637540917710652961System.Random
01:56:11.561    (INFO)     Trx.Start: **** ConnSH637540917710844001System.Random
01:56:11.561    (INFO)     Trx.Commit: **C** ConnSH637540917710844001System.Random
01:56:11.561    (INFO)     Trx.Start: **** ConnSH637540917710966963System.Random
01:56:11.561    (INFO)     Trx.Commit: **C** ConnSH637540917710966963System.Random
===========>     (SEVERE)   CalculatePenalties.StartProcess: Index was out of range. Must be non-negative and less than the size of the collection.
Parameter name: index
