*** 5/20/2021 9:21:13 AM VAdvantage Log  ***
09:21:13.211    (INFO)     Trx.Start: **** ConnSH637570992730121963System.Random
09:21:13.211    (INFO)     Trx.Commit: **C** ConnSH637570992730121963System.Random
09:21:13.211    (INFO)     MChangeLog.FillChangeLog: #9
===========>     (SEVERE)   OracleHelper.ExecuteReader: ORA-01756: quoted string not properly terminated [Query DR] SELECT VAHRUAE_HR_LEAVEDETAIL_ID FROM VAHRUAE_HR_LEAVEDETAIL WHERE C_BPARTNER_ID = 1006736AND VAHRUAE_APPROVE = 'Y' AND VAHRUAE_DATE1= '20-JUN-21
===========>     (SEVERE)   OracleHelper.ExecuteReader: ORA-01756: quoted string not properly terminated [Query DR] SELECT VAHRUAE_HR_LEAVEDETAIL_ID FROM VAHRUAE_HR_LEAVEDETAIL WHERE C_BPARTNER_ID = 1006736AND VAHRUAE_APPROVE = 'Y' AND VAHRUAE_DATE1= '20-JUN-21
===========>     (SEVERE)   PO.DoIt: SELECT VAHRUAE_HR_LEAVEDETAIL_ID FROM VAHRUAE_HR_LEAVEDETAIL WHERE C_BPARTNER_ID = 1006736AND VAHRUAE_APPROVE = 'Y' AND VAHRUAE_DATE1= '20-JUN-21 => ORA-01756: quoted string not properly terminated
09:21:13.211    (INFO)     Trx.Start: **** ConnSH637570992731751995System.Random
09:21:13.211    (INFO)     Trx.Commit: **C** ConnSH637570992731751995System.Random
09:21:13.211    (INFO)     Trx.Start: **** ConnSH637570992731851973System.Random
09:21:13.211    (INFO)     Trx.Commit: **C** ConnSH637570992731851973System.Random
09:21:13.211    (INFO)     Trx.Start: **** ConnDDH637570992731991959System.Random
09:21:13.211    (INFO)     Trx.ExecuteDataSet: Trx Dataset ConnDDH637570992731991959System.Random 7
09:21:13.211    (INFO)     Trx.ExecuteQuery: Trx non-query ConnDDH637570992731991959System.Random 7
09:21:13.211    (INFO)     Trx.Commit: **C** ConnDDH637570992731991959System.Random
09:21:28.212    (INFO)     Trx.Start: **** ConnSH637570992888617157System.Random
09:21:28.212    (INFO)     Trx.Commit: **C** ConnSH637570992888617157System.Random
09:22:10.221    (INFO)     Trx.Start: **** ConnSH637570993309608209System.Random
09:22:10.221    (INFO)     Trx.Commit: **C** ConnSH637570993309608209System.Random
09:22:20.222    (INFO)     Trx.Start: **** ConnSH637570993400154710System.Random
09:22:20.222    (INFO)     Trx.Commit: **C** ConnSH637570993400154710System.Random
