*** 4/18/2021 9:11:50 AM VAdvantage Log  ***
09:11:50.115    (INFO)     Trx.Start: **** ConnSH637543339101617142System.Random
09:11:50.115    (INFO)     Trx.Commit: **C** ConnSH637543339101617142System.Random
09:11:50.115    (INFO)     MChangeLog.FillChangeLog: #9
09:11:58.115    (INFO)     Trx.Start: **** ConnSH637543339180652677System.Random
09:11:58.115    (INFO)     Trx.Commit: **C** ConnSH637543339180652677System.Random
09:12:19.121    (INFO)     Trx.Start: **** ConnSH637543339398440960System.Random
09:12:19.121    (INFO)     Trx.Commit: **C** ConnSH637543339398440960System.Random
09:12:22.122    (INFO)     Trx.Start: **** ConnSH637543339427491017System.Random
09:12:22.122    (INFO)     Trx.Commit: **C** ConnSH637543339427491017System.Random
09:12:51.125    (INFO)     Trx.Start: **** ConnSH637543339715520871System.Random
09:12:51.125    (INFO)     Trx.Commit: **C** ConnSH637543339715520871System.Random
09:13:30.133    (INFO)     Trx.Start: **** ConnSH637543340109484450System.Random
09:13:30.133    (INFO)     Trx.Commit: **C** ConnSH637543340109484450System.Random
09:13:30.133    (INFO)     Trx.Start: **** ConnSH637543340109584432System.Random
09:13:30.133    (INFO)     Trx.Commit: **C** ConnSH637543340109584432System.Random
09:13:30.133    (INFO)     Trx.Start: **** ConnSH637543340109694439System.Random
09:13:30.133    (INFO)     Trx.Commit: **C** ConnSH637543340109694439System.Random
09:13:30.133    (INFO)     Trx.Start: **** ConnSH637543340109784438System.Random
09:13:30.133    (INFO)     Trx.Commit: **C** ConnSH637543340109784438System.Random
09:13:30.133    (INFO)     Trx.Start: **** ConnSH637543340109874459System.Random
09:13:30.133    (INFO)     Trx.Commit: **C** ConnSH637543340109874459System.Random
09:13:30.133    (INFO)     Trx.Start: **** ConnSH637543340109954443System.Random
09:13:31.133    (INFO)     Trx.Commit: **C** ConnSH637543340109954443System.Random
09:13:31.133    (INFO)     Trx.Start: **** ConnSH637543340110044431System.Random
09:13:31.133    (INFO)     Trx.Commit: **C** ConnSH637543340110044431System.Random
09:13:31.133    (INFO)     Trx.Start: **** ConnSH637543340110134451System.Random
09:13:31.133    (INFO)     Trx.Commit: **C** ConnSH637543340110134451System.Random
09:13:31.133    (INFO)     Trx.Start: **** ConnSH637543340110234469System.Random
09:13:31.133    (INFO)     Trx.Commit: **C** ConnSH637543340110234469System.Random
09:13:31.133    (INFO)     Trx.Start: **** ConnSH637543340110334447System.Random
09:13:31.133    (INFO)     Trx.Commit: **C** ConnSH637543340110334447System.Random
09:13:31.133    (INFO)     Trx.Start: **** ConnSH637543340110424454System.Random
09:13:31.133    (INFO)     Trx.Commit: **C** ConnSH637543340110424454System.Random
09:13:31.133    (INFO)     Trx.Start: **** ConnSH637543340110514440System.Random
09:13:31.133    (INFO)     Trx.Commit: **C** ConnSH637543340110514440System.Random
09:13:31.133    (INFO)     Trx.Start: **** ConnSH637543340110604788System.Random
09:13:31.133    (INFO)     Trx.Commit: **C** ConnSH637543340110604788System.Random
09:13:31.133    (INFO)     Trx.Start: **** ConnSH637543340110688195System.Random
09:13:31.133    (INFO)     Trx.Commit: **C** ConnSH637543340110688195System.Random
09:13:31.133    (INFO)     Trx.Start: **** ConnSH637543340110768204System.Random
09:13:31.133    (INFO)     Trx.Commit: **C** ConnSH637543340110768204System.Random
09:13:31.133    (INFO)     Trx.Start: **** ConnSH637543340110845809System.Random
09:13:31.133    (INFO)     Trx.Commit: **C** ConnSH637543340110845809System.Random
09:13:31.133    (INFO)     Trx.Start: **** ConnSH637543340110927104System.Random
09:13:31.133    (INFO)     Trx.Commit: **C** ConnSH637543340110927104System.Random
09:13:31.133    (INFO)     Trx.Start: **** ConnSH637543340111037115System.Random
09:13:31.133    (INFO)     Trx.Commit: **C** ConnSH637543340111037115System.Random
09:13:31.133    (INFO)     Trx.Start: **** ConnSH637543340111147111System.Random
09:13:31.133    (INFO)     Trx.Commit: **C** ConnSH637543340111147111System.Random
09:13:31.133    (INFO)     Trx.Start: **** ConnSH637543340111247105System.Random
09:13:31.133    (INFO)     Trx.Commit: **C** ConnSH637543340111247105System.Random
09:13:31.133    (INFO)     Trx.Start: **** ConnSH637543340111357118System.Random
09:13:31.133    (INFO)     Trx.Commit: **C** ConnSH637543340111357118System.Random
09:13:31.133    (INFO)     Trx.Start: **** ConnSH637543340111497129System.Random
09:13:31.133    (INFO)     Trx.Commit: **C** ConnSH637543340111497129System.Random
09:13:31.133    (INFO)     Trx.Start: **** ConnSH637543340111587092System.Random
09:13:31.133    (INFO)     Trx.Commit: **C** ConnSH637543340111587092System.Random
09:13:31.133    (INFO)     Trx.Start: **** ConnSH637543340111687109System.Random
09:13:31.133    (INFO)     Trx.Commit: **C** ConnSH637543340111687109System.Random
09:13:31.133    (INFO)     Trx.Start: **** ConnSH637543340111777106System.Random
09:13:31.133    (INFO)     Trx.Commit: **C** ConnSH637543340111777106System.Random
09:13:31.133    (INFO)     Trx.Start: **** ConnSH637543340111887107System.Random
09:13:31.133    (INFO)     Trx.Commit: **C** ConnSH637543340111887107System.Random
09:13:31.133    (INFO)     Trx.Start: **** ConnSH637543340111977112System.Random
09:13:31.133    (INFO)     Trx.Commit: **C** ConnSH637543340111977112System.Random
09:13:31.133    (INFO)     Trx.Start: **** ConnSH637543340112077094System.Random
09:13:31.133    (INFO)     Trx.Commit: **C** ConnSH637543340112077094System.Random
09:13:31.133    (INFO)     Trx.Start: **** ConnSH637543340112177102System.Random
09:13:31.133    (INFO)     Trx.Commit: **C** ConnSH637543340112177102System.Random
09:13:31.133    (INFO)     Trx.Start: **** ConnSH637543340112267102System.Random
09:13:31.133    (INFO)     Trx.Commit: **C** ConnSH637543340112267102System.Random
09:13:31.133    (INFO)     Trx.Start: **** ConnSH637543340112367111System.Random
09:13:31.133    (INFO)     Trx.Commit: **C** ConnSH637543340112367111System.Random
09:13:31.133    (INFO)     Trx.Start: **** ConnSH637543340112447102System.Random
09:13:31.133    (INFO)     Trx.Commit: **C** ConnSH637543340112447102System.Random
09:13:31.133    (INFO)     Trx.Start: **** ConnSH637543340112557103System.Random
09:13:31.133    (INFO)     Trx.Commit: **C** ConnSH637543340112557103System.Random
09:13:31.133    (INFO)     Trx.Start: **** ConnSH637543340112637108System.Random
09:13:31.133    (INFO)     Trx.Commit: **C** ConnSH637543340112637108System.Random
09:13:31.133    (INFO)     Trx.Start: **** ConnSH637543340112747106System.Random
09:13:31.133    (INFO)     Trx.Commit: **C** ConnSH637543340112747106System.Random
09:13:31.133    (INFO)     Trx.Start: **** ConnSH637543340112857097System.Random
09:13:31.133    (INFO)     Trx.Commit: **C** ConnSH637543340112857097System.Random
09:13:31.133    (INFO)     Trx.Start: **** ConnSH637543340112947100System.Random
09:13:31.133    (INFO)     Trx.Commit: **C** ConnSH637543340112947100System.Random
09:13:31.133    (INFO)     Trx.Start: **** ConnSH637543340113037104System.Random
09:13:31.133    (INFO)     Trx.Commit: **C** ConnSH637543340113037104System.Random
09:13:31.133    (INFO)     Trx.Start: **** ConnSH637543340113327109System.Random
09:13:31.133    (INFO)     Trx.Commit: **C** ConnSH637543340113327109System.Random
09:13:31.133    (INFO)     Trx.Start: **** ConnSH637543340113427093System.Random
09:13:31.133    (INFO)     Trx.Commit: **C** ConnSH637543340113427093System.Random
09:13:31.133    (INFO)     Trx.Start: **** ConnSH637543340113527090System.Random
09:13:31.133    (INFO)     Trx.Commit: **C** ConnSH637543340113527090System.Random
09:13:31.133    (INFO)     Trx.Start: **** ConnSH637543340113597097System.Random
09:13:31.133    (INFO)     Trx.Commit: **C** ConnSH637543340113597097System.Random
09:13:31.133    (INFO)     Trx.Start: **** ConnSH637543340113687093System.Random
09:13:31.133    (INFO)     Trx.Commit: **C** ConnSH637543340113687093System.Random
09:13:31.133    (INFO)     Trx.Start: **** ConnSH637543340113767102System.Random
09:13:31.133    (INFO)     Trx.Commit: **C** ConnSH637543340113767102System.Random
09:13:31.133    (INFO)     Trx.Start: **** ConnSH637543340113847100System.Random
09:13:31.133    (INFO)     Trx.Commit: **C** ConnSH637543340113847100System.Random
09:13:31.133    (INFO)     Trx.Start: **** ConnSH637543340113927104System.Random
09:13:31.133    (INFO)     Trx.Commit: **C** ConnSH637543340113927104System.Random
09:13:31.133    (INFO)     Trx.Start: **** ConnSH637543340114017093System.Random
09:13:31.133    (INFO)     Trx.Commit: **C** ConnSH637543340114017093System.Random
09:13:31.133    (INFO)     Trx.Start: **** ConnSH637543340114097110System.Random
09:13:31.133    (INFO)     Trx.Commit: **C** ConnSH637543340114097110System.Random
09:13:31.133    (INFO)     Trx.Start: **** ConnSH637543340114177104System.Random
09:13:31.133    (INFO)     Trx.Commit: **C** ConnSH637543340114177104System.Random
09:13:31.133    (INFO)     Trx.Start: **** ConnSH637543340114267087System.Random
09:13:31.133    (INFO)     Trx.Commit: **C** ConnSH637543340114267087System.Random
09:13:31.133    (INFO)     Trx.Start: **** ConnSH637543340114367122System.Random
09:13:31.133    (INFO)     Trx.Commit: **C** ConnSH637543340114367122System.Random
09:13:31.133    (INFO)     Trx.Start: **** ConnSH637543340114447142System.Random
09:13:31.133    (INFO)     Trx.Commit: **C** ConnSH637543340114447142System.Random
09:13:31.133    (INFO)     Trx.Start: **** ConnSH637543340114537139System.Random
09:13:31.133    (INFO)     Trx.Commit: **C** ConnSH637543340114537139System.Random
09:13:31.133    (INFO)     Trx.Start: **** ConnSH637543340114627095System.Random
09:13:31.133    (INFO)     Trx.Commit: **C** ConnSH637543340114627095System.Random
09:13:31.133    (INFO)     Trx.Start: **** ConnSH637543340114707106System.Random
09:13:31.133    (INFO)     Trx.Commit: **C** ConnSH637543340114707106System.Random
09:13:31.133    (INFO)     Trx.Start: **** ConnSH637543340114797113System.Random
09:13:31.133    (INFO)     Trx.Commit: **C** ConnSH637543340114797113System.Random
09:13:31.133    (INFO)     Trx.Start: **** ConnSH637543340114887114System.Random
09:13:31.133    (INFO)     Trx.Commit: **C** ConnSH637543340114887114System.Random
09:13:31.133    (INFO)     Trx.Start: **** ConnSH637543340114961662System.Random
09:13:31.133    (INFO)     Trx.Commit: **C** ConnSH637543340114961662System.Random
09:13:31.133    (INFO)     Trx.Start: **** ConnSH637543340115051682System.Random
09:13:31.133    (INFO)     Trx.Commit: **C** ConnSH637543340115051682System.Random
09:13:31.133    (INFO)     Trx.Start: **** ConnSH637543340115141438System.Random
09:13:31.133    (INFO)     Trx.Commit: **C** ConnSH637543340115141438System.Random
09:13:31.133    (INFO)     Trx.Start: **** ConnSH637543340115221434System.Random
09:13:31.133    (INFO)     Trx.Commit: **C** ConnSH637543340115221434System.Random
09:13:31.133    (INFO)     Trx.Start: **** ConnSH637543340115321685System.Random
09:13:31.133    (INFO)     Trx.Commit: **C** ConnSH637543340115321685System.Random
09:13:31.133    (INFO)     Trx.Start: **** ConnSH637543340115401427System.Random
09:13:31.133    (INFO)     Trx.Commit: **C** ConnSH637543340115401427System.Random
09:13:31.133    (INFO)     Trx.Start: **** ConnSH637543340115491428System.Random
09:13:31.133    (INFO)     Trx.Commit: **C** ConnSH637543340115491428System.Random
09:13:31.133    (INFO)     Trx.Start: **** ConnSH637543340115581439System.Random
09:13:31.133    (INFO)     Trx.Commit: **C** ConnSH637543340115581439System.Random
09:13:31.133    (INFO)     Trx.Start: **** ConnSH637543340115691445System.Random
09:13:31.133    (INFO)     Trx.Commit: **C** ConnSH637543340115691445System.Random
09:13:31.133    (INFO)     Trx.Start: **** ConnSH637543340115781455System.Random
09:13:31.133    (INFO)     Trx.Commit: **C** ConnSH637543340115781455System.Random
09:13:31.133    (INFO)     Trx.Start: **** ConnSH637543340115881426System.Random
09:13:31.133    (INFO)     Trx.Commit: **C** ConnSH637543340115881426System.Random
09:13:31.133    (INFO)     Trx.Start: **** ConnSH637543340115991446System.Random
09:13:31.133    (INFO)     Trx.Commit: **C** ConnSH637543340115991446System.Random
09:13:31.133    (INFO)     Trx.Start: **** ConnSH637543340116081432System.Random
09:13:31.133    (INFO)     Trx.Commit: **C** ConnSH637543340116081432System.Random
09:13:31.133    (INFO)     Trx.Start: **** ConnSH637543340116171428System.Random
09:13:31.133    (INFO)     Trx.Commit: **C** ConnSH637543340116171428System.Random
09:13:31.133    (INFO)     Trx.Start: **** ConnSH637543340116271445System.Random
09:13:31.133    (INFO)     Trx.Commit: **C** ConnSH637543340116271445System.Random
09:13:31.133    (INFO)     Trx.Start: **** ConnSH637543340116361450System.Random
09:13:31.133    (INFO)     Trx.Commit: **C** ConnSH637543340116361450System.Random
09:13:31.133    (INFO)     Trx.Start: **** ConnSH637543340116441426System.Random
09:13:31.133    (INFO)     Trx.Commit: **C** ConnSH637543340116441426System.Random
09:13:31.133    (INFO)     Trx.Start: **** ConnSH637543340116541445System.Random
09:13:31.133    (INFO)     Trx.Commit: **C** ConnSH637543340116541445System.Random
09:13:31.133    (INFO)     Trx.Start: **** ConnSH637543340116651829System.Random
09:13:31.133    (INFO)     Trx.Commit: **C** ConnSH637543340116651829System.Random
09:13:31.133    (INFO)     Trx.Start: **** ConnSH637543340116741804System.Random
09:13:31.133    (INFO)     Trx.Commit: **C** ConnSH637543340116741804System.Random
09:13:31.133    (INFO)     Trx.Start: **** ConnSH637543340116841689System.Random
09:13:31.133    (INFO)     Trx.Commit: **C** ConnSH637543340116841689System.Random
09:13:31.133    (INFO)     Trx.Start: **** ConnSH637543340116921776System.Random
09:13:31.133    (INFO)     Trx.Commit: **C** ConnSH637543340116921776System.Random
09:13:31.133    (INFO)     Trx.Start: **** ConnSH637543340117011776System.Random
09:13:31.133    (INFO)     Trx.Commit: **C** ConnSH637543340117011776System.Random
09:13:31.133    (INFO)     Trx.Start: **** ConnSH637543340117101772System.Random
09:13:31.133    (INFO)     Trx.Commit: **C** ConnSH637543340117101772System.Random
09:13:31.133    (INFO)     Trx.Start: **** ConnSH637543340117181446System.Random
09:13:31.133    (INFO)     Trx.Commit: **C** ConnSH637543340117181446System.Random
09:13:31.133    (INFO)     Trx.Start: **** ConnSH637543340117261774System.Random
09:13:31.133    (INFO)     Trx.Commit: **C** ConnSH637543340117261774System.Random
09:13:31.133    (INFO)     Trx.Start: **** ConnSH637543340117351774System.Random
09:13:31.133    (INFO)     Trx.Commit: **C** ConnSH637543340117351774System.Random
09:13:31.133    (INFO)     Trx.Start: **** ConnSH637543340117431780System.Random
09:13:31.133    (INFO)     Trx.Commit: **C** ConnSH637543340117431780System.Random
09:13:31.133    (INFO)     Trx.Start: **** ConnSH637543340117531442System.Random
09:13:31.133    (INFO)     Trx.Commit: **C** ConnSH637543340117531442System.Random
09:13:31.133    (INFO)     Trx.Start: **** ConnSH637543340117611787System.Random
09:13:31.133    (INFO)     Trx.Commit: **C** ConnSH637543340117611787System.Random
09:13:31.133    (INFO)     Trx.Start: **** ConnSH637543340117691773System.Random
09:13:31.133    (INFO)     Trx.Commit: **C** ConnSH637543340117691773System.Random
09:13:31.133    (INFO)     Trx.Start: **** ConnSH637543340117774205System.Random
09:13:31.133    (INFO)     Trx.Commit: **C** ConnSH637543340117774205System.Random
09:13:31.133    (INFO)     Trx.Start: **** ConnSH637543340117859534System.Random
09:13:31.133    (INFO)     Trx.Commit: **C** ConnSH637543340117859534System.Random
09:13:31.133    (INFO)     Trx.Start: **** ConnSH637543340117949513System.Random
09:13:31.133    (INFO)     Trx.Commit: **C** ConnSH637543340117949513System.Random
09:13:31.133    (INFO)     Trx.Start: **** ConnSH637543340118034200System.Random
09:13:31.133    (INFO)     Trx.Commit: **C** ConnSH637543340118034200System.Random
09:13:31.133    (INFO)     Trx.Start: **** ConnSH637543340118114307System.Random
09:13:31.133    (INFO)     Trx.Commit: **C** ConnSH637543340118114307System.Random
09:13:31.133    (INFO)     Trx.Start: **** ConnSH637543340118214266System.Random
09:13:31.133    (INFO)     Trx.Commit: **C** ConnSH637543340118214266System.Random
09:13:31.133    (INFO)     Trx.Start: **** ConnSH637543340118343908System.Random
09:13:31.133    (INFO)     Trx.Commit: **C** ConnSH637543340118343908System.Random
09:13:31.133    (INFO)     Trx.Start: **** ConnSH637543340118433897System.Random
09:13:31.133    (INFO)     Trx.Commit: **C** ConnSH637543340118433897System.Random
09:13:31.133    (INFO)     Trx.Start: **** ConnSH637543340118523580System.Random
09:13:31.133    (INFO)     Trx.Commit: **C** ConnSH637543340118523580System.Random
09:13:31.133    (INFO)     Trx.Start: **** ConnSH637543340118605148System.Random
09:13:31.133    (INFO)     Trx.Commit: **C** ConnSH637543340118605148System.Random
09:13:31.133    (INFO)     Trx.Start: **** ConnSH637543340118695147System.Random
09:13:31.133    (INFO)     Trx.Commit: **C** ConnSH637543340118695147System.Random
09:13:31.133    (INFO)     Trx.Start: **** ConnSH637543340118782562System.Random
09:13:31.133    (INFO)     Trx.Commit: **C** ConnSH637543340118782562System.Random
09:13:31.133    (INFO)     Trx.Start: **** ConnSH637543340118872335System.Random
09:13:31.133    (INFO)     Trx.Commit: **C** ConnSH637543340118872335System.Random
09:13:31.133    (INFO)     Trx.Start: **** ConnSH637543340118952359System.Random
09:13:31.133    (INFO)     Trx.Commit: **C** ConnSH637543340118952359System.Random
09:13:31.133    (INFO)     Trx.Start: **** ConnSH637543340119042585System.Random
09:13:31.133    (INFO)     Trx.Commit: **C** ConnSH637543340119042585System.Random
09:13:31.133    (INFO)     Trx.Start: **** ConnSH637543340119120144System.Random
09:13:31.133    (INFO)     Trx.Commit: **C** ConnSH637543340119120144System.Random
09:13:31.133    (INFO)     Trx.Start: **** ConnSH637543340119220120System.Random
09:13:31.133    (INFO)     Trx.Commit: **C** ConnSH637543340119220120System.Random
09:13:31.133    (INFO)     Trx.Start: **** ConnSH637543340119305244System.Random
09:13:31.133    (INFO)     Trx.Commit: **C** ConnSH637543340119305244System.Random
09:13:31.133    (INFO)     Trx.Start: **** ConnSH637543340119405008System.Random
09:13:31.133    (INFO)     Trx.Commit: **C** ConnSH637543340119405008System.Random
09:13:31.133    (INFO)     Trx.Start: **** ConnSH637543340119485033System.Random
09:13:31.133    (INFO)     Trx.Commit: **C** ConnSH637543340119485033System.Random
09:13:31.133    (INFO)     Trx.Start: **** ConnSH637543340119565963System.Random
09:13:31.133    (INFO)     Trx.Commit: **C** ConnSH637543340119565963System.Random
09:13:31.133    (INFO)     Trx.Start: **** ConnSH637543340119655964System.Random
09:13:31.133    (INFO)     Trx.Commit: **C** ConnSH637543340119655964System.Random
09:13:31.133    (INFO)     Trx.Start: **** ConnSH637543340119739958System.Random
09:13:31.133    (INFO)     Trx.Commit: **C** ConnSH637543340119739958System.Random
09:13:31.133    (INFO)     Trx.Start: **** ConnSH637543340119819987System.Random
09:13:31.133    (INFO)     Trx.Commit: **C** ConnSH637543340119819987System.Random
09:13:31.133    (INFO)     Trx.Start: **** ConnSH637543340119892683System.Random
09:13:31.133    (INFO)     Trx.Commit: **C** ConnSH637543340119892683System.Random
09:13:32.133    (INFO)     Trx.Start: **** ConnSH637543340120126112System.Random
09:13:32.133    (INFO)     Trx.Commit: **C** ConnSH637543340120126112System.Random
09:13:32.133    (INFO)     Trx.Start: **** ConnSH637543340120343907System.Random
09:13:32.133    (INFO)     Trx.Commit: **C** ConnSH637543340120343907System.Random
09:13:32.133    (INFO)     Trx.Start: **** ConnSH637543340120775447System.Random
09:13:32.133    (INFO)     Trx.Commit: **C** ConnSH637543340120775447System.Random
09:13:32.133    (INFO)     CacheMgt.Reset: AD_Process: #1 (1)
09:15:43.154    (INFO)     MRole.Get: AD_Role_ID=0, AD_User_ID=100, reload=True
09:15:43.154    (INFO)     MRole.Get: MRole[0,System Administrator,UserLevel=S  ,AD_Client_ID=0,AD_Org_ID=0]
09:15:43.154    (INFO)     MTree.Load: AD_Tree_ID=121, AD_User_ID=100, Editable=False, OnClient=True
09:15:43.154    (INFO)     Trx.Start: **** ConnSH637543341434568678System.Random
09:15:43.154    (INFO)     Trx.Commit: **C** ConnSH637543341434568678System.Random
----------->     (WARNING)  AccessSqlParser.GetTableInfo: More than one FROM clause - SELECT AppointmentsInfo.Appointmentsinfo_id AS ID,AppointmentsInfo.AD_Client_ID,AppointmentsInfo.AD_Org_ID  FROM AppointmentsInfo JOIN AD_User ON AD_User.AD_User_ID =AppointmentsInfo.CreatedBy WHERE AppointmentsInfo.IsRead='N' AND AppointmentsInfo.istask ='N'  AND AppointmentsInfo.AD_User_ID  = 100  UNION SELECT AppointmentsInfo.Appointmentsinfo_id AS ID, AppointmentsInfo.AD_Client_ID,AppointmentsInfo.AD_Org_ID FROM AppointmentsInfo  JOIN AD_User ON AD_User.AD_User_ID = AppointmentsInfo.CreatedBy  WHERE (AppointmentsInfo.IsRead ='Y'   AND AppointmentsInfo.AD_User_ID = 100 )  AND AppointmentsInfo.istask ='N'  AND AppointmentsInfo.startDate BETWEEN to_date('4/17/21','mm/dd/yy') and to_date('4/25/21 23.59','mm/dd/yy HH24:MI')   OR  to_date('4/18/21','mm/dd/yy')  BETWEEN  AppointmentsInfo.startDate  AND AppointmentsInfo.endDate  AND  AppointmentsInfo.CreatedBy  !=100 AND AppointmentsInfo.AD_User_ID  = 100)
----------->     (WARNING)  AccessSqlParser.GetTableInfo: Could not remove ON AppointmentsInfo JOIN AD_User ON AD_User.AD_User_ID =AppointmentsInfo.CreatedBy
09:15:47.154    (INFO)     Trx.Start: **** ConnSH637543341473769116System.Random
09:15:47.154    (INFO)     Trx.Commit: **C** ConnSH637543341473769116System.Random
09:16:02.162    (INFO)     Trx.Start: **** ConnSH637543341624190983System.Random
09:16:02.162    (INFO)     Trx.Commit: **C** ConnSH637543341624190983System.Random
09:16:16.161    (INFO)     Trx.Start: **** ConnSH637543341766584881System.Random
09:16:16.161    (INFO)     Trx.Commit: **C** ConnSH637543341766584881System.Random
09:17:16.171    (INFO)     Trx.Start: **** ConnSH637543342368858657System.Random
09:17:16.171    (INFO)     Trx.Commit: **C** ConnSH637543342368858657System.Random
09:17:16.171    (INFO)     Trx.Start: **** ConnSH637543342369078662System.Random
09:17:16.171    (INFO)     Trx.Commit: **C** ConnSH637543342369078662System.Random
09:17:16.171    (INFO)     Trx.Start: **** ConnSH637543342369238673System.Random
09:17:16.171    (INFO)     Trx.Commit: **C** ConnSH637543342369238673System.Random
09:17:16.171    (INFO)     Trx.Start: **** ConnSH637543342369408672System.Random
09:17:16.171    (INFO)     Trx.Commit: **C** ConnSH637543342369408672System.Random
09:17:16.171    (INFO)     Trx.Start: **** ConnSH637543342369568663System.Random
09:17:16.171    (INFO)     Trx.Commit: **C** ConnSH637543342369568663System.Random
09:17:16.171    (INFO)     Trx.Start: **** ConnSH637543342369728928System.Random
09:17:16.171    (INFO)     Trx.Commit: **C** ConnSH637543342369728928System.Random
09:17:16.171    (INFO)     Trx.Start: **** ConnSH637543342369888920System.Random
09:17:16.171    (INFO)     Trx.Commit: **C** ConnSH637543342369888920System.Random
09:17:17.171    (INFO)     Trx.Start: **** ConnSH637543342370048926System.Random
09:17:17.171    (INFO)     Trx.Commit: **C** ConnSH637543342370048926System.Random
09:17:17.171    (INFO)     Trx.Start: **** ConnSH637543342370218688System.Random
09:17:17.171    (INFO)     Trx.Commit: **C** ConnSH637543342370218688System.Random
09:17:17.171    (INFO)     Trx.Start: **** ConnSH637543342370388673System.Random
09:17:17.171    (INFO)     Trx.Commit: **C** ConnSH637543342370388673System.Random
09:17:17.171    (INFO)     Trx.Start: **** ConnSH637543342370508664System.Random
09:17:17.171    (INFO)     Trx.Commit: **C** ConnSH637543342370508664System.Random
09:17:17.171    (INFO)     Trx.Start: **** ConnSH637543342370628698System.Random
09:17:17.171    (INFO)     Trx.Commit: **C** ConnSH637543342370628698System.Random
09:17:17.171    (INFO)     Trx.Start: **** ConnSH637543342370798702System.Random
09:17:17.171    (INFO)     Trx.Commit: **C** ConnSH637543342370798702System.Random
09:17:17.171    (INFO)     Trx.Start: **** ConnSH637543342370988657System.Random
09:17:17.171    (INFO)     Trx.Commit: **C** ConnSH637543342370988657System.Random
09:17:17.171    (INFO)     Trx.Start: **** ConnSH637543342371188665System.Random
09:17:17.171    (INFO)     Trx.Commit: **C** ConnSH637543342371188665System.Random
09:17:17.171    (INFO)     Trx.Start: **** ConnSH637543342371378670System.Random
09:17:17.171    (INFO)     Trx.Commit: **C** ConnSH637543342371378670System.Random
09:17:17.171    (INFO)     Trx.Start: **** ConnSH637543342371558672System.Random
09:17:17.171    (INFO)     Trx.Commit: **C** ConnSH637543342371558672System.Random
09:17:17.171    (INFO)     Trx.Start: **** ConnSH637543342371728675System.Random
09:17:17.171    (INFO)     Trx.Commit: **C** ConnSH637543342371728675System.Random
09:17:17.171    (INFO)     Trx.Start: **** ConnSH637543342371838660System.Random
09:17:17.171    (INFO)     Trx.Commit: **C** ConnSH637543342371838660System.Random
09:17:17.171    (INFO)     Trx.Start: **** ConnSH637543342371938662System.Random
09:17:17.171    (INFO)     Trx.Commit: **C** ConnSH637543342371938662System.Random
09:17:17.171    (INFO)     Trx.Start: **** ConnSH637543342372028664System.Random
09:17:17.171    (INFO)     Trx.Commit: **C** ConnSH637543342372028664System.Random
09:17:17.171    (INFO)     Trx.Start: **** ConnSH637543342372148654System.Random
09:17:17.171    (INFO)     Trx.Commit: **C** ConnSH637543342372148654System.Random
09:17:17.171    (INFO)     Trx.Start: **** ConnSH637543342372318656System.Random
09:17:17.171    (INFO)     Trx.Commit: **C** ConnSH637543342372318656System.Random
09:17:17.171    (INFO)     Trx.Start: **** ConnSH637543342372488659System.Random
09:17:17.171    (INFO)     Trx.Commit: **C** ConnSH637543342372488659System.Random
09:17:17.171    (INFO)     Trx.Start: **** ConnSH637543342372658998System.Random
09:17:17.171    (INFO)     Trx.Commit: **C** ConnSH637543342372658998System.Random
09:17:17.171    (INFO)     Trx.Start: **** ConnSH637543342372748900System.Random
09:17:17.171    (INFO)     Trx.Commit: **C** ConnSH637543342372748900System.Random
09:17:17.171    (INFO)     Trx.Start: **** ConnSH637543342372928653System.Random
09:17:17.171    (INFO)     Trx.Commit: **C** ConnSH637543342372928653System.Random
09:17:17.171    (INFO)     Trx.Start: **** ConnSH637543342373128654System.Random
09:17:17.171    (INFO)     Trx.Commit: **C** ConnSH637543342373128654System.Random
09:17:17.171    (INFO)     Trx.Start: **** ConnSH637543342373288672System.Random
09:17:17.171    (INFO)     Trx.Commit: **C** ConnSH637543342373288672System.Random
09:17:17.171    (INFO)     Trx.Start: **** ConnSH637543342373458655System.Random
09:17:17.171    (INFO)     Trx.Commit: **C** ConnSH637543342373458655System.Random
09:17:17.171    (INFO)     Trx.Start: **** ConnSH637543342373628671System.Random
09:17:17.171    (INFO)     Trx.Commit: **C** ConnSH637543342373628671System.Random
09:17:17.171    (INFO)     Trx.Start: **** ConnSH637543342373798650System.Random
09:17:17.171    (INFO)     Trx.Commit: **C** ConnSH637543342373798650System.Random
09:17:17.171    (INFO)     Trx.Start: **** ConnSH637543342373968660System.Random
09:17:17.171    (INFO)     Trx.Commit: **C** ConnSH637543342373968660System.Random
09:17:17.171    (INFO)     Trx.Start: **** ConnSH637543342374128911System.Random
09:17:17.171    (INFO)     Trx.Commit: **C** ConnSH637543342374128911System.Random
09:17:17.171    (INFO)     Trx.Start: **** ConnSH637543342374228698System.Random
09:17:17.171    (INFO)     Trx.Commit: **C** ConnSH637543342374228698System.Random
09:17:17.171    (INFO)     Trx.Start: **** ConnSH637543342374398653System.Random
09:17:17.171    (INFO)     Trx.Commit: **C** ConnSH637543342374398653System.Random
09:17:17.171    (INFO)     Trx.Start: **** ConnSH637543342374548649System.Random
09:17:17.171    (INFO)     Trx.Commit: **C** ConnSH637543342374548649System.Random
09:17:17.171    (INFO)     Trx.Start: **** ConnSH637543342374658648System.Random
09:17:17.171    (INFO)     Trx.Commit: **C** ConnSH637543342374658648System.Random
09:17:17.171    (INFO)     Trx.Start: **** ConnSH637543342374808649System.Random
09:17:17.171    (INFO)     Trx.Commit: **C** ConnSH637543342374808649System.Random
09:17:17.171    (INFO)     Trx.Start: **** ConnSH637543342374978658System.Random
09:17:17.171    (INFO)     Trx.Commit: **C** ConnSH637543342374978658System.Random
09:17:17.171    (INFO)     Trx.Start: **** ConnSH637543342375148652System.Random
09:17:17.171    (INFO)     Trx.Commit: **C** ConnSH637543342375148652System.Random
09:17:17.171    (INFO)     Trx.Start: **** ConnSH637543342375258650System.Random
09:17:17.171    (INFO)     Trx.Commit: **C** ConnSH637543342375258650System.Random
09:17:17.171    (INFO)     Trx.Start: **** ConnSH637543342375358647System.Random
09:17:17.171    (INFO)     Trx.Commit: **C** ConnSH637543342375358647System.Random
09:17:17.171    (INFO)     Trx.Start: **** ConnSH637543342375538672System.Random
09:17:17.171    (INFO)     Trx.Commit: **C** ConnSH637543342375538672System.Random
09:17:17.171    (INFO)     Trx.Start: **** ConnSH637543342375718660System.Random
09:17:17.171    (INFO)     Trx.Commit: **C** ConnSH637543342375718660System.Random
09:17:17.171    (INFO)     Trx.Start: **** ConnSH637543342375928669System.Random
09:17:17.171    (INFO)     Trx.Commit: **C** ConnSH637543342375928669System.Random
09:17:17.171    (INFO)     Trx.Start: **** ConnSH637543342376018702System.Random
09:17:17.171    (INFO)     Trx.Commit: **C** ConnSH637543342376018702System.Random
09:17:17.171    (INFO)     Trx.Start: **** ConnSH637543342376108655System.Random
09:17:17.171    (INFO)     Trx.Commit: **C** ConnSH637543342376108655System.Random
09:17:17.171    (INFO)     Trx.Start: **** ConnSH637543342376218656System.Random
09:17:17.171    (INFO)     Trx.Commit: **C** ConnSH637543342376218656System.Random
09:17:17.171    (INFO)     Trx.Start: **** ConnSH637543342376388921System.Random
09:17:17.171    (INFO)     Trx.Commit: **C** ConnSH637543342376388921System.Random
09:17:17.171    (INFO)     Trx.Start: **** ConnSH637543342376568689System.Random
09:17:17.171    (INFO)     Trx.Commit: **C** ConnSH637543342376568689System.Random
09:17:17.171    (INFO)     Trx.Start: **** ConnSH637543342376748701System.Random
09:17:17.171    (INFO)     Trx.Commit: **C** ConnSH637543342376748701System.Random
09:17:17.171    (INFO)     Trx.Start: **** ConnSH637543342376878690System.Random
09:17:17.171    (INFO)     Trx.Commit: **C** ConnSH637543342376878690System.Random
09:17:17.171    (INFO)     Trx.Start: **** ConnSH637543342377048693System.Random
09:17:17.171    (INFO)     Trx.Commit: **C** ConnSH637543342377048693System.Random
09:17:17.171    (INFO)     Trx.Start: **** ConnSH637543342377148943System.Random
09:17:17.171    (INFO)     Trx.Commit: **C** ConnSH637543342377148943System.Random
09:17:17.171    (INFO)     Trx.Start: **** ConnSH637543342377308688System.Random
09:17:17.171    (INFO)     Trx.Commit: **C** ConnSH637543342377308688System.Random
09:17:17.171    (INFO)     Trx.Start: **** ConnSH637543342377468967System.Random
09:17:17.171    (INFO)     Trx.Commit: **C** ConnSH637543342377468967System.Random
09:17:17.171    (INFO)     Trx.Start: **** ConnSH637543342377559009System.Random
09:17:17.171    (INFO)     Trx.Commit: **C** ConnSH637543342377559009System.Random
09:17:17.171    (INFO)     Trx.Start: **** ConnSH637543342377718991System.Random
09:17:17.171    (INFO)     Trx.Commit: **C** ConnSH637543342377718991System.Random
09:17:17.171    (INFO)     Trx.Start: **** ConnSH637543342377888895System.Random
09:17:17.171    (INFO)     Trx.Commit: **C** ConnSH637543342377888895System.Random
09:17:17.171    (INFO)     Trx.Start: **** ConnSH637543342378059002System.Random
09:17:17.171    (INFO)     Trx.Commit: **C** ConnSH637543342378059002System.Random
09:17:17.171    (INFO)     Trx.Start: **** ConnSH637543342378168680System.Random
09:17:17.171    (INFO)     Trx.Commit: **C** ConnSH637543342378168680System.Random
09:17:17.171    (INFO)     Trx.Start: **** ConnSH637543342378318974System.Random
09:17:17.171    (INFO)     Trx.Commit: **C** ConnSH637543342378318974System.Random
09:17:17.171    (INFO)     Trx.Start: **** ConnSH637543342378418677System.Random
09:17:17.171    (INFO)     Trx.Commit: **C** ConnSH637543342378418677System.Random
09:17:17.171    (INFO)     Trx.Start: **** ConnSH637543342378588690System.Random
09:17:17.171    (INFO)     Trx.Commit: **C** ConnSH637543342378588690System.Random
09:17:17.171    (INFO)     Trx.Start: **** ConnSH637543342378738698System.Random
09:17:17.171    (INFO)     Trx.Commit: **C** ConnSH637543342378738698System.Random
09:17:17.171    (INFO)     Trx.Start: **** ConnSH637543342378908744System.Random
09:17:17.171    (INFO)     Trx.Commit: **C** ConnSH637543342378908744System.Random
09:17:17.171    (INFO)     Trx.Start: **** ConnSH637543342379018677System.Random
09:17:17.171    (INFO)     Trx.Commit: **C** ConnSH637543342379018677System.Random
09:17:17.171    (INFO)     Trx.Start: **** ConnSH637543342379129034System.Random
09:17:17.171    (INFO)     Trx.Commit: **C** ConnSH637543342379129034System.Random
09:17:17.171    (INFO)     Trx.Start: **** ConnSH637543342379289016System.Random
09:17:17.171    (INFO)     Trx.Commit: **C** ConnSH637543342379289016System.Random
09:17:17.171    (INFO)     Trx.Start: **** ConnSH637543342379398644System.Random
09:17:17.171    (INFO)     Trx.Commit: **C** ConnSH637543342379398644System.Random
09:17:17.171    (INFO)     Trx.Start: **** ConnSH637543342379568649System.Random
09:17:17.171    (INFO)     Trx.Commit: **C** ConnSH637543342379568649System.Random
09:17:17.171    (INFO)     Trx.Start: **** ConnSH637543342379728639System.Random
09:17:17.171    (INFO)     Trx.Commit: **C** ConnSH637543342379728639System.Random
09:17:17.171    (INFO)     Trx.Start: **** ConnSH637543342379828656System.Random
09:17:17.171    (INFO)     Trx.Commit: **C** ConnSH637543342379828656System.Random
09:17:17.171    (INFO)     Trx.Start: **** ConnSH637543342379998651System.Random
09:17:18.171    (INFO)     Trx.Commit: **C** ConnSH637543342379998651System.Random
09:17:18.171    (INFO)     Trx.Start: **** ConnSH637543342380088648System.Random
09:17:18.171    (INFO)     Trx.Commit: **C** ConnSH637543342380088648System.Random
09:17:18.171    (INFO)     Trx.Start: **** ConnSH637543342380238655System.Random
09:17:18.171    (INFO)     Trx.Commit: **C** ConnSH637543342380238655System.Random
09:17:18.171    (INFO)     Trx.Start: **** ConnSH637543342380338649System.Random
09:17:18.171    (INFO)     Trx.Commit: **C** ConnSH637543342380338649System.Random
09:17:18.171    (INFO)     Trx.Start: **** ConnSH637543342380448643System.Random
09:17:18.171    (INFO)     Trx.Commit: **C** ConnSH637543342380448643System.Random
09:17:18.171    (INFO)     Trx.Start: **** ConnSH637543342380558643System.Random
09:17:18.171    (INFO)     Trx.Commit: **C** ConnSH637543342380558643System.Random
09:17:18.171    (INFO)     Trx.Start: **** ConnSH637543342380658668System.Random
09:17:18.171    (INFO)     Trx.Commit: **C** ConnSH637543342380658668System.Random
09:17:18.171    (INFO)     Trx.Start: **** ConnSH637543342380758641System.Random
09:17:18.171    (INFO)     Trx.Commit: **C** ConnSH637543342380758641System.Random
09:17:18.171    (INFO)     Trx.Start: **** ConnSH637543342380918647System.Random
09:17:18.171    (INFO)     Trx.Commit: **C** ConnSH637543342380918647System.Random
09:17:18.171    (INFO)     Trx.Start: **** ConnSH637543342381088646System.Random
09:17:18.171    (INFO)     Trx.Commit: **C** ConnSH637543342381088646System.Random
09:17:18.171    (INFO)     Trx.Start: **** ConnSH637543342381258644System.Random
09:17:18.171    (INFO)     Trx.Commit: **C** ConnSH637543342381258644System.Random
09:17:18.171    (INFO)     Trx.Start: **** ConnSH637543342381418656System.Random
09:17:18.171    (INFO)     Trx.Commit: **C** ConnSH637543342381418656System.Random
09:17:18.171    (INFO)     Trx.Start: **** ConnSH637543342381578647System.Random
09:17:18.171    (INFO)     Trx.Commit: **C** ConnSH637543342381578647System.Random
09:17:18.171    (INFO)     Trx.Start: **** ConnSH637543342381688649System.Random
09:17:18.171    (INFO)     Trx.Commit: **C** ConnSH637543342381688649System.Random
09:17:18.171    (INFO)     Trx.Start: **** ConnSH637543342381778665System.Random
09:17:18.171    (INFO)     Trx.Commit: **C** ConnSH637543342381778665System.Random
09:17:18.171    (INFO)     Trx.Start: **** ConnSH637543342381948649System.Random
09:17:18.171    (INFO)     Trx.Commit: **C** ConnSH637543342381948649System.Random
09:17:18.171    (INFO)     Trx.Start: **** ConnSH637543342382118655System.Random
09:17:18.171    (INFO)     Trx.Commit: **C** ConnSH637543342382118655System.Random
09:17:18.171    (INFO)     Trx.Start: **** ConnSH637543342382308640System.Random
09:17:18.171    (INFO)     Trx.Commit: **C** ConnSH637543342382308640System.Random
09:17:18.171    (INFO)     Trx.Start: **** ConnSH637543342382468641System.Random
09:17:18.171    (INFO)     Trx.Commit: **C** ConnSH637543342382468641System.Random
09:17:18.171    (INFO)     Trx.Start: **** ConnSH637543342382638640System.Random
09:17:18.171    (INFO)     Trx.Commit: **C** ConnSH637543342382638640System.Random
09:17:18.171    (INFO)     Trx.Start: **** ConnSH637543342382818653System.Random
09:17:18.171    (INFO)     Trx.Commit: **C** ConnSH637543342382818653System.Random
09:17:18.171    (INFO)     Trx.Start: **** ConnSH637543342382918656System.Random
09:17:18.171    (INFO)     Trx.Commit: **C** ConnSH637543342382918656System.Random
09:17:18.171    (INFO)     Trx.Start: **** ConnSH637543342383078672System.Random
09:17:18.171    (INFO)     Trx.Commit: **C** ConnSH637543342383078672System.Random
09:17:18.171    (INFO)     Trx.Start: **** ConnSH637543342383168656System.Random
09:17:18.171    (INFO)     Trx.Commit: **C** ConnSH637543342383168656System.Random
09:17:18.171    (INFO)     Trx.Start: **** ConnSH637543342383258648System.Random
09:17:18.171    (INFO)     Trx.Commit: **C** ConnSH637543342383258648System.Random
09:17:18.171    (INFO)     Trx.Start: **** ConnSH637543342383348658System.Random
09:17:18.171    (INFO)     Trx.Commit: **C** ConnSH637543342383348658System.Random
09:17:18.171    (INFO)     Trx.Start: **** ConnSH637543342383428655System.Random
09:17:18.171    (INFO)     Trx.Commit: **C** ConnSH637543342383428655System.Random
09:17:18.171    (INFO)     Trx.Start: **** ConnSH637543342383518638System.Random
09:17:18.171    (INFO)     Trx.Commit: **C** ConnSH637543342383518638System.Random
09:17:18.171    (INFO)     Trx.Start: **** ConnSH637543342383598655System.Random
09:17:18.171    (INFO)     Trx.Commit: **C** ConnSH637543342383598655System.Random
09:17:18.171    (INFO)     Trx.Start: **** ConnSH637543342383688674System.Random
09:17:18.171    (INFO)     Trx.Commit: **C** ConnSH637543342383688674System.Random
09:17:18.171    (INFO)     Trx.Start: **** ConnSH637543342383768675System.Random
09:17:18.171    (INFO)     Trx.Commit: **C** ConnSH637543342383768675System.Random
09:17:18.171    (INFO)     Trx.Start: **** ConnSH637543342383848676System.Random
09:17:18.171    (INFO)     Trx.Commit: **C** ConnSH637543342383848676System.Random
09:17:18.171    (INFO)     Trx.Start: **** ConnSH637543342383928672System.Random
09:17:18.171    (INFO)     Trx.Commit: **C** ConnSH637543342383928672System.Random
09:17:18.171    (INFO)     Trx.Start: **** ConnSH637543342384018643System.Random
09:17:18.171    (INFO)     Trx.Commit: **C** ConnSH637543342384018643System.Random
09:17:18.171    (INFO)     Trx.Start: **** ConnSH637543342384128642System.Random
09:17:18.171    (INFO)     Trx.Commit: **C** ConnSH637543342384128642System.Random
09:17:18.171    (INFO)     Trx.Start: **** ConnSH637543342384288664System.Random
09:17:18.171    (INFO)     Trx.Commit: **C** ConnSH637543342384288664System.Random
09:17:18.171    (INFO)     Trx.Start: **** ConnSH637543342384438657System.Random
09:17:18.171    (INFO)     Trx.Commit: **C** ConnSH637543342384438657System.Random
09:17:18.171    (INFO)     Trx.Start: **** ConnSH637543342384598657System.Random
09:17:18.171    (INFO)     Trx.Commit: **C** ConnSH637543342384598657System.Random
09:17:18.171    (INFO)     Trx.Start: **** ConnSH637543342384768641System.Random
09:17:18.171    (INFO)     Trx.Commit: **C** ConnSH637543342384768641System.Random
09:17:18.171    (INFO)     Trx.Start: **** ConnSH637543342384948657System.Random
09:17:18.171    (INFO)     Trx.Commit: **C** ConnSH637543342384948657System.Random
09:17:18.171    (INFO)     Trx.Start: **** ConnSH637543342385058650System.Random
09:17:18.171    (INFO)     Trx.Commit: **C** ConnSH637543342385058650System.Random
09:17:18.171    (INFO)     Trx.Start: **** ConnSH637543342385198653System.Random
09:17:18.171    (INFO)     Trx.Commit: **C** ConnSH637543342385198653System.Random
09:17:18.171    (INFO)     Trx.Start: **** ConnSH637543342386308654System.Random
