*** 4/15/2021 1:28:50 PM VAdvantage Log  ***
01:28:50.285    (INFO)     Trx.Start: **** ConnSH637540901303870906System.Random
01:28:50.285    (INFO)     Trx.Commit: **C** ConnSH637540901303870906System.Random
01:28:50.285    (INFO)     MChangeLog.FillChangeLog: #9
01:28:57.285    (INFO)     Trx.Start: **** ConnSH637540901374298115System.Random
01:28:57.285    (INFO)     Trx.Commit: **C** ConnSH637540901374298115System.Random
01:28:59.285    (INFO)     Trx.Start: **** ConnSH637540901395098535System.Random
01:28:59.285    (INFO)     Trx.Commit: **C** ConnSH637540901395098535System.Random
01:29:32.293    (INFO)     Trx.Start: **** ConnSH637540901724927039System.Random
01:29:32.293    (INFO)     Trx.Commit: **C** ConnSH637540901724927039System.Random
01:29:34.293    (INFO)     Trx.Start: **** ConnSH637540901745261613System.Random
01:29:34.293    (INFO)     Trx.Commit: **C** ConnSH637540901745261613System.Random
01:29:36.293    (INFO)     Trx.Start: **** ConnSH637540901761910410System.Random
01:29:36.293    (INFO)     Trx.Commit: **C** ConnSH637540901761910410System.Random
01:29:37.293    (INFO)     Trx.Start: **** ConnSH637540901775847647System.Random
01:29:37.293    (INFO)     Trx.Commit: **C** ConnSH637540901775847647System.Random
01:30:03.303    (INFO)     Trx.Start: **** ConnSH637540902030006147System.Random
01:30:03.303    (INFO)     Trx.Commit: **C** ConnSH637540902030006147System.Random
01:30:03.303    (INFO)     Trx.Start: **** ConnSH637540902030176158System.Random
01:30:03.303    (INFO)     Trx.Commit: **C** ConnSH637540902030176158System.Random
01:30:03.303    (INFO)     Trx.Start: **** ConnSH637540902030306141System.Random
01:30:03.303    (INFO)     Trx.Commit: **C** ConnSH637540902030306141System.Random
01:30:03.303    (INFO)     Trx.Start: **** ConnSH637540902030476137System.Random
01:30:03.303    (INFO)     Trx.Commit: **C** ConnSH637540902030476137System.Random
01:30:03.303    (INFO)     Trx.Start: **** ConnSH637540902030646139System.Random
01:30:03.303    (INFO)     Trx.Commit: **C** ConnSH637540902030646139System.Random
01:30:03.303    (INFO)     Trx.Start: **** ConnSH637540902030936118System.Random
01:30:03.303    (INFO)     Trx.Commit: **C** ConnSH637540902030936118System.Random
01:30:03.303    (INFO)     Trx.Start: **** ConnSH637540902031096121System.Random
01:30:03.303    (INFO)     Trx.Commit: **C** ConnSH637540902031096121System.Random
01:30:03.303    (INFO)     Trx.Start: **** ConnSH637540902031216111System.Random
01:30:03.303    (INFO)     Trx.Commit: **C** ConnSH637540902031216111System.Random
01:30:03.303    (INFO)     Trx.Start: **** ConnSH637540902031346122System.Random
01:30:03.303    (INFO)     Trx.Commit: **C** ConnSH637540902031346122System.Random
01:30:03.303    (INFO)     Trx.Start: **** ConnSH637540902031476123System.Random
01:30:03.303    (INFO)     Trx.Commit: **C** ConnSH637540902031476123System.Random
01:30:03.303    (INFO)     Trx.Start: **** ConnSH637540902031626120System.Random
01:30:03.303    (INFO)     Trx.Commit: **C** ConnSH637540902031626120System.Random
01:30:03.303    (INFO)     Trx.Start: **** ConnSH637540902031796478System.Random
01:30:03.303    (INFO)     Trx.Commit: **C** ConnSH637540902031796478System.Random
01:30:03.303    (INFO)     Trx.Start: **** ConnSH637540902031966458System.Random
01:30:03.303    (INFO)     Trx.Commit: **C** ConnSH637540902031966458System.Random
01:30:03.303    (INFO)     Trx.Start: **** ConnSH637540902032136143System.Random
01:30:03.303    (INFO)     Trx.Commit: **C** ConnSH637540902032136143System.Random
01:30:03.303    (INFO)     Trx.Start: **** ConnSH637540902032266267System.Random
01:30:03.303    (INFO)     Trx.Commit: **C** ConnSH637540902032266267System.Random
01:30:03.303    (INFO)     Trx.Start: **** ConnSH637540902032406691System.Random
01:30:03.303    (INFO)     Trx.Commit: **C** ConnSH637540902032406691System.Random
01:30:03.303    (INFO)     Trx.Start: **** ConnSH637540902032546121System.Random
01:30:03.303    (INFO)     Trx.Commit: **C** ConnSH637540902032546121System.Random
01:30:03.303    (INFO)     Trx.Start: **** ConnSH637540902032686141System.Random
01:30:03.303    (INFO)     Trx.Commit: **C** ConnSH637540902032686141System.Random
01:30:03.303    (INFO)     Trx.Start: **** ConnSH637540902032866391System.Random
01:30:03.303    (INFO)     Trx.Commit: **C** ConnSH637540902032866391System.Random
01:30:03.303    (INFO)     Trx.Start: **** ConnSH637540902033056120System.Random
01:30:03.303    (INFO)     Trx.Commit: **C** ConnSH637540902033056120System.Random
01:30:03.303    (INFO)     Trx.Start: **** ConnSH637540902033226139System.Random
01:30:03.303    (INFO)     Trx.Commit: **C** ConnSH637540902033226139System.Random
01:30:03.303    (INFO)     Trx.Start: **** ConnSH637540902033356455System.Random
01:30:03.303    (INFO)     Trx.Commit: **C** ConnSH637540902033356455System.Random
01:30:03.303    (INFO)     Trx.Start: **** ConnSH637540902033526295System.Random
01:30:03.303    (INFO)     Trx.Commit: **C** ConnSH637540902033526295System.Random
01:30:03.303    (INFO)     Trx.Start: **** ConnSH637540902033696363System.Random
01:30:03.303    (INFO)     Trx.Commit: **C** ConnSH637540902033696363System.Random
01:30:03.303    (INFO)     Trx.Start: **** ConnSH637540902033866369System.Random
01:30:03.303    (INFO)     Trx.Commit: **C** ConnSH637540902033866369System.Random
01:30:03.303    (INFO)     Trx.Start: **** ConnSH637540902034026159System.Random
01:30:03.303    (INFO)     Trx.Commit: **C** ConnSH637540902034026159System.Random
01:30:03.303    (INFO)     Trx.Start: **** ConnSH637540902034196157System.Random
01:30:03.303    (INFO)     Trx.Commit: **C** ConnSH637540902034196157System.Random
01:30:03.303    (INFO)     Trx.Start: **** ConnSH637540902034346143System.Random
01:30:03.303    (INFO)     Trx.Commit: **C** ConnSH637540902034346143System.Random
01:30:03.303    (INFO)     Trx.Start: **** ConnSH637540902034506158System.Random
01:30:03.303    (INFO)     Trx.Commit: **C** ConnSH637540902034506158System.Random
01:30:03.303    (INFO)     Trx.Start: **** ConnSH637540902034656153System.Random
01:30:03.303    (INFO)     Trx.Commit: **C** ConnSH637540902034656153System.Random
01:30:03.303    (INFO)     Trx.Start: **** ConnSH637540902034786122System.Random
01:30:03.303    (INFO)     Trx.Commit: **C** ConnSH637540902034786122System.Random
01:30:03.303    (INFO)     Trx.Start: **** ConnSH637540902034946123System.Random
01:30:03.303    (INFO)     Trx.Commit: **C** ConnSH637540902034946123System.Random
01:30:03.303    (INFO)     Trx.Start: **** ConnSH637540902035096130System.Random
01:30:03.303    (INFO)     Trx.Commit: **C** ConnSH637540902035096130System.Random
01:30:03.303    (INFO)     Trx.Start: **** ConnSH637540902036013151System.Random
01:30:03.303    (INFO)     Trx.Commit: **C** ConnSH637540902036013151System.Random
01:30:03.303    (INFO)     Trx.Start: **** ConnSH637540902036183154System.Random
01:30:03.303    (INFO)     Trx.Commit: **C** ConnSH637540902036183154System.Random
01:30:03.303    (INFO)     Trx.Start: **** ConnSH637540902036343180System.Random
01:30:03.303    (INFO)     Trx.Commit: **C** ConnSH637540902036343180System.Random
01:30:03.303    (INFO)     Trx.Start: **** ConnSH637540902036503179System.Random
01:30:03.303    (INFO)     Trx.Commit: **C** ConnSH637540902036503179System.Random
01:30:03.303    (INFO)     Trx.Start: **** ConnSH637540902036623178System.Random
01:30:03.303    (INFO)     Trx.Commit: **C** ConnSH637540902036623178System.Random
01:30:03.303    (INFO)     Trx.Start: **** ConnSH637540902036743180System.Random
01:30:03.303    (INFO)     Trx.Commit: **C** ConnSH637540902036743180System.Random
01:30:03.303    (INFO)     Trx.Start: **** ConnSH637540902036898775System.Random
01:30:03.303    (INFO)     Trx.Commit: **C** ConnSH637540902036898775System.Random
01:30:03.303    (INFO)     Trx.Start: **** ConnSH637540902037119111System.Random
01:30:03.303    (INFO)     Trx.Commit: **C** ConnSH637540902037119111System.Random
01:30:03.303    (INFO)     Trx.Start: **** ConnSH637540902037287567System.Random
01:30:03.303    (INFO)     Trx.Commit: **C** ConnSH637540902037287567System.Random
01:30:03.303    (INFO)     Trx.Start: **** ConnSH637540902037420200System.Random
01:30:03.303    (INFO)     Trx.Commit: **C** ConnSH637540902037420200System.Random
01:30:03.303    (INFO)     Trx.Start: **** ConnSH637540902037544892System.Random
01:30:03.303    (INFO)     Trx.Commit: **C** ConnSH637540902037544892System.Random
01:30:03.303    (INFO)     Trx.Start: **** ConnSH637540902037684984System.Random
01:30:03.303    (INFO)     Trx.Commit: **C** ConnSH637540902037684984System.Random
01:30:03.303    (INFO)     Trx.Start: **** ConnSH637540902037839533System.Random
01:30:03.303    (INFO)     Trx.Commit: **C** ConnSH637540902037839533System.Random
01:30:03.303    (INFO)     Trx.Start: **** ConnSH637540902038000994System.Random
01:30:03.303    (INFO)     Trx.Commit: **C** ConnSH637540902038000994System.Random
01:30:03.303    (INFO)     Trx.Start: **** ConnSH637540902038171335System.Random
01:30:03.303    (INFO)     Trx.Commit: **C** ConnSH637540902038171335System.Random
01:30:03.303    (INFO)     Trx.Start: **** ConnSH637540902038291497System.Random
01:30:03.303    (INFO)     Trx.Commit: **C** ConnSH637540902038291497System.Random
01:30:03.303    (INFO)     Trx.Start: **** ConnSH637540902038451344System.Random
01:30:03.303    (INFO)     Trx.Commit: **C** ConnSH637540902038451344System.Random
01:30:03.303    (INFO)     Trx.Start: **** ConnSH637540902038571025System.Random
01:30:03.303    (INFO)     Trx.Commit: **C** ConnSH637540902038571025System.Random
01:30:03.303    (INFO)     Trx.Start: **** ConnSH637540902038721018System.Random
01:30:03.303    (INFO)     Trx.Commit: **C** ConnSH637540902038721018System.Random
01:30:03.303    (INFO)     Trx.Start: **** ConnSH637540902038881342System.Random
01:30:03.303    (INFO)     Trx.Commit: **C** ConnSH637540902038881342System.Random
01:30:03.303    (INFO)     Trx.Start: **** ConnSH637540902039001341System.Random
01:30:03.303    (INFO)     Trx.Commit: **C** ConnSH637540902039001341System.Random
01:30:03.303    (INFO)     Trx.Start: **** ConnSH637540902039161015System.Random
01:30:03.303    (INFO)     Trx.Commit: **C** ConnSH637540902039161015System.Random
01:30:03.303    (INFO)     Trx.Start: **** ConnSH637540902039337645System.Random
01:30:03.303    (INFO)     Trx.Commit: **C** ConnSH637540902039337645System.Random
01:30:03.303    (INFO)     Trx.Start: **** ConnSH637540902039486375System.Random
01:30:03.303    (INFO)     Trx.Commit: **C** ConnSH637540902039486375System.Random
01:30:03.303    (INFO)     Trx.Start: **** ConnSH637540902039614952System.Random
01:30:03.303    (INFO)     Trx.Commit: **C** ConnSH637540902039614952System.Random
01:30:03.303    (INFO)     Trx.Start: **** ConnSH637540902039769930System.Random
01:30:03.303    (INFO)     Trx.Commit: **C** ConnSH637540902039769930System.Random
01:30:03.303    (INFO)     Trx.Start: **** ConnSH637540902039888102System.Random
01:30:03.303    (INFO)     Trx.Commit: **C** ConnSH637540902039888102System.Random
01:30:04.304    (INFO)     Trx.Start: **** ConnSH637540902040039064System.Random
01:30:04.304    (INFO)     Trx.Commit: **C** ConnSH637540902040039064System.Random
01:30:04.304    (INFO)     Trx.Start: **** ConnSH637540902040207644System.Random
01:30:04.304    (INFO)     Trx.Commit: **C** ConnSH637540902040207644System.Random
01:30:04.304    (INFO)     Trx.Start: **** ConnSH637540902040359050System.Random
01:30:04.304    (INFO)     Trx.Commit: **C** ConnSH637540902040359050System.Random
01:30:04.304    (INFO)     Trx.Start: **** ConnSH637540902040479081System.Random
01:30:04.304    (INFO)     Trx.Commit: **C** ConnSH637540902040479081System.Random
01:30:04.304    (INFO)     Trx.Start: **** ConnSH637540902040600266System.Random
01:30:04.304    (INFO)     Trx.Commit: **C** ConnSH637540902040600266System.Random
01:30:04.304    (INFO)     Trx.Start: **** ConnSH637540902040757206System.Random
01:30:04.304    (INFO)     Trx.Commit: **C** ConnSH637540902040757206System.Random
01:30:04.304    (INFO)     Trx.Start: **** ConnSH637540902040887318System.Random
01:30:04.304    (INFO)     Trx.Commit: **C** ConnSH637540902040887318System.Random
01:30:04.304    (INFO)     Trx.Start: **** ConnSH637540902041037878System.Random
01:30:04.304    (INFO)     Trx.Commit: **C** ConnSH637540902041037878System.Random
01:30:04.304    (INFO)     Trx.Start: **** ConnSH637540902041200599System.Random
01:30:04.304    (INFO)     Trx.Commit: **C** ConnSH637540902041200599System.Random
01:30:04.304    (INFO)     Trx.Start: **** ConnSH637540902041320605System.Random
01:30:04.304    (INFO)     Trx.Commit: **C** ConnSH637540902041320605System.Random
01:30:04.304    (INFO)     Trx.Start: **** ConnSH637540902041480371System.Random
01:30:04.304    (INFO)     Trx.Commit: **C** ConnSH637540902041480371System.Random
01:30:04.304    (INFO)     Trx.Start: **** ConnSH637540902041598124System.Random
01:30:04.304    (INFO)     Trx.Commit: **C** ConnSH637540902041598124System.Random
01:30:04.304    (INFO)     Trx.Start: **** ConnSH637540902041757802System.Random
01:30:04.304    (INFO)     Trx.Commit: **C** ConnSH637540902041757802System.Random
01:30:04.304    (INFO)     Trx.Start: **** ConnSH637540902041894297System.Random
01:30:04.304    (INFO)     Trx.Commit: **C** ConnSH637540902041894297System.Random
01:30:04.304    (INFO)     Trx.Start: **** ConnSH637540902042016685System.Random
01:30:04.304    (INFO)     Trx.Commit: **C** ConnSH637540902042016685System.Random
01:30:04.304    (INFO)     Trx.Start: **** ConnSH637540902042133519System.Random
01:30:04.304    (INFO)     Trx.Commit: **C** ConnSH637540902042133519System.Random
01:30:04.304    (INFO)     Trx.Start: **** ConnSH637540902042266430System.Random
01:30:04.304    (INFO)     Trx.Commit: **C** ConnSH637540902042266430System.Random
01:30:04.304    (INFO)     Trx.Start: **** ConnSH637540902042396979System.Random
01:30:04.304    (INFO)     Trx.Commit: **C** ConnSH637540902042396979System.Random
01:30:04.304    (INFO)     Trx.Start: **** ConnSH637540902042560623System.Random
01:30:04.304    (INFO)     Trx.Commit: **C** ConnSH637540902042560623System.Random
01:30:04.304    (INFO)     Trx.Start: **** ConnSH637540902042717246System.Random
01:30:04.304    (INFO)     Trx.Commit: **C** ConnSH637540902042717246System.Random
01:30:04.304    (INFO)     Trx.Start: **** ConnSH637540902042867747System.Random
01:30:04.304    (INFO)     Trx.Commit: **C** ConnSH637540902042867747System.Random
01:30:04.304    (INFO)     Trx.Start: **** ConnSH637540902043012286System.Random
01:30:04.304    (INFO)     Trx.Commit: **C** ConnSH637540902043012286System.Random
01:30:04.304    (INFO)     Trx.Start: **** ConnSH637540902043162284System.Random
01:30:04.304    (INFO)     Trx.Commit: **C** ConnSH637540902043162284System.Random
01:30:04.304    (INFO)     Trx.Start: **** ConnSH637540902043285542System.Random
01:30:04.304    (INFO)     Trx.Commit: **C** ConnSH637540902043285542System.Random
01:30:04.304    (INFO)     Trx.Start: **** ConnSH637540902043405528System.Random
01:30:04.304    (INFO)     Trx.Commit: **C** ConnSH637540902043405528System.Random
01:30:04.304    (INFO)     Trx.Start: **** ConnSH637540902043664512System.Random
01:30:04.304    (INFO)     Trx.Commit: **C** ConnSH637540902043664512System.Random
01:30:04.304    (INFO)     Trx.Start: **** ConnSH637540902043829321System.Random
01:30:04.304    (INFO)     Trx.Commit: **C** ConnSH637540902043829321System.Random
01:30:04.304    (INFO)     Trx.Start: **** ConnSH637540902043980814System.Random
01:30:04.304    (INFO)     Trx.Commit: **C** ConnSH637540902043980814System.Random
01:30:04.304    (INFO)     Trx.Start: **** ConnSH637540902044134977System.Random
01:30:04.304    (INFO)     Trx.Commit: **C** ConnSH637540902044134977System.Random
01:30:04.304    (INFO)     Trx.Start: **** ConnSH637540902044295258System.Random
01:30:04.304    (INFO)     Trx.Commit: **C** ConnSH637540902044295258System.Random
01:30:04.304    (INFO)     Trx.Start: **** ConnSH637540902044450591System.Random
01:30:04.304    (INFO)     Trx.Commit: **C** ConnSH637540902044450591System.Random
01:30:04.304    (INFO)     Trx.Start: **** ConnSH637540902044580590System.Random
01:30:04.304    (INFO)     Trx.Commit: **C** ConnSH637540902044580590System.Random
01:30:04.304    (INFO)     Trx.Start: **** ConnSH637540902044740591System.Random
01:30:04.304    (INFO)     Trx.Commit: **C** ConnSH637540902044740591System.Random
01:30:04.304    (INFO)     Trx.Start: **** ConnSH637540902044860594System.Random
01:30:04.304    (INFO)     Trx.Commit: **C** ConnSH637540902044860594System.Random
01:30:04.304    (INFO)     Trx.Start: **** ConnSH637540902044990578System.Random
01:30:04.304    (INFO)     Trx.Commit: **C** ConnSH637540902044990578System.Random
01:30:04.304    (INFO)     Trx.Start: **** ConnSH637540902045107796System.Random
01:30:04.304    (INFO)     Trx.Commit: **C** ConnSH637540902045107796System.Random
01:30:04.304    (INFO)     Trx.Start: **** ConnSH637540902045344469System.Random
01:30:04.304    (INFO)     Trx.Commit: **C** ConnSH637540902045344469System.Random
01:30:04.304    (INFO)     Trx.Start: **** ConnSH637540902045474507System.Random
01:30:04.304    (INFO)     Trx.Commit: **C** ConnSH637540902045474507System.Random
01:30:04.304    (INFO)     Trx.Start: **** ConnSH637540902045594496System.Random
01:30:04.304    (INFO)     Trx.Commit: **C** ConnSH637540902045594496System.Random
01:30:04.304    (INFO)     Trx.Start: **** ConnSH637540902045718946System.Random
01:30:04.304    (INFO)     Trx.Commit: **C** ConnSH637540902045718946System.Random
01:30:04.304    (INFO)     Trx.Start: **** ConnSH637540902045839025System.Random
01:30:04.304    (INFO)     Trx.Commit: **C** ConnSH637540902045839025System.Random
01:30:04.304    (INFO)     Trx.Start: **** ConnSH637540902045969035System.Random
01:30:04.304    (INFO)     Trx.Commit: **C** ConnSH637540902045969035System.Random
01:30:04.304    (INFO)     Trx.Start: **** ConnSH637540902046088919System.Random
01:30:04.304    (INFO)     Trx.Commit: **C** ConnSH637540902046088919System.Random
01:30:04.304    (INFO)     Trx.Start: **** ConnSH637540902046209290System.Random
01:30:04.304    (INFO)     Trx.Commit: **C** ConnSH637540902046209290System.Random
01:30:04.304    (INFO)     Trx.Start: **** ConnSH637540902046339102System.Random
01:30:04.304    (INFO)     Trx.Commit: **C** ConnSH637540902046339102System.Random
01:30:04.304    (INFO)     Trx.Start: **** ConnSH637540902046489948System.Random
01:30:04.304    (INFO)     Trx.Commit: **C** ConnSH637540902046489948System.Random
01:30:04.304    (INFO)     Trx.Start: **** ConnSH637540902046640568System.Random
01:30:04.304    (INFO)     Trx.Commit: **C** ConnSH637540902046640568System.Random
01:30:04.304    (INFO)     Trx.Start: **** ConnSH637540902046793827System.Random
01:30:04.304    (INFO)     Trx.Commit: **C** ConnSH637540902046793827System.Random
01:30:04.304    (INFO)     Trx.Start: **** ConnSH637540902046944847System.Random
01:30:04.304    (INFO)     Trx.Commit: **C** ConnSH637540902046944847System.Random
01:30:04.304    (INFO)     Trx.Start: **** ConnSH637540902047097467System.Random
01:30:04.304    (INFO)     Trx.Commit: **C** ConnSH637540902047097467System.Random
01:30:04.304    (INFO)     Trx.Start: **** ConnSH637540902047229784System.Random
01:30:04.304    (INFO)     Trx.Commit: **C** ConnSH637540902047229784System.Random
01:30:04.304    (INFO)     Trx.Start: **** ConnSH637540902047348812System.Random
01:30:04.304    (INFO)     Trx.Commit: **C** ConnSH637540902047348812System.Random
===========>     (SEVERE)   CalculatePenalties.StartProcess: Index was out of range. Must be non-negative and less than the size of the collection.
Parameter name: index
01:30:04.304    (INFO)     CacheMgt.Reset: AD_Process: #1 (1)
01:30:49.304    (INFO)     MRole.Get: AD_Role_ID=0, AD_User_ID=100, reload=True
01:30:49.304    (INFO)     MRole.Get: MRole[0,System Administrator,UserLevel=S  ,AD_Client_ID=0,AD_Org_ID=0]
01:30:49.304    (INFO)     MTree.Load: AD_Tree_ID=121, AD_User_ID=100, Editable=False, OnClient=True
01:30:49.304    (INFO)     Trx.Start: **** ConnSH637540902492103835System.Random
01:30:49.304    (INFO)     Trx.Commit: **C** ConnSH637540902492103835System.Random
----------->     (WARNING)  AccessSqlParser.GetTableInfo: More than one FROM clause - SELECT AppointmentsInfo.Appointmentsinfo_id AS ID,AppointmentsInfo.AD_Client_ID,AppointmentsInfo.AD_Org_ID  FROM AppointmentsInfo JOIN AD_User ON AD_User.AD_User_ID =AppointmentsInfo.CreatedBy WHERE AppointmentsInfo.IsRead='N' AND AppointmentsInfo.istask ='N'  AND AppointmentsInfo.AD_User_ID  = 100  UNION SELECT AppointmentsInfo.Appointmentsinfo_id AS ID, AppointmentsInfo.AD_Client_ID,AppointmentsInfo.AD_Org_ID FROM AppointmentsInfo  JOIN AD_User ON AD_User.AD_User_ID = AppointmentsInfo.CreatedBy  WHERE (AppointmentsInfo.IsRead ='Y'   AND AppointmentsInfo.AD_User_ID = 100 )  AND AppointmentsInfo.istask ='N'  AND AppointmentsInfo.startDate BETWEEN to_date('4/14/21','mm/dd/yy') and to_date('4/22/21 23.59','mm/dd/yy HH24:MI')   OR  to_date('4/15/21','mm/dd/yy')  BETWEEN  AppointmentsInfo.startDate  AND AppointmentsInfo.endDate  AND  AppointmentsInfo.CreatedBy  !=100 AND AppointmentsInfo.AD_User_ID  = 100)
----------->     (WARNING)  AccessSqlParser.GetTableInfo: Could not remove ON AppointmentsInfo JOIN AD_User ON AD_User.AD_User_ID =AppointmentsInfo.CreatedBy
01:30:53.305    (INFO)     Trx.Start: **** ConnSH637540902531696446System.Random
01:30:53.305    (INFO)     Trx.Commit: **C** ConnSH637540902531696446System.Random
01:49:24.492    (INFO)     Trx.Start: **** ConnSH637540913645769075System.Random
01:49:24.492    (INFO)     Trx.Commit: **C** ConnSH637540913645769075System.Random
01:49:38.493    (INFO)     Trx.Start: **** ConnSH637540913789910418System.Random
01:49:38.493    (INFO)     Trx.Commit: **C** ConnSH637540913789910418System.Random
01:50:20.502    (INFO)     Trx.Start: **** ConnSH637540914206196374System.Random
01:50:20.502    (INFO)     Trx.Commit: **C** ConnSH637540914206196374System.Random
01:51:45.514    (INFO)     Trx.Start: **** ConnSH637540915054608494System.Random
01:51:45.514    (INFO)     Trx.Commit: **C** ConnSH637540915054608494System.Random
01:52:09.529    (INFO)     Trx.Start: **** ConnSH637540915292628196System.Random
01:52:09.529    (INFO)     Trx.Commit: **C** ConnSH637540915292628196System.Random
01:53:43.534    (INFO)     Trx.Start: **** ConnSH637540916232183575System.Random
01:53:43.534    (INFO)     Trx.Commit: **C** ConnSH637540916232183575System.Random
01:53:43.534    (INFO)     Trx.Start: **** ConnSH637540916232383530System.Random
01:53:43.534    (INFO)     Trx.Commit: **C** ConnSH637540916232383530System.Random
01:53:43.534    (INFO)     Trx.Start: **** ConnSH637540916232543537System.Random
01:53:43.534    (INFO)     Trx.Commit: **C** ConnSH637540916232543537System.Random
01:53:43.534    (INFO)     Trx.Start: **** ConnSH637540916232693912System.Random
01:53:43.534    (INFO)     Trx.Commit: **C** ConnSH637540916232693912System.Random
01:53:43.534    (INFO)     Trx.Start: **** ConnSH637540916232843891System.Random
01:53:43.534    (INFO)     Trx.Commit: **C** ConnSH637540916232843891System.Random
01:53:43.534    (INFO)     Trx.Start: **** ConnSH637540916232993910System.Random
01:53:43.534    (INFO)     Trx.Commit: **C** ConnSH637540916232993910System.Random
01:53:43.534    (INFO)     Trx.Start: **** ConnSH637540916233133527System.Random
01:53:43.534    (INFO)     Trx.Commit: **C** ConnSH637540916233133527System.Random
01:53:43.534    (INFO)     Trx.Start: **** ConnSH637540916233313545System.Random
01:53:43.534    (INFO)     Trx.Commit: **C** ConnSH637540916233313545System.Random
01:53:43.534    (INFO)     Trx.Start: **** ConnSH637540916233503811System.Random
01:53:43.534    (INFO)     Trx.Commit: **C** ConnSH637540916233503811System.Random
01:53:43.534    (INFO)     Trx.Start: **** ConnSH637540916233653872System.Random
01:53:43.534    (INFO)     Trx.Commit: **C** ConnSH637540916233653872System.Random
01:53:43.534    (INFO)     Trx.Start: **** ConnSH637540916233823560System.Random
01:53:43.534    (INFO)     Trx.Commit: **C** ConnSH637540916233823560System.Random
01:53:43.534    (INFO)     Trx.Start: **** ConnSH637540916233993558System.Random
01:53:43.534    (INFO)     Trx.Commit: **C** ConnSH637540916233993558System.Random
01:53:43.534    (INFO)     Trx.Start: **** ConnSH637540916234143531System.Random
01:53:43.534    (INFO)     Trx.Commit: **C** ConnSH637540916234143531System.Random
01:53:43.534    (INFO)     Trx.Start: **** ConnSH637540916234313558System.Random
01:53:43.534    (INFO)     Trx.Commit: **C** ConnSH637540916234313558System.Random
01:53:43.534    (INFO)     Trx.Start: **** ConnSH637540916234463635System.Random
01:53:43.534    (INFO)     Trx.Commit: **C** ConnSH637540916234463635System.Random
01:53:43.534    (INFO)     Trx.Start: **** ConnSH637540916234583574System.Random
01:53:43.534    (INFO)     Trx.Commit: **C** ConnSH637540916234583574System.Random
01:53:43.534    (INFO)     Trx.Start: **** ConnSH637540916234763574System.Random
01:53:43.534    (INFO)     Trx.Commit: **C** ConnSH637540916234763574System.Random
01:53:43.534    (INFO)     Trx.Start: **** ConnSH637540916234943558System.Random
01:53:43.534    (INFO)     Trx.Commit: **C** ConnSH637540916234943558System.Random
01:53:43.534    (INFO)     Trx.Start: **** ConnSH637540916235133530System.Random
01:53:43.534    (INFO)     Trx.Commit: **C** ConnSH637540916235133530System.Random
01:53:43.534    (INFO)     Trx.Start: **** ConnSH637540916235283519System.Random
01:53:43.534    (INFO)     Trx.Commit: **C** ConnSH637540916235283519System.Random
01:53:43.534    (INFO)     Trx.Start: **** ConnSH637540916235473563System.Random
01:53:43.534    (INFO)     Trx.Commit: **C** ConnSH637540916235473563System.Random
01:53:43.534    (INFO)     Trx.Start: **** ConnSH637540916235633553System.Random
01:53:43.534    (INFO)     Trx.Commit: **C** ConnSH637540916235633553System.Random
01:53:43.534    (INFO)     Trx.Start: **** ConnSH637540916235753554System.Random
01:53:43.534    (INFO)     Trx.Commit: **C** ConnSH637540916235753554System.Random
01:53:43.534    (INFO)     Trx.Start: **** ConnSH637540916235913550System.Random
01:53:43.534    (INFO)     Trx.Commit: **C** ConnSH637540916235913550System.Random
01:53:43.534    (INFO)     Trx.Start: **** ConnSH637540916236063556System.Random
01:53:43.534    (INFO)     Trx.Commit: **C** ConnSH637540916236063556System.Random
01:53:43.534    (INFO)     Trx.Start: **** ConnSH637540916236223560System.Random
01:53:43.534    (INFO)     Trx.Commit: **C** ConnSH637540916236223560System.Random
01:53:43.534    (INFO)     Trx.Start: **** ConnSH637540916236383555System.Random
01:53:43.534    (INFO)     Trx.Commit: **C** ConnSH637540916236383555System.Random
01:53:43.534    (INFO)     Trx.Start: **** ConnSH637540916236553550System.Random
01:53:43.534    (INFO)     Trx.Commit: **C** ConnSH637540916236553550System.Random
01:53:43.534    (INFO)     Trx.Start: **** ConnSH637540916236763529System.Random
01:53:43.534    (INFO)     Trx.Commit: **C** ConnSH637540916236763529System.Random
01:53:43.534    (INFO)     Trx.Start: **** ConnSH637540916236923910System.Random
01:53:43.534    (INFO)     Trx.Commit: **C** ConnSH637540916236923910System.Random
01:53:43.534    (INFO)     Trx.Start: **** ConnSH637540916237073529System.Random
01:53:43.534    (INFO)     Trx.Commit: **C** ConnSH637540916237073529System.Random
01:53:43.534    (INFO)     Trx.Start: **** ConnSH637540916237193522System.Random
01:53:43.534    (INFO)     Trx.Commit: **C** ConnSH637540916237193522System.Random
01:53:43.534    (INFO)     Trx.Start: **** ConnSH637540916237353553System.Random
01:53:43.534    (INFO)     Trx.Commit: **C** ConnSH637540916237353553System.Random
01:53:43.534    (INFO)     Trx.Start: **** ConnSH637540916237493531System.Random
01:53:43.534    (INFO)     Trx.Commit: **C** ConnSH637540916237493531System.Random
01:53:43.534    (INFO)     Trx.Start: **** ConnSH637540916237663522System.Random
01:53:43.534    (INFO)     Trx.Commit: **C** ConnSH637540916237663522System.Random
01:53:43.534    (INFO)     Trx.Start: **** ConnSH637540916237803949System.Random
01:53:43.534    (INFO)     Trx.Commit: **C** ConnSH637540916237803949System.Random
01:53:43.534    (INFO)     Trx.Start: **** ConnSH637540916237963884System.Random
01:53:43.534    (INFO)     Trx.Commit: **C** ConnSH637540916237963884System.Random
01:53:43.534    (INFO)     Trx.Start: **** ConnSH637540916238113530System.Random
01:53:43.534    (INFO)     Trx.Commit: **C** ConnSH637540916238113530System.Random
01:53:43.534    (INFO)     Trx.Start: **** ConnSH637540916238293906System.Random
01:53:43.534    (INFO)     Trx.Commit: **C** ConnSH637540916238293906System.Random
01:53:43.534    (INFO)     Trx.Start: **** ConnSH637540916238413551System.Random
01:53:43.534    (INFO)     Trx.Commit: **C** ConnSH637540916238413551System.Random
01:53:43.534    (INFO)     Trx.Start: **** ConnSH637540916238563876System.Random
01:53:43.534    (INFO)     Trx.Commit: **C** ConnSH637540916238563876System.Random
01:53:43.534    (INFO)     Trx.Start: **** ConnSH637540916238723785System.Random
01:53:43.534    (INFO)     Trx.Commit: **C** ConnSH637540916238723785System.Random
01:53:43.534    (INFO)     Trx.Start: **** ConnSH637540916238863543System.Random
01:53:43.534    (INFO)     Trx.Commit: **C** ConnSH637540916238863543System.Random
01:53:43.534    (INFO)     Trx.Start: **** ConnSH637540916238973529System.Random
01:53:43.534    (INFO)     Trx.Commit: **C** ConnSH637540916238973529System.Random
01:53:43.534    (INFO)     Trx.Start: **** ConnSH637540916239083881System.Random
01:53:43.534    (INFO)     Trx.Commit: **C** ConnSH637540916239083881System.Random
01:53:43.534    (INFO)     Trx.Start: **** ConnSH637540916239263882System.Random
01:53:43.534    (INFO)     Trx.Commit: **C** ConnSH637540916239263882System.Random
01:53:43.534    (INFO)     Trx.Start: **** ConnSH637540916239413880System.Random
01:53:43.534    (INFO)     Trx.Commit: **C** ConnSH637540916239413880System.Random
01:53:43.534    (INFO)     Trx.Start: **** ConnSH637540916239563913System.Random
01:53:43.534    (INFO)     Trx.Commit: **C** ConnSH637540916239563913System.Random
01:53:43.534    (INFO)     Trx.Start: **** ConnSH637540916239713545System.Random
01:53:43.534    (INFO)     Trx.Commit: **C** ConnSH637540916239713545System.Random
01:53:43.534    (INFO)     Trx.Start: **** ConnSH637540916239883518System.Random
01:53:43.534    (INFO)     Trx.Commit: **C** ConnSH637540916239883518System.Random
01:53:44.534    (INFO)     Trx.Start: **** ConnSH637540916240033530System.Random
01:53:44.534    (INFO)     Trx.Commit: **C** ConnSH637540916240033530System.Random
01:53:44.534    (INFO)     Trx.Start: **** ConnSH637540916240153529System.Random
01:53:44.534    (INFO)     Trx.Commit: **C** ConnSH637540916240153529System.Random
01:53:44.534    (INFO)     Trx.Start: **** ConnSH637540916240303530System.Random
01:53:44.534    (INFO)     Trx.Commit: **C** ConnSH637540916240303530System.Random
01:53:44.534    (INFO)     Trx.Start: **** ConnSH637540916240453531System.Random
01:53:44.534    (INFO)     Trx.Commit: **C** ConnSH637540916240453531System.Random
01:53:44.534    (INFO)     Trx.Start: **** ConnSH637540916240583532System.Random
01:53:44.534    (INFO)     Trx.Commit: **C** ConnSH637540916240583532System.Random
01:53:44.534    (INFO)     Trx.Start: **** ConnSH637540916240733545System.Random
01:53:44.534    (INFO)     Trx.Commit: **C** ConnSH637540916240733545System.Random
01:53:44.534    (INFO)     Trx.Start: **** ConnSH637540916240873546System.Random
01:53:44.534    (INFO)     Trx.Commit: **C** ConnSH637540916240873546System.Random
01:53:44.534    (INFO)     Trx.Start: **** ConnSH637540916241023521System.Random
01:53:44.534    (INFO)     Trx.Commit: **C** ConnSH637540916241023521System.Random
01:53:44.534    (INFO)     Trx.Start: **** ConnSH637540916241153519System.Random
01:53:44.534    (INFO)     Trx.Commit: **C** ConnSH637540916241153519System.Random
01:53:44.534    (INFO)     Trx.Start: **** ConnSH637540916241283528System.Random
01:53:44.534    (INFO)     Trx.Commit: **C** ConnSH637540916241283528System.Random
01:53:44.534    (INFO)     Trx.Start: **** ConnSH637540916241473887System.Random
01:53:44.534    (INFO)     Trx.Commit: **C** ConnSH637540916241473887System.Random
01:53:44.534    (INFO)     Trx.Start: **** ConnSH637540916241633890System.Random
01:53:44.534    (INFO)     Trx.Commit: **C** ConnSH637540916241633890System.Random
01:53:44.534    (INFO)     Trx.Start: **** ConnSH637540916241803542System.Random
01:53:44.534    (INFO)     Trx.Commit: **C** ConnSH637540916241803542System.Random
01:53:44.534    (INFO)     Trx.Start: **** ConnSH637540916241943886System.Random
01:53:44.534    (INFO)     Trx.Commit: **C** ConnSH637540916241943886System.Random
01:53:44.534    (INFO)     Trx.Start: **** ConnSH637540916242113529System.Random
01:53:44.534    (INFO)     Trx.Commit: **C** ConnSH637540916242113529System.Random
01:53:44.534    (INFO)     Trx.Start: **** ConnSH637540916242243944System.Random
01:53:44.534    (INFO)     Trx.Commit: **C** ConnSH637540916242243944System.Random
01:53:44.534    (INFO)     Trx.Start: **** ConnSH637540916242383878System.Random
01:53:44.534    (INFO)     Trx.Commit: **C** ConnSH637540916242383878System.Random
01:53:44.534    (INFO)     Trx.Start: **** ConnSH637540916242563882System.Random
01:53:44.534    (INFO)     Trx.Commit: **C** ConnSH637540916242563882System.Random
01:53:44.534    (INFO)     Trx.Start: **** ConnSH637540916242713926System.Random
01:53:44.534    (INFO)     Trx.Commit: **C** ConnSH637540916242713926System.Random
01:53:44.534    (INFO)     Trx.Start: **** ConnSH637540916242853522System.Random
01:53:44.534    (INFO)     Trx.Commit: **C** ConnSH637540916242853522System.Random
01:53:44.534    (INFO)     Trx.Start: **** ConnSH637540916243033885System.Random
01:53:44.534    (INFO)     Trx.Commit: **C** ConnSH637540916243033885System.Random
01:53:44.534    (INFO)     Trx.Start: **** ConnSH637540916243183876System.Random
01:53:44.534    (INFO)     Trx.Commit: **C** ConnSH637540916243183876System.Random
01:53:44.534    (INFO)     Trx.Start: **** ConnSH637540916243303534System.Random
01:53:44.534    (INFO)     Trx.Commit: **C** ConnSH637540916243303534System.Random
01:53:44.534    (INFO)     Trx.Start: **** ConnSH637540916243443909System.Random
01:53:44.534    (INFO)     Trx.Commit: **C** ConnSH637540916243443909System.Random
01:53:44.534    (INFO)     Trx.Start: **** ConnSH637540916243613537System.Random
01:53:44.534    (INFO)     Trx.Commit: **C** ConnSH637540916243613537System.Random
01:53:44.534    (INFO)     Trx.Start: **** ConnSH637540916243783536System.Random
01:53:44.534    (INFO)     Trx.Commit: **C** ConnSH637540916243783536System.Random
01:53:44.534    (INFO)     Trx.Start: **** ConnSH637540916244253882System.Random
01:53:44.534    (INFO)     Trx.Commit: **C** ConnSH637540916244253882System.Random
01:53:44.534    (INFO)     Trx.Start: **** ConnSH637540916244373932System.Random
01:53:44.534    (INFO)     Trx.Commit: **C** ConnSH637540916244373932System.Random
01:53:44.534    (INFO)     Trx.Start: **** ConnSH637540916244493883System.Random
01:53:44.534    (INFO)     Trx.Commit: **C** ConnSH637540916244493883System.Random
01:53:44.534    (INFO)     Trx.Start: **** ConnSH637540916244643881System.Random
01:53:44.534    (INFO)     Trx.Commit: **C** ConnSH637540916244643881System.Random
01:53:44.534    (INFO)     Trx.Start: **** ConnSH637540916244803878System.Random
01:53:44.534    (INFO)     Trx.Commit: **C** ConnSH637540916244803878System.Random
01:53:44.534    (INFO)     Trx.Start: **** ConnSH637540916244953877System.Random
01:53:44.534    (INFO)     Trx.Commit: **C** ConnSH637540916244953877System.Random
01:53:44.534    (INFO)     Trx.Start: **** ConnSH637540916245103879System.Random
01:53:44.534    (INFO)     Trx.Commit: **C** ConnSH637540916245103879System.Random
01:53:44.534    (INFO)     Trx.Start: **** ConnSH637540916245243906System.Random
01:53:44.534    (INFO)     Trx.Commit: **C** ConnSH637540916245243906System.Random
01:53:44.534    (INFO)     Trx.Start: **** ConnSH637540916245423528System.Random
01:53:44.534    (INFO)     Trx.Commit: **C** ConnSH637540916245423528System.Random
01:53:44.534    (INFO)     Trx.Start: **** ConnSH637540916245543634System.Random
01:53:44.534    (INFO)     Trx.Commit: **C** ConnSH637540916245543634System.Random
01:53:44.534    (INFO)     Trx.Start: **** ConnSH637540916245703715System.Random
01:53:44.534    (INFO)     Trx.Commit: **C** ConnSH637540916245703715System.Random
01:53:44.534    (INFO)     Trx.Start: **** ConnSH637540916245843900System.Random
01:53:44.534    (INFO)     Trx.Commit: **C** ConnSH637540916245843900System.Random
01:53:44.534    (INFO)     Trx.Start: **** ConnSH637540916245993520System.Random
01:53:44.534    (INFO)     Trx.Commit: **C** ConnSH637540916245993520System.Random
01:53:44.534    (INFO)     Trx.Start: **** ConnSH637540916246143529System.Random
01:53:44.534    (INFO)     Trx.Commit: **C** ConnSH637540916246143529System.Random
01:53:44.534    (INFO)     Trx.Start: **** ConnSH637540916246303533System.Random
01:53:44.534    (INFO)     Trx.Commit: **C** ConnSH637540916246303533System.Random
01:53:44.534    (INFO)     Trx.Start: **** ConnSH637540916246453524System.Random
01:53:44.534    (INFO)     Trx.Commit: **C** ConnSH637540916246453524System.Random
01:53:44.534    (INFO)     Trx.Start: **** ConnSH637540916246573518System.Random
01:53:44.534    (INFO)     Trx.Commit: **C** ConnSH637540916246573518System.Random
01:53:44.534    (INFO)     Trx.Start: **** ConnSH637540916246713536System.Random
01:53:44.534    (INFO)     Trx.Commit: **C** ConnSH637540916246713536System.Random
01:53:44.534    (INFO)     Trx.Start: **** ConnSH637540916246833942System.Random
01:53:44.534    (INFO)     Trx.Commit: **C** ConnSH637540916246833942System.Random
01:53:44.534    (INFO)     Trx.Start: **** ConnSH637540916246933800System.Random
01:53:44.534    (INFO)     Trx.Commit: **C** ConnSH637540916246933800System.Random
01:53:44.534    (INFO)     Trx.Start: **** ConnSH637540916247053531System.Random
01:53:44.534    (INFO)     Trx.Commit: **C** ConnSH637540916247053531System.Random
01:53:44.534    (INFO)     Trx.Start: **** ConnSH637540916247163900System.Random
01:53:44.534    (INFO)     Trx.Commit: **C** ConnSH637540916247163900System.Random
01:53:44.534    (INFO)     Trx.Start: **** ConnSH637540916247273532System.Random
01:53:44.534    (INFO)     Trx.Commit: **C** ConnSH637540916247273532System.Random
01:53:44.534    (INFO)     Trx.Start: **** ConnSH637540916247383528System.Random
01:53:44.534    (INFO)     Trx.Commit: **C** ConnSH637540916247383528System.Random
01:53:44.534    (INFO)     Trx.Start: **** ConnSH637540916247493877System.Random
01:53:44.534    (INFO)     Trx.Commit: **C** ConnSH637540916247493877System.Random
01:53:44.534    (INFO)     Trx.Start: **** ConnSH637540916247603547System.Random
01:53:44.534    (INFO)     Trx.Commit: **C** ConnSH637540916247603547System.Random
01:53:44.534    (INFO)     Trx.Start: **** ConnSH637540916247713528System.Random
01:53:44.534    (INFO)     Trx.Commit: **C** ConnSH637540916247713528System.Random
01:53:44.534    (INFO)     Trx.Start: **** ConnSH637540916247823550System.Random
01:53:44.534    (INFO)     Trx.Commit: **C** ConnSH637540916247823550System.Random
01:53:44.534    (INFO)     Trx.Start: **** ConnSH637540916247933546System.Random
01:53:44.534    (INFO)     Trx.Commit: **C** ConnSH637540916247933546System.Random
01:53:44.534    (INFO)     Trx.Start: **** ConnSH637540916248113548System.Random
01:53:44.534    (INFO)     Trx.Commit: **C** ConnSH637540916248113548System.Random
01:53:44.534    (INFO)     Trx.Start: **** ConnSH637540916248263540System.Random
01:53:44.534    (INFO)     Trx.Commit: **C** ConnSH637540916248263540System.Random
01:53:44.534    (INFO)     Trx.Start: **** ConnSH637540916248413876System.Random
01:53:44.534    (INFO)     Trx.Commit: **C** ConnSH637540916248413876System.Random
01:53:44.534    (INFO)     Trx.Start: **** ConnSH637540916248563534System.Random
01:53:44.534    (INFO)     Trx.Commit: **C** ConnSH637540916248563534System.Random
01:53:44.534    (INFO)     Trx.Start: **** ConnSH637540916248713554System.Random
01:53:44.534    (INFO)     Trx.Commit: **C** ConnSH637540916248713554System.Random
01:53:44.534    (INFO)     Trx.Start: **** ConnSH637540916248853571System.Random
01:53:44.534    (INFO)     Trx.Commit: **C** ConnSH637540916248853571System.Random
01:53:44.534    (INFO)     Trx.Start: **** ConnSH637540916249023552System.Random
01:53:44.534    (INFO)     Trx.Commit: **C** ConnSH637540916249023552System.Random
01:53:44.534    (INFO)     Trx.Start: **** ConnSH637540916249133910System.Random
01:53:44.534    (INFO)     Trx.Commit: **C** ConnSH637540916249133910System.Random
===========>     (SEVERE)   CalculatePenalties.StartProcess: Index was out of range. Must be non-negative and less than the size of the collection.
Parameter name: index
