*** 4/18/2021 12:49:06 PM VAdvantage Log  ***
12:49:06.496    (INFO)     Trx.Start: **** ConnSH637543469463229652System.Random
12:49:06.496    (INFO)     Trx.Commit: **C** ConnSH637543469463229652System.Random
12:49:06.496    (INFO)     MChangeLog.FillChangeLog: #9
12:49:10.491    (INFO)     Trx.Start: **** ConnSH637543469505122824System.Random
12:49:10.491    (INFO)     Trx.Commit: **C** ConnSH637543469505122824System.Random
12:49:10.491    (INFO)     CacheMgt.Reset: AD_Process: #1 (1)
12:50:22.502    (INFO)     Trx.Start: **** ConnSH637543470224335034System.Random
12:50:22.502    (INFO)     Trx.Commit: **C** ConnSH637543470224335034System.Random
12:56:59.565    (INFO)     Trx.Start: **** ConnSH637543474196732010System.Random
12:56:59.565    (INFO)     Trx.Commit: **C** ConnSH637543474196732010System.Random
12:56:59.565    (INFO)     CacheMgt.Reset: AD_Process: #1 (1)
12:57:12.571    (INFO)     Trx.Start: **** ConnSH637543474326004169System.Random
12:57:12.571    (INFO)     Trx.Commit: **C** ConnSH637543474326004169System.Random
12:57:13.571    (INFO)     Trx.Start: **** ConnSH637543474331367792System.Random
12:57:13.571    (INFO)     Trx.Commit: **C** ConnSH637543474331367792System.Random
12:57:13.571    (INFO)     CacheMgt.Reset: AD_Process: #1 (1)
12:57:27.572    (INFO)     Trx.Start: **** ConnSH637543474476135580System.Random
12:57:27.572    (INFO)     Trx.Commit: **C** ConnSH637543474476135580System.Random
12:57:49.574    (INFO)     Trx.Start: **** ConnSH637543474692259580System.Random
12:57:49.574    (INFO)     Trx.Commit: **C** ConnSH637543474692259580System.Random
