*** 4/15/2021 11:25:57 AM VAdvantage Log  ***
11:25:57.255    (INFO)     Trx.Start: **** ConnSH637540827570099507System.Random
11:25:57.255    (INFO)     Trx.Commit: **C** ConnSH637540827570099507System.Random
11:25:57.255    (INFO)     MChangeLog.FillChangeLog: #9
11:25:57.255    (INFO)     Trx.Start: **** ConnSH637540827570905895System.Random
11:25:57.255    (INFO)     Trx.Commit: **C** ConnSH637540827570905895System.Random
11:25:57.255    (INFO)     Trx.Start: **** ConnSH637540827571035493System.Random
11:25:57.255    (INFO)     Trx.Commit: **C** ConnSH637540827571035493System.Random
11:25:57.255    (INFO)     Trx.Start: **** ConnSH637540827571155501System.Random
11:25:57.255    (INFO)     Trx.Commit: **C** ConnSH637540827571155501System.Random
11:25:57.255    (INFO)     Trx.Start: **** ConnSH637540827571305866System.Random
11:25:57.255    (INFO)     Trx.Commit: **C** ConnSH637540827571305866System.Random
11:25:57.255    (INFO)     Trx.Start: **** ConnSH637540827571405855System.Random
11:25:57.255    (INFO)     Trx.Commit: **C** ConnSH637540827571405855System.Random
11:25:57.255    (INFO)     Trx.Start: **** ConnSH637540827571518251System.Random
11:25:57.255    (INFO)     Trx.Commit: **C** ConnSH637540827571518251System.Random
11:25:57.255    (INFO)     Trx.Start: **** ConnSH637540827571638220System.Random
11:25:57.255    (INFO)     Trx.Commit: **C** ConnSH637540827571638220System.Random
11:25:57.255    (INFO)     Trx.Start: **** ConnSH637540827571734083System.Random
11:25:57.255    (INFO)     Trx.Commit: **C** ConnSH637540827571734083System.Random
11:25:57.255    (INFO)     Trx.Start: **** ConnSH637540827571824084System.Random
11:25:57.255    (INFO)     Trx.Commit: **C** ConnSH637540827571824084System.Random
11:25:57.255    (INFO)     Trx.Start: **** ConnSH637540827571917315System.Random
11:25:57.255    (INFO)     Trx.Commit: **C** ConnSH637540827571917315System.Random
11:25:57.255    (INFO)     Trx.Start: **** ConnSH637540827572017422System.Random
11:25:57.255    (INFO)     Trx.Commit: **C** ConnSH637540827572017422System.Random
11:25:57.255    (INFO)     Trx.Start: **** ConnSH637540827572125519System.Random
11:25:57.255    (INFO)     Trx.Commit: **C** ConnSH637540827572125519System.Random
11:25:57.255    (INFO)     Trx.Start: **** ConnSH637540827572255770System.Random
11:25:57.255    (INFO)     Trx.Commit: **C** ConnSH637540827572255770System.Random
11:25:57.255    (INFO)     Trx.Start: **** ConnSH637540827572385001System.Random
11:25:57.255    (INFO)     Trx.Commit: **C** ConnSH637540827572385001System.Random
11:25:57.255    (INFO)     Trx.Start: **** ConnSH637540827572477158System.Random
11:25:57.255    (INFO)     Trx.Commit: **C** ConnSH637540827572477158System.Random
11:25:57.255    (INFO)     Trx.Start: **** ConnSH637540827572572087System.Random
11:25:57.255    (INFO)     Trx.Commit: **C** ConnSH637540827572572087System.Random
11:25:57.255    (INFO)     Trx.Start: **** ConnSH637540827572670310System.Random
11:25:57.255    (INFO)     Trx.Commit: **C** ConnSH637540827572670310System.Random
11:25:57.255    (INFO)     Trx.Start: **** ConnSH637540827572762752System.Random
11:25:57.255    (INFO)     Trx.Commit: **C** ConnSH637540827572762752System.Random
11:25:57.255    (INFO)     Trx.Start: **** ConnSH637540827572852797System.Random
11:25:57.255    (INFO)     Trx.Commit: **C** ConnSH637540827572852797System.Random
11:25:57.255    (INFO)     Trx.Start: **** ConnSH637540827572942289System.Random
11:25:57.255    (INFO)     Trx.Commit: **C** ConnSH637540827572942289System.Random
11:25:57.255    (INFO)     Trx.Start: **** ConnSH637540827573032292System.Random
11:25:57.255    (INFO)     Trx.Commit: **C** ConnSH637540827573032292System.Random
11:25:57.255    (INFO)     Trx.Start: **** ConnSH637540827573187110System.Random
11:25:57.255    (INFO)     Trx.Commit: **C** ConnSH637540827573187110System.Random
11:25:57.255    (INFO)     Trx.Start: **** ConnSH637540827573317372System.Random
11:25:57.255    (INFO)     Trx.Commit: **C** ConnSH637540827573317372System.Random
11:25:57.255    (INFO)     Trx.Start: **** ConnSH637540827573447347System.Random
11:25:57.255    (INFO)     Trx.Commit: **C** ConnSH637540827573447347System.Random
11:25:57.255    (INFO)     Trx.Start: **** ConnSH637540827573542550System.Random
11:25:57.255    (INFO)     Trx.Commit: **C** ConnSH637540827573542550System.Random
11:25:57.255    (INFO)     Trx.Start: **** ConnSH637540827573632552System.Random
11:25:57.255    (INFO)     Trx.Commit: **C** ConnSH637540827573632552System.Random
11:25:57.255    (INFO)     Trx.Start: **** ConnSH637540827573737267System.Random
11:25:57.255    (INFO)     Trx.Commit: **C** ConnSH637540827573737267System.Random
11:25:57.255    (INFO)     Trx.Start: **** ConnSH637540827573827251System.Random
11:25:57.255    (INFO)     Trx.Commit: **C** ConnSH637540827573827251System.Random
11:25:57.255    (INFO)     Trx.Start: **** ConnSH637540827573927258System.Random
11:25:57.255    (INFO)     Trx.Commit: **C** ConnSH637540827573927258System.Random
11:25:57.255    (INFO)     Trx.Start: **** ConnSH637540827574044119System.Random
11:25:57.255    (INFO)     Trx.Commit: **C** ConnSH637540827574044119System.Random
11:25:57.255    (INFO)     Trx.Start: **** ConnSH637540827574144137System.Random
11:25:57.255    (INFO)     Trx.Commit: **C** ConnSH637540827574144137System.Random
11:25:57.255    (INFO)     Trx.Start: **** ConnSH637540827574244704System.Random
11:25:57.255    (INFO)     Trx.Commit: **C** ConnSH637540827574244704System.Random
11:25:57.255    (INFO)     Trx.Start: **** ConnSH637540827574344719System.Random
11:25:57.255    (INFO)     Trx.Commit: **C** ConnSH637540827574344719System.Random
11:25:57.255    (INFO)     Trx.Start: **** ConnSH637540827574442435System.Random
11:25:57.255    (INFO)     Trx.Commit: **C** ConnSH637540827574442435System.Random
11:25:57.255    (INFO)     Trx.Start: **** ConnSH637540827574542386System.Random
11:25:57.255    (INFO)     Trx.Commit: **C** ConnSH637540827574542386System.Random
11:25:57.255    (INFO)     Trx.Start: **** ConnSH637540827574635959System.Random
11:25:57.255    (INFO)     Trx.Commit: **C** ConnSH637540827574635959System.Random
11:25:57.255    (INFO)     Trx.Start: **** ConnSH637540827574735957System.Random
11:25:57.255    (INFO)     Trx.Commit: **C** ConnSH637540827574735957System.Random
11:25:57.255    (INFO)     Trx.Start: **** ConnSH637540827574836005System.Random
11:25:57.255    (INFO)     Trx.Commit: **C** ConnSH637540827574836005System.Random
11:25:57.255    (INFO)     Trx.Start: **** ConnSH637540827574935417System.Random
11:25:57.255    (INFO)     Trx.Commit: **C** ConnSH637540827574935417System.Random
11:25:57.255    (INFO)     Trx.Start: **** ConnSH637540827575067250System.Random
11:25:57.255    (INFO)     Trx.Commit: **C** ConnSH637540827575067250System.Random
11:25:57.255    (INFO)     Trx.Start: **** ConnSH637540827575147226System.Random
11:25:57.255    (INFO)     Trx.Commit: **C** ConnSH637540827575147226System.Random
11:25:57.255    (INFO)     Trx.Start: **** ConnSH637540827575244868System.Random
11:25:57.255    (INFO)     Trx.Commit: **C** ConnSH637540827575244868System.Random
11:25:57.255    (INFO)     Trx.Start: **** ConnSH637540827575324868System.Random
11:25:57.255    (INFO)     Trx.Commit: **C** ConnSH637540827575324868System.Random
11:25:57.255    (INFO)     Trx.Start: **** ConnSH637540827575454865System.Random
11:25:57.255    (INFO)     Trx.Commit: **C** ConnSH637540827575454865System.Random
11:25:57.255    (INFO)     Trx.Start: **** ConnSH637540827575545190System.Random
11:25:57.255    (INFO)     Trx.Commit: **C** ConnSH637540827575545190System.Random
11:25:57.255    (INFO)     Trx.Start: **** ConnSH637540827575642005System.Random
11:25:57.255    (INFO)     Trx.Commit: **C** ConnSH637540827575642005System.Random
11:25:57.255    (INFO)     Trx.Start: **** ConnSH637540827575732288System.Random
11:25:57.255    (INFO)     Trx.Commit: **C** ConnSH637540827575732288System.Random
11:25:57.255    (INFO)     Trx.Start: **** ConnSH637540827575820237System.Random
11:25:57.255    (INFO)     Trx.Commit: **C** ConnSH637540827575820237System.Random
11:25:57.255    (INFO)     Trx.Start: **** ConnSH637540827575910165System.Random
11:25:57.255    (INFO)     Trx.Commit: **C** ConnSH637540827575910165System.Random
11:25:57.255    (INFO)     Trx.Start: **** ConnSH637540827576000463System.Random
11:25:57.255    (INFO)     Trx.Commit: **C** ConnSH637540827576000463System.Random
11:25:57.255    (INFO)     Trx.Start: **** ConnSH637540827576140484System.Random
11:25:57.255    (INFO)     Trx.Commit: **C** ConnSH637540827576140484System.Random
11:25:57.255    (INFO)     Trx.Start: **** ConnSH637540827576238997System.Random
11:25:57.255    (INFO)     Trx.Commit: **C** ConnSH637540827576238997System.Random
11:25:57.255    (INFO)     Trx.Start: **** ConnSH637540827576334387System.Random
11:25:57.255    (INFO)     Trx.Commit: **C** ConnSH637540827576334387System.Random
11:25:57.255    (INFO)     Trx.Start: **** ConnSH637540827576434389System.Random
11:25:57.255    (INFO)     Trx.Commit: **C** ConnSH637540827576434389System.Random
11:25:57.255    (INFO)     Trx.Start: **** ConnSH637540827576565676System.Random
11:25:57.255    (INFO)     Trx.Commit: **C** ConnSH637540827576565676System.Random
11:25:57.255    (INFO)     Trx.Start: **** ConnSH637540827576656670System.Random
11:25:57.255    (INFO)     Trx.Commit: **C** ConnSH637540827576656670System.Random
11:25:57.255    (INFO)     Trx.Start: **** ConnSH637540827576766671System.Random
11:25:57.255    (INFO)     Trx.Commit: **C** ConnSH637540827576766671System.Random
11:25:57.255    (INFO)     Trx.Start: **** ConnSH637540827577807015System.Random
11:25:57.255    (INFO)     Trx.Commit: **C** ConnSH637540827577807015System.Random
11:25:57.255    (INFO)     Trx.Start: **** ConnSH637540827577897015System.Random
11:25:57.255    (INFO)     Trx.Commit: **C** ConnSH637540827577897015System.Random
11:25:57.255    (INFO)     Trx.Start: **** ConnSH637540827578011938System.Random
11:25:57.255    (INFO)     Trx.Commit: **C** ConnSH637540827578011938System.Random
11:25:57.255    (INFO)     Trx.Start: **** ConnSH637540827578105671System.Random
11:25:57.255    (INFO)     Trx.Commit: **C** ConnSH637540827578105671System.Random
11:25:57.255    (INFO)     Trx.Start: **** ConnSH637540827578195674System.Random
11:25:57.255    (INFO)     Trx.Commit: **C** ConnSH637540827578195674System.Random
11:25:57.255    (INFO)     Trx.Start: **** ConnSH637540827578301596System.Random
11:25:57.255    (INFO)     Trx.Commit: **C** ConnSH637540827578301596System.Random
11:25:57.255    (INFO)     Trx.Start: **** ConnSH637540827578401601System.Random
11:25:57.255    (INFO)     Trx.Commit: **C** ConnSH637540827578401601System.Random
11:25:57.255    (INFO)     Trx.Start: **** ConnSH637540827578507509System.Random
11:25:57.255    (INFO)     Trx.Commit: **C** ConnSH637540827578507509System.Random
11:25:57.255    (INFO)     Trx.Start: **** ConnSH637540827578637256System.Random
11:25:57.255    (INFO)     Trx.Commit: **C** ConnSH637540827578637256System.Random
11:25:57.255    (INFO)     Trx.Start: **** ConnSH637540827578737239System.Random
11:25:57.255    (INFO)     Trx.Commit: **C** ConnSH637540827578737239System.Random
11:25:57.255    (INFO)     Trx.Start: **** ConnSH637540827578827253System.Random
11:25:57.255    (INFO)     Trx.Commit: **C** ConnSH637540827578827253System.Random
11:25:57.255    (INFO)     Trx.Start: **** ConnSH637540827578923435System.Random
11:25:57.255    (INFO)     Trx.Commit: **C** ConnSH637540827578923435System.Random
11:25:57.255    (INFO)     Trx.Start: **** ConnSH637540827579053897System.Random
11:25:57.255    (INFO)     Trx.Commit: **C** ConnSH637540827579053897System.Random
11:25:57.255    (INFO)     Trx.Start: **** ConnSH637540827579141118System.Random
11:25:57.255    (INFO)     Trx.Commit: **C** ConnSH637540827579141118System.Random
11:25:57.255    (INFO)     Trx.Start: **** ConnSH637540827579241194System.Random
11:25:57.255    (INFO)     Trx.Commit: **C** ConnSH637540827579241194System.Random
11:25:57.255    (INFO)     Trx.Start: **** ConnSH637540827579367833System.Random
11:25:57.255    (INFO)     Trx.Commit: **C** ConnSH637540827579367833System.Random
11:25:57.255    (INFO)     Trx.Start: **** ConnSH637540827579471029System.Random
11:25:57.255    (INFO)     Trx.Commit: **C** ConnSH637540827579471029System.Random
11:25:57.255    (INFO)     Trx.Start: **** ConnSH637540827579569951System.Random
11:25:57.255    (INFO)     Trx.Commit: **C** ConnSH637540827579569951System.Random
11:25:57.255    (INFO)     Trx.Start: **** ConnSH637540827579750815System.Random
11:25:57.255    (INFO)     Trx.Commit: **C** ConnSH637540827579750815System.Random
11:25:57.255    (INFO)     Trx.Start: **** ConnSH637540827579860816System.Random
11:25:57.255    (INFO)     Trx.Commit: **C** ConnSH637540827579860816System.Random
11:25:57.255    (INFO)     Trx.Start: **** ConnSH637540827579958302System.Random
11:25:58.255    (INFO)     Trx.Commit: **C** ConnSH637540827579958302System.Random
11:25:58.255    (INFO)     Trx.Start: **** ConnSH637540827580058287System.Random
11:25:58.255    (INFO)     Trx.Commit: **C** ConnSH637540827580058287System.Random
11:25:58.255    (INFO)     Trx.Start: **** ConnSH637540827580183509System.Random
11:25:58.255    (INFO)     Trx.Commit: **C** ConnSH637540827580183509System.Random
11:25:58.255    (INFO)     Trx.Start: **** ConnSH637540827580318617System.Random
11:25:58.255    (INFO)     Trx.Commit: **C** ConnSH637540827580318617System.Random
11:25:58.255    (INFO)     Trx.Start: **** ConnSH637540827580453714System.Random
11:25:58.255    (INFO)     Trx.Commit: **C** ConnSH637540827580453714System.Random
11:25:58.255    (INFO)     Trx.Start: **** ConnSH637540827580553314System.Random
11:25:58.255    (INFO)     Trx.Commit: **C** ConnSH637540827580553314System.Random
11:25:58.255    (INFO)     Trx.Start: **** ConnSH637540827580643331System.Random
11:25:58.255    (INFO)     Trx.Commit: **C** ConnSH637540827580643331System.Random
11:25:58.255    (INFO)     Trx.Start: **** ConnSH637540827580743586System.Random
11:25:58.255    (INFO)     Trx.Commit: **C** ConnSH637540827580743586System.Random
11:25:58.255    (INFO)     Trx.Start: **** ConnSH637540827580833324System.Random
11:25:58.255    (INFO)     Trx.Commit: **C** ConnSH637540827580833324System.Random
11:25:58.255    (INFO)     Trx.Start: **** ConnSH637540827580941884System.Random
11:25:58.255    (INFO)     Trx.Commit: **C** ConnSH637540827580941884System.Random
11:25:58.255    (INFO)     Trx.Start: **** ConnSH637540827581047912System.Random
11:25:58.255    (INFO)     Trx.Commit: **C** ConnSH637540827581047912System.Random
11:25:58.255    (INFO)     Trx.Start: **** ConnSH637540827581147310System.Random
11:25:58.255    (INFO)     Trx.Commit: **C** ConnSH637540827581147310System.Random
11:25:58.255    (INFO)     Trx.Start: **** ConnSH637540827581283897System.Random
11:25:58.255    (INFO)     Trx.Commit: **C** ConnSH637540827581283897System.Random
11:25:58.255    (INFO)     Trx.Start: **** ConnSH637540827581384424System.Random
11:25:58.255    (INFO)     Trx.Commit: **C** ConnSH637540827581384424System.Random
11:25:58.255    (INFO)     Trx.Start: **** ConnSH637540827581469139System.Random
11:25:58.255    (INFO)     Trx.Commit: **C** ConnSH637540827581469139System.Random
11:25:58.255    (INFO)     Trx.Start: **** ConnSH637540827581559123System.Random
11:25:58.255    (INFO)     Trx.Commit: **C** ConnSH637540827581559123System.Random
11:25:58.255    (INFO)     Trx.Start: **** ConnSH637540827581652410System.Random
11:25:58.255    (INFO)     Trx.Commit: **C** ConnSH637540827581652410System.Random
11:25:58.255    (INFO)     Trx.Start: **** ConnSH637540827581752409System.Random
11:25:58.255    (INFO)     Trx.Commit: **C** ConnSH637540827581752409System.Random
11:25:58.255    (INFO)     Trx.Start: **** ConnSH637540827581845524System.Random
11:25:58.255    (INFO)     Trx.Commit: **C** ConnSH637540827581845524System.Random
11:25:58.255    (INFO)     Trx.Start: **** ConnSH637540827581935028System.Random
11:25:58.255    (INFO)     Trx.Commit: **C** ConnSH637540827581935028System.Random
11:25:58.255    (INFO)     Trx.Start: **** ConnSH637540827582025073System.Random
11:25:58.255    (INFO)     Trx.Commit: **C** ConnSH637540827582025073System.Random
11:25:58.255    (INFO)     Trx.Start: **** ConnSH637540827582121916System.Random
11:25:58.255    (INFO)     Trx.Commit: **C** ConnSH637540827582121916System.Random
11:25:58.255    (INFO)     Trx.Start: **** ConnSH637540827582222070System.Random
11:25:58.255    (INFO)     Trx.Commit: **C** ConnSH637540827582222070System.Random
11:25:58.255    (INFO)     Trx.Start: **** ConnSH637540827582315406System.Random
11:25:58.255    (INFO)     Trx.Commit: **C** ConnSH637540827582315406System.Random
11:25:58.255    (INFO)     Trx.Start: **** ConnSH637540827582407125System.Random
11:25:58.255    (INFO)     Trx.Commit: **C** ConnSH637540827582407125System.Random
11:25:58.255    (INFO)     Trx.Start: **** ConnSH637540827582497377System.Random
11:25:58.255    (INFO)     Trx.Commit: **C** ConnSH637540827582497377System.Random
11:25:58.255    (INFO)     Trx.Start: **** ConnSH637540827582588742System.Random
11:25:58.255    (INFO)     Trx.Commit: **C** ConnSH637540827582588742System.Random
11:25:58.255    (INFO)     Trx.Start: **** ConnSH637540827582678343System.Random
11:25:58.255    (INFO)     Trx.Commit: **C** ConnSH637540827582678343System.Random
11:25:58.255    (INFO)     Trx.Start: **** ConnSH637540827582774727System.Random
11:25:58.255    (INFO)     Trx.Commit: **C** ConnSH637540827582774727System.Random
11:25:58.255    (INFO)     Trx.Start: **** ConnSH637540827582864456System.Random
11:25:58.255    (INFO)     Trx.Commit: **C** ConnSH637540827582864456System.Random
11:25:58.255    (INFO)     Trx.Start: **** ConnSH637540827582958232System.Random
11:25:58.255    (INFO)     Trx.Commit: **C** ConnSH637540827582958232System.Random
11:25:58.255    (INFO)     Trx.Start: **** ConnSH637540827583045785System.Random
11:25:58.255    (INFO)     Trx.Commit: **C** ConnSH637540827583045785System.Random
11:25:58.255    (INFO)     Trx.Start: **** ConnSH637540827583135788System.Random
11:25:58.255    (INFO)     Trx.Commit: **C** ConnSH637540827583135788System.Random
11:25:58.255    (INFO)     Trx.Start: **** ConnSH637540827583249199System.Random
11:25:58.255    (INFO)     Trx.Commit: **C** ConnSH637540827583249199System.Random
11:25:58.255    (INFO)     Trx.Start: **** ConnSH637540827583329199System.Random
11:25:58.255    (INFO)     Trx.Commit: **C** ConnSH637540827583329199System.Random
11:25:58.255    (INFO)     Trx.Start: **** ConnSH637540827583412092System.Random
11:25:58.255    (INFO)     Trx.Commit: **C** ConnSH637540827583412092System.Random
11:25:58.255    (INFO)     Trx.Start: **** ConnSH637540827583502084System.Random
11:25:58.255    (INFO)     Trx.Commit: **C** ConnSH637540827583502084System.Random
11:25:58.255    (INFO)     Trx.Start: **** ConnSH637540827583592106System.Random
11:25:58.255    (INFO)     Trx.Commit: **C** ConnSH637540827583592106System.Random
11:25:58.255    (INFO)     Trx.Start: **** ConnSH637540827583682101System.Random
11:25:58.255    (INFO)     Trx.Commit: **C** ConnSH637540827583682101System.Random
===========>     (SEVERE)   CalculatePenalties.StartProcess: Index was out of range. Must be non-negative and less than the size of the collection.
Parameter name: index
