*** 5/16/2021 7:35:14 PM VAdvantage Log  ***
07:35:14.351    (INFO)     Trx.Start: **** ConnSH637567905143342510System.Random
07:35:14.351    (INFO)     Trx.Commit: **C** ConnSH637567905143342510System.Random
07:35:14.351    (INFO)     MChangeLog.FillChangeLog: #9
===========>     (SEVERE)   OracleHelper.ExecuteReader: ORA-01756: quoted string not properly terminated [Query DR] SELECT VAHRUAE_HR_LEAVEDETAIL_ID FROM VAHRUAE_HR_LEAVEDETAIL WHERE C_BPARTNER_ID = 1006731AND VAHRUAE_APPROVE = 'Y' AND VAHRUAE_DATE1= '20-DEC-20
===========>     (SEVERE)   OracleHelper.ExecuteReader: ORA-01756: quoted string not properly terminated [Query DR] SELECT VAHRUAE_HR_LEAVEDETAIL_ID FROM VAHRUAE_HR_LEAVEDETAIL WHERE C_BPARTNER_ID = 1006731AND VAHRUAE_APPROVE = 'Y' AND VAHRUAE_DATE1= '20-DEC-20
===========>     (SEVERE)   PO.DoIt: SELECT VAHRUAE_HR_LEAVEDETAIL_ID FROM VAHRUAE_HR_LEAVEDETAIL WHERE C_BPARTNER_ID = 1006731AND VAHRUAE_APPROVE = 'Y' AND VAHRUAE_DATE1= '20-DEC-20 => ORA-01756: quoted string not properly terminated
07:35:14.351    (INFO)     Trx.Start: **** ConnSH637567905144827743System.Random
07:35:14.351    (INFO)     Trx.Commit: **C** ConnSH637567905144827743System.Random
07:35:14.351    (INFO)     Trx.Start: **** ConnSH637567905144937748System.Random
07:35:14.351    (INFO)     Trx.Commit: **C** ConnSH637567905144937748System.Random
07:35:14.351    (INFO)     Trx.Start: **** ConnSH637567905145107751System.Random
07:35:14.351    (INFO)     Trx.Commit: **C** ConnSH637567905145107751System.Random
07:35:14.351    (INFO)     Trx.Start: **** ConnDDH637567905145318178System.Random
07:35:14.351    (INFO)     Trx.ExecuteDataSet: Trx Dataset ConnDDH637567905145318178System.Random 6
07:35:14.351    (INFO)     Trx.ExecuteQuery: Trx non-query ConnDDH637567905145318178System.Random 6
07:35:14.351    (INFO)     Trx.Commit: **C** ConnDDH637567905145318178System.Random
07:35:14.351    (INFO)     Trx.Start: **** ConnSH637567905145725496System.Random
07:35:14.351    (INFO)     Trx.Commit: **C** ConnSH637567905145725496System.Random
07:35:14.351    (INFO)     Trx.Start: **** ConnSH637567905146045485System.Random
07:35:14.351    (INFO)     Trx.Commit: **C** ConnSH637567905146045485System.Random
07:35:14.351    (INFO)     Trx.Start: **** ConnSH637567905146295501System.Random
07:35:14.351    (INFO)     Trx.Commit: **C** ConnSH637567905146295501System.Random
07:35:14.351    (INFO)     Trx.Start: **** ConnSH637567905146626127System.Random
07:35:14.351    (INFO)     Trx.Commit: **C** ConnSH637567905146626127System.Random
07:35:14.351    (INFO)     Trx.Start: **** ConnSH637567905146956145System.Random
07:35:14.351    (INFO)     Trx.Commit: **C** ConnSH637567905146956145System.Random
07:35:14.351    (INFO)     Trx.Start: **** ConnSH637567905147246159System.Random
07:35:14.351    (INFO)     Trx.Commit: **C** ConnSH637567905147246159System.Random
===========>     (SEVERE)   OracleHelper.ExecuteReader: ORA-00904: "VAHRUAE_LEAVE_TYPE": invalid identifier [Query DR] SELECT VAHRUAE_HR_LeaveDetail_ID FROM VAHRUAE_HR_LeaveDetail WHERE C_BPartner_ID = 1006731 AND VAHRUAE_LEAVE_TYPE = 'SL' AND VAHRUAE_Date1 >= '01-JAN-2020' AND VAHRUAE_DATE1 <= '31-DEC2020'
===========>     (SEVERE)   OracleHelper.ExecuteReader: ORA-00904: "VAHRUAE_LEAVE_TYPE": invalid identifier [Query DR] SELECT VAHRUAE_HR_LeaveDetail_ID FROM VAHRUAE_HR_LeaveDetail WHERE C_BPartner_ID = 1006731 AND VAHRUAE_LEAVE_TYPE = 'SL' AND VAHRUAE_Date1 >= '01-JAN-2020' AND VAHRUAE_DATE1 <= '31-DEC2020'
===========>     (SEVERE)   PO.LeaveDaysDeduction: SELECT VAHRUAE_HR_LeaveDetail_ID FROM VAHRUAE_HR_LeaveDetail WHERE C_BPartner_ID = 1006731 AND VAHRUAE_LEAVE_TYPE = 'SL' AND VAHRUAE_Date1 >= '01-JAN-2020' AND VAHRUAE_DATE1 <= '31-DEC2020' => ORA-00904: "VAHRUAE_LEAVE_TYPE": invalid identifier
