*** 5/15/2021 7:25:33 PM VAdvantage Log  ***
07:25:33.253    (INFO)     Trx.Start: **** ConnSH637567035334904447System.Random
07:25:33.253    (INFO)     Trx.Commit: **C** ConnSH637567035334904447System.Random
07:25:33.253    (INFO)     MChangeLog.FillChangeLog: #9
===========>     (SEVERE)   OracleHelper.ExecuteReader: ORA-01756: quoted string not properly terminated [Query DR] SELECT VAHRUAE_HR_LEAVEDETAIL_ID FROM VAHRUAE_HR_LEAVEDETAIL WHERE C_BPARTNER_ID = 1006731AND VAHRUAE_APPROVE = 'Y' AND VAHRUAE_DATE1= '20-DEC-20
===========>     (SEVERE)   OracleHelper.ExecuteReader: ORA-01756: quoted string not properly terminated [Query DR] SELECT VAHRUAE_HR_LEAVEDETAIL_ID FROM VAHRUAE_HR_LEAVEDETAIL WHERE C_BPARTNER_ID = 1006731AND VAHRUAE_APPROVE = 'Y' AND VAHRUAE_DATE1= '20-DEC-20
===========>     (SEVERE)   PO.DoIt: SELECT VAHRUAE_HR_LEAVEDETAIL_ID FROM VAHRUAE_HR_LEAVEDETAIL WHERE C_BPARTNER_ID = 1006731AND VAHRUAE_APPROVE = 'Y' AND VAHRUAE_DATE1= '20-DEC-20 => ORA-01756: quoted string not properly terminated
07:25:33.253    (INFO)     Trx.Start: **** ConnSH637567035336544128System.Random
07:25:33.253    (INFO)     Trx.Commit: **C** ConnSH637567035336544128System.Random
07:25:33.253    (INFO)     Trx.Start: **** ConnSH637567035336814106System.Random
07:25:33.253    (INFO)     Trx.Commit: **C** ConnSH637567035336814106System.Random
07:25:33.253    (INFO)     Trx.Start: **** ConnSH637567035336954146System.Random
07:25:33.253    (INFO)     Trx.Commit: **C** ConnSH637567035336954146System.Random
07:25:33.253    (INFO)     Trx.Start: **** ConnSH637567035337234076System.Random
07:25:33.253    (INFO)     Trx.Commit: **C** ConnSH637567035337234076System.Random
07:25:33.253    (INFO)     Trx.Start: **** ConnSH637567035337364089System.Random
07:25:33.253    (INFO)     Trx.Commit: **C** ConnSH637567035337364089System.Random
07:25:33.253    (INFO)     Trx.Start: **** ConnSH637567035337594097System.Random
07:25:33.253    (INFO)     Trx.Commit: **C** ConnSH637567035337594097System.Random
07:25:33.253    (INFO)     Trx.Start: **** ConnSH637567035337704109System.Random
07:25:33.253    (INFO)     Trx.Commit: **C** ConnSH637567035337704109System.Random
07:25:33.253    (INFO)     Trx.Start: **** ConnSH637567035337934072System.Random
07:25:33.253    (INFO)     Trx.Commit: **C** ConnSH637567035337934072System.Random
07:25:33.253    (INFO)     Trx.Start: **** ConnSH637567035338034108System.Random
07:25:33.253    (INFO)     Trx.Commit: **C** ConnSH637567035338034108System.Random
07:25:33.253    (INFO)     Trx.Start: **** ConnSH637567035338274104System.Random
07:25:33.253    (INFO)     Trx.Commit: **C** ConnSH637567035338274104System.Random
07:25:33.253    (INFO)     Trx.Start: **** ConnSH637567035338374081System.Random
07:25:33.253    (INFO)     Trx.Commit: **C** ConnSH637567035338374081System.Random
07:25:33.253    (INFO)     Trx.Start: **** ConnSH637567035338654090System.Random
07:25:33.253    (INFO)     Trx.Commit: **C** ConnSH637567035338654090System.Random
07:25:33.253    (INFO)     Trx.Start: **** ConnSH637567035338774086System.Random
07:25:33.253    (INFO)     Trx.Commit: **C** ConnSH637567035338774086System.Random
07:25:33.253    (INFO)     Trx.Start: **** ConnSH637567035338884098System.Random
07:25:33.253    (INFO)     Trx.Commit: **C** ConnSH637567035338884098System.Random
07:25:33.253    (INFO)     Trx.Start: **** ConnSH637567035339124117System.Random
07:25:33.253    (INFO)     Trx.Commit: **C** ConnSH637567035339124117System.Random
07:25:33.253    (INFO)     Trx.Start: **** ConnSH637567035339224081System.Random
07:25:33.253    (INFO)     Trx.Commit: **C** ConnSH637567035339224081System.Random
07:25:33.253    (INFO)     Trx.Start: **** ConnSH637567035339464090System.Random
07:25:33.253    (INFO)     Trx.Commit: **C** ConnSH637567035339464090System.Random
07:25:33.253    (INFO)     Trx.Start: **** ConnSH637567035339704131System.Random
07:25:33.253    (INFO)     Trx.Commit: **C** ConnSH637567035339704131System.Random
07:25:33.253    (INFO)     Trx.Start: **** ConnSH637567035339834104System.Random
07:25:33.253    (INFO)     Trx.Commit: **C** ConnSH637567035339834104System.Random
07:25:34.253    (INFO)     Trx.Start: **** ConnSH637567035340064098System.Random
07:25:34.253    (INFO)     Trx.Commit: **C** ConnSH637567035340064098System.Random
07:25:34.253    (INFO)     Trx.Start: **** ConnSH637567035340164119System.Random
07:25:34.253    (INFO)     Trx.Commit: **C** ConnSH637567035340164119System.Random
07:25:34.253    (INFO)     Trx.Start: **** ConnSH637567035340394075System.Random
07:25:34.253    (INFO)     Trx.Commit: **C** ConnSH637567035340394075System.Random
07:25:34.253    (INFO)     Trx.Start: **** ConnSH637567035340504127System.Random
07:25:34.253    (INFO)     Trx.Commit: **C** ConnSH637567035340504127System.Random
07:25:34.253    (INFO)     Trx.Start: **** ConnSH637567035340724118System.Random
07:25:34.253    (INFO)     Trx.Commit: **C** ConnSH637567035340724118System.Random
07:25:34.253    (INFO)     Trx.Start: **** ConnSH637567035340944091System.Random
07:25:34.253    (INFO)     Trx.Commit: **C** ConnSH637567035340944091System.Random
07:25:34.253    (INFO)     Trx.Start: **** ConnSH637567035341044121System.Random
07:25:34.253    (INFO)     Trx.Commit: **C** ConnSH637567035341044121System.Random
07:25:34.253    (INFO)     Trx.Start: **** ConnSH637567035341154429System.Random
07:25:34.253    (INFO)     Trx.Commit: **C** ConnSH637567035341154429System.Random
07:25:34.253    (INFO)     Trx.Start: **** ConnSH637567035341364125System.Random
07:25:34.253    (INFO)     Trx.Commit: **C** ConnSH637567035341364125System.Random
07:25:34.253    (INFO)     Trx.Start: **** ConnSH637567035341464102System.Random
07:25:34.253    (INFO)     Trx.Commit: **C** ConnSH637567035341464102System.Random
07:25:34.253    (INFO)     Trx.Start: **** ConnSH637567035341564110System.Random
07:25:34.253    (INFO)     Trx.Commit: **C** ConnSH637567035341564110System.Random
07:25:34.253    (INFO)     Trx.Start: **** ConnSH637567035341664113System.Random
07:25:34.253    (INFO)     Trx.Commit: **C** ConnSH637567035341664113System.Random
07:25:34.253    (INFO)     Trx.Start: **** ConnSH637567035341874110System.Random
07:25:34.253    (INFO)     Trx.Commit: **C** ConnSH637567035341874110System.Random
07:25:34.253    (INFO)     Trx.Start: **** ConnSH637567035341974074System.Random
07:25:34.253    (INFO)     Trx.Commit: **C** ConnSH637567035341974074System.Random
07:25:38.253    (INFO)     Trx.Start: **** ConnSH637567035386850751System.Random
07:25:38.253    (INFO)     Trx.Commit: **C** ConnSH637567035386850751System.Random
07:25:38.253    (INFO)     Trx.Start: **** ConnSH637567035386950753System.Random
07:25:38.253    (INFO)     Trx.Commit: **C** ConnSH637567035386950753System.Random
07:25:38.253    (INFO)     Trx.Start: **** ConnSH637567035387401086System.Random
07:25:38.253    (INFO)     Trx.Commit: **C** ConnSH637567035387401086System.Random
07:25:38.253    (INFO)     Trx.Start: **** ConnSH637567035387510758System.Random
07:25:38.253    (INFO)     Trx.Commit: **C** ConnSH637567035387510758System.Random
07:25:38.253    (INFO)     Trx.Start: **** ConnSH637567035387730772System.Random
07:25:38.253    (INFO)     Trx.Commit: **C** ConnSH637567035387730772System.Random
07:25:38.253    (INFO)     Trx.Start: **** ConnSH637567035387851102System.Random
07:25:38.253    (INFO)     Trx.Commit: **C** ConnSH637567035387851102System.Random
07:25:38.253    (INFO)     Trx.Start: **** ConnSH637567035388080945System.Random
07:25:38.253    (INFO)     Trx.Commit: **C** ConnSH637567035388080945System.Random
07:25:38.253    (INFO)     Trx.Start: **** ConnSH637567035388180767System.Random
07:25:38.253    (INFO)     Trx.Commit: **C** ConnSH637567035388180767System.Random
07:25:38.253    (INFO)     Trx.Start: **** ConnSH637567035388410763System.Random
07:25:38.253    (INFO)     Trx.Commit: **C** ConnSH637567035388410763System.Random
07:25:38.253    (INFO)     Trx.Start: **** ConnSH637567035388640751System.Random
07:25:38.253    (INFO)     Trx.Commit: **C** ConnSH637567035388640751System.Random
07:25:38.253    (INFO)     Trx.Start: **** ConnSH637567035388790756System.Random
07:25:38.253    (INFO)     Trx.Commit: **C** ConnSH637567035388790756System.Random
07:25:38.253    (INFO)     Trx.Start: **** ConnSH637567035389080810System.Random
07:25:38.253    (INFO)     Trx.Commit: **C** ConnSH637567035389080810System.Random
07:25:38.253    (INFO)     Trx.Start: **** ConnSH637567035389200796System.Random
07:25:38.253    (INFO)     Trx.Commit: **C** ConnSH637567035389200796System.Random
07:25:38.253    (INFO)     Trx.Start: **** ConnSH637567035389320769System.Random
07:25:38.253    (INFO)     Trx.Commit: **C** ConnSH637567035389320769System.Random
07:25:38.253    (INFO)     Trx.Start: **** ConnSH637567035389440784System.Random
07:25:38.253    (INFO)     Trx.Commit: **C** ConnSH637567035389440784System.Random
07:25:38.253    (INFO)     Trx.Start: **** ConnSH637567035389700772System.Random
07:25:38.253    (INFO)     Trx.Commit: **C** ConnSH637567035389700772System.Random
07:25:38.253    (INFO)     Trx.Start: **** ConnSH637567035389800773System.Random
07:25:38.253    (INFO)     Trx.Commit: **C** ConnSH637567035389800773System.Random
07:25:38.253    (INFO)     Trx.Start: **** ConnSH637567035389900778System.Random
07:25:38.253    (INFO)     Trx.Commit: **C** ConnSH637567035389900778System.Random
===========>     (SEVERE)   OracleHelper.ExecuteReader: ORA-00933: SQL command not properly ended [Query DR] SELECT C_TAX_ID FROM C_TAX WHERE Line < -60000C_TAXCATEGORY_ID = 1000017ORDER BY LINE ASC
===========>     (SEVERE)   OracleHelper.ExecuteReader: ORA-00933: SQL command not properly ended [Query DR] SELECT C_TAX_ID FROM C_TAX WHERE Line < -60000C_TAXCATEGORY_ID = 1000017ORDER BY LINE ASC
===========>     (SEVERE)   PO.calculateTax: SELECT C_TAX_ID FROM C_TAX WHERE Line < -60000C_TAXCATEGORY_ID = 1000017ORDER BY LINE ASC => ORA-00933: SQL command not properly ended
07:25:39.253    (INFO)     Trx.Start: **** ConnSH637567035390210782System.Random
07:25:39.253    (INFO)     Trx.Commit: **C** ConnSH637567035390210782System.Random
07:25:39.253    (INFO)     Trx.Start: **** ConnDDH637567035390360805System.Random
07:25:39.253    (INFO)     Trx.ExecuteDataSet: Trx Dataset ConnDDH637567035390360805System.Random 24
07:25:39.253    (INFO)     Trx.ExecuteQuery: Trx non-query ConnDDH637567035390360805System.Random 24
07:25:39.253    (INFO)     Trx.Commit: **C** ConnDDH637567035390360805System.Random
===========>     (SEVERE)   DB.ExecuteQuery:  => ORA-01400: cannot insert NULL into ("VIENNAADVANTAGE"."VAHRUAE_VSS_EMPMTHSALARY"."VAHRUAE_VSS_MONTHLYSALARY_ID")
----------->     (WARNING)  DB.ExecuteQuery: DBExecuteError - ORA-01400: cannot insert NULL into ("VIENNAADVANTAGE"."VAHRUAE_VSS_EMPMTHSALARY"."VAHRUAE_VSS_MONTHLYSALARY_ID")
----------->     (WARNING)  X_VAHRUAE_Vss_EmpMthSalary.DoIt: Not insertedVAHRUAE_Vss_EmpMthSalary
07:25:39.253    (INFO)     CacheMgt.Reset: AD_Process: #1 (1)
07:26:41.264    (INFO)     Trx.Start: **** ConnSH637567036016270854System.Random
07:26:41.264    (INFO)     Trx.Commit: **C** ConnSH637567036016270854System.Random
===========>     (SEVERE)   OracleHelper.ExecuteReader: ORA-01756: quoted string not properly terminated [Query DR] SELECT VAHRUAE_HR_LEAVEDETAIL_ID FROM VAHRUAE_HR_LEAVEDETAIL WHERE C_BPARTNER_ID = 1006731AND VAHRUAE_APPROVE = 'Y' AND VAHRUAE_DATE1= '20-DEC-20
===========>     (SEVERE)   OracleHelper.ExecuteReader: ORA-01756: quoted string not properly terminated [Query DR] SELECT VAHRUAE_HR_LEAVEDETAIL_ID FROM VAHRUAE_HR_LEAVEDETAIL WHERE C_BPARTNER_ID = 1006731AND VAHRUAE_APPROVE = 'Y' AND VAHRUAE_DATE1= '20-DEC-20
===========>     (SEVERE)   PO.DoIt: SELECT VAHRUAE_HR_LEAVEDETAIL_ID FROM VAHRUAE_HR_LEAVEDETAIL WHERE C_BPARTNER_ID = 1006731AND VAHRUAE_APPROVE = 'Y' AND VAHRUAE_DATE1= '20-DEC-20 => ORA-01756: quoted string not properly terminated
07:26:41.264    (INFO)     Trx.Start: **** ConnSH637567036016910884System.Random
07:26:41.264    (INFO)     Trx.Commit: **C** ConnSH637567036016910884System.Random
07:26:41.264    (INFO)     Trx.Start: **** ConnSH637567036017140901System.Random
07:26:41.264    (INFO)     Trx.Commit: **C** ConnSH637567036017140901System.Random
07:26:41.264    (INFO)     Trx.Start: **** ConnSH637567036017250872System.Random
07:26:41.264    (INFO)     Trx.Commit: **C** ConnSH637567036017250872System.Random
07:26:41.264    (INFO)     Trx.Start: **** ConnSH637567036017480856System.Random
07:26:41.264    (INFO)     Trx.Commit: **C** ConnSH637567036017480856System.Random
07:26:41.264    (INFO)     Trx.Start: **** ConnSH637567036017580908System.Random
07:26:41.264    (INFO)     Trx.Commit: **C** ConnSH637567036017580908System.Random
07:26:41.264    (INFO)     Trx.Start: **** ConnSH637567036017800841System.Random
07:26:41.264    (INFO)     Trx.Commit: **C** ConnSH637567036017800841System.Random
07:26:41.264    (INFO)     Trx.Start: **** ConnSH637567036017900849System.Random
07:26:41.264    (INFO)     Trx.Commit: **C** ConnSH637567036017900849System.Random
07:26:41.264    (INFO)     Trx.Start: **** ConnSH637567036018130894System.Random
07:26:41.264    (INFO)     Trx.Commit: **C** ConnSH637567036018130894System.Random
07:26:41.264    (INFO)     Trx.Start: **** ConnSH637567036018230865System.Random
07:26:41.264    (INFO)     Trx.Commit: **C** ConnSH637567036018230865System.Random
07:26:41.264    (INFO)     Trx.Start: **** ConnSH637567036018450838System.Random
07:26:41.264    (INFO)     Trx.Commit: **C** ConnSH637567036018450838System.Random
07:26:41.264    (INFO)     Trx.Start: **** ConnSH637567036018570855System.Random
07:26:41.264    (INFO)     Trx.Commit: **C** ConnSH637567036018570855System.Random
07:26:41.264    (INFO)     Trx.Start: **** ConnSH637567036018810868System.Random
07:26:41.264    (INFO)     Trx.Commit: **C** ConnSH637567036018810868System.Random
07:26:41.264    (INFO)     Trx.Start: **** ConnSH637567036018920862System.Random
07:26:41.264    (INFO)     Trx.Commit: **C** ConnSH637567036018920862System.Random
07:26:41.264    (INFO)     Trx.Start: **** ConnSH637567036019020860System.Random
07:26:41.264    (INFO)     Trx.Commit: **C** ConnSH637567036019020860System.Random
07:26:41.264    (INFO)     Trx.Start: **** ConnSH637567036019270884System.Random
07:26:41.264    (INFO)     Trx.Commit: **C** ConnSH637567036019270884System.Random
07:26:41.264    (INFO)     Trx.Start: **** ConnSH637567036019370888System.Random
07:26:41.264    (INFO)     Trx.Commit: **C** ConnSH637567036019370888System.Random
07:26:41.264    (INFO)     Trx.Start: **** ConnSH637567036019590873System.Random
07:26:41.264    (INFO)     Trx.Commit: **C** ConnSH637567036019590873System.Random
07:26:41.264    (INFO)     Trx.Start: **** ConnSH637567036019810840System.Random
07:26:41.264    (INFO)     Trx.Commit: **C** ConnSH637567036019810840System.Random
07:26:41.264    (INFO)     Trx.Start: **** ConnSH637567036019950897System.Random
07:26:42.264    (INFO)     Trx.Commit: **C** ConnSH637567036019950897System.Random
07:26:42.264    (INFO)     Trx.Start: **** ConnSH637567036020170882System.Random
07:26:42.264    (INFO)     Trx.Commit: **C** ConnSH637567036020170882System.Random
07:26:42.264    (INFO)     Trx.Start: **** ConnSH637567036020270872System.Random
07:26:42.264    (INFO)     Trx.Commit: **C** ConnSH637567036020270872System.Random
07:26:42.264    (INFO)     Trx.Start: **** ConnSH637567036020490887System.Random
07:26:42.264    (INFO)     Trx.Commit: **C** ConnSH637567036020490887System.Random
07:26:42.264    (INFO)     Trx.Start: **** ConnSH637567036020590872System.Random
07:26:42.264    (INFO)     Trx.Commit: **C** ConnSH637567036020590872System.Random
07:26:42.264    (INFO)     Trx.Start: **** ConnSH637567036020810841System.Random
07:26:42.264    (INFO)     Trx.Commit: **C** ConnSH637567036020810841System.Random
07:26:42.264    (INFO)     Trx.Start: **** ConnSH637567036021310883System.Random
07:26:42.264    (INFO)     Trx.Commit: **C** ConnSH637567036021310883System.Random
07:26:42.264    (INFO)     Trx.Start: **** ConnSH637567036021420898System.Random
07:26:42.264    (INFO)     Trx.Commit: **C** ConnSH637567036021420898System.Random
07:26:42.264    (INFO)     Trx.Start: **** ConnSH637567036021510882System.Random
07:26:42.264    (INFO)     Trx.Commit: **C** ConnSH637567036021510882System.Random
07:26:42.264    (INFO)     Trx.Start: **** ConnSH637567036021731101System.Random
07:26:42.264    (INFO)     Trx.Commit: **C** ConnSH637567036021731101System.Random
07:26:42.264    (INFO)     Trx.Start: **** ConnSH637567036021820845System.Random
07:26:42.264    (INFO)     Trx.Commit: **C** ConnSH637567036021820845System.Random
07:26:42.264    (INFO)     Trx.Start: **** ConnSH637567036021930870System.Random
07:26:42.264    (INFO)     Trx.Commit: **C** ConnSH637567036021930870System.Random
07:26:42.264    (INFO)     Trx.Start: **** ConnSH637567036022010861System.Random
07:26:42.264    (INFO)     Trx.Commit: **C** ConnSH637567036022010861System.Random
07:26:42.264    (INFO)     Trx.Start: **** ConnSH637567036022300855System.Random
07:26:42.264    (INFO)     Trx.Commit: **C** ConnSH637567036022300855System.Random
07:26:42.264    (INFO)     Trx.Start: **** ConnSH637567036022400841System.Random
07:26:42.264    (INFO)     Trx.Commit: **C** ConnSH637567036022400841System.Random
07:26:42.264    (INFO)     Trx.Start: **** ConnSH637567036022560875System.Random
07:26:42.264    (INFO)     Trx.Commit: **C** ConnSH637567036022560875System.Random
07:26:42.264    (INFO)     Trx.Start: **** ConnSH637567036022680862System.Random
07:26:42.264    (INFO)     Trx.Commit: **C** ConnSH637567036022680862System.Random
07:26:42.264    (INFO)     Trx.Start: **** ConnSH637567036022920873System.Random
07:26:42.264    (INFO)     Trx.Commit: **C** ConnSH637567036022920873System.Random
07:26:42.264    (INFO)     Trx.Start: **** ConnSH637567036023020867System.Random
07:26:42.264    (INFO)     Trx.Commit: **C** ConnSH637567036023020867System.Random
07:26:42.264    (INFO)     Trx.Start: **** ConnSH637567036023270891System.Random
07:26:42.264    (INFO)     Trx.Commit: **C** ConnSH637567036023270891System.Random
07:26:42.264    (INFO)     Trx.Start: **** ConnSH637567036023380856System.Random
07:26:42.264    (INFO)     Trx.Commit: **C** ConnSH637567036023380856System.Random
07:26:42.264    (INFO)     Trx.Start: **** ConnSH637567036023621112System.Random
07:26:42.264    (INFO)     Trx.Commit: **C** ConnSH637567036023621112System.Random
07:26:42.264    (INFO)     Trx.Start: **** ConnSH637567036023711174System.Random
07:26:42.264    (INFO)     Trx.Commit: **C** ConnSH637567036023711174System.Random
07:26:42.264    (INFO)     Trx.Start: **** ConnSH637567036023930887System.Random
07:26:42.264    (INFO)     Trx.Commit: **C** ConnSH637567036023930887System.Random
07:26:42.264    (INFO)     Trx.Start: **** ConnSH637567036024150885System.Random
07:26:42.264    (INFO)     Trx.Commit: **C** ConnSH637567036024150885System.Random
07:26:42.264    (INFO)     Trx.Start: **** ConnSH637567036024271658System.Random
07:26:42.264    (INFO)     Trx.Commit: **C** ConnSH637567036024271658System.Random
07:26:42.264    (INFO)     Trx.Start: **** ConnSH637567036024480865System.Random
07:26:42.264    (INFO)     Trx.Commit: **C** ConnSH637567036024480865System.Random
07:26:42.264    (INFO)     Trx.Start: **** ConnSH637567036024580878System.Random
07:26:42.264    (INFO)     Trx.Commit: **C** ConnSH637567036024580878System.Random
07:26:42.264    (INFO)     Trx.Start: **** ConnSH637567036024680863System.Random
07:26:42.264    (INFO)     Trx.Commit: **C** ConnSH637567036024680863System.Random
07:26:42.264    (INFO)     Trx.Start: **** ConnSH637567036024780886System.Random
07:26:42.264    (INFO)     Trx.Commit: **C** ConnSH637567036024780886System.Random
07:26:42.264    (INFO)     Trx.Start: **** ConnSH637567036024990884System.Random
07:26:42.264    (INFO)     Trx.Commit: **C** ConnSH637567036024990884System.Random
07:26:42.264    (INFO)     Trx.Start: **** ConnSH637567036025090864System.Random
07:26:42.264    (INFO)     Trx.Commit: **C** ConnSH637567036025090864System.Random
07:26:42.264    (INFO)     Trx.Start: **** ConnSH637567036025190882System.Random
07:26:42.264    (INFO)     Trx.Commit: **C** ConnSH637567036025190882System.Random
===========>     (SEVERE)   OracleHelper.ExecuteReader: ORA-00933: SQL command not properly ended [Query DR] SELECT C_TAX_ID FROM C_TAX WHERE Line < -60000C_TAXCATEGORY_ID = 1000017ORDER BY LINE ASC
===========>     (SEVERE)   OracleHelper.ExecuteReader: ORA-00933: SQL command not properly ended [Query DR] SELECT C_TAX_ID FROM C_TAX WHERE Line < -60000C_TAXCATEGORY_ID = 1000017ORDER BY LINE ASC
===========>     (SEVERE)   PO.calculateTax: SELECT C_TAX_ID FROM C_TAX WHERE Line < -60000C_TAXCATEGORY_ID = 1000017ORDER BY LINE ASC => ORA-00933: SQL command not properly ended
07:26:42.264    (INFO)     Trx.Start: **** ConnSH637567036025440879System.Random
07:26:42.264    (INFO)     Trx.Commit: **C** ConnSH637567036025440879System.Random
07:26:42.264    (INFO)     Trx.Start: **** ConnDDH637567036025500855System.Random
07:26:42.264    (INFO)     Trx.ExecuteDataSet: Trx Dataset ConnDDH637567036025500855System.Random 7
07:26:42.264    (INFO)     Trx.ExecuteQuery: Trx non-query ConnDDH637567036025500855System.Random 7
07:26:42.264    (INFO)     Trx.Commit: **C** ConnDDH637567036025500855System.Random
===========>     (SEVERE)   DB.ExecuteQuery:  => ORA-01400: cannot insert NULL into ("VIENNAADVANTAGE"."VAHRUAE_VSS_EMPMTHSALARY"."VAHRUAE_VSS_MONTHLYSALARY_ID")
----------->     (WARNING)  DB.ExecuteQuery: DBExecuteError - ORA-01400: cannot insert NULL into ("VIENNAADVANTAGE"."VAHRUAE_VSS_EMPMTHSALARY"."VAHRUAE_VSS_MONTHLYSALARY_ID")
----------->     (WARNING)  X_VAHRUAE_Vss_EmpMthSalary.DoIt: Not insertedVAHRUAE_Vss_EmpMthSalary
07:26:42.264    (INFO)     CacheMgt.Reset: AD_Process: #1 (1)
07:27:01.271    (INFO)     Trx.Start: **** ConnSH637567036215998595System.Random
07:27:01.271    (INFO)     Trx.Commit: **C** ConnSH637567036215998595System.Random
===========>     (SEVERE)   OracleHelper.ExecuteReader: ORA-01756: quoted string not properly terminated [Query DR] SELECT VAHRUAE_HR_LEAVEDETAIL_ID FROM VAHRUAE_HR_LEAVEDETAIL WHERE C_BPARTNER_ID = 1006731AND VAHRUAE_APPROVE = 'Y' AND VAHRUAE_DATE1= '20-DEC-20
===========>     (SEVERE)   OracleHelper.ExecuteReader: ORA-01756: quoted string not properly terminated [Query DR] SELECT VAHRUAE_HR_LEAVEDETAIL_ID FROM VAHRUAE_HR_LEAVEDETAIL WHERE C_BPARTNER_ID = 1006731AND VAHRUAE_APPROVE = 'Y' AND VAHRUAE_DATE1= '20-DEC-20
===========>     (SEVERE)   PO.DoIt: SELECT VAHRUAE_HR_LEAVEDETAIL_ID FROM VAHRUAE_HR_LEAVEDETAIL WHERE C_BPARTNER_ID = 1006731AND VAHRUAE_APPROVE = 'Y' AND VAHRUAE_DATE1= '20-DEC-20 => ORA-01756: quoted string not properly terminated
07:27:01.271    (INFO)     Trx.Start: **** ConnSH637567036216638976System.Random
07:27:01.271    (INFO)     Trx.Commit: **C** ConnSH637567036216638976System.Random
07:27:01.271    (INFO)     Trx.Start: **** ConnSH637567036216878544System.Random
07:27:01.271    (INFO)     Trx.Commit: **C** ConnSH637567036216878544System.Random
07:27:01.271    (INFO)     Trx.Start: **** ConnSH637567036216978528System.Random
07:27:01.271    (INFO)     Trx.Commit: **C** ConnSH637567036216978528System.Random
07:27:01.271    (INFO)     Trx.Start: **** ConnSH637567036217208568System.Random
07:27:01.271    (INFO)     Trx.Commit: **C** ConnSH637567036217208568System.Random
07:27:01.271    (INFO)     Trx.Start: **** ConnSH637567036217328568System.Random
07:27:01.271    (INFO)     Trx.Commit: **C** ConnSH637567036217328568System.Random
07:27:01.271    (INFO)     Trx.Start: **** ConnSH637567036217558548System.Random
07:27:01.271    (INFO)     Trx.Commit: **C** ConnSH637567036217558548System.Random
07:27:01.271    (INFO)     Trx.Start: **** ConnSH637567036217688880System.Random
07:27:01.271    (INFO)     Trx.Commit: **C** ConnSH637567036217688880System.Random
07:27:01.271    (INFO)     Trx.Start: **** ConnSH637567036217918533System.Random
07:27:01.271    (INFO)     Trx.Commit: **C** ConnSH637567036217918533System.Random
07:27:01.271    (INFO)     Trx.Start: **** ConnSH637567036218008559System.Random
07:27:01.271    (INFO)     Trx.Commit: **C** ConnSH637567036218008559System.Random
07:27:01.271    (INFO)     Trx.Start: **** ConnSH637567036218238551System.Random
07:27:01.271    (INFO)     Trx.Commit: **C** ConnSH637567036218238551System.Random
07:27:01.271    (INFO)     Trx.Start: **** ConnSH637567036218338887System.Random
07:27:01.271    (INFO)     Trx.Commit: **C** ConnSH637567036218338887System.Random
07:27:01.271    (INFO)     Trx.Start: **** ConnSH637567036218588595System.Random
07:27:01.271    (INFO)     Trx.Commit: **C** ConnSH637567036218588595System.Random
07:27:01.271    (INFO)     Trx.Start: **** ConnSH637567036218698520System.Random
07:27:01.271    (INFO)     Trx.Commit: **C** ConnSH637567036218698520System.Random
07:27:01.271    (INFO)     Trx.Start: **** ConnSH637567036218808551System.Random
07:27:01.271    (INFO)     Trx.Commit: **C** ConnSH637567036218808551System.Random
07:27:01.271    (INFO)     Trx.Start: **** ConnSH637567036219068540System.Random
07:27:01.271    (INFO)     Trx.Commit: **C** ConnSH637567036219068540System.Random
07:27:01.271    (INFO)     Trx.Start: **** ConnSH637567036219188536System.Random
07:27:01.271    (INFO)     Trx.Commit: **C** ConnSH637567036219188536System.Random
07:27:01.271    (INFO)     Trx.Start: **** ConnSH637567036219408531System.Random
07:27:01.271    (INFO)     Trx.Commit: **C** ConnSH637567036219408531System.Random
07:27:01.271    (INFO)     Trx.Start: **** ConnSH637567036219638557System.Random
07:27:01.271    (INFO)     Trx.Commit: **C** ConnSH637567036219638557System.Random
07:27:01.271    (INFO)     Trx.Start: **** ConnSH637567036219768564System.Random
07:27:01.271    (INFO)     Trx.Commit: **C** ConnSH637567036219768564System.Random
07:27:02.272    (INFO)     Trx.Start: **** ConnSH637567036219998550System.Random
07:27:02.272    (INFO)     Trx.Commit: **C** ConnSH637567036219998550System.Random
07:27:02.272    (INFO)     Trx.Start: **** ConnSH637567036220098530System.Random
07:27:02.272    (INFO)     Trx.Commit: **C** ConnSH637567036220098530System.Random
07:27:02.272    (INFO)     Trx.Start: **** ConnSH637567036220318521System.Random
07:27:02.272    (INFO)     Trx.Commit: **C** ConnSH637567036220318521System.Random
07:27:02.272    (INFO)     Trx.Start: **** ConnSH637567036220418552System.Random
07:27:02.272    (INFO)     Trx.Commit: **C** ConnSH637567036220418552System.Random
07:27:02.272    (INFO)     Trx.Start: **** ConnSH637567036220628581System.Random
07:27:02.272    (INFO)     Trx.Commit: **C** ConnSH637567036220628581System.Random
07:27:02.272    (INFO)     Trx.Start: **** ConnSH637567036220848529System.Random
07:27:02.272    (INFO)     Trx.Commit: **C** ConnSH637567036220848529System.Random
07:27:02.272    (INFO)     Trx.Start: **** ConnSH637567036220958543System.Random
07:27:02.272    (INFO)     Trx.Commit: **C** ConnSH637567036220958543System.Random
07:27:02.272    (INFO)     Trx.Start: **** ConnSH637567036221088537System.Random
07:27:02.272    (INFO)     Trx.Commit: **C** ConnSH637567036221088537System.Random
07:27:02.272    (INFO)     Trx.Start: **** ConnSH637567036221318578System.Random
07:27:02.272    (INFO)     Trx.Commit: **C** ConnSH637567036221318578System.Random
07:27:02.272    (INFO)     Trx.Start: **** ConnSH637567036221428572System.Random
07:27:02.272    (INFO)     Trx.Commit: **C** ConnSH637567036221428572System.Random
07:27:02.272    (INFO)     Trx.Start: **** ConnSH637567036221528560System.Random
07:27:02.272    (INFO)     Trx.Commit: **C** ConnSH637567036221528560System.Random
07:27:02.272    (INFO)     Trx.Start: **** ConnSH637567036221618566System.Random
07:27:02.272    (INFO)     Trx.Commit: **C** ConnSH637567036221618566System.Random
07:27:02.272    (INFO)     Trx.Start: **** ConnSH637567036221878570System.Random
07:27:02.272    (INFO)     Trx.Commit: **C** ConnSH637567036221878570System.Random
07:27:02.272    (INFO)     Trx.Start: **** ConnSH637567036221978568System.Random
07:27:02.272    (INFO)     Trx.Commit: **C** ConnSH637567036221978568System.Random
07:27:02.272    (INFO)     Trx.Start: **** ConnSH637567036222138551System.Random
07:27:02.272    (INFO)     Trx.Commit: **C** ConnSH637567036222138551System.Random
07:27:02.272    (INFO)     Trx.Start: **** ConnSH637567036222238543System.Random
07:27:02.272    (INFO)     Trx.Commit: **C** ConnSH637567036222238543System.Random
07:27:02.272    (INFO)     Trx.Start: **** ConnSH637567036222468568System.Random
07:27:02.272    (INFO)     Trx.Commit: **C** ConnSH637567036222468568System.Random
07:27:02.272    (INFO)     Trx.Start: **** ConnSH637567036222588568System.Random
07:27:02.272    (INFO)     Trx.Commit: **C** ConnSH637567036222588568System.Random
07:27:02.272    (INFO)     Trx.Start: **** ConnSH637567036222798563System.Random
07:27:02.272    (INFO)     Trx.Commit: **C** ConnSH637567036222798563System.Random
07:27:02.272    (INFO)     Trx.Start: **** ConnSH637567036222898550System.Random
07:27:02.272    (INFO)     Trx.Commit: **C** ConnSH637567036222898550System.Random
07:27:02.272    (INFO)     Trx.Start: **** ConnSH637567036223128569System.Random
07:27:02.272    (INFO)     Trx.Commit: **C** ConnSH637567036223128569System.Random
07:27:02.272    (INFO)     Trx.Start: **** ConnSH637567036223228526System.Random
07:27:02.272    (INFO)     Trx.Commit: **C** ConnSH637567036223228526System.Random
07:27:02.272    (INFO)     Trx.Start: **** ConnSH637567036223468540System.Random
07:27:02.272    (INFO)     Trx.Commit: **C** ConnSH637567036223468540System.Random
07:27:02.272    (INFO)     Trx.Start: **** ConnSH637567036223688910System.Random
07:27:02.272    (INFO)     Trx.Commit: **C** ConnSH637567036223688910System.Random
07:27:02.272    (INFO)     Trx.Start: **** ConnSH637567036223828526System.Random
07:27:02.272    (INFO)     Trx.Commit: **C** ConnSH637567036223828526System.Random
07:27:02.272    (INFO)     Trx.Start: **** ConnSH637567036224048562System.Random
07:27:02.272    (INFO)     Trx.Commit: **C** ConnSH637567036224048562System.Random
07:27:02.272    (INFO)     Trx.Start: **** ConnSH637567036224298556System.Random
07:27:02.272    (INFO)     Trx.Commit: **C** ConnSH637567036224298556System.Random
07:27:02.272    (INFO)     Trx.Start: **** ConnSH637567036224398525System.Random
07:27:02.272    (INFO)     Trx.Commit: **C** ConnSH637567036224398525System.Random
07:27:02.272    (INFO)     Trx.Start: **** ConnSH637567036224498528System.Random
07:27:02.272    (INFO)     Trx.Commit: **C** ConnSH637567036224498528System.Random
07:27:02.272    (INFO)     Trx.Start: **** ConnSH637567036224718568System.Random
07:27:02.272    (INFO)     Trx.Commit: **C** ConnSH637567036224718568System.Random
07:27:02.272    (INFO)     Trx.Start: **** ConnSH637567036224818564System.Random
07:27:02.272    (INFO)     Trx.Commit: **C** ConnSH637567036224818564System.Random
07:27:02.272    (INFO)     Trx.Start: **** ConnSH637567036224918574System.Random
07:27:02.272    (INFO)     Trx.Commit: **C** ConnSH637567036224918574System.Random
===========>     (SEVERE)   OracleHelper.ExecuteReader: ORA-00933: SQL command not properly ended [Query DR] SELECT C_TAX_ID FROM C_TAX WHERE Line < -60000C_TAXCATEGORY_ID = 1000017ORDER BY LINE ASC
===========>     (SEVERE)   OracleHelper.ExecuteReader: ORA-00933: SQL command not properly ended [Query DR] SELECT C_TAX_ID FROM C_TAX WHERE Line < -60000C_TAXCATEGORY_ID = 1000017ORDER BY LINE ASC
===========>     (SEVERE)   PO.calculateTax: SELECT C_TAX_ID FROM C_TAX WHERE Line < -60000C_TAXCATEGORY_ID = 1000017ORDER BY LINE ASC => ORA-00933: SQL command not properly ended
07:27:02.272    (INFO)     Trx.Start: **** ConnSH637567036225168543System.Random
07:27:02.272    (INFO)     Trx.Commit: **C** ConnSH637567036225168543System.Random
07:27:02.272    (INFO)     Trx.Start: **** ConnDDH637567036225228785System.Random
07:27:02.272    (INFO)     Trx.ExecuteDataSet: Trx Dataset ConnDDH637567036225228785System.Random 24
07:27:02.272    (INFO)     Trx.ExecuteQuery: Trx non-query ConnDDH637567036225228785System.Random 24
07:27:02.272    (INFO)     Trx.Commit: **C** ConnDDH637567036225228785System.Random
===========>     (SEVERE)   DB.ExecuteQuery:  => ORA-01400: cannot insert NULL into ("VIENNAADVANTAGE"."VAHRUAE_VSS_EMPMTHSALARY"."VAHRUAE_VSS_MONTHLYSALARY_ID")
----------->     (WARNING)  DB.ExecuteQuery: DBExecuteError - ORA-01400: cannot insert NULL into ("VIENNAADVANTAGE"."VAHRUAE_VSS_EMPMTHSALARY"."VAHRUAE_VSS_MONTHLYSALARY_ID")
----------->     (WARNING)  X_VAHRUAE_Vss_EmpMthSalary.DoIt: Not insertedVAHRUAE_Vss_EmpMthSalary
07:27:02.272    (INFO)     CacheMgt.Reset: AD_Process: #1 (1)
07:28:11.281    (INFO)     Trx.Start: **** ConnSH637567036917218440System.Random
07:28:11.281    (INFO)     Trx.Commit: **C** ConnSH637567036917218440System.Random
===========>     (SEVERE)   OracleHelper.ExecuteReader: ORA-01756: quoted string not properly terminated [Query DR] SELECT VAHRUAE_HR_LEAVEDETAIL_ID FROM VAHRUAE_HR_LEAVEDETAIL WHERE C_BPARTNER_ID = 1006731AND VAHRUAE_APPROVE = 'Y' AND VAHRUAE_DATE1= '20-DEC-20
===========>     (SEVERE)   OracleHelper.ExecuteReader: ORA-01756: quoted string not properly terminated [Query DR] SELECT VAHRUAE_HR_LEAVEDETAIL_ID FROM VAHRUAE_HR_LEAVEDETAIL WHERE C_BPARTNER_ID = 1006731AND VAHRUAE_APPROVE = 'Y' AND VAHRUAE_DATE1= '20-DEC-20
===========>     (SEVERE)   PO.DoIt: SELECT VAHRUAE_HR_LEAVEDETAIL_ID FROM VAHRUAE_HR_LEAVEDETAIL WHERE C_BPARTNER_ID = 1006731AND VAHRUAE_APPROVE = 'Y' AND VAHRUAE_DATE1= '20-DEC-20 => ORA-01756: quoted string not properly terminated
07:28:11.281    (INFO)     Trx.Start: **** ConnSH637567036917808331System.Random
07:28:11.281    (INFO)     Trx.Commit: **C** ConnSH637567036917808331System.Random
07:28:11.281    (INFO)     Trx.Start: **** ConnSH637567036918098339System.Random
07:28:11.281    (INFO)     Trx.Commit: **C** ConnSH637567036918098339System.Random
07:28:11.281    (INFO)     Trx.Start: **** ConnSH637567036918238356System.Random
07:28:11.281    (INFO)     Trx.Commit: **C** ConnSH637567036918238356System.Random
07:28:11.281    (INFO)     Trx.Start: **** ConnSH637567036918458302System.Random
07:28:11.281    (INFO)     Trx.Commit: **C** ConnSH637567036918458302System.Random
07:28:11.281    (INFO)     Trx.Start: **** ConnSH637567036918558328System.Random
07:28:11.281    (INFO)     Trx.Commit: **C** ConnSH637567036918558328System.Random
07:28:11.281    (INFO)     Trx.Start: **** ConnSH637567036918818313System.Random
07:28:11.281    (INFO)     Trx.Commit: **C** ConnSH637567036918818313System.Random
07:28:11.281    (INFO)     Trx.Start: **** ConnSH637567036918938299System.Random
07:28:11.281    (INFO)     Trx.Commit: **C** ConnSH637567036918938299System.Random
07:28:11.281    (INFO)     Trx.Start: **** ConnSH637567036919168298System.Random
07:28:11.281    (INFO)     Trx.Commit: **C** ConnSH637567036919168298System.Random
07:28:11.281    (INFO)     Trx.Start: **** ConnSH637567036919268304System.Random
07:28:11.281    (INFO)     Trx.Commit: **C** ConnSH637567036919268304System.Random
07:28:11.281    (INFO)     Trx.Start: **** ConnSH637567036919518294System.Random
07:28:11.281    (INFO)     Trx.Commit: **C** ConnSH637567036919518294System.Random
07:28:11.281    (INFO)     Trx.Start: **** ConnSH637567036919628317System.Random
07:28:11.281    (INFO)     Trx.Commit: **C** ConnSH637567036919628317System.Random
07:28:11.281    (INFO)     Trx.Start: **** ConnSH637567036919858322System.Random
07:28:11.281    (INFO)     Trx.Commit: **C** ConnSH637567036919858322System.Random
07:28:11.281    (INFO)     Trx.Start: **** ConnSH637567036919978321System.Random
07:28:12.281    (INFO)     Trx.Commit: **C** ConnSH637567036919978321System.Random
07:28:12.281    (INFO)     Trx.Start: **** ConnSH637567036920108314System.Random
07:28:12.281    (INFO)     Trx.Commit: **C** ConnSH637567036920108314System.Random
07:28:12.281    (INFO)     Trx.Start: **** ConnSH637567036920348324System.Random
07:28:12.281    (INFO)     Trx.Commit: **C** ConnSH637567036920348324System.Random
07:28:12.281    (INFO)     Trx.Start: **** ConnSH637567036920458317System.Random
07:28:12.281    (INFO)     Trx.Commit: **C** ConnSH637567036920458317System.Random
07:28:12.281    (INFO)     Trx.Start: **** ConnSH637567036920668582System.Random
07:28:12.281    (INFO)     Trx.Commit: **C** ConnSH637567036920668582System.Random
07:28:12.281    (INFO)     Trx.Start: **** ConnSH637567036920888331System.Random
07:28:12.281    (INFO)     Trx.Commit: **C** ConnSH637567036920888331System.Random
07:28:12.281    (INFO)     Trx.Start: **** ConnSH637567036920988336System.Random
07:28:12.281    (INFO)     Trx.Commit: **C** ConnSH637567036920988336System.Random
07:28:12.281    (INFO)     Trx.Start: **** ConnSH637567036921208330System.Random
07:28:12.281    (INFO)     Trx.Commit: **C** ConnSH637567036921208330System.Random
07:28:12.281    (INFO)     Trx.Start: **** ConnSH637567036921308608System.Random
07:28:12.281    (INFO)     Trx.Commit: **C** ConnSH637567036921308608System.Random
07:28:12.281    (INFO)     Trx.Start: **** ConnSH637567036921528295System.Random
07:28:12.281    (INFO)     Trx.Commit: **C** ConnSH637567036921528295System.Random
07:28:12.281    (INFO)     Trx.Start: **** ConnSH637567036921628331System.Random
07:28:12.281    (INFO)     Trx.Commit: **C** ConnSH637567036921628331System.Random
07:28:12.281    (INFO)     Trx.Start: **** ConnSH637567036921838337System.Random
07:28:12.281    (INFO)     Trx.Commit: **C** ConnSH637567036921838337System.Random
07:28:12.281    (INFO)     Trx.Start: **** ConnSH637567036922048335System.Random
07:28:12.281    (INFO)     Trx.Commit: **C** ConnSH637567036922048335System.Random
07:28:12.281    (INFO)     Trx.Start: **** ConnSH637567036922148312System.Random
07:28:12.281    (INFO)     Trx.Commit: **C** ConnSH637567036922148312System.Random
07:28:12.281    (INFO)     Trx.Start: **** ConnSH637567036922258340System.Random
07:28:12.281    (INFO)     Trx.Commit: **C** ConnSH637567036922258340System.Random
07:28:12.281    (INFO)     Trx.Start: **** ConnSH637567036922488769System.Random
07:28:12.281    (INFO)     Trx.Commit: **C** ConnSH637567036922488769System.Random
07:28:12.281    (INFO)     Trx.Start: **** ConnSH637567036922578328System.Random
07:28:12.281    (INFO)     Trx.Commit: **C** ConnSH637567036922578328System.Random
07:28:12.281    (INFO)     Trx.Start: **** ConnSH637567036922678346System.Random
07:28:12.281    (INFO)     Trx.Commit: **C** ConnSH637567036922678346System.Random
07:28:12.281    (INFO)     Trx.Start: **** ConnSH637567036922778348System.Random
07:28:12.281    (INFO)     Trx.Commit: **C** ConnSH637567036922778348System.Random
07:28:12.281    (INFO)     Trx.Start: **** ConnSH637567036922988352System.Random
07:28:12.281    (INFO)     Trx.Commit: **C** ConnSH637567036922988352System.Random
07:28:12.281    (INFO)     Trx.Start: **** ConnSH637567036923088452System.Random
07:28:12.281    (INFO)     Trx.Commit: **C** ConnSH637567036923088452System.Random
07:28:12.281    (INFO)     Trx.Start: **** ConnSH637567036923248305System.Random
07:28:12.281    (INFO)     Trx.Commit: **C** ConnSH637567036923248305System.Random
07:28:12.281    (INFO)     Trx.Start: **** ConnSH637567036923338286System.Random
07:28:12.281    (INFO)     Trx.Commit: **C** ConnSH637567036923338286System.Random
07:28:12.281    (INFO)     Trx.Start: **** ConnSH637567036923568327System.Random
07:28:12.281    (INFO)     Trx.Commit: **C** ConnSH637567036923568327System.Random
07:28:12.281    (INFO)     Trx.Start: **** ConnSH637567036923658291System.Random
07:28:12.281    (INFO)     Trx.Commit: **C** ConnSH637567036923658291System.Random
07:28:12.281    (INFO)     Trx.Start: **** ConnSH637567036924098651System.Random
07:28:12.281    (INFO)     Trx.Commit: **C** ConnSH637567036924098651System.Random
07:28:12.281    (INFO)     Trx.Start: **** ConnSH637567036924208715System.Random
07:28:12.281    (INFO)     Trx.Commit: **C** ConnSH637567036924208715System.Random
07:28:12.281    (INFO)     Trx.Start: **** ConnSH637567036924458317System.Random
07:28:12.281    (INFO)     Trx.Commit: **C** ConnSH637567036924458317System.Random
07:28:12.281    (INFO)     Trx.Start: **** ConnSH637567036924558309System.Random
07:28:12.281    (INFO)     Trx.Commit: **C** ConnSH637567036924558309System.Random
07:28:12.281    (INFO)     Trx.Start: **** ConnSH637567036924788297System.Random
07:28:12.281    (INFO)     Trx.Commit: **C** ConnSH637567036924788297System.Random
07:28:12.281    (INFO)     Trx.Start: **** ConnSH637567036925018427System.Random
07:28:12.281    (INFO)     Trx.Commit: **C** ConnSH637567036925018427System.Random
07:28:12.281    (INFO)     Trx.Start: **** ConnSH637567036925118337System.Random
07:28:12.281    (INFO)     Trx.Commit: **C** ConnSH637567036925118337System.Random
07:28:12.281    (INFO)     Trx.Start: **** ConnSH637567036925348302System.Random
07:28:12.281    (INFO)     Trx.Commit: **C** ConnSH637567036925348302System.Random
07:28:12.281    (INFO)     Trx.Start: **** ConnSH637567036925478315System.Random
07:28:12.281    (INFO)     Trx.Commit: **C** ConnSH637567036925478315System.Random
07:28:12.281    (INFO)     Trx.Start: **** ConnSH637567036925578304System.Random
07:28:12.281    (INFO)     Trx.Commit: **C** ConnSH637567036925578304System.Random
07:28:12.281    (INFO)     Trx.Start: **** ConnSH637567036925688296System.Random
07:28:12.281    (INFO)     Trx.Commit: **C** ConnSH637567036925688296System.Random
07:28:12.281    (INFO)     Trx.Start: **** ConnSH637567036925908314System.Random
07:28:12.281    (INFO)     Trx.Commit: **C** ConnSH637567036925908314System.Random
07:28:12.281    (INFO)     Trx.Start: **** ConnSH637567036925998343System.Random
07:28:12.281    (INFO)     Trx.Commit: **C** ConnSH637567036925998343System.Random
07:28:12.281    (INFO)     Trx.Start: **** ConnSH637567036926088303System.Random
07:28:12.281    (INFO)     Trx.Commit: **C** ConnSH637567036926088303System.Random
===========>     (SEVERE)   OracleHelper.ExecuteReader: ORA-00933: SQL command not properly ended [Query DR] SELECT C_TAX_ID FROM C_TAX WHERE Line < -60000C_TAXCATEGORY_ID = 1000017ORDER BY LINE ASC
===========>     (SEVERE)   OracleHelper.ExecuteReader: ORA-00933: SQL command not properly ended [Query DR] SELECT C_TAX_ID FROM C_TAX WHERE Line < -60000C_TAXCATEGORY_ID = 1000017ORDER BY LINE ASC
===========>     (SEVERE)   PO.calculateTax: SELECT C_TAX_ID FROM C_TAX WHERE Line < -60000C_TAXCATEGORY_ID = 1000017ORDER BY LINE ASC => ORA-00933: SQL command not properly ended
07:28:12.281    (INFO)     Trx.Start: **** ConnSH637567036926328293System.Random
07:28:12.281    (INFO)     Trx.Commit: **C** ConnSH637567036926328293System.Random
07:28:12.281    (INFO)     Trx.Start: **** ConnDDH637567036926378525System.Random
07:28:12.281    (INFO)     Trx.ExecuteDataSet: Trx Dataset ConnDDH637567036926378525System.Random 18
07:28:12.281    (INFO)     Trx.ExecuteQuery: Trx non-query ConnDDH637567036926378525System.Random 18
07:28:12.281    (INFO)     Trx.Commit: **C** ConnDDH637567036926378525System.Random
===========>     (SEVERE)   DB.ExecuteQuery:  => ORA-01400: cannot insert NULL into ("VIENNAADVANTAGE"."VAHRUAE_VSS_EMPMTHSALARY"."VAHRUAE_VSS_MONTHLYSALARY_ID")
----------->     (WARNING)  DB.ExecuteQuery: DBExecuteError - ORA-01400: cannot insert NULL into ("VIENNAADVANTAGE"."VAHRUAE_VSS_EMPMTHSALARY"."VAHRUAE_VSS_MONTHLYSALARY_ID")
----------->     (WARNING)  X_VAHRUAE_Vss_EmpMthSalary.DoIt: Not insertedVAHRUAE_Vss_EmpMthSalary
07:28:12.281    (INFO)     CacheMgt.Reset: AD_Process: #1 (1)
07:28:36.283    (INFO)     Trx.Start: **** ConnSH637567037166998320System.Random
07:28:36.283    (INFO)     Trx.Commit: **C** ConnSH637567037166998320System.Random
===========>     (SEVERE)   OracleHelper.ExecuteReader: ORA-01756: quoted string not properly terminated [Query DR] SELECT VAHRUAE_HR_LEAVEDETAIL_ID FROM VAHRUAE_HR_LEAVEDETAIL WHERE C_BPARTNER_ID = 1006731AND VAHRUAE_APPROVE = 'Y' AND VAHRUAE_DATE1= '20-DEC-20
===========>     (SEVERE)   OracleHelper.ExecuteReader: ORA-01756: quoted string not properly terminated [Query DR] SELECT VAHRUAE_HR_LEAVEDETAIL_ID FROM VAHRUAE_HR_LEAVEDETAIL WHERE C_BPARTNER_ID = 1006731AND VAHRUAE_APPROVE = 'Y' AND VAHRUAE_DATE1= '20-DEC-20
===========>     (SEVERE)   PO.DoIt: SELECT VAHRUAE_HR_LEAVEDETAIL_ID FROM VAHRUAE_HR_LEAVEDETAIL WHERE C_BPARTNER_ID = 1006731AND VAHRUAE_APPROVE = 'Y' AND VAHRUAE_DATE1= '20-DEC-20 => ORA-01756: quoted string not properly terminated
07:28:36.283    (INFO)     Trx.Start: **** ConnSH637567037167618347System.Random
07:28:36.283    (INFO)     Trx.Commit: **C** ConnSH637567037167618347System.Random
07:28:36.283    (INFO)     Trx.Start: **** ConnSH637567037167868356System.Random
07:28:36.283    (INFO)     Trx.Commit: **C** ConnSH637567037167868356System.Random
07:28:36.283    (INFO)     Trx.Start: **** ConnSH637567037168008299System.Random
07:28:36.283    (INFO)     Trx.Commit: **C** ConnSH637567037168008299System.Random
07:28:36.283    (INFO)     Trx.Start: **** ConnSH637567037168258344System.Random
07:28:36.283    (INFO)     Trx.Commit: **C** ConnSH637567037168258344System.Random
07:28:36.283    (INFO)     Trx.Start: **** ConnSH637567037168348337System.Random
07:28:36.283    (INFO)     Trx.Commit: **C** ConnSH637567037168348337System.Random
07:28:36.283    (INFO)     Trx.Start: **** ConnSH637567037168588299System.Random
07:28:36.283    (INFO)     Trx.Commit: **C** ConnSH637567037168588299System.Random
07:28:36.283    (INFO)     Trx.Start: **** ConnSH637567037168698303System.Random
07:28:36.283    (INFO)     Trx.Commit: **C** ConnSH637567037168698303System.Random
07:28:36.283    (INFO)     Trx.Start: **** ConnSH637567037168958313System.Random
07:28:36.283    (INFO)     Trx.Commit: **C** ConnSH637567037168958313System.Random
07:28:36.283    (INFO)     Trx.Start: **** ConnSH637567037169068332System.Random
07:28:36.283    (INFO)     Trx.Commit: **C** ConnSH637567037169068332System.Random
07:28:36.283    (INFO)     Trx.Start: **** ConnSH637567037169308289System.Random
07:28:36.283    (INFO)     Trx.Commit: **C** ConnSH637567037169308289System.Random
07:28:36.283    (INFO)     Trx.Start: **** ConnSH637567037169428302System.Random
07:28:36.283    (INFO)     Trx.Commit: **C** ConnSH637567037169428302System.Random
07:28:36.283    (INFO)     Trx.Start: **** ConnSH637567037169668300System.Random
07:28:36.283    (INFO)     Trx.Commit: **C** ConnSH637567037169668300System.Random
07:28:36.283    (INFO)     Trx.Start: **** ConnSH637567037169778321System.Random
07:28:36.283    (INFO)     Trx.Commit: **C** ConnSH637567037169778321System.Random
07:28:36.283    (INFO)     Trx.Start: **** ConnSH637567037169908332System.Random
07:28:36.283    (INFO)     Trx.Commit: **C** ConnSH637567037169908332System.Random
07:28:37.283    (INFO)     Trx.Start: **** ConnSH637567037170138300System.Random
07:28:37.283    (INFO)     Trx.Commit: **C** ConnSH637567037170138300System.Random
07:28:37.283    (INFO)     Trx.Start: **** ConnSH637567037170248333System.Random
07:28:37.283    (INFO)     Trx.Commit: **C** ConnSH637567037170248333System.Random
07:28:37.283    (INFO)     Trx.Start: **** ConnSH637567037170468325System.Random
07:28:37.283    (INFO)     Trx.Commit: **C** ConnSH637567037170468325System.Random
07:28:37.283    (INFO)     Trx.Start: **** ConnSH637567037170688316System.Random
07:28:37.283    (INFO)     Trx.Commit: **C** ConnSH637567037170688316System.Random
07:28:37.283    (INFO)     Trx.Start: **** ConnSH637567037170788351System.Random
07:28:37.283    (INFO)     Trx.Commit: **C** ConnSH637567037170788351System.Random
07:28:37.283    (INFO)     Trx.Start: **** ConnSH637567037170998295System.Random
07:28:37.283    (INFO)     Trx.Commit: **C** ConnSH637567037170998295System.Random
07:28:37.283    (INFO)     Trx.Start: **** ConnSH637567037171098347System.Random
07:28:37.283    (INFO)     Trx.Commit: **C** ConnSH637567037171098347System.Random
07:28:37.283    (INFO)     Trx.Start: **** ConnSH637567037171308318System.Random
07:28:37.283    (INFO)     Trx.Commit: **C** ConnSH637567037171308318System.Random
07:28:37.283    (INFO)     Trx.Start: **** ConnSH637567037171408332System.Random
07:28:37.283    (INFO)     Trx.Commit: **C** ConnSH637567037171408332System.Random
07:28:37.283    (INFO)     Trx.Start: **** ConnSH637567037171618324System.Random
07:28:37.283    (INFO)     Trx.Commit: **C** ConnSH637567037171618324System.Random
07:28:37.283    (INFO)     Trx.Start: **** ConnSH637567037171828332System.Random
07:28:37.283    (INFO)     Trx.Commit: **C** ConnSH637567037171828332System.Random
07:28:37.283    (INFO)     Trx.Start: **** ConnSH637567037171938330System.Random
07:28:37.283    (INFO)     Trx.Commit: **C** ConnSH637567037171938330System.Random
07:28:37.283    (INFO)     Trx.Start: **** ConnSH637567037172038360System.Random
07:28:37.283    (INFO)     Trx.Commit: **C** ConnSH637567037172038360System.Random
07:28:37.283    (INFO)     Trx.Start: **** ConnSH637567037172258314System.Random
07:28:37.283    (INFO)     Trx.Commit: **C** ConnSH637567037172258314System.Random
07:28:37.283    (INFO)     Trx.Start: **** ConnSH637567037172348302System.Random
07:28:37.283    (INFO)     Trx.Commit: **C** ConnSH637567037172348302System.Random
07:28:37.283    (INFO)     Trx.Start: **** ConnSH637567037172448341System.Random
07:28:37.283    (INFO)     Trx.Commit: **C** ConnSH637567037172448341System.Random
07:28:37.283    (INFO)     Trx.Start: **** ConnSH637567037172528334System.Random
07:28:37.283    (INFO)     Trx.Commit: **C** ConnSH637567037172528334System.Random
07:28:37.283    (INFO)     Trx.Start: **** ConnSH637567037172748356System.Random
07:28:37.283    (INFO)     Trx.Commit: **C** ConnSH637567037172748356System.Random
07:28:37.283    (INFO)     Trx.Start: **** ConnSH637567037172838326System.Random
07:28:37.283    (INFO)     Trx.Commit: **C** ConnSH637567037172838326System.Random
07:32:01.321    (INFO)     Trx.Start: **** ConnSH637567039211650496System.Random
07:32:01.321    (INFO)     Trx.Commit: **C** ConnSH637567039211650496System.Random
07:32:01.321    (INFO)     Trx.Start: **** ConnSH637567039211760497System.Random
07:32:01.321    (INFO)     Trx.Commit: **C** ConnSH637567039211760497System.Random
07:32:01.321    (INFO)     Trx.Start: **** ConnSH637567039211980499System.Random
07:32:01.321    (INFO)     Trx.Commit: **C** ConnSH637567039211980499System.Random
07:32:01.321    (INFO)     Trx.Start: **** ConnSH637567039212070488System.Random
07:32:01.321    (INFO)     Trx.Commit: **C** ConnSH637567039212070488System.Random
07:32:01.321    (INFO)     Trx.Start: **** ConnSH637567039212290516System.Random
07:32:01.321    (INFO)     Trx.Commit: **C** ConnSH637567039212290516System.Random
07:32:01.321    (INFO)     Trx.Start: **** ConnSH637567039212400512System.Random
07:32:01.321    (INFO)     Trx.Commit: **C** ConnSH637567039212400512System.Random
07:32:01.321    (INFO)     Trx.Start: **** ConnSH637567039212610486System.Random
07:32:01.321    (INFO)     Trx.Commit: **C** ConnSH637567039212610486System.Random
07:32:01.321    (INFO)     Trx.Start: **** ConnSH637567039212720529System.Random
07:32:01.321    (INFO)     Trx.Commit: **C** ConnSH637567039212720529System.Random
07:32:01.321    (INFO)     Trx.Start: **** ConnSH637567039212910482System.Random
07:32:01.321    (INFO)     Trx.Commit: **C** ConnSH637567039212910482System.Random
07:32:01.321    (INFO)     Trx.Start: **** ConnSH637567039213130486System.Random
07:32:01.321    (INFO)     Trx.Commit: **C** ConnSH637567039213130486System.Random
07:32:01.321    (INFO)     Trx.Start: **** ConnSH637567039213220494System.Random
07:32:01.321    (INFO)     Trx.Commit: **C** ConnSH637567039213220494System.Random
07:32:01.321    (INFO)     Trx.Start: **** ConnSH637567039213430482System.Random
07:32:01.321    (INFO)     Trx.Commit: **C** ConnSH637567039213430482System.Random
07:32:01.321    (INFO)     Trx.Start: **** ConnSH637567039213530486System.Random
07:32:01.321    (INFO)     Trx.Commit: **C** ConnSH637567039213530486System.Random
07:32:01.321    (INFO)     Trx.Start: **** ConnSH637567039213620499System.Random
07:32:01.321    (INFO)     Trx.Commit: **C** ConnSH637567039213620499System.Random
07:32:01.321    (INFO)     Trx.Start: **** ConnSH637567039213720493System.Random
07:32:01.321    (INFO)     Trx.Commit: **C** ConnSH637567039213720493System.Random
07:32:01.321    (INFO)     Trx.Start: **** ConnSH637567039213930498System.Random
07:32:01.321    (INFO)     Trx.Commit: **C** ConnSH637567039213930498System.Random
07:32:01.321    (INFO)     Trx.Start: **** ConnSH637567039214020485System.Random
07:32:01.321    (INFO)     Trx.Commit: **C** ConnSH637567039214020485System.Random
07:32:01.321    (INFO)     Trx.Start: **** ConnSH637567039214110493System.Random
07:32:01.321    (INFO)     Trx.Commit: **C** ConnSH637567039214110493System.Random
===========>     (SEVERE)   OracleHelper.ExecuteReader: ORA-00933: SQL command not properly ended [Query DR] SELECT C_TAX_ID FROM C_TAX WHERE Line < -60000C_TAXCATEGORY_ID = 1000017ORDER BY LINE ASC
===========>     (SEVERE)   OracleHelper.ExecuteReader: ORA-00933: SQL command not properly ended [Query DR] SELECT C_TAX_ID FROM C_TAX WHERE Line < -60000C_TAXCATEGORY_ID = 1000017ORDER BY LINE ASC
===========>     (SEVERE)   PO.calculateTax: SELECT C_TAX_ID FROM C_TAX WHERE Line < -60000C_TAXCATEGORY_ID = 1000017ORDER BY LINE ASC => ORA-00933: SQL command not properly ended
07:32:01.321    (INFO)     Trx.Start: **** ConnSH637567039214340484System.Random
07:32:01.321    (INFO)     Trx.Commit: **C** ConnSH637567039214340484System.Random
07:32:01.321    (INFO)     Trx.Start: **** ConnDDH637567039214400492System.Random
07:32:01.321    (INFO)     Trx.ExecuteDataSet: Trx Dataset ConnDDH637567039214400492System.Random 24
07:32:01.321    (INFO)     Trx.ExecuteQuery: Trx non-query ConnDDH637567039214400492System.Random 24
07:32:01.321    (INFO)     Trx.Commit: **C** ConnDDH637567039214400492System.Random
===========>     (SEVERE)   DB.ExecuteQuery:  => ORA-01400: cannot insert NULL into ("VIENNAADVANTAGE"."VAHRUAE_VSS_EMPMTHSALARY"."VAHRUAE_VSS_MONTHLYSALARY_ID")
----------->     (WARNING)  DB.ExecuteQuery: DBExecuteError - ORA-01400: cannot insert NULL into ("VIENNAADVANTAGE"."VAHRUAE_VSS_EMPMTHSALARY"."VAHRUAE_VSS_MONTHLYSALARY_ID")
----------->     (WARNING)  X_VAHRUAE_Vss_EmpMthSalary.DoIt: Not insertedVAHRUAE_Vss_EmpMthSalary
