*** 5/12/2021 3:03:44 PM VAdvantage Log  ***
===========>     (SEVERE)   GridWindowVO.Create: No Window - AD_Window_ID=117, AD_Role_ID=0 - SELECT Name,Description,Help,WindowType, AD_Color_ID,AD_Image_ID, IsReadWrite, WinHeight,WinWidth, IsSOTrx, AD_UserDef_Win_ID,IsAppointment,IsTask,IsEmail,IsLetter,IsSms,IsFaxEmail,Name2, ISCHAT, ISATTACHMENT,ISHISTORY,ISCHECKREQUEST,ISCOPYRECORD,ISSUBSCRIBERECORD,ISZOOMACROSS,ISCREATEDOCUMENT,ISUPLOADDOCUMENT,ISVIEWDOCUMENT,IsAttachDocumentFrom,  ISIMPORTMAP,ISMARKTOEXPORT,ISARCHIVE,ISATTACHEMAIL,ISROLECENTERVIEW , FontName, ImageUrl, IsCompositeView FROM AD_Window_v WHERE AD_Window_ID=117 AND AD_Role_ID=0
----------->     (WARNING)  GridWindowVO.Create: AccessTableNoView - (Not found)
03:03:51.351    (INFO)     Trx.Start: **** ConnSH637564286319307846System.Random
03:03:51.351    (INFO)     Trx.Commit: **C** ConnSH637564286319307846System.Random
03:03:51.351    (INFO)     MChangeLog.FillChangeLog: #9
===========>     (SEVERE)   OracleHelper.ExecuteReader: ORA-00933: SQL command not properly ended [Query DR] SELECT VAHRUAE_EmployeCompensation_ID FROM VAHRUAE_EmployeCompensation WHERE C_BPARTNER_ID =  1006732VAHRUAE_COMPENSATIONMASTER_ID = 1000010
===========>     (SEVERE)   OracleHelper.ExecuteReader: ORA-00933: SQL command not properly ended [Query DR] SELECT VAHRUAE_EmployeCompensation_ID FROM VAHRUAE_EmployeCompensation WHERE C_BPARTNER_ID =  1006732VAHRUAE_COMPENSATIONMASTER_ID = 1000010
===========>     (SEVERE)   PO.DoIt: SELECT VAHRUAE_EmployeCompensation_ID FROM VAHRUAE_EmployeCompensation WHERE C_BPARTNER_ID =  1006732VAHRUAE_COMPENSATIONMASTER_ID = 1000010 => ORA-00933: SQL command not properly ended
===========>     (SEVERE)   OracleHelper.ExecuteReader: ORA-00933: SQL command not properly ended [Query DR] SELECT VAHRUAE_EmployeCompensation_ID FROM VAHRUAE_EmployeCompensation WHERE C_BPARTNER_ID =  1006732VAHRUAE_COMPENSATIONMASTER_ID = 1000010
===========>     (SEVERE)   OracleHelper.ExecuteReader: ORA-00933: SQL command not properly ended [Query DR] SELECT VAHRUAE_EmployeCompensation_ID FROM VAHRUAE_EmployeCompensation WHERE C_BPARTNER_ID =  1006732VAHRUAE_COMPENSATIONMASTER_ID = 1000010
===========>     (SEVERE)   PO.DoIt: SELECT VAHRUAE_EmployeCompensation_ID FROM VAHRUAE_EmployeCompensation WHERE C_BPARTNER_ID =  1006732VAHRUAE_COMPENSATIONMASTER_ID = 1000010 => ORA-00933: SQL command not properly ended
03:03:52.352    (INFO)     CacheMgt.Reset: AD_Process: #1 (1)
03:06:12.612    (INFO)     MSession.Logout: 02:03:39.480
03:06:15.615    (INFO)     MRole.Get: AD_Role_ID=102, AD_User_ID=101, reload=True
03:06:15.615    (INFO)     MRole.Get: MRole[102,IdeasInc Admin,UserLevel= CO,AD_Client_ID IN (0,11),]
03:06:16.616    (INFO)     MRole.Get: AD_Role_ID=102, AD_User_ID=101, reload=True
03:06:16.616    (INFO)     MRole.Get: MRole[102,IdeasInc Admin,UserLevel= CO,AD_Client_ID IN (0,11),]
03:06:16.616    (INFO)     MTree.Load: AD_Tree_ID=121, AD_User_ID=101, Editable=False, OnClient=True
03:06:16.616    (INFO)     Trx.Start: **** ConnSH637564287763453123System.Random
03:06:16.616    (INFO)     Trx.Commit: **C** ConnSH637564287763453123System.Random
----------->     (WARNING)  AccessSqlParser.GetTableInfo: More than one FROM clause - SELECT AppointmentsInfo.Appointmentsinfo_id AS ID,AppointmentsInfo.AD_Client_ID,AppointmentsInfo.AD_Org_ID  FROM AppointmentsInfo JOIN AD_User ON AD_User.AD_User_ID =AppointmentsInfo.CreatedBy WHERE AppointmentsInfo.IsRead='N' AND AppointmentsInfo.istask ='N'  AND AppointmentsInfo.AD_User_ID  = 101  UNION SELECT AppointmentsInfo.Appointmentsinfo_id AS ID, AppointmentsInfo.AD_Client_ID,AppointmentsInfo.AD_Org_ID FROM AppointmentsInfo  JOIN AD_User ON AD_User.AD_User_ID = AppointmentsInfo.CreatedBy  WHERE (AppointmentsInfo.IsRead ='Y'   AND AppointmentsInfo.AD_User_ID = 101 )  AND AppointmentsInfo.istask ='N'  AND AppointmentsInfo.startDate BETWEEN to_date('5/11/21','mm/dd/yy') and to_date('5/19/21 23.59','mm/dd/yy HH24:MI')   OR  to_date('5/12/21','mm/dd/yy')  BETWEEN  AppointmentsInfo.startDate  AND AppointmentsInfo.endDate  AND  AppointmentsInfo.CreatedBy  !=101 AND AppointmentsInfo.AD_User_ID  = 101)
----------->     (WARNING)  AccessSqlParser.GetTableInfo: Could not remove ON AppointmentsInfo JOIN AD_User ON AD_User.AD_User_ID =AppointmentsInfo.CreatedBy
----------->     (WARNING)  AccessSqlParser.GetTableInfo: More than one FROM clause - SELECT VA009_PaymentMethod.VA009_PaymentMethod_ID,NULL,NVL(VA009_PaymentMethod.VA009_Name,''),VA009_PaymentMethod.IsActive FROM VA009_PaymentMethod WHERE VA009_PAYMENTMETHOD.VA009_PAYMENTMETHOD_ID  IN ( SELECT VA009_PAYMENTMETHOD_ID FROM VA009_PAYMENTMETHOD WHERE VA009_PAYMENTBASETYPE NOT IN ('B','C','P') )
----------->     (WARNING)  AccessSqlParser.GetTableInfo: More than one FROM clause - SELECT VA009_PaymentMethod.VA009_PaymentMethod_ID,NULL,NVL(VA009_PaymentMethod.VA009_Name,''),VA009_PaymentMethod.IsActive FROM VA009_PaymentMethod WHERE VA009_PAYMENTMETHOD.VA009_PAYMENTMETHOD_ID  IN ( SELECT VA009_PAYMENTMETHOD_ID FROM VA009_PAYMENTMETHOD WHERE VA009_PAYMENTBASETYPE NOT IN ('B','C','P') )
----------->     (WARNING)  GridTable.GetField: Not found: 'Created'
----------->     (WARNING)  GridTable.GetField: Not found: 'CreatedBy'
----------->     (WARNING)  GridTable.GetField: Not found: 'Updated'
----------->     (WARNING)  GridTable.GetField: Not found: 'UpdatedBy'
===========>     (SEVERE)   OracleHelper.ExecuteDataset: ORA-00942: table or view does not exist [Query D] => SELECT vadms_windowdoclink_id, record_id FROM VADMS_WindowDocLink wdl JOIN vadms_document doc ON wdl.VADMS_Document_ID  =doc.VADMS_Document_ID WHERE doc.vadms_docstatus!='DD' AND AD_Table_ID =291
----------->     (WARNING)  GridTable.GetField: Not found: 'Created'
----------->     (WARNING)  GridTable.GetField: Not found: 'CreatedBy'
----------->     (WARNING)  GridTable.GetField: Not found: 'Updated'
----------->     (WARNING)  GridTable.GetField: Not found: 'UpdatedBy'
===========>     (SEVERE)   OracleHelper.ExecuteDataset: ORA-00942: table or view does not exist [Query D] => SELECT vadms_windowdoclink_id, record_id FROM VADMS_WindowDocLink wdl JOIN vadms_document doc ON wdl.VADMS_Document_ID  =doc.VADMS_Document_ID WHERE doc.vadms_docstatus!='DD' AND AD_Table_ID =114
----------->     (WARNING)  GridTable.GetField: Not found: 'Created'
----------->     (WARNING)  GridTable.GetField: Not found: 'CreatedBy'
----------->     (WARNING)  GridTable.GetField: Not found: 'Updated'
----------->     (WARNING)  GridTable.GetField: Not found: 'UpdatedBy'
===========>     (SEVERE)   OracleHelper.ExecuteDataset: ORA-00942: table or view does not exist [Query D] => SELECT vadms_windowdoclink_id, record_id FROM VADMS_WindowDocLink wdl JOIN vadms_document doc ON wdl.VADMS_Document_ID  =doc.VADMS_Document_ID WHERE doc.vadms_docstatus!='DD' AND AD_Table_ID =293
----------->     (WARNING)  GridTable.GetField: Not found: 'Created'
----------->     (WARNING)  GridTable.GetField: Not found: 'CreatedBy'
----------->     (WARNING)  GridTable.GetField: Not found: 'Updated'
----------->     (WARNING)  GridTable.GetField: Not found: 'UpdatedBy'
===========>     (SEVERE)   OracleHelper.ExecuteDataset: ORA-00942: table or view does not exist [Query D] => SELECT vadms_windowdoclink_id, record_id FROM VADMS_WindowDocLink wdl JOIN vadms_document doc ON wdl.VADMS_Document_ID  =doc.VADMS_Document_ID WHERE doc.vadms_docstatus!='DD' AND AD_Table_ID =298
----------->     (WARNING)  GridTable.GetField: Not found: 'Created'
----------->     (WARNING)  GridTable.GetField: Not found: 'CreatedBy'
----------->     (WARNING)  GridTable.GetField: Not found: 'Updated'
----------->     (WARNING)  GridTable.GetField: Not found: 'UpdatedBy'
===========>     (SEVERE)   OracleHelper.ExecuteDataset: ORA-00942: table or view does not exist [Query D] => SELECT vadms_windowdoclink_id, record_id FROM VADMS_WindowDocLink wdl JOIN vadms_document doc ON wdl.VADMS_Document_ID  =doc.VADMS_Document_ID WHERE doc.vadms_docstatus!='DD' AND AD_Table_ID =1000860
----------->     (WARNING)  GridTable.GetField: Not found: 'Created'
----------->     (WARNING)  GridTable.GetField: Not found: 'CreatedBy'
----------->     (WARNING)  GridTable.GetField: Not found: 'Updated'
----------->     (WARNING)  GridTable.GetField: Not found: 'UpdatedBy'
===========>     (SEVERE)   OracleHelper.ExecuteDataset: ORA-00942: table or view does not exist [Query D] => SELECT vadms_windowdoclink_id, record_id FROM VADMS_WindowDocLink wdl JOIN vadms_document doc ON wdl.VADMS_Document_ID  =doc.VADMS_Document_ID WHERE doc.vadms_docstatus!='DD' AND AD_Table_ID =1000856
----------->     (WARNING)  GridTable.GetField: Not found: 'Created'
----------->     (WARNING)  GridTable.GetField: Not found: 'CreatedBy'
----------->     (WARNING)  GridTable.GetField: Not found: 'Updated'
----------->     (WARNING)  GridTable.GetField: Not found: 'UpdatedBy'
===========>     (SEVERE)   OracleHelper.ExecuteDataset: ORA-00942: table or view does not exist [Query D] => SELECT vadms_windowdoclink_id, record_id FROM VADMS_WindowDocLink wdl JOIN vadms_document doc ON wdl.VADMS_Document_ID  =doc.VADMS_Document_ID WHERE doc.vadms_docstatus!='DD' AND AD_Table_ID =1000862
----------->     (WARNING)  GridTable.GetField: Not found: 'Created'
----------->     (WARNING)  GridTable.GetField: Not found: 'CreatedBy'
----------->     (WARNING)  GridTable.GetField: Not found: 'Updated'
----------->     (WARNING)  GridTable.GetField: Not found: 'UpdatedBy'
===========>     (SEVERE)   OracleHelper.ExecuteDataset: ORA-00942: table or view does not exist [Query D] => SELECT vadms_windowdoclink_id, record_id FROM VADMS_WindowDocLink wdl JOIN vadms_document doc ON wdl.VADMS_Document_ID  =doc.VADMS_Document_ID WHERE doc.vadms_docstatus!='DD' AND AD_Table_ID =1000863
----------->     (WARNING)  GridTable.GetField: Not found: 'Created'
----------->     (WARNING)  GridTable.GetField: Not found: 'CreatedBy'
----------->     (WARNING)  GridTable.GetField: Not found: 'Updated'
----------->     (WARNING)  GridTable.GetField: Not found: 'UpdatedBy'
===========>     (SEVERE)   OracleHelper.ExecuteDataset: ORA-00942: table or view does not exist [Query D] => SELECT vadms_windowdoclink_id, record_id FROM VADMS_WindowDocLink wdl JOIN vadms_document doc ON wdl.VADMS_Document_ID  =doc.VADMS_Document_ID WHERE doc.vadms_docstatus!='DD' AND AD_Table_ID =1000865
----------->     (WARNING)  GridTable.GetField: Not found: 'Created'
----------->     (WARNING)  GridTable.GetField: Not found: 'CreatedBy'
----------->     (WARNING)  GridTable.GetField: Not found: 'Updated'
----------->     (WARNING)  GridTable.GetField: Not found: 'UpdatedBy'
===========>     (SEVERE)   OracleHelper.ExecuteDataset: ORA-00942: table or view does not exist [Query D] => SELECT vadms_windowdoclink_id, record_id FROM VADMS_WindowDocLink wdl JOIN vadms_document doc ON wdl.VADMS_Document_ID  =doc.VADMS_Document_ID WHERE doc.vadms_docstatus!='DD' AND AD_Table_ID =1000857
----------->     (WARNING)  GridTable.GetField: Not found: 'Created'
----------->     (WARNING)  GridTable.GetField: Not found: 'CreatedBy'
----------->     (WARNING)  GridTable.GetField: Not found: 'Updated'
----------->     (WARNING)  GridTable.GetField: Not found: 'UpdatedBy'
===========>     (SEVERE)   OracleHelper.ExecuteDataset: ORA-00942: table or view does not exist [Query D] => SELECT vadms_windowdoclink_id, record_id FROM VADMS_WindowDocLink wdl JOIN vadms_document doc ON wdl.VADMS_Document_ID  =doc.VADMS_Document_ID WHERE doc.vadms_docstatus!='DD' AND AD_Table_ID =1000858
----------->     (WARNING)  GridTable.GetField: Not found: 'Created'
----------->     (WARNING)  GridTable.GetField: Not found: 'CreatedBy'
----------->     (WARNING)  GridTable.GetField: Not found: 'Updated'
----------->     (WARNING)  GridTable.GetField: Not found: 'UpdatedBy'
===========>     (SEVERE)   OracleHelper.ExecuteDataset: ORA-00942: table or view does not exist [Query D] => SELECT vadms_windowdoclink_id, record_id FROM VADMS_WindowDocLink wdl JOIN vadms_document doc ON wdl.VADMS_Document_ID  =doc.VADMS_Document_ID WHERE doc.vadms_docstatus!='DD' AND AD_Table_ID =335
----------->     (WARNING)  GridTable.GetField: Not found: 'Created'
----------->     (WARNING)  GridTable.GetField: Not found: 'CreatedBy'
----------->     (WARNING)  GridTable.GetField: Not found: 'Updated'
----------->     (WARNING)  GridTable.GetField: Not found: 'UpdatedBy'
===========>     (SEVERE)   OracleHelper.ExecuteDataset: ORA-00942: table or view does not exist [Query D] => SELECT vadms_windowdoclink_id, record_id FROM VADMS_WindowDocLink wdl JOIN vadms_document doc ON wdl.VADMS_Document_ID  =doc.VADMS_Document_ID WHERE doc.vadms_docstatus!='DD' AND AD_Table_ID =1000859
----------->     (WARNING)  GridTable.GetField: Not found: 'Created'
----------->     (WARNING)  GridTable.GetField: Not found: 'CreatedBy'
----------->     (WARNING)  GridTable.GetField: Not found: 'Updated'
----------->     (WARNING)  GridTable.GetField: Not found: 'UpdatedBy'
===========>     (SEVERE)   OracleHelper.ExecuteDataset: ORA-00942: table or view does not exist [Query D] => SELECT vadms_windowdoclink_id, record_id FROM VADMS_WindowDocLink wdl JOIN vadms_document doc ON wdl.VADMS_Document_ID  =doc.VADMS_Document_ID WHERE doc.vadms_docstatus!='DD' AND AD_Table_ID =1000861
----------->     (WARNING)  GridTable.GetField: Not found: 'Created'
----------->     (WARNING)  GridTable.GetField: Not found: 'CreatedBy'
----------->     (WARNING)  GridTable.GetField: Not found: 'Updated'
----------->     (WARNING)  GridTable.GetField: Not found: 'UpdatedBy'
===========>     (SEVERE)   OracleHelper.ExecuteDataset: ORA-00942: table or view does not exist [Query D] => SELECT vadms_windowdoclink_id, record_id FROM VADMS_WindowDocLink wdl JOIN vadms_document doc ON wdl.VADMS_Document_ID  =doc.VADMS_Document_ID WHERE doc.vadms_docstatus!='DD' AND AD_Table_ID =1000864
----------->     (WARNING)  GridTable.GetField: Not found: 'Created'
----------->     (WARNING)  GridTable.GetField: Not found: 'CreatedBy'
----------->     (WARNING)  GridTable.GetField: Not found: 'Updated'
----------->     (WARNING)  GridTable.GetField: Not found: 'UpdatedBy'
===========>     (SEVERE)   OracleHelper.ExecuteDataset: ORA-00942: table or view does not exist [Query D] => SELECT vadms_windowdoclink_id, record_id FROM VADMS_WindowDocLink wdl JOIN vadms_document doc ON wdl.VADMS_Document_ID  =doc.VADMS_Document_ID WHERE doc.vadms_docstatus!='DD' AND AD_Table_ID =1000866
03:06:38.638    (INFO)     Trx.Start: **** ConnSH637564287983555788System.Random
03:06:38.638    (INFO)     Trx.Commit: **C** ConnSH637564287983555788System.Random
03:06:39.639    (INFO)     Trx.Start: **** ConnSH637564287992255451System.Random
03:06:39.639    (INFO)     Trx.Commit: **C** ConnSH637564287992255451System.Random
03:07:15.715    (INFO)     MTable.GetPO: Using GenericPO for VAHRUAE_EmployeCompensation
03:07:15.715    (INFO)     Trx.Start: **** ConnSH637564288357776976System.Random
03:07:15.715    (INFO)     Trx.Commit: **C** ConnSH637564288357776976System.Random
03:07:15.715    (INFO)     Trx.Start: **** ConnSH637564288357866853System.Random
03:07:15.715    (INFO)     Trx.Commit: **C** ConnSH637564288357866853System.Random
03:07:23.723    (INFO)     MSession.Logout: 02:01:08.596
03:07:25.725    (INFO)     MRole.Get: AD_Role_ID=0, AD_User_ID=100, reload=True
03:07:25.725    (INFO)     MRole.Get: MRole[0,System Administrator,UserLevel=S  ,AD_Client_ID=0,AD_Org_ID=0]
03:07:25.725    (INFO)     MTree.Load: AD_Tree_ID=121, AD_User_ID=100, Editable=False, OnClient=True
03:07:26.726    (INFO)     Trx.Start: **** ConnSH637564288460068879System.Random
03:07:26.726    (INFO)     Trx.Commit: **C** ConnSH637564288460068879System.Random
----------->     (WARNING)  AccessSqlParser.GetTableInfo: More than one FROM clause - SELECT AppointmentsInfo.Appointmentsinfo_id AS ID,AppointmentsInfo.AD_Client_ID,AppointmentsInfo.AD_Org_ID  FROM AppointmentsInfo JOIN AD_User ON AD_User.AD_User_ID =AppointmentsInfo.CreatedBy WHERE AppointmentsInfo.IsRead='N' AND AppointmentsInfo.istask ='N'  AND AppointmentsInfo.AD_User_ID  = 100  UNION SELECT AppointmentsInfo.Appointmentsinfo_id AS ID, AppointmentsInfo.AD_Client_ID,AppointmentsInfo.AD_Org_ID FROM AppointmentsInfo  JOIN AD_User ON AD_User.AD_User_ID = AppointmentsInfo.CreatedBy  WHERE (AppointmentsInfo.IsRead ='Y'   AND AppointmentsInfo.AD_User_ID = 100 )  AND AppointmentsInfo.istask ='N'  AND AppointmentsInfo.startDate BETWEEN to_date('5/11/21','mm/dd/yy') and to_date('5/19/21 23.59','mm/dd/yy HH24:MI')   OR  to_date('5/12/21','mm/dd/yy')  BETWEEN  AppointmentsInfo.startDate  AND AppointmentsInfo.endDate  AND  AppointmentsInfo.CreatedBy  !=100 AND AppointmentsInfo.AD_User_ID  = 100)
----------->     (WARNING)  AccessSqlParser.GetTableInfo: Could not remove ON AppointmentsInfo JOIN AD_User ON AD_User.AD_User_ID =AppointmentsInfo.CreatedBy
03:07:34.734    (INFO)     Trx.Start: **** ConnSH637564288540089203System.Random
03:07:34.734    (INFO)     Trx.Commit: **C** ConnSH637564288540089203System.Random
===========>     (SEVERE)   OracleHelper.ExecuteReader: ORA-00933: SQL command not properly ended [Query DR] SELECT VAHRUAE_EmployeCompensation_ID FROM VAHRUAE_EmployeCompensation WHERE C_BPARTNER_ID =  1006732VAHRUAE_COMPENSATIONMASTER_ID = 1000010
===========>     (SEVERE)   OracleHelper.ExecuteReader: ORA-00933: SQL command not properly ended [Query DR] SELECT VAHRUAE_EmployeCompensation_ID FROM VAHRUAE_EmployeCompensation WHERE C_BPARTNER_ID =  1006732VAHRUAE_COMPENSATIONMASTER_ID = 1000010
===========>     (SEVERE)   PO.DoIt: SELECT VAHRUAE_EmployeCompensation_ID FROM VAHRUAE_EmployeCompensation WHERE C_BPARTNER_ID =  1006732VAHRUAE_COMPENSATIONMASTER_ID = 1000010 => ORA-00933: SQL command not properly ended
===========>     (SEVERE)   OracleHelper.ExecuteReader: ORA-00933: SQL command not properly ended [Query DR] SELECT VAHRUAE_EmployeCompensation_ID FROM VAHRUAE_EmployeCompensation WHERE C_BPARTNER_ID =  1006732VAHRUAE_COMPENSATIONMASTER_ID = 1000010
===========>     (SEVERE)   OracleHelper.ExecuteReader: ORA-00933: SQL command not properly ended [Query DR] SELECT VAHRUAE_EmployeCompensation_ID FROM VAHRUAE_EmployeCompensation WHERE C_BPARTNER_ID =  1006732VAHRUAE_COMPENSATIONMASTER_ID = 1000010
===========>     (SEVERE)   PO.DoIt: SELECT VAHRUAE_EmployeCompensation_ID FROM VAHRUAE_EmployeCompensation WHERE C_BPARTNER_ID =  1006732VAHRUAE_COMPENSATIONMASTER_ID = 1000010 => ORA-00933: SQL command not properly ended
03:07:34.734    (INFO)     CacheMgt.Reset: AD_Process: #1 (1)
03:07:48.748    (INFO)     Trx.Start: **** ConnSH637564288686528556System.Random
03:07:48.748    (INFO)     Trx.Commit: **C** ConnSH637564288686528556System.Random
===========>     (SEVERE)   OracleHelper.ExecuteReader: ORA-00933: SQL command not properly ended [Query DR] SELECT VAHRUAE_EmployeCompensation_ID FROM VAHRUAE_EmployeCompensation WHERE C_BPARTNER_ID =  1006732VAHRUAE_COMPENSATIONMASTER_ID = 1000010
===========>     (SEVERE)   OracleHelper.ExecuteReader: ORA-00933: SQL command not properly ended [Query DR] SELECT VAHRUAE_EmployeCompensation_ID FROM VAHRUAE_EmployeCompensation WHERE C_BPARTNER_ID =  1006732VAHRUAE_COMPENSATIONMASTER_ID = 1000010
===========>     (SEVERE)   PO.DoIt: SELECT VAHRUAE_EmployeCompensation_ID FROM VAHRUAE_EmployeCompensation WHERE C_BPARTNER_ID =  1006732VAHRUAE_COMPENSATIONMASTER_ID = 1000010 => ORA-00933: SQL command not properly ended
===========>     (SEVERE)   OracleHelper.ExecuteReader: ORA-00933: SQL command not properly ended [Query DR] SELECT VAHRUAE_EmployeCompensation_ID FROM VAHRUAE_EmployeCompensation WHERE C_BPARTNER_ID =  1006732VAHRUAE_COMPENSATIONMASTER_ID = 1000010
===========>     (SEVERE)   OracleHelper.ExecuteReader: ORA-00933: SQL command not properly ended [Query DR] SELECT VAHRUAE_EmployeCompensation_ID FROM VAHRUAE_EmployeCompensation WHERE C_BPARTNER_ID =  1006732VAHRUAE_COMPENSATIONMASTER_ID = 1000010
===========>     (SEVERE)   PO.DoIt: SELECT VAHRUAE_EmployeCompensation_ID FROM VAHRUAE_EmployeCompensation WHERE C_BPARTNER_ID =  1006732VAHRUAE_COMPENSATIONMASTER_ID = 1000010 => ORA-00933: SQL command not properly ended
03:07:48.748    (INFO)     CacheMgt.Reset: AD_Process: #1 (1)
03:07:54.754    (INFO)     Trx.Start: **** ConnSH637564288748688558System.Random
03:07:54.754    (INFO)     Trx.Commit: **C** ConnSH637564288748688558System.Random
===========>     (SEVERE)   OracleHelper.ExecuteReader: ORA-00933: SQL command not properly ended [Query DR] SELECT VAHRUAE_EmployeCompensation_ID FROM VAHRUAE_EmployeCompensation WHERE C_BPARTNER_ID =  1006732VAHRUAE_COMPENSATIONMASTER_ID = 1000010
===========>     (SEVERE)   OracleHelper.ExecuteReader: ORA-00933: SQL command not properly ended [Query DR] SELECT VAHRUAE_EmployeCompensation_ID FROM VAHRUAE_EmployeCompensation WHERE C_BPARTNER_ID =  1006732VAHRUAE_COMPENSATIONMASTER_ID = 1000010
===========>     (SEVERE)   PO.DoIt: SELECT VAHRUAE_EmployeCompensation_ID FROM VAHRUAE_EmployeCompensation WHERE C_BPARTNER_ID =  1006732VAHRUAE_COMPENSATIONMASTER_ID = 1000010 => ORA-00933: SQL command not properly ended
===========>     (SEVERE)   OracleHelper.ExecuteReader: ORA-00933: SQL command not properly ended [Query DR] SELECT VAHRUAE_EmployeCompensation_ID FROM VAHRUAE_EmployeCompensation WHERE C_BPARTNER_ID =  1006732VAHRUAE_COMPENSATIONMASTER_ID = 1000010
===========>     (SEVERE)   OracleHelper.ExecuteReader: ORA-00933: SQL command not properly ended [Query DR] SELECT VAHRUAE_EmployeCompensation_ID FROM VAHRUAE_EmployeCompensation WHERE C_BPARTNER_ID =  1006732VAHRUAE_COMPENSATIONMASTER_ID = 1000010
===========>     (SEVERE)   PO.DoIt: SELECT VAHRUAE_EmployeCompensation_ID FROM VAHRUAE_EmployeCompensation WHERE C_BPARTNER_ID =  1006732VAHRUAE_COMPENSATIONMASTER_ID = 1000010 => ORA-00933: SQL command not properly ended
03:07:54.754    (INFO)     CacheMgt.Reset: AD_Process: #1 (1)
03:08:06.860    (INFO)     Trx.Start: **** ConnSH637564288866552491System.Random
03:08:06.860    (INFO)     Trx.Commit: **C** ConnSH637564288866552491System.Random
===========>     (SEVERE)   OracleHelper.ExecuteReader: ORA-00933: SQL command not properly ended [Query DR] SELECT VAHRUAE_EmployeCompensation_ID FROM VAHRUAE_EmployeCompensation WHERE C_BPARTNER_ID =  1006732VAHRUAE_COMPENSATIONMASTER_ID = 1000010
===========>     (SEVERE)   OracleHelper.ExecuteReader: ORA-00933: SQL command not properly ended [Query DR] SELECT VAHRUAE_EmployeCompensation_ID FROM VAHRUAE_EmployeCompensation WHERE C_BPARTNER_ID =  1006732VAHRUAE_COMPENSATIONMASTER_ID = 1000010
===========>     (SEVERE)   PO.DoIt: SELECT VAHRUAE_EmployeCompensation_ID FROM VAHRUAE_EmployeCompensation WHERE C_BPARTNER_ID =  1006732VAHRUAE_COMPENSATIONMASTER_ID = 1000010 => ORA-00933: SQL command not properly ended
===========>     (SEVERE)   OracleHelper.ExecuteReader: ORA-00933: SQL command not properly ended [Query DR] SELECT VAHRUAE_EmployeCompensation_ID FROM VAHRUAE_EmployeCompensation WHERE C_BPARTNER_ID =  1006732VAHRUAE_COMPENSATIONMASTER_ID = 1000010
===========>     (SEVERE)   OracleHelper.ExecuteReader: ORA-00933: SQL command not properly ended [Query DR] SELECT VAHRUAE_EmployeCompensation_ID FROM VAHRUAE_EmployeCompensation WHERE C_BPARTNER_ID =  1006732VAHRUAE_COMPENSATIONMASTER_ID = 1000010
===========>     (SEVERE)   PO.DoIt: SELECT VAHRUAE_EmployeCompensation_ID FROM VAHRUAE_EmployeCompensation WHERE C_BPARTNER_ID =  1006732VAHRUAE_COMPENSATIONMASTER_ID = 1000010 => ORA-00933: SQL command not properly ended
03:08:06.860    (INFO)     CacheMgt.Reset: AD_Process: #1 (1)
03:08:16.816    (INFO)     Trx.Start: **** ConnSH637564288960522502System.Random
03:08:16.816    (INFO)     Trx.Commit: **C** ConnSH637564288960522502System.Random
===========>     (SEVERE)   OracleHelper.ExecuteReader: ORA-00933: SQL command not properly ended [Query DR] SELECT VAHRUAE_EmployeCompensation_ID FROM VAHRUAE_EmployeCompensation WHERE C_BPARTNER_ID =  1006732VAHRUAE_COMPENSATIONMASTER_ID = 1000010
===========>     (SEVERE)   OracleHelper.ExecuteReader: ORA-00933: SQL command not properly ended [Query DR] SELECT VAHRUAE_EmployeCompensation_ID FROM VAHRUAE_EmployeCompensation WHERE C_BPARTNER_ID =  1006732VAHRUAE_COMPENSATIONMASTER_ID = 1000010
===========>     (SEVERE)   PO.DoIt: SELECT VAHRUAE_EmployeCompensation_ID FROM VAHRUAE_EmployeCompensation WHERE C_BPARTNER_ID =  1006732VAHRUAE_COMPENSATIONMASTER_ID = 1000010 => ORA-00933: SQL command not properly ended
===========>     (SEVERE)   OracleHelper.ExecuteReader: ORA-00933: SQL command not properly ended [Query DR] SELECT VAHRUAE_EmployeCompensation_ID FROM VAHRUAE_EmployeCompensation WHERE C_BPARTNER_ID =  1006732VAHRUAE_COMPENSATIONMASTER_ID = 1000010
===========>     (SEVERE)   OracleHelper.ExecuteReader: ORA-00933: SQL command not properly ended [Query DR] SELECT VAHRUAE_EmployeCompensation_ID FROM VAHRUAE_EmployeCompensation WHERE C_BPARTNER_ID =  1006732VAHRUAE_COMPENSATIONMASTER_ID = 1000010
===========>     (SEVERE)   PO.DoIt: SELECT VAHRUAE_EmployeCompensation_ID FROM VAHRUAE_EmployeCompensation WHERE C_BPARTNER_ID =  1006732VAHRUAE_COMPENSATIONMASTER_ID = 1000010 => ORA-00933: SQL command not properly ended
03:10:38.103    (INFO)     CacheMgt.Reset: AD_Process: #1 (1)
03:10:48.104    (INFO)     Trx.Start: **** ConnSH637564290485764916System.Random
03:10:48.104    (INFO)     Trx.Commit: **C** ConnSH637564290485764916System.Random
===========>     (SEVERE)   OracleHelper.ExecuteReader: ORA-00933: SQL command not properly ended [Query DR] SELECT VAHRUAE_EmployeCompensation_ID FROM VAHRUAE_EmployeCompensation WHERE C_BPARTNER_ID =  1006732VAHRUAE_COMPENSATIONMASTER_ID = 1000010
===========>     (SEVERE)   OracleHelper.ExecuteReader: ORA-00933: SQL command not properly ended [Query DR] SELECT VAHRUAE_EmployeCompensation_ID FROM VAHRUAE_EmployeCompensation WHERE C_BPARTNER_ID =  1006732VAHRUAE_COMPENSATIONMASTER_ID = 1000010
===========>     (SEVERE)   PO.DoIt: SELECT VAHRUAE_EmployeCompensation_ID FROM VAHRUAE_EmployeCompensation WHERE C_BPARTNER_ID =  1006732VAHRUAE_COMPENSATIONMASTER_ID = 1000010 => ORA-00933: SQL command not properly ended
===========>     (SEVERE)   OracleHelper.ExecuteReader: ORA-00933: SQL command not properly ended [Query DR] SELECT VAHRUAE_EmployeCompensation_ID FROM VAHRUAE_EmployeCompensation WHERE C_BPARTNER_ID =  1006732VAHRUAE_COMPENSATIONMASTER_ID = 1000010
===========>     (SEVERE)   OracleHelper.ExecuteReader: ORA-00933: SQL command not properly ended [Query DR] SELECT VAHRUAE_EmployeCompensation_ID FROM VAHRUAE_EmployeCompensation WHERE C_BPARTNER_ID =  1006732VAHRUAE_COMPENSATIONMASTER_ID = 1000010
===========>     (SEVERE)   PO.DoIt: SELECT VAHRUAE_EmployeCompensation_ID FROM VAHRUAE_EmployeCompensation WHERE C_BPARTNER_ID =  1006732VAHRUAE_COMPENSATIONMASTER_ID = 1000010 => ORA-00933: SQL command not properly ended
03:11:17.111    (INFO)     CacheMgt.Reset: AD_Process: #1 (1)
03:11:24.112    (INFO)     Trx.Start: **** ConnSH637564290845421707System.Random
03:11:24.112    (INFO)     Trx.Commit: **C** ConnSH637564290845421707System.Random
===========>     (SEVERE)   OracleHelper.ExecuteReader: ORA-00933: SQL command not properly ended [Query DR] SELECT VAHRUAE_EmployeCompensation_ID FROM VAHRUAE_EmployeCompensation WHERE C_BPARTNER_ID =  1006732VAHRUAE_COMPENSATIONMASTER_ID = 1000010
===========>     (SEVERE)   OracleHelper.ExecuteReader: ORA-00933: SQL command not properly ended [Query DR] SELECT VAHRUAE_EmployeCompensation_ID FROM VAHRUAE_EmployeCompensation WHERE C_BPARTNER_ID =  1006732VAHRUAE_COMPENSATIONMASTER_ID = 1000010
===========>     (SEVERE)   PO.DoIt: SELECT VAHRUAE_EmployeCompensation_ID FROM VAHRUAE_EmployeCompensation WHERE C_BPARTNER_ID =  1006732VAHRUAE_COMPENSATIONMASTER_ID = 1000010 => ORA-00933: SQL command not properly ended
===========>     (SEVERE)   OracleHelper.ExecuteReader: ORA-00933: SQL command not properly ended [Query DR] SELECT VAHRUAE_EmployeCompensation_ID FROM VAHRUAE_EmployeCompensation WHERE C_BPARTNER_ID =  1006732VAHRUAE_COMPENSATIONMASTER_ID = 1000010
===========>     (SEVERE)   OracleHelper.ExecuteReader: ORA-00933: SQL command not properly ended [Query DR] SELECT VAHRUAE_EmployeCompensation_ID FROM VAHRUAE_EmployeCompensation WHERE C_BPARTNER_ID =  1006732VAHRUAE_COMPENSATIONMASTER_ID = 1000010
===========>     (SEVERE)   PO.DoIt: SELECT VAHRUAE_EmployeCompensation_ID FROM VAHRUAE_EmployeCompensation WHERE C_BPARTNER_ID =  1006732VAHRUAE_COMPENSATIONMASTER_ID = 1000010 => ORA-00933: SQL command not properly ended
