*** 4/19/2021 9:16:29 AM VAdvantage Log  ***
09:16:29.162    (INFO)     Trx.Start: **** ConnSH637544205898011337System.Random
09:16:29.162    (INFO)     Trx.Commit: **C** ConnSH637544205898011337System.Random
09:16:29.162    (INFO)     MChangeLog.FillChangeLog: #9
===========>     (SEVERE)   OracleHelper.ExecuteReader: ORA-01756: quoted string not properly terminated [Query DR] SELECT VAHRUAE_HR_LEAVEDETAIL_ID FROM VAHRUAE_HR_LEAVEDETAIL WHERE C_BPARTNER_ID = 1006731AND VAHRUAE_APPROVE = 'Y' AND VAHRUAE_DATE1>= '20-NOV-20' AND VAHRUAE_DATE1 <= '20-DEC-20
===========>     (SEVERE)   OracleHelper.ExecuteReader: ORA-01756: quoted string not properly terminated [Query DR] SELECT VAHRUAE_HR_LEAVEDETAIL_ID FROM VAHRUAE_HR_LEAVEDETAIL WHERE C_BPARTNER_ID = 1006731AND VAHRUAE_APPROVE = 'Y' AND VAHRUAE_DATE1>= '20-NOV-20' AND VAHRUAE_DATE1 <= '20-DEC-20
===========>     (SEVERE)   PO.DoIt: SELECT VAHRUAE_HR_LEAVEDETAIL_ID FROM VAHRUAE_HR_LEAVEDETAIL WHERE C_BPARTNER_ID = 1006731AND VAHRUAE_APPROVE = 'Y' AND VAHRUAE_DATE1>= '20-NOV-20' AND VAHRUAE_DATE1 <= '20-DEC-20 => ORA-01756: quoted string not properly terminated
09:16:30.163    (INFO)     Trx.Start: **** ConnSH637544205900310255System.Random
09:16:30.163    (INFO)     Trx.Commit: **C** ConnSH637544205900310255System.Random
===========>     (SEVERE)   OracleHelper.ExecuteReader: ORA-01756: quoted string not properly terminated [Query DR] SELECT VAHRUAE_HR_LEAVEDETAIL_ID FROM VAHRUAE_HR_LEAVEDETAIL WHERE C_BPARTNER_ID = 1006731AND VAHRUAE_APPROVE = 'Y' AND VAHRUAE_DATE1>= '20-DEC-20' AND VAHRUAE_DATE1 <= '20-JAN-21
===========>     (SEVERE)   OracleHelper.ExecuteReader: ORA-01756: quoted string not properly terminated [Query DR] SELECT VAHRUAE_HR_LEAVEDETAIL_ID FROM VAHRUAE_HR_LEAVEDETAIL WHERE C_BPARTNER_ID = 1006731AND VAHRUAE_APPROVE = 'Y' AND VAHRUAE_DATE1>= '20-DEC-20' AND VAHRUAE_DATE1 <= '20-JAN-21
===========>     (SEVERE)   PO.DoIt: SELECT VAHRUAE_HR_LEAVEDETAIL_ID FROM VAHRUAE_HR_LEAVEDETAIL WHERE C_BPARTNER_ID = 1006731AND VAHRUAE_APPROVE = 'Y' AND VAHRUAE_DATE1>= '20-DEC-20' AND VAHRUAE_DATE1 <= '20-JAN-21 => ORA-01756: quoted string not properly terminated
09:16:30.163    (INFO)     Trx.Start: **** ConnSH637544205901840700System.Random
09:16:30.163    (INFO)     Trx.Commit: **C** ConnSH637544205901840700System.Random
===========>     (SEVERE)   OracleHelper.ExecuteReader: ORA-01756: quoted string not properly terminated [Query DR] SELECT VAHRUAE_HR_LEAVEDETAIL_ID FROM VAHRUAE_HR_LEAVEDETAIL WHERE C_BPARTNER_ID = 1006731AND VAHRUAE_APPROVE = 'Y' AND VAHRUAE_DATE1>= '20-JAN-21' AND VAHRUAE_DATE1 <= '20-FEB-21
===========>     (SEVERE)   OracleHelper.ExecuteReader: ORA-01756: quoted string not properly terminated [Query DR] SELECT VAHRUAE_HR_LEAVEDETAIL_ID FROM VAHRUAE_HR_LEAVEDETAIL WHERE C_BPARTNER_ID = 1006731AND VAHRUAE_APPROVE = 'Y' AND VAHRUAE_DATE1>= '20-JAN-21' AND VAHRUAE_DATE1 <= '20-FEB-21
===========>     (SEVERE)   PO.DoIt: SELECT VAHRUAE_HR_LEAVEDETAIL_ID FROM VAHRUAE_HR_LEAVEDETAIL WHERE C_BPARTNER_ID = 1006731AND VAHRUAE_APPROVE = 'Y' AND VAHRUAE_DATE1>= '20-JAN-21' AND VAHRUAE_DATE1 <= '20-FEB-21 => ORA-01756: quoted string not properly terminated
09:16:30.163    (INFO)     Trx.Start: **** ConnSH637544205903211903System.Random
09:16:30.163    (INFO)     Trx.Commit: **C** ConnSH637544205903211903System.Random
===========>     (SEVERE)   OracleHelper.ExecuteReader: ORA-01756: quoted string not properly terminated [Query DR] SELECT VAHRUAE_HR_LEAVEDETAIL_ID FROM VAHRUAE_HR_LEAVEDETAIL WHERE C_BPARTNER_ID = 1006731AND VAHRUAE_APPROVE = 'Y' AND VAHRUAE_DATE1>= '20-FEB-21' AND VAHRUAE_DATE1 <= '20-MAR-21
===========>     (SEVERE)   OracleHelper.ExecuteReader: ORA-01756: quoted string not properly terminated [Query DR] SELECT VAHRUAE_HR_LEAVEDETAIL_ID FROM VAHRUAE_HR_LEAVEDETAIL WHERE C_BPARTNER_ID = 1006731AND VAHRUAE_APPROVE = 'Y' AND VAHRUAE_DATE1>= '20-FEB-21' AND VAHRUAE_DATE1 <= '20-MAR-21
===========>     (SEVERE)   PO.DoIt: SELECT VAHRUAE_HR_LEAVEDETAIL_ID FROM VAHRUAE_HR_LEAVEDETAIL WHERE C_BPARTNER_ID = 1006731AND VAHRUAE_APPROVE = 'Y' AND VAHRUAE_DATE1>= '20-FEB-21' AND VAHRUAE_DATE1 <= '20-MAR-21 => ORA-01756: quoted string not properly terminated
