*** 4/8/2021 11:54:35 AM VAdvantage Log  ***
11:54:35.543    (INFO)     MSession.Logout: 02:00:06.531
----------->     (WARNING)  MSession.Get: Session Processed=X_AD_Session[1002748]
11:54:35.543    (INFO)     MRole.Get: AD_Role_ID=0, AD_User_ID=100, reload=True
11:54:35.543    (INFO)     MRole.Get: MRole[0,System Administrator,UserLevel=S  ,AD_Client_ID=0,AD_Org_ID=0]
11:54:35.543    (INFO)     MTree.Load: AD_Tree_ID=121, AD_User_ID=100, Editable=False, OnClient=True
11:54:35.543    (INFO)     Trx.Start: **** ConnSH637534796757715922System.Random
11:54:35.543    (INFO)     Trx.Commit: **C** ConnSH637534796757715922System.Random
----------->     (WARNING)  AccessSqlParser.GetTableInfo: More than one FROM clause - SELECT AppointmentsInfo.Appointmentsinfo_id AS ID,AppointmentsInfo.AD_Client_ID,AppointmentsInfo.AD_Org_ID  FROM AppointmentsInfo JOIN AD_User ON AD_User.AD_User_ID =AppointmentsInfo.CreatedBy WHERE AppointmentsInfo.IsRead='N' AND AppointmentsInfo.istask ='N'  AND AppointmentsInfo.AD_User_ID  = 100  UNION SELECT AppointmentsInfo.Appointmentsinfo_id AS ID, AppointmentsInfo.AD_Client_ID,AppointmentsInfo.AD_Org_ID FROM AppointmentsInfo  JOIN AD_User ON AD_User.AD_User_ID = AppointmentsInfo.CreatedBy  WHERE (AppointmentsInfo.IsRead ='Y'   AND AppointmentsInfo.AD_User_ID = 100 )  AND AppointmentsInfo.istask ='N'  AND AppointmentsInfo.startDate BETWEEN to_date('4/07/21','mm/dd/yy') and to_date('4/15/21 23.59','mm/dd/yy HH24:MI')   OR  to_date('4/08/21','mm/dd/yy')  BETWEEN  AppointmentsInfo.startDate  AND AppointmentsInfo.endDate  AND  AppointmentsInfo.CreatedBy  !=100 AND AppointmentsInfo.AD_User_ID  = 100)
----------->     (WARNING)  AccessSqlParser.GetTableInfo: Could not remove ON AppointmentsInfo JOIN AD_User ON AD_User.AD_User_ID =AppointmentsInfo.CreatedBy
----------->     (WARNING)  GridTable.GetField: Not found: 'Created'
----------->     (WARNING)  GridTable.GetField: Not found: 'CreatedBy'
----------->     (WARNING)  GridTable.GetField: Not found: 'Updated'
----------->     (WARNING)  GridTable.GetField: Not found: 'UpdatedBy'
===========>     (SEVERE)   OracleHelper.ExecuteDataset: ORA-00942: table or view does not exist [Query D] => SELECT vadms_windowdoclink_id, record_id FROM VADMS_WindowDocLink wdl JOIN vadms_document doc ON wdl.VADMS_Document_ID  =doc.VADMS_Document_ID WHERE doc.vadms_docstatus!='DD' AND AD_Table_ID =100
----------->     (WARNING)  GridTable.GetField: Not found: 'Created'
----------->     (WARNING)  GridTable.GetField: Not found: 'CreatedBy'
----------->     (WARNING)  GridTable.GetField: Not found: 'Updated'
----------->     (WARNING)  GridTable.GetField: Not found: 'UpdatedBy'
----------->     (WARNING)  GridTable.GetField: Not found: 'Created'
----------->     (WARNING)  GridTable.GetField: Not found: 'CreatedBy'
----------->     (WARNING)  GridTable.GetField: Not found: 'Updated'
----------->     (WARNING)  GridTable.GetField: Not found: 'UpdatedBy'
===========>     (SEVERE)   OracleHelper.ExecuteDataset: ORA-00942: table or view does not exist [Query D] => SELECT vadms_windowdoclink_id, record_id FROM VADMS_WindowDocLink wdl JOIN vadms_document doc ON wdl.VADMS_Document_ID  =doc.VADMS_Document_ID WHERE doc.vadms_docstatus!='DD' AND AD_Table_ID =101
----------->     (WARNING)  GridTable.GetField: Not found: 'Created'
----------->     (WARNING)  GridTable.GetField: Not found: 'CreatedBy'
----------->     (WARNING)  GridTable.GetField: Not found: 'Updated'
----------->     (WARNING)  GridTable.GetField: Not found: 'UpdatedBy'
----------->     (WARNING)  GridTable.GetField: Not found: 'Created'
----------->     (WARNING)  GridTable.GetField: Not found: 'CreatedBy'
----------->     (WARNING)  GridTable.GetField: Not found: 'Updated'
----------->     (WARNING)  GridTable.GetField: Not found: 'UpdatedBy'
----------->     (WARNING)  GridTable.GetField: Not found: 'Created'
----------->     (WARNING)  GridTable.GetField: Not found: 'CreatedBy'
----------->     (WARNING)  GridTable.GetField: Not found: 'Updated'
----------->     (WARNING)  GridTable.GetField: Not found: 'UpdatedBy'
11:54:38.543    (INFO)     Trx.Start: **** ConnSH637534796788691895System.Random
11:54:38.543    (INFO)     Trx.Commit: **C** ConnSH637534796788691895System.Random
11:54:39.543    (INFO)     Trx.Start: **** ConnSH637534796799284195System.Random
11:54:39.543    (INFO)     Trx.Commit: **C** ConnSH637534796799284195System.Random
11:54:43.544    (INFO)     Trx.Start: **** ConnSH637534796830085539System.Random
11:54:43.544    (INFO)     Trx.Commit: **C** ConnSH637534796830085539System.Random
11:54:53.545    (INFO)     Trx.Start: **** ConnSH637534796932435587System.Random
11:54:53.545    (INFO)     Trx.Commit: **C** ConnSH637534796932435587System.Random
11:55:22.552    (INFO)     Trx.Start: **** ConnSH637534797221810887System.Random
11:55:22.552    (INFO)     Trx.Commit: **C** ConnSH637534797221810887System.Random
11:55:22.552    (INFO)     MChangeLog.FillChangeLog: #9
11:55:22.552    (INFO)     Trx.Start: **** ConnSH637534797221950553System.Random
11:55:22.552    (INFO)     Trx.Commit: **C** ConnSH637534797221950553System.Random
11:55:28.552    (INFO)     Trx.Start: **** ConnSH637534797282945937System.Random
11:55:28.552    (INFO)     Trx.Commit: **C** ConnSH637534797282945937System.Random
11:55:28.552    (INFO)     CacheMgt.Reset: AD_Column: #1 (0)
11:55:30.553    (INFO)     Trx.Start: **** ConnSH637534797303804390System.Random
11:55:30.553    (INFO)     Trx.Commit: **C** ConnSH637534797303804390System.Random
11:55:30.553    (INFO)     ColumnSync.DoIt: C_Column_ID=1021989
11:55:30.553    (INFO)     Trx.Start: **** SvrProcess
11:55:30.553    (INFO)     ColumnSync.AddLog: 0 - 1/1/0001 12:00:00 AM - 1 - ALTER TABLE VAHRUAE_HR_Employee ADD VAHRUAE_HR_AttendanceRule_ID NUMBER(10)
===========>     (SEVERE)   OracleHelper.ExecuteNonQuery: ORA-02250: missing or invalid constraint name [Query NQTrx]ALTER TABLE VAHRUAE_HR_Employee DROP CONSTRAINT 
===========>     (SEVERE)   DB.ExecuteQuery: SvrProcess => ORA-02250: missing or invalid constraint name
----------->     (WARNING)  DB.ExecuteQuery: DBExecuteError - ORA-02250: missing or invalid constraint name
11:55:30.553    (INFO)     ColumnSync.AddLog: 0 -  - -1 - ALTER TABLE VAHRUAE_HR_Employee DROP CONSTRAINT 
