*** 5/25/2021 10:37:58 AM VAdvantage Log  ***
10:37:58.375    (INFO)     Trx.Start: **** ConnSH637575358784585528System.Random
10:37:58.375    (INFO)     Trx.Commit: **C** ConnSH637575358784585528System.Random
10:37:58.375    (INFO)     MChangeLog.FillChangeLog: #9
10:37:58.375    (INFO)     Trx.Start: **** ConnSH637575358788631061System.Random
10:37:58.375    (INFO)     Trx.Commit: **C** ConnSH637575358788631061System.Random
===========>     (SEVERE)   OracleHelper.ExecuteReader: ORA-00904: "C_BPARTNER": invalid identifier [Query DR] SELECT VAHRUAE_EMPLOYECOMPENSATION_ID FROM VAHRUAE_EMPLOYECOMPENSATION WHERE C_BPartner = 1006731 AND C_PERIOD_ID = 1000193 AND VAHRUAE_COMPENSATIONMASTER_ID != 1000010
===========>     (SEVERE)   OracleHelper.ExecuteReader: ORA-00904: "C_BPARTNER": invalid identifier [Query DR] SELECT VAHRUAE_EMPLOYECOMPENSATION_ID FROM VAHRUAE_EMPLOYECOMPENSATION WHERE C_BPartner = 1006731 AND C_PERIOD_ID = 1000193 AND VAHRUAE_COMPENSATIONMASTER_ID != 1000010
===========>     (SEVERE)   PO.DoIt: SELECT VAHRUAE_EMPLOYECOMPENSATION_ID FROM VAHRUAE_EMPLOYECOMPENSATION WHERE C_BPartner = 1006731 AND C_PERIOD_ID = 1000193 AND VAHRUAE_COMPENSATIONMASTER_ID != 1000010 => ORA-00904: "C_BPARTNER": invalid identifier
10:37:58.375    (INFO)     Trx.Start: **** ConnSH637575358789001045System.Random
10:37:58.375    (INFO)     Trx.Commit: **C** ConnSH637575358789001045System.Random
10:37:58.375    (INFO)     Trx.Start: **** ConnDDH637575358789131294System.Random
10:37:58.375    (INFO)     Trx.ExecuteDataSet: Trx Dataset ConnDDH637575358789131294System.Random 9
10:37:58.375    (INFO)     Trx.ExecuteQuery: Trx non-query ConnDDH637575358789131294System.Random 9
10:37:58.375    (INFO)     Trx.Commit: **C** ConnDDH637575358789131294System.Random
10:37:58.375    (INFO)     CacheMgt.Reset: AD_Process: #1 (1)
10:38:30.383    (INFO)     Trx.Start: **** ConnSH637575359106532709System.Random
10:38:30.383    (INFO)     Trx.Commit: **C** ConnSH637575359106532709System.Random
10:38:30.383    (INFO)     Trx.Start: **** ConnSH637575359109423949System.Random
10:38:30.383    (INFO)     Trx.Commit: **C** ConnSH637575359109423949System.Random
===========>     (SEVERE)   OracleHelper.ExecuteReader: ORA-00904: "C_BPARTNER": invalid identifier [Query DR] SELECT VAHRUAE_EMPLOYECOMPENSATION_ID FROM VAHRUAE_EMPLOYECOMPENSATION WHERE C_BPartner = 1006731 AND C_PERIOD_ID = 1000193 AND VAHRUAE_COMPENSATIONMASTER_ID != 1000010
===========>     (SEVERE)   OracleHelper.ExecuteReader: ORA-00904: "C_BPARTNER": invalid identifier [Query DR] SELECT VAHRUAE_EMPLOYECOMPENSATION_ID FROM VAHRUAE_EMPLOYECOMPENSATION WHERE C_BPartner = 1006731 AND C_PERIOD_ID = 1000193 AND VAHRUAE_COMPENSATIONMASTER_ID != 1000010
===========>     (SEVERE)   PO.DoIt: SELECT VAHRUAE_EMPLOYECOMPENSATION_ID FROM VAHRUAE_EMPLOYECOMPENSATION WHERE C_BPartner = 1006731 AND C_PERIOD_ID = 1000193 AND VAHRUAE_COMPENSATIONMASTER_ID != 1000010 => ORA-00904: "C_BPARTNER": invalid identifier
