*** 4/15/2021 12:42:02 PM VAdvantage Log  ***
12:42:02.422    (INFO)     Trx.Start: **** ConnSH637540873224027637System.Random
12:42:02.422    (INFO)     Trx.Commit: **C** ConnSH637540873224027637System.Random
12:42:02.422    (INFO)     MChangeLog.FillChangeLog: #9
12:42:02.422    (INFO)     Trx.Start: **** ConnSH637540873224658943System.Random
12:42:02.422    (INFO)     Trx.Commit: **C** ConnSH637540873224658943System.Random
12:42:02.422    (INFO)     Trx.Start: **** ConnSH637540873224809028System.Random
12:42:02.422    (INFO)     Trx.Commit: **C** ConnSH637540873224809028System.Random
12:42:02.422    (INFO)     Trx.Start: **** ConnSH637540873226079045System.Random
12:42:02.422    (INFO)     Trx.Commit: **C** ConnSH637540873226079045System.Random
12:42:02.422    (INFO)     Trx.Start: **** ConnSH637540873227035189System.Random
12:42:02.422    (INFO)     Trx.Commit: **C** ConnSH637540873227035189System.Random
12:42:02.422    (INFO)     Trx.Start: **** ConnSH637540873227985237System.Random
12:42:02.422    (INFO)     Trx.Commit: **C** ConnSH637540873227985237System.Random
12:42:02.422    (INFO)     Trx.Start: **** ConnSH637540873228854240System.Random
12:42:02.422    (INFO)     Trx.Commit: **C** ConnSH637540873228854240System.Random
12:42:02.422    (INFO)     CacheMgt.Reset: AD_Process: #1 (1)
12:43:30.433    (INFO)     Trx.Start: **** ConnSH637540874108898854System.Random
12:43:30.433    (INFO)     Trx.Commit: **C** ConnSH637540874108898854System.Random
12:43:30.433    (INFO)     Trx.Start: **** ConnSH637540874109159970System.Random
12:43:30.433    (INFO)     Trx.Commit: **C** ConnSH637540874109159970System.Random
12:43:31.433    (INFO)     Trx.Start: **** ConnSH637540874110187459System.Random
12:43:31.433    (INFO)     Trx.Commit: **C** ConnSH637540874110187459System.Random
12:43:31.433    (INFO)     Trx.Start: **** ConnSH637540874111126648System.Random
12:43:31.433    (INFO)     Trx.Commit: **C** ConnSH637540874111126648System.Random
12:43:31.433    (INFO)     Trx.Start: **** ConnSH637540874112094872System.Random
12:43:31.433    (INFO)     Trx.Commit: **C** ConnSH637540874112094872System.Random
12:43:31.433    (INFO)     Trx.Start: **** ConnSH637540874112955013System.Random
12:43:31.433    (INFO)     Trx.Commit: **C** ConnSH637540874112955013System.Random
12:43:31.433    (INFO)     CacheMgt.Reset: AD_Process: #1 (1)
12:44:49.444    (INFO)     Trx.Start: **** ConnSH637540874898276815System.Random
12:44:49.444    (INFO)     Trx.Commit: **C** ConnSH637540874898276815System.Random
12:44:49.444    (INFO)     Trx.Start: **** ConnSH637540874898463027System.Random
12:44:49.444    (INFO)     Trx.Commit: **C** ConnSH637540874898463027System.Random
12:44:49.444    (INFO)     Trx.Start: **** ConnSH637540874898573997System.Random
12:44:49.444    (INFO)     Trx.Commit: **C** ConnSH637540874898573997System.Random
12:45:10.451    (INFO)     Trx.Start: **** ConnSH637540875102268303System.Random
12:45:10.451    (INFO)     Trx.Commit: **C** ConnSH637540875102268303System.Random
12:45:10.451    (INFO)     Trx.Start: **** ConnSH637540875103158609System.Random
12:45:10.451    (INFO)     Trx.Commit: **C** ConnSH637540875103158609System.Random
12:45:10.451    (INFO)     Trx.Start: **** ConnSH637540875104077370System.Random
