*** 4/18/2021 12:16:54 PM VAdvantage Log  ***
12:16:54.165    (INFO)     Trx.Start: **** ConnSH637543450144343304System.Random
12:16:54.165    (INFO)     Trx.Commit: **C** ConnSH637543450144343304System.Random
12:16:54.165    (INFO)     MChangeLog.FillChangeLog: #9
12:16:55.165    (INFO)     Trx.Start: **** ConnSH637543450150094707System.Random
12:16:55.165    (INFO)     Trx.Commit: **C** ConnSH637543450150094707System.Random
12:16:58.165    (INFO)     Trx.Start: **** ConnSH637543450180233359System.Random
12:16:58.165    (INFO)     Trx.Commit: **C** ConnSH637543450180233359System.Random
12:16:58.165    (INFO)     CacheMgt.Reset: AD_Process: #1 (1)
12:18:09.189    (INFO)     Trx.Start: **** ConnSH637543450893183580System.Random
12:18:09.189    (INFO)     Trx.Commit: **C** ConnSH637543450893183580System.Random
12:18:09.189    (INFO)     Trx.Start: **** ConnSH637543450893753740System.Random
12:18:09.189    (INFO)     Trx.Commit: **C** ConnSH637543450893753740System.Random
12:18:14.181    (INFO)     Trx.Start: **** ConnSH637543450940161612System.Random
12:18:14.181    (INFO)     Trx.Commit: **C** ConnSH637543450940161612System.Random
12:18:22.182    (INFO)     CacheMgt.Reset: AD_Process: #1 (1)
12:18:36.183    (INFO)     Trx.Start: **** ConnSH637543451167465663System.Random
12:18:36.183    (INFO)     Trx.Commit: **C** ConnSH637543451167465663System.Random
12:26:28.262    (INFO)     Trx.Start: **** ConnSH637543455882868933System.Random
12:26:28.262    (INFO)     Trx.Commit: **C** ConnSH637543455882868933System.Random
12:26:28.262    (INFO)     Trx.Start: **** ConnSH637543455883258915System.Random
