*** 5/24/2021 4:25:22 PM VAdvantage Log  ***
04:25:22.252    (INFO)     Trx.Start: **** ConnSH637574703227236584System.Random
04:25:22.252    (INFO)     Trx.Commit: **C** ConnSH637574703227236584System.Random
04:25:22.252    (INFO)     MChangeLog.FillChangeLog: #9
04:25:37.253    (INFO)     Trx.Start: **** ConnSH637574703379785547System.Random
04:25:37.253    (INFO)     Trx.Commit: **C** ConnSH637574703379785547System.Random
===========>     (SEVERE)   OracleHelper.ExecuteReader: ORA-00904: "C_BPARTNER": invalid identifier [Query DR] SELECT VAHRUAE_EMPLOYECOMPENSATION_ID FROM VAHRUAE_EMPLOYECOMPENSATION WHERE C_BPartner = 1006731 AND C_PERIOD_ID = 1000193 AND VAHRUAE_COMPENSATIONMASTER_ID != 1000010
===========>     (SEVERE)   OracleHelper.ExecuteReader: ORA-00904: "C_BPARTNER": invalid identifier [Query DR] SELECT VAHRUAE_EMPLOYECOMPENSATION_ID FROM VAHRUAE_EMPLOYECOMPENSATION WHERE C_BPartner = 1006731 AND C_PERIOD_ID = 1000193 AND VAHRUAE_COMPENSATIONMASTER_ID != 1000010
===========>     (SEVERE)   PO.DoIt: SELECT VAHRUAE_EMPLOYECOMPENSATION_ID FROM VAHRUAE_EMPLOYECOMPENSATION WHERE C_BPartner = 1006731 AND C_PERIOD_ID = 1000193 AND VAHRUAE_COMPENSATIONMASTER_ID != 1000010 => ORA-00904: "C_BPARTNER": invalid identifier
04:25:38.253    (INFO)     Trx.Start: **** ConnSH637574703380165561System.Random
04:25:38.253    (INFO)     Trx.Commit: **C** ConnSH637574703380165561System.Random
04:25:38.253    (INFO)     Trx.Start: **** ConnDDH637574703380306001System.Random
04:25:38.253    (INFO)     Trx.ExecuteDataSet: Trx Dataset ConnDDH637574703380306001System.Random 141
04:25:38.253    (INFO)     Trx.ExecuteQuery: Trx non-query ConnDDH637574703380306001System.Random 141
04:25:38.253    (INFO)     Trx.Commit: **C** ConnDDH637574703380306001System.Random
04:25:38.253    (INFO)     CacheMgt.Reset: AD_Process: #1 (1)
04:26:05.265    (INFO)     Trx.Start: **** ConnSH637574703652860523System.Random
04:26:05.265    (INFO)     Trx.Commit: **C** ConnSH637574703652860523System.Random
04:26:09.269    (INFO)     Trx.Start: **** ConnSH637574703695502679System.Random
04:26:09.269    (INFO)     Trx.Commit: **C** ConnSH637574703695502679System.Random
===========>     (SEVERE)   OracleHelper.ExecuteReader: ORA-00904: "C_BPARTNER": invalid identifier [Query DR] SELECT VAHRUAE_EMPLOYECOMPENSATION_ID FROM VAHRUAE_EMPLOYECOMPENSATION WHERE C_BPartner = 1006731 AND C_PERIOD_ID = 1000193 AND VAHRUAE_COMPENSATIONMASTER_ID != 1000010
===========>     (SEVERE)   OracleHelper.ExecuteReader: ORA-00904: "C_BPARTNER": invalid identifier [Query DR] SELECT VAHRUAE_EMPLOYECOMPENSATION_ID FROM VAHRUAE_EMPLOYECOMPENSATION WHERE C_BPartner = 1006731 AND C_PERIOD_ID = 1000193 AND VAHRUAE_COMPENSATIONMASTER_ID != 1000010
===========>     (SEVERE)   PO.DoIt: SELECT VAHRUAE_EMPLOYECOMPENSATION_ID FROM VAHRUAE_EMPLOYECOMPENSATION WHERE C_BPartner = 1006731 AND C_PERIOD_ID = 1000193 AND VAHRUAE_COMPENSATIONMASTER_ID != 1000010 => ORA-00904: "C_BPARTNER": invalid identifier
04:26:09.269    (INFO)     Trx.Start: **** ConnSH637574703695676561System.Random
04:26:09.269    (INFO)     Trx.Commit: **C** ConnSH637574703695676561System.Random
04:26:09.269    (INFO)     Trx.Start: **** ConnDDH637574703695732458System.Random
04:26:09.269    (INFO)     Trx.ExecuteDataSet: Trx Dataset ConnDDH637574703695732458System.Random 58
04:26:09.269    (INFO)     Trx.ExecuteQuery: Trx non-query ConnDDH637574703695732458System.Random 58
04:26:09.269    (INFO)     Trx.Commit: **C** ConnDDH637574703695732458System.Random
04:26:09.269    (INFO)     CacheMgt.Reset: AD_Process: #1 (1)
04:28:39.283    (INFO)     Trx.Start: **** ConnSH637574705199985884System.Random
04:28:40.284    (INFO)     Trx.Commit: **C** ConnSH637574705199985884System.Random
04:30:37.303    (INFO)     Trx.Start: **** ConnSH637574706379256541System.Random
04:30:38.303    (INFO)     Trx.Commit: **C** ConnSH637574706379256541System.Random
===========>     (SEVERE)   OracleHelper.ExecuteReader: ORA-00904: "C_BPARTNER": invalid identifier [Query DR] SELECT VAHRUAE_EMPLOYECOMPENSATION_ID FROM VAHRUAE_EMPLOYECOMPENSATION WHERE C_BPartner = 1006731 AND C_PERIOD_ID = 1000193 AND VAHRUAE_COMPENSATIONMASTER_ID != 1000010
===========>     (SEVERE)   OracleHelper.ExecuteReader: ORA-00904: "C_BPARTNER": invalid identifier [Query DR] SELECT VAHRUAE_EMPLOYECOMPENSATION_ID FROM VAHRUAE_EMPLOYECOMPENSATION WHERE C_BPartner = 1006731 AND C_PERIOD_ID = 1000193 AND VAHRUAE_COMPENSATIONMASTER_ID != 1000010
===========>     (SEVERE)   PO.DoIt: SELECT VAHRUAE_EMPLOYECOMPENSATION_ID FROM VAHRUAE_EMPLOYECOMPENSATION WHERE C_BPartner = 1006731 AND C_PERIOD_ID = 1000193 AND VAHRUAE_COMPENSATIONMASTER_ID != 1000010 => ORA-00904: "C_BPARTNER": invalid identifier
04:30:38.303    (INFO)     Trx.Start: **** ConnSH637574706380375523System.Random
04:30:38.303    (INFO)     Trx.Commit: **C** ConnSH637574706380375523System.Random
04:30:38.303    (INFO)     Trx.Start: **** ConnDDH637574706380435963System.Random
04:30:38.303    (INFO)     Trx.ExecuteDataSet: Trx Dataset ConnDDH637574706380435963System.Random 49
04:30:38.303    (INFO)     Trx.ExecuteQuery: Trx non-query ConnDDH637574706380435963System.Random 49
04:30:38.303    (INFO)     Trx.Commit: **C** ConnDDH637574706380435963System.Random
04:30:38.303    (INFO)     CacheMgt.Reset: AD_Process: #1 (1)
04:31:08.318    (INFO)     Trx.Start: **** ConnSH637574706683227726System.Random
04:31:08.318    (INFO)     Trx.Commit: **C** ConnSH637574706683227726System.Random
04:31:28.312    (INFO)     Trx.Start: **** ConnSH637574706881886912System.Random
04:31:28.312    (INFO)     Trx.Commit: **C** ConnSH637574706881886912System.Random
===========>     (SEVERE)   OracleHelper.ExecuteReader: ORA-00904: "C_BPARTNER": invalid identifier [Query DR] SELECT VAHRUAE_EMPLOYECOMPENSATION_ID FROM VAHRUAE_EMPLOYECOMPENSATION WHERE C_BPartner = 1006731 AND C_PERIOD_ID = 1000193 AND VAHRUAE_COMPENSATIONMASTER_ID != 1000010
===========>     (SEVERE)   OracleHelper.ExecuteReader: ORA-00904: "C_BPARTNER": invalid identifier [Query DR] SELECT VAHRUAE_EMPLOYECOMPENSATION_ID FROM VAHRUAE_EMPLOYECOMPENSATION WHERE C_BPartner = 1006731 AND C_PERIOD_ID = 1000193 AND VAHRUAE_COMPENSATIONMASTER_ID != 1000010
===========>     (SEVERE)   PO.DoIt: SELECT VAHRUAE_EMPLOYECOMPENSATION_ID FROM VAHRUAE_EMPLOYECOMPENSATION WHERE C_BPartner = 1006731 AND C_PERIOD_ID = 1000193 AND VAHRUAE_COMPENSATIONMASTER_ID != 1000010 => ORA-00904: "C_BPARTNER": invalid identifier
04:32:10.321    (INFO)     Trx.Start: **** ConnSH637574707303269941System.Random
04:32:10.321    (INFO)     Trx.Commit: **C** ConnSH637574707303269941System.Random
04:32:10.321    (INFO)     Trx.Start: **** ConnDDH637574707303339943System.Random
04:32:10.321    (INFO)     Trx.ExecuteDataSet: Trx Dataset ConnDDH637574707303339943System.Random 66
04:32:10.321    (INFO)     Trx.ExecuteQuery: Trx non-query ConnDDH637574707303339943System.Random 66
04:32:10.321    (INFO)     Trx.Commit: **C** ConnDDH637574707303339943System.Random
04:32:10.321    (INFO)     CacheMgt.Reset: AD_Process: #1 (1)
04:32:20.322    (INFO)     Trx.Start: **** ConnSH637574707400173458System.Random
04:32:20.322    (INFO)     Trx.Commit: **C** ConnSH637574707400173458System.Random
04:32:24.322    (INFO)     Trx.Start: **** ConnSH637574707448769619System.Random
04:32:24.322    (INFO)     Trx.Commit: **C** ConnSH637574707448769619System.Random
===========>     (SEVERE)   OracleHelper.ExecuteReader: ORA-00904: "C_BPARTNER": invalid identifier [Query DR] SELECT VAHRUAE_EMPLOYECOMPENSATION_ID FROM VAHRUAE_EMPLOYECOMPENSATION WHERE C_BPartner = 1006731 AND C_PERIOD_ID = 1000193 AND VAHRUAE_COMPENSATIONMASTER_ID != 1000010
===========>     (SEVERE)   OracleHelper.ExecuteReader: ORA-00904: "C_BPARTNER": invalid identifier [Query DR] SELECT VAHRUAE_EMPLOYECOMPENSATION_ID FROM VAHRUAE_EMPLOYECOMPENSATION WHERE C_BPartner = 1006731 AND C_PERIOD_ID = 1000193 AND VAHRUAE_COMPENSATIONMASTER_ID != 1000010
===========>     (SEVERE)   PO.DoIt: SELECT VAHRUAE_EMPLOYECOMPENSATION_ID FROM VAHRUAE_EMPLOYECOMPENSATION WHERE C_BPartner = 1006731 AND C_PERIOD_ID = 1000193 AND VAHRUAE_COMPENSATIONMASTER_ID != 1000010 => ORA-00904: "C_BPARTNER": invalid identifier
04:33:43.334    (INFO)     Trx.Start: **** ConnSH637574708236791530System.Random
04:33:43.334    (INFO)     Trx.Commit: **C** ConnSH637574708236791530System.Random
04:33:43.334    (INFO)     Trx.Start: **** ConnDDH637574708236851914System.Random
04:33:43.334    (INFO)     Trx.ExecuteDataSet: Trx Dataset ConnDDH637574708236851914System.Random 49
04:33:43.334    (INFO)     Trx.ExecuteQuery: Trx non-query ConnDDH637574708236851914System.Random 49
04:33:43.334    (INFO)     Trx.Commit: **C** ConnDDH637574708236851914System.Random
04:33:43.334    (INFO)     CacheMgt.Reset: AD_Process: #1 (1)
04:34:11.341    (INFO)     Trx.Start: **** ConnSH637574708513038993System.Random
04:34:11.341    (INFO)     Trx.Commit: **C** ConnSH637574708513038993System.Random
04:34:14.341    (INFO)     Trx.Start: **** ConnSH637574708549730612System.Random
04:34:14.341    (INFO)     Trx.Commit: **C** ConnSH637574708549730612System.Random
===========>     (SEVERE)   OracleHelper.ExecuteReader: ORA-00904: "C_BPARTNER": invalid identifier [Query DR] SELECT VAHRUAE_EMPLOYECOMPENSATION_ID FROM VAHRUAE_EMPLOYECOMPENSATION WHERE C_BPartner = 1006731 AND C_PERIOD_ID = 1000193 AND VAHRUAE_COMPENSATIONMASTER_ID != 1000010
===========>     (SEVERE)   OracleHelper.ExecuteReader: ORA-00904: "C_BPARTNER": invalid identifier [Query DR] SELECT VAHRUAE_EMPLOYECOMPENSATION_ID FROM VAHRUAE_EMPLOYECOMPENSATION WHERE C_BPartner = 1006731 AND C_PERIOD_ID = 1000193 AND VAHRUAE_COMPENSATIONMASTER_ID != 1000010
===========>     (SEVERE)   PO.DoIt: SELECT VAHRUAE_EMPLOYECOMPENSATION_ID FROM VAHRUAE_EMPLOYECOMPENSATION WHERE C_BPartner = 1006731 AND C_PERIOD_ID = 1000193 AND VAHRUAE_COMPENSATIONMASTER_ID != 1000010 => ORA-00904: "C_BPARTNER": invalid identifier
04:34:36.343    (INFO)     Trx.Start: **** ConnSH637574708766920931System.Random
04:34:36.343    (INFO)     Trx.Commit: **C** ConnSH637574708766920931System.Random
04:34:36.343    (INFO)     Trx.Start: **** ConnDDH637574708766990943System.Random
04:34:36.343    (INFO)     Trx.ExecuteDataSet: Trx Dataset ConnDDH637574708766990943System.Random 49
04:34:36.343    (INFO)     Trx.ExecuteQuery: Trx non-query ConnDDH637574708766990943System.Random 49
04:34:36.343    (INFO)     Trx.Commit: **C** ConnDDH637574708766990943System.Random
04:34:36.343    (INFO)     CacheMgt.Reset: AD_Process: #1 (1)
04:34:53.345    (INFO)     Trx.Start: **** ConnSH637574708934240212System.Random
04:34:53.345    (INFO)     Trx.Commit: **C** ConnSH637574708934240212System.Random
04:34:57.345    (INFO)     Trx.Start: **** ConnSH637574708970953969System.Random
04:34:57.345    (INFO)     Trx.Commit: **C** ConnSH637574708970953969System.Random
===========>     (SEVERE)   OracleHelper.ExecuteReader: ORA-00904: "C_BPARTNER": invalid identifier [Query DR] SELECT VAHRUAE_EMPLOYECOMPENSATION_ID FROM VAHRUAE_EMPLOYECOMPENSATION WHERE C_BPartner = 1006731 AND C_PERIOD_ID = 1000193 AND VAHRUAE_COMPENSATIONMASTER_ID != 1000010
===========>     (SEVERE)   OracleHelper.ExecuteReader: ORA-00904: "C_BPARTNER": invalid identifier [Query DR] SELECT VAHRUAE_EMPLOYECOMPENSATION_ID FROM VAHRUAE_EMPLOYECOMPENSATION WHERE C_BPartner = 1006731 AND C_PERIOD_ID = 1000193 AND VAHRUAE_COMPENSATIONMASTER_ID != 1000010
===========>     (SEVERE)   PO.DoIt: SELECT VAHRUAE_EMPLOYECOMPENSATION_ID FROM VAHRUAE_EMPLOYECOMPENSATION WHERE C_BPartner = 1006731 AND C_PERIOD_ID = 1000193 AND VAHRUAE_COMPENSATIONMASTER_ID != 1000010 => ORA-00904: "C_BPARTNER": invalid identifier
04:36:06.366    (INFO)     Trx.Start: **** ConnSH637574709662348571System.Random
04:36:06.366    (INFO)     Trx.Commit: **C** ConnSH637574709662348571System.Random
04:36:06.366    (INFO)     Trx.Start: **** ConnDDH637574709662408597System.Random
04:36:06.366    (INFO)     Trx.ExecuteDataSet: Trx Dataset ConnDDH637574709662408597System.Random 58
04:36:06.366    (INFO)     Trx.ExecuteQuery: Trx non-query ConnDDH637574709662408597System.Random 58
04:36:06.366    (INFO)     Trx.Commit: **C** ConnDDH637574709662408597System.Random
04:36:06.366    (INFO)     CacheMgt.Reset: AD_Process: #1 (1)
04:36:15.361    (INFO)     Trx.Start: **** ConnSH637574709751373086System.Random
04:36:15.361    (INFO)     Trx.Commit: **C** ConnSH637574709751373086System.Random
04:37:49.374    (INFO)     Trx.Start: **** ConnSH637574710690304106System.Random
04:37:49.374    (INFO)     Trx.Commit: **C** ConnSH637574710690304106System.Random
===========>     (SEVERE)   OracleHelper.ExecuteReader: ORA-00904: "C_BPARTNER": invalid identifier [Query DR] SELECT VAHRUAE_EMPLOYECOMPENSATION_ID FROM VAHRUAE_EMPLOYECOMPENSATION WHERE C_BPartner = 1006731 AND C_PERIOD_ID = 1000193 AND VAHRUAE_COMPENSATIONMASTER_ID != 1000010
===========>     (SEVERE)   OracleHelper.ExecuteReader: ORA-00904: "C_BPARTNER": invalid identifier [Query DR] SELECT VAHRUAE_EMPLOYECOMPENSATION_ID FROM VAHRUAE_EMPLOYECOMPENSATION WHERE C_BPartner = 1006731 AND C_PERIOD_ID = 1000193 AND VAHRUAE_COMPENSATIONMASTER_ID != 1000010
===========>     (SEVERE)   PO.DoIt: SELECT VAHRUAE_EMPLOYECOMPENSATION_ID FROM VAHRUAE_EMPLOYECOMPENSATION WHERE C_BPartner = 1006731 AND C_PERIOD_ID = 1000193 AND VAHRUAE_COMPENSATIONMASTER_ID != 1000010 => ORA-00904: "C_BPARTNER": invalid identifier
04:37:50.375    (INFO)     Trx.Start: **** ConnSH637574710705957283System.Random
04:37:50.375    (INFO)     Trx.Commit: **C** ConnSH637574710705957283System.Random
04:37:50.375    (INFO)     Trx.Start: **** ConnDDH637574710706036336System.Random
04:37:50.375    (INFO)     Trx.ExecuteDataSet: Trx Dataset ConnDDH637574710706036336System.Random 58
04:37:50.375    (INFO)     Trx.ExecuteQuery: Trx non-query ConnDDH637574710706036336System.Random 58
04:37:50.375    (INFO)     Trx.Commit: **C** ConnDDH637574710706036336System.Random
04:37:50.375    (INFO)     CacheMgt.Reset: AD_Process: #1 (1)
04:38:14.381    (INFO)     Trx.Start: **** ConnSH637574710949248537System.Random
04:38:14.381    (INFO)     Trx.Commit: **C** ConnSH637574710949248537System.Random
04:38:56.385    (INFO)     Trx.Start: **** ConnSH637574711366127662System.Random
04:38:56.385    (INFO)     Trx.Commit: **C** ConnSH637574711366127662System.Random
===========>     (SEVERE)   OracleHelper.ExecuteReader: ORA-00904: "C_BPARTNER": invalid identifier [Query DR] SELECT VAHRUAE_EMPLOYECOMPENSATION_ID FROM VAHRUAE_EMPLOYECOMPENSATION WHERE C_BPartner = 1006731 AND C_PERIOD_ID = 1000193 AND VAHRUAE_COMPENSATIONMASTER_ID != 1000010
===========>     (SEVERE)   OracleHelper.ExecuteReader: ORA-00904: "C_BPARTNER": invalid identifier [Query DR] SELECT VAHRUAE_EMPLOYECOMPENSATION_ID FROM VAHRUAE_EMPLOYECOMPENSATION WHERE C_BPartner = 1006731 AND C_PERIOD_ID = 1000193 AND VAHRUAE_COMPENSATIONMASTER_ID != 1000010
===========>     (SEVERE)   PO.DoIt: SELECT VAHRUAE_EMPLOYECOMPENSATION_ID FROM VAHRUAE_EMPLOYECOMPENSATION WHERE C_BPartner = 1006731 AND C_PERIOD_ID = 1000193 AND VAHRUAE_COMPENSATIONMASTER_ID != 1000010 => ORA-00904: "C_BPARTNER": invalid identifier
