*** 5/14/2021 9:57:01 PM VAdvantage Log  ***
09:57:01.571    (INFO)     Trx.Start: **** ConnSH637566262217486885System.Random
09:57:01.571    (INFO)     Trx.Commit: **C** ConnSH637566262217486885System.Random
09:57:01.571    (INFO)     MChangeLog.FillChangeLog: #9
===========>     (SEVERE)   OracleHelper.ExecuteReader: ORA-01756: quoted string not properly terminated [Query DR] SELECT VAHRUAE_HR_LEAVEDETAIL_ID FROM VAHRUAE_HR_LEAVEDETAIL WHERE C_BPARTNER_ID = 1006732AND VAHRUAE_APPROVE = 'Y' AND VAHRUAE_DATE1= '21-JUN-21
===========>     (SEVERE)   OracleHelper.ExecuteReader: ORA-01756: quoted string not properly terminated [Query DR] SELECT VAHRUAE_HR_LEAVEDETAIL_ID FROM VAHRUAE_HR_LEAVEDETAIL WHERE C_BPARTNER_ID = 1006732AND VAHRUAE_APPROVE = 'Y' AND VAHRUAE_DATE1= '21-JUN-21
===========>     (SEVERE)   PO.DoIt: SELECT VAHRUAE_HR_LEAVEDETAIL_ID FROM VAHRUAE_HR_LEAVEDETAIL WHERE C_BPARTNER_ID = 1006732AND VAHRUAE_APPROVE = 'Y' AND VAHRUAE_DATE1= '21-JUN-21 => ORA-01756: quoted string not properly terminated
09:57:06.576    (INFO)     Trx.Start: **** ConnSH637566262266370105System.Random
09:57:06.576    (INFO)     Trx.Commit: **C** ConnSH637566262266370105System.Random
===========>     (SEVERE)   OracleHelper.ExecuteReader: ORA-01756: quoted string not properly terminated [Query DR] SELECT VAHRUAE_HR_LEAVEDETAIL_ID FROM VAHRUAE_HR_LEAVEDETAIL WHERE C_BPARTNER_ID = 1006732AND VAHRUAE_APPROVE = 'Y' AND VAHRUAE_DATE1= '24-JUN-21
===========>     (SEVERE)   OracleHelper.ExecuteReader: ORA-01756: quoted string not properly terminated [Query DR] SELECT VAHRUAE_HR_LEAVEDETAIL_ID FROM VAHRUAE_HR_LEAVEDETAIL WHERE C_BPARTNER_ID = 1006732AND VAHRUAE_APPROVE = 'Y' AND VAHRUAE_DATE1= '24-JUN-21
===========>     (SEVERE)   PO.DoIt: SELECT VAHRUAE_HR_LEAVEDETAIL_ID FROM VAHRUAE_HR_LEAVEDETAIL WHERE C_BPARTNER_ID = 1006732AND VAHRUAE_APPROVE = 'Y' AND VAHRUAE_DATE1= '24-JUN-21 => ORA-01756: quoted string not properly terminated
09:57:09.579    (INFO)     Trx.Start: **** ConnSH637566262295627899System.Random
09:57:09.579    (INFO)     Trx.Commit: **C** ConnSH637566262295627899System.Random
===========>     (SEVERE)   OracleHelper.ExecuteReader: ORA-01756: quoted string not properly terminated [Query DR] SELECT VAHRUAE_HR_LEAVEDETAIL_ID FROM VAHRUAE_HR_LEAVEDETAIL WHERE C_BPARTNER_ID = 1006732AND VAHRUAE_APPROVE = 'Y' AND VAHRUAE_DATE1= '27-JUN-21
===========>     (SEVERE)   OracleHelper.ExecuteReader: ORA-01756: quoted string not properly terminated [Query DR] SELECT VAHRUAE_HR_LEAVEDETAIL_ID FROM VAHRUAE_HR_LEAVEDETAIL WHERE C_BPARTNER_ID = 1006732AND VAHRUAE_APPROVE = 'Y' AND VAHRUAE_DATE1= '27-JUN-21
===========>     (SEVERE)   PO.DoIt: SELECT VAHRUAE_HR_LEAVEDETAIL_ID FROM VAHRUAE_HR_LEAVEDETAIL WHERE C_BPARTNER_ID = 1006732AND VAHRUAE_APPROVE = 'Y' AND VAHRUAE_DATE1= '27-JUN-21 => ORA-01756: quoted string not properly terminated
09:57:15.571    (INFO)     Trx.Start: **** ConnSH637566262355874642System.Random
09:57:15.571    (INFO)     Trx.Commit: **C** ConnSH637566262355874642System.Random
===========>     (SEVERE)   OracleHelper.ExecuteReader: ORA-01756: quoted string not properly terminated [Query DR] SELECT VAHRUAE_HR_LEAVEDETAIL_ID FROM VAHRUAE_HR_LEAVEDETAIL WHERE C_BPARTNER_ID = 1006732AND VAHRUAE_APPROVE = 'Y' AND VAHRUAE_DATE1= '30-JUN-21
===========>     (SEVERE)   OracleHelper.ExecuteReader: ORA-01756: quoted string not properly terminated [Query DR] SELECT VAHRUAE_HR_LEAVEDETAIL_ID FROM VAHRUAE_HR_LEAVEDETAIL WHERE C_BPARTNER_ID = 1006732AND VAHRUAE_APPROVE = 'Y' AND VAHRUAE_DATE1= '30-JUN-21
===========>     (SEVERE)   PO.DoIt: SELECT VAHRUAE_HR_LEAVEDETAIL_ID FROM VAHRUAE_HR_LEAVEDETAIL WHERE C_BPARTNER_ID = 1006732AND VAHRUAE_APPROVE = 'Y' AND VAHRUAE_DATE1= '30-JUN-21 => ORA-01756: quoted string not properly terminated
09:57:28.572    (INFO)     Trx.Start: **** ConnSH637566262486815033System.Random
09:57:28.572    (INFO)     Trx.Commit: **C** ConnSH637566262486815033System.Random
===========>     (SEVERE)   OracleHelper.ExecuteReader: ORA-01756: quoted string not properly terminated [Query DR] SELECT VAHRUAE_HR_LEAVEDETAIL_ID FROM VAHRUAE_HR_LEAVEDETAIL WHERE C_BPARTNER_ID = 1006732AND VAHRUAE_APPROVE = 'Y' AND VAHRUAE_DATE1= '03-JUL-21
===========>     (SEVERE)   OracleHelper.ExecuteReader: ORA-01756: quoted string not properly terminated [Query DR] SELECT VAHRUAE_HR_LEAVEDETAIL_ID FROM VAHRUAE_HR_LEAVEDETAIL WHERE C_BPARTNER_ID = 1006732AND VAHRUAE_APPROVE = 'Y' AND VAHRUAE_DATE1= '03-JUL-21
===========>     (SEVERE)   PO.DoIt: SELECT VAHRUAE_HR_LEAVEDETAIL_ID FROM VAHRUAE_HR_LEAVEDETAIL WHERE C_BPARTNER_ID = 1006732AND VAHRUAE_APPROVE = 'Y' AND VAHRUAE_DATE1= '03-JUL-21 => ORA-01756: quoted string not properly terminated
09:57:36.573    (INFO)     Trx.Start: **** ConnSH637566262566242755System.Random
09:57:36.573    (INFO)     Trx.Commit: **C** ConnSH637566262566242755System.Random
===========>     (SEVERE)   OracleHelper.ExecuteReader: ORA-01756: quoted string not properly terminated [Query DR] SELECT VAHRUAE_HR_LEAVEDETAIL_ID FROM VAHRUAE_HR_LEAVEDETAIL WHERE C_BPARTNER_ID = 1006732AND VAHRUAE_APPROVE = 'Y' AND VAHRUAE_DATE1= '06-JUL-21
===========>     (SEVERE)   OracleHelper.ExecuteReader: ORA-01756: quoted string not properly terminated [Query DR] SELECT VAHRUAE_HR_LEAVEDETAIL_ID FROM VAHRUAE_HR_LEAVEDETAIL WHERE C_BPARTNER_ID = 1006732AND VAHRUAE_APPROVE = 'Y' AND VAHRUAE_DATE1= '06-JUL-21
===========>     (SEVERE)   PO.DoIt: SELECT VAHRUAE_HR_LEAVEDETAIL_ID FROM VAHRUAE_HR_LEAVEDETAIL WHERE C_BPARTNER_ID = 1006732AND VAHRUAE_APPROVE = 'Y' AND VAHRUAE_DATE1= '06-JUL-21 => ORA-01756: quoted string not properly terminated
09:57:45.574    (INFO)     Trx.Start: **** ConnSH637566262655181171System.Random
09:57:45.574    (INFO)     Trx.Commit: **C** ConnSH637566262655181171System.Random
===========>     (SEVERE)   OracleHelper.ExecuteReader: ORA-01756: quoted string not properly terminated [Query DR] SELECT VAHRUAE_HR_LEAVEDETAIL_ID FROM VAHRUAE_HR_LEAVEDETAIL WHERE C_BPARTNER_ID = 1006732AND VAHRUAE_APPROVE = 'Y' AND VAHRUAE_DATE1= '09-JUL-21
===========>     (SEVERE)   OracleHelper.ExecuteReader: ORA-01756: quoted string not properly terminated [Query DR] SELECT VAHRUAE_HR_LEAVEDETAIL_ID FROM VAHRUAE_HR_LEAVEDETAIL WHERE C_BPARTNER_ID = 1006732AND VAHRUAE_APPROVE = 'Y' AND VAHRUAE_DATE1= '09-JUL-21
===========>     (SEVERE)   PO.DoIt: SELECT VAHRUAE_HR_LEAVEDETAIL_ID FROM VAHRUAE_HR_LEAVEDETAIL WHERE C_BPARTNER_ID = 1006732AND VAHRUAE_APPROVE = 'Y' AND VAHRUAE_DATE1= '09-JUL-21 => ORA-01756: quoted string not properly terminated
09:57:55.575    (INFO)     Trx.Start: **** ConnSH637566262750972465System.Random
09:57:55.575    (INFO)     Trx.Commit: **C** ConnSH637566262750972465System.Random
===========>     (SEVERE)   OracleHelper.ExecuteReader: ORA-01756: quoted string not properly terminated [Query DR] SELECT VAHRUAE_HR_LEAVEDETAIL_ID FROM VAHRUAE_HR_LEAVEDETAIL WHERE C_BPARTNER_ID = 1006732AND VAHRUAE_APPROVE = 'Y' AND VAHRUAE_DATE1= '15-JUL-21
===========>     (SEVERE)   OracleHelper.ExecuteReader: ORA-01756: quoted string not properly terminated [Query DR] SELECT VAHRUAE_HR_LEAVEDETAIL_ID FROM VAHRUAE_HR_LEAVEDETAIL WHERE C_BPARTNER_ID = 1006732AND VAHRUAE_APPROVE = 'Y' AND VAHRUAE_DATE1= '15-JUL-21
===========>     (SEVERE)   PO.DoIt: SELECT VAHRUAE_HR_LEAVEDETAIL_ID FROM VAHRUAE_HR_LEAVEDETAIL WHERE C_BPARTNER_ID = 1006732AND VAHRUAE_APPROVE = 'Y' AND VAHRUAE_DATE1= '15-JUL-21 => ORA-01756: quoted string not properly terminated
