*** 4/20/2021 12:05:02 PM VAdvantage Log  ***
12:05:02.520    (INFO)     Trx.Start: **** ConnSH637545171022435226System.Random
12:05:02.520    (INFO)     Trx.Commit: **C** ConnSH637545171022435226System.Random
12:05:02.520    (INFO)     MChangeLog.FillChangeLog: #9
12:05:07.570    (INFO)     Trx.Start: **** ConnSH637545171074183304System.Random
12:05:07.570    (INFO)     Trx.Commit: **C** ConnSH637545171074183304System.Random
12:05:07.570    (INFO)     Trx.Start: **** ConnSH637545171074281544System.Random
12:05:07.570    (INFO)     Trx.Commit: **C** ConnSH637545171074281544System.Random
12:05:07.570    (INFO)     Trx.Start: **** ConnSH637545171074363391System.Random
12:05:07.570    (INFO)     Trx.Commit: **C** ConnSH637545171074363391System.Random
12:05:07.570    (INFO)     Trx.Start: **** ConnSH637545171074433375System.Random
12:05:07.570    (INFO)     Trx.Commit: **C** ConnSH637545171074433375System.Random
12:05:07.570    (INFO)     Trx.Start: **** ConnSH637545171074503394System.Random
12:05:07.570    (INFO)     Trx.Commit: **C** ConnSH637545171074503394System.Random
12:05:07.570    (INFO)     Trx.Start: **** ConnSH637545171074573382System.Random
12:05:07.570    (INFO)     Trx.Commit: **C** ConnSH637545171074573382System.Random
12:05:07.570    (INFO)     Trx.Start: **** ConnSH637545171074663417System.Random
12:05:07.570    (INFO)     Trx.Commit: **C** ConnSH637545171074663417System.Random
12:05:07.570    (INFO)     Trx.Start: **** ConnSH637545171074732254System.Random
12:05:07.570    (INFO)     Trx.Commit: **C** ConnSH637545171074732254System.Random
12:05:07.570    (INFO)     Trx.Start: **** ConnSH637545171074822252System.Random
12:05:07.570    (INFO)     Trx.Commit: **C** ConnSH637545171074822252System.Random
12:05:07.570    (INFO)     Trx.Start: **** ConnSH637545171074892268System.Random
12:05:07.570    (INFO)     Trx.Commit: **C** ConnSH637545171074892268System.Random
12:05:07.570    (INFO)     Trx.Start: **** ConnSH637545171074962245System.Random
12:05:07.570    (INFO)     Trx.Commit: **C** ConnSH637545171074962245System.Random
12:05:07.570    (INFO)     Trx.Start: **** ConnSH637545171075082261System.Random
12:05:07.570    (INFO)     Trx.Commit: **C** ConnSH637545171075082261System.Random
12:05:07.570    (INFO)     Trx.Start: **** ConnSH637545171075152568System.Random
12:05:07.570    (INFO)     Trx.Commit: **C** ConnSH637545171075152568System.Random
12:05:07.570    (INFO)     Trx.Start: **** ConnSH637545171075222251System.Random
12:05:07.570    (INFO)     Trx.Commit: **C** ConnSH637545171075222251System.Random
12:05:07.570    (INFO)     Trx.Start: **** ConnSH637545171075292260System.Random
12:05:07.570    (INFO)     Trx.Commit: **C** ConnSH637545171075292260System.Random
12:05:07.570    (INFO)     Trx.Start: **** ConnSH637545171075372593System.Random
12:05:07.570    (INFO)     Trx.Commit: **C** ConnSH637545171075372593System.Random
12:05:07.570    (INFO)     Trx.Start: **** ConnSH637545171075442238System.Random
12:05:07.570    (INFO)     Trx.Commit: **C** ConnSH637545171075442238System.Random
12:05:07.570    (INFO)     Trx.Start: **** ConnSH637545171075512249System.Random
12:05:07.570    (INFO)     Trx.Commit: **C** ConnSH637545171075512249System.Random
12:05:07.570    (INFO)     Trx.Start: **** ConnSH637545171075582560System.Random
12:05:07.570    (INFO)     Trx.Commit: **C** ConnSH637545171075582560System.Random
12:05:07.570    (INFO)     Trx.Start: **** ConnSH637545171075652254System.Random
12:05:07.570    (INFO)     Trx.Commit: **C** ConnSH637545171075652254System.Random
12:05:07.570    (INFO)     Trx.Start: **** ConnSH637545171075722947System.Random
12:05:07.570    (INFO)     Trx.Commit: **C** ConnSH637545171075722947System.Random
12:05:07.570    (INFO)     Trx.Start: **** ConnSH637545171075802321System.Random
12:05:07.570    (INFO)     Trx.Commit: **C** ConnSH637545171075802321System.Random
12:05:07.570    (INFO)     Trx.Start: **** ConnSH637545171075872594System.Random
12:05:07.570    (INFO)     Trx.Commit: **C** ConnSH637545171075872594System.Random
12:05:07.570    (INFO)     Trx.Start: **** ConnSH637545171075942235System.Random
12:05:07.570    (INFO)     Trx.Commit: **C** ConnSH637545171075942235System.Random
12:05:07.570    (INFO)     Trx.Start: **** ConnSH637545171076012262System.Random
12:05:07.570    (INFO)     Trx.Commit: **C** ConnSH637545171076012262System.Random
12:05:07.570    (INFO)     CacheMgt.Reset: AD_Process: #1 (1)
12:06:29.629    (INFO)     Trx.Start: **** ConnSH637545171898389791System.Random
12:06:29.629    (INFO)     Trx.Commit: **C** ConnSH637545171898389791System.Random
12:06:30.630    (INFO)     Trx.Start: **** ConnSH637545171904809345System.Random
12:06:30.630    (INFO)     Trx.Commit: **C** ConnSH637545171904809345System.Random
12:06:30.630    (INFO)     Trx.Start: **** ConnSH637545171904889381System.Random
12:06:30.630    (INFO)     Trx.Commit: **C** ConnSH637545171904889381System.Random
12:06:30.630    (INFO)     Trx.Start: **** ConnSH637545171904959345System.Random
12:06:30.630    (INFO)     Trx.Commit: **C** ConnSH637545171904959345System.Random
12:06:30.630    (INFO)     Trx.Start: **** ConnSH637545171905039363System.Random
12:06:30.630    (INFO)     Trx.Commit: **C** ConnSH637545171905039363System.Random
12:06:30.630    (INFO)     Trx.Start: **** ConnSH637545171905109336System.Random
12:06:30.630    (INFO)     Trx.Commit: **C** ConnSH637545171905109336System.Random
12:06:30.630    (INFO)     Trx.Start: **** ConnSH637545171905179361System.Random
12:06:30.630    (INFO)     Trx.Commit: **C** ConnSH637545171905179361System.Random
12:06:30.630    (INFO)     Trx.Start: **** ConnSH637545171905249033System.Random
12:06:30.630    (INFO)     Trx.Commit: **C** ConnSH637545171905249033System.Random
12:06:30.630    (INFO)     Trx.Start: **** ConnSH637545171905323485System.Random
12:06:30.630    (INFO)     Trx.Commit: **C** ConnSH637545171905323485System.Random
12:06:30.630    (INFO)     Trx.Start: **** ConnSH637545171905403360System.Random
12:06:30.630    (INFO)     Trx.Commit: **C** ConnSH637545171905403360System.Random
12:06:30.630    (INFO)     Trx.Start: **** ConnSH637545171905467989System.Random
12:06:30.630    (INFO)     Trx.Commit: **C** ConnSH637545171905467989System.Random
12:06:30.630    (INFO)     Trx.Start: **** ConnSH637545171905548292System.Random
12:06:30.630    (INFO)     Trx.Commit: **C** ConnSH637545171905548292System.Random
12:06:30.630    (INFO)     Trx.Start: **** ConnSH637545171905608299System.Random
12:06:30.630    (INFO)     Trx.Commit: **C** ConnSH637545171905608299System.Random
12:06:30.630    (INFO)     Trx.Start: **** ConnSH637545171905688292System.Random
12:06:30.630    (INFO)     Trx.Commit: **C** ConnSH637545171905688292System.Random
12:06:30.630    (INFO)     Trx.Start: **** ConnSH637545171905758364System.Random
12:06:30.630    (INFO)     Trx.Commit: **C** ConnSH637545171905758364System.Random
12:06:30.630    (INFO)     Trx.Start: **** ConnSH637545171905828461System.Random
12:06:30.630    (INFO)     Trx.Commit: **C** ConnSH637545171905828461System.Random
12:06:30.630    (INFO)     Trx.Start: **** ConnSH637545171905898456System.Random
12:06:30.630    (INFO)     Trx.Commit: **C** ConnSH637545171905898456System.Random
12:06:30.630    (INFO)     Trx.Start: **** ConnSH637545171905973000System.Random
12:06:30.630    (INFO)     Trx.Commit: **C** ConnSH637545171905973000System.Random
12:06:30.630    (INFO)     Trx.Start: **** ConnSH637545171906053262System.Random
12:06:30.630    (INFO)     Trx.Commit: **C** ConnSH637545171906053262System.Random
12:06:30.630    (INFO)     Trx.Start: **** ConnSH637545171906124516System.Random
12:06:30.630    (INFO)     Trx.Commit: **C** ConnSH637545171906124516System.Random
12:06:30.630    (INFO)     Trx.Start: **** ConnSH637545171906188802System.Random
12:06:30.630    (INFO)     Trx.Commit: **C** ConnSH637545171906188802System.Random
12:06:30.630    (INFO)     Trx.Start: **** ConnSH637545171906258804System.Random
12:06:30.630    (INFO)     Trx.Commit: **C** ConnSH637545171906258804System.Random
12:06:30.630    (INFO)     Trx.Start: **** ConnSH637545171906338842System.Random
12:06:30.630    (INFO)     Trx.Commit: **C** ConnSH637545171906338842System.Random
12:06:30.630    (INFO)     Trx.Start: **** ConnSH637545171906408815System.Random
12:06:30.630    (INFO)     Trx.Commit: **C** ConnSH637545171906408815System.Random
12:06:30.630    (INFO)     Trx.Start: **** ConnSH637545171906478835System.Random
12:06:30.630    (INFO)     Trx.Commit: **C** ConnSH637545171906478835System.Random
12:06:30.630    (INFO)     Trx.Start: **** ConnSH637545171906558863System.Random
12:06:30.630    (INFO)     Trx.Commit: **C** ConnSH637545171906558863System.Random
12:06:30.630    (INFO)     CacheMgt.Reset: AD_Process: #1 (1)
*** 4/20/2021 2:05:16 PM VAdvantage Log ***
