*** 4/12/2021 1:38:04 PM VAdvantage Log  ***
01:38:04.384    (INFO)     Trx.Start: **** ConnSH637538314842115286System.Random
01:38:04.384    (INFO)     Trx.Commit: **C** ConnSH637538314842115286System.Random
01:38:04.384    (INFO)     MChangeLog.FillChangeLog: #9
===========>     (SEVERE)   OracleHelper.ExecuteReader: ORA-00904: "VAHRYUAE_ACTUALINTIME": invalid identifier [Query DR] SELECT VAHRUAE_DAILYATTENDANCE_ID FROM VAHRUAE_DAILYATTENDANCE WHERE EMPLOYEEID = 1000007 AND VAHRUAE_ACTUALINTIME >= '19-NOV-20' AND VAHRUAE_ACTUALINTIME < '19-DEC-20' ORDER BY VAHRYUAE_ACTUALINTIME
===========>     (SEVERE)   OracleHelper.ExecuteReader: ORA-00904: "VAHRYUAE_ACTUALINTIME": invalid identifier [Query DR] SELECT VAHRUAE_DAILYATTENDANCE_ID FROM VAHRUAE_DAILYATTENDANCE WHERE EMPLOYEEID = 1000007 AND VAHRUAE_ACTUALINTIME >= '19-NOV-20' AND VAHRUAE_ACTUALINTIME < '19-DEC-20' ORDER BY VAHRYUAE_ACTUALINTIME
===========>     (SEVERE)   PO.DoIt: SELECT VAHRUAE_DAILYATTENDANCE_ID FROM VAHRUAE_DAILYATTENDANCE WHERE EMPLOYEEID = 1000007 AND VAHRUAE_ACTUALINTIME >= '19-NOV-20' AND VAHRUAE_ACTUALINTIME < '19-DEC-20' ORDER BY VAHRYUAE_ACTUALINTIME => ORA-00904: "VAHRYUAE_ACTUALINTIME": invalid identifier
===========>     (SEVERE)   OracleHelper.ExecuteReader: ORA-00904: "VAHRYUAE_ACTUALINTIME": invalid identifier [Query DR] SELECT VAHRUAE_DAILYATTENDANCE_ID FROM VAHRUAE_DAILYATTENDANCE WHERE EMPLOYEEID = 1000007 AND VAHRUAE_ACTUALINTIME >= '19-NOV-20' AND VAHRUAE_ACTUALINTIME < '19-DEC-20' ORDER BY VAHRYUAE_ACTUALINTIME
===========>     (SEVERE)   OracleHelper.ExecuteReader: ORA-00904: "VAHRYUAE_ACTUALINTIME": invalid identifier [Query DR] SELECT VAHRUAE_DAILYATTENDANCE_ID FROM VAHRUAE_DAILYATTENDANCE WHERE EMPLOYEEID = 1000007 AND VAHRUAE_ACTUALINTIME >= '19-NOV-20' AND VAHRUAE_ACTUALINTIME < '19-DEC-20' ORDER BY VAHRYUAE_ACTUALINTIME
===========>     (SEVERE)   PO.DoIt: SELECT VAHRUAE_DAILYATTENDANCE_ID FROM VAHRUAE_DAILYATTENDANCE WHERE EMPLOYEEID = 1000007 AND VAHRUAE_ACTUALINTIME >= '19-NOV-20' AND VAHRUAE_ACTUALINTIME < '19-DEC-20' ORDER BY VAHRYUAE_ACTUALINTIME => ORA-00904: "VAHRYUAE_ACTUALINTIME": invalid identifier
===========>     (SEVERE)   OracleHelper.ExecuteReader: ORA-00904: "VAHRYUAE_ACTUALINTIME": invalid identifier [Query DR] SELECT VAHRUAE_DAILYATTENDANCE_ID FROM VAHRUAE_DAILYATTENDANCE WHERE EMPLOYEEID = 1000007 AND VAHRUAE_ACTUALINTIME >= '19-NOV-20' AND VAHRUAE_ACTUALINTIME < '19-DEC-20' ORDER BY VAHRYUAE_ACTUALINTIME
===========>     (SEVERE)   OracleHelper.ExecuteReader: ORA-00904: "VAHRYUAE_ACTUALINTIME": invalid identifier [Query DR] SELECT VAHRUAE_DAILYATTENDANCE_ID FROM VAHRUAE_DAILYATTENDANCE WHERE EMPLOYEEID = 1000007 AND VAHRUAE_ACTUALINTIME >= '19-NOV-20' AND VAHRUAE_ACTUALINTIME < '19-DEC-20' ORDER BY VAHRYUAE_ACTUALINTIME
===========>     (SEVERE)   PO.DoIt: SELECT VAHRUAE_DAILYATTENDANCE_ID FROM VAHRUAE_DAILYATTENDANCE WHERE EMPLOYEEID = 1000007 AND VAHRUAE_ACTUALINTIME >= '19-NOV-20' AND VAHRUAE_ACTUALINTIME < '19-DEC-20' ORDER BY VAHRYUAE_ACTUALINTIME => ORA-00904: "VAHRYUAE_ACTUALINTIME": invalid identifier
===========>     (SEVERE)   OracleHelper.ExecuteReader: ORA-00904: "VAHRYUAE_ACTUALINTIME": invalid identifier [Query DR] SELECT VAHRUAE_DAILYATTENDANCE_ID FROM VAHRUAE_DAILYATTENDANCE WHERE EMPLOYEEID = 1000007 AND VAHRUAE_ACTUALINTIME >= '19-NOV-20' AND VAHRUAE_ACTUALINTIME < '19-DEC-20' ORDER BY VAHRYUAE_ACTUALINTIME
===========>     (SEVERE)   OracleHelper.ExecuteReader: ORA-00904: "VAHRYUAE_ACTUALINTIME": invalid identifier [Query DR] SELECT VAHRUAE_DAILYATTENDANCE_ID FROM VAHRUAE_DAILYATTENDANCE WHERE EMPLOYEEID = 1000007 AND VAHRUAE_ACTUALINTIME >= '19-NOV-20' AND VAHRUAE_ACTUALINTIME < '19-DEC-20' ORDER BY VAHRYUAE_ACTUALINTIME
===========>     (SEVERE)   PO.DoIt: SELECT VAHRUAE_DAILYATTENDANCE_ID FROM VAHRUAE_DAILYATTENDANCE WHERE EMPLOYEEID = 1000007 AND VAHRUAE_ACTUALINTIME >= '19-NOV-20' AND VAHRUAE_ACTUALINTIME < '19-DEC-20' ORDER BY VAHRYUAE_ACTUALINTIME => ORA-00904: "VAHRYUAE_ACTUALINTIME": invalid identifier
===========>     (SEVERE)   OracleHelper.ExecuteReader: ORA-00904: "VAHRYUAE_ACTUALINTIME": invalid identifier [Query DR] SELECT VAHRUAE_DAILYATTENDANCE_ID FROM VAHRUAE_DAILYATTENDANCE WHERE EMPLOYEEID = 1000007 AND VAHRUAE_ACTUALINTIME >= '19-NOV-20' AND VAHRUAE_ACTUALINTIME < '19-DEC-20' ORDER BY VAHRYUAE_ACTUALINTIME
===========>     (SEVERE)   OracleHelper.ExecuteReader: ORA-00904: "VAHRYUAE_ACTUALINTIME": invalid identifier [Query DR] SELECT VAHRUAE_DAILYATTENDANCE_ID FROM VAHRUAE_DAILYATTENDANCE WHERE EMPLOYEEID = 1000007 AND VAHRUAE_ACTUALINTIME >= '19-NOV-20' AND VAHRUAE_ACTUALINTIME < '19-DEC-20' ORDER BY VAHRYUAE_ACTUALINTIME
===========>     (SEVERE)   PO.DoIt: SELECT VAHRUAE_DAILYATTENDANCE_ID FROM VAHRUAE_DAILYATTENDANCE WHERE EMPLOYEEID = 1000007 AND VAHRUAE_ACTUALINTIME >= '19-NOV-20' AND VAHRUAE_ACTUALINTIME < '19-DEC-20' ORDER BY VAHRYUAE_ACTUALINTIME => ORA-00904: "VAHRYUAE_ACTUALINTIME": invalid identifier
===========>     (SEVERE)   OracleHelper.ExecuteReader: ORA-00904: "VAHRYUAE_ACTUALINTIME": invalid identifier [Query DR] SELECT VAHRUAE_DAILYATTENDANCE_ID FROM VAHRUAE_DAILYATTENDANCE WHERE EMPLOYEEID = 1000007 AND VAHRUAE_ACTUALINTIME >= '19-NOV-20' AND VAHRUAE_ACTUALINTIME < '19-DEC-20' ORDER BY VAHRYUAE_ACTUALINTIME
===========>     (SEVERE)   OracleHelper.ExecuteReader: ORA-00904: "VAHRYUAE_ACTUALINTIME": invalid identifier [Query DR] SELECT VAHRUAE_DAILYATTENDANCE_ID FROM VAHRUAE_DAILYATTENDANCE WHERE EMPLOYEEID = 1000007 AND VAHRUAE_ACTUALINTIME >= '19-NOV-20' AND VAHRUAE_ACTUALINTIME < '19-DEC-20' ORDER BY VAHRYUAE_ACTUALINTIME
===========>     (SEVERE)   PO.DoIt: SELECT VAHRUAE_DAILYATTENDANCE_ID FROM VAHRUAE_DAILYATTENDANCE WHERE EMPLOYEEID = 1000007 AND VAHRUAE_ACTUALINTIME >= '19-NOV-20' AND VAHRUAE_ACTUALINTIME < '19-DEC-20' ORDER BY VAHRYUAE_ACTUALINTIME => ORA-00904: "VAHRYUAE_ACTUALINTIME": invalid identifier
===========>     (SEVERE)   OracleHelper.ExecuteReader: ORA-00904: "VAHRYUAE_ACTUALINTIME": invalid identifier [Query DR] SELECT VAHRUAE_DAILYATTENDANCE_ID FROM VAHRUAE_DAILYATTENDANCE WHERE EMPLOYEEID = 1000007 AND VAHRUAE_ACTUALINTIME >= '19-NOV-20' AND VAHRUAE_ACTUALINTIME < '19-DEC-20' ORDER BY VAHRYUAE_ACTUALINTIME
===========>     (SEVERE)   OracleHelper.ExecuteReader: ORA-00904: "VAHRYUAE_ACTUALINTIME": invalid identifier [Query DR] SELECT VAHRUAE_DAILYATTENDANCE_ID FROM VAHRUAE_DAILYATTENDANCE WHERE EMPLOYEEID = 1000007 AND VAHRUAE_ACTUALINTIME >= '19-NOV-20' AND VAHRUAE_ACTUALINTIME < '19-DEC-20' ORDER BY VAHRYUAE_ACTUALINTIME
===========>     (SEVERE)   PO.DoIt: SELECT VAHRUAE_DAILYATTENDANCE_ID FROM VAHRUAE_DAILYATTENDANCE WHERE EMPLOYEEID = 1000007 AND VAHRUAE_ACTUALINTIME >= '19-NOV-20' AND VAHRUAE_ACTUALINTIME < '19-DEC-20' ORDER BY VAHRYUAE_ACTUALINTIME => ORA-00904: "VAHRYUAE_ACTUALINTIME": invalid identifier
===========>     (SEVERE)   OracleHelper.ExecuteReader: ORA-00904: "VAHRYUAE_ACTUALINTIME": invalid identifier [Query DR] SELECT VAHRUAE_DAILYATTENDANCE_ID FROM VAHRUAE_DAILYATTENDANCE WHERE EMPLOYEEID = 1000007 AND VAHRUAE_ACTUALINTIME >= '19-NOV-20' AND VAHRUAE_ACTUALINTIME < '19-DEC-20' ORDER BY VAHRYUAE_ACTUALINTIME
===========>     (SEVERE)   OracleHelper.ExecuteReader: ORA-00904: "VAHRYUAE_ACTUALINTIME": invalid identifier [Query DR] SELECT VAHRUAE_DAILYATTENDANCE_ID FROM VAHRUAE_DAILYATTENDANCE WHERE EMPLOYEEID = 1000007 AND VAHRUAE_ACTUALINTIME >= '19-NOV-20' AND VAHRUAE_ACTUALINTIME < '19-DEC-20' ORDER BY VAHRYUAE_ACTUALINTIME
===========>     (SEVERE)   PO.DoIt: SELECT VAHRUAE_DAILYATTENDANCE_ID FROM VAHRUAE_DAILYATTENDANCE WHERE EMPLOYEEID = 1000007 AND VAHRUAE_ACTUALINTIME >= '19-NOV-20' AND VAHRUAE_ACTUALINTIME < '19-DEC-20' ORDER BY VAHRYUAE_ACTUALINTIME => ORA-00904: "VAHRYUAE_ACTUALINTIME": invalid identifier
===========>     (SEVERE)   OracleHelper.ExecuteReader: ORA-00904: "VAHRYUAE_ACTUALINTIME": invalid identifier [Query DR] SELECT VAHRUAE_DAILYATTENDANCE_ID FROM VAHRUAE_DAILYATTENDANCE WHERE EMPLOYEEID = 1000007 AND VAHRUAE_ACTUALINTIME >= '19-NOV-20' AND VAHRUAE_ACTUALINTIME < '19-DEC-20' ORDER BY VAHRYUAE_ACTUALINTIME
===========>     (SEVERE)   OracleHelper.ExecuteReader: ORA-00904: "VAHRYUAE_ACTUALINTIME": invalid identifier [Query DR] SELECT VAHRUAE_DAILYATTENDANCE_ID FROM VAHRUAE_DAILYATTENDANCE WHERE EMPLOYEEID = 1000007 AND VAHRUAE_ACTUALINTIME >= '19-NOV-20' AND VAHRUAE_ACTUALINTIME < '19-DEC-20' ORDER BY VAHRYUAE_ACTUALINTIME
===========>     (SEVERE)   PO.DoIt: SELECT VAHRUAE_DAILYATTENDANCE_ID FROM VAHRUAE_DAILYATTENDANCE WHERE EMPLOYEEID = 1000007 AND VAHRUAE_ACTUALINTIME >= '19-NOV-20' AND VAHRUAE_ACTUALINTIME < '19-DEC-20' ORDER BY VAHRYUAE_ACTUALINTIME => ORA-00904: "VAHRYUAE_ACTUALINTIME": invalid identifier
===========>     (SEVERE)   OracleHelper.ExecuteReader: ORA-00904: "VAHRYUAE_ACTUALINTIME": invalid identifier [Query DR] SELECT VAHRUAE_DAILYATTENDANCE_ID FROM VAHRUAE_DAILYATTENDANCE WHERE EMPLOYEEID = 1000007 AND VAHRUAE_ACTUALINTIME >= '19-NOV-20' AND VAHRUAE_ACTUALINTIME < '19-DEC-20' ORDER BY VAHRYUAE_ACTUALINTIME
===========>     (SEVERE)   OracleHelper.ExecuteReader: ORA-00904: "VAHRYUAE_ACTUALINTIME": invalid identifier [Query DR] SELECT VAHRUAE_DAILYATTENDANCE_ID FROM VAHRUAE_DAILYATTENDANCE WHERE EMPLOYEEID = 1000007 AND VAHRUAE_ACTUALINTIME >= '19-NOV-20' AND VAHRUAE_ACTUALINTIME < '19-DEC-20' ORDER BY VAHRYUAE_ACTUALINTIME
===========>     (SEVERE)   PO.DoIt: SELECT VAHRUAE_DAILYATTENDANCE_ID FROM VAHRUAE_DAILYATTENDANCE WHERE EMPLOYEEID = 1000007 AND VAHRUAE_ACTUALINTIME >= '19-NOV-20' AND VAHRUAE_ACTUALINTIME < '19-DEC-20' ORDER BY VAHRYUAE_ACTUALINTIME => ORA-00904: "VAHRYUAE_ACTUALINTIME": invalid identifier
===========>     (SEVERE)   OracleHelper.ExecuteReader: ORA-00904: "VAHRYUAE_ACTUALINTIME": invalid identifier [Query DR] SELECT VAHRUAE_DAILYATTENDANCE_ID FROM VAHRUAE_DAILYATTENDANCE WHERE EMPLOYEEID = 1000007 AND VAHRUAE_ACTUALINTIME >= '19-NOV-20' AND VAHRUAE_ACTUALINTIME < '19-DEC-20' ORDER BY VAHRYUAE_ACTUALINTIME
===========>     (SEVERE)   OracleHelper.ExecuteReader: ORA-00904: "VAHRYUAE_ACTUALINTIME": invalid identifier [Query DR] SELECT VAHRUAE_DAILYATTENDANCE_ID FROM VAHRUAE_DAILYATTENDANCE WHERE EMPLOYEEID = 1000007 AND VAHRUAE_ACTUALINTIME >= '19-NOV-20' AND VAHRUAE_ACTUALINTIME < '19-DEC-20' ORDER BY VAHRYUAE_ACTUALINTIME
===========>     (SEVERE)   PO.DoIt: SELECT VAHRUAE_DAILYATTENDANCE_ID FROM VAHRUAE_DAILYATTENDANCE WHERE EMPLOYEEID = 1000007 AND VAHRUAE_ACTUALINTIME >= '19-NOV-20' AND VAHRUAE_ACTUALINTIME < '19-DEC-20' ORDER BY VAHRYUAE_ACTUALINTIME => ORA-00904: "VAHRYUAE_ACTUALINTIME": invalid identifier
===========>     (SEVERE)   OracleHelper.ExecuteReader: ORA-00904: "VAHRYUAE_ACTUALINTIME": invalid identifier [Query DR] SELECT VAHRUAE_DAILYATTENDANCE_ID FROM VAHRUAE_DAILYATTENDANCE WHERE EMPLOYEEID = 1000007 AND VAHRUAE_ACTUALINTIME >= '19-NOV-20' AND VAHRUAE_ACTUALINTIME < '19-DEC-20' ORDER BY VAHRYUAE_ACTUALINTIME
===========>     (SEVERE)   OracleHelper.ExecuteReader: ORA-00904: "VAHRYUAE_ACTUALINTIME": invalid identifier [Query DR] SELECT VAHRUAE_DAILYATTENDANCE_ID FROM VAHRUAE_DAILYATTENDANCE WHERE EMPLOYEEID = 1000007 AND VAHRUAE_ACTUALINTIME >= '19-NOV-20' AND VAHRUAE_ACTUALINTIME < '19-DEC-20' ORDER BY VAHRYUAE_ACTUALINTIME
===========>     (SEVERE)   PO.DoIt: SELECT VAHRUAE_DAILYATTENDANCE_ID FROM VAHRUAE_DAILYATTENDANCE WHERE EMPLOYEEID = 1000007 AND VAHRUAE_ACTUALINTIME >= '19-NOV-20' AND VAHRUAE_ACTUALINTIME < '19-DEC-20' ORDER BY VAHRYUAE_ACTUALINTIME => ORA-00904: "VAHRYUAE_ACTUALINTIME": invalid identifier
===========>     (SEVERE)   OracleHelper.ExecuteReader: ORA-00904: "VAHRYUAE_ACTUALINTIME": invalid identifier [Query DR] SELECT VAHRUAE_DAILYATTENDANCE_ID FROM VAHRUAE_DAILYATTENDANCE WHERE EMPLOYEEID = 1000007 AND VAHRUAE_ACTUALINTIME >= '19-NOV-20' AND VAHRUAE_ACTUALINTIME < '19-DEC-20' ORDER BY VAHRYUAE_ACTUALINTIME
===========>     (SEVERE)   OracleHelper.ExecuteReader: ORA-00904: "VAHRYUAE_ACTUALINTIME": invalid identifier [Query DR] SELECT VAHRUAE_DAILYATTENDANCE_ID FROM VAHRUAE_DAILYATTENDANCE WHERE EMPLOYEEID = 1000007 AND VAHRUAE_ACTUALINTIME >= '19-NOV-20' AND VAHRUAE_ACTUALINTIME < '19-DEC-20' ORDER BY VAHRYUAE_ACTUALINTIME
===========>     (SEVERE)   PO.DoIt: SELECT VAHRUAE_DAILYATTENDANCE_ID FROM VAHRUAE_DAILYATTENDANCE WHERE EMPLOYEEID = 1000007 AND VAHRUAE_ACTUALINTIME >= '19-NOV-20' AND VAHRUAE_ACTUALINTIME < '19-DEC-20' ORDER BY VAHRYUAE_ACTUALINTIME => ORA-00904: "VAHRYUAE_ACTUALINTIME": invalid identifier
===========>     (SEVERE)   OracleHelper.ExecuteReader: ORA-00904: "VAHRYUAE_ACTUALINTIME": invalid identifier [Query DR] SELECT VAHRUAE_DAILYATTENDANCE_ID FROM VAHRUAE_DAILYATTENDANCE WHERE EMPLOYEEID = 1000007 AND VAHRUAE_ACTUALINTIME >= '19-NOV-20' AND VAHRUAE_ACTUALINTIME < '19-DEC-20' ORDER BY VAHRYUAE_ACTUALINTIME
===========>     (SEVERE)   OracleHelper.ExecuteReader: ORA-00904: "VAHRYUAE_ACTUALINTIME": invalid identifier [Query DR] SELECT VAHRUAE_DAILYATTENDANCE_ID FROM VAHRUAE_DAILYATTENDANCE WHERE EMPLOYEEID = 1000007 AND VAHRUAE_ACTUALINTIME >= '19-NOV-20' AND VAHRUAE_ACTUALINTIME < '19-DEC-20' ORDER BY VAHRYUAE_ACTUALINTIME
===========>     (SEVERE)   PO.DoIt: SELECT VAHRUAE_DAILYATTENDANCE_ID FROM VAHRUAE_DAILYATTENDANCE WHERE EMPLOYEEID = 1000007 AND VAHRUAE_ACTUALINTIME >= '19-NOV-20' AND VAHRUAE_ACTUALINTIME < '19-DEC-20' ORDER BY VAHRYUAE_ACTUALINTIME => ORA-00904: "VAHRYUAE_ACTUALINTIME": invalid identifier
===========>     (SEVERE)   OracleHelper.ExecuteReader: ORA-00904: "VAHRYUAE_ACTUALINTIME": invalid identifier [Query DR] SELECT VAHRUAE_DAILYATTENDANCE_ID FROM VAHRUAE_DAILYATTENDANCE WHERE EMPLOYEEID = 1000007 AND VAHRUAE_ACTUALINTIME >= '19-NOV-20' AND VAHRUAE_ACTUALINTIME < '19-DEC-20' ORDER BY VAHRYUAE_ACTUALINTIME
===========>     (SEVERE)   OracleHelper.ExecuteReader: ORA-00904: "VAHRYUAE_ACTUALINTIME": invalid identifier [Query DR] SELECT VAHRUAE_DAILYATTENDANCE_ID FROM VAHRUAE_DAILYATTENDANCE WHERE EMPLOYEEID = 1000007 AND VAHRUAE_ACTUALINTIME >= '19-NOV-20' AND VAHRUAE_ACTUALINTIME < '19-DEC-20' ORDER BY VAHRYUAE_ACTUALINTIME
===========>     (SEVERE)   PO.DoIt: SELECT VAHRUAE_DAILYATTENDANCE_ID FROM VAHRUAE_DAILYATTENDANCE WHERE EMPLOYEEID = 1000007 AND VAHRUAE_ACTUALINTIME >= '19-NOV-20' AND VAHRUAE_ACTUALINTIME < '19-DEC-20' ORDER BY VAHRYUAE_ACTUALINTIME => ORA-00904: "VAHRYUAE_ACTUALINTIME": invalid identifier
===========>     (SEVERE)   OracleHelper.ExecuteReader: ORA-00904: "VAHRYUAE_ACTUALINTIME": invalid identifier [Query DR] SELECT VAHRUAE_DAILYATTENDANCE_ID FROM VAHRUAE_DAILYATTENDANCE WHERE EMPLOYEEID = 1000007 AND VAHRUAE_ACTUALINTIME >= '19-NOV-20' AND VAHRUAE_ACTUALINTIME < '19-DEC-20' ORDER BY VAHRYUAE_ACTUALINTIME
===========>     (SEVERE)   OracleHelper.ExecuteReader: ORA-00904: "VAHRYUAE_ACTUALINTIME": invalid identifier [Query DR] SELECT VAHRUAE_DAILYATTENDANCE_ID FROM VAHRUAE_DAILYATTENDANCE WHERE EMPLOYEEID = 1000007 AND VAHRUAE_ACTUALINTIME >= '19-NOV-20' AND VAHRUAE_ACTUALINTIME < '19-DEC-20' ORDER BY VAHRYUAE_ACTUALINTIME
===========>     (SEVERE)   PO.DoIt: SELECT VAHRUAE_DAILYATTENDANCE_ID FROM VAHRUAE_DAILYATTENDANCE WHERE EMPLOYEEID = 1000007 AND VAHRUAE_ACTUALINTIME >= '19-NOV-20' AND VAHRUAE_ACTUALINTIME < '19-DEC-20' ORDER BY VAHRYUAE_ACTUALINTIME => ORA-00904: "VAHRYUAE_ACTUALINTIME": invalid identifier
===========>     (SEVERE)   OracleHelper.ExecuteReader: ORA-00904: "VAHRYUAE_ACTUALINTIME": invalid identifier [Query DR] SELECT VAHRUAE_DAILYATTENDANCE_ID FROM VAHRUAE_DAILYATTENDANCE WHERE EMPLOYEEID = 1000007 AND VAHRUAE_ACTUALINTIME >= '19-NOV-20' AND VAHRUAE_ACTUALINTIME < '19-DEC-20' ORDER BY VAHRYUAE_ACTUALINTIME
===========>     (SEVERE)   OracleHelper.ExecuteReader: ORA-00904: "VAHRYUAE_ACTUALINTIME": invalid identifier [Query DR] SELECT VAHRUAE_DAILYATTENDANCE_ID FROM VAHRUAE_DAILYATTENDANCE WHERE EMPLOYEEID = 1000007 AND VAHRUAE_ACTUALINTIME >= '19-NOV-20' AND VAHRUAE_ACTUALINTIME < '19-DEC-20' ORDER BY VAHRYUAE_ACTUALINTIME
===========>     (SEVERE)   PO.DoIt: SELECT VAHRUAE_DAILYATTENDANCE_ID FROM VAHRUAE_DAILYATTENDANCE WHERE EMPLOYEEID = 1000007 AND VAHRUAE_ACTUALINTIME >= '19-NOV-20' AND VAHRUAE_ACTUALINTIME < '19-DEC-20' ORDER BY VAHRYUAE_ACTUALINTIME => ORA-00904: "VAHRYUAE_ACTUALINTIME": invalid identifier
===========>     (SEVERE)   OracleHelper.ExecuteReader: ORA-00904: "VAHRYUAE_ACTUALINTIME": invalid identifier [Query DR] SELECT VAHRUAE_DAILYATTENDANCE_ID FROM VAHRUAE_DAILYATTENDANCE WHERE EMPLOYEEID = 1000007 AND VAHRUAE_ACTUALINTIME >= '19-NOV-20' AND VAHRUAE_ACTUALINTIME < '19-DEC-20' ORDER BY VAHRYUAE_ACTUALINTIME
===========>     (SEVERE)   OracleHelper.ExecuteReader: ORA-00904: "VAHRYUAE_ACTUALINTIME": invalid identifier [Query DR] SELECT VAHRUAE_DAILYATTENDANCE_ID FROM VAHRUAE_DAILYATTENDANCE WHERE EMPLOYEEID = 1000007 AND VAHRUAE_ACTUALINTIME >= '19-NOV-20' AND VAHRUAE_ACTUALINTIME < '19-DEC-20' ORDER BY VAHRYUAE_ACTUALINTIME
===========>     (SEVERE)   PO.DoIt: SELECT VAHRUAE_DAILYATTENDANCE_ID FROM VAHRUAE_DAILYATTENDANCE WHERE EMPLOYEEID = 1000007 AND VAHRUAE_ACTUALINTIME >= '19-NOV-20' AND VAHRUAE_ACTUALINTIME < '19-DEC-20' ORDER BY VAHRYUAE_ACTUALINTIME => ORA-00904: "VAHRYUAE_ACTUALINTIME": invalid identifier
===========>     (SEVERE)   OracleHelper.ExecuteReader: ORA-00904: "VAHRYUAE_ACTUALINTIME": invalid identifier [Query DR] SELECT VAHRUAE_DAILYATTENDANCE_ID FROM VAHRUAE_DAILYATTENDANCE WHERE EMPLOYEEID = 1000007 AND VAHRUAE_ACTUALINTIME >= '19-NOV-20' AND VAHRUAE_ACTUALINTIME < '19-DEC-20' ORDER BY VAHRYUAE_ACTUALINTIME
===========>     (SEVERE)   OracleHelper.ExecuteReader: ORA-00904: "VAHRYUAE_ACTUALINTIME": invalid identifier [Query DR] SELECT VAHRUAE_DAILYATTENDANCE_ID FROM VAHRUAE_DAILYATTENDANCE WHERE EMPLOYEEID = 1000007 AND VAHRUAE_ACTUALINTIME >= '19-NOV-20' AND VAHRUAE_ACTUALINTIME < '19-DEC-20' ORDER BY VAHRYUAE_ACTUALINTIME
===========>     (SEVERE)   PO.DoIt: SELECT VAHRUAE_DAILYATTENDANCE_ID FROM VAHRUAE_DAILYATTENDANCE WHERE EMPLOYEEID = 1000007 AND VAHRUAE_ACTUALINTIME >= '19-NOV-20' AND VAHRUAE_ACTUALINTIME < '19-DEC-20' ORDER BY VAHRYUAE_ACTUALINTIME => ORA-00904: "VAHRYUAE_ACTUALINTIME": invalid identifier
===========>     (SEVERE)   OracleHelper.ExecuteReader: ORA-00904: "VAHRYUAE_ACTUALINTIME": invalid identifier [Query DR] SELECT VAHRUAE_DAILYATTENDANCE_ID FROM VAHRUAE_DAILYATTENDANCE WHERE EMPLOYEEID = 1000007 AND VAHRUAE_ACTUALINTIME >= '19-NOV-20' AND VAHRUAE_ACTUALINTIME < '19-DEC-20' ORDER BY VAHRYUAE_ACTUALINTIME
===========>     (SEVERE)   OracleHelper.ExecuteReader: ORA-00904: "VAHRYUAE_ACTUALINTIME": invalid identifier [Query DR] SELECT VAHRUAE_DAILYATTENDANCE_ID FROM VAHRUAE_DAILYATTENDANCE WHERE EMPLOYEEID = 1000007 AND VAHRUAE_ACTUALINTIME >= '19-NOV-20' AND VAHRUAE_ACTUALINTIME < '19-DEC-20' ORDER BY VAHRYUAE_ACTUALINTIME
===========>     (SEVERE)   PO.DoIt: SELECT VAHRUAE_DAILYATTENDANCE_ID FROM VAHRUAE_DAILYATTENDANCE WHERE EMPLOYEEID = 1000007 AND VAHRUAE_ACTUALINTIME >= '19-NOV-20' AND VAHRUAE_ACTUALINTIME < '19-DEC-20' ORDER BY VAHRYUAE_ACTUALINTIME => ORA-00904: "VAHRYUAE_ACTUALINTIME": invalid identifier
01:38:12.381    (INFO)     CacheMgt.Reset: AD_Process: #1 (1)
01:39:18.391    (INFO)     Trx.Start: **** ConnSH637538315583798032System.Random
01:39:18.391    (INFO)     Trx.Commit: **C** ConnSH637538315583798032System.Random
===========>     (SEVERE)   OracleHelper.ExecuteReader: ORA-00904: "VAHRYUAE_ACTUALINTIME": invalid identifier [Query DR] SELECT VAHRUAE_DAILYATTENDANCE_ID FROM VAHRUAE_DAILYATTENDANCE WHERE EMPLOYEEID = 1000007 AND VAHRUAE_ACTUALINTIME >= '19-NOV-20' AND VAHRUAE_ACTUALINTIME < '19-DEC-20' ORDER BY VAHRYUAE_ACTUALINTIME
===========>     (SEVERE)   OracleHelper.ExecuteReader: ORA-00904: "VAHRYUAE_ACTUALINTIME": invalid identifier [Query DR] SELECT VAHRUAE_DAILYATTENDANCE_ID FROM VAHRUAE_DAILYATTENDANCE WHERE EMPLOYEEID = 1000007 AND VAHRUAE_ACTUALINTIME >= '19-NOV-20' AND VAHRUAE_ACTUALINTIME < '19-DEC-20' ORDER BY VAHRYUAE_ACTUALINTIME
===========>     (SEVERE)   PO.DoIt: SELECT VAHRUAE_DAILYATTENDANCE_ID FROM VAHRUAE_DAILYATTENDANCE WHERE EMPLOYEEID = 1000007 AND VAHRUAE_ACTUALINTIME >= '19-NOV-20' AND VAHRUAE_ACTUALINTIME < '19-DEC-20' ORDER BY VAHRYUAE_ACTUALINTIME => ORA-00904: "VAHRYUAE_ACTUALINTIME": invalid identifier
===========>     (SEVERE)   OracleHelper.ExecuteReader: ORA-00904: "VAHRYUAE_ACTUALINTIME": invalid identifier [Query DR] SELECT VAHRUAE_DAILYATTENDANCE_ID FROM VAHRUAE_DAILYATTENDANCE WHERE EMPLOYEEID = 1000007 AND VAHRUAE_ACTUALINTIME >= '19-NOV-20' AND VAHRUAE_ACTUALINTIME < '19-DEC-20' ORDER BY VAHRYUAE_ACTUALINTIME
===========>     (SEVERE)   OracleHelper.ExecuteReader: ORA-00904: "VAHRYUAE_ACTUALINTIME": invalid identifier [Query DR] SELECT VAHRUAE_DAILYATTENDANCE_ID FROM VAHRUAE_DAILYATTENDANCE WHERE EMPLOYEEID = 1000007 AND VAHRUAE_ACTUALINTIME >= '19-NOV-20' AND VAHRUAE_ACTUALINTIME < '19-DEC-20' ORDER BY VAHRYUAE_ACTUALINTIME
===========>     (SEVERE)   PO.DoIt: SELECT VAHRUAE_DAILYATTENDANCE_ID FROM VAHRUAE_DAILYATTENDANCE WHERE EMPLOYEEID = 1000007 AND VAHRUAE_ACTUALINTIME >= '19-NOV-20' AND VAHRUAE_ACTUALINTIME < '19-DEC-20' ORDER BY VAHRYUAE_ACTUALINTIME => ORA-00904: "VAHRYUAE_ACTUALINTIME": invalid identifier
===========>     (SEVERE)   OracleHelper.ExecuteReader: ORA-00904: "VAHRYUAE_ACTUALINTIME": invalid identifier [Query DR] SELECT VAHRUAE_DAILYATTENDANCE_ID FROM VAHRUAE_DAILYATTENDANCE WHERE EMPLOYEEID = 1000007 AND VAHRUAE_ACTUALINTIME >= '19-NOV-20' AND VAHRUAE_ACTUALINTIME < '19-DEC-20' ORDER BY VAHRYUAE_ACTUALINTIME
===========>     (SEVERE)   OracleHelper.ExecuteReader: ORA-00904: "VAHRYUAE_ACTUALINTIME": invalid identifier [Query DR] SELECT VAHRUAE_DAILYATTENDANCE_ID FROM VAHRUAE_DAILYATTENDANCE WHERE EMPLOYEEID = 1000007 AND VAHRUAE_ACTUALINTIME >= '19-NOV-20' AND VAHRUAE_ACTUALINTIME < '19-DEC-20' ORDER BY VAHRYUAE_ACTUALINTIME
===========>     (SEVERE)   PO.DoIt: SELECT VAHRUAE_DAILYATTENDANCE_ID FROM VAHRUAE_DAILYATTENDANCE WHERE EMPLOYEEID = 1000007 AND VAHRUAE_ACTUALINTIME >= '19-NOV-20' AND VAHRUAE_ACTUALINTIME < '19-DEC-20' ORDER BY VAHRYUAE_ACTUALINTIME => ORA-00904: "VAHRYUAE_ACTUALINTIME": invalid identifier
===========>     (SEVERE)   OracleHelper.ExecuteReader: ORA-00904: "VAHRYUAE_ACTUALINTIME": invalid identifier [Query DR] SELECT VAHRUAE_DAILYATTENDANCE_ID FROM VAHRUAE_DAILYATTENDANCE WHERE EMPLOYEEID = 1000007 AND VAHRUAE_ACTUALINTIME >= '19-NOV-20' AND VAHRUAE_ACTUALINTIME < '19-DEC-20' ORDER BY VAHRYUAE_ACTUALINTIME
===========>     (SEVERE)   OracleHelper.ExecuteReader: ORA-00904: "VAHRYUAE_ACTUALINTIME": invalid identifier [Query DR] SELECT VAHRUAE_DAILYATTENDANCE_ID FROM VAHRUAE_DAILYATTENDANCE WHERE EMPLOYEEID = 1000007 AND VAHRUAE_ACTUALINTIME >= '19-NOV-20' AND VAHRUAE_ACTUALINTIME < '19-DEC-20' ORDER BY VAHRYUAE_ACTUALINTIME
===========>     (SEVERE)   PO.DoIt: SELECT VAHRUAE_DAILYATTENDANCE_ID FROM VAHRUAE_DAILYATTENDANCE WHERE EMPLOYEEID = 1000007 AND VAHRUAE_ACTUALINTIME >= '19-NOV-20' AND VAHRUAE_ACTUALINTIME < '19-DEC-20' ORDER BY VAHRYUAE_ACTUALINTIME => ORA-00904: "VAHRYUAE_ACTUALINTIME": invalid identifier
===========>     (SEVERE)   OracleHelper.ExecuteReader: ORA-00904: "VAHRYUAE_ACTUALINTIME": invalid identifier [Query DR] SELECT VAHRUAE_DAILYATTENDANCE_ID FROM VAHRUAE_DAILYATTENDANCE WHERE EMPLOYEEID = 1000007 AND VAHRUAE_ACTUALINTIME >= '19-NOV-20' AND VAHRUAE_ACTUALINTIME < '19-DEC-20' ORDER BY VAHRYUAE_ACTUALINTIME
===========>     (SEVERE)   OracleHelper.ExecuteReader: ORA-00904: "VAHRYUAE_ACTUALINTIME": invalid identifier [Query DR] SELECT VAHRUAE_DAILYATTENDANCE_ID FROM VAHRUAE_DAILYATTENDANCE WHERE EMPLOYEEID = 1000007 AND VAHRUAE_ACTUALINTIME >= '19-NOV-20' AND VAHRUAE_ACTUALINTIME < '19-DEC-20' ORDER BY VAHRYUAE_ACTUALINTIME
===========>     (SEVERE)   PO.DoIt: SELECT VAHRUAE_DAILYATTENDANCE_ID FROM VAHRUAE_DAILYATTENDANCE WHERE EMPLOYEEID = 1000007 AND VAHRUAE_ACTUALINTIME >= '19-NOV-20' AND VAHRUAE_ACTUALINTIME < '19-DEC-20' ORDER BY VAHRYUAE_ACTUALINTIME => ORA-00904: "VAHRYUAE_ACTUALINTIME": invalid identifier
===========>     (SEVERE)   OracleHelper.ExecuteReader: ORA-00904: "VAHRYUAE_ACTUALINTIME": invalid identifier [Query DR] SELECT VAHRUAE_DAILYATTENDANCE_ID FROM VAHRUAE_DAILYATTENDANCE WHERE EMPLOYEEID = 1000007 AND VAHRUAE_ACTUALINTIME >= '19-NOV-20' AND VAHRUAE_ACTUALINTIME < '19-DEC-20' ORDER BY VAHRYUAE_ACTUALINTIME
===========>     (SEVERE)   OracleHelper.ExecuteReader: ORA-00904: "VAHRYUAE_ACTUALINTIME": invalid identifier [Query DR] SELECT VAHRUAE_DAILYATTENDANCE_ID FROM VAHRUAE_DAILYATTENDANCE WHERE EMPLOYEEID = 1000007 AND VAHRUAE_ACTUALINTIME >= '19-NOV-20' AND VAHRUAE_ACTUALINTIME < '19-DEC-20' ORDER BY VAHRYUAE_ACTUALINTIME
===========>     (SEVERE)   PO.DoIt: SELECT VAHRUAE_DAILYATTENDANCE_ID FROM VAHRUAE_DAILYATTENDANCE WHERE EMPLOYEEID = 1000007 AND VAHRUAE_ACTUALINTIME >= '19-NOV-20' AND VAHRUAE_ACTUALINTIME < '19-DEC-20' ORDER BY VAHRYUAE_ACTUALINTIME => ORA-00904: "VAHRYUAE_ACTUALINTIME": invalid identifier
===========>     (SEVERE)   OracleHelper.ExecuteReader: ORA-00904: "VAHRYUAE_ACTUALINTIME": invalid identifier [Query DR] SELECT VAHRUAE_DAILYATTENDANCE_ID FROM VAHRUAE_DAILYATTENDANCE WHERE EMPLOYEEID = 1000007 AND VAHRUAE_ACTUALINTIME >= '19-NOV-20' AND VAHRUAE_ACTUALINTIME < '19-DEC-20' ORDER BY VAHRYUAE_ACTUALINTIME
===========>     (SEVERE)   OracleHelper.ExecuteReader: ORA-00904: "VAHRYUAE_ACTUALINTIME": invalid identifier [Query DR] SELECT VAHRUAE_DAILYATTENDANCE_ID FROM VAHRUAE_DAILYATTENDANCE WHERE EMPLOYEEID = 1000007 AND VAHRUAE_ACTUALINTIME >= '19-NOV-20' AND VAHRUAE_ACTUALINTIME < '19-DEC-20' ORDER BY VAHRYUAE_ACTUALINTIME
===========>     (SEVERE)   PO.DoIt: SELECT VAHRUAE_DAILYATTENDANCE_ID FROM VAHRUAE_DAILYATTENDANCE WHERE EMPLOYEEID = 1000007 AND VAHRUAE_ACTUALINTIME >= '19-NOV-20' AND VAHRUAE_ACTUALINTIME < '19-DEC-20' ORDER BY VAHRYUAE_ACTUALINTIME => ORA-00904: "VAHRYUAE_ACTUALINTIME": invalid identifier
===========>     (SEVERE)   OracleHelper.ExecuteReader: ORA-00904: "VAHRYUAE_ACTUALINTIME": invalid identifier [Query DR] SELECT VAHRUAE_DAILYATTENDANCE_ID FROM VAHRUAE_DAILYATTENDANCE WHERE EMPLOYEEID = 1000007 AND VAHRUAE_ACTUALINTIME >= '19-NOV-20' AND VAHRUAE_ACTUALINTIME < '19-DEC-20' ORDER BY VAHRYUAE_ACTUALINTIME
===========>     (SEVERE)   OracleHelper.ExecuteReader: ORA-00904: "VAHRYUAE_ACTUALINTIME": invalid identifier [Query DR] SELECT VAHRUAE_DAILYATTENDANCE_ID FROM VAHRUAE_DAILYATTENDANCE WHERE EMPLOYEEID = 1000007 AND VAHRUAE_ACTUALINTIME >= '19-NOV-20' AND VAHRUAE_ACTUALINTIME < '19-DEC-20' ORDER BY VAHRYUAE_ACTUALINTIME
===========>     (SEVERE)   PO.DoIt: SELECT VAHRUAE_DAILYATTENDANCE_ID FROM VAHRUAE_DAILYATTENDANCE WHERE EMPLOYEEID = 1000007 AND VAHRUAE_ACTUALINTIME >= '19-NOV-20' AND VAHRUAE_ACTUALINTIME < '19-DEC-20' ORDER BY VAHRYUAE_ACTUALINTIME => ORA-00904: "VAHRYUAE_ACTUALINTIME": invalid identifier
===========>     (SEVERE)   OracleHelper.ExecuteReader: ORA-00904: "VAHRYUAE_ACTUALINTIME": invalid identifier [Query DR] SELECT VAHRUAE_DAILYATTENDANCE_ID FROM VAHRUAE_DAILYATTENDANCE WHERE EMPLOYEEID = 1000007 AND VAHRUAE_ACTUALINTIME >= '19-NOV-20' AND VAHRUAE_ACTUALINTIME < '19-DEC-20' ORDER BY VAHRYUAE_ACTUALINTIME
===========>     (SEVERE)   OracleHelper.ExecuteReader: ORA-00904: "VAHRYUAE_ACTUALINTIME": invalid identifier [Query DR] SELECT VAHRUAE_DAILYATTENDANCE_ID FROM VAHRUAE_DAILYATTENDANCE WHERE EMPLOYEEID = 1000007 AND VAHRUAE_ACTUALINTIME >= '19-NOV-20' AND VAHRUAE_ACTUALINTIME < '19-DEC-20' ORDER BY VAHRYUAE_ACTUALINTIME
===========>     (SEVERE)   PO.DoIt: SELECT VAHRUAE_DAILYATTENDANCE_ID FROM VAHRUAE_DAILYATTENDANCE WHERE EMPLOYEEID = 1000007 AND VAHRUAE_ACTUALINTIME >= '19-NOV-20' AND VAHRUAE_ACTUALINTIME < '19-DEC-20' ORDER BY VAHRYUAE_ACTUALINTIME => ORA-00904: "VAHRYUAE_ACTUALINTIME": invalid identifier
===========>     (SEVERE)   OracleHelper.ExecuteReader: ORA-00904: "VAHRYUAE_ACTUALINTIME": invalid identifier [Query DR] SELECT VAHRUAE_DAILYATTENDANCE_ID FROM VAHRUAE_DAILYATTENDANCE WHERE EMPLOYEEID = 1000007 AND VAHRUAE_ACTUALINTIME >= '19-NOV-20' AND VAHRUAE_ACTUALINTIME < '19-DEC-20' ORDER BY VAHRYUAE_ACTUALINTIME
===========>     (SEVERE)   OracleHelper.ExecuteReader: ORA-00904: "VAHRYUAE_ACTUALINTIME": invalid identifier [Query DR] SELECT VAHRUAE_DAILYATTENDANCE_ID FROM VAHRUAE_DAILYATTENDANCE WHERE EMPLOYEEID = 1000007 AND VAHRUAE_ACTUALINTIME >= '19-NOV-20' AND VAHRUAE_ACTUALINTIME < '19-DEC-20' ORDER BY VAHRYUAE_ACTUALINTIME
===========>     (SEVERE)   PO.DoIt: SELECT VAHRUAE_DAILYATTENDANCE_ID FROM VAHRUAE_DAILYATTENDANCE WHERE EMPLOYEEID = 1000007 AND VAHRUAE_ACTUALINTIME >= '19-NOV-20' AND VAHRUAE_ACTUALINTIME < '19-DEC-20' ORDER BY VAHRYUAE_ACTUALINTIME => ORA-00904: "VAHRYUAE_ACTUALINTIME": invalid identifier
===========>     (SEVERE)   OracleHelper.ExecuteReader: ORA-00904: "VAHRYUAE_ACTUALINTIME": invalid identifier [Query DR] SELECT VAHRUAE_DAILYATTENDANCE_ID FROM VAHRUAE_DAILYATTENDANCE WHERE EMPLOYEEID = 1000007 AND VAHRUAE_ACTUALINTIME >= '19-NOV-20' AND VAHRUAE_ACTUALINTIME < '19-DEC-20' ORDER BY VAHRYUAE_ACTUALINTIME
===========>     (SEVERE)   OracleHelper.ExecuteReader: ORA-00904: "VAHRYUAE_ACTUALINTIME": invalid identifier [Query DR] SELECT VAHRUAE_DAILYATTENDANCE_ID FROM VAHRUAE_DAILYATTENDANCE WHERE EMPLOYEEID = 1000007 AND VAHRUAE_ACTUALINTIME >= '19-NOV-20' AND VAHRUAE_ACTUALINTIME < '19-DEC-20' ORDER BY VAHRYUAE_ACTUALINTIME
===========>     (SEVERE)   PO.DoIt: SELECT VAHRUAE_DAILYATTENDANCE_ID FROM VAHRUAE_DAILYATTENDANCE WHERE EMPLOYEEID = 1000007 AND VAHRUAE_ACTUALINTIME >= '19-NOV-20' AND VAHRUAE_ACTUALINTIME < '19-DEC-20' ORDER BY VAHRYUAE_ACTUALINTIME => ORA-00904: "VAHRYUAE_ACTUALINTIME": invalid identifier
===========>     (SEVERE)   OracleHelper.ExecuteReader: ORA-00904: "VAHRYUAE_ACTUALINTIME": invalid identifier [Query DR] SELECT VAHRUAE_DAILYATTENDANCE_ID FROM VAHRUAE_DAILYATTENDANCE WHERE EMPLOYEEID = 1000007 AND VAHRUAE_ACTUALINTIME >= '19-NOV-20' AND VAHRUAE_ACTUALINTIME < '19-DEC-20' ORDER BY VAHRYUAE_ACTUALINTIME
===========>     (SEVERE)   OracleHelper.ExecuteReader: ORA-00904: "VAHRYUAE_ACTUALINTIME": invalid identifier [Query DR] SELECT VAHRUAE_DAILYATTENDANCE_ID FROM VAHRUAE_DAILYATTENDANCE WHERE EMPLOYEEID = 1000007 AND VAHRUAE_ACTUALINTIME >= '19-NOV-20' AND VAHRUAE_ACTUALINTIME < '19-DEC-20' ORDER BY VAHRYUAE_ACTUALINTIME
===========>     (SEVERE)   PO.DoIt: SELECT VAHRUAE_DAILYATTENDANCE_ID FROM VAHRUAE_DAILYATTENDANCE WHERE EMPLOYEEID = 1000007 AND VAHRUAE_ACTUALINTIME >= '19-NOV-20' AND VAHRUAE_ACTUALINTIME < '19-DEC-20' ORDER BY VAHRYUAE_ACTUALINTIME => ORA-00904: "VAHRYUAE_ACTUALINTIME": invalid identifier
===========>     (SEVERE)   OracleHelper.ExecuteReader: ORA-00904: "VAHRYUAE_ACTUALINTIME": invalid identifier [Query DR] SELECT VAHRUAE_DAILYATTENDANCE_ID FROM VAHRUAE_DAILYATTENDANCE WHERE EMPLOYEEID = 1000007 AND VAHRUAE_ACTUALINTIME >= '19-NOV-20' AND VAHRUAE_ACTUALINTIME < '19-DEC-20' ORDER BY VAHRYUAE_ACTUALINTIME
===========>     (SEVERE)   OracleHelper.ExecuteReader: ORA-00904: "VAHRYUAE_ACTUALINTIME": invalid identifier [Query DR] SELECT VAHRUAE_DAILYATTENDANCE_ID FROM VAHRUAE_DAILYATTENDANCE WHERE EMPLOYEEID = 1000007 AND VAHRUAE_ACTUALINTIME >= '19-NOV-20' AND VAHRUAE_ACTUALINTIME < '19-DEC-20' ORDER BY VAHRYUAE_ACTUALINTIME
===========>     (SEVERE)   PO.DoIt: SELECT VAHRUAE_DAILYATTENDANCE_ID FROM VAHRUAE_DAILYATTENDANCE WHERE EMPLOYEEID = 1000007 AND VAHRUAE_ACTUALINTIME >= '19-NOV-20' AND VAHRUAE_ACTUALINTIME < '19-DEC-20' ORDER BY VAHRYUAE_ACTUALINTIME => ORA-00904: "VAHRYUAE_ACTUALINTIME": invalid identifier
===========>     (SEVERE)   OracleHelper.ExecuteReader: ORA-00904: "VAHRYUAE_ACTUALINTIME": invalid identifier [Query DR] SELECT VAHRUAE_DAILYATTENDANCE_ID FROM VAHRUAE_DAILYATTENDANCE WHERE EMPLOYEEID = 1000007 AND VAHRUAE_ACTUALINTIME >= '19-NOV-20' AND VAHRUAE_ACTUALINTIME < '19-DEC-20' ORDER BY VAHRYUAE_ACTUALINTIME
===========>     (SEVERE)   OracleHelper.ExecuteReader: ORA-00904: "VAHRYUAE_ACTUALINTIME": invalid identifier [Query DR] SELECT VAHRUAE_DAILYATTENDANCE_ID FROM VAHRUAE_DAILYATTENDANCE WHERE EMPLOYEEID = 1000007 AND VAHRUAE_ACTUALINTIME >= '19-NOV-20' AND VAHRUAE_ACTUALINTIME < '19-DEC-20' ORDER BY VAHRYUAE_ACTUALINTIME
===========>     (SEVERE)   PO.DoIt: SELECT VAHRUAE_DAILYATTENDANCE_ID FROM VAHRUAE_DAILYATTENDANCE WHERE EMPLOYEEID = 1000007 AND VAHRUAE_ACTUALINTIME >= '19-NOV-20' AND VAHRUAE_ACTUALINTIME < '19-DEC-20' ORDER BY VAHRYUAE_ACTUALINTIME => ORA-00904: "VAHRYUAE_ACTUALINTIME": invalid identifier
===========>     (SEVERE)   OracleHelper.ExecuteReader: ORA-00904: "VAHRYUAE_ACTUALINTIME": invalid identifier [Query DR] SELECT VAHRUAE_DAILYATTENDANCE_ID FROM VAHRUAE_DAILYATTENDANCE WHERE EMPLOYEEID = 1000007 AND VAHRUAE_ACTUALINTIME >= '19-NOV-20' AND VAHRUAE_ACTUALINTIME < '19-DEC-20' ORDER BY VAHRYUAE_ACTUALINTIME
===========>     (SEVERE)   OracleHelper.ExecuteReader: ORA-00904: "VAHRYUAE_ACTUALINTIME": invalid identifier [Query DR] SELECT VAHRUAE_DAILYATTENDANCE_ID FROM VAHRUAE_DAILYATTENDANCE WHERE EMPLOYEEID = 1000007 AND VAHRUAE_ACTUALINTIME >= '19-NOV-20' AND VAHRUAE_ACTUALINTIME < '19-DEC-20' ORDER BY VAHRYUAE_ACTUALINTIME
===========>     (SEVERE)   PO.DoIt: SELECT VAHRUAE_DAILYATTENDANCE_ID FROM VAHRUAE_DAILYATTENDANCE WHERE EMPLOYEEID = 1000007 AND VAHRUAE_ACTUALINTIME >= '19-NOV-20' AND VAHRUAE_ACTUALINTIME < '19-DEC-20' ORDER BY VAHRYUAE_ACTUALINTIME => ORA-00904: "VAHRYUAE_ACTUALINTIME": invalid identifier
===========>     (SEVERE)   OracleHelper.ExecuteReader: ORA-00904: "VAHRYUAE_ACTUALINTIME": invalid identifier [Query DR] SELECT VAHRUAE_DAILYATTENDANCE_ID FROM VAHRUAE_DAILYATTENDANCE WHERE EMPLOYEEID = 1000007 AND VAHRUAE_ACTUALINTIME >= '19-NOV-20' AND VAHRUAE_ACTUALINTIME < '19-DEC-20' ORDER BY VAHRYUAE_ACTUALINTIME
===========>     (SEVERE)   OracleHelper.ExecuteReader: ORA-00904: "VAHRYUAE_ACTUALINTIME": invalid identifier [Query DR] SELECT VAHRUAE_DAILYATTENDANCE_ID FROM VAHRUAE_DAILYATTENDANCE WHERE EMPLOYEEID = 1000007 AND VAHRUAE_ACTUALINTIME >= '19-NOV-20' AND VAHRUAE_ACTUALINTIME < '19-DEC-20' ORDER BY VAHRYUAE_ACTUALINTIME
===========>     (SEVERE)   PO.DoIt: SELECT VAHRUAE_DAILYATTENDANCE_ID FROM VAHRUAE_DAILYATTENDANCE WHERE EMPLOYEEID = 1000007 AND VAHRUAE_ACTUALINTIME >= '19-NOV-20' AND VAHRUAE_ACTUALINTIME < '19-DEC-20' ORDER BY VAHRYUAE_ACTUALINTIME => ORA-00904: "VAHRYUAE_ACTUALINTIME": invalid identifier
===========>     (SEVERE)   OracleHelper.ExecuteReader: ORA-00904: "VAHRYUAE_ACTUALINTIME": invalid identifier [Query DR] SELECT VAHRUAE_DAILYATTENDANCE_ID FROM VAHRUAE_DAILYATTENDANCE WHERE EMPLOYEEID = 1000007 AND VAHRUAE_ACTUALINTIME >= '19-NOV-20' AND VAHRUAE_ACTUALINTIME < '19-DEC-20' ORDER BY VAHRYUAE_ACTUALINTIME
===========>     (SEVERE)   OracleHelper.ExecuteReader: ORA-00904: "VAHRYUAE_ACTUALINTIME": invalid identifier [Query DR] SELECT VAHRUAE_DAILYATTENDANCE_ID FROM VAHRUAE_DAILYATTENDANCE WHERE EMPLOYEEID = 1000007 AND VAHRUAE_ACTUALINTIME >= '19-NOV-20' AND VAHRUAE_ACTUALINTIME < '19-DEC-20' ORDER BY VAHRYUAE_ACTUALINTIME
===========>     (SEVERE)   PO.DoIt: SELECT VAHRUAE_DAILYATTENDANCE_ID FROM VAHRUAE_DAILYATTENDANCE WHERE EMPLOYEEID = 1000007 AND VAHRUAE_ACTUALINTIME >= '19-NOV-20' AND VAHRUAE_ACTUALINTIME < '19-DEC-20' ORDER BY VAHRYUAE_ACTUALINTIME => ORA-00904: "VAHRYUAE_ACTUALINTIME": invalid identifier
===========>     (SEVERE)   OracleHelper.ExecuteReader: ORA-00904: "VAHRYUAE_ACTUALINTIME": invalid identifier [Query DR] SELECT VAHRUAE_DAILYATTENDANCE_ID FROM VAHRUAE_DAILYATTENDANCE WHERE EMPLOYEEID = 1000007 AND VAHRUAE_ACTUALINTIME >= '19-NOV-20' AND VAHRUAE_ACTUALINTIME < '19-DEC-20' ORDER BY VAHRYUAE_ACTUALINTIME
===========>     (SEVERE)   OracleHelper.ExecuteReader: ORA-00904: "VAHRYUAE_ACTUALINTIME": invalid identifier [Query DR] SELECT VAHRUAE_DAILYATTENDANCE_ID FROM VAHRUAE_DAILYATTENDANCE WHERE EMPLOYEEID = 1000007 AND VAHRUAE_ACTUALINTIME >= '19-NOV-20' AND VAHRUAE_ACTUALINTIME < '19-DEC-20' ORDER BY VAHRYUAE_ACTUALINTIME
===========>     (SEVERE)   PO.DoIt: SELECT VAHRUAE_DAILYATTENDANCE_ID FROM VAHRUAE_DAILYATTENDANCE WHERE EMPLOYEEID = 1000007 AND VAHRUAE_ACTUALINTIME >= '19-NOV-20' AND VAHRUAE_ACTUALINTIME < '19-DEC-20' ORDER BY VAHRYUAE_ACTUALINTIME => ORA-00904: "VAHRYUAE_ACTUALINTIME": invalid identifier
===========>     (SEVERE)   OracleHelper.ExecuteReader: ORA-00904: "VAHRYUAE_ACTUALINTIME": invalid identifier [Query DR] SELECT VAHRUAE_DAILYATTENDANCE_ID FROM VAHRUAE_DAILYATTENDANCE WHERE EMPLOYEEID = 1000007 AND VAHRUAE_ACTUALINTIME >= '19-NOV-20' AND VAHRUAE_ACTUALINTIME < '19-DEC-20' ORDER BY VAHRYUAE_ACTUALINTIME
===========>     (SEVERE)   OracleHelper.ExecuteReader: ORA-00904: "VAHRYUAE_ACTUALINTIME": invalid identifier [Query DR] SELECT VAHRUAE_DAILYATTENDANCE_ID FROM VAHRUAE_DAILYATTENDANCE WHERE EMPLOYEEID = 1000007 AND VAHRUAE_ACTUALINTIME >= '19-NOV-20' AND VAHRUAE_ACTUALINTIME < '19-DEC-20' ORDER BY VAHRYUAE_ACTUALINTIME
===========>     (SEVERE)   PO.DoIt: SELECT VAHRUAE_DAILYATTENDANCE_ID FROM VAHRUAE_DAILYATTENDANCE WHERE EMPLOYEEID = 1000007 AND VAHRUAE_ACTUALINTIME >= '19-NOV-20' AND VAHRUAE_ACTUALINTIME < '19-DEC-20' ORDER BY VAHRYUAE_ACTUALINTIME => ORA-00904: "VAHRYUAE_ACTUALINTIME": invalid identifier
===========>     (SEVERE)   OracleHelper.ExecuteReader: ORA-00904: "VAHRYUAE_ACTUALINTIME": invalid identifier [Query DR] SELECT VAHRUAE_DAILYATTENDANCE_ID FROM VAHRUAE_DAILYATTENDANCE WHERE EMPLOYEEID = 1000007 AND VAHRUAE_ACTUALINTIME >= '19-NOV-20' AND VAHRUAE_ACTUALINTIME < '19-DEC-20' ORDER BY VAHRYUAE_ACTUALINTIME
===========>     (SEVERE)   OracleHelper.ExecuteReader: ORA-00904: "VAHRYUAE_ACTUALINTIME": invalid identifier [Query DR] SELECT VAHRUAE_DAILYATTENDANCE_ID FROM VAHRUAE_DAILYATTENDANCE WHERE EMPLOYEEID = 1000007 AND VAHRUAE_ACTUALINTIME >= '19-NOV-20' AND VAHRUAE_ACTUALINTIME < '19-DEC-20' ORDER BY VAHRYUAE_ACTUALINTIME
===========>     (SEVERE)   PO.DoIt: SELECT VAHRUAE_DAILYATTENDANCE_ID FROM VAHRUAE_DAILYATTENDANCE WHERE EMPLOYEEID = 1000007 AND VAHRUAE_ACTUALINTIME >= '19-NOV-20' AND VAHRUAE_ACTUALINTIME < '19-DEC-20' ORDER BY VAHRYUAE_ACTUALINTIME => ORA-00904: "VAHRYUAE_ACTUALINTIME": invalid identifier
01:39:18.391    (INFO)     CacheMgt.Reset: AD_Process: #1 (1)
01:39:19.391    (INFO)     Trx.Start: **** ConnSH637538315594714885System.Random
01:39:19.391    (INFO)     Trx.Commit: **C** ConnSH637538315594714885System.Random
===========>     (SEVERE)   OracleHelper.ExecuteReader: ORA-00904: "VAHRYUAE_ACTUALINTIME": invalid identifier [Query DR] SELECT VAHRUAE_DAILYATTENDANCE_ID FROM VAHRUAE_DAILYATTENDANCE WHERE EMPLOYEEID = 1000007 AND VAHRUAE_ACTUALINTIME >= '19-NOV-20' AND VAHRUAE_ACTUALINTIME < '19-DEC-20' ORDER BY VAHRYUAE_ACTUALINTIME
===========>     (SEVERE)   OracleHelper.ExecuteReader: ORA-00904: "VAHRYUAE_ACTUALINTIME": invalid identifier [Query DR] SELECT VAHRUAE_DAILYATTENDANCE_ID FROM VAHRUAE_DAILYATTENDANCE WHERE EMPLOYEEID = 1000007 AND VAHRUAE_ACTUALINTIME >= '19-NOV-20' AND VAHRUAE_ACTUALINTIME < '19-DEC-20' ORDER BY VAHRYUAE_ACTUALINTIME
===========>     (SEVERE)   PO.DoIt: SELECT VAHRUAE_DAILYATTENDANCE_ID FROM VAHRUAE_DAILYATTENDANCE WHERE EMPLOYEEID = 1000007 AND VAHRUAE_ACTUALINTIME >= '19-NOV-20' AND VAHRUAE_ACTUALINTIME < '19-DEC-20' ORDER BY VAHRYUAE_ACTUALINTIME => ORA-00904: "VAHRYUAE_ACTUALINTIME": invalid identifier
===========>     (SEVERE)   OracleHelper.ExecuteReader: ORA-00904: "VAHRYUAE_ACTUALINTIME": invalid identifier [Query DR] SELECT VAHRUAE_DAILYATTENDANCE_ID FROM VAHRUAE_DAILYATTENDANCE WHERE EMPLOYEEID = 1000007 AND VAHRUAE_ACTUALINTIME >= '19-NOV-20' AND VAHRUAE_ACTUALINTIME < '19-DEC-20' ORDER BY VAHRYUAE_ACTUALINTIME
===========>     (SEVERE)   OracleHelper.ExecuteReader: ORA-00904: "VAHRYUAE_ACTUALINTIME": invalid identifier [Query DR] SELECT VAHRUAE_DAILYATTENDANCE_ID FROM VAHRUAE_DAILYATTENDANCE WHERE EMPLOYEEID = 1000007 AND VAHRUAE_ACTUALINTIME >= '19-NOV-20' AND VAHRUAE_ACTUALINTIME < '19-DEC-20' ORDER BY VAHRYUAE_ACTUALINTIME
===========>     (SEVERE)   PO.DoIt: SELECT VAHRUAE_DAILYATTENDANCE_ID FROM VAHRUAE_DAILYATTENDANCE WHERE EMPLOYEEID = 1000007 AND VAHRUAE_ACTUALINTIME >= '19-NOV-20' AND VAHRUAE_ACTUALINTIME < '19-DEC-20' ORDER BY VAHRYUAE_ACTUALINTIME => ORA-00904: "VAHRYUAE_ACTUALINTIME": invalid identifier
===========>     (SEVERE)   OracleHelper.ExecuteReader: ORA-00904: "VAHRYUAE_ACTUALINTIME": invalid identifier [Query DR] SELECT VAHRUAE_DAILYATTENDANCE_ID FROM VAHRUAE_DAILYATTENDANCE WHERE EMPLOYEEID = 1000007 AND VAHRUAE_ACTUALINTIME >= '19-NOV-20' AND VAHRUAE_ACTUALINTIME < '19-DEC-20' ORDER BY VAHRYUAE_ACTUALINTIME
===========>     (SEVERE)   OracleHelper.ExecuteReader: ORA-00904: "VAHRYUAE_ACTUALINTIME": invalid identifier [Query DR] SELECT VAHRUAE_DAILYATTENDANCE_ID FROM VAHRUAE_DAILYATTENDANCE WHERE EMPLOYEEID = 1000007 AND VAHRUAE_ACTUALINTIME >= '19-NOV-20' AND VAHRUAE_ACTUALINTIME < '19-DEC-20' ORDER BY VAHRYUAE_ACTUALINTIME
===========>     (SEVERE)   PO.DoIt: SELECT VAHRUAE_DAILYATTENDANCE_ID FROM VAHRUAE_DAILYATTENDANCE WHERE EMPLOYEEID = 1000007 AND VAHRUAE_ACTUALINTIME >= '19-NOV-20' AND VAHRUAE_ACTUALINTIME < '19-DEC-20' ORDER BY VAHRYUAE_ACTUALINTIME => ORA-00904: "VAHRYUAE_ACTUALINTIME": invalid identifier
===========>     (SEVERE)   OracleHelper.ExecuteReader: ORA-00904: "VAHRYUAE_ACTUALINTIME": invalid identifier [Query DR] SELECT VAHRUAE_DAILYATTENDANCE_ID FROM VAHRUAE_DAILYATTENDANCE WHERE EMPLOYEEID = 1000007 AND VAHRUAE_ACTUALINTIME >= '19-NOV-20' AND VAHRUAE_ACTUALINTIME < '19-DEC-20' ORDER BY VAHRYUAE_ACTUALINTIME
===========>     (SEVERE)   OracleHelper.ExecuteReader: ORA-00904: "VAHRYUAE_ACTUALINTIME": invalid identifier [Query DR] SELECT VAHRUAE_DAILYATTENDANCE_ID FROM VAHRUAE_DAILYATTENDANCE WHERE EMPLOYEEID = 1000007 AND VAHRUAE_ACTUALINTIME >= '19-NOV-20' AND VAHRUAE_ACTUALINTIME < '19-DEC-20' ORDER BY VAHRYUAE_ACTUALINTIME
===========>     (SEVERE)   PO.DoIt: SELECT VAHRUAE_DAILYATTENDANCE_ID FROM VAHRUAE_DAILYATTENDANCE WHERE EMPLOYEEID = 1000007 AND VAHRUAE_ACTUALINTIME >= '19-NOV-20' AND VAHRUAE_ACTUALINTIME < '19-DEC-20' ORDER BY VAHRYUAE_ACTUALINTIME => ORA-00904: "VAHRYUAE_ACTUALINTIME": invalid identifier
===========>     (SEVERE)   OracleHelper.ExecuteReader: ORA-00904: "VAHRYUAE_ACTUALINTIME": invalid identifier [Query DR] SELECT VAHRUAE_DAILYATTENDANCE_ID FROM VAHRUAE_DAILYATTENDANCE WHERE EMPLOYEEID = 1000007 AND VAHRUAE_ACTUALINTIME >= '19-NOV-20' AND VAHRUAE_ACTUALINTIME < '19-DEC-20' ORDER BY VAHRYUAE_ACTUALINTIME
===========>     (SEVERE)   OracleHelper.ExecuteReader: ORA-00904: "VAHRYUAE_ACTUALINTIME": invalid identifier [Query DR] SELECT VAHRUAE_DAILYATTENDANCE_ID FROM VAHRUAE_DAILYATTENDANCE WHERE EMPLOYEEID = 1000007 AND VAHRUAE_ACTUALINTIME >= '19-NOV-20' AND VAHRUAE_ACTUALINTIME < '19-DEC-20' ORDER BY VAHRYUAE_ACTUALINTIME
===========>     (SEVERE)   PO.DoIt: SELECT VAHRUAE_DAILYATTENDANCE_ID FROM VAHRUAE_DAILYATTENDANCE WHERE EMPLOYEEID = 1000007 AND VAHRUAE_ACTUALINTIME >= '19-NOV-20' AND VAHRUAE_ACTUALINTIME < '19-DEC-20' ORDER BY VAHRYUAE_ACTUALINTIME => ORA-00904: "VAHRYUAE_ACTUALINTIME": invalid identifier
===========>     (SEVERE)   OracleHelper.ExecuteReader: ORA-00904: "VAHRYUAE_ACTUALINTIME": invalid identifier [Query DR] SELECT VAHRUAE_DAILYATTENDANCE_ID FROM VAHRUAE_DAILYATTENDANCE WHERE EMPLOYEEID = 1000007 AND VAHRUAE_ACTUALINTIME >= '19-NOV-20' AND VAHRUAE_ACTUALINTIME < '19-DEC-20' ORDER BY VAHRYUAE_ACTUALINTIME
===========>     (SEVERE)   OracleHelper.ExecuteReader: ORA-00904: "VAHRYUAE_ACTUALINTIME": invalid identifier [Query DR] SELECT VAHRUAE_DAILYATTENDANCE_ID FROM VAHRUAE_DAILYATTENDANCE WHERE EMPLOYEEID = 1000007 AND VAHRUAE_ACTUALINTIME >= '19-NOV-20' AND VAHRUAE_ACTUALINTIME < '19-DEC-20' ORDER BY VAHRYUAE_ACTUALINTIME
===========>     (SEVERE)   PO.DoIt: SELECT VAHRUAE_DAILYATTENDANCE_ID FROM VAHRUAE_DAILYATTENDANCE WHERE EMPLOYEEID = 1000007 AND VAHRUAE_ACTUALINTIME >= '19-NOV-20' AND VAHRUAE_ACTUALINTIME < '19-DEC-20' ORDER BY VAHRYUAE_ACTUALINTIME => ORA-00904: "VAHRYUAE_ACTUALINTIME": invalid identifier
===========>     (SEVERE)   OracleHelper.ExecuteReader: ORA-00904: "VAHRYUAE_ACTUALINTIME": invalid identifier [Query DR] SELECT VAHRUAE_DAILYATTENDANCE_ID FROM VAHRUAE_DAILYATTENDANCE WHERE EMPLOYEEID = 1000007 AND VAHRUAE_ACTUALINTIME >= '19-NOV-20' AND VAHRUAE_ACTUALINTIME < '19-DEC-20' ORDER BY VAHRYUAE_ACTUALINTIME
===========>     (SEVERE)   OracleHelper.ExecuteReader: ORA-00904: "VAHRYUAE_ACTUALINTIME": invalid identifier [Query DR] SELECT VAHRUAE_DAILYATTENDANCE_ID FROM VAHRUAE_DAILYATTENDANCE WHERE EMPLOYEEID = 1000007 AND VAHRUAE_ACTUALINTIME >= '19-NOV-20' AND VAHRUAE_ACTUALINTIME < '19-DEC-20' ORDER BY VAHRYUAE_ACTUALINTIME
===========>     (SEVERE)   PO.DoIt: SELECT VAHRUAE_DAILYATTENDANCE_ID FROM VAHRUAE_DAILYATTENDANCE WHERE EMPLOYEEID = 1000007 AND VAHRUAE_ACTUALINTIME >= '19-NOV-20' AND VAHRUAE_ACTUALINTIME < '19-DEC-20' ORDER BY VAHRYUAE_ACTUALINTIME => ORA-00904: "VAHRYUAE_ACTUALINTIME": invalid identifier
===========>     (SEVERE)   OracleHelper.ExecuteReader: ORA-00904: "VAHRYUAE_ACTUALINTIME": invalid identifier [Query DR] SELECT VAHRUAE_DAILYATTENDANCE_ID FROM VAHRUAE_DAILYATTENDANCE WHERE EMPLOYEEID = 1000007 AND VAHRUAE_ACTUALINTIME >= '19-NOV-20' AND VAHRUAE_ACTUALINTIME < '19-DEC-20' ORDER BY VAHRYUAE_ACTUALINTIME
===========>     (SEVERE)   OracleHelper.ExecuteReader: ORA-00904: "VAHRYUAE_ACTUALINTIME": invalid identifier [Query DR] SELECT VAHRUAE_DAILYATTENDANCE_ID FROM VAHRUAE_DAILYATTENDANCE WHERE EMPLOYEEID = 1000007 AND VAHRUAE_ACTUALINTIME >= '19-NOV-20' AND VAHRUAE_ACTUALINTIME < '19-DEC-20' ORDER BY VAHRYUAE_ACTUALINTIME
===========>     (SEVERE)   PO.DoIt: SELECT VAHRUAE_DAILYATTENDANCE_ID FROM VAHRUAE_DAILYATTENDANCE WHERE EMPLOYEEID = 1000007 AND VAHRUAE_ACTUALINTIME >= '19-NOV-20' AND VAHRUAE_ACTUALINTIME < '19-DEC-20' ORDER BY VAHRYUAE_ACTUALINTIME => ORA-00904: "VAHRYUAE_ACTUALINTIME": invalid identifier
===========>     (SEVERE)   OracleHelper.ExecuteReader: ORA-00904: "VAHRYUAE_ACTUALINTIME": invalid identifier [Query DR] SELECT VAHRUAE_DAILYATTENDANCE_ID FROM VAHRUAE_DAILYATTENDANCE WHERE EMPLOYEEID = 1000007 AND VAHRUAE_ACTUALINTIME >= '19-NOV-20' AND VAHRUAE_ACTUALINTIME < '19-DEC-20' ORDER BY VAHRYUAE_ACTUALINTIME
===========>     (SEVERE)   OracleHelper.ExecuteReader: ORA-00904: "VAHRYUAE_ACTUALINTIME": invalid identifier [Query DR] SELECT VAHRUAE_DAILYATTENDANCE_ID FROM VAHRUAE_DAILYATTENDANCE WHERE EMPLOYEEID = 1000007 AND VAHRUAE_ACTUALINTIME >= '19-NOV-20' AND VAHRUAE_ACTUALINTIME < '19-DEC-20' ORDER BY VAHRYUAE_ACTUALINTIME
===========>     (SEVERE)   PO.DoIt: SELECT VAHRUAE_DAILYATTENDANCE_ID FROM VAHRUAE_DAILYATTENDANCE WHERE EMPLOYEEID = 1000007 AND VAHRUAE_ACTUALINTIME >= '19-NOV-20' AND VAHRUAE_ACTUALINTIME < '19-DEC-20' ORDER BY VAHRYUAE_ACTUALINTIME => ORA-00904: "VAHRYUAE_ACTUALINTIME": invalid identifier
===========>     (SEVERE)   OracleHelper.ExecuteReader: ORA-00904: "VAHRYUAE_ACTUALINTIME": invalid identifier [Query DR] SELECT VAHRUAE_DAILYATTENDANCE_ID FROM VAHRUAE_DAILYATTENDANCE WHERE EMPLOYEEID = 1000007 AND VAHRUAE_ACTUALINTIME >= '19-NOV-20' AND VAHRUAE_ACTUALINTIME < '19-DEC-20' ORDER BY VAHRYUAE_ACTUALINTIME
===========>     (SEVERE)   OracleHelper.ExecuteReader: ORA-00904: "VAHRYUAE_ACTUALINTIME": invalid identifier [Query DR] SELECT VAHRUAE_DAILYATTENDANCE_ID FROM VAHRUAE_DAILYATTENDANCE WHERE EMPLOYEEID = 1000007 AND VAHRUAE_ACTUALINTIME >= '19-NOV-20' AND VAHRUAE_ACTUALINTIME < '19-DEC-20' ORDER BY VAHRYUAE_ACTUALINTIME
===========>     (SEVERE)   PO.DoIt: SELECT VAHRUAE_DAILYATTENDANCE_ID FROM VAHRUAE_DAILYATTENDANCE WHERE EMPLOYEEID = 1000007 AND VAHRUAE_ACTUALINTIME >= '19-NOV-20' AND VAHRUAE_ACTUALINTIME < '19-DEC-20' ORDER BY VAHRYUAE_ACTUALINTIME => ORA-00904: "VAHRYUAE_ACTUALINTIME": invalid identifier
===========>     (SEVERE)   OracleHelper.ExecuteReader: ORA-00904: "VAHRYUAE_ACTUALINTIME": invalid identifier [Query DR] SELECT VAHRUAE_DAILYATTENDANCE_ID FROM VAHRUAE_DAILYATTENDANCE WHERE EMPLOYEEID = 1000007 AND VAHRUAE_ACTUALINTIME >= '19-NOV-20' AND VAHRUAE_ACTUALINTIME < '19-DEC-20' ORDER BY VAHRYUAE_ACTUALINTIME
===========>     (SEVERE)   OracleHelper.ExecuteReader: ORA-00904: "VAHRYUAE_ACTUALINTIME": invalid identifier [Query DR] SELECT VAHRUAE_DAILYATTENDANCE_ID FROM VAHRUAE_DAILYATTENDANCE WHERE EMPLOYEEID = 1000007 AND VAHRUAE_ACTUALINTIME >= '19-NOV-20' AND VAHRUAE_ACTUALINTIME < '19-DEC-20' ORDER BY VAHRYUAE_ACTUALINTIME
===========>     (SEVERE)   PO.DoIt: SELECT VAHRUAE_DAILYATTENDANCE_ID FROM VAHRUAE_DAILYATTENDANCE WHERE EMPLOYEEID = 1000007 AND VAHRUAE_ACTUALINTIME >= '19-NOV-20' AND VAHRUAE_ACTUALINTIME < '19-DEC-20' ORDER BY VAHRYUAE_ACTUALINTIME => ORA-00904: "VAHRYUAE_ACTUALINTIME": invalid identifier
===========>     (SEVERE)   OracleHelper.ExecuteReader: ORA-00904: "VAHRYUAE_ACTUALINTIME": invalid identifier [Query DR] SELECT VAHRUAE_DAILYATTENDANCE_ID FROM VAHRUAE_DAILYATTENDANCE WHERE EMPLOYEEID = 1000007 AND VAHRUAE_ACTUALINTIME >= '19-NOV-20' AND VAHRUAE_ACTUALINTIME < '19-DEC-20' ORDER BY VAHRYUAE_ACTUALINTIME
===========>     (SEVERE)   OracleHelper.ExecuteReader: ORA-00904: "VAHRYUAE_ACTUALINTIME": invalid identifier [Query DR] SELECT VAHRUAE_DAILYATTENDANCE_ID FROM VAHRUAE_DAILYATTENDANCE WHERE EMPLOYEEID = 1000007 AND VAHRUAE_ACTUALINTIME >= '19-NOV-20' AND VAHRUAE_ACTUALINTIME < '19-DEC-20' ORDER BY VAHRYUAE_ACTUALINTIME
===========>     (SEVERE)   PO.DoIt: SELECT VAHRUAE_DAILYATTENDANCE_ID FROM VAHRUAE_DAILYATTENDANCE WHERE EMPLOYEEID = 1000007 AND VAHRUAE_ACTUALINTIME >= '19-NOV-20' AND VAHRUAE_ACTUALINTIME < '19-DEC-20' ORDER BY VAHRYUAE_ACTUALINTIME => ORA-00904: "VAHRYUAE_ACTUALINTIME": invalid identifier
===========>     (SEVERE)   OracleHelper.ExecuteReader: ORA-00904: "VAHRYUAE_ACTUALINTIME": invalid identifier [Query DR] SELECT VAHRUAE_DAILYATTENDANCE_ID FROM VAHRUAE_DAILYATTENDANCE WHERE EMPLOYEEID = 1000007 AND VAHRUAE_ACTUALINTIME >= '19-NOV-20' AND VAHRUAE_ACTUALINTIME < '19-DEC-20' ORDER BY VAHRYUAE_ACTUALINTIME
===========>     (SEVERE)   OracleHelper.ExecuteReader: ORA-00904: "VAHRYUAE_ACTUALINTIME": invalid identifier [Query DR] SELECT VAHRUAE_DAILYATTENDANCE_ID FROM VAHRUAE_DAILYATTENDANCE WHERE EMPLOYEEID = 1000007 AND VAHRUAE_ACTUALINTIME >= '19-NOV-20' AND VAHRUAE_ACTUALINTIME < '19-DEC-20' ORDER BY VAHRYUAE_ACTUALINTIME
===========>     (SEVERE)   PO.DoIt: SELECT VAHRUAE_DAILYATTENDANCE_ID FROM VAHRUAE_DAILYATTENDANCE WHERE EMPLOYEEID = 1000007 AND VAHRUAE_ACTUALINTIME >= '19-NOV-20' AND VAHRUAE_ACTUALINTIME < '19-DEC-20' ORDER BY VAHRYUAE_ACTUALINTIME => ORA-00904: "VAHRYUAE_ACTUALINTIME": invalid identifier
===========>     (SEVERE)   OracleHelper.ExecuteReader: ORA-00904: "VAHRYUAE_ACTUALINTIME": invalid identifier [Query DR] SELECT VAHRUAE_DAILYATTENDANCE_ID FROM VAHRUAE_DAILYATTENDANCE WHERE EMPLOYEEID = 1000007 AND VAHRUAE_ACTUALINTIME >= '19-NOV-20' AND VAHRUAE_ACTUALINTIME < '19-DEC-20' ORDER BY VAHRYUAE_ACTUALINTIME
===========>     (SEVERE)   OracleHelper.ExecuteReader: ORA-00904: "VAHRYUAE_ACTUALINTIME": invalid identifier [Query DR] SELECT VAHRUAE_DAILYATTENDANCE_ID FROM VAHRUAE_DAILYATTENDANCE WHERE EMPLOYEEID = 1000007 AND VAHRUAE_ACTUALINTIME >= '19-NOV-20' AND VAHRUAE_ACTUALINTIME < '19-DEC-20' ORDER BY VAHRYUAE_ACTUALINTIME
===========>     (SEVERE)   PO.DoIt: SELECT VAHRUAE_DAILYATTENDANCE_ID FROM VAHRUAE_DAILYATTENDANCE WHERE EMPLOYEEID = 1000007 AND VAHRUAE_ACTUALINTIME >= '19-NOV-20' AND VAHRUAE_ACTUALINTIME < '19-DEC-20' ORDER BY VAHRYUAE_ACTUALINTIME => ORA-00904: "VAHRYUAE_ACTUALINTIME": invalid identifier
===========>     (SEVERE)   OracleHelper.ExecuteReader: ORA-00904: "VAHRYUAE_ACTUALINTIME": invalid identifier [Query DR] SELECT VAHRUAE_DAILYATTENDANCE_ID FROM VAHRUAE_DAILYATTENDANCE WHERE EMPLOYEEID = 1000007 AND VAHRUAE_ACTUALINTIME >= '19-NOV-20' AND VAHRUAE_ACTUALINTIME < '19-DEC-20' ORDER BY VAHRYUAE_ACTUALINTIME
===========>     (SEVERE)   OracleHelper.ExecuteReader: ORA-00904: "VAHRYUAE_ACTUALINTIME": invalid identifier [Query DR] SELECT VAHRUAE_DAILYATTENDANCE_ID FROM VAHRUAE_DAILYATTENDANCE WHERE EMPLOYEEID = 1000007 AND VAHRUAE_ACTUALINTIME >= '19-NOV-20' AND VAHRUAE_ACTUALINTIME < '19-DEC-20' ORDER BY VAHRYUAE_ACTUALINTIME
===========>     (SEVERE)   PO.DoIt: SELECT VAHRUAE_DAILYATTENDANCE_ID FROM VAHRUAE_DAILYATTENDANCE WHERE EMPLOYEEID = 1000007 AND VAHRUAE_ACTUALINTIME >= '19-NOV-20' AND VAHRUAE_ACTUALINTIME < '19-DEC-20' ORDER BY VAHRYUAE_ACTUALINTIME => ORA-00904: "VAHRYUAE_ACTUALINTIME": invalid identifier
===========>     (SEVERE)   OracleHelper.ExecuteReader: ORA-00904: "VAHRYUAE_ACTUALINTIME": invalid identifier [Query DR] SELECT VAHRUAE_DAILYATTENDANCE_ID FROM VAHRUAE_DAILYATTENDANCE WHERE EMPLOYEEID = 1000007 AND VAHRUAE_ACTUALINTIME >= '19-NOV-20' AND VAHRUAE_ACTUALINTIME < '19-DEC-20' ORDER BY VAHRYUAE_ACTUALINTIME
===========>     (SEVERE)   OracleHelper.ExecuteReader: ORA-00904: "VAHRYUAE_ACTUALINTIME": invalid identifier [Query DR] SELECT VAHRUAE_DAILYATTENDANCE_ID FROM VAHRUAE_DAILYATTENDANCE WHERE EMPLOYEEID = 1000007 AND VAHRUAE_ACTUALINTIME >= '19-NOV-20' AND VAHRUAE_ACTUALINTIME < '19-DEC-20' ORDER BY VAHRYUAE_ACTUALINTIME
===========>     (SEVERE)   PO.DoIt: SELECT VAHRUAE_DAILYATTENDANCE_ID FROM VAHRUAE_DAILYATTENDANCE WHERE EMPLOYEEID = 1000007 AND VAHRUAE_ACTUALINTIME >= '19-NOV-20' AND VAHRUAE_ACTUALINTIME < '19-DEC-20' ORDER BY VAHRYUAE_ACTUALINTIME => ORA-00904: "VAHRYUAE_ACTUALINTIME": invalid identifier
===========>     (SEVERE)   OracleHelper.ExecuteReader: ORA-00904: "VAHRYUAE_ACTUALINTIME": invalid identifier [Query DR] SELECT VAHRUAE_DAILYATTENDANCE_ID FROM VAHRUAE_DAILYATTENDANCE WHERE EMPLOYEEID = 1000007 AND VAHRUAE_ACTUALINTIME >= '19-NOV-20' AND VAHRUAE_ACTUALINTIME < '19-DEC-20' ORDER BY VAHRYUAE_ACTUALINTIME
===========>     (SEVERE)   OracleHelper.ExecuteReader: ORA-00904: "VAHRYUAE_ACTUALINTIME": invalid identifier [Query DR] SELECT VAHRUAE_DAILYATTENDANCE_ID FROM VAHRUAE_DAILYATTENDANCE WHERE EMPLOYEEID = 1000007 AND VAHRUAE_ACTUALINTIME >= '19-NOV-20' AND VAHRUAE_ACTUALINTIME < '19-DEC-20' ORDER BY VAHRYUAE_ACTUALINTIME
===========>     (SEVERE)   PO.DoIt: SELECT VAHRUAE_DAILYATTENDANCE_ID FROM VAHRUAE_DAILYATTENDANCE WHERE EMPLOYEEID = 1000007 AND VAHRUAE_ACTUALINTIME >= '19-NOV-20' AND VAHRUAE_ACTUALINTIME < '19-DEC-20' ORDER BY VAHRYUAE_ACTUALINTIME => ORA-00904: "VAHRYUAE_ACTUALINTIME": invalid identifier
===========>     (SEVERE)   OracleHelper.ExecuteReader: ORA-00904: "VAHRYUAE_ACTUALINTIME": invalid identifier [Query DR] SELECT VAHRUAE_DAILYATTENDANCE_ID FROM VAHRUAE_DAILYATTENDANCE WHERE EMPLOYEEID = 1000007 AND VAHRUAE_ACTUALINTIME >= '19-NOV-20' AND VAHRUAE_ACTUALINTIME < '19-DEC-20' ORDER BY VAHRYUAE_ACTUALINTIME
===========>     (SEVERE)   OracleHelper.ExecuteReader: ORA-00904: "VAHRYUAE_ACTUALINTIME": invalid identifier [Query DR] SELECT VAHRUAE_DAILYATTENDANCE_ID FROM VAHRUAE_DAILYATTENDANCE WHERE EMPLOYEEID = 1000007 AND VAHRUAE_ACTUALINTIME >= '19-NOV-20' AND VAHRUAE_ACTUALINTIME < '19-DEC-20' ORDER BY VAHRYUAE_ACTUALINTIME
===========>     (SEVERE)   PO.DoIt: SELECT VAHRUAE_DAILYATTENDANCE_ID FROM VAHRUAE_DAILYATTENDANCE WHERE EMPLOYEEID = 1000007 AND VAHRUAE_ACTUALINTIME >= '19-NOV-20' AND VAHRUAE_ACTUALINTIME < '19-DEC-20' ORDER BY VAHRYUAE_ACTUALINTIME => ORA-00904: "VAHRYUAE_ACTUALINTIME": invalid identifier
===========>     (SEVERE)   OracleHelper.ExecuteReader: ORA-00904: "VAHRYUAE_ACTUALINTIME": invalid identifier [Query DR] SELECT VAHRUAE_DAILYATTENDANCE_ID FROM VAHRUAE_DAILYATTENDANCE WHERE EMPLOYEEID = 1000007 AND VAHRUAE_ACTUALINTIME >= '19-NOV-20' AND VAHRUAE_ACTUALINTIME < '19-DEC-20' ORDER BY VAHRYUAE_ACTUALINTIME
===========>     (SEVERE)   OracleHelper.ExecuteReader: ORA-00904: "VAHRYUAE_ACTUALINTIME": invalid identifier [Query DR] SELECT VAHRUAE_DAILYATTENDANCE_ID FROM VAHRUAE_DAILYATTENDANCE WHERE EMPLOYEEID = 1000007 AND VAHRUAE_ACTUALINTIME >= '19-NOV-20' AND VAHRUAE_ACTUALINTIME < '19-DEC-20' ORDER BY VAHRYUAE_ACTUALINTIME
===========>     (SEVERE)   PO.DoIt: SELECT VAHRUAE_DAILYATTENDANCE_ID FROM VAHRUAE_DAILYATTENDANCE WHERE EMPLOYEEID = 1000007 AND VAHRUAE_ACTUALINTIME >= '19-NOV-20' AND VAHRUAE_ACTUALINTIME < '19-DEC-20' ORDER BY VAHRYUAE_ACTUALINTIME => ORA-00904: "VAHRYUAE_ACTUALINTIME": invalid identifier
===========>     (SEVERE)   OracleHelper.ExecuteReader: ORA-00904: "VAHRYUAE_ACTUALINTIME": invalid identifier [Query DR] SELECT VAHRUAE_DAILYATTENDANCE_ID FROM VAHRUAE_DAILYATTENDANCE WHERE EMPLOYEEID = 1000007 AND VAHRUAE_ACTUALINTIME >= '19-NOV-20' AND VAHRUAE_ACTUALINTIME < '19-DEC-20' ORDER BY VAHRYUAE_ACTUALINTIME
===========>     (SEVERE)   OracleHelper.ExecuteReader: ORA-00904: "VAHRYUAE_ACTUALINTIME": invalid identifier [Query DR] SELECT VAHRUAE_DAILYATTENDANCE_ID FROM VAHRUAE_DAILYATTENDANCE WHERE EMPLOYEEID = 1000007 AND VAHRUAE_ACTUALINTIME >= '19-NOV-20' AND VAHRUAE_ACTUALINTIME < '19-DEC-20' ORDER BY VAHRYUAE_ACTUALINTIME
===========>     (SEVERE)   PO.DoIt: SELECT VAHRUAE_DAILYATTENDANCE_ID FROM VAHRUAE_DAILYATTENDANCE WHERE EMPLOYEEID = 1000007 AND VAHRUAE_ACTUALINTIME >= '19-NOV-20' AND VAHRUAE_ACTUALINTIME < '19-DEC-20' ORDER BY VAHRYUAE_ACTUALINTIME => ORA-00904: "VAHRYUAE_ACTUALINTIME": invalid identifier
01:39:19.391    (INFO)     CacheMgt.Reset: AD_Process: #1 (1)
