*** 4/18/2021 10:42:00 AM VAdvantage Log  ***
10:42:00.420    (INFO)     Trx.Start: **** ConnSH637543393203263975System.Random
10:42:00.420    (INFO)     Trx.Commit: **C** ConnSH637543393203263975System.Random
10:42:00.420    (INFO)     MChangeLog.FillChangeLog: #9
10:42:00.420    (INFO)     Trx.Start: **** ConnSH637543393203863635System.Random
10:42:00.420    (INFO)     Trx.Commit: **C** ConnSH637543393203863635System.Random
10:42:00.420    (INFO)     Trx.Start: **** ConnSH637543393203983632System.Random
10:42:00.420    (INFO)     Trx.Commit: **C** ConnSH637543393203983632System.Random
10:42:00.420    (INFO)     Trx.Start: **** ConnSH637543393204473853System.Random
10:42:00.420    (INFO)     Trx.Commit: **C** ConnSH637543393204473853System.Random
10:42:00.420    (INFO)     Trx.Start: **** ConnSH637543393205283871System.Random
10:42:00.420    (INFO)     Trx.Commit: **C** ConnSH637543393205283871System.Random
10:42:00.420    (INFO)     Trx.Start: **** ConnSH637543393205803593System.Random
10:42:00.420    (INFO)     Trx.Commit: **C** ConnSH637543393205803593System.Random
10:42:00.420    (INFO)     Trx.Start: **** ConnSH637543393206323615System.Random
10:42:00.420    (INFO)     Trx.Commit: **C** ConnSH637543393206323615System.Random
10:42:00.420    (INFO)     CacheMgt.Reset: AD_Process: #1 (1)
10:43:46.434    (INFO)     Trx.Start: **** ConnSH637543394261175409System.Random
10:43:46.434    (INFO)     Trx.Commit: **C** ConnSH637543394261175409System.Random
10:43:46.434    (INFO)     Trx.Start: **** ConnSH637543394261375408System.Random
10:43:46.434    (INFO)     Trx.Commit: **C** ConnSH637543394261375408System.Random
10:43:46.434    (INFO)     Trx.Start: **** ConnSH637543394261465407System.Random
10:43:46.434    (INFO)     Trx.Commit: **C** ConnSH637543394261465407System.Random
10:43:46.434    (INFO)     Trx.Start: **** ConnSH637543394261925410System.Random
10:43:46.434    (INFO)     Trx.Commit: **C** ConnSH637543394261925410System.Random
10:43:46.434    (INFO)     Trx.Start: **** ConnSH637543394262435091System.Random
10:43:46.434    (INFO)     Trx.Commit: **C** ConnSH637543394262435091System.Random
10:43:46.434    (INFO)     Trx.Start: **** ConnSH637543394262945054System.Random
10:43:46.434    (INFO)     Trx.Commit: **C** ConnSH637543394262945054System.Random
10:43:46.434    (INFO)     Trx.Start: **** ConnSH637543394263425103System.Random
10:43:46.434    (INFO)     Trx.Commit: **C** ConnSH637543394263425103System.Random
10:43:46.434    (INFO)     CacheMgt.Reset: AD_Process: #1 (1)
10:44:06.446    (INFO)     Trx.Start: **** ConnSH637543394466285061System.Random
10:44:06.446    (INFO)     Trx.Commit: **C** ConnSH637543394466285061System.Random
10:44:06.446    (INFO)     Trx.Start: **** ConnSH637543394466485068System.Random
10:44:06.446    (INFO)     Trx.Commit: **C** ConnSH637543394466485068System.Random
10:44:06.446    (INFO)     Trx.Start: **** ConnSH637543394466575096System.Random
10:44:06.446    (INFO)     Trx.Commit: **C** ConnSH637543394466575096System.Random
10:44:06.446    (INFO)     Trx.Start: **** ConnSH637543394467015069System.Random
10:44:06.446    (INFO)     Trx.Commit: **C** ConnSH637543394467015069System.Random
10:44:06.446    (INFO)     Trx.Start: **** ConnSH637543394467535083System.Random
