*** 4/18/2021 9:18:35 AM VAdvantage Log  ***
09:18:35.183    (INFO)     Trx.Start: **** ConnSH637543343156452868System.Random
09:18:35.183    (INFO)     Trx.Commit: **C** ConnSH637543343156452868System.Random
09:18:35.183    (INFO)     MChangeLog.FillChangeLog: #9
09:18:35.183    (INFO)     Trx.Start: **** ConnSH637543343157157222System.Random
09:18:35.183    (INFO)     Trx.Commit: **C** ConnSH637543343157157222System.Random
09:18:35.183    (INFO)     Trx.Start: **** ConnSH637543343157294124System.Random
09:18:35.183    (INFO)     Trx.Commit: **C** ConnSH637543343157294124System.Random
09:18:35.183    (INFO)     Trx.Start: **** ConnSH637543343158143711System.Random
09:18:35.183    (INFO)     Trx.Commit: **C** ConnSH637543343158143711System.Random
09:18:35.183    (INFO)     Trx.Start: **** ConnSH637543343158241394System.Random
09:18:35.183    (INFO)     Trx.Commit: **C** ConnSH637543343158241394System.Random
09:18:35.183    (INFO)     Trx.Start: **** ConnSH637543343158613243System.Random
09:18:35.183    (INFO)     Trx.Commit: **C** ConnSH637543343158613243System.Random
09:18:35.183    (INFO)     Trx.Start: **** ConnSH637543343158966421System.Random
09:18:35.183    (INFO)     Trx.Commit: **C** ConnSH637543343158966421System.Random
09:18:35.183    (INFO)     Trx.Start: **** ConnSH637543343159602777System.Random
09:18:35.183    (INFO)     Trx.Commit: **C** ConnSH637543343159602777System.Random
09:18:36.183    (INFO)     Trx.Start: **** ConnSH637543343160056508System.Random
09:18:36.183    (INFO)     Trx.Commit: **C** ConnSH637543343160056508System.Random
09:18:36.183    (INFO)     Trx.Start: **** ConnSH637543343160350028System.Random
09:18:36.183    (INFO)     Trx.Commit: **C** ConnSH637543343160350028System.Random
09:18:36.183    (INFO)     Trx.Start: **** ConnSH637543343160433490System.Random
09:18:36.183    (INFO)     Trx.Commit: **C** ConnSH637543343160433490System.Random
09:18:36.183    (INFO)     Trx.Start: **** ConnSH637543343160834566System.Random
09:18:36.183    (INFO)     Trx.Commit: **C** ConnSH637543343160834566System.Random
09:18:36.183    (INFO)     Trx.Start: **** ConnSH637543343161068432System.Random
09:18:36.183    (INFO)     Trx.Commit: **C** ConnSH637543343161068432System.Random
09:18:36.183    (INFO)     Trx.Start: **** ConnSH637543343161362720System.Random
09:18:36.183    (INFO)     Trx.Commit: **C** ConnSH637543343161362720System.Random
09:18:36.183    (INFO)     Trx.Start: **** ConnSH637543343161759507System.Random
09:18:36.183    (INFO)     Trx.Commit: **C** ConnSH637543343161759507System.Random
09:18:36.183    (INFO)     Trx.Start: **** ConnSH637543343162166992System.Random
09:18:36.183    (INFO)     Trx.Commit: **C** ConnSH637543343162166992System.Random
09:18:36.183    (INFO)     Trx.Start: **** ConnSH637543343162677374System.Random
09:18:36.183    (INFO)     Trx.Commit: **C** ConnSH637543343162677374System.Random
09:18:36.183    (INFO)     Trx.Start: **** ConnSH637543343162778698System.Random
09:18:36.183    (INFO)     Trx.Commit: **C** ConnSH637543343162778698System.Random
09:18:36.183    (INFO)     Trx.Start: **** ConnSH637543343163232134System.Random
09:18:36.183    (INFO)     Trx.Commit: **C** ConnSH637543343163232134System.Random
09:18:36.183    (INFO)     Trx.Start: **** ConnSH637543343163763058System.Random
09:18:36.183    (INFO)     Trx.Commit: **C** ConnSH637543343163763058System.Random
09:18:36.183    (INFO)     Trx.Start: **** ConnSH637543343163908166System.Random
09:18:36.183    (INFO)     Trx.Commit: **C** ConnSH637543343163908166System.Random
09:18:36.183    (INFO)     Trx.Start: **** ConnSH637543343164008196System.Random
09:18:36.183    (INFO)     Trx.Commit: **C** ConnSH637543343164008196System.Random
09:18:36.183    (INFO)     Trx.Start: **** ConnSH637543343164086906System.Random
09:18:36.183    (INFO)     Trx.Commit: **C** ConnSH637543343164086906System.Random
09:18:36.183    (INFO)     Trx.Start: **** ConnSH637543343164176885System.Random
09:18:36.183    (INFO)     Trx.Commit: **C** ConnSH637543343164176885System.Random
09:18:36.183    (INFO)     Trx.Start: **** ConnSH637543343164267125System.Random
09:18:36.183    (INFO)     Trx.Commit: **C** ConnSH637543343164267125System.Random
09:18:36.183    (INFO)     Trx.Start: **** ConnSH637543343164358712System.Random
09:18:36.183    (INFO)     Trx.Commit: **C** ConnSH637543343164358712System.Random
09:18:36.183    (INFO)     Trx.Start: **** ConnSH637543343164448542System.Random
09:18:36.183    (INFO)     Trx.Commit: **C** ConnSH637543343164448542System.Random
09:18:36.183    (INFO)     Trx.Start: **** ConnSH637543343164538713System.Random
09:18:36.183    (INFO)     Trx.Commit: **C** ConnSH637543343164538713System.Random
09:18:36.183    (INFO)     Trx.Start: **** ConnSH637543343164628496System.Random
09:18:36.183    (INFO)     Trx.Commit: **C** ConnSH637543343164628496System.Random
09:18:36.183    (INFO)     Trx.Start: **** ConnSH637543343164718728System.Random
09:18:36.183    (INFO)     Trx.Commit: **C** ConnSH637543343164718728System.Random
09:18:36.183    (INFO)     Trx.Start: **** ConnSH637543343164808487System.Random
09:18:36.183    (INFO)     Trx.Commit: **C** ConnSH637543343164808487System.Random
09:18:36.183    (INFO)     Trx.Start: **** ConnSH637543343165327601System.Random
09:18:36.183    (INFO)     Trx.Commit: **C** ConnSH637543343165327601System.Random
09:18:36.183    (INFO)     Trx.Start: **** ConnSH637543343165477696System.Random
09:18:36.183    (INFO)     Trx.Commit: **C** ConnSH637543343165477696System.Random
09:18:36.183    (INFO)     Trx.Start: **** ConnSH637543343165627549System.Random
09:18:36.183    (INFO)     Trx.Commit: **C** ConnSH637543343165627549System.Random
09:18:36.183    (INFO)     Trx.Start: **** ConnSH637543343165767549System.Random
09:18:36.183    (INFO)     Trx.Commit: **C** ConnSH637543343165767549System.Random
09:18:36.183    (INFO)     CacheMgt.Reset: AD_Process: #1 (1)
09:22:19.221    (INFO)     Trx.Start: **** ConnSH637543345399078725System.Random
09:22:19.221    (INFO)     Trx.Commit: **C** ConnSH637543345399078725System.Random
09:22:19.221    (INFO)     Trx.Start: **** ConnSH637543345399294166System.Random
09:22:19.221    (INFO)     Trx.Commit: **C** ConnSH637543345399294166System.Random
09:22:19.221    (INFO)     Trx.Start: **** ConnSH637543345399384176System.Random
09:22:19.221    (INFO)     Trx.Commit: **C** ConnSH637543345399384176System.Random
09:22:20.222    (INFO)     Trx.Start: **** ConnSH637543345400219302System.Random
09:22:20.222    (INFO)     Trx.Commit: **C** ConnSH637543345400219302System.Random
09:22:20.222    (INFO)     Trx.Start: **** ConnSH637543345400313964System.Random
09:22:20.222    (INFO)     Trx.Commit: **C** ConnSH637543345400313964System.Random
09:22:20.222    (INFO)     Trx.Start: **** ConnSH637543345400661304System.Random
09:22:20.222    (INFO)     Trx.Commit: **C** ConnSH637543345400661304System.Random
09:22:20.222    (INFO)     Trx.Start: **** ConnSH637543345401059915System.Random
09:22:20.222    (INFO)     Trx.Commit: **C** ConnSH637543345401059915System.Random
09:22:20.222    (INFO)     Trx.Start: **** ConnSH637543345401681789System.Random
09:22:20.222    (INFO)     Trx.Commit: **C** ConnSH637543345401681789System.Random
09:22:20.222    (INFO)     Trx.Start: **** ConnSH637543345402147609System.Random
09:22:20.222    (INFO)     Trx.Commit: **C** ConnSH637543345402147609System.Random
09:22:20.222    (INFO)     Trx.Start: **** ConnSH637543345402441541System.Random
09:22:20.222    (INFO)     Trx.Commit: **C** ConnSH637543345402441541System.Random
09:22:20.222    (INFO)     Trx.Start: **** ConnSH637543345402521548System.Random
09:22:20.222    (INFO)     Trx.Commit: **C** ConnSH637543345402521548System.Random
09:22:20.222    (INFO)     Trx.Start: **** ConnSH637543345403188161System.Random
09:22:20.222    (INFO)     Trx.Commit: **C** ConnSH637543345403188161System.Random
09:22:20.222    (INFO)     Trx.Start: **** ConnSH637543345403438168System.Random
09:22:20.222    (INFO)     Trx.Commit: **C** ConnSH637543345403438168System.Random
09:22:20.222    (INFO)     Trx.Start: **** ConnSH637543345403748408System.Random
09:22:20.222    (INFO)     Trx.Commit: **C** ConnSH637543345403748408System.Random
09:22:20.222    (INFO)     Trx.Start: **** ConnSH637543345404138389System.Random
09:22:20.222    (INFO)     Trx.Commit: **C** ConnSH637543345404138389System.Random
09:22:20.222    (INFO)     Trx.Start: **** ConnSH637543345404536252System.Random
09:22:20.222    (INFO)     Trx.Commit: **C** ConnSH637543345404536252System.Random
09:22:20.222    (INFO)     Trx.Start: **** ConnSH637543345404739424System.Random
09:22:20.222    (INFO)     Trx.Commit: **C** ConnSH637543345404739424System.Random
09:22:20.222    (INFO)     Trx.Start: **** ConnSH637543345404840016System.Random
09:22:20.222    (INFO)     Trx.Commit: **C** ConnSH637543345404840016System.Random
09:22:20.222    (INFO)     Trx.Start: **** ConnSH637543345405301467System.Random
09:22:20.222    (INFO)     Trx.Commit: **C** ConnSH637543345405301467System.Random
09:22:20.222    (INFO)     Trx.Start: **** ConnSH637543345405817361System.Random
09:22:20.222    (INFO)     Trx.Commit: **C** ConnSH637543345405817361System.Random
09:22:20.222    (INFO)     Trx.Start: **** ConnSH637543345405971358System.Random
09:22:20.222    (INFO)     Trx.Commit: **C** ConnSH637543345405971358System.Random
09:22:20.222    (INFO)     Trx.Start: **** ConnSH637543345406051359System.Random
09:22:20.222    (INFO)     Trx.Commit: **C** ConnSH637543345406051359System.Random
09:22:20.222    (INFO)     Trx.Start: **** ConnSH637543345406139294System.Random
09:22:20.222    (INFO)     Trx.Commit: **C** ConnSH637543345406139294System.Random
09:22:20.222    (INFO)     Trx.Start: **** ConnSH637543345406229283System.Random
09:22:20.222    (INFO)     Trx.Commit: **C** ConnSH637543345406229283System.Random
09:22:20.222    (INFO)     Trx.Start: **** ConnSH637543345406308014System.Random
09:22:20.222    (INFO)     Trx.Commit: **C** ConnSH637543345406308014System.Random
09:22:20.222    (INFO)     Trx.Start: **** ConnSH637543345406387949System.Random
09:22:20.222    (INFO)     Trx.Commit: **C** ConnSH637543345406387949System.Random
09:22:20.222    (INFO)     Trx.Start: **** ConnSH637543345406477947System.Random
09:22:20.222    (INFO)     Trx.Commit: **C** ConnSH637543345406477947System.Random
09:22:20.222    (INFO)     Trx.Start: **** ConnSH637543345406557702System.Random
09:22:20.222    (INFO)     Trx.Commit: **C** ConnSH637543345406557702System.Random
09:22:20.222    (INFO)     Trx.Start: **** ConnSH637543345406641360System.Random
09:22:20.222    (INFO)     Trx.Commit: **C** ConnSH637543345406641360System.Random
09:22:20.222    (INFO)     Trx.Start: **** ConnSH637543345406721110System.Random
09:22:20.222    (INFO)     Trx.Commit: **C** ConnSH637543345406721110System.Random
09:22:20.222    (INFO)     Trx.Start: **** ConnSH637543345406806876System.Random
09:22:20.222    (INFO)     Trx.Commit: **C** ConnSH637543345406806876System.Random
09:22:20.222    (INFO)     Trx.Start: **** ConnSH637543345407309742System.Random
09:22:20.222    (INFO)     Trx.Commit: **C** ConnSH637543345407309742System.Random
09:22:20.222    (INFO)     Trx.Start: **** ConnSH637543345407449393System.Random
09:22:20.222    (INFO)     Trx.Commit: **C** ConnSH637543345407449393System.Random
09:22:20.222    (INFO)     Trx.Start: **** ConnSH637543345407599378System.Random
09:22:20.222    (INFO)     Trx.Commit: **C** ConnSH637543345407599378System.Random
09:22:20.222    (INFO)     Trx.Start: **** ConnSH637543345407733391System.Random
09:22:20.222    (INFO)     Trx.Commit: **C** ConnSH637543345407733391System.Random
09:22:20.222    (INFO)     CacheMgt.Reset: AD_Process: #1 (1)
09:23:38.233    (INFO)     Trx.Start: **** ConnSH637543346189706067System.Random
09:23:38.233    (INFO)     Trx.Commit: **C** ConnSH637543346189706067System.Random
09:23:38.233    (INFO)     Trx.Start: **** ConnSH637543346189902199System.Random
09:23:38.233    (INFO)     Trx.Commit: **C** ConnSH637543346189902199System.Random
09:24:16.241    (INFO)     Trx.Start: **** ConnSH637543346568483064System.Random
09:24:16.241    (INFO)     Trx.Commit: **C** ConnSH637543346568483064System.Random
09:24:22.242    (INFO)     Trx.Start: **** ConnSH637543346627038726System.Random
09:24:22.242    (INFO)     Trx.Commit: **C** ConnSH637543346627038726System.Random
09:24:29.242    (INFO)     Trx.Start: **** ConnSH637543346699349945System.Random
09:24:29.242    (INFO)     Trx.Commit: **C** ConnSH637543346699349945System.Random
09:24:40.244    (INFO)     Trx.Start: **** ConnSH637543346807886447System.Random
09:24:40.244    (INFO)     Trx.Commit: **C** ConnSH637543346807886447System.Random
09:24:44.244    (INFO)     Trx.Start: **** ConnSH637543346847859561System.Random
09:24:44.244    (INFO)     Trx.Commit: **C** ConnSH637543346847859561System.Random
09:24:49.244    (INFO)     Trx.Start: **** ConnSH637543346895872831System.Random
09:24:49.244    (INFO)     Trx.Commit: **C** ConnSH637543346895872831System.Random
09:27:07.277    (INFO)     Trx.Start: **** ConnSH637543348275698238System.Random
09:27:07.277    (INFO)     Trx.Commit: **C** ConnSH637543348275698238System.Random
09:27:07.277    (INFO)     Trx.Start: **** ConnSH637543348275998233System.Random
09:27:07.277    (INFO)     Trx.Commit: **C** ConnSH637543348275998233System.Random
09:27:07.277    (INFO)     Trx.Start: **** ConnSH637543348276078234System.Random
09:27:07.277    (INFO)     Trx.Commit: **C** ConnSH637543348276078234System.Random
09:27:07.277    (INFO)     Trx.Start: **** ConnSH637543348276468250System.Random
09:27:07.277    (INFO)     Trx.Commit: **C** ConnSH637543348276468250System.Random
09:27:07.277    (INFO)     Trx.Start: **** ConnSH637543348276678495System.Random
09:27:07.277    (INFO)     Trx.Commit: **C** ConnSH637543348276678495System.Random
09:27:07.277    (INFO)     Trx.Start: **** ConnSH637543348277398889System.Random
09:27:07.277    (INFO)     Trx.Commit: **C** ConnSH637543348277398889System.Random
09:27:07.277    (INFO)     Trx.Start: **** ConnSH637543348277858888System.Random
09:27:07.277    (INFO)     Trx.Commit: **C** ConnSH637543348277858888System.Random
09:27:07.277    (INFO)     Trx.Start: **** ConnSH637543348278278886System.Random
09:27:07.277    (INFO)     Trx.Commit: **C** ConnSH637543348278278886System.Random
09:27:07.277    (INFO)     Trx.Start: **** ConnSH637543348278499246System.Random
09:27:07.277    (INFO)     Trx.Commit: **C** ConnSH637543348278499246System.Random
09:27:07.277    (INFO)     Trx.Start: **** ConnSH637543348278598893System.Random
09:27:07.277    (INFO)     Trx.Commit: **C** ConnSH637543348278598893System.Random
09:27:07.277    (INFO)     Trx.Start: **** ConnSH637543348279058904System.Random
09:27:07.277    (INFO)     Trx.Commit: **C** ConnSH637543348279058904System.Random
09:27:07.277    (INFO)     Trx.Start: **** ConnSH637543348279568887System.Random
09:27:07.277    (INFO)     Trx.Commit: **C** ConnSH637543348279568887System.Random
09:27:07.277    (INFO)     Trx.Start: **** ConnSH637543348279719254System.Random
09:27:07.277    (INFO)     Trx.Commit: **C** ConnSH637543348279719254System.Random
09:27:07.277    (INFO)     Trx.Start: **** ConnSH637543348279799242System.Random
09:27:07.277    (INFO)     Trx.Commit: **C** ConnSH637543348279799242System.Random
09:27:07.277    (INFO)     Trx.Start: **** ConnSH637543348279879262System.Random
09:27:07.277    (INFO)     Trx.Commit: **C** ConnSH637543348279879262System.Random
09:27:07.277    (INFO)     Trx.Start: **** ConnSH637543348279969245System.Random
09:27:08.278    (INFO)     Trx.Commit: **C** ConnSH637543348279969245System.Random
09:27:08.278    (INFO)     Trx.Start: **** ConnSH637543348280049294System.Random
09:27:08.278    (INFO)     Trx.Commit: **C** ConnSH637543348280049294System.Random
09:27:08.278    (INFO)     Trx.Start: **** ConnSH637543348280139236System.Random
09:27:08.278    (INFO)     Trx.Commit: **C** ConnSH637543348280139236System.Random
09:27:08.278    (INFO)     Trx.Start: **** ConnSH637543348280219359System.Random
09:27:08.278    (INFO)     Trx.Commit: **C** ConnSH637543348280219359System.Random
09:27:08.278    (INFO)     Trx.Start: **** ConnSH637543348280299242System.Random
09:27:08.278    (INFO)     Trx.Commit: **C** ConnSH637543348280299242System.Random
09:27:08.278    (INFO)     Trx.Start: **** ConnSH637543348280389355System.Random
09:27:08.278    (INFO)     Trx.Commit: **C** ConnSH637543348280389355System.Random
09:27:08.278    (INFO)     Trx.Start: **** ConnSH637543348280479304System.Random
09:27:08.278    (INFO)     Trx.Commit: **C** ConnSH637543348280479304System.Random
09:27:08.278    (INFO)     Trx.Start: **** ConnSH637543348280559418System.Random
09:27:08.278    (INFO)     Trx.Commit: **C** ConnSH637543348280559418System.Random
09:27:08.278    (INFO)     Trx.Start: **** ConnSH637543348281109228System.Random
09:27:08.278    (INFO)     Trx.Commit: **C** ConnSH637543348281109228System.Random
09:27:08.278    (INFO)     Trx.Start: **** ConnSH637543348281258908System.Random
09:27:08.278    (INFO)     Trx.Commit: **C** ConnSH637543348281258908System.Random
09:27:08.278    (INFO)     Trx.Start: **** ConnSH637543348281408906System.Random
