*** 5/24/2021 4:18:03 PM VAdvantage Log  ***
04:18:03.183    (INFO)     Trx.Start: **** ConnSH637574698839256117System.Random
04:18:03.183    (INFO)     Trx.Commit: **C** ConnSH637574698839256117System.Random
04:18:03.183    (INFO)     MChangeLog.FillChangeLog: #9
04:18:04.184    (INFO)     Trx.Start: **** ConnSH637574698845176626System.Random
04:18:04.184    (INFO)     Trx.Commit: **C** ConnSH637574698845176626System.Random
===========>     (SEVERE)   OracleHelper.ExecuteReader: ORA-00904: "C_BPARTNER": invalid identifier [Query DR] SELECT VAHRUAE_EMPLOYECOMPENSATION_ID FROM VAHRUAE_EMPLOYECOMPENSATION WHERE C_BPartner = 1006731 AND C_PERIOD_ID = 1000193 AND VAHRUAE_COMPENSATIONMASTER_ID != 1000010
===========>     (SEVERE)   OracleHelper.ExecuteReader: ORA-00904: "C_BPARTNER": invalid identifier [Query DR] SELECT VAHRUAE_EMPLOYECOMPENSATION_ID FROM VAHRUAE_EMPLOYECOMPENSATION WHERE C_BPartner = 1006731 AND C_PERIOD_ID = 1000193 AND VAHRUAE_COMPENSATIONMASTER_ID != 1000010
===========>     (SEVERE)   PO.DoIt: SELECT VAHRUAE_EMPLOYECOMPENSATION_ID FROM VAHRUAE_EMPLOYECOMPENSATION WHERE C_BPartner = 1006731 AND C_PERIOD_ID = 1000193 AND VAHRUAE_COMPENSATIONMASTER_ID != 1000010 => ORA-00904: "C_BPARTNER": invalid identifier
04:18:04.184    (INFO)     Trx.Start: **** ConnSH637574698845746627System.Random
04:18:04.184    (INFO)     Trx.Commit: **C** ConnSH637574698845746627System.Random
04:18:04.184    (INFO)     Trx.Start: **** ConnDDH637574698845946959System.Random
04:18:04.184    (INFO)     Trx.ExecuteDataSet: Trx Dataset ConnDDH637574698845946959System.Random 135
04:18:04.184    (INFO)     Trx.ExecuteQuery: Trx non-query ConnDDH637574698845946959System.Random 135
04:18:04.184    (INFO)     Trx.Commit: **C** ConnDDH637574698845946959System.Random
04:18:04.184    (INFO)     CacheMgt.Reset: AD_Process: #1 (1)
04:18:51.185    (INFO)     Trx.Start: **** ConnSH637574699316180266System.Random
04:18:51.185    (INFO)     Trx.Commit: **C** ConnSH637574699316180266System.Random
04:18:52.185    (INFO)     Trx.Start: **** ConnSH637574699320806018System.Random
04:18:52.185    (INFO)     Trx.Commit: **C** ConnSH637574699320806018System.Random
===========>     (SEVERE)   OracleHelper.ExecuteReader: ORA-00904: "C_BPARTNER": invalid identifier [Query DR] SELECT VAHRUAE_EMPLOYECOMPENSATION_ID FROM VAHRUAE_EMPLOYECOMPENSATION WHERE C_BPartner = 1006731 AND C_PERIOD_ID = 1000193 AND VAHRUAE_COMPENSATIONMASTER_ID != 1000010
===========>     (SEVERE)   OracleHelper.ExecuteReader: ORA-00904: "C_BPARTNER": invalid identifier [Query DR] SELECT VAHRUAE_EMPLOYECOMPENSATION_ID FROM VAHRUAE_EMPLOYECOMPENSATION WHERE C_BPartner = 1006731 AND C_PERIOD_ID = 1000193 AND VAHRUAE_COMPENSATIONMASTER_ID != 1000010
===========>     (SEVERE)   PO.DoIt: SELECT VAHRUAE_EMPLOYECOMPENSATION_ID FROM VAHRUAE_EMPLOYECOMPENSATION WHERE C_BPartner = 1006731 AND C_PERIOD_ID = 1000193 AND VAHRUAE_COMPENSATIONMASTER_ID != 1000010 => ORA-00904: "C_BPARTNER": invalid identifier
04:18:52.185    (INFO)     Trx.Start: **** ConnSH637574699320970080System.Random
04:18:52.185    (INFO)     Trx.Commit: **C** ConnSH637574699320970080System.Random
04:18:52.185    (INFO)     Trx.Start: **** ConnDDH637574699321034414System.Random
04:18:52.185    (INFO)     Trx.ExecuteDataSet: Trx Dataset ConnDDH637574699321034414System.Random 146
04:18:52.185    (INFO)     Trx.ExecuteQuery: Trx non-query ConnDDH637574699321034414System.Random 146
04:18:52.185    (INFO)     Trx.Commit: **C** ConnDDH637574699321034414System.Random
04:18:52.185    (INFO)     CacheMgt.Reset: AD_Process: #1 (1)
04:20:12.201    (INFO)     Trx.Start: **** ConnSH637574700126408048System.Random
04:20:12.201    (INFO)     Trx.Commit: **C** ConnSH637574700126408048System.Random
04:20:13.201    (INFO)     Trx.Start: **** ConnSH637574700130884274System.Random
04:20:13.201    (INFO)     Trx.Commit: **C** ConnSH637574700130884274System.Random
===========>     (SEVERE)   OracleHelper.ExecuteReader: ORA-00904: "C_BPARTNER": invalid identifier [Query DR] SELECT VAHRUAE_EMPLOYECOMPENSATION_ID FROM VAHRUAE_EMPLOYECOMPENSATION WHERE C_BPartner = 1006731 AND C_PERIOD_ID = 1000193 AND VAHRUAE_COMPENSATIONMASTER_ID != 1000010
===========>     (SEVERE)   OracleHelper.ExecuteReader: ORA-00904: "C_BPARTNER": invalid identifier [Query DR] SELECT VAHRUAE_EMPLOYECOMPENSATION_ID FROM VAHRUAE_EMPLOYECOMPENSATION WHERE C_BPartner = 1006731 AND C_PERIOD_ID = 1000193 AND VAHRUAE_COMPENSATIONMASTER_ID != 1000010
===========>     (SEVERE)   PO.DoIt: SELECT VAHRUAE_EMPLOYECOMPENSATION_ID FROM VAHRUAE_EMPLOYECOMPENSATION WHERE C_BPartner = 1006731 AND C_PERIOD_ID = 1000193 AND VAHRUAE_COMPENSATIONMASTER_ID != 1000010 => ORA-00904: "C_BPARTNER": invalid identifier
04:20:13.201    (INFO)     Trx.Start: **** ConnSH637574700131054529System.Random
04:20:13.201    (INFO)     Trx.Commit: **C** ConnSH637574700131054529System.Random
04:20:13.201    (INFO)     Trx.Start: **** ConnDDH637574700131137054System.Random
04:20:13.201    (INFO)     Trx.ExecuteDataSet: Trx Dataset ConnDDH637574700131137054System.Random 135
