*** 5/16/2021 4:05:24 PM VAdvantage Log  ***
04:05:24.524    (INFO)     Trx.Start: **** ConnSH637567779247407980System.Random
04:05:24.524    (INFO)     Trx.Commit: **C** ConnSH637567779247407980System.Random
04:05:24.524    (INFO)     MChangeLog.FillChangeLog: #9
===========>     (SEVERE)   OracleHelper.ExecuteReader: ORA-01756: quoted string not properly terminated [Query DR] SELECT VAHRUAE_HR_LEAVEDETAIL_ID FROM VAHRUAE_HR_LEAVEDETAIL WHERE C_BPARTNER_ID = 1006731AND VAHRUAE_APPROVE = 'Y' AND VAHRUAE_DATE1= '20-DEC-20
===========>     (SEVERE)   OracleHelper.ExecuteReader: ORA-01756: quoted string not properly terminated [Query DR] SELECT VAHRUAE_HR_LEAVEDETAIL_ID FROM VAHRUAE_HR_LEAVEDETAIL WHERE C_BPARTNER_ID = 1006731AND VAHRUAE_APPROVE = 'Y' AND VAHRUAE_DATE1= '20-DEC-20
===========>     (SEVERE)   PO.DoIt: SELECT VAHRUAE_HR_LEAVEDETAIL_ID FROM VAHRUAE_HR_LEAVEDETAIL WHERE C_BPARTNER_ID = 1006731AND VAHRUAE_APPROVE = 'Y' AND VAHRUAE_DATE1= '20-DEC-20 => ORA-01756: quoted string not properly terminated
04:05:24.524    (INFO)     Trx.Start: **** ConnSH637567779249088351System.Random
04:05:24.524    (INFO)     Trx.Commit: **C** ConnSH637567779249088351System.Random
04:05:24.524    (INFO)     Trx.Start: **** ConnSH637567779249207988System.Random
04:05:24.524    (INFO)     Trx.Commit: **C** ConnSH637567779249207988System.Random
04:05:24.524    (INFO)     Trx.Start: **** ConnSH637567779249317975System.Random
04:05:24.524    (INFO)     Trx.Commit: **C** ConnSH637567779249317975System.Random
04:05:24.524    (INFO)     Trx.Start: **** ConnDDH637567779249457980System.Random
04:05:24.524    (INFO)     Trx.ExecuteDataSet: Trx Dataset ConnDDH637567779249457980System.Random 88
04:05:24.524    (INFO)     Trx.ExecuteQuery: Trx non-query ConnDDH637567779249457980System.Random 88
04:05:24.524    (INFO)     Trx.Commit: **C** ConnDDH637567779249457980System.Random
===========>     (SEVERE)   DB.ExecuteQuery:  => ORA-01400: cannot insert NULL into ("VIENNAADVANTAGE"."VAHRUAE_VSS_EMPMTHSALARY"."VAHRUAE_VSS_MONTHLYSALARY_ID")
----------->     (WARNING)  DB.ExecuteQuery: DBExecuteError - ORA-01400: cannot insert NULL into ("VIENNAADVANTAGE"."VAHRUAE_VSS_EMPMTHSALARY"."VAHRUAE_VSS_MONTHLYSALARY_ID")
----------->     (WARNING)  X_VAHRUAE_Vss_EmpMthSalary.DoIt: Not insertedVAHRUAE_Vss_EmpMthSalary
04:05:24.524    (INFO)     Trx.Start: **** ConnSH637567779249717964System.Random
04:05:25.525    (INFO)     Trx.Commit: **C** ConnSH637567779249717964System.Random
----------->     (WARNING)  X_VAHRUAE_Vss_EmpMthSalary.DoIt: DocumentNo updated:  -> 1000072
----------->     (WARNING)  X_VAHRUAE_Vss_EmpMthSalary.DoIt: #Records-0 - VAHRUAE_Vss_EmpMthSalary.VAHRUAE_Vss_EmpMthSalary_ID=1000074
04:05:25.525    (INFO)     Trx.Start: **** ConnSH637567779251137982System.Random
04:05:25.525    (INFO)     Trx.Commit: **C** ConnSH637567779251137982System.Random
----------->     (WARNING)  X_VAHRUAE_Vss_EmpMthSalary.DoIt: DocumentNo updated:  -> 1000072
----------->     (WARNING)  X_VAHRUAE_Vss_EmpMthSalary.DoIt: #Records-0 - VAHRUAE_Vss_EmpMthSalary.VAHRUAE_Vss_EmpMthSalary_ID=1000074
04:05:25.525    (INFO)     Trx.Start: **** ConnSH637567779251437972System.Random
04:05:25.525    (INFO)     Trx.Commit: **C** ConnSH637567779251437972System.Random
----------->     (WARNING)  X_VAHRUAE_Vss_EmpMthSalary.DoIt: DocumentNo updated:  -> 1000072
----------->     (WARNING)  X_VAHRUAE_Vss_EmpMthSalary.DoIt: #Records-0 - VAHRUAE_Vss_EmpMthSalary.VAHRUAE_Vss_EmpMthSalary_ID=1000074
04:05:25.525    (INFO)     Trx.Start: **** ConnSH637567779251717995System.Random
04:05:25.525    (INFO)     Trx.Commit: **C** ConnSH637567779251717995System.Random
----------->     (WARNING)  X_VAHRUAE_Vss_EmpMthSalary.DoIt: DocumentNo updated:  -> 1000072
----------->     (WARNING)  X_VAHRUAE_Vss_EmpMthSalary.DoIt: #Records-0 - VAHRUAE_Vss_EmpMthSalary.VAHRUAE_Vss_EmpMthSalary_ID=1000074
04:05:25.525    (INFO)     Trx.Start: **** ConnSH637567779251997959System.Random
04:05:25.525    (INFO)     Trx.Commit: **C** ConnSH637567779251997959System.Random
----------->     (WARNING)  X_VAHRUAE_Vss_EmpMthSalary.DoIt: DocumentNo updated:  -> 1000072
----------->     (WARNING)  X_VAHRUAE_Vss_EmpMthSalary.DoIt: #Records-0 - VAHRUAE_Vss_EmpMthSalary.VAHRUAE_Vss_EmpMthSalary_ID=1000074
04:05:25.525    (INFO)     Trx.Start: **** ConnSH637567779252288032System.Random
04:05:25.525    (INFO)     Trx.Commit: **C** ConnSH637567779252288032System.Random
04:05:28.528    (INFO)     Trx.Start: **** ConnSH637567779288717242System.Random
04:05:28.528    (INFO)     Trx.Commit: **C** ConnSH637567779288717242System.Random
----------->     (WARNING)  X_VAHRUAE_Vss_EmpMthSalary.DoIt: DocumentNo updated:  -> 1000072
----------->     (WARNING)  X_VAHRUAE_Vss_EmpMthSalary.DoIt: #Records-0 - VAHRUAE_Vss_EmpMthSalary.VAHRUAE_Vss_EmpMthSalary_ID=1000074
----------->     (WARNING)  X_VAHRUAE_Vss_EmpMthSalary.DoIt: DocumentNo updated:  -> 1000072
----------->     (WARNING)  X_VAHRUAE_Vss_EmpMthSalary.DoIt: #Records-0 - VAHRUAE_Vss_EmpMthSalary.VAHRUAE_Vss_EmpMthSalary_ID=1000074
----------->     (WARNING)  X_VAHRUAE_Vss_EmpMthSalary.DoIt: DocumentNo updated:  -> 1000072
----------->     (WARNING)  X_VAHRUAE_Vss_EmpMthSalary.DoIt: #Records-0 - VAHRUAE_Vss_EmpMthSalary.VAHRUAE_Vss_EmpMthSalary_ID=1000074
----------->     (WARNING)  X_VAHRUAE_Vss_EmpMthSalary.DoIt: DocumentNo updated:  -> 1000072
----------->     (WARNING)  X_VAHRUAE_Vss_EmpMthSalary.DoIt: #Records-0 - VAHRUAE_Vss_EmpMthSalary.VAHRUAE_Vss_EmpMthSalary_ID=1000074
----------->     (WARNING)  X_VAHRUAE_Vss_EmpMthSalary.DoIt: DocumentNo updated:  -> 1000072
----------->     (WARNING)  X_VAHRUAE_Vss_EmpMthSalary.DoIt: #Records-0 - VAHRUAE_Vss_EmpMthSalary.VAHRUAE_Vss_EmpMthSalary_ID=1000074
----------->     (WARNING)  X_VAHRUAE_Vss_EmpMthSalary.DoIt: DocumentNo updated:  -> 1000072
----------->     (WARNING)  X_VAHRUAE_Vss_EmpMthSalary.DoIt: #Records-0 - VAHRUAE_Vss_EmpMthSalary.VAHRUAE_Vss_EmpMthSalary_ID=1000074
----------->     (WARNING)  X_VAHRUAE_Vss_EmpMthSalary.DoIt: DocumentNo updated:  -> 1000072
----------->     (WARNING)  X_VAHRUAE_Vss_EmpMthSalary.DoIt: #Records-0 - VAHRUAE_Vss_EmpMthSalary.VAHRUAE_Vss_EmpMthSalary_ID=1000074
----------->     (WARNING)  X_VAHRUAE_Vss_EmpMthSalary.DoIt: DocumentNo updated:  -> 1000072
----------->     (WARNING)  X_VAHRUAE_Vss_EmpMthSalary.DoIt: #Records-0 - VAHRUAE_Vss_EmpMthSalary.VAHRUAE_Vss_EmpMthSalary_ID=1000074
----------->     (WARNING)  X_VAHRUAE_Vss_EmpMthSalary.DoIt: DocumentNo updated:  -> 1000072
----------->     (WARNING)  X_VAHRUAE_Vss_EmpMthSalary.DoIt: #Records-0 - VAHRUAE_Vss_EmpMthSalary.VAHRUAE_Vss_EmpMthSalary_ID=1000074
----------->     (WARNING)  X_VAHRUAE_Vss_EmpMthSalary.DoIt: DocumentNo updated:  -> 1000072
----------->     (WARNING)  X_VAHRUAE_Vss_EmpMthSalary.DoIt: #Records-0 - VAHRUAE_Vss_EmpMthSalary.VAHRUAE_Vss_EmpMthSalary_ID=1000074
----------->     (WARNING)  X_VAHRUAE_Vss_EmpMthSalary.DoIt: DocumentNo updated:  -> 1000072
----------->     (WARNING)  X_VAHRUAE_Vss_EmpMthSalary.DoIt: #Records-0 - VAHRUAE_Vss_EmpMthSalary.VAHRUAE_Vss_EmpMthSalary_ID=1000074
----------->     (WARNING)  X_VAHRUAE_Vss_EmpMthSalary.DoIt: DocumentNo updated:  -> 1000072
----------->     (WARNING)  X_VAHRUAE_Vss_EmpMthSalary.DoIt: #Records-0 - VAHRUAE_Vss_EmpMthSalary.VAHRUAE_Vss_EmpMthSalary_ID=1000074
----------->     (WARNING)  X_VAHRUAE_Vss_EmpMthSalary.DoIt: DocumentNo updated:  -> 1000072
----------->     (WARNING)  X_VAHRUAE_Vss_EmpMthSalary.DoIt: #Records-0 - VAHRUAE_Vss_EmpMthSalary.VAHRUAE_Vss_EmpMthSalary_ID=1000074
----------->     (WARNING)  X_VAHRUAE_Vss_EmpMthSalary.DoIt: DocumentNo updated:  -> 1000072
----------->     (WARNING)  X_VAHRUAE_Vss_EmpMthSalary.DoIt: #Records-0 - VAHRUAE_Vss_EmpMthSalary.VAHRUAE_Vss_EmpMthSalary_ID=1000074
===========>     (SEVERE)   OracleHelper.ExecuteReader: ORA-00933: SQL command not properly ended [Query DR] SELECT C_TAX_ID FROM C_TAX WHERE Line < 25200C_TAXCATEGORY_ID = 1000017ORDER BY LINE ASC
===========>     (SEVERE)   OracleHelper.ExecuteReader: ORA-00933: SQL command not properly ended [Query DR] SELECT C_TAX_ID FROM C_TAX WHERE Line < 25200C_TAXCATEGORY_ID = 1000017ORDER BY LINE ASC
===========>     (SEVERE)   PO.calculateTax: SELECT C_TAX_ID FROM C_TAX WHERE Line < 25200C_TAXCATEGORY_ID = 1000017ORDER BY LINE ASC => ORA-00933: SQL command not properly ended
----------->     (WARNING)  X_VAHRUAE_Vss_EmpMthSalary.DoIt: DocumentNo updated:  -> 1000072
----------->     (WARNING)  X_VAHRUAE_Vss_EmpMthSalary.DoIt: #Records-0 - VAHRUAE_Vss_EmpMthSalary.VAHRUAE_Vss_EmpMthSalary_ID=1000074
04:05:41.541    (INFO)     CacheMgt.Reset: AD_Process: #1 (1)
04:06:00.600    (INFO)     MSession.Logout: 02:01:48.890
04:06:03.630    (INFO)     MRole.Get: AD_Role_ID=102, AD_User_ID=101, reload=True
04:06:03.630    (INFO)     MRole.Get: MRole[102,IdeasInc Admin,UserLevel= CO,AD_Client_ID IN (0,11),]
04:06:03.630    (INFO)     MRole.Get: AD_Role_ID=102, AD_User_ID=101, reload=True
04:06:03.630    (INFO)     MRole.Get: MRole[102,IdeasInc Admin,UserLevel= CO,AD_Client_ID IN (0,11),]
04:06:03.630    (INFO)     MTree.Load: AD_Tree_ID=121, AD_User_ID=101, Editable=False, OnClient=True
04:06:03.630    (INFO)     Trx.Start: **** ConnSH637567779639941095System.Random
04:06:04.640    (INFO)     Trx.Commit: **C** ConnSH637567779639941095System.Random
----------->     (WARNING)  AccessSqlParser.GetTableInfo: More than one FROM clause - SELECT AppointmentsInfo.Appointmentsinfo_id AS ID,AppointmentsInfo.AD_Client_ID,AppointmentsInfo.AD_Org_ID  FROM AppointmentsInfo JOIN AD_User ON AD_User.AD_User_ID =AppointmentsInfo.CreatedBy WHERE AppointmentsInfo.IsRead='N' AND AppointmentsInfo.istask ='N'  AND AppointmentsInfo.AD_User_ID  = 101  UNION SELECT AppointmentsInfo.Appointmentsinfo_id AS ID, AppointmentsInfo.AD_Client_ID,AppointmentsInfo.AD_Org_ID FROM AppointmentsInfo  JOIN AD_User ON AD_User.AD_User_ID = AppointmentsInfo.CreatedBy  WHERE (AppointmentsInfo.IsRead ='Y'   AND AppointmentsInfo.AD_User_ID = 101 )  AND AppointmentsInfo.istask ='N'  AND AppointmentsInfo.startDate BETWEEN to_date('5/15/21','mm/dd/yy') and to_date('5/23/21 23.59','mm/dd/yy HH24:MI')   OR  to_date('5/16/21','mm/dd/yy')  BETWEEN  AppointmentsInfo.startDate  AND AppointmentsInfo.endDate  AND  AppointmentsInfo.CreatedBy  !=101 AND AppointmentsInfo.AD_User_ID  = 101)
----------->     (WARNING)  AccessSqlParser.GetTableInfo: Could not remove ON AppointmentsInfo JOIN AD_User ON AD_User.AD_User_ID =AppointmentsInfo.CreatedBy
----------->     (WARNING)  GridTable.GetField: Not found: 'Created'
----------->     (WARNING)  GridTable.GetField: Not found: 'CreatedBy'
----------->     (WARNING)  GridTable.GetField: Not found: 'Updated'
----------->     (WARNING)  GridTable.GetField: Not found: 'UpdatedBy'
===========>     (SEVERE)   OracleHelper.ExecuteDataset: ORA-00942: table or view does not exist [Query D] => SELECT vadms_windowdoclink_id, record_id FROM VADMS_WindowDocLink wdl JOIN vadms_document doc ON wdl.VADMS_Document_ID  =doc.VADMS_Document_ID WHERE doc.vadms_docstatus!='DD' AND AD_Table_ID =1000803
04:06:09.690    (INFO)     Trx.Start: **** ConnSH637567779696881107System.Random
04:06:09.690    (INFO)     Trx.Commit: **C** ConnSH637567779696881107System.Random
04:06:09.690    (INFO)     Trx.Start: **** ConnSH637567779698931142System.Random
04:06:09.690    (INFO)     Trx.Commit: **C** ConnSH637567779698931142System.Random
04:06:24.624    (INFO)     MTable.GetPO: Using GenericPO for VAHRUAE_HR_LeaveDetail
04:06:24.624    (INFO)     Trx.Start: **** ConnSH637567779840208770System.Random
04:06:24.624    (INFO)     Trx.Commit: **C** ConnSH637567779840208770System.Random
04:06:24.624    (INFO)     Trx.Start: **** ConnSH637567779840288794System.Random
04:06:24.624    (INFO)     Trx.Commit: **C** ConnSH637567779840288794System.Random
04:06:55.655    (INFO)     MSession.Logout: 02:01:53.929
04:06:58.658    (INFO)     MRole.Get: AD_Role_ID=0, AD_User_ID=100, reload=True
04:06:58.658    (INFO)     MRole.Get: MRole[0,System Administrator,UserLevel=S  ,AD_Client_ID=0,AD_Org_ID=0]
04:06:58.658    (INFO)     MTree.Load: AD_Tree_ID=121, AD_User_ID=100, Editable=False, OnClient=True
04:06:58.658    (INFO)     Trx.Start: **** ConnSH637567780182533869System.Random
04:06:58.658    (INFO)     Trx.Commit: **C** ConnSH637567780182533869System.Random
----------->     (WARNING)  AccessSqlParser.GetTableInfo: More than one FROM clause - SELECT AppointmentsInfo.Appointmentsinfo_id AS ID,AppointmentsInfo.AD_Client_ID,AppointmentsInfo.AD_Org_ID  FROM AppointmentsInfo JOIN AD_User ON AD_User.AD_User_ID =AppointmentsInfo.CreatedBy WHERE AppointmentsInfo.IsRead='N' AND AppointmentsInfo.istask ='N'  AND AppointmentsInfo.AD_User_ID  = 100  UNION SELECT AppointmentsInfo.Appointmentsinfo_id AS ID, AppointmentsInfo.AD_Client_ID,AppointmentsInfo.AD_Org_ID FROM AppointmentsInfo  JOIN AD_User ON AD_User.AD_User_ID = AppointmentsInfo.CreatedBy  WHERE (AppointmentsInfo.IsRead ='Y'   AND AppointmentsInfo.AD_User_ID = 100 )  AND AppointmentsInfo.istask ='N'  AND AppointmentsInfo.startDate BETWEEN to_date('5/15/21','mm/dd/yy') and to_date('5/23/21 23.59','mm/dd/yy HH24:MI')   OR  to_date('5/16/21','mm/dd/yy')  BETWEEN  AppointmentsInfo.startDate  AND AppointmentsInfo.endDate  AND  AppointmentsInfo.CreatedBy  !=100 AND AppointmentsInfo.AD_User_ID  = 100)
----------->     (WARNING)  AccessSqlParser.GetTableInfo: Could not remove ON AppointmentsInfo JOIN AD_User ON AD_User.AD_User_ID =AppointmentsInfo.CreatedBy
04:07:06.760    (INFO)     Trx.Start: **** ConnSH637567780260894207System.Random
04:07:06.760    (INFO)     Trx.Commit: **C** ConnSH637567780260894207System.Random
===========>     (SEVERE)   OracleHelper.ExecuteReader: ORA-01756: quoted string not properly terminated [Query DR] SELECT VAHRUAE_HR_LEAVEDETAIL_ID FROM VAHRUAE_HR_LEAVEDETAIL WHERE C_BPARTNER_ID = 1006731AND VAHRUAE_APPROVE = 'Y' AND VAHRUAE_DATE1= '20-DEC-20
===========>     (SEVERE)   OracleHelper.ExecuteReader: ORA-01756: quoted string not properly terminated [Query DR] SELECT VAHRUAE_HR_LEAVEDETAIL_ID FROM VAHRUAE_HR_LEAVEDETAIL WHERE C_BPARTNER_ID = 1006731AND VAHRUAE_APPROVE = 'Y' AND VAHRUAE_DATE1= '20-DEC-20
===========>     (SEVERE)   PO.DoIt: SELECT VAHRUAE_HR_LEAVEDETAIL_ID FROM VAHRUAE_HR_LEAVEDETAIL WHERE C_BPARTNER_ID = 1006731AND VAHRUAE_APPROVE = 'Y' AND VAHRUAE_DATE1= '20-DEC-20 => ORA-01756: quoted string not properly terminated
04:07:06.760    (INFO)     Trx.Start: **** ConnSH637567780261483856System.Random
04:07:06.760    (INFO)     Trx.Commit: **C** ConnSH637567780261483856System.Random
04:07:06.760    (INFO)     Trx.Start: **** ConnSH637567780261574402System.Random
04:07:06.760    (INFO)     Trx.Commit: **C** ConnSH637567780261574402System.Random
04:07:06.760    (INFO)     Trx.Start: **** ConnSH637567780261663880System.Random
04:07:06.760    (INFO)     Trx.Commit: **C** ConnSH637567780261663880System.Random
04:07:06.760    (INFO)     Trx.Start: **** ConnDDH637567780261744183System.Random
04:07:06.760    (INFO)     Trx.ExecuteDataSet: Trx Dataset ConnDDH637567780261744183System.Random 168
04:07:06.760    (INFO)     Trx.ExecuteQuery: Trx non-query ConnDDH637567780261744183System.Random 168
04:07:06.760    (INFO)     Trx.Commit: **C** ConnDDH637567780261744183System.Random
===========>     (SEVERE)   DB.ExecuteQuery:  => ORA-01400: cannot insert NULL into ("VIENNAADVANTAGE"."VAHRUAE_VSS_EMPMTHSALARY"."VAHRUAE_VSS_MONTHLYSALARY_ID")
----------->     (WARNING)  DB.ExecuteQuery: DBExecuteError - ORA-01400: cannot insert NULL into ("VIENNAADVANTAGE"."VAHRUAE_VSS_EMPMTHSALARY"."VAHRUAE_VSS_MONTHLYSALARY_ID")
----------->     (WARNING)  X_VAHRUAE_Vss_EmpMthSalary.DoIt: Not insertedVAHRUAE_Vss_EmpMthSalary
04:07:06.760    (INFO)     Trx.Start: **** ConnSH637567780261993897System.Random
04:07:06.760    (INFO)     Trx.Commit: **C** ConnSH637567780261993897System.Random
----------->     (WARNING)  X_VAHRUAE_Vss_EmpMthSalary.DoIt: DocumentNo updated:  -> 1000073
----------->     (WARNING)  X_VAHRUAE_Vss_EmpMthSalary.DoIt: #Records-0 - VAHRUAE_Vss_EmpMthSalary.VAHRUAE_Vss_EmpMthSalary_ID=1000075
04:07:06.760    (INFO)     Trx.Start: **** ConnSH637567780262323868System.Random
04:07:06.760    (INFO)     Trx.Commit: **C** ConnSH637567780262323868System.Random
----------->     (WARNING)  X_VAHRUAE_Vss_EmpMthSalary.DoIt: DocumentNo updated:  -> 1000073
----------->     (WARNING)  X_VAHRUAE_Vss_EmpMthSalary.DoIt: #Records-0 - VAHRUAE_Vss_EmpMthSalary.VAHRUAE_Vss_EmpMthSalary_ID=1000075
04:07:06.760    (INFO)     Trx.Start: **** ConnSH637567780262613889System.Random
04:07:06.760    (INFO)     Trx.Commit: **C** ConnSH637567780262613889System.Random
----------->     (WARNING)  X_VAHRUAE_Vss_EmpMthSalary.DoIt: DocumentNo updated:  -> 1000073
----------->     (WARNING)  X_VAHRUAE_Vss_EmpMthSalary.DoIt: #Records-0 - VAHRUAE_Vss_EmpMthSalary.VAHRUAE_Vss_EmpMthSalary_ID=1000075
04:07:06.760    (INFO)     Trx.Start: **** ConnSH637567780262893880System.Random
04:07:06.760    (INFO)     Trx.Commit: **C** ConnSH637567780262893880System.Random
----------->     (WARNING)  X_VAHRUAE_Vss_EmpMthSalary.DoIt: DocumentNo updated:  -> 1000073
----------->     (WARNING)  X_VAHRUAE_Vss_EmpMthSalary.DoIt: #Records-0 - VAHRUAE_Vss_EmpMthSalary.VAHRUAE_Vss_EmpMthSalary_ID=1000075
04:07:06.760    (INFO)     Trx.Start: **** ConnSH637567780263193847System.Random
04:07:06.760    (INFO)     Trx.Commit: **C** ConnSH637567780263193847System.Random
----------->     (WARNING)  X_VAHRUAE_Vss_EmpMthSalary.DoIt: DocumentNo updated:  -> 1000073
----------->     (WARNING)  X_VAHRUAE_Vss_EmpMthSalary.DoIt: #Records-0 - VAHRUAE_Vss_EmpMthSalary.VAHRUAE_Vss_EmpMthSalary_ID=1000075
04:07:06.760    (INFO)     Trx.Start: **** ConnSH637567780263563894System.Random
04:07:06.760    (INFO)     Trx.Commit: **C** ConnSH637567780263563894System.Random
===========>     (SEVERE)   OracleHelper.ExecuteReader: ORA-00904: "VAHRUAE_LEAVE_TYPE": invalid identifier [Query DR] SELECT VAHRUAE_HR_LeaveDetail_ID FROM VAHRUAE_HR_LeaveDetail WHERE C_BPartenr_ID = 1006731 AND VAHRUAE_LEAVE_TYPE = 'SL' AND VAHRUAE_Date1 >= '01-JAN-2020' AND VAHRUAE_DATE1 <= '31-DEC2020'
===========>     (SEVERE)   OracleHelper.ExecuteReader: ORA-00904: "VAHRUAE_LEAVE_TYPE": invalid identifier [Query DR] SELECT VAHRUAE_HR_LeaveDetail_ID FROM VAHRUAE_HR_LeaveDetail WHERE C_BPartenr_ID = 1006731 AND VAHRUAE_LEAVE_TYPE = 'SL' AND VAHRUAE_Date1 >= '01-JAN-2020' AND VAHRUAE_DATE1 <= '31-DEC2020'
===========>     (SEVERE)   PO.LeaveDaysDeduction: SELECT VAHRUAE_HR_LeaveDetail_ID FROM VAHRUAE_HR_LeaveDetail WHERE C_BPartenr_ID = 1006731 AND VAHRUAE_LEAVE_TYPE = 'SL' AND VAHRUAE_Date1 >= '01-JAN-2020' AND VAHRUAE_DATE1 <= '31-DEC2020' => ORA-00904: "VAHRUAE_LEAVE_TYPE": invalid identifier
===========>     (SEVERE)   CalculateSalaries.StartProcess: Object reference not set to an instance of an object.
