*** 4/2/2020 5:40:32 PM VAdvantage Log  ***
05:40:32.403    (INFO)     Trx.Start: **** ConnSH637214460323291314System.Random
05:40:32.403    (INFO)     Trx.Commit: **C** ConnSH637214460323291314System.Random
05:42:03.423    (INFO)     MSession.Logout: 06:32:05.62
----------->     (WARNING)  MSession.Get: Session Processed=X_AD_Session[1001498]
05:42:03.423    (INFO)     MRole.Get: AD_Role_ID=0, AD_User_ID=100, reload=True
05:42:03.423    (INFO)     MRole.Get: MRole[0,System Administrator,UserLevel=S  ,AD_Client_ID=0,AD_Org_ID=0]
05:42:03.423    (INFO)     MTree.Load: AD_Tree_ID=121, AD_User_ID=100, Editable=False, OnClient=True
05:42:03.423    (INFO)     Trx.Start: **** ConnSH637214461235175343System.Random
05:42:03.423    (INFO)     Trx.Commit: **C** ConnSH637214461235175343System.Random
05:42:04.424    (INFO)     MSession.Logout: 06:30:01.60
----------->     (WARNING)  MSession.Get: Session Processed=X_AD_Session[1001499]
05:42:04.424    (INFO)     MRole.Get: AD_Role_ID=0, AD_User_ID=100, reload=True
05:42:04.424    (INFO)     MRole.Get: MRole[0,System Administrator,UserLevel=S  ,AD_Client_ID=0,AD_Org_ID=0]
05:42:04.424    (INFO)     MTree.Load: AD_Tree_ID=121, AD_User_ID=100, Editable=False, OnClient=True
05:42:04.424    (INFO)     Trx.Start: **** ConnSH637214461246060409System.Random
05:42:04.424    (INFO)     Trx.Commit: **C** ConnSH637214461246060409System.Random
05:42:06.426    (INFO)     MSession.Logout: 06:30:02.78
----------->     (WARNING)  MSession.Get: Session Processed=X_AD_Session[1001500]
05:42:06.426    (INFO)     MRole.Get: AD_Role_ID=0, AD_User_ID=100, reload=True
05:42:06.426    (INFO)     MRole.Get: MRole[0,System Administrator,UserLevel=S  ,AD_Client_ID=0,AD_Org_ID=0]
05:42:06.426    (INFO)     MTree.Load: AD_Tree_ID=121, AD_User_ID=100, Editable=False, OnClient=True
05:42:06.426    (INFO)     Trx.Start: **** ConnSH637214461265669842System.Random
05:42:06.426    (INFO)     Trx.Commit: **C** ConnSH637214461265669842System.Random
----------->     (WARNING)  AccessSqlParser.GetTableInfo: More than one FROM clause - SELECT AppointmentsInfo.Appointmentsinfo_id AS ID,AppointmentsInfo.AD_Client_ID,AppointmentsInfo.AD_Org_ID  FROM AppointmentsInfo JOIN AD_User ON AD_User.AD_User_ID =AppointmentsInfo.CreatedBy WHERE AppointmentsInfo.IsRead='N' AND AppointmentsInfo.istask ='N'  AND AppointmentsInfo.AD_User_ID  = 100  UNION SELECT AppointmentsInfo.Appointmentsinfo_id AS ID, AppointmentsInfo.AD_Client_ID,AppointmentsInfo.AD_Org_ID FROM AppointmentsInfo  JOIN AD_User ON AD_User.AD_User_ID = AppointmentsInfo.CreatedBy  WHERE (AppointmentsInfo.IsRead ='Y'   AND AppointmentsInfo.AD_User_ID = 100 )  AND AppointmentsInfo.istask ='N'  AND AppointmentsInfo.startDate BETWEEN to_date('4/01/20','mm/dd/yy') and to_date('4/09/20 23.59','mm/dd/yy HH24:MI')   OR  to_date('4/02/20','mm/dd/yy')  BETWEEN  AppointmentsInfo.startDate  AND AppointmentsInfo.endDate  AND  AppointmentsInfo.CreatedBy  !=100 AND AppointmentsInfo.AD_User_ID  = 100)
----------->     (WARNING)  AccessSqlParser.GetTableInfo: Could not remove ON AppointmentsInfo JOIN AD_User ON AD_User.AD_User_ID =AppointmentsInfo.CreatedBy
05:42:07.427    (INFO)     Trx.Start: **** ConnSH637214461274241579System.Random
05:42:07.427    (INFO)     Trx.Commit: **C** ConnSH637214461274241579System.Random
05:45:48.454    (INFO)     MSession.Logout: 06:34:43.777
----------->     (WARNING)  MSession.Get: Session Processed=X_AD_Session[1001501]
05:45:48.454    (INFO)     MRole.Get: AD_Role_ID=0, AD_User_ID=100, reload=True
05:45:48.454    (INFO)     MRole.Get: MRole[0,System Administrator,UserLevel=S  ,AD_Client_ID=0,AD_Org_ID=0]
05:45:48.454    (INFO)     MTree.Load: AD_Tree_ID=121, AD_User_ID=100, Editable=False, OnClient=True
05:45:49.454    (INFO)     Trx.Start: **** ConnSH637214463490971757System.Random
05:45:49.454    (INFO)     Trx.Commit: **C** ConnSH637214463490971757System.Random
----------->     (WARNING)  AccessSqlParser.GetTableInfo: More than one FROM clause - SELECT AppointmentsInfo.Appointmentsinfo_id AS ID,AppointmentsInfo.AD_Client_ID,AppointmentsInfo.AD_Org_ID  FROM AppointmentsInfo JOIN AD_User ON AD_User.AD_User_ID =AppointmentsInfo.CreatedBy WHERE AppointmentsInfo.IsRead='N' AND AppointmentsInfo.istask ='N'  AND AppointmentsInfo.AD_User_ID  = 100  UNION SELECT AppointmentsInfo.Appointmentsinfo_id AS ID, AppointmentsInfo.AD_Client_ID,AppointmentsInfo.AD_Org_ID FROM AppointmentsInfo  JOIN AD_User ON AD_User.AD_User_ID = AppointmentsInfo.CreatedBy  WHERE (AppointmentsInfo.IsRead ='Y'   AND AppointmentsInfo.AD_User_ID = 100 )  AND AppointmentsInfo.istask ='N'  AND AppointmentsInfo.startDate BETWEEN to_date('4/01/20','mm/dd/yy') and to_date('4/09/20 23.59','mm/dd/yy HH24:MI')   OR  to_date('4/02/20','mm/dd/yy')  BETWEEN  AppointmentsInfo.startDate  AND AppointmentsInfo.endDate  AND  AppointmentsInfo.CreatedBy  !=100 AND AppointmentsInfo.AD_User_ID  = 100)
----------->     (WARNING)  AccessSqlParser.GetTableInfo: Could not remove ON AppointmentsInfo JOIN AD_User ON AD_User.AD_User_ID =AppointmentsInfo.CreatedBy
05:45:50.455    (INFO)     Trx.Start: **** ConnSH637214463506020491System.Random
05:45:50.455    (INFO)     Trx.Commit: **C** ConnSH637214463506020491System.Random
05:46:53.465    (INFO)     MSession.Logout: 06:31:05.759
----------->     (WARNING)  MSession.Get: Session Processed=X_AD_Session[1001502]
05:46:54.465    (INFO)     MRole.Get: AD_Role_ID=0, AD_User_ID=100, reload=True
05:46:54.465    (INFO)     MRole.Get: MRole[0,System Administrator,UserLevel=S  ,AD_Client_ID=0,AD_Org_ID=0]
05:46:54.465    (INFO)     MTree.Load: AD_Tree_ID=121, AD_User_ID=100, Editable=False, OnClient=True
05:46:54.465    (INFO)     Trx.Start: **** ConnSH637214464146395016System.Random
05:46:54.465    (INFO)     Trx.Commit: **C** ConnSH637214464146395016System.Random
----------->     (WARNING)  AccessSqlParser.GetTableInfo: More than one FROM clause - SELECT AppointmentsInfo.Appointmentsinfo_id AS ID,AppointmentsInfo.AD_Client_ID,AppointmentsInfo.AD_Org_ID  FROM AppointmentsInfo JOIN AD_User ON AD_User.AD_User_ID =AppointmentsInfo.CreatedBy WHERE AppointmentsInfo.IsRead='N' AND AppointmentsInfo.istask ='N'  AND AppointmentsInfo.AD_User_ID  = 100  UNION SELECT AppointmentsInfo.Appointmentsinfo_id AS ID, AppointmentsInfo.AD_Client_ID,AppointmentsInfo.AD_Org_ID FROM AppointmentsInfo  JOIN AD_User ON AD_User.AD_User_ID = AppointmentsInfo.CreatedBy  WHERE (AppointmentsInfo.IsRead ='Y'   AND AppointmentsInfo.AD_User_ID = 100 )  AND AppointmentsInfo.istask ='N'  AND AppointmentsInfo.startDate BETWEEN to_date('4/01/20','mm/dd/yy') and to_date('4/09/20 23.59','mm/dd/yy HH24:MI')   OR  to_date('4/02/20','mm/dd/yy')  BETWEEN  AppointmentsInfo.startDate  AND AppointmentsInfo.endDate  AND  AppointmentsInfo.CreatedBy  !=100 AND AppointmentsInfo.AD_User_ID  = 100)
----------->     (WARNING)  AccessSqlParser.GetTableInfo: Could not remove ON AppointmentsInfo JOIN AD_User ON AD_User.AD_User_ID =AppointmentsInfo.CreatedBy
