*** 5/24/2021 11:03:44 AM VAdvantage Log  ***
11:03:44.344    (INFO)     Trx.Start: **** ConnSH637574510241788071System.Random
11:03:44.344    (INFO)     Trx.Commit: **C** ConnSH637574510241788071System.Random
11:03:44.344    (INFO)     MChangeLog.FillChangeLog: #9
11:03:53.353    (INFO)     Trx.Start: **** ConnSH637574510330942437System.Random
11:03:53.353    (INFO)     Trx.Commit: **C** ConnSH637574510330942437System.Random
===========>     (SEVERE)   OracleHelper.ExecuteReader: ORA-00904: "C_BPARTNER": invalid identifier [Query DR] SELECT VAHRUAE_EMPLOYECOMPENSATION_ID FROM VAHRUAE_EMPLOYECOMPENSATION WHERE C_BPartner = 1006731 AND C_PERIOD_ID = 1000193 AND VAHRUAE_COMPENSATIONMASTER_ID != 1000010
===========>     (SEVERE)   OracleHelper.ExecuteReader: ORA-00904: "C_BPARTNER": invalid identifier [Query DR] SELECT VAHRUAE_EMPLOYECOMPENSATION_ID FROM VAHRUAE_EMPLOYECOMPENSATION WHERE C_BPartner = 1006731 AND C_PERIOD_ID = 1000193 AND VAHRUAE_COMPENSATIONMASTER_ID != 1000010
===========>     (SEVERE)   PO.DoIt: SELECT VAHRUAE_EMPLOYECOMPENSATION_ID FROM VAHRUAE_EMPLOYECOMPENSATION WHERE C_BPartner = 1006731 AND C_PERIOD_ID = 1000193 AND VAHRUAE_COMPENSATIONMASTER_ID != 1000010 => ORA-00904: "C_BPARTNER": invalid identifier
11:03:53.353    (INFO)     Trx.Start: **** ConnSH637574510331303586System.Random
11:03:53.353    (INFO)     Trx.Commit: **C** ConnSH637574510331303586System.Random
11:03:53.353    (INFO)     Trx.Start: **** ConnDDH637574510331433566System.Random
11:03:53.353    (INFO)     Trx.ExecuteDataSet: Trx Dataset ConnDDH637574510331433566System.Random 86
11:03:53.353    (INFO)     Trx.ExecuteQuery: Trx non-query ConnDDH637574510331433566System.Random 86
11:03:53.353    (INFO)     Trx.Commit: **C** ConnDDH637574510331433566System.Random
11:03:53.353    (INFO)     CacheMgt.Reset: AD_Process: #1 (1)
11:07:09.790    (INFO)     Trx.Start: **** ConnSH637574512299131366System.Random
11:07:09.790    (INFO)     Trx.Commit: **C** ConnSH637574512299131366System.Random
11:10:26.102    (INFO)     Trx.Start: **** ConnSH637574514265994801System.Random
11:10:26.102    (INFO)     Trx.Commit: **C** ConnSH637574514265994801System.Random
===========>     (SEVERE)   OracleHelper.ExecuteReader: ORA-00904: "C_BPARTNER": invalid identifier [Query DR] SELECT VAHRUAE_EMPLOYECOMPENSATION_ID FROM VAHRUAE_EMPLOYECOMPENSATION WHERE C_BPartner = 1006731 AND C_PERIOD_ID = 1000193 AND VAHRUAE_COMPENSATIONMASTER_ID != 1000010
===========>     (SEVERE)   OracleHelper.ExecuteReader: ORA-00904: "C_BPARTNER": invalid identifier [Query DR] SELECT VAHRUAE_EMPLOYECOMPENSATION_ID FROM VAHRUAE_EMPLOYECOMPENSATION WHERE C_BPartner = 1006731 AND C_PERIOD_ID = 1000193 AND VAHRUAE_COMPENSATIONMASTER_ID != 1000010
===========>     (SEVERE)   PO.DoIt: SELECT VAHRUAE_EMPLOYECOMPENSATION_ID FROM VAHRUAE_EMPLOYECOMPENSATION WHERE C_BPartner = 1006731 AND C_PERIOD_ID = 1000193 AND VAHRUAE_COMPENSATIONMASTER_ID != 1000010 => ORA-00904: "C_BPARTNER": invalid identifier
