*** 5/14/2021 9:47:13 PM VAdvantage Log  ***
09:47:13.471    (INFO)     Trx.Start: **** ConnSH637566256338128338System.Random
09:47:13.471    (INFO)     Trx.Commit: **C** ConnSH637566256338128338System.Random
09:47:13.471    (INFO)     MChangeLog.FillChangeLog: #9
===========>     (SEVERE)   OracleHelper.ExecuteReader: ORA-01756: quoted string not properly terminated [Query DR] SELECT VAHRUAE_HR_LEAVEDETAIL_ID FROM VAHRUAE_HR_LEAVEDETAIL WHERE C_BPARTNER_ID = 1006732AND VAHRUAE_APPROVE = 'Y' AND VAHRUAE_DATE1= '21-JUN-21
===========>     (SEVERE)   OracleHelper.ExecuteReader: ORA-01756: quoted string not properly terminated [Query DR] SELECT VAHRUAE_HR_LEAVEDETAIL_ID FROM VAHRUAE_HR_LEAVEDETAIL WHERE C_BPARTNER_ID = 1006732AND VAHRUAE_APPROVE = 'Y' AND VAHRUAE_DATE1= '21-JUN-21
===========>     (SEVERE)   PO.DoIt: SELECT VAHRUAE_HR_LEAVEDETAIL_ID FROM VAHRUAE_HR_LEAVEDETAIL WHERE C_BPARTNER_ID = 1006732AND VAHRUAE_APPROVE = 'Y' AND VAHRUAE_DATE1= '21-JUN-21 => ORA-01756: quoted string not properly terminated
09:47:13.471    (INFO)     Trx.Start: **** ConnSH637566256339628902System.Random
09:47:13.471    (INFO)     Trx.Commit: **C** ConnSH637566256339628902System.Random
===========>     (SEVERE)   OracleHelper.ExecuteReader: ORA-01756: quoted string not properly terminated [Query DR] SELECT VAHRUAE_HR_LEAVEDETAIL_ID FROM VAHRUAE_HR_LEAVEDETAIL WHERE C_BPARTNER_ID = 1006732AND VAHRUAE_APPROVE = 'Y' AND VAHRUAE_DATE1= '24-JUN-21
===========>     (SEVERE)   OracleHelper.ExecuteReader: ORA-01756: quoted string not properly terminated [Query DR] SELECT VAHRUAE_HR_LEAVEDETAIL_ID FROM VAHRUAE_HR_LEAVEDETAIL WHERE C_BPARTNER_ID = 1006732AND VAHRUAE_APPROVE = 'Y' AND VAHRUAE_DATE1= '24-JUN-21
===========>     (SEVERE)   PO.DoIt: SELECT VAHRUAE_HR_LEAVEDETAIL_ID FROM VAHRUAE_HR_LEAVEDETAIL WHERE C_BPARTNER_ID = 1006732AND VAHRUAE_APPROVE = 'Y' AND VAHRUAE_DATE1= '24-JUN-21 => ORA-01756: quoted string not properly terminated
09:47:13.471    (INFO)     Trx.Start: **** ConnSH637566256339775825System.Random
09:47:13.471    (INFO)     Trx.Commit: **C** ConnSH637566256339775825System.Random
===========>     (SEVERE)   OracleHelper.ExecuteReader: ORA-01756: quoted string not properly terminated [Query DR] SELECT VAHRUAE_HR_LEAVEDETAIL_ID FROM VAHRUAE_HR_LEAVEDETAIL WHERE C_BPARTNER_ID = 1006732AND VAHRUAE_APPROVE = 'Y' AND VAHRUAE_DATE1= '27-JUN-21
===========>     (SEVERE)   OracleHelper.ExecuteReader: ORA-01756: quoted string not properly terminated [Query DR] SELECT VAHRUAE_HR_LEAVEDETAIL_ID FROM VAHRUAE_HR_LEAVEDETAIL WHERE C_BPARTNER_ID = 1006732AND VAHRUAE_APPROVE = 'Y' AND VAHRUAE_DATE1= '27-JUN-21
===========>     (SEVERE)   PO.DoIt: SELECT VAHRUAE_HR_LEAVEDETAIL_ID FROM VAHRUAE_HR_LEAVEDETAIL WHERE C_BPARTNER_ID = 1006732AND VAHRUAE_APPROVE = 'Y' AND VAHRUAE_DATE1= '27-JUN-21 => ORA-01756: quoted string not properly terminated
09:47:13.471    (INFO)     Trx.Start: **** ConnSH637566256339915563System.Random
09:47:13.471    (INFO)     Trx.Commit: **C** ConnSH637566256339915563System.Random
===========>     (SEVERE)   OracleHelper.ExecuteReader: ORA-01756: quoted string not properly terminated [Query DR] SELECT VAHRUAE_HR_LEAVEDETAIL_ID FROM VAHRUAE_HR_LEAVEDETAIL WHERE C_BPARTNER_ID = 1006732AND VAHRUAE_APPROVE = 'Y' AND VAHRUAE_DATE1= '30-JUN-21
===========>     (SEVERE)   OracleHelper.ExecuteReader: ORA-01756: quoted string not properly terminated [Query DR] SELECT VAHRUAE_HR_LEAVEDETAIL_ID FROM VAHRUAE_HR_LEAVEDETAIL WHERE C_BPARTNER_ID = 1006732AND VAHRUAE_APPROVE = 'Y' AND VAHRUAE_DATE1= '30-JUN-21
===========>     (SEVERE)   PO.DoIt: SELECT VAHRUAE_HR_LEAVEDETAIL_ID FROM VAHRUAE_HR_LEAVEDETAIL WHERE C_BPARTNER_ID = 1006732AND VAHRUAE_APPROVE = 'Y' AND VAHRUAE_DATE1= '30-JUN-21 => ORA-01756: quoted string not properly terminated
09:47:14.471    (INFO)     Trx.Start: **** ConnSH637566256340045360System.Random
09:47:14.471    (INFO)     Trx.Commit: **C** ConnSH637566256340045360System.Random
===========>     (SEVERE)   OracleHelper.ExecuteReader: ORA-01756: quoted string not properly terminated [Query DR] SELECT VAHRUAE_HR_LEAVEDETAIL_ID FROM VAHRUAE_HR_LEAVEDETAIL WHERE C_BPARTNER_ID = 1006732AND VAHRUAE_APPROVE = 'Y' AND VAHRUAE_DATE1= '03-JUL-21
===========>     (SEVERE)   OracleHelper.ExecuteReader: ORA-01756: quoted string not properly terminated [Query DR] SELECT VAHRUAE_HR_LEAVEDETAIL_ID FROM VAHRUAE_HR_LEAVEDETAIL WHERE C_BPARTNER_ID = 1006732AND VAHRUAE_APPROVE = 'Y' AND VAHRUAE_DATE1= '03-JUL-21
===========>     (SEVERE)   PO.DoIt: SELECT VAHRUAE_HR_LEAVEDETAIL_ID FROM VAHRUAE_HR_LEAVEDETAIL WHERE C_BPARTNER_ID = 1006732AND VAHRUAE_APPROVE = 'Y' AND VAHRUAE_DATE1= '03-JUL-21 => ORA-01756: quoted string not properly terminated
09:47:14.471    (INFO)     Trx.Start: **** ConnSH637566256340185369System.Random
09:47:14.471    (INFO)     Trx.Commit: **C** ConnSH637566256340185369System.Random
===========>     (SEVERE)   OracleHelper.ExecuteReader: ORA-01756: quoted string not properly terminated [Query DR] SELECT VAHRUAE_HR_LEAVEDETAIL_ID FROM VAHRUAE_HR_LEAVEDETAIL WHERE C_BPARTNER_ID = 1006732AND VAHRUAE_APPROVE = 'Y' AND VAHRUAE_DATE1= '06-JUL-21
===========>     (SEVERE)   OracleHelper.ExecuteReader: ORA-01756: quoted string not properly terminated [Query DR] SELECT VAHRUAE_HR_LEAVEDETAIL_ID FROM VAHRUAE_HR_LEAVEDETAIL WHERE C_BPARTNER_ID = 1006732AND VAHRUAE_APPROVE = 'Y' AND VAHRUAE_DATE1= '06-JUL-21
===========>     (SEVERE)   PO.DoIt: SELECT VAHRUAE_HR_LEAVEDETAIL_ID FROM VAHRUAE_HR_LEAVEDETAIL WHERE C_BPARTNER_ID = 1006732AND VAHRUAE_APPROVE = 'Y' AND VAHRUAE_DATE1= '06-JUL-21 => ORA-01756: quoted string not properly terminated
09:47:14.471    (INFO)     Trx.Start: **** ConnSH637566256340305695System.Random
09:47:14.471    (INFO)     Trx.Commit: **C** ConnSH637566256340305695System.Random
===========>     (SEVERE)   OracleHelper.ExecuteReader: ORA-01756: quoted string not properly terminated [Query DR] SELECT VAHRUAE_HR_LEAVEDETAIL_ID FROM VAHRUAE_HR_LEAVEDETAIL WHERE C_BPARTNER_ID = 1006732AND VAHRUAE_APPROVE = 'Y' AND VAHRUAE_DATE1= '09-JUL-21
===========>     (SEVERE)   OracleHelper.ExecuteReader: ORA-01756: quoted string not properly terminated [Query DR] SELECT VAHRUAE_HR_LEAVEDETAIL_ID FROM VAHRUAE_HR_LEAVEDETAIL WHERE C_BPARTNER_ID = 1006732AND VAHRUAE_APPROVE = 'Y' AND VAHRUAE_DATE1= '09-JUL-21
===========>     (SEVERE)   PO.DoIt: SELECT VAHRUAE_HR_LEAVEDETAIL_ID FROM VAHRUAE_HR_LEAVEDETAIL WHERE C_BPARTNER_ID = 1006732AND VAHRUAE_APPROVE = 'Y' AND VAHRUAE_DATE1= '09-JUL-21 => ORA-01756: quoted string not properly terminated
09:47:14.471    (INFO)     Trx.Start: **** ConnSH637566256340435711System.Random
09:47:14.471    (INFO)     Trx.Commit: **C** ConnSH637566256340435711System.Random
===========>     (SEVERE)   OracleHelper.ExecuteReader: ORA-01756: quoted string not properly terminated [Query DR] SELECT VAHRUAE_HR_LEAVEDETAIL_ID FROM VAHRUAE_HR_LEAVEDETAIL WHERE C_BPARTNER_ID = 1006732AND VAHRUAE_APPROVE = 'Y' AND VAHRUAE_DATE1= '12-JUL-21
===========>     (SEVERE)   OracleHelper.ExecuteReader: ORA-01756: quoted string not properly terminated [Query DR] SELECT VAHRUAE_HR_LEAVEDETAIL_ID FROM VAHRUAE_HR_LEAVEDETAIL WHERE C_BPARTNER_ID = 1006732AND VAHRUAE_APPROVE = 'Y' AND VAHRUAE_DATE1= '12-JUL-21
===========>     (SEVERE)   PO.DoIt: SELECT VAHRUAE_HR_LEAVEDETAIL_ID FROM VAHRUAE_HR_LEAVEDETAIL WHERE C_BPARTNER_ID = 1006732AND VAHRUAE_APPROVE = 'Y' AND VAHRUAE_DATE1= '12-JUL-21 => ORA-01756: quoted string not properly terminated
09:47:14.471    (INFO)     Trx.Start: **** ConnSH637566256340565713System.Random
09:47:14.471    (INFO)     Trx.Commit: **C** ConnSH637566256340565713System.Random
===========>     (SEVERE)   OracleHelper.ExecuteReader: ORA-01756: quoted string not properly terminated [Query DR] SELECT VAHRUAE_HR_LEAVEDETAIL_ID FROM VAHRUAE_HR_LEAVEDETAIL WHERE C_BPARTNER_ID = 1006732AND VAHRUAE_APPROVE = 'Y' AND VAHRUAE_DATE1= '15-JUL-21
===========>     (SEVERE)   OracleHelper.ExecuteReader: ORA-01756: quoted string not properly terminated [Query DR] SELECT VAHRUAE_HR_LEAVEDETAIL_ID FROM VAHRUAE_HR_LEAVEDETAIL WHERE C_BPARTNER_ID = 1006732AND VAHRUAE_APPROVE = 'Y' AND VAHRUAE_DATE1= '15-JUL-21
===========>     (SEVERE)   PO.DoIt: SELECT VAHRUAE_HR_LEAVEDETAIL_ID FROM VAHRUAE_HR_LEAVEDETAIL WHERE C_BPARTNER_ID = 1006732AND VAHRUAE_APPROVE = 'Y' AND VAHRUAE_DATE1= '15-JUL-21 => ORA-01756: quoted string not properly terminated
09:47:14.471    (INFO)     Trx.Start: **** ConnSH637566256340688512System.Random
09:47:14.471    (INFO)     Trx.Commit: **C** ConnSH637566256340688512System.Random
===========>     (SEVERE)   CalculateSalaries.StartProcess: Index was outside the bounds of the array.
09:47:39.473    (INFO)     CacheMgt.Reset: AD_Process: #1 (1)
