*** 4/15/2021 12:55:02 PM VAdvantage Log  ***
12:55:02.552    (INFO)     Trx.Start: **** ConnSH637540881026709222System.Random
12:55:02.552    (INFO)     Trx.Commit: **C** ConnSH637540881026709222System.Random
12:55:02.552    (INFO)     MChangeLog.FillChangeLog: #9
12:55:02.552    (INFO)     Trx.Start: **** ConnSH637540881027336021System.Random
12:55:02.552    (INFO)     Trx.Commit: **C** ConnSH637540881027336021System.Random
12:55:02.552    (INFO)     Trx.Start: **** ConnSH637540881027476375System.Random
12:55:02.552    (INFO)     Trx.Commit: **C** ConnSH637540881027476375System.Random
12:55:02.552    (INFO)     Trx.Start: **** ConnSH637540881027586355System.Random
12:55:02.552    (INFO)     Trx.Commit: **C** ConnSH637540881027586355System.Random
12:55:02.552    (INFO)     Trx.Start: **** ConnSH637540881028546259System.Random
12:55:02.552    (INFO)     Trx.Commit: **C** ConnSH637540881028546259System.Random
12:55:02.552    (INFO)     Trx.Start: **** ConnSH637540881029502439System.Random
12:55:02.552    (INFO)     Trx.Commit: **C** ConnSH637540881029502439System.Random
12:55:03.553    (INFO)     Trx.Start: **** ConnSH637540881030607690System.Random
12:55:03.553    (INFO)     Trx.Commit: **C** ConnSH637540881030607690System.Random
12:55:03.553    (INFO)     Trx.Start: **** ConnSH637540881031487089System.Random
12:55:03.553    (INFO)     Trx.Commit: **C** ConnSH637540881031487089System.Random
12:55:03.553    (INFO)     CacheMgt.Reset: AD_Process: #1 (1)
12:56:42.564    (INFO)     Trx.Start: **** ConnSH637540882022943691System.Random
12:56:42.564    (INFO)     Trx.Commit: **C** ConnSH637540882022943691System.Random
12:56:42.564    (INFO)     Trx.Start: **** ConnSH637540882023236278System.Random
12:56:42.564    (INFO)     Trx.Commit: **C** ConnSH637540882023236278System.Random
12:56:42.564    (INFO)     Trx.Start: **** ConnSH637540882024234251System.Random
12:56:42.564    (INFO)     Trx.Commit: **C** ConnSH637540882024234251System.Random
12:56:42.564    (INFO)     Trx.Start: **** ConnSH637540882025163388System.Random
12:56:42.564    (INFO)     Trx.Commit: **C** ConnSH637540882025163388System.Random
12:56:42.564    (INFO)     Trx.Start: **** ConnSH637540882027005719System.Random
12:56:42.564    (INFO)     Trx.Commit: **C** ConnSH637540882027005719System.Random
12:56:42.564    (INFO)     Trx.Start: **** ConnSH637540882027889135System.Random
12:56:42.564    (INFO)     Trx.Commit: **C** ConnSH637540882027889135System.Random
