*** 5/19/2021 11:26:43 AM VAdvantage Log  ***
11:26:43.264    (INFO)     MSession.Logout: 02:00:23.159
11:26:46.264    (INFO)     MRole.Get: AD_Role_ID=103, AD_User_ID=102, reload=True
11:26:46.264    (INFO)     MRole.Get: MRole[103,IdeasInc User,UserLevel=  O,AD_Client_ID IN(0,11),AD_Org_ID IN(0,11,12)]
11:26:46.264    (INFO)     MRole.Get: AD_Role_ID=103, AD_User_ID=102, reload=True
11:26:46.264    (INFO)     MRole.Get: MRole[103,IdeasInc User,UserLevel=  O,AD_Client_ID IN(0,11),AD_Org_ID IN(0,11,12)]
11:26:46.264    (INFO)     MTree.Load: AD_Tree_ID=10, AD_User_ID=102, Editable=False, OnClient=True
11:26:46.264    (INFO)     Trx.Start: **** ConnSH637570204064561835System.Random
11:26:46.264    (INFO)     Trx.Commit: **C** ConnSH637570204064561835System.Random
----------->     (WARNING)  AccessSqlParser.GetTableInfo: More than one FROM clause - SELECT AppointmentsInfo.Appointmentsinfo_id AS ID,AppointmentsInfo.AD_Client_ID,AppointmentsInfo.AD_Org_ID  FROM AppointmentsInfo JOIN AD_User ON AD_User.AD_User_ID =AppointmentsInfo.CreatedBy WHERE AppointmentsInfo.IsRead='N' AND AppointmentsInfo.istask ='N'  AND AppointmentsInfo.AD_User_ID  = 102  UNION SELECT AppointmentsInfo.Appointmentsinfo_id AS ID, AppointmentsInfo.AD_Client_ID,AppointmentsInfo.AD_Org_ID FROM AppointmentsInfo  JOIN AD_User ON AD_User.AD_User_ID = AppointmentsInfo.CreatedBy  WHERE (AppointmentsInfo.IsRead ='Y'   AND AppointmentsInfo.AD_User_ID = 102 )  AND AppointmentsInfo.istask ='N'  AND AppointmentsInfo.startDate BETWEEN to_date('5/18/21','mm/dd/yy') and to_date('5/26/21 23.59','mm/dd/yy HH24:MI')   OR  to_date('5/19/21','mm/dd/yy')  BETWEEN  AppointmentsInfo.startDate  AND AppointmentsInfo.endDate  AND  AppointmentsInfo.CreatedBy  !=102 AND AppointmentsInfo.AD_User_ID  = 102)
----------->     (WARNING)  AccessSqlParser.GetTableInfo: Could not remove ON AppointmentsInfo JOIN AD_User ON AD_User.AD_User_ID =AppointmentsInfo.CreatedBy
11:26:57.265    (INFO)     Trx.Start: **** ConnSH637570204174165600System.Random
11:26:57.265    (INFO)     Trx.Commit: **C** ConnSH637570204174165600System.Random
11:26:57.265    (INFO)     MChangeLog.FillChangeLog: #9
===========>     (SEVERE)   OracleHelper.ExecuteReader: ORA-01756: quoted string not properly terminated [Query DR] SELECT VAHRUAE_HR_LEAVEDETAIL_ID FROM VAHRUAE_HR_LEAVEDETAIL WHERE C_BPARTNER_ID = 1006736AND VAHRUAE_APPROVE = 'Y' AND VAHRUAE_DATE1= '20-JUN-21
===========>     (SEVERE)   OracleHelper.ExecuteReader: ORA-01756: quoted string not properly terminated [Query DR] SELECT VAHRUAE_HR_LEAVEDETAIL_ID FROM VAHRUAE_HR_LEAVEDETAIL WHERE C_BPARTNER_ID = 1006736AND VAHRUAE_APPROVE = 'Y' AND VAHRUAE_DATE1= '20-JUN-21
===========>     (SEVERE)   PO.DoIt: SELECT VAHRUAE_HR_LEAVEDETAIL_ID FROM VAHRUAE_HR_LEAVEDETAIL WHERE C_BPARTNER_ID = 1006736AND VAHRUAE_APPROVE = 'Y' AND VAHRUAE_DATE1= '20-JUN-21 => ORA-01756: quoted string not properly terminated
11:26:57.265    (INFO)     Trx.Start: **** ConnSH637570204175888492System.Random
11:26:57.265    (INFO)     Trx.Commit: **C** ConnSH637570204175888492System.Random
11:26:57.265    (INFO)     Trx.Start: **** ConnSH637570204176258235System.Random
11:26:57.265    (INFO)     Trx.Commit: **C** ConnSH637570204176258235System.Random
