*** 4/20/2021 10:39:00 AM VAdvantage Log  ***
===========>     (SEVERE)   VLookUpInfo.GetLookup_DisplayColumn: No Identifier records found: AD_BView
===========>     (SEVERE)   VLookUpInfo.GetLookup_DisplayColumn: No Identifier records found: AD_ReportTemplate
===========>     (SEVERE)   VLookUpInfo.GetLookup_DisplayColumn: No Identifier records found: AD_BView_Field
----------->     (WARNING)  GridTable.GetField: Not found: 'Created'
----------->     (WARNING)  GridTable.GetField: Not found: 'CreatedBy'
----------->     (WARNING)  GridTable.GetField: Not found: 'Updated'
----------->     (WARNING)  GridTable.GetField: Not found: 'UpdatedBy'
===========>     (SEVERE)   OracleHelper.ExecuteDataset: ORA-00942: table or view does not exist [Query D] => SELECT vadms_windowdoclink_id, record_id FROM VADMS_WindowDocLink wdl JOIN vadms_document doc ON wdl.VADMS_Document_ID  =doc.VADMS_Document_ID WHERE doc.vadms_docstatus!='DD' AND AD_Table_ID =284
----------->     (WARNING)  GridTable.GetField: Not found: 'Created'
----------->     (WARNING)  GridTable.GetField: Not found: 'CreatedBy'
----------->     (WARNING)  GridTable.GetField: Not found: 'Updated'
----------->     (WARNING)  GridTable.GetField: Not found: 'UpdatedBy'
----------->     (WARNING)  GridTable.GetField: Not found: 'Created'
----------->     (WARNING)  GridTable.GetField: Not found: 'CreatedBy'
----------->     (WARNING)  GridTable.GetField: Not found: 'Updated'
----------->     (WARNING)  GridTable.GetField: Not found: 'UpdatedBy'
----------->     (WARNING)  GridTable.GetField: Not found: 'Created'
----------->     (WARNING)  GridTable.GetField: Not found: 'CreatedBy'
----------->     (WARNING)  GridTable.GetField: Not found: 'Updated'
----------->     (WARNING)  GridTable.GetField: Not found: 'UpdatedBy'
===========>     (SEVERE)   OracleHelper.ExecuteDataset: ORA-00942: table or view does not exist [Query D] => SELECT vadms_windowdoclink_id, record_id FROM VADMS_WindowDocLink wdl JOIN vadms_document doc ON wdl.VADMS_Document_ID  =doc.VADMS_Document_ID WHERE doc.vadms_docstatus!='DD' AND AD_Table_ID =285
----------->     (WARNING)  GridTable.GetField: Not found: 'Created'
----------->     (WARNING)  GridTable.GetField: Not found: 'CreatedBy'
----------->     (WARNING)  GridTable.GetField: Not found: 'Updated'
----------->     (WARNING)  GridTable.GetField: Not found: 'UpdatedBy'
10:39:00.390    (INFO)     Trx.Start: **** ConnSH637545119405381501System.Random
10:39:00.390    (INFO)     Trx.Commit: **C** ConnSH637545119405381501System.Random
===========>     (SEVERE)   DB_Oracle.ExecuteDatasetPaging: ORA-00942: table or view does not exist [Query NQTrx]select * FROM (SELECT t.*, rownum AS row_num FROM (SELECT AD_BView.AD_BView_ID,NULL,NULL,AD_BView.IsActive FROM AD_BView WHERE AD_BView.AD_Client_ID=0 AND (COALESCE(AD_BView.AD_Org_ID,0) IN(0,0)) ORDER BY 3) t ) WHERE row_num BETWEEN (((1 - 1) * 1000) + 1) AND ((1 * 1000))
===========>     (SEVERE)   DB_Oracle.ExecuteDatasetPaging: ORA-00942: table or view does not exist [Query NQTrx]select * FROM (SELECT t.*, rownum AS row_num FROM (SELECT AD_ReportTemplate.AD_ReportTemplate_ID,NULL,NULL,AD_ReportTemplate.IsActive FROM AD_ReportTemplate WHERE AD_ReportTemplate.AD_Client_ID=0 AND (COALESCE(AD_ReportTemplate.AD_Org_ID,0) IN(0,0)) ORDER BY 3) t ) WHERE row_num BETWEEN (((1 - 1) * 1000) + 1) AND ((1 * 1000))
===========>     (SEVERE)   DB_Oracle.ExecuteDatasetPaging: ORA-00942: table or view does not exist [Query NQTrx]select * FROM (SELECT t.*, rownum AS row_num FROM (SELECT AD_BView_Field.AD_BView_Field_ID,NULL,NULL,AD_BView_Field.IsActive FROM AD_BView_Field WHERE AD_BView_Field.AD_Client_ID=0 AND (COALESCE(AD_BView_Field.AD_Org_ID,0) IN(0,0))) t ) WHERE row_num BETWEEN (((1 - 1) * 1000) + 1) AND ((1 * 1000))
10:39:01.391    (INFO)     Trx.Start: **** ConnSH637545119411131537System.Random
10:39:01.391    (INFO)     Trx.Commit: **C** ConnSH637545119411131537System.Random
10:39:08.398    (INFO)     Trx.Start: **** ConnSH637545119482347485System.Random
10:39:08.398    (INFO)     Trx.Commit: **C** ConnSH637545119482347485System.Random
10:39:20.392    (INFO)     MChangeLog.FillChangeLog: #9
10:39:20.392    (INFO)     Trx.Start: **** ConnSH637545119601267364System.Random
10:39:20.392    (INFO)     Trx.Commit: **C** ConnSH637545119601267364System.Random
10:39:20.392    (INFO)     CacheMgt.Reset: AD_Process: #1 (0)
10:39:24.392    (INFO)     Trx.Start: **** ConnSH637545119647190964System.Random
10:39:24.392    (INFO)     Trx.Commit: **C** ConnSH637545119647190964System.Random
10:39:24.392    (INFO)     CacheReset.DoIt: 
10:39:24.392    (INFO)     Env.Reset: finalCall=False
10:39:24.392    (INFO)     CacheMgt.Reset: #18 (4387)
10:39:24.392    (INFO)     MRole.Get: AD_Role_ID=0, AD_User_ID=0, reload=True
10:39:24.392    (INFO)     MRole.Get: MRole[0,System Administrator,UserLevel=S  ,AD_Client_ID=0,AD_Org_ID=0]
10:39:24.392    (INFO)     MRole.Get: AD_Role_ID=0, AD_User_ID=100, reload=True
10:39:24.392    (INFO)     MRole.Get: MRole[0,System Administrator,UserLevel=S  ,AD_Client_ID=0,AD_Org_ID=0]
10:39:24.392    (INFO)     MChangeLog.FillChangeLog: #9
10:39:24.392    (INFO)     CacheMgt.Reset: AD_Process: #1 (1)
10:39:34.393    (INFO)     Msg.InitMsg: Records=4077 - en_US
10:39:35.393    (INFO)     Trx.Start: **** ConnSH637545119753169235System.Random
10:39:35.393    (INFO)     Trx.Commit: **C** ConnSH637545119753169235System.Random
10:39:54.395    (INFO)     MSession.Logout: 02:01:02.650
----------->     (WARNING)  MSession.Get: Session Processed=X_AD_Session[1003118]
10:39:54.395    (INFO)     MRole.Get: AD_Role_ID=0, AD_User_ID=100, reload=True
10:39:54.395    (INFO)     MRole.Get: MRole[0,System Administrator,UserLevel=S  ,AD_Client_ID=0,AD_Org_ID=0]
10:39:54.395    (INFO)     MTree.Load: AD_Tree_ID=121, AD_User_ID=100, Editable=False, OnClient=True
10:39:54.395    (INFO)     Trx.Start: **** ConnSH637545119948794623System.Random
10:39:54.395    (INFO)     Trx.Commit: **C** ConnSH637545119948794623System.Random
----------->     (WARNING)  AccessSqlParser.GetTableInfo: More than one FROM clause - SELECT AppointmentsInfo.Appointmentsinfo_id AS ID,AppointmentsInfo.AD_Client_ID,AppointmentsInfo.AD_Org_ID  FROM AppointmentsInfo JOIN AD_User ON AD_User.AD_User_ID =AppointmentsInfo.CreatedBy WHERE AppointmentsInfo.IsRead='N' AND AppointmentsInfo.istask ='N'  AND AppointmentsInfo.AD_User_ID  = 100  UNION SELECT AppointmentsInfo.Appointmentsinfo_id AS ID, AppointmentsInfo.AD_Client_ID,AppointmentsInfo.AD_Org_ID FROM AppointmentsInfo  JOIN AD_User ON AD_User.AD_User_ID = AppointmentsInfo.CreatedBy  WHERE (AppointmentsInfo.IsRead ='Y'   AND AppointmentsInfo.AD_User_ID = 100 )  AND AppointmentsInfo.istask ='N'  AND AppointmentsInfo.startDate BETWEEN to_date('4/19/21','mm/dd/yy') and to_date('4/27/21 23.59','mm/dd/yy HH24:MI')   OR  to_date('4/20/21','mm/dd/yy')  BETWEEN  AppointmentsInfo.startDate  AND AppointmentsInfo.endDate  AND  AppointmentsInfo.CreatedBy  !=100 AND AppointmentsInfo.AD_User_ID  = 100)
----------->     (WARNING)  AccessSqlParser.GetTableInfo: Could not remove ON AppointmentsInfo JOIN AD_User ON AD_User.AD_User_ID =AppointmentsInfo.CreatedBy
===========>     (SEVERE)   VLookUpInfo.GetLookup_DisplayColumn: No Identifier records found: AD_BView
===========>     (SEVERE)   VLookUpInfo.GetLookup_DisplayColumn: No Identifier records found: AD_ReportTemplate
===========>     (SEVERE)   VLookUpInfo.GetLookup_DisplayColumn: No Identifier records found: AD_BView_Field
----------->     (WARNING)  GridTable.GetField: Not found: 'Created'
----------->     (WARNING)  GridTable.GetField: Not found: 'CreatedBy'
----------->     (WARNING)  GridTable.GetField: Not found: 'Updated'
----------->     (WARNING)  GridTable.GetField: Not found: 'UpdatedBy'
===========>     (SEVERE)   OracleHelper.ExecuteDataset: ORA-00942: table or view does not exist [Query D] => SELECT vadms_windowdoclink_id, record_id FROM VADMS_WindowDocLink wdl JOIN vadms_document doc ON wdl.VADMS_Document_ID  =doc.VADMS_Document_ID WHERE doc.vadms_docstatus!='DD' AND AD_Table_ID =284
----------->     (WARNING)  GridTable.GetField: Not found: 'Created'
----------->     (WARNING)  GridTable.GetField: Not found: 'CreatedBy'
----------->     (WARNING)  GridTable.GetField: Not found: 'Updated'
----------->     (WARNING)  GridTable.GetField: Not found: 'UpdatedBy'
----------->     (WARNING)  GridTable.GetField: Not found: 'Created'
----------->     (WARNING)  GridTable.GetField: Not found: 'CreatedBy'
----------->     (WARNING)  GridTable.GetField: Not found: 'Updated'
----------->     (WARNING)  GridTable.GetField: Not found: 'UpdatedBy'
----------->     (WARNING)  GridTable.GetField: Not found: 'Created'
----------->     (WARNING)  GridTable.GetField: Not found: 'CreatedBy'
----------->     (WARNING)  GridTable.GetField: Not found: 'Updated'
----------->     (WARNING)  GridTable.GetField: Not found: 'UpdatedBy'
===========>     (SEVERE)   OracleHelper.ExecuteDataset: ORA-00942: table or view does not exist [Query D] => SELECT vadms_windowdoclink_id, record_id FROM VADMS_WindowDocLink wdl JOIN vadms_document doc ON wdl.VADMS_Document_ID  =doc.VADMS_Document_ID WHERE doc.vadms_docstatus!='DD' AND AD_Table_ID =285
----------->     (WARNING)  GridTable.GetField: Not found: 'Created'
----------->     (WARNING)  GridTable.GetField: Not found: 'CreatedBy'
----------->     (WARNING)  GridTable.GetField: Not found: 'Updated'
----------->     (WARNING)  GridTable.GetField: Not found: 'UpdatedBy'
10:39:56.395    (INFO)     Trx.Start: **** ConnSH637545119966107493System.Random
10:39:56.395    (INFO)     Trx.Commit: **C** ConnSH637545119966107493System.Random
===========>     (SEVERE)   DB_Oracle.ExecuteDatasetPaging: ORA-00942: table or view does not exist [Query NQTrx]select * FROM (SELECT t.*, rownum AS row_num FROM (SELECT AD_BView.AD_BView_ID,NULL,NULL,AD_BView.IsActive FROM AD_BView WHERE AD_BView.AD_Client_ID=0 AND (COALESCE(AD_BView.AD_Org_ID,0) IN(0,0)) ORDER BY 3) t ) WHERE row_num BETWEEN (((1 - 1) * 1000) + 1) AND ((1 * 1000))
===========>     (SEVERE)   DB_Oracle.ExecuteDatasetPaging: ORA-00942: table or view does not exist [Query NQTrx]select * FROM (SELECT t.*, rownum AS row_num FROM (SELECT AD_ReportTemplate.AD_ReportTemplate_ID,NULL,NULL,AD_ReportTemplate.IsActive FROM AD_ReportTemplate WHERE AD_ReportTemplate.AD_Client_ID=0 AND (COALESCE(AD_ReportTemplate.AD_Org_ID,0) IN(0,0)) ORDER BY 3) t ) WHERE row_num BETWEEN (((1 - 1) * 1000) + 1) AND ((1 * 1000))
===========>     (SEVERE)   DB_Oracle.ExecuteDatasetPaging: ORA-00942: table or view does not exist [Query NQTrx]select * FROM (SELECT t.*, rownum AS row_num FROM (SELECT AD_BView_Field.AD_BView_Field_ID,NULL,NULL,AD_BView_Field.IsActive FROM AD_BView_Field WHERE AD_BView_Field.AD_Client_ID=0 AND (COALESCE(AD_BView_Field.AD_Org_ID,0) IN(0,0))) t ) WHERE row_num BETWEEN (((1 - 1) * 1000) + 1) AND ((1 * 1000))
10:39:56.395    (INFO)     Trx.Start: **** ConnSH637545119968556936System.Random
10:39:56.395    (INFO)     Trx.Commit: **C** ConnSH637545119968556936System.Random
10:39:57.395    (INFO)     Trx.Start: **** ConnSH637545119974156608System.Random
10:39:57.395    (INFO)     Trx.Commit: **C** ConnSH637545119974156608System.Random
10:40:24.402    (INFO)     Trx.Start: **** ConnSH637545120242984029System.Random
10:40:24.402    (INFO)     Trx.Commit: **C** ConnSH637545120242984029System.Random
10:40:34.403    (INFO)     Trx.Start: **** ConnSH637545120345196011System.Random
10:40:34.403    (INFO)     Trx.Commit: **C** ConnSH637545120345196011System.Random
10:40:34.403    (INFO)     CacheMgt.Reset: AD_Process: #1 (0)
10:40:38.403    (INFO)     Trx.Start: **** ConnSH637545120388116064System.Random
10:40:38.403    (INFO)     Trx.Commit: **C** ConnSH637545120388116064System.Random
10:40:38.403    (INFO)     CacheReset.DoIt: 
10:40:38.403    (INFO)     Env.Reset: finalCall=False
10:40:38.403    (INFO)     CacheMgt.Reset: #17 (4385)
10:40:38.403    (INFO)     MRole.Get: AD_Role_ID=0, AD_User_ID=0, reload=True
10:40:38.403    (INFO)     MRole.Get: MRole[0,System Administrator,UserLevel=S  ,AD_Client_ID=0,AD_Org_ID=0]
10:40:38.403    (INFO)     MRole.Get: AD_Role_ID=0, AD_User_ID=100, reload=True
10:40:38.403    (INFO)     MRole.Get: MRole[0,System Administrator,UserLevel=S  ,AD_Client_ID=0,AD_Org_ID=0]
10:40:38.403    (INFO)     MChangeLog.FillChangeLog: #9
10:40:38.403    (INFO)     CacheMgt.Reset: AD_Process: #1 (1)
10:40:58.405    (INFO)     Trx.Start: **** ConnSH637545120587876867System.Random
10:40:58.405    (INFO)     Trx.Commit: **C** ConnSH637545120587876867System.Random
===========>     (SEVERE)   OracleHelper.ExecuteScalar: ORA-01756: quoted string not properly terminated[Query SLR]INSERT INTO VAHRUAE_HR_Holidays (AD_CLIENT_ID, AD_ORG_ID, CREATED, CREATEDBY, ISACTIVE, UPDATED, UPDATEDBY, VAHRUAE_DATE1, VAHRUAE_HOLIDAYNAME, VAHRUAE_HR_HOLIDAYMASTER_ID) VALUES (0, 0, '20-APR-2021', 0, 'Y', '20-APR-2021', 0, '14-JUN-2021', 'Eid el Fitr Holiday, 0 )
===========>     (SEVERE)   WaterwaySvcGoogleCalendarAPI.StartProcess: ORA-01756: quoted string not properly terminated
10:41:10.411    (INFO)     CacheMgt.Reset: AD_Process: #1 (1)
10:41:56.415    (INFO)     MRole.Get: AD_Role_ID=0, AD_User_ID=100, reload=True
10:41:56.415    (INFO)     MRole.Get: MRole[0,System Administrator,UserLevel=S  ,AD_Client_ID=0,AD_Org_ID=0]
10:41:56.415    (INFO)     MTree.Load: AD_Tree_ID=121, AD_User_ID=100, Editable=False, OnClient=True
10:41:56.415    (INFO)     Trx.Start: **** ConnSH637545121163485512System.Random
10:41:56.415    (INFO)     Trx.Commit: **C** ConnSH637545121163485512System.Random
10:41:56.415    (INFO)     Msg.InitMsg: Records=4077 - en_US
----------->     (WARNING)  AccessSqlParser.GetTableInfo: More than one FROM clause - SELECT AppointmentsInfo.Appointmentsinfo_id AS ID,AppointmentsInfo.AD_Client_ID,AppointmentsInfo.AD_Org_ID  FROM AppointmentsInfo JOIN AD_User ON AD_User.AD_User_ID =AppointmentsInfo.CreatedBy WHERE AppointmentsInfo.IsRead='N' AND AppointmentsInfo.istask ='N'  AND AppointmentsInfo.AD_User_ID  = 100  UNION SELECT AppointmentsInfo.Appointmentsinfo_id AS ID, AppointmentsInfo.AD_Client_ID,AppointmentsInfo.AD_Org_ID FROM AppointmentsInfo  JOIN AD_User ON AD_User.AD_User_ID = AppointmentsInfo.CreatedBy  WHERE (AppointmentsInfo.IsRead ='Y'   AND AppointmentsInfo.AD_User_ID = 100 )  AND AppointmentsInfo.istask ='N'  AND AppointmentsInfo.startDate BETWEEN to_date('4/19/21','mm/dd/yy') and to_date('4/27/21 23.59','mm/dd/yy HH24:MI')   OR  to_date('4/20/21','mm/dd/yy')  BETWEEN  AppointmentsInfo.startDate  AND AppointmentsInfo.endDate  AND  AppointmentsInfo.CreatedBy  !=100 AND AppointmentsInfo.AD_User_ID  = 100)
----------->     (WARNING)  AccessSqlParser.GetTableInfo: Could not remove ON AppointmentsInfo JOIN AD_User ON AD_User.AD_User_ID =AppointmentsInfo.CreatedBy
10:41:59.415    (INFO)     Trx.Start: **** ConnSH637545121197634150System.Random
10:41:59.415    (INFO)     Trx.Commit: **C** ConnSH637545121197634150System.Random
===========>     (SEVERE)   OracleHelper.ExecuteScalar: ORA-01756: quoted string not properly terminated[Query SLR]INSERT INTO VAHRUAE_HR_Holidays (AD_CLIENT_ID, AD_ORG_ID, CREATED, CREATEDBY, ISACTIVE, UPDATED, UPDATEDBY, VAHRUAE_DATE1, VAHRUAE_HOLIDAYNAME, VAHRUAE_HR_HOLIDAYMASTER_ID) VALUES (0, 0, '20-APR-2021', 0, 'Y', '20-APR-2021', 0, '14-JUN-2021', 'Eid el Fitr Holiday, 0 )
===========>     (SEVERE)   WaterwaySvcGoogleCalendarAPI.StartProcess: ORA-01756: quoted string not properly terminated
