*** 4/19/2021 9:27:59 AM VAdvantage Log  ***
09:27:59.275    (INFO)     Trx.Start: **** ConnSH637544212791256951System.Random
09:27:59.275    (INFO)     Trx.Commit: **C** ConnSH637544212791256951System.Random
09:27:59.275    (INFO)     MChangeLog.FillChangeLog: #9
===========>     (SEVERE)   OracleHelper.ExecuteReader: ORA-01756: quoted string not properly terminated [Query DR] SELECT VAHRUAE_HR_LEAVEDETAIL_ID FROM VAHRUAE_HR_LEAVEDETAIL WHERE C_BPARTNER_ID = 1006731AND VAHRUAE_APPROVE = 'Y' AND VAHRUAE_DATE1>= '20-NOV-20' AND VAHRUAE_DATE1 <= '20-DEC-20
===========>     (SEVERE)   OracleHelper.ExecuteReader: ORA-01756: quoted string not properly terminated [Query DR] SELECT VAHRUAE_HR_LEAVEDETAIL_ID FROM VAHRUAE_HR_LEAVEDETAIL WHERE C_BPARTNER_ID = 1006731AND VAHRUAE_APPROVE = 'Y' AND VAHRUAE_DATE1>= '20-NOV-20' AND VAHRUAE_DATE1 <= '20-DEC-20
===========>     (SEVERE)   PO.DoIt: SELECT VAHRUAE_HR_LEAVEDETAIL_ID FROM VAHRUAE_HR_LEAVEDETAIL WHERE C_BPARTNER_ID = 1006731AND VAHRUAE_APPROVE = 'Y' AND VAHRUAE_DATE1>= '20-NOV-20' AND VAHRUAE_DATE1 <= '20-DEC-20 => ORA-01756: quoted string not properly terminated
09:27:59.275    (INFO)     Trx.Start: **** ConnSH637544212793442612System.Random
09:27:59.275    (INFO)     Trx.Commit: **C** ConnSH637544212793442612System.Random
===========>     (SEVERE)   OracleHelper.ExecuteReader: ORA-01756: quoted string not properly terminated [Query DR] SELECT VAHRUAE_HR_LEAVEDETAIL_ID FROM VAHRUAE_HR_LEAVEDETAIL WHERE C_BPARTNER_ID = 1006731AND VAHRUAE_APPROVE = 'Y' AND VAHRUAE_DATE1>= '20-DEC-20' AND VAHRUAE_DATE1 <= '20-JAN-21
===========>     (SEVERE)   OracleHelper.ExecuteReader: ORA-01756: quoted string not properly terminated [Query DR] SELECT VAHRUAE_HR_LEAVEDETAIL_ID FROM VAHRUAE_HR_LEAVEDETAIL WHERE C_BPARTNER_ID = 1006731AND VAHRUAE_APPROVE = 'Y' AND VAHRUAE_DATE1>= '20-DEC-20' AND VAHRUAE_DATE1 <= '20-JAN-21
===========>     (SEVERE)   PO.DoIt: SELECT VAHRUAE_HR_LEAVEDETAIL_ID FROM VAHRUAE_HR_LEAVEDETAIL WHERE C_BPARTNER_ID = 1006731AND VAHRUAE_APPROVE = 'Y' AND VAHRUAE_DATE1>= '20-DEC-20' AND VAHRUAE_DATE1 <= '20-JAN-21 => ORA-01756: quoted string not properly terminated
09:27:59.275    (INFO)     Trx.Start: **** ConnSH637544212794987533System.Random
09:27:59.275    (INFO)     Trx.Commit: **C** ConnSH637544212794987533System.Random
===========>     (SEVERE)   OracleHelper.ExecuteReader: ORA-01756: quoted string not properly terminated [Query DR] SELECT VAHRUAE_HR_LEAVEDETAIL_ID FROM VAHRUAE_HR_LEAVEDETAIL WHERE C_BPARTNER_ID = 1006731AND VAHRUAE_APPROVE = 'Y' AND VAHRUAE_DATE1>= '20-JAN-21' AND VAHRUAE_DATE1 <= '20-FEB-21
===========>     (SEVERE)   OracleHelper.ExecuteReader: ORA-01756: quoted string not properly terminated [Query DR] SELECT VAHRUAE_HR_LEAVEDETAIL_ID FROM VAHRUAE_HR_LEAVEDETAIL WHERE C_BPARTNER_ID = 1006731AND VAHRUAE_APPROVE = 'Y' AND VAHRUAE_DATE1>= '20-JAN-21' AND VAHRUAE_DATE1 <= '20-FEB-21
===========>     (SEVERE)   PO.DoIt: SELECT VAHRUAE_HR_LEAVEDETAIL_ID FROM VAHRUAE_HR_LEAVEDETAIL WHERE C_BPARTNER_ID = 1006731AND VAHRUAE_APPROVE = 'Y' AND VAHRUAE_DATE1>= '20-JAN-21' AND VAHRUAE_DATE1 <= '20-FEB-21 => ORA-01756: quoted string not properly terminated
09:27:59.275    (INFO)     Trx.Start: **** ConnSH637544212796292432System.Random
09:27:59.275    (INFO)     Trx.Commit: **C** ConnSH637544212796292432System.Random
===========>     (SEVERE)   OracleHelper.ExecuteReader: ORA-01756: quoted string not properly terminated [Query DR] SELECT VAHRUAE_HR_LEAVEDETAIL_ID FROM VAHRUAE_HR_LEAVEDETAIL WHERE C_BPARTNER_ID = 1006731AND VAHRUAE_APPROVE = 'Y' AND VAHRUAE_DATE1>= '20-FEB-21' AND VAHRUAE_DATE1 <= '20-MAR-21
===========>     (SEVERE)   OracleHelper.ExecuteReader: ORA-01756: quoted string not properly terminated [Query DR] SELECT VAHRUAE_HR_LEAVEDETAIL_ID FROM VAHRUAE_HR_LEAVEDETAIL WHERE C_BPARTNER_ID = 1006731AND VAHRUAE_APPROVE = 'Y' AND VAHRUAE_DATE1>= '20-FEB-21' AND VAHRUAE_DATE1 <= '20-MAR-21
===========>     (SEVERE)   PO.DoIt: SELECT VAHRUAE_HR_LEAVEDETAIL_ID FROM VAHRUAE_HR_LEAVEDETAIL WHERE C_BPARTNER_ID = 1006731AND VAHRUAE_APPROVE = 'Y' AND VAHRUAE_DATE1>= '20-FEB-21' AND VAHRUAE_DATE1 <= '20-MAR-21 => ORA-01756: quoted string not properly terminated
