*** 4/19/2021 11:47:16 AM VAdvantage Log  ***
11:47:16.471    (INFO)     Trx.Start: **** ConnSH637544296362602105System.Random
11:47:16.471    (INFO)     Trx.Commit: **C** ConnSH637544296362602105System.Random
11:47:16.471    (INFO)     MChangeLog.FillChangeLog: #9
===========>     (SEVERE)   OracleHelper.ExecuteReader: ORA-01756: quoted string not properly terminated [Query DR] SELECT VAHRUAE_HR_LEAVEDETAIL_ID FROM VAHRUAE_HR_LEAVEDETAIL WHERE C_BPARTNER_ID = 1006731AND VAHRUAE_APPROVE = 'Y' AND VAHRUAE_DATE1= '20-NOV-20
===========>     (SEVERE)   OracleHelper.ExecuteReader: ORA-01756: quoted string not properly terminated [Query DR] SELECT VAHRUAE_HR_LEAVEDETAIL_ID FROM VAHRUAE_HR_LEAVEDETAIL WHERE C_BPARTNER_ID = 1006731AND VAHRUAE_APPROVE = 'Y' AND VAHRUAE_DATE1= '20-NOV-20
===========>     (SEVERE)   PO.DoIt: SELECT VAHRUAE_HR_LEAVEDETAIL_ID FROM VAHRUAE_HR_LEAVEDETAIL WHERE C_BPARTNER_ID = 1006731AND VAHRUAE_APPROVE = 'Y' AND VAHRUAE_DATE1= '20-NOV-20 => ORA-01756: quoted string not properly terminated
11:47:16.471    (INFO)     Trx.Start: **** ConnSH637544296363512725System.Random
11:47:16.471    (INFO)     Trx.Commit: **C** ConnSH637544296363512725System.Random
11:47:16.471    (INFO)     Trx.Start: **** ConnSH637544296364213330System.Random
11:47:16.471    (INFO)     Trx.Commit: **C** ConnSH637544296364213330System.Random
11:47:16.471    (INFO)     Trx.Start: **** ConnSH637544296364313974System.Random
11:47:16.471    (INFO)     Trx.Commit: **C** ConnSH637544296364313974System.Random
11:47:16.471    (INFO)     Trx.Start: **** ConnSH637544296364792731System.Random
11:47:16.471    (INFO)     Trx.Commit: **C** ConnSH637544296364792731System.Random
11:47:16.471    (INFO)     Trx.Start: **** ConnSH637544296365104838System.Random
11:47:16.471    (INFO)     Trx.Commit: **C** ConnSH637544296365104838System.Random
11:47:16.471    (INFO)     Trx.Start: **** ConnSH637544296365311860System.Random
11:47:16.471    (INFO)     Trx.Commit: **C** ConnSH637544296365311860System.Random
===========>     (SEVERE)   OracleHelper.ExecuteReader: ORA-01756: quoted string not properly terminated [Query DR] SELECT VAHRUAE_HR_LEAVEDETAIL_ID FROM VAHRUAE_HR_LEAVEDETAIL WHERE C_BPARTNER_ID = 1006731AND VAHRUAE_APPROVE = 'Y' AND VAHRUAE_DATE1= '21-DEC-20
===========>     (SEVERE)   OracleHelper.ExecuteReader: ORA-01756: quoted string not properly terminated [Query DR] SELECT VAHRUAE_HR_LEAVEDETAIL_ID FROM VAHRUAE_HR_LEAVEDETAIL WHERE C_BPARTNER_ID = 1006731AND VAHRUAE_APPROVE = 'Y' AND VAHRUAE_DATE1= '21-DEC-20
===========>     (SEVERE)   PO.DoIt: SELECT VAHRUAE_HR_LEAVEDETAIL_ID FROM VAHRUAE_HR_LEAVEDETAIL WHERE C_BPARTNER_ID = 1006731AND VAHRUAE_APPROVE = 'Y' AND VAHRUAE_DATE1= '21-DEC-20 => ORA-01756: quoted string not properly terminated
11:47:16.471    (INFO)     Trx.Start: **** ConnSH637544296366272999System.Random
11:47:16.471    (INFO)     Trx.Commit: **C** ConnSH637544296366272999System.Random
11:47:16.471    (INFO)     Trx.Start: **** ConnSH637544296366372972System.Random
11:47:16.471    (INFO)     Trx.Commit: **C** ConnSH637544296366372972System.Random
11:47:16.471    (INFO)     Trx.Start: **** ConnSH637544296366732429System.Random
11:47:16.471    (INFO)     Trx.Commit: **C** ConnSH637544296366732429System.Random
11:47:16.471    (INFO)     Trx.Start: **** ConnSH637544296366960451System.Random
11:47:16.471    (INFO)     Trx.Commit: **C** ConnSH637544296366960451System.Random
11:47:16.471    (INFO)     Trx.Start: **** ConnSH637544296367100459System.Random
11:47:16.471    (INFO)     Trx.Commit: **C** ConnSH637544296367100459System.Random
===========>     (SEVERE)   OracleHelper.ExecuteReader: ORA-01756: quoted string not properly terminated [Query DR] SELECT VAHRUAE_HR_LEAVEDETAIL_ID FROM VAHRUAE_HR_LEAVEDETAIL WHERE C_BPARTNER_ID = 1006731AND VAHRUAE_APPROVE = 'Y' AND VAHRUAE_DATE1= '20-JAN-21
===========>     (SEVERE)   OracleHelper.ExecuteReader: ORA-01756: quoted string not properly terminated [Query DR] SELECT VAHRUAE_HR_LEAVEDETAIL_ID FROM VAHRUAE_HR_LEAVEDETAIL WHERE C_BPARTNER_ID = 1006731AND VAHRUAE_APPROVE = 'Y' AND VAHRUAE_DATE1= '20-JAN-21
===========>     (SEVERE)   PO.DoIt: SELECT VAHRUAE_HR_LEAVEDETAIL_ID FROM VAHRUAE_HR_LEAVEDETAIL WHERE C_BPARTNER_ID = 1006731AND VAHRUAE_APPROVE = 'Y' AND VAHRUAE_DATE1= '20-JAN-21 => ORA-01756: quoted string not properly terminated
11:47:16.471    (INFO)     Trx.Start: **** ConnSH637544296367582726System.Random
11:47:16.471    (INFO)     Trx.Commit: **C** ConnSH637544296367582726System.Random
11:47:16.471    (INFO)     Trx.Start: **** ConnSH637544296367974403System.Random
11:47:16.471    (INFO)     Trx.Commit: **C** ConnSH637544296367974403System.Random
11:47:16.471    (INFO)     Trx.Start: **** ConnSH637544296368154313System.Random
11:47:16.471    (INFO)     Trx.Commit: **C** ConnSH637544296368154313System.Random
11:47:16.471    (INFO)     Trx.Start: **** ConnSH637544296368254300System.Random
11:47:16.471    (INFO)     Trx.Commit: **C** ConnSH637544296368254300System.Random
11:47:16.471    (INFO)     Trx.Start: **** ConnSH637544296368654069System.Random
11:47:16.471    (INFO)     Trx.Commit: **C** ConnSH637544296368654069System.Random
11:47:16.471    (INFO)     Trx.Start: **** ConnSH637544296368784124System.Random
11:47:16.471    (INFO)     Trx.Commit: **C** ConnSH637544296368784124System.Random
===========>     (SEVERE)   OracleHelper.ExecuteReader: ORA-01756: quoted string not properly terminated [Query DR] SELECT VAHRUAE_HR_LEAVEDETAIL_ID FROM VAHRUAE_HR_LEAVEDETAIL WHERE C_BPARTNER_ID = 1006731AND VAHRUAE_APPROVE = 'Y' AND VAHRUAE_DATE1= '20-FEB-21
===========>     (SEVERE)   OracleHelper.ExecuteReader: ORA-01756: quoted string not properly terminated [Query DR] SELECT VAHRUAE_HR_LEAVEDETAIL_ID FROM VAHRUAE_HR_LEAVEDETAIL WHERE C_BPARTNER_ID = 1006731AND VAHRUAE_APPROVE = 'Y' AND VAHRUAE_DATE1= '20-FEB-21
===========>     (SEVERE)   PO.DoIt: SELECT VAHRUAE_HR_LEAVEDETAIL_ID FROM VAHRUAE_HR_LEAVEDETAIL WHERE C_BPARTNER_ID = 1006731AND VAHRUAE_APPROVE = 'Y' AND VAHRUAE_DATE1= '20-FEB-21 => ORA-01756: quoted string not properly terminated
11:47:16.471    (INFO)     Trx.Start: **** ConnSH637544296369241285System.Random
11:47:16.471    (INFO)     Trx.Commit: **C** ConnSH637544296369241285System.Random
11:47:16.471    (INFO)     Trx.Start: **** ConnSH637544296369341267System.Random
11:47:16.471    (INFO)     Trx.Commit: **C** ConnSH637544296369341267System.Random
11:47:16.471    (INFO)     Trx.Start: **** ConnSH637544296369431269System.Random
11:47:16.471    (INFO)     Trx.Commit: **C** ConnSH637544296369431269System.Random
11:47:16.471    (INFO)     Trx.Start: **** ConnSH637544296369516893System.Random
11:47:16.471    (INFO)     Trx.Commit: **C** ConnSH637544296369516893System.Random
11:47:16.471    (INFO)     Trx.Start: **** ConnSH637544296369606905System.Random
11:47:16.471    (INFO)     Trx.Commit: **C** ConnSH637544296369606905System.Random
11:47:16.471    (INFO)     Trx.Start: **** ConnSH637544296369701352System.Random
11:47:16.471    (INFO)     Trx.Commit: **C** ConnSH637544296369701352System.Random
11:47:16.471    (INFO)     Trx.Start: **** ConnSH637544296369782056System.Random
11:47:16.471    (INFO)     Trx.Commit: **C** ConnSH637544296369782056System.Random
11:47:16.471    (INFO)     Trx.Start: **** ConnSH637544296369869103System.Random
11:47:16.471    (INFO)     Trx.Commit: **C** ConnSH637544296369869103System.Random
11:47:16.471    (INFO)     Trx.Start: **** ConnSH637544296369959106System.Random
11:47:17.471    (INFO)     Trx.Commit: **C** ConnSH637544296369959106System.Random
11:47:17.471    (INFO)     Trx.Start: **** ConnSH637544296370046606System.Random
11:47:17.471    (INFO)     Trx.Commit: **C** ConnSH637544296370046606System.Random
11:47:17.471    (INFO)     Trx.Start: **** ConnSH637544296370136249System.Random
11:47:17.471    (INFO)     Trx.Commit: **C** ConnSH637544296370136249System.Random
===========>     (SEVERE)   OracleHelper.ExecuteReader: ORA-01756: quoted string not properly terminated [Query DR] SELECT VAHRUAE_HR_LEAVEDETAIL_ID FROM VAHRUAE_HR_LEAVEDETAIL WHERE C_BPARTNER_ID = 1006731AND VAHRUAE_APPROVE = 'Y' AND VAHRUAE_DATE1= '19-MAR-21
===========>     (SEVERE)   OracleHelper.ExecuteReader: ORA-01756: quoted string not properly terminated [Query DR] SELECT VAHRUAE_HR_LEAVEDETAIL_ID FROM VAHRUAE_HR_LEAVEDETAIL WHERE C_BPARTNER_ID = 1006731AND VAHRUAE_APPROVE = 'Y' AND VAHRUAE_DATE1= '19-MAR-21
===========>     (SEVERE)   PO.DoIt: SELECT VAHRUAE_HR_LEAVEDETAIL_ID FROM VAHRUAE_HR_LEAVEDETAIL WHERE C_BPARTNER_ID = 1006731AND VAHRUAE_APPROVE = 'Y' AND VAHRUAE_DATE1= '19-MAR-21 => ORA-01756: quoted string not properly terminated
11:47:17.471    (INFO)     Trx.Start: **** ConnSH637544296370614829System.Random
11:47:17.471    (INFO)     Trx.Commit: **C** ConnSH637544296370614829System.Random
===========>     (SEVERE)   OracleHelper.ExecuteReader: ORA-01756: quoted string not properly terminated [Query DR] SELECT VAHRUAE_HR_LEAVEDETAIL_ID FROM VAHRUAE_HR_LEAVEDETAIL WHERE C_BPARTNER_ID = 1006731AND VAHRUAE_APPROVE = 'Y' AND VAHRUAE_DATE1= '20-FEB-21
===========>     (SEVERE)   OracleHelper.ExecuteReader: ORA-01756: quoted string not properly terminated [Query DR] SELECT VAHRUAE_HR_LEAVEDETAIL_ID FROM VAHRUAE_HR_LEAVEDETAIL WHERE C_BPARTNER_ID = 1006731AND VAHRUAE_APPROVE = 'Y' AND VAHRUAE_DATE1= '20-FEB-21
===========>     (SEVERE)   PO.DoIt: SELECT VAHRUAE_HR_LEAVEDETAIL_ID FROM VAHRUAE_HR_LEAVEDETAIL WHERE C_BPARTNER_ID = 1006731AND VAHRUAE_APPROVE = 'Y' AND VAHRUAE_DATE1= '20-FEB-21 => ORA-01756: quoted string not properly terminated
===========>     (SEVERE)   OracleHelper.ExecuteReader: ORA-01756: quoted string not properly terminated [Query DR] SELECT VAHRUAE_HR_LEAVEDETAIL_ID FROM VAHRUAE_HR_LEAVEDETAIL WHERE C_BPARTNER_ID = 1006731AND VAHRUAE_APPROVE = 'Y' AND VAHRUAE_DATE1= '22-FEB-21
===========>     (SEVERE)   OracleHelper.ExecuteReader: ORA-01756: quoted string not properly terminated [Query DR] SELECT VAHRUAE_HR_LEAVEDETAIL_ID FROM VAHRUAE_HR_LEAVEDETAIL WHERE C_BPARTNER_ID = 1006731AND VAHRUAE_APPROVE = 'Y' AND VAHRUAE_DATE1= '22-FEB-21
===========>     (SEVERE)   PO.DoIt: SELECT VAHRUAE_HR_LEAVEDETAIL_ID FROM VAHRUAE_HR_LEAVEDETAIL WHERE C_BPARTNER_ID = 1006731AND VAHRUAE_APPROVE = 'Y' AND VAHRUAE_DATE1= '22-FEB-21 => ORA-01756: quoted string not properly terminated
===========>     (SEVERE)   OracleHelper.ExecuteReader: ORA-01756: quoted string not properly terminated [Query DR] SELECT VAHRUAE_HR_LEAVEDETAIL_ID FROM VAHRUAE_HR_LEAVEDETAIL WHERE C_BPARTNER_ID = 1006731AND VAHRUAE_APPROVE = 'Y' AND VAHRUAE_DATE1= '24-FEB-21
===========>     (SEVERE)   OracleHelper.ExecuteReader: ORA-01756: quoted string not properly terminated [Query DR] SELECT VAHRUAE_HR_LEAVEDETAIL_ID FROM VAHRUAE_HR_LEAVEDETAIL WHERE C_BPARTNER_ID = 1006731AND VAHRUAE_APPROVE = 'Y' AND VAHRUAE_DATE1= '24-FEB-21
===========>     (SEVERE)   PO.DoIt: SELECT VAHRUAE_HR_LEAVEDETAIL_ID FROM VAHRUAE_HR_LEAVEDETAIL WHERE C_BPARTNER_ID = 1006731AND VAHRUAE_APPROVE = 'Y' AND VAHRUAE_DATE1= '24-FEB-21 => ORA-01756: quoted string not properly terminated
===========>     (SEVERE)   OracleHelper.ExecuteReader: ORA-01756: quoted string not properly terminated [Query DR] SELECT VAHRUAE_HR_LEAVEDETAIL_ID FROM VAHRUAE_HR_LEAVEDETAIL WHERE C_BPARTNER_ID = 1006731AND VAHRUAE_APPROVE = 'Y' AND VAHRUAE_DATE1= '26-FEB-21
===========>     (SEVERE)   OracleHelper.ExecuteReader: ORA-01756: quoted string not properly terminated [Query DR] SELECT VAHRUAE_HR_LEAVEDETAIL_ID FROM VAHRUAE_HR_LEAVEDETAIL WHERE C_BPARTNER_ID = 1006731AND VAHRUAE_APPROVE = 'Y' AND VAHRUAE_DATE1= '26-FEB-21
===========>     (SEVERE)   PO.DoIt: SELECT VAHRUAE_HR_LEAVEDETAIL_ID FROM VAHRUAE_HR_LEAVEDETAIL WHERE C_BPARTNER_ID = 1006731AND VAHRUAE_APPROVE = 'Y' AND VAHRUAE_DATE1= '26-FEB-21 => ORA-01756: quoted string not properly terminated
===========>     (SEVERE)   OracleHelper.ExecuteReader: ORA-01756: quoted string not properly terminated [Query DR] SELECT VAHRUAE_HR_LEAVEDETAIL_ID FROM VAHRUAE_HR_LEAVEDETAIL WHERE C_BPARTNER_ID = 1006731AND VAHRUAE_APPROVE = 'Y' AND VAHRUAE_DATE1= '01-MAR-21
===========>     (SEVERE)   OracleHelper.ExecuteReader: ORA-01756: quoted string not properly terminated [Query DR] SELECT VAHRUAE_HR_LEAVEDETAIL_ID FROM VAHRUAE_HR_LEAVEDETAIL WHERE C_BPARTNER_ID = 1006731AND VAHRUAE_APPROVE = 'Y' AND VAHRUAE_DATE1= '01-MAR-21
===========>     (SEVERE)   PO.DoIt: SELECT VAHRUAE_HR_LEAVEDETAIL_ID FROM VAHRUAE_HR_LEAVEDETAIL WHERE C_BPARTNER_ID = 1006731AND VAHRUAE_APPROVE = 'Y' AND VAHRUAE_DATE1= '01-MAR-21 => ORA-01756: quoted string not properly terminated
===========>     (SEVERE)   OracleHelper.ExecuteReader: ORA-01756: quoted string not properly terminated [Query DR] SELECT VAHRUAE_HR_LEAVEDETAIL_ID FROM VAHRUAE_HR_LEAVEDETAIL WHERE C_BPARTNER_ID = 1006731AND VAHRUAE_APPROVE = 'Y' AND VAHRUAE_DATE1= '03-MAR-21
===========>     (SEVERE)   OracleHelper.ExecuteReader: ORA-01756: quoted string not properly terminated [Query DR] SELECT VAHRUAE_HR_LEAVEDETAIL_ID FROM VAHRUAE_HR_LEAVEDETAIL WHERE C_BPARTNER_ID = 1006731AND VAHRUAE_APPROVE = 'Y' AND VAHRUAE_DATE1= '03-MAR-21
===========>     (SEVERE)   PO.DoIt: SELECT VAHRUAE_HR_LEAVEDETAIL_ID FROM VAHRUAE_HR_LEAVEDETAIL WHERE C_BPARTNER_ID = 1006731AND VAHRUAE_APPROVE = 'Y' AND VAHRUAE_DATE1= '03-MAR-21 => ORA-01756: quoted string not properly terminated
===========>     (SEVERE)   OracleHelper.ExecuteReader: ORA-01756: quoted string not properly terminated [Query DR] SELECT VAHRUAE_HR_LEAVEDETAIL_ID FROM VAHRUAE_HR_LEAVEDETAIL WHERE C_BPARTNER_ID = 1006731AND VAHRUAE_APPROVE = 'Y' AND VAHRUAE_DATE1= '05-MAR-21
===========>     (SEVERE)   OracleHelper.ExecuteReader: ORA-01756: quoted string not properly terminated [Query DR] SELECT VAHRUAE_HR_LEAVEDETAIL_ID FROM VAHRUAE_HR_LEAVEDETAIL WHERE C_BPARTNER_ID = 1006731AND VAHRUAE_APPROVE = 'Y' AND VAHRUAE_DATE1= '05-MAR-21
===========>     (SEVERE)   PO.DoIt: SELECT VAHRUAE_HR_LEAVEDETAIL_ID FROM VAHRUAE_HR_LEAVEDETAIL WHERE C_BPARTNER_ID = 1006731AND VAHRUAE_APPROVE = 'Y' AND VAHRUAE_DATE1= '05-MAR-21 => ORA-01756: quoted string not properly terminated
===========>     (SEVERE)   OracleHelper.ExecuteReader: ORA-01756: quoted string not properly terminated [Query DR] SELECT VAHRUAE_HR_LEAVEDETAIL_ID FROM VAHRUAE_HR_LEAVEDETAIL WHERE C_BPARTNER_ID = 1006731AND VAHRUAE_APPROVE = 'Y' AND VAHRUAE_DATE1= '08-MAR-21
===========>     (SEVERE)   OracleHelper.ExecuteReader: ORA-01756: quoted string not properly terminated [Query DR] SELECT VAHRUAE_HR_LEAVEDETAIL_ID FROM VAHRUAE_HR_LEAVEDETAIL WHERE C_BPARTNER_ID = 1006731AND VAHRUAE_APPROVE = 'Y' AND VAHRUAE_DATE1= '08-MAR-21
===========>     (SEVERE)   PO.DoIt: SELECT VAHRUAE_HR_LEAVEDETAIL_ID FROM VAHRUAE_HR_LEAVEDETAIL WHERE C_BPARTNER_ID = 1006731AND VAHRUAE_APPROVE = 'Y' AND VAHRUAE_DATE1= '08-MAR-21 => ORA-01756: quoted string not properly terminated
===========>     (SEVERE)   OracleHelper.ExecuteReader: ORA-01756: quoted string not properly terminated [Query DR] SELECT VAHRUAE_HR_LEAVEDETAIL_ID FROM VAHRUAE_HR_LEAVEDETAIL WHERE C_BPARTNER_ID = 1006731AND VAHRUAE_APPROVE = 'Y' AND VAHRUAE_DATE1= '10-MAR-21
===========>     (SEVERE)   OracleHelper.ExecuteReader: ORA-01756: quoted string not properly terminated [Query DR] SELECT VAHRUAE_HR_LEAVEDETAIL_ID FROM VAHRUAE_HR_LEAVEDETAIL WHERE C_BPARTNER_ID = 1006731AND VAHRUAE_APPROVE = 'Y' AND VAHRUAE_DATE1= '10-MAR-21
===========>     (SEVERE)   PO.DoIt: SELECT VAHRUAE_HR_LEAVEDETAIL_ID FROM VAHRUAE_HR_LEAVEDETAIL WHERE C_BPARTNER_ID = 1006731AND VAHRUAE_APPROVE = 'Y' AND VAHRUAE_DATE1= '10-MAR-21 => ORA-01756: quoted string not properly terminated
===========>     (SEVERE)   OracleHelper.ExecuteReader: ORA-01756: quoted string not properly terminated [Query DR] SELECT VAHRUAE_HR_LEAVEDETAIL_ID FROM VAHRUAE_HR_LEAVEDETAIL WHERE C_BPARTNER_ID = 1006731AND VAHRUAE_APPROVE = 'Y' AND VAHRUAE_DATE1= '12-MAR-21
===========>     (SEVERE)   OracleHelper.ExecuteReader: ORA-01756: quoted string not properly terminated [Query DR] SELECT VAHRUAE_HR_LEAVEDETAIL_ID FROM VAHRUAE_HR_LEAVEDETAIL WHERE C_BPARTNER_ID = 1006731AND VAHRUAE_APPROVE = 'Y' AND VAHRUAE_DATE1= '12-MAR-21
===========>     (SEVERE)   PO.DoIt: SELECT VAHRUAE_HR_LEAVEDETAIL_ID FROM VAHRUAE_HR_LEAVEDETAIL WHERE C_BPARTNER_ID = 1006731AND VAHRUAE_APPROVE = 'Y' AND VAHRUAE_DATE1= '12-MAR-21 => ORA-01756: quoted string not properly terminated
===========>     (SEVERE)   OracleHelper.ExecuteReader: ORA-01756: quoted string not properly terminated [Query DR] SELECT VAHRUAE_HR_LEAVEDETAIL_ID FROM VAHRUAE_HR_LEAVEDETAIL WHERE C_BPARTNER_ID = 1006731AND VAHRUAE_APPROVE = 'Y' AND VAHRUAE_DATE1= '15-MAR-21
===========>     (SEVERE)   OracleHelper.ExecuteReader: ORA-01756: quoted string not properly terminated [Query DR] SELECT VAHRUAE_HR_LEAVEDETAIL_ID FROM VAHRUAE_HR_LEAVEDETAIL WHERE C_BPARTNER_ID = 1006731AND VAHRUAE_APPROVE = 'Y' AND VAHRUAE_DATE1= '15-MAR-21
===========>     (SEVERE)   PO.DoIt: SELECT VAHRUAE_HR_LEAVEDETAIL_ID FROM VAHRUAE_HR_LEAVEDETAIL WHERE C_BPARTNER_ID = 1006731AND VAHRUAE_APPROVE = 'Y' AND VAHRUAE_DATE1= '15-MAR-21 => ORA-01756: quoted string not properly terminated
===========>     (SEVERE)   OracleHelper.ExecuteReader: ORA-01756: quoted string not properly terminated [Query DR] SELECT VAHRUAE_HR_LEAVEDETAIL_ID FROM VAHRUAE_HR_LEAVEDETAIL WHERE C_BPARTNER_ID = 1006731AND VAHRUAE_APPROVE = 'Y' AND VAHRUAE_DATE1= '17-MAR-21
===========>     (SEVERE)   OracleHelper.ExecuteReader: ORA-01756: quoted string not properly terminated [Query DR] SELECT VAHRUAE_HR_LEAVEDETAIL_ID FROM VAHRUAE_HR_LEAVEDETAIL WHERE C_BPARTNER_ID = 1006731AND VAHRUAE_APPROVE = 'Y' AND VAHRUAE_DATE1= '17-MAR-21
===========>     (SEVERE)   PO.DoIt: SELECT VAHRUAE_HR_LEAVEDETAIL_ID FROM VAHRUAE_HR_LEAVEDETAIL WHERE C_BPARTNER_ID = 1006731AND VAHRUAE_APPROVE = 'Y' AND VAHRUAE_DATE1= '17-MAR-21 => ORA-01756: quoted string not properly terminated
===========>     (SEVERE)   OracleHelper.ExecuteReader: ORA-01756: quoted string not properly terminated [Query DR] SELECT VAHRUAE_HR_LEAVEDETAIL_ID FROM VAHRUAE_HR_LEAVEDETAIL WHERE C_BPARTNER_ID = 1006731AND VAHRUAE_APPROVE = 'Y' AND VAHRUAE_DATE1= '19-MAR-21
===========>     (SEVERE)   OracleHelper.ExecuteReader: ORA-01756: quoted string not properly terminated [Query DR] SELECT VAHRUAE_HR_LEAVEDETAIL_ID FROM VAHRUAE_HR_LEAVEDETAIL WHERE C_BPARTNER_ID = 1006731AND VAHRUAE_APPROVE = 'Y' AND VAHRUAE_DATE1= '19-MAR-21
===========>     (SEVERE)   PO.DoIt: SELECT VAHRUAE_HR_LEAVEDETAIL_ID FROM VAHRUAE_HR_LEAVEDETAIL WHERE C_BPARTNER_ID = 1006731AND VAHRUAE_APPROVE = 'Y' AND VAHRUAE_DATE1= '19-MAR-21 => ORA-01756: quoted string not properly terminated
11:47:17.471    (INFO)     Trx.Start: **** ConnSH637544296371109583System.Random
11:47:17.471    (INFO)     Trx.Commit: **C** ConnSH637544296371109583System.Random
11:47:17.471    (INFO)     CacheMgt.Reset: AD_Process: #1 (1)
11:48:43.484    (INFO)     Trx.Start: **** ConnSH637544297238932902System.Random
11:48:43.484    (INFO)     Trx.Commit: **C** ConnSH637544297238932902System.Random
===========>     (SEVERE)   OracleHelper.ExecuteReader: ORA-01756: quoted string not properly terminated [Query DR] SELECT VAHRUAE_HR_LEAVEDETAIL_ID FROM VAHRUAE_HR_LEAVEDETAIL WHERE C_BPARTNER_ID = 1006731AND VAHRUAE_APPROVE = 'Y' AND VAHRUAE_DATE1= '20-NOV-20
===========>     (SEVERE)   OracleHelper.ExecuteReader: ORA-01756: quoted string not properly terminated [Query DR] SELECT VAHRUAE_HR_LEAVEDETAIL_ID FROM VAHRUAE_HR_LEAVEDETAIL WHERE C_BPARTNER_ID = 1006731AND VAHRUAE_APPROVE = 'Y' AND VAHRUAE_DATE1= '20-NOV-20
===========>     (SEVERE)   PO.DoIt: SELECT VAHRUAE_HR_LEAVEDETAIL_ID FROM VAHRUAE_HR_LEAVEDETAIL WHERE C_BPARTNER_ID = 1006731AND VAHRUAE_APPROVE = 'Y' AND VAHRUAE_DATE1= '20-NOV-20 => ORA-01756: quoted string not properly terminated
11:49:06.496    (INFO)     Trx.Start: **** ConnSH637544297460421268System.Random
11:49:06.496    (INFO)     Trx.Commit: **C** ConnSH637544297460421268System.Random
11:49:06.496    (INFO)     Trx.Start: **** ConnSH637544297461148527System.Random
11:49:06.496    (INFO)     Trx.Commit: **C** ConnSH637544297461148527System.Random
11:49:06.496    (INFO)     Trx.Start: **** ConnSH637544297461244190System.Random
11:49:06.496    (INFO)     Trx.Commit: **C** ConnSH637544297461244190System.Random
11:49:06.496    (INFO)     Trx.Start: **** ConnSH637544297461595784System.Random
11:49:06.496    (INFO)     Trx.Commit: **C** ConnSH637544297461595784System.Random
11:49:06.496    (INFO)     Trx.Start: **** ConnSH637544297461910307System.Random
11:49:06.496    (INFO)     Trx.Commit: **C** ConnSH637544297461910307System.Random
11:49:06.496    (INFO)     Trx.Start: **** ConnSH637544297462099965System.Random
11:49:06.496    (INFO)     Trx.Commit: **C** ConnSH637544297462099965System.Random
===========>     (SEVERE)   OracleHelper.ExecuteReader: ORA-01756: quoted string not properly terminated [Query DR] SELECT VAHRUAE_HR_LEAVEDETAIL_ID FROM VAHRUAE_HR_LEAVEDETAIL WHERE C_BPARTNER_ID = 1006731AND VAHRUAE_APPROVE = 'Y' AND VAHRUAE_DATE1= '21-DEC-20
===========>     (SEVERE)   OracleHelper.ExecuteReader: ORA-01756: quoted string not properly terminated [Query DR] SELECT VAHRUAE_HR_LEAVEDETAIL_ID FROM VAHRUAE_HR_LEAVEDETAIL WHERE C_BPARTNER_ID = 1006731AND VAHRUAE_APPROVE = 'Y' AND VAHRUAE_DATE1= '21-DEC-20
===========>     (SEVERE)   PO.DoIt: SELECT VAHRUAE_HR_LEAVEDETAIL_ID FROM VAHRUAE_HR_LEAVEDETAIL WHERE C_BPARTNER_ID = 1006731AND VAHRUAE_APPROVE = 'Y' AND VAHRUAE_DATE1= '21-DEC-20 => ORA-01756: quoted string not properly terminated
11:49:06.496    (INFO)     Trx.Start: **** ConnSH637544297463096450System.Random
11:49:06.496    (INFO)     Trx.Commit: **C** ConnSH637544297463096450System.Random
11:49:06.496    (INFO)     Trx.Start: **** ConnSH637544297463186452System.Random
11:49:06.496    (INFO)     Trx.Commit: **C** ConnSH637544297463186452System.Random
11:49:06.496    (INFO)     Trx.Start: **** ConnSH637544297463526456System.Random
11:49:06.496    (INFO)     Trx.Commit: **C** ConnSH637544297463526456System.Random
11:49:06.496    (INFO)     Trx.Start: **** ConnSH637544297463751885System.Random
11:49:06.496    (INFO)     Trx.Commit: **C** ConnSH637544297463751885System.Random
11:49:06.496    (INFO)     Trx.Start: **** ConnSH637544297463891890System.Random
11:49:06.496    (INFO)     Trx.Commit: **C** ConnSH637544297463891890System.Random
===========>     (SEVERE)   OracleHelper.ExecuteReader: ORA-01756: quoted string not properly terminated [Query DR] SELECT VAHRUAE_HR_LEAVEDETAIL_ID FROM VAHRUAE_HR_LEAVEDETAIL WHERE C_BPARTNER_ID = 1006731AND VAHRUAE_APPROVE = 'Y' AND VAHRUAE_DATE1= '20-JAN-21
===========>     (SEVERE)   OracleHelper.ExecuteReader: ORA-01756: quoted string not properly terminated [Query DR] SELECT VAHRUAE_HR_LEAVEDETAIL_ID FROM VAHRUAE_HR_LEAVEDETAIL WHERE C_BPARTNER_ID = 1006731AND VAHRUAE_APPROVE = 'Y' AND VAHRUAE_DATE1= '20-JAN-21
===========>     (SEVERE)   PO.DoIt: SELECT VAHRUAE_HR_LEAVEDETAIL_ID FROM VAHRUAE_HR_LEAVEDETAIL WHERE C_BPARTNER_ID = 1006731AND VAHRUAE_APPROVE = 'Y' AND VAHRUAE_DATE1= '20-JAN-21 => ORA-01756: quoted string not properly terminated
11:49:06.496    (INFO)     Trx.Start: **** ConnSH637544297464362366System.Random
11:49:06.496    (INFO)     Trx.Commit: **C** ConnSH637544297464362366System.Random
11:49:06.496    (INFO)     Trx.Start: **** ConnSH637544297464732370System.Random
11:49:06.496    (INFO)     Trx.Commit: **C** ConnSH637544297464732370System.Random
11:49:06.496    (INFO)     Trx.Start: **** ConnSH637544297464922386System.Random
11:49:06.496    (INFO)     Trx.Commit: **C** ConnSH637544297464922386System.Random
11:49:06.496    (INFO)     Trx.Start: **** ConnSH637544297465022363System.Random
11:49:06.496    (INFO)     Trx.Commit: **C** ConnSH637544297465022363System.Random
11:49:06.496    (INFO)     Trx.Start: **** ConnSH637544297465432352System.Random
11:49:06.496    (INFO)     Trx.Commit: **C** ConnSH637544297465432352System.Random
11:49:06.496    (INFO)     Trx.Start: **** ConnSH637544297465572402System.Random
11:49:06.496    (INFO)     Trx.Commit: **C** ConnSH637544297465572402System.Random
===========>     (SEVERE)   OracleHelper.ExecuteReader: ORA-01756: quoted string not properly terminated [Query DR] SELECT VAHRUAE_HR_LEAVEDETAIL_ID FROM VAHRUAE_HR_LEAVEDETAIL WHERE C_BPARTNER_ID = 1006731AND VAHRUAE_APPROVE = 'Y' AND VAHRUAE_DATE1= '20-FEB-21
===========>     (SEVERE)   OracleHelper.ExecuteReader: ORA-01756: quoted string not properly terminated [Query DR] SELECT VAHRUAE_HR_LEAVEDETAIL_ID FROM VAHRUAE_HR_LEAVEDETAIL WHERE C_BPARTNER_ID = 1006731AND VAHRUAE_APPROVE = 'Y' AND VAHRUAE_DATE1= '20-FEB-21
===========>     (SEVERE)   PO.DoIt: SELECT VAHRUAE_HR_LEAVEDETAIL_ID FROM VAHRUAE_HR_LEAVEDETAIL WHERE C_BPARTNER_ID = 1006731AND VAHRUAE_APPROVE = 'Y' AND VAHRUAE_DATE1= '20-FEB-21 => ORA-01756: quoted string not properly terminated
11:49:06.496    (INFO)     Trx.Start: **** ConnSH637544297466032384System.Random
11:49:06.496    (INFO)     Trx.Commit: **C** ConnSH637544297466032384System.Random
11:49:06.496    (INFO)     Trx.Start: **** ConnSH637544297466122716System.Random
11:49:06.496    (INFO)     Trx.Commit: **C** ConnSH637544297466122716System.Random
11:49:06.496    (INFO)     Trx.Start: **** ConnSH637544297466212712System.Random
11:49:06.496    (INFO)     Trx.Commit: **C** ConnSH637544297466212712System.Random
11:49:06.496    (INFO)     Trx.Start: **** ConnSH637544297466302363System.Random
11:49:06.496    (INFO)     Trx.Commit: **C** ConnSH637544297466302363System.Random
11:49:06.496    (INFO)     Trx.Start: **** ConnSH637544297466382382System.Random
11:49:06.496    (INFO)     Trx.Commit: **C** ConnSH637544297466382382System.Random
11:49:06.496    (INFO)     Trx.Start: **** ConnSH637544297466482362System.Random
11:49:06.496    (INFO)     Trx.Commit: **C** ConnSH637544297466482362System.Random
11:49:06.496    (INFO)     Trx.Start: **** ConnSH637544297466572369System.Random
11:49:06.496    (INFO)     Trx.Commit: **C** ConnSH637544297466572369System.Random
11:49:06.496    (INFO)     Trx.Start: **** ConnSH637544297466662377System.Random
11:49:06.496    (INFO)     Trx.Commit: **C** ConnSH637544297466662377System.Random
11:49:06.496    (INFO)     Trx.Start: **** ConnSH637544297466752363System.Random
11:49:06.496    (INFO)     Trx.Commit: **C** ConnSH637544297466752363System.Random
11:49:06.496    (INFO)     Trx.Start: **** ConnSH637544297466842370System.Random
11:49:06.496    (INFO)     Trx.Commit: **C** ConnSH637544297466842370System.Random
11:49:06.496    (INFO)     Trx.Start: **** ConnSH637544297466932375System.Random
11:49:06.496    (INFO)     Trx.Commit: **C** ConnSH637544297466932375System.Random
===========>     (SEVERE)   OracleHelper.ExecuteReader: ORA-01756: quoted string not properly terminated [Query DR] SELECT VAHRUAE_HR_LEAVEDETAIL_ID FROM VAHRUAE_HR_LEAVEDETAIL WHERE C_BPARTNER_ID = 1006731AND VAHRUAE_APPROVE = 'Y' AND VAHRUAE_DATE1= '19-MAR-21
===========>     (SEVERE)   OracleHelper.ExecuteReader: ORA-01756: quoted string not properly terminated [Query DR] SELECT VAHRUAE_HR_LEAVEDETAIL_ID FROM VAHRUAE_HR_LEAVEDETAIL WHERE C_BPARTNER_ID = 1006731AND VAHRUAE_APPROVE = 'Y' AND VAHRUAE_DATE1= '19-MAR-21
===========>     (SEVERE)   PO.DoIt: SELECT VAHRUAE_HR_LEAVEDETAIL_ID FROM VAHRUAE_HR_LEAVEDETAIL WHERE C_BPARTNER_ID = 1006731AND VAHRUAE_APPROVE = 'Y' AND VAHRUAE_DATE1= '19-MAR-21 => ORA-01756: quoted string not properly terminated
11:49:06.496    (INFO)     Trx.Start: **** ConnSH637544297467422365System.Random
11:49:06.496    (INFO)     Trx.Commit: **C** ConnSH637544297467422365System.Random
===========>     (SEVERE)   OracleHelper.ExecuteReader: ORA-01756: quoted string not properly terminated [Query DR] SELECT VAHRUAE_HR_LEAVEDETAIL_ID FROM VAHRUAE_HR_LEAVEDETAIL WHERE C_BPARTNER_ID = 1006731AND VAHRUAE_APPROVE = 'Y' AND VAHRUAE_DATE1= '20-FEB-21
===========>     (SEVERE)   OracleHelper.ExecuteReader: ORA-01756: quoted string not properly terminated [Query DR] SELECT VAHRUAE_HR_LEAVEDETAIL_ID FROM VAHRUAE_HR_LEAVEDETAIL WHERE C_BPARTNER_ID = 1006731AND VAHRUAE_APPROVE = 'Y' AND VAHRUAE_DATE1= '20-FEB-21
===========>     (SEVERE)   PO.DoIt: SELECT VAHRUAE_HR_LEAVEDETAIL_ID FROM VAHRUAE_HR_LEAVEDETAIL WHERE C_BPARTNER_ID = 1006731AND VAHRUAE_APPROVE = 'Y' AND VAHRUAE_DATE1= '20-FEB-21 => ORA-01756: quoted string not properly terminated
===========>     (SEVERE)   OracleHelper.ExecuteReader: ORA-01756: quoted string not properly terminated [Query DR] SELECT VAHRUAE_HR_LEAVEDETAIL_ID FROM VAHRUAE_HR_LEAVEDETAIL WHERE C_BPARTNER_ID = 1006731AND VAHRUAE_APPROVE = 'Y' AND VAHRUAE_DATE1= '22-FEB-21
===========>     (SEVERE)   OracleHelper.ExecuteReader: ORA-01756: quoted string not properly terminated [Query DR] SELECT VAHRUAE_HR_LEAVEDETAIL_ID FROM VAHRUAE_HR_LEAVEDETAIL WHERE C_BPARTNER_ID = 1006731AND VAHRUAE_APPROVE = 'Y' AND VAHRUAE_DATE1= '22-FEB-21
===========>     (SEVERE)   PO.DoIt: SELECT VAHRUAE_HR_LEAVEDETAIL_ID FROM VAHRUAE_HR_LEAVEDETAIL WHERE C_BPARTNER_ID = 1006731AND VAHRUAE_APPROVE = 'Y' AND VAHRUAE_DATE1= '22-FEB-21 => ORA-01756: quoted string not properly terminated
===========>     (SEVERE)   OracleHelper.ExecuteReader: ORA-01756: quoted string not properly terminated [Query DR] SELECT VAHRUAE_HR_LEAVEDETAIL_ID FROM VAHRUAE_HR_LEAVEDETAIL WHERE C_BPARTNER_ID = 1006731AND VAHRUAE_APPROVE = 'Y' AND VAHRUAE_DATE1= '24-FEB-21
===========>     (SEVERE)   OracleHelper.ExecuteReader: ORA-01756: quoted string not properly terminated [Query DR] SELECT VAHRUAE_HR_LEAVEDETAIL_ID FROM VAHRUAE_HR_LEAVEDETAIL WHERE C_BPARTNER_ID = 1006731AND VAHRUAE_APPROVE = 'Y' AND VAHRUAE_DATE1= '24-FEB-21
===========>     (SEVERE)   PO.DoIt: SELECT VAHRUAE_HR_LEAVEDETAIL_ID FROM VAHRUAE_HR_LEAVEDETAIL WHERE C_BPARTNER_ID = 1006731AND VAHRUAE_APPROVE = 'Y' AND VAHRUAE_DATE1= '24-FEB-21 => ORA-01756: quoted string not properly terminated
===========>     (SEVERE)   OracleHelper.ExecuteReader: ORA-01756: quoted string not properly terminated [Query DR] SELECT VAHRUAE_HR_LEAVEDETAIL_ID FROM VAHRUAE_HR_LEAVEDETAIL WHERE C_BPARTNER_ID = 1006731AND VAHRUAE_APPROVE = 'Y' AND VAHRUAE_DATE1= '26-FEB-21
===========>     (SEVERE)   OracleHelper.ExecuteReader: ORA-01756: quoted string not properly terminated [Query DR] SELECT VAHRUAE_HR_LEAVEDETAIL_ID FROM VAHRUAE_HR_LEAVEDETAIL WHERE C_BPARTNER_ID = 1006731AND VAHRUAE_APPROVE = 'Y' AND VAHRUAE_DATE1= '26-FEB-21
===========>     (SEVERE)   PO.DoIt: SELECT VAHRUAE_HR_LEAVEDETAIL_ID FROM VAHRUAE_HR_LEAVEDETAIL WHERE C_BPARTNER_ID = 1006731AND VAHRUAE_APPROVE = 'Y' AND VAHRUAE_DATE1= '26-FEB-21 => ORA-01756: quoted string not properly terminated
===========>     (SEVERE)   OracleHelper.ExecuteReader: ORA-01756: quoted string not properly terminated [Query DR] SELECT VAHRUAE_HR_LEAVEDETAIL_ID FROM VAHRUAE_HR_LEAVEDETAIL WHERE C_BPARTNER_ID = 1006731AND VAHRUAE_APPROVE = 'Y' AND VAHRUAE_DATE1= '01-MAR-21
===========>     (SEVERE)   OracleHelper.ExecuteReader: ORA-01756: quoted string not properly terminated [Query DR] SELECT VAHRUAE_HR_LEAVEDETAIL_ID FROM VAHRUAE_HR_LEAVEDETAIL WHERE C_BPARTNER_ID = 1006731AND VAHRUAE_APPROVE = 'Y' AND VAHRUAE_DATE1= '01-MAR-21
===========>     (SEVERE)   PO.DoIt: SELECT VAHRUAE_HR_LEAVEDETAIL_ID FROM VAHRUAE_HR_LEAVEDETAIL WHERE C_BPARTNER_ID = 1006731AND VAHRUAE_APPROVE = 'Y' AND VAHRUAE_DATE1= '01-MAR-21 => ORA-01756: quoted string not properly terminated
===========>     (SEVERE)   OracleHelper.ExecuteReader: ORA-01756: quoted string not properly terminated [Query DR] SELECT VAHRUAE_HR_LEAVEDETAIL_ID FROM VAHRUAE_HR_LEAVEDETAIL WHERE C_BPARTNER_ID = 1006731AND VAHRUAE_APPROVE = 'Y' AND VAHRUAE_DATE1= '03-MAR-21
===========>     (SEVERE)   OracleHelper.ExecuteReader: ORA-01756: quoted string not properly terminated [Query DR] SELECT VAHRUAE_HR_LEAVEDETAIL_ID FROM VAHRUAE_HR_LEAVEDETAIL WHERE C_BPARTNER_ID = 1006731AND VAHRUAE_APPROVE = 'Y' AND VAHRUAE_DATE1= '03-MAR-21
===========>     (SEVERE)   PO.DoIt: SELECT VAHRUAE_HR_LEAVEDETAIL_ID FROM VAHRUAE_HR_LEAVEDETAIL WHERE C_BPARTNER_ID = 1006731AND VAHRUAE_APPROVE = 'Y' AND VAHRUAE_DATE1= '03-MAR-21 => ORA-01756: quoted string not properly terminated
===========>     (SEVERE)   OracleHelper.ExecuteReader: ORA-01756: quoted string not properly terminated [Query DR] SELECT VAHRUAE_HR_LEAVEDETAIL_ID FROM VAHRUAE_HR_LEAVEDETAIL WHERE C_BPARTNER_ID = 1006731AND VAHRUAE_APPROVE = 'Y' AND VAHRUAE_DATE1= '05-MAR-21
===========>     (SEVERE)   OracleHelper.ExecuteReader: ORA-01756: quoted string not properly terminated [Query DR] SELECT VAHRUAE_HR_LEAVEDETAIL_ID FROM VAHRUAE_HR_LEAVEDETAIL WHERE C_BPARTNER_ID = 1006731AND VAHRUAE_APPROVE = 'Y' AND VAHRUAE_DATE1= '05-MAR-21
===========>     (SEVERE)   PO.DoIt: SELECT VAHRUAE_HR_LEAVEDETAIL_ID FROM VAHRUAE_HR_LEAVEDETAIL WHERE C_BPARTNER_ID = 1006731AND VAHRUAE_APPROVE = 'Y' AND VAHRUAE_DATE1= '05-MAR-21 => ORA-01756: quoted string not properly terminated
===========>     (SEVERE)   OracleHelper.ExecuteReader: ORA-01756: quoted string not properly terminated [Query DR] SELECT VAHRUAE_HR_LEAVEDETAIL_ID FROM VAHRUAE_HR_LEAVEDETAIL WHERE C_BPARTNER_ID = 1006731AND VAHRUAE_APPROVE = 'Y' AND VAHRUAE_DATE1= '08-MAR-21
===========>     (SEVERE)   OracleHelper.ExecuteReader: ORA-01756: quoted string not properly terminated [Query DR] SELECT VAHRUAE_HR_LEAVEDETAIL_ID FROM VAHRUAE_HR_LEAVEDETAIL WHERE C_BPARTNER_ID = 1006731AND VAHRUAE_APPROVE = 'Y' AND VAHRUAE_DATE1= '08-MAR-21
===========>     (SEVERE)   PO.DoIt: SELECT VAHRUAE_HR_LEAVEDETAIL_ID FROM VAHRUAE_HR_LEAVEDETAIL WHERE C_BPARTNER_ID = 1006731AND VAHRUAE_APPROVE = 'Y' AND VAHRUAE_DATE1= '08-MAR-21 => ORA-01756: quoted string not properly terminated
===========>     (SEVERE)   OracleHelper.ExecuteReader: ORA-01756: quoted string not properly terminated [Query DR] SELECT VAHRUAE_HR_LEAVEDETAIL_ID FROM VAHRUAE_HR_LEAVEDETAIL WHERE C_BPARTNER_ID = 1006731AND VAHRUAE_APPROVE = 'Y' AND VAHRUAE_DATE1= '10-MAR-21
===========>     (SEVERE)   OracleHelper.ExecuteReader: ORA-01756: quoted string not properly terminated [Query DR] SELECT VAHRUAE_HR_LEAVEDETAIL_ID FROM VAHRUAE_HR_LEAVEDETAIL WHERE C_BPARTNER_ID = 1006731AND VAHRUAE_APPROVE = 'Y' AND VAHRUAE_DATE1= '10-MAR-21
===========>     (SEVERE)   PO.DoIt: SELECT VAHRUAE_HR_LEAVEDETAIL_ID FROM VAHRUAE_HR_LEAVEDETAIL WHERE C_BPARTNER_ID = 1006731AND VAHRUAE_APPROVE = 'Y' AND VAHRUAE_DATE1= '10-MAR-21 => ORA-01756: quoted string not properly terminated
===========>     (SEVERE)   OracleHelper.ExecuteReader: ORA-01756: quoted string not properly terminated [Query DR] SELECT VAHRUAE_HR_LEAVEDETAIL_ID FROM VAHRUAE_HR_LEAVEDETAIL WHERE C_BPARTNER_ID = 1006731AND VAHRUAE_APPROVE = 'Y' AND VAHRUAE_DATE1= '12-MAR-21
===========>     (SEVERE)   OracleHelper.ExecuteReader: ORA-01756: quoted string not properly terminated [Query DR] SELECT VAHRUAE_HR_LEAVEDETAIL_ID FROM VAHRUAE_HR_LEAVEDETAIL WHERE C_BPARTNER_ID = 1006731AND VAHRUAE_APPROVE = 'Y' AND VAHRUAE_DATE1= '12-MAR-21
===========>     (SEVERE)   PO.DoIt: SELECT VAHRUAE_HR_LEAVEDETAIL_ID FROM VAHRUAE_HR_LEAVEDETAIL WHERE C_BPARTNER_ID = 1006731AND VAHRUAE_APPROVE = 'Y' AND VAHRUAE_DATE1= '12-MAR-21 => ORA-01756: quoted string not properly terminated
===========>     (SEVERE)   OracleHelper.ExecuteReader: ORA-01756: quoted string not properly terminated [Query DR] SELECT VAHRUAE_HR_LEAVEDETAIL_ID FROM VAHRUAE_HR_LEAVEDETAIL WHERE C_BPARTNER_ID = 1006731AND VAHRUAE_APPROVE = 'Y' AND VAHRUAE_DATE1= '15-MAR-21
===========>     (SEVERE)   OracleHelper.ExecuteReader: ORA-01756: quoted string not properly terminated [Query DR] SELECT VAHRUAE_HR_LEAVEDETAIL_ID FROM VAHRUAE_HR_LEAVEDETAIL WHERE C_BPARTNER_ID = 1006731AND VAHRUAE_APPROVE = 'Y' AND VAHRUAE_DATE1= '15-MAR-21
===========>     (SEVERE)   PO.DoIt: SELECT VAHRUAE_HR_LEAVEDETAIL_ID FROM VAHRUAE_HR_LEAVEDETAIL WHERE C_BPARTNER_ID = 1006731AND VAHRUAE_APPROVE = 'Y' AND VAHRUAE_DATE1= '15-MAR-21 => ORA-01756: quoted string not properly terminated
===========>     (SEVERE)   OracleHelper.ExecuteReader: ORA-01756: quoted string not properly terminated [Query DR] SELECT VAHRUAE_HR_LEAVEDETAIL_ID FROM VAHRUAE_HR_LEAVEDETAIL WHERE C_BPARTNER_ID = 1006731AND VAHRUAE_APPROVE = 'Y' AND VAHRUAE_DATE1= '17-MAR-21
===========>     (SEVERE)   OracleHelper.ExecuteReader: ORA-01756: quoted string not properly terminated [Query DR] SELECT VAHRUAE_HR_LEAVEDETAIL_ID FROM VAHRUAE_HR_LEAVEDETAIL WHERE C_BPARTNER_ID = 1006731AND VAHRUAE_APPROVE = 'Y' AND VAHRUAE_DATE1= '17-MAR-21
===========>     (SEVERE)   PO.DoIt: SELECT VAHRUAE_HR_LEAVEDETAIL_ID FROM VAHRUAE_HR_LEAVEDETAIL WHERE C_BPARTNER_ID = 1006731AND VAHRUAE_APPROVE = 'Y' AND VAHRUAE_DATE1= '17-MAR-21 => ORA-01756: quoted string not properly terminated
===========>     (SEVERE)   OracleHelper.ExecuteReader: ORA-01756: quoted string not properly terminated [Query DR] SELECT VAHRUAE_HR_LEAVEDETAIL_ID FROM VAHRUAE_HR_LEAVEDETAIL WHERE C_BPARTNER_ID = 1006731AND VAHRUAE_APPROVE = 'Y' AND VAHRUAE_DATE1= '19-MAR-21
===========>     (SEVERE)   OracleHelper.ExecuteReader: ORA-01756: quoted string not properly terminated [Query DR] SELECT VAHRUAE_HR_LEAVEDETAIL_ID FROM VAHRUAE_HR_LEAVEDETAIL WHERE C_BPARTNER_ID = 1006731AND VAHRUAE_APPROVE = 'Y' AND VAHRUAE_DATE1= '19-MAR-21
===========>     (SEVERE)   PO.DoIt: SELECT VAHRUAE_HR_LEAVEDETAIL_ID FROM VAHRUAE_HR_LEAVEDETAIL WHERE C_BPARTNER_ID = 1006731AND VAHRUAE_APPROVE = 'Y' AND VAHRUAE_DATE1= '19-MAR-21 => ORA-01756: quoted string not properly terminated
11:49:06.496    (INFO)     Trx.Start: **** ConnSH637544297467912411System.Random
11:49:06.496    (INFO)     Trx.Commit: **C** ConnSH637544297467912411System.Random
11:49:06.496    (INFO)     CacheMgt.Reset: AD_Process: #1 (1)
11:51:00.510    (INFO)     Trx.Start: **** ConnSH637544298603009118System.Random
11:51:00.510    (INFO)     Trx.Commit: **C** ConnSH637544298603009118System.Random
===========>     (SEVERE)   OracleHelper.ExecuteReader: ORA-01756: quoted string not properly terminated [Query DR] SELECT VAHRUAE_HR_LEAVEDETAIL_ID FROM VAHRUAE_HR_LEAVEDETAIL WHERE C_BPARTNER_ID = 1006731AND VAHRUAE_APPROVE = 'Y' AND VAHRUAE_DATE1= '20-NOV-20
===========>     (SEVERE)   OracleHelper.ExecuteReader: ORA-01756: quoted string not properly terminated [Query DR] SELECT VAHRUAE_HR_LEAVEDETAIL_ID FROM VAHRUAE_HR_LEAVEDETAIL WHERE C_BPARTNER_ID = 1006731AND VAHRUAE_APPROVE = 'Y' AND VAHRUAE_DATE1= '20-NOV-20
===========>     (SEVERE)   PO.DoIt: SELECT VAHRUAE_HR_LEAVEDETAIL_ID FROM VAHRUAE_HR_LEAVEDETAIL WHERE C_BPARTNER_ID = 1006731AND VAHRUAE_APPROVE = 'Y' AND VAHRUAE_DATE1= '20-NOV-20 => ORA-01756: quoted string not properly terminated
11:51:04.514    (INFO)     Trx.Start: **** ConnSH637544298649296094System.Random
11:51:04.514    (INFO)     Trx.Commit: **C** ConnSH637544298649296094System.Random
11:51:05.515    (INFO)     Trx.Start: **** ConnSH637544298650024978System.Random
11:51:05.515    (INFO)     Trx.Commit: **C** ConnSH637544298650024978System.Random
11:51:05.515    (INFO)     Trx.Start: **** ConnSH637544298650117323System.Random
11:51:05.515    (INFO)     Trx.Commit: **C** ConnSH637544298650117323System.Random
11:51:05.515    (INFO)     Trx.Start: **** ConnSH637544298650493330System.Random
11:51:05.515    (INFO)     Trx.Commit: **C** ConnSH637544298650493330System.Random
11:51:05.515    (INFO)     Trx.Start: **** ConnSH637544298650783870System.Random
11:51:05.515    (INFO)     Trx.Commit: **C** ConnSH637544298650783870System.Random
11:51:05.515    (INFO)     Trx.Start: **** ConnSH637544298650958625System.Random
11:51:05.515    (INFO)     Trx.Commit: **C** ConnSH637544298650958625System.Random
===========>     (SEVERE)   OracleHelper.ExecuteReader: ORA-01756: quoted string not properly terminated [Query DR] SELECT VAHRUAE_HR_LEAVEDETAIL_ID FROM VAHRUAE_HR_LEAVEDETAIL WHERE C_BPARTNER_ID = 1006731AND VAHRUAE_APPROVE = 'Y' AND VAHRUAE_DATE1= '21-DEC-20
===========>     (SEVERE)   OracleHelper.ExecuteReader: ORA-01756: quoted string not properly terminated [Query DR] SELECT VAHRUAE_HR_LEAVEDETAIL_ID FROM VAHRUAE_HR_LEAVEDETAIL WHERE C_BPARTNER_ID = 1006731AND VAHRUAE_APPROVE = 'Y' AND VAHRUAE_DATE1= '21-DEC-20
===========>     (SEVERE)   PO.DoIt: SELECT VAHRUAE_HR_LEAVEDETAIL_ID FROM VAHRUAE_HR_LEAVEDETAIL WHERE C_BPARTNER_ID = 1006731AND VAHRUAE_APPROVE = 'Y' AND VAHRUAE_DATE1= '21-DEC-20 => ORA-01756: quoted string not properly terminated
11:51:08.518    (INFO)     Trx.Start: **** ConnSH637544298686599403System.Random
11:51:08.518    (INFO)     Trx.Commit: **C** ConnSH637544298686599403System.Random
11:51:08.518    (INFO)     Trx.Start: **** ConnSH637544298686689403System.Random
11:51:08.518    (INFO)     Trx.Commit: **C** ConnSH637544298686689403System.Random
11:51:08.518    (INFO)     Trx.Start: **** ConnSH637544298687043593System.Random
11:51:08.518    (INFO)     Trx.Commit: **C** ConnSH637544298687043593System.Random
11:51:08.518    (INFO)     Trx.Start: **** ConnSH637544298687253477System.Random
11:51:08.518    (INFO)     Trx.Commit: **C** ConnSH637544298687253477System.Random
11:51:08.518    (INFO)     Trx.Start: **** ConnSH637544298687393500System.Random
11:51:08.518    (INFO)     Trx.Commit: **C** ConnSH637544298687393500System.Random
===========>     (SEVERE)   OracleHelper.ExecuteReader: ORA-01756: quoted string not properly terminated [Query DR] SELECT VAHRUAE_HR_LEAVEDETAIL_ID FROM VAHRUAE_HR_LEAVEDETAIL WHERE C_BPARTNER_ID = 1006731AND VAHRUAE_APPROVE = 'Y' AND VAHRUAE_DATE1= '20-JAN-21
===========>     (SEVERE)   OracleHelper.ExecuteReader: ORA-01756: quoted string not properly terminated [Query DR] SELECT VAHRUAE_HR_LEAVEDETAIL_ID FROM VAHRUAE_HR_LEAVEDETAIL WHERE C_BPARTNER_ID = 1006731AND VAHRUAE_APPROVE = 'Y' AND VAHRUAE_DATE1= '20-JAN-21
===========>     (SEVERE)   PO.DoIt: SELECT VAHRUAE_HR_LEAVEDETAIL_ID FROM VAHRUAE_HR_LEAVEDETAIL WHERE C_BPARTNER_ID = 1006731AND VAHRUAE_APPROVE = 'Y' AND VAHRUAE_DATE1= '20-JAN-21 => ORA-01756: quoted string not properly terminated
11:51:12.511    (INFO)     Trx.Start: **** ConnSH637544298726383599System.Random
11:51:12.511    (INFO)     Trx.Commit: **C** ConnSH637544298726383599System.Random
11:51:12.511    (INFO)     Trx.Start: **** ConnSH637544298726721964System.Random
11:51:12.511    (INFO)     Trx.Commit: **C** ConnSH637544298726721964System.Random
11:51:12.511    (INFO)     Trx.Start: **** ConnSH637544298726908098System.Random
11:51:12.511    (INFO)     Trx.Commit: **C** ConnSH637544298726908098System.Random
11:51:12.511    (INFO)     Trx.Start: **** ConnSH637544298727012458System.Random
11:51:12.511    (INFO)     Trx.Commit: **C** ConnSH637544298727012458System.Random
11:51:12.511    (INFO)     Trx.Start: **** ConnSH637544298727439758System.Random
11:51:12.511    (INFO)     Trx.Commit: **C** ConnSH637544298727439758System.Random
11:51:12.511    (INFO)     Trx.Start: **** ConnSH637544298727589950System.Random
11:51:12.511    (INFO)     Trx.Commit: **C** ConnSH637544298727589950System.Random
===========>     (SEVERE)   OracleHelper.ExecuteReader: ORA-01756: quoted string not properly terminated [Query DR] SELECT VAHRUAE_HR_LEAVEDETAIL_ID FROM VAHRUAE_HR_LEAVEDETAIL WHERE C_BPARTNER_ID = 1006731AND VAHRUAE_APPROVE = 'Y' AND VAHRUAE_DATE1= '20-FEB-21
===========>     (SEVERE)   OracleHelper.ExecuteReader: ORA-01756: quoted string not properly terminated [Query DR] SELECT VAHRUAE_HR_LEAVEDETAIL_ID FROM VAHRUAE_HR_LEAVEDETAIL WHERE C_BPARTNER_ID = 1006731AND VAHRUAE_APPROVE = 'Y' AND VAHRUAE_DATE1= '20-FEB-21
===========>     (SEVERE)   PO.DoIt: SELECT VAHRUAE_HR_LEAVEDETAIL_ID FROM VAHRUAE_HR_LEAVEDETAIL WHERE C_BPARTNER_ID = 1006731AND VAHRUAE_APPROVE = 'Y' AND VAHRUAE_DATE1= '20-FEB-21 => ORA-01756: quoted string not properly terminated
12:00:10.010    (INFO)     Trx.Start: **** ConnSH637544304100518732System.Random
12:00:10.010    (INFO)     Trx.Commit: **C** ConnSH637544304100518732System.Random
12:00:10.010    (INFO)     Trx.Start: **** ConnSH637544304100608676System.Random
12:00:10.010    (INFO)     Trx.Commit: **C** ConnSH637544304100608676System.Random
12:00:10.010    (INFO)     Trx.Start: **** ConnSH637544304100688671System.Random
12:00:10.010    (INFO)     Trx.Commit: **C** ConnSH637544304100688671System.Random
12:00:10.010    (INFO)     Trx.Start: **** ConnSH637544304100778677System.Random
12:00:10.010    (INFO)     Trx.Commit: **C** ConnSH637544304100778677System.Random
12:00:10.010    (INFO)     Trx.Start: **** ConnSH637544304100879285System.Random
12:00:10.010    (INFO)     Trx.Commit: **C** ConnSH637544304100879285System.Random
12:00:10.010    (INFO)     Trx.Start: **** ConnSH637544304100969635System.Random
12:00:10.010    (INFO)     Trx.Commit: **C** ConnSH637544304100969635System.Random
12:00:10.010    (INFO)     Trx.Start: **** ConnSH637544304101069588System.Random
12:00:10.010    (INFO)     Trx.Commit: **C** ConnSH637544304101069588System.Random
12:00:10.010    (INFO)     Trx.Start: **** ConnSH637544304101159576System.Random
12:00:10.010    (INFO)     Trx.Commit: **C** ConnSH637544304101159576System.Random
12:00:10.010    (INFO)     Trx.Start: **** ConnSH637544304101239735System.Random
12:00:10.010    (INFO)     Trx.Commit: **C** ConnSH637544304101239735System.Random
12:00:10.010    (INFO)     Trx.Start: **** ConnSH637544304101320075System.Random
12:00:10.010    (INFO)     Trx.Commit: **C** ConnSH637544304101320075System.Random
12:00:10.010    (INFO)     Trx.Start: **** ConnSH637544304101390069System.Random
12:00:10.010    (INFO)     Trx.Commit: **C** ConnSH637544304101390069System.Random
===========>     (SEVERE)   OracleHelper.ExecuteReader: ORA-01756: quoted string not properly terminated [Query DR] SELECT VAHRUAE_HR_LEAVEDETAIL_ID FROM VAHRUAE_HR_LEAVEDETAIL WHERE C_BPARTNER_ID = 1006731AND VAHRUAE_APPROVE = 'Y' AND VAHRUAE_DATE1= '19-MAR-21
===========>     (SEVERE)   OracleHelper.ExecuteReader: ORA-01756: quoted string not properly terminated [Query DR] SELECT VAHRUAE_HR_LEAVEDETAIL_ID FROM VAHRUAE_HR_LEAVEDETAIL WHERE C_BPARTNER_ID = 1006731AND VAHRUAE_APPROVE = 'Y' AND VAHRUAE_DATE1= '19-MAR-21
===========>     (SEVERE)   PO.DoIt: SELECT VAHRUAE_HR_LEAVEDETAIL_ID FROM VAHRUAE_HR_LEAVEDETAIL WHERE C_BPARTNER_ID = 1006731AND VAHRUAE_APPROVE = 'Y' AND VAHRUAE_DATE1= '19-MAR-21 => ORA-01756: quoted string not properly terminated
12:00:10.010    (INFO)     Trx.Start: **** ConnSH637544304109600524System.Random
12:00:10.010    (INFO)     Trx.Commit: **C** ConnSH637544304109600524System.Random
12:00:12.012    (INFO)     CacheMgt.Reset: AD_Process: #1 (1)
12:03:30.330    (INFO)     Trx.Start: **** ConnSH637544306101255201System.Random
12:03:30.330    (INFO)     Trx.Commit: **C** ConnSH637544306101255201System.Random
===========>     (SEVERE)   OracleHelper.ExecuteReader: ORA-01756: quoted string not properly terminated [Query DR] SELECT VAHRUAE_HR_LEAVEDETAIL_ID FROM VAHRUAE_HR_LEAVEDETAIL WHERE C_BPARTNER_ID = 1006731AND VAHRUAE_APPROVE = 'Y' AND VAHRUAE_DATE1= '20-NOV-20
===========>     (SEVERE)   OracleHelper.ExecuteReader: ORA-01756: quoted string not properly terminated [Query DR] SELECT VAHRUAE_HR_LEAVEDETAIL_ID FROM VAHRUAE_HR_LEAVEDETAIL WHERE C_BPARTNER_ID = 1006731AND VAHRUAE_APPROVE = 'Y' AND VAHRUAE_DATE1= '20-NOV-20
===========>     (SEVERE)   PO.DoIt: SELECT VAHRUAE_HR_LEAVEDETAIL_ID FROM VAHRUAE_HR_LEAVEDETAIL WHERE C_BPARTNER_ID = 1006731AND VAHRUAE_APPROVE = 'Y' AND VAHRUAE_DATE1= '20-NOV-20 => ORA-01756: quoted string not properly terminated
12:03:53.353    (INFO)     Trx.Start: **** ConnSH637544306336702244System.Random
12:03:53.353    (INFO)     Trx.Commit: **C** ConnSH637544306336702244System.Random
12:04:01.410    (INFO)     Trx.Start: **** ConnSH637544306413587164System.Random
12:04:01.410    (INFO)     Trx.Commit: **C** ConnSH637544306413587164System.Random
12:04:01.410    (INFO)     Trx.Start: **** ConnSH637544306415580877System.Random
12:04:01.410    (INFO)     Trx.Commit: **C** ConnSH637544306415580877System.Random
12:04:02.420    (INFO)     Trx.Start: **** ConnSH637544306423739397System.Random
12:04:02.420    (INFO)     Trx.Commit: **C** ConnSH637544306423739397System.Random
12:04:07.470    (INFO)     Trx.Start: **** ConnSH637544306471085084System.Random
12:04:07.470    (INFO)     Trx.Commit: **C** ConnSH637544306471085084System.Random
12:04:07.470    (INFO)     Trx.Start: **** ConnSH637544306477422972System.Random
12:04:07.470    (INFO)     Trx.Commit: **C** ConnSH637544306477422972System.Random
===========>     (SEVERE)   OracleHelper.ExecuteReader: ORA-01756: quoted string not properly terminated [Query DR] SELECT VAHRUAE_HR_LEAVEDETAIL_ID FROM VAHRUAE_HR_LEAVEDETAIL WHERE C_BPARTNER_ID = 1006731AND VAHRUAE_APPROVE = 'Y' AND VAHRUAE_DATE1= '21-DEC-20
===========>     (SEVERE)   OracleHelper.ExecuteReader: ORA-01756: quoted string not properly terminated [Query DR] SELECT VAHRUAE_HR_LEAVEDETAIL_ID FROM VAHRUAE_HR_LEAVEDETAIL WHERE C_BPARTNER_ID = 1006731AND VAHRUAE_APPROVE = 'Y' AND VAHRUAE_DATE1= '21-DEC-20
===========>     (SEVERE)   PO.DoIt: SELECT VAHRUAE_HR_LEAVEDETAIL_ID FROM VAHRUAE_HR_LEAVEDETAIL WHERE C_BPARTNER_ID = 1006731AND VAHRUAE_APPROVE = 'Y' AND VAHRUAE_DATE1= '21-DEC-20 => ORA-01756: quoted string not properly terminated
12:04:19.419    (INFO)     Trx.Start: **** ConnSH637544306590475440System.Random
12:04:19.419    (INFO)     Trx.Commit: **C** ConnSH637544306590475440System.Random
12:04:19.419    (INFO)     Trx.Start: **** ConnSH637544306592100380System.Random
12:04:19.419    (INFO)     Trx.Commit: **C** ConnSH637544306592100380System.Random
12:04:20.420    (INFO)     Trx.Start: **** ConnSH637544306603688231System.Random
12:04:20.420    (INFO)     Trx.Commit: **C** ConnSH637544306603688231System.Random
12:04:20.420    (INFO)     Trx.Start: **** ConnSH637544306608997421System.Random
12:04:20.420    (INFO)     Trx.Commit: **C** ConnSH637544306608997421System.Random
12:04:21.421    (INFO)     Trx.Start: **** ConnSH637544306614338675System.Random
12:04:21.421    (INFO)     Trx.Commit: **C** ConnSH637544306614338675System.Random
===========>     (SEVERE)   OracleHelper.ExecuteReader: ORA-01756: quoted string not properly terminated [Query DR] SELECT VAHRUAE_HR_LEAVEDETAIL_ID FROM VAHRUAE_HR_LEAVEDETAIL WHERE C_BPARTNER_ID = 1006731AND VAHRUAE_APPROVE = 'Y' AND VAHRUAE_DATE1= '20-JAN-21
===========>     (SEVERE)   OracleHelper.ExecuteReader: ORA-01756: quoted string not properly terminated [Query DR] SELECT VAHRUAE_HR_LEAVEDETAIL_ID FROM VAHRUAE_HR_LEAVEDETAIL WHERE C_BPARTNER_ID = 1006731AND VAHRUAE_APPROVE = 'Y' AND VAHRUAE_DATE1= '20-JAN-21
===========>     (SEVERE)   PO.DoIt: SELECT VAHRUAE_HR_LEAVEDETAIL_ID FROM VAHRUAE_HR_LEAVEDETAIL WHERE C_BPARTNER_ID = 1006731AND VAHRUAE_APPROVE = 'Y' AND VAHRUAE_DATE1= '20-JAN-21 => ORA-01756: quoted string not properly terminated
12:04:24.424    (INFO)     Trx.Start: **** ConnSH637544306640451621System.Random
12:04:24.424    (INFO)     Trx.Commit: **C** ConnSH637544306640451621System.Random
12:04:25.425    (INFO)     Trx.Start: **** ConnSH637544306653918273System.Random
12:04:25.425    (INFO)     Trx.Commit: **C** ConnSH637544306653918273System.Random
12:04:26.426    (INFO)     Trx.Start: **** ConnSH637544306664356563System.Random
12:04:26.426    (INFO)     Trx.Commit: **C** ConnSH637544306664356563System.Random
12:04:26.426    (INFO)     Trx.Start: **** ConnSH637544306667677053System.Random
12:04:26.426    (INFO)     Trx.Commit: **C** ConnSH637544306667677053System.Random
12:04:29.429    (INFO)     Trx.Start: **** ConnSH637544306692174601System.Random
12:04:29.429    (INFO)     Trx.Commit: **C** ConnSH637544306692174601System.Random
12:04:30.430    (INFO)     Trx.Start: **** ConnSH637544306702255384System.Random
12:04:30.430    (INFO)     Trx.Commit: **C** ConnSH637544306702255384System.Random
===========>     (SEVERE)   OracleHelper.ExecuteReader: ORA-01756: quoted string not properly terminated [Query DR] SELECT VAHRUAE_HR_LEAVEDETAIL_ID FROM VAHRUAE_HR_LEAVEDETAIL WHERE C_BPARTNER_ID = 1006731AND VAHRUAE_APPROVE = 'Y' AND VAHRUAE_DATE1= '20-FEB-21
===========>     (SEVERE)   OracleHelper.ExecuteReader: ORA-01756: quoted string not properly terminated [Query DR] SELECT VAHRUAE_HR_LEAVEDETAIL_ID FROM VAHRUAE_HR_LEAVEDETAIL WHERE C_BPARTNER_ID = 1006731AND VAHRUAE_APPROVE = 'Y' AND VAHRUAE_DATE1= '20-FEB-21
===========>     (SEVERE)   PO.DoIt: SELECT VAHRUAE_HR_LEAVEDETAIL_ID FROM VAHRUAE_HR_LEAVEDETAIL WHERE C_BPARTNER_ID = 1006731AND VAHRUAE_APPROVE = 'Y' AND VAHRUAE_DATE1= '20-FEB-21 => ORA-01756: quoted string not properly terminated
12:04:49.449    (INFO)     Trx.Start: **** ConnSH637544306892577647System.Random
12:04:49.449    (INFO)     Trx.Commit: **C** ConnSH637544306892577647System.Random
12:04:51.451    (INFO)     Trx.Start: **** ConnSH637544306912010552System.Random
12:04:51.451    (INFO)     Trx.Commit: **C** ConnSH637544306912010552System.Random
12:04:55.455    (INFO)     Trx.Start: **** ConnSH637544306950436255System.Random
12:04:55.455    (INFO)     Trx.Commit: **C** ConnSH637544306950436255System.Random
12:04:55.455    (INFO)     Trx.Start: **** ConnSH637544306959636309System.Random
12:04:55.455    (INFO)     Trx.Commit: **C** ConnSH637544306959636309System.Random
12:04:57.457    (INFO)     Trx.Start: **** ConnSH637544306971428424System.Random
12:04:57.457    (INFO)     Trx.Commit: **C** ConnSH637544306971428424System.Random
12:04:57.457    (INFO)     Trx.Start: **** ConnSH637544306978380172System.Random
12:04:57.457    (INFO)     Trx.Commit: **C** ConnSH637544306978380172System.Random
12:04:58.458    (INFO)     Trx.Start: **** ConnSH637544306984696707System.Random
12:04:58.458    (INFO)     Trx.Commit: **C** ConnSH637544306984696707System.Random
12:04:59.459    (INFO)     Trx.Start: **** ConnSH637544306990587031System.Random
12:04:59.459    (INFO)     Trx.Commit: **C** ConnSH637544306990587031System.Random
12:04:59.459    (INFO)     Trx.Start: **** ConnSH637544306996024500System.Random
12:04:59.459    (INFO)     Trx.Commit: **C** ConnSH637544306996024500System.Random
12:05:00.500    (INFO)     Trx.Start: **** ConnSH637544307002403003System.Random
12:05:00.500    (INFO)     Trx.Commit: **C** ConnSH637544307002403003System.Random
12:05:00.500    (INFO)     Trx.Start: **** ConnSH637544307008623899System.Random
12:05:00.500    (INFO)     Trx.Commit: **C** ConnSH637544307008623899System.Random
===========>     (SEVERE)   OracleHelper.ExecuteReader: ORA-01756: quoted string not properly terminated [Query DR] SELECT VAHRUAE_HR_LEAVEDETAIL_ID FROM VAHRUAE_HR_LEAVEDETAIL WHERE C_BPARTNER_ID = 1006731AND VAHRUAE_APPROVE = 'Y' AND VAHRUAE_DATE1= '19-MAR-21
===========>     (SEVERE)   OracleHelper.ExecuteReader: ORA-01756: quoted string not properly terminated [Query DR] SELECT VAHRUAE_HR_LEAVEDETAIL_ID FROM VAHRUAE_HR_LEAVEDETAIL WHERE C_BPARTNER_ID = 1006731AND VAHRUAE_APPROVE = 'Y' AND VAHRUAE_DATE1= '19-MAR-21
===========>     (SEVERE)   PO.DoIt: SELECT VAHRUAE_HR_LEAVEDETAIL_ID FROM VAHRUAE_HR_LEAVEDETAIL WHERE C_BPARTNER_ID = 1006731AND VAHRUAE_APPROVE = 'Y' AND VAHRUAE_DATE1= '19-MAR-21 => ORA-01756: quoted string not properly terminated
12:05:30.530    (INFO)     Trx.Start: **** ConnSH637544307303958066System.Random
12:05:30.530    (INFO)     Trx.Commit: **C** ConnSH637544307303958066System.Random
12:05:34.534    (INFO)     CacheMgt.Reset: AD_Process: #1 (1)
12:06:16.616    (INFO)     Trx.Start: **** ConnSH637544307760997187System.Random
12:06:16.616    (INFO)     Trx.Commit: **C** ConnSH637544307760997187System.Random
===========>     (SEVERE)   OracleHelper.ExecuteReader: ORA-01756: quoted string not properly terminated [Query DR] SELECT VAHRUAE_HR_LEAVEDETAIL_ID FROM VAHRUAE_HR_LEAVEDETAIL WHERE C_BPARTNER_ID = 1006731AND VAHRUAE_APPROVE = 'Y' AND VAHRUAE_DATE1= '20-NOV-20
===========>     (SEVERE)   OracleHelper.ExecuteReader: ORA-01756: quoted string not properly terminated [Query DR] SELECT VAHRUAE_HR_LEAVEDETAIL_ID FROM VAHRUAE_HR_LEAVEDETAIL WHERE C_BPARTNER_ID = 1006731AND VAHRUAE_APPROVE = 'Y' AND VAHRUAE_DATE1= '20-NOV-20
===========>     (SEVERE)   PO.DoIt: SELECT VAHRUAE_HR_LEAVEDETAIL_ID FROM VAHRUAE_HR_LEAVEDETAIL WHERE C_BPARTNER_ID = 1006731AND VAHRUAE_APPROVE = 'Y' AND VAHRUAE_DATE1= '20-NOV-20 => ORA-01756: quoted string not properly terminated
12:06:19.619    (INFO)     Trx.Start: **** ConnSH637544307794803221System.Random
12:06:19.619    (INFO)     Trx.Commit: **C** ConnSH637544307794803221System.Random
12:06:19.619    (INFO)     Trx.Start: **** ConnSH637544307795518839System.Random
12:06:19.619    (INFO)     Trx.Commit: **C** ConnSH637544307795518839System.Random
12:06:19.619    (INFO)     Trx.Start: **** ConnSH637544307795618840System.Random
12:06:19.619    (INFO)     Trx.Commit: **C** ConnSH637544307795618840System.Random
12:06:19.619    (INFO)     Trx.Start: **** ConnSH637544307796004038System.Random
12:06:19.619    (INFO)     Trx.Commit: **C** ConnSH637544307796004038System.Random
12:06:19.619    (INFO)     Trx.Start: **** ConnSH637544307796286473System.Random
12:06:19.619    (INFO)     Trx.Commit: **C** ConnSH637544307796286473System.Random
12:06:19.619    (INFO)     Trx.Start: **** ConnSH637544307796469572System.Random
12:06:19.619    (INFO)     Trx.Commit: **C** ConnSH637544307796469572System.Random
===========>     (SEVERE)   OracleHelper.ExecuteReader: ORA-01756: quoted string not properly terminated [Query DR] SELECT VAHRUAE_HR_LEAVEDETAIL_ID FROM VAHRUAE_HR_LEAVEDETAIL WHERE C_BPARTNER_ID = 1006731AND VAHRUAE_APPROVE = 'Y' AND VAHRUAE_DATE1= '21-DEC-20
===========>     (SEVERE)   OracleHelper.ExecuteReader: ORA-01756: quoted string not properly terminated [Query DR] SELECT VAHRUAE_HR_LEAVEDETAIL_ID FROM VAHRUAE_HR_LEAVEDETAIL WHERE C_BPARTNER_ID = 1006731AND VAHRUAE_APPROVE = 'Y' AND VAHRUAE_DATE1= '21-DEC-20
===========>     (SEVERE)   PO.DoIt: SELECT VAHRUAE_HR_LEAVEDETAIL_ID FROM VAHRUAE_HR_LEAVEDETAIL WHERE C_BPARTNER_ID = 1006731AND VAHRUAE_APPROVE = 'Y' AND VAHRUAE_DATE1= '21-DEC-20 => ORA-01756: quoted string not properly terminated
12:06:21.621    (INFO)     Trx.Start: **** ConnSH637544307816095551System.Random
12:06:21.621    (INFO)     Trx.Commit: **C** ConnSH637544307816095551System.Random
12:06:21.621    (INFO)     Trx.Start: **** ConnSH637544307816185798System.Random
12:06:21.621    (INFO)     Trx.Commit: **C** ConnSH637544307816185798System.Random
12:06:21.621    (INFO)     Trx.Start: **** ConnSH637544307816519653System.Random
12:06:21.621    (INFO)     Trx.Commit: **C** ConnSH637544307816519653System.Random
12:06:21.621    (INFO)     Trx.Start: **** ConnSH637544307816720517System.Random
12:06:21.621    (INFO)     Trx.Commit: **C** ConnSH637544307816720517System.Random
12:06:21.621    (INFO)     Trx.Start: **** ConnSH637544307816844512System.Random
12:06:21.621    (INFO)     Trx.Commit: **C** ConnSH637544307816844512System.Random
===========>     (SEVERE)   OracleHelper.ExecuteReader: ORA-01756: quoted string not properly terminated [Query DR] SELECT VAHRUAE_HR_LEAVEDETAIL_ID FROM VAHRUAE_HR_LEAVEDETAIL WHERE C_BPARTNER_ID = 1006731AND VAHRUAE_APPROVE = 'Y' AND VAHRUAE_DATE1= '20-JAN-21
===========>     (SEVERE)   OracleHelper.ExecuteReader: ORA-01756: quoted string not properly terminated [Query DR] SELECT VAHRUAE_HR_LEAVEDETAIL_ID FROM VAHRUAE_HR_LEAVEDETAIL WHERE C_BPARTNER_ID = 1006731AND VAHRUAE_APPROVE = 'Y' AND VAHRUAE_DATE1= '20-JAN-21
===========>     (SEVERE)   PO.DoIt: SELECT VAHRUAE_HR_LEAVEDETAIL_ID FROM VAHRUAE_HR_LEAVEDETAIL WHERE C_BPARTNER_ID = 1006731AND VAHRUAE_APPROVE = 'Y' AND VAHRUAE_DATE1= '20-JAN-21 => ORA-01756: quoted string not properly terminated
12:06:22.622    (INFO)     Trx.Start: **** ConnSH637544307829176622System.Random
12:06:22.622    (INFO)     Trx.Commit: **C** ConnSH637544307829176622System.Random
12:06:22.622    (INFO)     Trx.Start: **** ConnSH637544307829521260System.Random
12:06:22.622    (INFO)     Trx.Commit: **C** ConnSH637544307829521260System.Random
12:06:22.622    (INFO)     Trx.Start: **** ConnSH637544307829691248System.Random
12:06:22.622    (INFO)     Trx.Commit: **C** ConnSH637544307829691248System.Random
12:06:22.622    (INFO)     Trx.Start: **** ConnSH637544307829781243System.Random
12:06:22.622    (INFO)     Trx.Commit: **C** ConnSH637544307829781243System.Random
12:06:23.623    (INFO)     Trx.Start: **** ConnSH637544307830186497System.Random
12:06:23.623    (INFO)     Trx.Commit: **C** ConnSH637544307830186497System.Random
12:06:23.623    (INFO)     Trx.Start: **** ConnSH637544307830317317System.Random
12:06:23.623    (INFO)     Trx.Commit: **C** ConnSH637544307830317317System.Random
===========>     (SEVERE)   OracleHelper.ExecuteReader: ORA-01756: quoted string not properly terminated [Query DR] SELECT VAHRUAE_HR_LEAVEDETAIL_ID FROM VAHRUAE_HR_LEAVEDETAIL WHERE C_BPARTNER_ID = 1006731AND VAHRUAE_APPROVE = 'Y' AND VAHRUAE_DATE1= '20-FEB-21
===========>     (SEVERE)   OracleHelper.ExecuteReader: ORA-01756: quoted string not properly terminated [Query DR] SELECT VAHRUAE_HR_LEAVEDETAIL_ID FROM VAHRUAE_HR_LEAVEDETAIL WHERE C_BPARTNER_ID = 1006731AND VAHRUAE_APPROVE = 'Y' AND VAHRUAE_DATE1= '20-FEB-21
===========>     (SEVERE)   PO.DoIt: SELECT VAHRUAE_HR_LEAVEDETAIL_ID FROM VAHRUAE_HR_LEAVEDETAIL WHERE C_BPARTNER_ID = 1006731AND VAHRUAE_APPROVE = 'Y' AND VAHRUAE_DATE1= '20-FEB-21 => ORA-01756: quoted string not properly terminated
12:06:24.624    (INFO)     Trx.Start: **** ConnSH637544307844995047System.Random
12:06:24.624    (INFO)     Trx.Commit: **C** ConnSH637544307844995047System.Random
12:06:24.624    (INFO)     Trx.Start: **** ConnSH637544307845075143System.Random
12:06:24.624    (INFO)     Trx.Commit: **C** ConnSH637544307845075143System.Random
12:06:24.624    (INFO)     Trx.Start: **** ConnSH637544307845165140System.Random
12:06:24.624    (INFO)     Trx.Commit: **C** ConnSH637544307845165140System.Random
12:06:24.624    (INFO)     Trx.Start: **** ConnSH637544307845242251System.Random
12:06:24.624    (INFO)     Trx.Commit: **C** ConnSH637544307845242251System.Random
12:06:24.624    (INFO)     Trx.Start: **** ConnSH637544307845321879System.Random
12:06:24.624    (INFO)     Trx.Commit: **C** ConnSH637544307845321879System.Random
12:06:24.624    (INFO)     Trx.Start: **** ConnSH637544307845411881System.Random
12:06:24.624    (INFO)     Trx.Commit: **C** ConnSH637544307845411881System.Random
12:06:24.624    (INFO)     Trx.Start: **** ConnSH637544307845503583System.Random
12:06:24.624    (INFO)     Trx.Commit: **C** ConnSH637544307845503583System.Random
12:06:24.624    (INFO)     Trx.Start: **** ConnSH637544307845583239System.Random
12:06:24.624    (INFO)     Trx.Commit: **C** ConnSH637544307845583239System.Random
12:06:24.624    (INFO)     Trx.Start: **** ConnSH637544307845663644System.Random
12:06:24.624    (INFO)     Trx.Commit: **C** ConnSH637544307845663644System.Random
12:06:24.624    (INFO)     Trx.Start: **** ConnSH637544307845753640System.Random
12:06:24.624    (INFO)     Trx.Commit: **C** ConnSH637544307845753640System.Random
12:06:24.624    (INFO)     Trx.Start: **** ConnSH637544307845832213System.Random
12:06:24.624    (INFO)     Trx.Commit: **C** ConnSH637544307845832213System.Random
===========>     (SEVERE)   OracleHelper.ExecuteReader: ORA-01756: quoted string not properly terminated [Query DR] SELECT VAHRUAE_HR_LEAVEDETAIL_ID FROM VAHRUAE_HR_LEAVEDETAIL WHERE C_BPARTNER_ID = 1006731AND VAHRUAE_APPROVE = 'Y' AND VAHRUAE_DATE1= '19-MAR-21
===========>     (SEVERE)   OracleHelper.ExecuteReader: ORA-01756: quoted string not properly terminated [Query DR] SELECT VAHRUAE_HR_LEAVEDETAIL_ID FROM VAHRUAE_HR_LEAVEDETAIL WHERE C_BPARTNER_ID = 1006731AND VAHRUAE_APPROVE = 'Y' AND VAHRUAE_DATE1= '19-MAR-21
===========>     (SEVERE)   PO.DoIt: SELECT VAHRUAE_HR_LEAVEDETAIL_ID FROM VAHRUAE_HR_LEAVEDETAIL WHERE C_BPARTNER_ID = 1006731AND VAHRUAE_APPROVE = 'Y' AND VAHRUAE_DATE1= '19-MAR-21 => ORA-01756: quoted string not properly terminated
