*** 4/15/2021 11:24:09 AM VAdvantage Log  ***
11:24:09.249    (INFO)     Trx.Start: **** ConnSH637540826496524406System.Random
11:24:09.249    (INFO)     Trx.Commit: **C** ConnSH637540826496524406System.Random
11:24:09.249    (INFO)     MChangeLog.FillChangeLog: #9
11:24:09.249    (INFO)     Trx.Start: **** ConnSH637540826497144396System.Random
11:24:09.249    (INFO)     Trx.Commit: **C** ConnSH637540826497144396System.Random
11:24:09.249    (INFO)     Trx.Start: **** ConnSH637540826497284383System.Random
11:24:09.249    (INFO)     Trx.Commit: **C** ConnSH637540826497284383System.Random
11:24:09.249    (INFO)     Trx.Start: **** ConnSH637540826497394386System.Random
11:24:09.249    (INFO)     Trx.Commit: **C** ConnSH637540826497394386System.Random
11:24:09.249    (INFO)     Trx.Start: **** ConnSH637540826497534421System.Random
11:24:09.249    (INFO)     Trx.Commit: **C** ConnSH637540826497534421System.Random
11:24:09.249    (INFO)     Trx.Start: **** ConnSH637540826497644410System.Random
11:24:09.249    (INFO)     Trx.Commit: **C** ConnSH637540826497644410System.Random
11:24:09.249    (INFO)     Trx.Start: **** ConnSH637540826497744406System.Random
11:24:09.249    (INFO)     Trx.Commit: **C** ConnSH637540826497744406System.Random
11:24:09.249    (INFO)     Trx.Start: **** ConnSH637540826497844728System.Random
11:24:09.249    (INFO)     Trx.Commit: **C** ConnSH637540826497844728System.Random
11:24:09.249    (INFO)     Trx.Start: **** ConnSH637540826497944418System.Random
11:24:09.249    (INFO)     Trx.Commit: **C** ConnSH637540826497944418System.Random
11:24:09.249    (INFO)     Trx.Start: **** ConnSH637540826498044427System.Random
11:24:09.249    (INFO)     Trx.Commit: **C** ConnSH637540826498044427System.Random
11:24:09.249    (INFO)     Trx.Start: **** ConnSH637540826498154436System.Random
11:24:09.249    (INFO)     Trx.Commit: **C** ConnSH637540826498154436System.Random
11:24:09.249    (INFO)     Trx.Start: **** ConnSH637540826498254419System.Random
11:24:09.249    (INFO)     Trx.Commit: **C** ConnSH637540826498254419System.Random
11:24:09.249    (INFO)     Trx.Start: **** ConnSH637540826498344397System.Random
11:24:09.249    (INFO)     Trx.Commit: **C** ConnSH637540826498344397System.Random
11:24:09.249    (INFO)     Trx.Start: **** ConnSH637540826498784396System.Random
11:24:09.249    (INFO)     Trx.Commit: **C** ConnSH637540826498784396System.Random
11:24:09.249    (INFO)     Trx.Start: **** ConnSH637540826498914445System.Random
11:24:09.249    (INFO)     Trx.Commit: **C** ConnSH637540826498914445System.Random
11:24:09.249    (INFO)     Trx.Start: **** ConnSH637540826499004410System.Random
11:24:09.249    (INFO)     Trx.Commit: **C** ConnSH637540826499004410System.Random
11:24:09.249    (INFO)     Trx.Start: **** ConnSH637540826499104396System.Random
11:24:09.249    (INFO)     Trx.Commit: **C** ConnSH637540826499104396System.Random
11:24:09.249    (INFO)     Trx.Start: **** ConnSH637540826499194407System.Random
11:24:09.249    (INFO)     Trx.Commit: **C** ConnSH637540826499194407System.Random
11:24:09.249    (INFO)     Trx.Start: **** ConnSH637540826499294415System.Random
11:24:09.249    (INFO)     Trx.Commit: **C** ConnSH637540826499294415System.Random
11:24:09.249    (INFO)     Trx.Start: **** ConnSH637540826499384412System.Random
11:24:09.249    (INFO)     Trx.Commit: **C** ConnSH637540826499384412System.Random
11:24:09.249    (INFO)     Trx.Start: **** ConnSH637540826499484434System.Random
11:24:09.249    (INFO)     Trx.Commit: **C** ConnSH637540826499484434System.Random
11:24:09.249    (INFO)     Trx.Start: **** ConnSH637540826499584459System.Random
11:24:09.249    (INFO)     Trx.Commit: **C** ConnSH637540826499584459System.Random
11:24:09.249    (INFO)     Trx.Start: **** ConnSH637540826499714400System.Random
11:24:09.249    (INFO)     Trx.Commit: **C** ConnSH637540826499714400System.Random
11:24:09.249    (INFO)     Trx.Start: **** ConnSH637540826499864397System.Random
11:24:09.249    (INFO)     Trx.Commit: **C** ConnSH637540826499864397System.Random
11:24:10.241    (INFO)     Trx.Start: **** ConnSH637540826500014441System.Random
11:24:10.241    (INFO)     Trx.Commit: **C** ConnSH637540826500014441System.Random
11:24:10.241    (INFO)     Trx.Start: **** ConnSH637540826500114394System.Random
11:24:10.241    (INFO)     Trx.Commit: **C** ConnSH637540826500114394System.Random
11:24:10.241    (INFO)     Trx.Start: **** ConnSH637540826500204422System.Random
11:24:10.241    (INFO)     Trx.Commit: **C** ConnSH637540826500204422System.Random
11:24:10.241    (INFO)     Trx.Start: **** ConnSH637540826500304393System.Random
11:24:10.241    (INFO)     Trx.Commit: **C** ConnSH637540826500304393System.Random
11:24:10.241    (INFO)     Trx.Start: **** ConnSH637540826500404437System.Random
11:24:10.241    (INFO)     Trx.Commit: **C** ConnSH637540826500404437System.Random
11:24:10.241    (INFO)     Trx.Start: **** ConnSH637540826500494416System.Random
11:24:10.241    (INFO)     Trx.Commit: **C** ConnSH637540826500494416System.Random
11:24:10.241    (INFO)     Trx.Start: **** ConnSH637540826500594441System.Random
11:24:10.241    (INFO)     Trx.Commit: **C** ConnSH637540826500594441System.Random
11:24:10.241    (INFO)     Trx.Start: **** ConnSH637540826500694434System.Random
11:24:10.241    (INFO)     Trx.Commit: **C** ConnSH637540826500694434System.Random
11:24:10.241    (INFO)     Trx.Start: **** ConnSH637540826500794442System.Random
11:24:10.241    (INFO)     Trx.Commit: **C** ConnSH637540826500794442System.Random
11:24:10.241    (INFO)     Trx.Start: **** ConnSH637540826500884419System.Random
11:24:10.241    (INFO)     Trx.Commit: **C** ConnSH637540826500884419System.Random
11:24:10.241    (INFO)     Trx.Start: **** ConnSH637540826500984416System.Random
11:24:10.241    (INFO)     Trx.Commit: **C** ConnSH637540826500984416System.Random
11:24:10.241    (INFO)     Trx.Start: **** ConnSH637540826501084443System.Random
11:24:10.241    (INFO)     Trx.Commit: **C** ConnSH637540826501084443System.Random
11:24:10.241    (INFO)     Trx.Start: **** ConnSH637540826501184422System.Random
11:24:10.241    (INFO)     Trx.Commit: **C** ConnSH637540826501184422System.Random
11:24:10.241    (INFO)     Trx.Start: **** ConnSH637540826501284422System.Random
11:24:10.241    (INFO)     Trx.Commit: **C** ConnSH637540826501284422System.Random
11:24:10.241    (INFO)     Trx.Start: **** ConnSH637540826501384410System.Random
11:24:10.241    (INFO)     Trx.Commit: **C** ConnSH637540826501384410System.Random
11:24:10.241    (INFO)     Trx.Start: **** ConnSH637540826501474417System.Random
11:24:10.241    (INFO)     Trx.Commit: **C** ConnSH637540826501474417System.Random
11:24:10.241    (INFO)     Trx.Start: **** ConnSH637540826501614418System.Random
11:24:10.241    (INFO)     Trx.Commit: **C** ConnSH637540826501614418System.Random
11:24:10.241    (INFO)     Trx.Start: **** ConnSH637540826501704426System.Random
11:24:10.241    (INFO)     Trx.Commit: **C** ConnSH637540826501704426System.Random
11:24:10.241    (INFO)     Trx.Start: **** ConnSH637540826501804417System.Random
11:24:10.241    (INFO)     Trx.Commit: **C** ConnSH637540826501804417System.Random
11:24:10.241    (INFO)     Trx.Start: **** ConnSH637540826501904450System.Random
11:24:10.241    (INFO)     Trx.Commit: **C** ConnSH637540826501904450System.Random
11:24:10.241    (INFO)     Trx.Start: **** ConnSH637540826502044447System.Random
11:24:10.241    (INFO)     Trx.Commit: **C** ConnSH637540826502044447System.Random
11:24:10.241    (INFO)     Trx.Start: **** ConnSH637540826502144418System.Random
11:24:10.241    (INFO)     Trx.Commit: **C** ConnSH637540826502144418System.Random
11:24:10.241    (INFO)     Trx.Start: **** ConnSH637540826502244451System.Random
11:24:10.241    (INFO)     Trx.Commit: **C** ConnSH637540826502244451System.Random
11:24:10.241    (INFO)     Trx.Start: **** ConnSH637540826502344432System.Random
11:24:10.241    (INFO)     Trx.Commit: **C** ConnSH637540826502344432System.Random
11:24:10.241    (INFO)     Trx.Start: **** ConnSH637540826502444743System.Random
11:24:10.241    (INFO)     Trx.Commit: **C** ConnSH637540826502444743System.Random
11:24:10.241    (INFO)     Trx.Start: **** ConnSH637540826502544438System.Random
11:24:10.241    (INFO)     Trx.Commit: **C** ConnSH637540826502544438System.Random
11:24:10.241    (INFO)     Trx.Start: **** ConnSH637540826502654403System.Random
11:24:10.241    (INFO)     Trx.Commit: **C** ConnSH637540826502654403System.Random
11:24:10.241    (INFO)     Trx.Start: **** ConnSH637540826502784427System.Random
11:24:10.241    (INFO)     Trx.Commit: **C** ConnSH637540826502784427System.Random
11:24:10.241    (INFO)     Trx.Start: **** ConnSH637540826502884423System.Random
11:24:10.241    (INFO)     Trx.Commit: **C** ConnSH637540826502884423System.Random
11:24:10.241    (INFO)     Trx.Start: **** ConnSH637540826502974415System.Random
11:24:10.241    (INFO)     Trx.Commit: **C** ConnSH637540826502974415System.Random
11:24:10.241    (INFO)     Trx.Start: **** ConnSH637540826503064652System.Random
11:24:10.241    (INFO)     Trx.Commit: **C** ConnSH637540826503064652System.Random
11:24:10.241    (INFO)     Trx.Start: **** ConnSH637540826503194394System.Random
11:24:10.241    (INFO)     Trx.Commit: **C** ConnSH637540826503194394System.Random
11:24:10.241    (INFO)     Trx.Start: **** ConnSH637540826503294420System.Random
11:24:10.241    (INFO)     Trx.Commit: **C** ConnSH637540826503294420System.Random
11:24:10.241    (INFO)     Trx.Start: **** ConnSH637540826503384420System.Random
11:24:10.241    (INFO)     Trx.Commit: **C** ConnSH637540826503384420System.Random
11:24:10.241    (INFO)     Trx.Start: **** ConnSH637540826503494433System.Random
11:24:10.241    (INFO)     Trx.Commit: **C** ConnSH637540826503494433System.Random
11:24:10.241    (INFO)     Trx.Start: **** ConnSH637540826503594399System.Random
11:24:10.241    (INFO)     Trx.Commit: **C** ConnSH637540826503594399System.Random
11:24:10.241    (INFO)     Trx.Start: **** ConnSH637540826503694394System.Random
11:24:10.241    (INFO)     Trx.Commit: **C** ConnSH637540826503694394System.Random
11:24:10.241    (INFO)     Trx.Start: **** ConnSH637540826503784393System.Random
11:24:10.241    (INFO)     Trx.Commit: **C** ConnSH637540826503784393System.Random
11:24:10.241    (INFO)     Trx.Start: **** ConnSH637540826503884387System.Random
11:24:10.241    (INFO)     Trx.Commit: **C** ConnSH637540826503884387System.Random
11:24:10.241    (INFO)     Trx.Start: **** ConnSH637540826503994390System.Random
11:24:10.241    (INFO)     Trx.Commit: **C** ConnSH637540826503994390System.Random
11:24:10.241    (INFO)     Trx.Start: **** ConnSH637540826504094400System.Random
11:24:10.241    (INFO)     Trx.Commit: **C** ConnSH637540826504094400System.Random
11:24:10.241    (INFO)     Trx.Start: **** ConnSH637540826504194399System.Random
11:24:10.241    (INFO)     Trx.Commit: **C** ConnSH637540826504194399System.Random
11:24:10.241    (INFO)     Trx.Start: **** ConnSH637540826504324394System.Random
11:24:10.241    (INFO)     Trx.Commit: **C** ConnSH637540826504324394System.Random
11:24:10.241    (INFO)     Trx.Start: **** ConnSH637540826504424403System.Random
11:24:10.241    (INFO)     Trx.Commit: **C** ConnSH637540826504424403System.Random
11:24:10.241    (INFO)     Trx.Start: **** ConnSH637540826504524729System.Random
11:24:10.241    (INFO)     Trx.Commit: **C** ConnSH637540826504524729System.Random
11:24:10.241    (INFO)     Trx.Start: **** ConnSH637540826504624393System.Random
11:24:10.241    (INFO)     Trx.Commit: **C** ConnSH637540826504624393System.Random
11:24:10.241    (INFO)     Trx.Start: **** ConnSH637540826504764390System.Random
11:24:10.241    (INFO)     Trx.Commit: **C** ConnSH637540826504764390System.Random
11:24:10.241    (INFO)     Trx.Start: **** ConnSH637540826504864394System.Random
11:24:10.241    (INFO)     Trx.Commit: **C** ConnSH637540826504864394System.Random
11:24:10.241    (INFO)     Trx.Start: **** ConnSH637540826504954399System.Random
11:24:10.241    (INFO)     Trx.Commit: **C** ConnSH637540826504954399System.Random
11:24:10.241    (INFO)     Trx.Start: **** ConnSH637540826505094683System.Random
11:24:10.241    (INFO)     Trx.Commit: **C** ConnSH637540826505094683System.Random
11:24:10.241    (INFO)     Trx.Start: **** ConnSH637540826505184608System.Random
11:24:10.241    (INFO)     Trx.Commit: **C** ConnSH637540826505184608System.Random
11:24:10.241    (INFO)     Trx.Start: **** ConnSH637540826505294750System.Random
11:24:10.241    (INFO)     Trx.Commit: **C** ConnSH637540826505294750System.Random
11:24:10.241    (INFO)     Trx.Start: **** ConnSH637540826505424440System.Random
11:24:10.241    (INFO)     Trx.Commit: **C** ConnSH637540826505424440System.Random
11:24:10.241    (INFO)     Trx.Start: **** ConnSH637540826505524384System.Random
11:24:10.241    (INFO)     Trx.Commit: **C** ConnSH637540826505524384System.Random
11:24:10.241    (INFO)     Trx.Start: **** ConnSH637540826505634380System.Random
11:24:10.241    (INFO)     Trx.Commit: **C** ConnSH637540826505634380System.Random
11:24:10.241    (INFO)     Trx.Start: **** ConnSH637540826505724388System.Random
11:24:10.241    (INFO)     Trx.Commit: **C** ConnSH637540826505724388System.Random
11:24:10.241    (INFO)     Trx.Start: **** ConnSH637540826505864417System.Random
11:24:10.241    (INFO)     Trx.Commit: **C** ConnSH637540826505864417System.Random
11:24:10.241    (INFO)     Trx.Start: **** ConnSH637540826506004851System.Random
11:24:10.241    (INFO)     Trx.Commit: **C** ConnSH637540826506004851System.Random
11:24:10.241    (INFO)     Trx.Start: **** ConnSH637540826506144386System.Random
11:24:10.241    (INFO)     Trx.Commit: **C** ConnSH637540826506144386System.Random
11:24:10.241    (INFO)     Trx.Start: **** ConnSH637540826506244403System.Random
11:24:10.241    (INFO)     Trx.Commit: **C** ConnSH637540826506244403System.Random
11:24:10.241    (INFO)     Trx.Start: **** ConnSH637540826506344384System.Random
11:24:10.241    (INFO)     Trx.Commit: **C** ConnSH637540826506344384System.Random
11:24:10.241    (INFO)     Trx.Start: **** ConnSH637540826506444393System.Random
11:24:10.241    (INFO)     Trx.Commit: **C** ConnSH637540826506444393System.Random
11:24:10.241    (INFO)     Trx.Start: **** ConnSH637540826506544394System.Random
11:24:10.241    (INFO)     Trx.Commit: **C** ConnSH637540826506544394System.Random
11:24:10.241    (INFO)     Trx.Start: **** ConnSH637540826506644416System.Random
11:24:10.241    (INFO)     Trx.Commit: **C** ConnSH637540826506644416System.Random
11:24:10.241    (INFO)     Trx.Start: **** ConnSH637540826506744437System.Random
11:24:10.241    (INFO)     Trx.Commit: **C** ConnSH637540826506744437System.Random
11:24:10.241    (INFO)     Trx.Start: **** ConnSH637540826506844649System.Random
11:24:10.241    (INFO)     Trx.Commit: **C** ConnSH637540826506844649System.Random
11:24:10.241    (INFO)     Trx.Start: **** ConnSH637540826506994423System.Random
11:24:10.241    (INFO)     Trx.Commit: **C** ConnSH637540826506994423System.Random
11:24:10.241    (INFO)     Trx.Start: **** ConnSH637540826507084442System.Random
11:24:10.241    (INFO)     Trx.Commit: **C** ConnSH637540826507084442System.Random
11:24:10.241    (INFO)     Trx.Start: **** ConnSH637540826507184440System.Random
11:24:10.241    (INFO)     Trx.Commit: **C** ConnSH637540826507184440System.Random
11:24:10.241    (INFO)     Trx.Start: **** ConnSH637540826507284436System.Random
11:24:10.241    (INFO)     Trx.Commit: **C** ConnSH637540826507284436System.Random
11:24:10.241    (INFO)     Trx.Start: **** ConnSH637540826507394439System.Random
11:24:10.241    (INFO)     Trx.Commit: **C** ConnSH637540826507394439System.Random
11:24:10.241    (INFO)     Trx.Start: **** ConnSH637540826507494744System.Random
11:24:10.241    (INFO)     Trx.Commit: **C** ConnSH637540826507494744System.Random
11:24:10.241    (INFO)     Trx.Start: **** ConnSH637540826507594431System.Random
11:24:10.241    (INFO)     Trx.Commit: **C** ConnSH637540826507594431System.Random
11:24:10.241    (INFO)     Trx.Start: **** ConnSH637540826507694766System.Random
11:24:10.241    (INFO)     Trx.Commit: **C** ConnSH637540826507694766System.Random
11:24:10.241    (INFO)     Trx.Start: **** ConnSH637540826507794409System.Random
11:24:10.241    (INFO)     Trx.Commit: **C** ConnSH637540826507794409System.Random
11:24:10.241    (INFO)     Trx.Start: **** ConnSH637540826507894433System.Random
11:24:10.241    (INFO)     Trx.Commit: **C** ConnSH637540826507894433System.Random
11:24:10.241    (INFO)     Trx.Start: **** ConnSH637540826507994436System.Random
11:24:10.241    (INFO)     Trx.Commit: **C** ConnSH637540826507994436System.Random
11:24:10.241    (INFO)     Trx.Start: **** ConnSH637540826508104437System.Random
11:24:10.241    (INFO)     Trx.Commit: **C** ConnSH637540826508104437System.Random
11:24:10.241    (INFO)     Trx.Start: **** ConnSH637540826508194415System.Random
11:24:10.241    (INFO)     Trx.Commit: **C** ConnSH637540826508194415System.Random
11:24:10.241    (INFO)     Trx.Start: **** ConnSH637540826508294744System.Random
11:24:10.241    (INFO)     Trx.Commit: **C** ConnSH637540826508294744System.Random
11:24:10.241    (INFO)     Trx.Start: **** ConnSH637540826508434394System.Random
11:24:10.241    (INFO)     Trx.Commit: **C** ConnSH637540826508434394System.Random
11:24:10.241    (INFO)     Trx.Start: **** ConnSH637540826508534778System.Random
11:24:10.241    (INFO)     Trx.Commit: **C** ConnSH637540826508534778System.Random
11:24:10.241    (INFO)     Trx.Start: **** ConnSH637540826508644398System.Random
11:24:10.241    (INFO)     Trx.Commit: **C** ConnSH637540826508644398System.Random
11:24:10.241    (INFO)     Trx.Start: **** ConnSH637540826508734419System.Random
11:24:10.241    (INFO)     Trx.Commit: **C** ConnSH637540826508734419System.Random
11:24:10.241    (INFO)     Trx.Start: **** ConnSH637540826508834385System.Random
11:24:10.241    (INFO)     Trx.Commit: **C** ConnSH637540826508834385System.Random
11:24:10.241    (INFO)     Trx.Start: **** ConnSH637540826508934398System.Random
11:24:10.241    (INFO)     Trx.Commit: **C** ConnSH637540826508934398System.Random
11:24:10.241    (INFO)     Trx.Start: **** ConnSH637540826509034439System.Random
11:24:10.241    (INFO)     Trx.Commit: **C** ConnSH637540826509034439System.Random
11:24:10.241    (INFO)     Trx.Start: **** ConnSH637540826509174410System.Random
11:24:10.241    (INFO)     Trx.Commit: **C** ConnSH637540826509174410System.Random
11:24:10.241    (INFO)     Trx.Start: **** ConnSH637540826509274413System.Random
11:24:10.241    (INFO)     Trx.Commit: **C** ConnSH637540826509274413System.Random
11:24:10.241    (INFO)     Trx.Start: **** ConnSH637540826509374775System.Random
11:24:10.241    (INFO)     Trx.Commit: **C** ConnSH637540826509374775System.Random
11:24:10.241    (INFO)     Trx.Start: **** ConnSH637540826509474869System.Random
11:24:10.241    (INFO)     Trx.Commit: **C** ConnSH637540826509474869System.Random
11:24:10.241    (INFO)     Trx.Start: **** ConnSH637540826509564410System.Random
11:24:10.241    (INFO)     Trx.Commit: **C** ConnSH637540826509564410System.Random
11:24:10.241    (INFO)     Trx.Start: **** ConnSH637540826509664440System.Random
11:24:10.241    (INFO)     Trx.Commit: **C** ConnSH637540826509664440System.Random
11:24:10.241    (INFO)     Trx.Start: **** ConnSH637540826509804428System.Random
11:24:10.241    (INFO)     Trx.Commit: **C** ConnSH637540826509804428System.Random
===========>     (SEVERE)   CalculatePenalties.StartProcess: Index was outside the bounds of the array.
