*** 4/15/2021 11:54:04 AM VAdvantage Log  ***
11:54:04.544    (INFO)     Trx.Start: **** ConnSH637540844445682859System.Random
11:54:04.544    (INFO)     Trx.Commit: **C** ConnSH637540844445682859System.Random
11:54:04.544    (INFO)     MChangeLog.FillChangeLog: #9
11:54:17.541    (INFO)     Trx.Start: **** ConnSH637540844577224849System.Random
11:54:17.541    (INFO)     Trx.Commit: **C** ConnSH637540844577224849System.Random
11:54:17.541    (INFO)     Trx.Start: **** ConnSH637540844578265183System.Random
11:54:17.541    (INFO)     Trx.Commit: **C** ConnSH637540844578265183System.Random
11:54:17.541    (INFO)     Trx.Start: **** ConnSH637540844579022104System.Random
11:54:17.541    (INFO)     Trx.Commit: **C** ConnSH637540844579022104System.Random
11:54:17.541    (INFO)     Trx.Start: **** ConnSH637540844579693836System.Random
11:54:17.541    (INFO)     Trx.Commit: **C** ConnSH637540844579693836System.Random
11:54:17.541    (INFO)     CacheMgt.Reset: AD_Process: #1 (1)
11:54:45.544    (INFO)     Trx.Start: **** ConnSH637540844859150277System.Random
11:54:45.544    (INFO)     Trx.Commit: **C** ConnSH637540844859150277System.Random
12:00:03.030    (INFO)     Trx.Start: **** ConnSH637540848034241935System.Random
12:00:03.030    (INFO)     Trx.Commit: **C** ConnSH637540848034241935System.Random
12:00:03.030    (INFO)     Trx.Start: **** ConnSH637540848034932196System.Random
12:00:03.030    (INFO)     Trx.Commit: **C** ConnSH637540848034932196System.Random
12:00:03.030    (INFO)     Trx.Start: **** ConnSH637540848035691940System.Random
12:00:03.030    (INFO)     Trx.Commit: **C** ConnSH637540848035691940System.Random
