*** 5/9/2021 12:54:51 PM VAdvantage Log  ***
12:54:51.545    (INFO)     MSession.Logout: 02:01:43.363
12:54:53.545    (INFO)     MRole.Get: AD_Role_ID=0, AD_User_ID=100, reload=True
12:54:53.545    (INFO)     MRole.Get: MRole[0,System Administrator,UserLevel=S  ,AD_Client_ID=0,AD_Org_ID=0]
12:54:53.545    (INFO)     MRole.Get: AD_Role_ID=0, AD_User_ID=100, reload=True
12:54:53.545    (INFO)     MRole.Get: MRole[0,System Administrator,UserLevel=S  ,AD_Client_ID=0,AD_Org_ID=0]
12:54:53.545    (INFO)     MTree.Load: AD_Tree_ID=121, AD_User_ID=100, Editable=False, OnClient=True
12:54:53.545    (INFO)     Trx.Start: **** ConnSH637561616935518238System.Random
12:54:53.545    (INFO)     Trx.Commit: **C** ConnSH637561616935518238System.Random
----------->     (WARNING)  AccessSqlParser.GetTableInfo: More than one FROM clause - SELECT AppointmentsInfo.Appointmentsinfo_id AS ID,AppointmentsInfo.AD_Client_ID,AppointmentsInfo.AD_Org_ID  FROM AppointmentsInfo JOIN AD_User ON AD_User.AD_User_ID =AppointmentsInfo.CreatedBy WHERE AppointmentsInfo.IsRead='N' AND AppointmentsInfo.istask ='N'  AND AppointmentsInfo.AD_User_ID  = 100  UNION SELECT AppointmentsInfo.Appointmentsinfo_id AS ID, AppointmentsInfo.AD_Client_ID,AppointmentsInfo.AD_Org_ID FROM AppointmentsInfo  JOIN AD_User ON AD_User.AD_User_ID = AppointmentsInfo.CreatedBy  WHERE (AppointmentsInfo.IsRead ='Y'   AND AppointmentsInfo.AD_User_ID = 100 )  AND AppointmentsInfo.istask ='N'  AND AppointmentsInfo.startDate BETWEEN to_date('5/08/21','mm/dd/yy') and to_date('5/16/21 23.59','mm/dd/yy HH24:MI')   OR  to_date('5/09/21','mm/dd/yy')  BETWEEN  AppointmentsInfo.startDate  AND AppointmentsInfo.endDate  AND  AppointmentsInfo.CreatedBy  !=100 AND AppointmentsInfo.AD_User_ID  = 100)
----------->     (WARNING)  AccessSqlParser.GetTableInfo: Could not remove ON AppointmentsInfo JOIN AD_User ON AD_User.AD_User_ID =AppointmentsInfo.CreatedBy
----------->     (WARNING)  GridTable.GetField: Not found: 'Created'
----------->     (WARNING)  GridTable.GetField: Not found: 'CreatedBy'
----------->     (WARNING)  GridTable.GetField: Not found: 'Updated'
----------->     (WARNING)  GridTable.GetField: Not found: 'UpdatedBy'
===========>     (SEVERE)   OracleHelper.ExecuteDataset: ORA-00942: table or view does not exist [Query D] => SELECT vadms_windowdoclink_id, record_id FROM VADMS_WindowDocLink wdl JOIN vadms_document doc ON wdl.VADMS_Document_ID  =doc.VADMS_Document_ID WHERE doc.vadms_docstatus!='DD' AND AD_Table_ID =100
----------->     (WARNING)  GridTable.GetField: Not found: 'Created'
----------->     (WARNING)  GridTable.GetField: Not found: 'CreatedBy'
----------->     (WARNING)  GridTable.GetField: Not found: 'Updated'
----------->     (WARNING)  GridTable.GetField: Not found: 'UpdatedBy'
----------->     (WARNING)  GridTable.GetField: Not found: 'Created'
----------->     (WARNING)  GridTable.GetField: Not found: 'CreatedBy'
----------->     (WARNING)  GridTable.GetField: Not found: 'Updated'
----------->     (WARNING)  GridTable.GetField: Not found: 'UpdatedBy'
===========>     (SEVERE)   OracleHelper.ExecuteDataset: ORA-00942: table or view does not exist [Query D] => SELECT vadms_windowdoclink_id, record_id FROM VADMS_WindowDocLink wdl JOIN vadms_document doc ON wdl.VADMS_Document_ID  =doc.VADMS_Document_ID WHERE doc.vadms_docstatus!='DD' AND AD_Table_ID =101
----------->     (WARNING)  GridTable.GetField: Not found: 'Created'
----------->     (WARNING)  GridTable.GetField: Not found: 'CreatedBy'
----------->     (WARNING)  GridTable.GetField: Not found: 'Updated'
----------->     (WARNING)  GridTable.GetField: Not found: 'UpdatedBy'
----------->     (WARNING)  GridTable.GetField: Not found: 'Created'
----------->     (WARNING)  GridTable.GetField: Not found: 'CreatedBy'
----------->     (WARNING)  GridTable.GetField: Not found: 'Updated'
----------->     (WARNING)  GridTable.GetField: Not found: 'UpdatedBy'
----------->     (WARNING)  GridTable.GetField: Not found: 'Created'
----------->     (WARNING)  GridTable.GetField: Not found: 'CreatedBy'
----------->     (WARNING)  GridTable.GetField: Not found: 'Updated'
----------->     (WARNING)  GridTable.GetField: Not found: 'UpdatedBy'
12:54:59.545    (INFO)     Trx.Start: **** ConnSH637561616992983253System.Random
12:54:59.545    (INFO)     Trx.Commit: **C** ConnSH637561616992983253System.Random
12:55:00.550    (INFO)     Trx.Start: **** ConnSH637561617008616536System.Random
12:55:00.550    (INFO)     Trx.Commit: **C** ConnSH637561617008616536System.Random
12:55:02.552    (INFO)     Trx.Start: **** ConnSH637561617023504075System.Random
12:55:02.552    (INFO)     Trx.Commit: **C** ConnSH637561617023504075System.Random
12:55:30.553    (INFO)     Trx.Start: **** ConnSH637561617307990410System.Random
12:55:30.553    (INFO)     Trx.Commit: **C** ConnSH637561617307990410System.Random
12:55:42.554    (INFO)     Trx.Start: **** ConnSH637561617428233678System.Random
12:55:42.554    (INFO)     Trx.Commit: **C** ConnSH637561617428233678System.Random
12:55:56.555    (INFO)     Trx.Start: **** ConnSH637561617563860715System.Random
12:55:56.555    (INFO)     Trx.Commit: **C** ConnSH637561617563860715System.Random
12:56:07.567    (INFO)     MChangeLog.FillChangeLog: #9
12:56:07.567    (INFO)     Trx.Start: **** ConnSH637561617671668441System.Random
