*** 4/15/2021 2:01:05 PM VAdvantage Log  ***
02:01:05.150    (INFO)     Trx.Start: **** ConnSH637540920654334897System.Random
02:01:05.150    (INFO)     Trx.Commit: **C** ConnSH637540920654334897System.Random
02:01:05.150    (INFO)     MChangeLog.FillChangeLog: #9
02:01:05.150    (INFO)     Trx.Start: **** ConnSH637540920655071569System.Random
02:01:05.150    (INFO)     Trx.Commit: **C** ConnSH637540920655071569System.Random
02:01:05.150    (INFO)     Trx.Start: **** ConnSH637540920655231831System.Random
02:01:05.150    (INFO)     Trx.Commit: **C** ConnSH637540920655231831System.Random
02:01:05.150    (INFO)     Trx.Start: **** ConnSH637540920655400304System.Random
02:01:05.150    (INFO)     Trx.Commit: **C** ConnSH637540920655400304System.Random
02:01:05.150    (INFO)     Trx.Start: **** ConnSH637540920655550649System.Random
02:01:05.150    (INFO)     Trx.Commit: **C** ConnSH637540920655550649System.Random
02:01:05.150    (INFO)     Trx.Start: **** ConnSH637540920655721682System.Random
02:01:05.150    (INFO)     Trx.Commit: **C** ConnSH637540920655721682System.Random
02:01:05.150    (INFO)     Trx.Start: **** ConnSH637540920655889794System.Random
02:01:05.150    (INFO)     Trx.Commit: **C** ConnSH637540920655889794System.Random
02:01:05.150    (INFO)     Trx.Start: **** ConnSH637540920656276058System.Random
02:01:05.150    (INFO)     Trx.Commit: **C** ConnSH637540920656276058System.Random
02:01:05.150    (INFO)     Trx.Start: **** ConnSH637540920656442577System.Random
02:01:05.150    (INFO)     Trx.Commit: **C** ConnSH637540920656442577System.Random
02:01:05.150    (INFO)     Trx.Start: **** ConnSH637540920656592834System.Random
02:01:05.150    (INFO)     Trx.Commit: **C** ConnSH637540920656592834System.Random
02:01:05.150    (INFO)     Trx.Start: **** ConnSH637540920656741537System.Random
02:01:05.150    (INFO)     Trx.Commit: **C** ConnSH637540920656741537System.Random
02:01:05.150    (INFO)     Trx.Start: **** ConnSH637540920656897911System.Random
02:01:05.150    (INFO)     Trx.Commit: **C** ConnSH637540920656897911System.Random
02:01:05.150    (INFO)     Trx.Start: **** ConnSH637540920657045211System.Random
02:01:05.150    (INFO)     Trx.Commit: **C** ConnSH637540920657045211System.Random
02:01:05.150    (INFO)     Trx.Start: **** ConnSH637540920657209315System.Random
02:01:05.150    (INFO)     Trx.Commit: **C** ConnSH637540920657209315System.Random
02:01:05.150    (INFO)     Trx.Start: **** ConnSH637540920657385124System.Random
02:01:05.150    (INFO)     Trx.Commit: **C** ConnSH637540920657385124System.Random
02:01:05.150    (INFO)     Trx.Start: **** ConnSH637540920657508666System.Random
02:01:05.150    (INFO)     Trx.Commit: **C** ConnSH637540920657508666System.Random
02:01:05.150    (INFO)     Trx.Start: **** ConnSH637540920657628681System.Random
02:01:05.150    (INFO)     Trx.Commit: **C** ConnSH637540920657628681System.Random
02:01:05.150    (INFO)     Trx.Start: **** ConnSH637540920657782982System.Random
02:01:05.150    (INFO)     Trx.Commit: **C** ConnSH637540920657782982System.Random
02:01:05.150    (INFO)     Trx.Start: **** ConnSH637540920657934969System.Random
02:01:05.150    (INFO)     Trx.Commit: **C** ConnSH637540920657934969System.Random
02:01:05.150    (INFO)     Trx.Start: **** ConnSH637540920658084841System.Random
02:01:05.150    (INFO)     Trx.Commit: **C** ConnSH637540920658084841System.Random
02:01:05.150    (INFO)     Trx.Start: **** ConnSH637540920658232242System.Random
02:01:05.150    (INFO)     Trx.Commit: **C** ConnSH637540920658232242System.Random
02:01:05.150    (INFO)     Trx.Start: **** ConnSH637540920658349419System.Random
02:01:05.150    (INFO)     Trx.Commit: **C** ConnSH637540920658349419System.Random
02:01:05.150    (INFO)     Trx.Start: **** ConnSH637540920658511540System.Random
02:01:05.150    (INFO)     Trx.Commit: **C** ConnSH637540920658511540System.Random
02:01:05.150    (INFO)     Trx.Start: **** ConnSH637540920658679924System.Random
02:01:05.150    (INFO)     Trx.Commit: **C** ConnSH637540920658679924System.Random
02:01:05.150    (INFO)     Trx.Start: **** ConnSH637540920658860367System.Random
02:01:05.150    (INFO)     Trx.Commit: **C** ConnSH637540920658860367System.Random
02:01:05.150    (INFO)     Trx.Start: **** ConnSH637540920659015370System.Random
02:01:05.150    (INFO)     Trx.Commit: **C** ConnSH637540920659015370System.Random
02:01:05.150    (INFO)     Trx.Start: **** ConnSH637540920659165307System.Random
02:01:05.150    (INFO)     Trx.Commit: **C** ConnSH637540920659165307System.Random
02:01:05.150    (INFO)     Trx.Start: **** ConnSH637540920659320024System.Random
02:01:05.150    (INFO)     Trx.Commit: **C** ConnSH637540920659320024System.Random
02:01:05.150    (INFO)     Trx.Start: **** ConnSH637540920659443381System.Random
02:01:05.150    (INFO)     Trx.Commit: **C** ConnSH637540920659443381System.Random
02:01:05.150    (INFO)     Trx.Start: **** ConnSH637540920659603740System.Random
02:01:05.150    (INFO)     Trx.Commit: **C** ConnSH637540920659603740System.Random
02:01:05.150    (INFO)     Trx.Start: **** ConnSH637540920659774092System.Random
02:01:05.150    (INFO)     Trx.Commit: **C** ConnSH637540920659774092System.Random
02:01:05.150    (INFO)     Trx.Start: **** ConnSH637540920659924094System.Random
02:01:05.150    (INFO)     Trx.Commit: **C** ConnSH637540920659924094System.Random
02:01:06.160    (INFO)     Trx.Start: **** ConnSH637540920660085078System.Random
02:01:06.160    (INFO)     Trx.Commit: **C** ConnSH637540920660085078System.Random
02:01:06.160    (INFO)     Trx.Start: **** ConnSH637540920660239778System.Random
02:01:06.160    (INFO)     Trx.Commit: **C** ConnSH637540920660239778System.Random
02:01:06.160    (INFO)     Trx.Start: **** ConnSH637540920660409805System.Random
02:01:06.160    (INFO)     Trx.Commit: **C** ConnSH637540920660409805System.Random
02:01:06.160    (INFO)     Trx.Start: **** ConnSH637540920660570628System.Random
02:01:06.160    (INFO)     Trx.Commit: **C** ConnSH637540920660570628System.Random
02:01:06.160    (INFO)     Trx.Start: **** ConnSH637540920660712003System.Random
02:01:06.160    (INFO)     Trx.Commit: **C** ConnSH637540920660712003System.Random
02:01:06.160    (INFO)     Trx.Start: **** ConnSH637540920660831812System.Random
02:01:06.160    (INFO)     Trx.Commit: **C** ConnSH637540920660831812System.Random
02:01:06.160    (INFO)     Trx.Start: **** ConnSH637540920660983375System.Random
02:01:06.160    (INFO)     Trx.Commit: **C** ConnSH637540920660983375System.Random
02:01:06.160    (INFO)     Trx.Start: **** ConnSH637540920661121786System.Random
02:01:06.160    (INFO)     Trx.Commit: **C** ConnSH637540920661121786System.Random
02:01:06.160    (INFO)     Trx.Start: **** ConnSH637540920663888435System.Random
02:01:06.160    (INFO)     Trx.Commit: **C** ConnSH637540920663888435System.Random
02:01:06.160    (INFO)     Trx.Start: **** ConnSH637540920664048458System.Random
02:01:06.160    (INFO)     Trx.Commit: **C** ConnSH637540920664048458System.Random
02:01:06.160    (INFO)     Trx.Start: **** ConnSH637540920664205263System.Random
02:01:06.160    (INFO)     Trx.Commit: **C** ConnSH637540920664205263System.Random
02:01:06.160    (INFO)     Trx.Start: **** ConnSH637540920664357113System.Random
02:01:06.160    (INFO)     Trx.Commit: **C** ConnSH637540920664357113System.Random
02:01:06.160    (INFO)     Trx.Start: **** ConnSH637540920664541440System.Random
02:01:06.160    (INFO)     Trx.Commit: **C** ConnSH637540920664541440System.Random
02:01:06.160    (INFO)     Trx.Start: **** ConnSH637540920664655523System.Random
02:01:06.160    (INFO)     Trx.Commit: **C** ConnSH637540920664655523System.Random
02:01:06.160    (INFO)     Trx.Start: **** ConnSH637540920664815002System.Random
02:01:06.160    (INFO)     Trx.Commit: **C** ConnSH637540920664815002System.Random
02:01:06.160    (INFO)     Trx.Start: **** ConnSH637540920664982315System.Random
02:01:06.160    (INFO)     Trx.Commit: **C** ConnSH637540920664982315System.Random
02:01:06.160    (INFO)     Trx.Start: **** ConnSH637540920665124560System.Random
02:01:06.160    (INFO)     Trx.Commit: **C** ConnSH637540920665124560System.Random
02:01:06.160    (INFO)     Trx.Start: **** ConnSH637540920665244815System.Random
02:01:06.160    (INFO)     Trx.Commit: **C** ConnSH637540920665244815System.Random
02:01:06.160    (INFO)     Trx.Start: **** ConnSH637540920665371946System.Random
02:01:06.160    (INFO)     Trx.Commit: **C** ConnSH637540920665371946System.Random
02:01:06.160    (INFO)     Trx.Start: **** ConnSH637540920665562092System.Random
02:01:06.160    (INFO)     Trx.Commit: **C** ConnSH637540920665562092System.Random
02:01:06.160    (INFO)     Trx.Start: **** ConnSH637540920665740761System.Random
02:01:06.160    (INFO)     Trx.Commit: **C** ConnSH637540920665740761System.Random
02:01:06.160    (INFO)     Trx.Start: **** ConnSH637540920665894537System.Random
02:01:06.160    (INFO)     Trx.Commit: **C** ConnSH637540920665894537System.Random
02:01:06.160    (INFO)     Trx.Start: **** ConnSH637540920666047718System.Random
02:01:06.160    (INFO)     Trx.Commit: **C** ConnSH637540920666047718System.Random
02:01:06.160    (INFO)     Trx.Start: **** ConnSH637540920666226400System.Random
02:01:06.160    (INFO)     Trx.Commit: **C** ConnSH637540920666226400System.Random
02:01:06.160    (INFO)     Trx.Start: **** ConnSH637540920666453908System.Random
02:01:06.160    (INFO)     Trx.Commit: **C** ConnSH637540920666453908System.Random
02:01:06.160    (INFO)     Trx.Start: **** ConnSH637540920666597446System.Random
02:01:06.160    (INFO)     Trx.Commit: **C** ConnSH637540920666597446System.Random
02:01:06.160    (INFO)     Trx.Start: **** ConnSH637540920666770991System.Random
02:01:06.160    (INFO)     Trx.Commit: **C** ConnSH637540920666770991System.Random
02:01:06.160    (INFO)     Trx.Start: **** ConnSH637540920666924403System.Random
02:01:06.160    (INFO)     Trx.Commit: **C** ConnSH637540920666924403System.Random
02:01:06.160    (INFO)     Trx.Start: **** ConnSH637540920667044398System.Random
02:01:06.160    (INFO)     Trx.Commit: **C** ConnSH637540920667044398System.Random
02:01:06.160    (INFO)     Trx.Start: **** ConnSH637540920667211064System.Random
02:01:06.160    (INFO)     Trx.Commit: **C** ConnSH637540920667211064System.Random
02:01:06.160    (INFO)     Trx.Start: **** ConnSH637540920667381063System.Random
02:01:06.160    (INFO)     Trx.Commit: **C** ConnSH637540920667381063System.Random
02:01:06.160    (INFO)     Trx.Start: **** ConnSH637540920667542149System.Random
02:01:06.160    (INFO)     Trx.Commit: **C** ConnSH637540920667542149System.Random
02:01:06.160    (INFO)     Trx.Start: **** ConnSH637540920667677062System.Random
02:01:06.160    (INFO)     Trx.Commit: **C** ConnSH637540920667677062System.Random
02:01:06.160    (INFO)     Trx.Start: **** ConnSH637540920667820999System.Random
02:01:06.160    (INFO)     Trx.Commit: **C** ConnSH637540920667820999System.Random
02:01:06.160    (INFO)     Trx.Start: **** ConnSH637540920668006712System.Random
02:01:06.160    (INFO)     Trx.Commit: **C** ConnSH637540920668006712System.Random
02:01:06.160    (INFO)     Trx.Start: **** ConnSH637540920668160217System.Random
02:01:06.160    (INFO)     Trx.Commit: **C** ConnSH637540920668160217System.Random
02:01:06.160    (INFO)     Trx.Start: **** ConnSH637540920668310679System.Random
02:01:06.160    (INFO)     Trx.Commit: **C** ConnSH637540920668310679System.Random
02:01:06.160    (INFO)     Trx.Start: **** ConnSH637540920668470166System.Random
02:01:06.160    (INFO)     Trx.Commit: **C** ConnSH637540920668470166System.Random
02:01:06.160    (INFO)     Trx.Start: **** ConnSH637540920668666950System.Random
02:01:06.160    (INFO)     Trx.Commit: **C** ConnSH637540920668666950System.Random
02:01:06.160    (INFO)     Trx.Start: **** ConnSH637540920668785000System.Random
02:01:06.160    (INFO)     Trx.Commit: **C** ConnSH637540920668785000System.Random
02:01:06.160    (INFO)     Trx.Start: **** ConnSH637540920668922167System.Random
02:01:06.160    (INFO)     Trx.Commit: **C** ConnSH637540920668922167System.Random
02:01:06.160    (INFO)     Trx.Start: **** ConnSH637540920669104667System.Random
02:01:06.160    (INFO)     Trx.Commit: **C** ConnSH637540920669104667System.Random
02:01:06.160    (INFO)     Trx.Start: **** ConnSH637540920669254408System.Random
02:01:06.160    (INFO)     Trx.Commit: **C** ConnSH637540920669254408System.Random
02:01:06.160    (INFO)     Trx.Start: **** ConnSH637540920669401872System.Random
02:01:06.160    (INFO)     Trx.Commit: **C** ConnSH637540920669401872System.Random
02:01:06.160    (INFO)     Trx.Start: **** ConnSH637540920669577820System.Random
02:01:06.160    (INFO)     Trx.Commit: **C** ConnSH637540920669577820System.Random
02:01:06.160    (INFO)     Trx.Start: **** ConnSH637540920669737784System.Random
02:01:06.160    (INFO)     Trx.Commit: **C** ConnSH637540920669737784System.Random
02:01:06.160    (INFO)     Trx.Start: **** ConnSH637540920669858269System.Random
02:01:06.160    (INFO)     Trx.Commit: **C** ConnSH637540920669858269System.Random
02:01:07.170    (INFO)     Trx.Start: **** ConnSH637540920670010965System.Random
02:01:07.170    (INFO)     Trx.Commit: **C** ConnSH637540920670010965System.Random
02:01:07.170    (INFO)     Trx.Start: **** ConnSH637540920670191214System.Random
02:01:07.170    (INFO)     Trx.Commit: **C** ConnSH637540920670191214System.Random
02:01:07.170    (INFO)     Trx.Start: **** ConnSH637540920670362848System.Random
02:01:07.170    (INFO)     Trx.Commit: **C** ConnSH637540920670362848System.Random
02:01:07.170    (INFO)     Trx.Start: **** ConnSH637540920670550765System.Random
02:01:07.170    (INFO)     Trx.Commit: **C** ConnSH637540920670550765System.Random
02:01:07.170    (INFO)     Trx.Start: **** ConnSH637540920670670770System.Random
02:01:07.170    (INFO)     Trx.Commit: **C** ConnSH637540920670670770System.Random
02:01:07.170    (INFO)     Trx.Start: **** ConnSH637540920670793288System.Random
02:01:07.170    (INFO)     Trx.Commit: **C** ConnSH637540920670793288System.Random
02:01:07.170    (INFO)     Trx.Start: **** ConnSH637540920670954282System.Random
02:01:07.170    (INFO)     Trx.Commit: **C** ConnSH637540920670954282System.Random
02:01:07.170    (INFO)     Trx.Start: **** ConnSH637540920671114304System.Random
02:01:07.170    (INFO)     Trx.Commit: **C** ConnSH637540920671114304System.Random
02:01:07.170    (INFO)     Trx.Start: **** ConnSH637540920671277794System.Random
02:01:07.170    (INFO)     Trx.Commit: **C** ConnSH637540920671277794System.Random
02:01:07.170    (INFO)     Trx.Start: **** ConnSH637540920671425359System.Random
02:01:07.170    (INFO)     Trx.Commit: **C** ConnSH637540920671425359System.Random
02:01:07.170    (INFO)     Trx.Start: **** ConnSH637540920671579118System.Random
02:01:07.170    (INFO)     Trx.Commit: **C** ConnSH637540920671579118System.Random
02:01:07.170    (INFO)     Trx.Start: **** ConnSH637540920671758462System.Random
02:01:07.170    (INFO)     Trx.Commit: **C** ConnSH637540920671758462System.Random
02:01:07.170    (INFO)     Trx.Start: **** ConnSH637540920671888450System.Random
02:01:07.170    (INFO)     Trx.Commit: **C** ConnSH637540920671888450System.Random
02:01:07.170    (INFO)     Trx.Start: **** ConnSH637540920672049314System.Random
02:01:07.170    (INFO)     Trx.Commit: **C** ConnSH637540920672049314System.Random
02:01:07.170    (INFO)     Trx.Start: **** ConnSH637540920672199187System.Random
02:01:07.170    (INFO)     Trx.Commit: **C** ConnSH637540920672199187System.Random
02:01:07.170    (INFO)     Trx.Start: **** ConnSH637540920672359185System.Random
02:01:07.170    (INFO)     Trx.Commit: **C** ConnSH637540920672359185System.Random
02:01:07.170    (INFO)     Trx.Start: **** ConnSH637540920672519076System.Random
02:01:07.170    (INFO)     Trx.Commit: **C** ConnSH637540920672519076System.Random
02:01:07.170    (INFO)     Trx.Start: **** ConnSH637540920672678828System.Random
02:01:07.170    (INFO)     Trx.Commit: **C** ConnSH637540920672678828System.Random
02:01:07.170    (INFO)     Trx.Start: **** ConnSH637540920672868848System.Random
02:01:07.170    (INFO)     Trx.Commit: **C** ConnSH637540920672868848System.Random
02:01:07.170    (INFO)     Trx.Start: **** ConnSH637540920672998869System.Random
02:01:07.170    (INFO)     Trx.Commit: **C** ConnSH637540920672998869System.Random
02:01:07.170    (INFO)     Trx.Start: **** ConnSH637540920673148827System.Random
02:01:07.170    (INFO)     Trx.Commit: **C** ConnSH637540920673148827System.Random
02:01:07.170    (INFO)     Trx.Start: **** ConnSH637540920673269207System.Random
02:01:07.170    (INFO)     Trx.Commit: **C** ConnSH637540920673269207System.Random
02:01:07.170    (INFO)     Trx.Start: **** ConnSH637540920673381421System.Random
02:01:07.170    (INFO)     Trx.Commit: **C** ConnSH637540920673381421System.Random
02:01:07.170    (INFO)     Trx.Start: **** ConnSH637540920673499858System.Random
02:01:07.170    (INFO)     Trx.Commit: **C** ConnSH637540920673499858System.Random
02:01:07.170    (INFO)     Trx.Start: **** ConnSH637540920673622949System.Random
02:01:07.170    (INFO)     Trx.Commit: **C** ConnSH637540920673622949System.Random
02:01:07.170    (INFO)     Trx.Start: **** ConnSH637540920673736903System.Random
02:01:07.170    (INFO)     Trx.Commit: **C** ConnSH637540920673736903System.Random
02:01:07.170    (INFO)     Trx.Start: **** ConnSH637540920673847837System.Random
02:01:07.170    (INFO)     Trx.Commit: **C** ConnSH637540920673847837System.Random
02:01:07.170    (INFO)     Trx.Start: **** ConnSH637540920673967795System.Random
02:01:07.170    (INFO)     Trx.Commit: **C** ConnSH637540920673967795System.Random
02:01:07.170    (INFO)     Trx.Start: **** ConnSH637540920674074464System.Random
02:01:07.170    (INFO)     Trx.Commit: **C** ConnSH637540920674074464System.Random
02:01:07.170    (INFO)     Trx.Start: **** ConnSH637540920674184469System.Random
02:01:07.170    (INFO)     Trx.Commit: **C** ConnSH637540920674184469System.Random
02:01:07.170    (INFO)     Trx.Start: **** ConnSH637540920674300305System.Random
02:01:07.170    (INFO)     Trx.Commit: **C** ConnSH637540920674300305System.Random
02:01:07.170    (INFO)     Trx.Start: **** ConnSH637540920674407629System.Random
02:01:07.170    (INFO)     Trx.Commit: **C** ConnSH637540920674407629System.Random
02:01:07.170    (INFO)     Trx.Start: **** ConnSH637540920674598170System.Random
02:01:07.170    (INFO)     Trx.Commit: **C** ConnSH637540920674598170System.Random
02:01:07.170    (INFO)     Trx.Start: **** ConnSH637540920674763969System.Random
02:01:07.170    (INFO)     Trx.Commit: **C** ConnSH637540920674763969System.Random
02:01:07.170    (INFO)     Trx.Start: **** ConnSH637540920674921129System.Random
02:01:07.170    (INFO)     Trx.Commit: **C** ConnSH637540920674921129System.Random
02:01:07.170    (INFO)     Trx.Start: **** ConnSH637540920675069243System.Random
02:01:07.170    (INFO)     Trx.Commit: **C** ConnSH637540920675069243System.Random
02:01:07.170    (INFO)     Trx.Start: **** ConnSH637540920675218781System.Random
02:01:07.170    (INFO)     Trx.Commit: **C** ConnSH637540920675218781System.Random
02:01:07.170    (INFO)     Trx.Start: **** ConnSH637540920675368977System.Random
02:01:07.170    (INFO)     Trx.Commit: **C** ConnSH637540920675368977System.Random
02:01:07.170    (INFO)     Trx.Start: **** ConnSH637540920675538659System.Random
02:01:07.170    (INFO)     Trx.Commit: **C** ConnSH637540920675538659System.Random
02:01:07.170    (INFO)     Trx.Start: **** ConnSH637540920675658656System.Random
02:01:07.170    (INFO)     Trx.Commit: **C** ConnSH637540920675658656System.Random
02:01:07.170    (INFO)     Trx.Start: **** ConnSH637540920675869933System.Random
02:01:07.170    (INFO)     Trx.Commit: **C** ConnSH637540920675869933System.Random
02:01:07.170    (INFO)     Trx.Start: **** ConnSH637540920676089919System.Random
02:01:07.170    (INFO)     Trx.Commit: **C** ConnSH637540920676089919System.Random
02:01:07.170    (INFO)     Trx.Start: **** ConnSH637540920676288119System.Random
02:01:07.170    (INFO)     Trx.Commit: **C** ConnSH637540920676288119System.Random
02:01:07.170    (INFO)     CacheMgt.Reset: AD_Process: #1 (1)
02:05:04.540    (INFO)     Trx.Start: **** ConnSH637540923044460581System.Random
02:05:04.540    (INFO)     Trx.Commit: **C** ConnSH637540923044460581System.Random
02:05:14.514    (INFO)     Trx.Start: **** ConnSH637540923141485641System.Random
02:05:14.514    (INFO)     Trx.Commit: **C** ConnSH637540923141485641System.Random
02:05:15.515    (INFO)     Trx.Start: **** ConnSH637540923154701661System.Random
02:05:15.515    (INFO)     Trx.Commit: **C** ConnSH637540923154701661System.Random
02:05:16.516    (INFO)     Trx.Start: **** ConnSH637540923167699744System.Random
02:05:16.516    (INFO)     Trx.Commit: **C** ConnSH637540923167699744System.Random
02:05:25.525    (INFO)     Trx.Start: **** ConnSH637540923252897185System.Random
02:05:25.525    (INFO)     Trx.Commit: **C** ConnSH637540923252897185System.Random
02:05:39.539    (INFO)     Trx.Start: **** ConnSH637540923398336536System.Random
02:05:39.539    (INFO)     Trx.Commit: **C** ConnSH637540923398336536System.Random
02:07:03.730    (INFO)     Trx.Start: **** ConnSH637540924233337321System.Random
02:07:03.730    (INFO)     Trx.Commit: **C** ConnSH637540924233337321System.Random
02:07:03.730    (INFO)     Trx.Start: **** ConnSH637540924233527296System.Random
02:07:03.730    (INFO)     Trx.Commit: **C** ConnSH637540924233527296System.Random
02:07:03.730    (INFO)     Trx.Start: **** ConnSH637540924233687304System.Random
02:07:03.730    (INFO)     Trx.Commit: **C** ConnSH637540924233687304System.Random
02:07:03.730    (INFO)     Trx.Start: **** ConnSH637540924233857302System.Random
02:07:03.730    (INFO)     Trx.Commit: **C** ConnSH637540924233857302System.Random
02:07:03.730    (INFO)     Trx.Start: **** ConnSH637540924234007300System.Random
02:07:03.730    (INFO)     Trx.Commit: **C** ConnSH637540924234007300System.Random
02:07:03.730    (INFO)     Trx.Start: **** ConnSH637540924234157304System.Random
02:07:03.730    (INFO)     Trx.Commit: **C** ConnSH637540924234157304System.Random
02:07:03.730    (INFO)     Trx.Start: **** ConnSH637540924234287299System.Random
02:07:03.730    (INFO)     Trx.Commit: **C** ConnSH637540924234287299System.Random
02:07:03.730    (INFO)     Trx.Start: **** ConnSH637540924234457315System.Random
02:07:03.730    (INFO)     Trx.Commit: **C** ConnSH637540924234457315System.Random
02:07:03.730    (INFO)     Trx.Start: **** ConnSH637540924234667326System.Random
02:07:03.730    (INFO)     Trx.Commit: **C** ConnSH637540924234667326System.Random
02:07:03.730    (INFO)     Trx.Start: **** ConnSH637540924234867310System.Random
02:07:03.730    (INFO)     Trx.Commit: **C** ConnSH637540924234867310System.Random
02:07:03.730    (INFO)     Trx.Start: **** ConnSH637540924234997303System.Random
02:07:03.730    (INFO)     Trx.Commit: **C** ConnSH637540924234997303System.Random
02:07:03.730    (INFO)     Trx.Start: **** ConnSH637540924235167312System.Random
02:07:03.730    (INFO)     Trx.Commit: **C** ConnSH637540924235167312System.Random
02:07:03.730    (INFO)     Trx.Start: **** ConnSH637540924235337301System.Random
02:07:03.730    (INFO)     Trx.Commit: **C** ConnSH637540924235337301System.Random
02:07:03.730    (INFO)     Trx.Start: **** ConnSH637540924235507309System.Random
02:07:03.730    (INFO)     Trx.Commit: **C** ConnSH637540924235507309System.Random
02:07:03.730    (INFO)     Trx.Start: **** ConnSH637540924235657304System.Random
02:07:03.730    (INFO)     Trx.Commit: **C** ConnSH637540924235657304System.Random
02:07:03.730    (INFO)     Trx.Start: **** ConnSH637540924235787320System.Random
02:07:03.730    (INFO)     Trx.Commit: **C** ConnSH637540924235787320System.Random
02:07:03.730    (INFO)     Trx.Start: **** ConnSH637540924235967321System.Random
02:07:03.730    (INFO)     Trx.Commit: **C** ConnSH637540924235967321System.Random
02:07:03.730    (INFO)     Trx.Start: **** ConnSH637540924236147317System.Random
02:07:03.730    (INFO)     Trx.Commit: **C** ConnSH637540924236147317System.Random
02:07:03.730    (INFO)     Trx.Start: **** ConnSH637540924236327315System.Random
02:07:03.730    (INFO)     Trx.Commit: **C** ConnSH637540924236327315System.Random
02:07:03.730    (INFO)     Trx.Start: **** ConnSH637540924236897304System.Random
02:07:03.730    (INFO)     Trx.Commit: **C** ConnSH637540924236897304System.Random
02:07:03.730    (INFO)     Trx.Start: **** ConnSH637540924237037332System.Random
02:07:03.730    (INFO)     Trx.Commit: **C** ConnSH637540924237037332System.Random
02:07:03.730    (INFO)     Trx.Start: **** ConnSH637540924237197307System.Random
02:07:03.730    (INFO)     Trx.Commit: **C** ConnSH637540924237197307System.Random
02:07:03.730    (INFO)     Trx.Start: **** ConnSH637540924237317315System.Random
02:07:03.730    (INFO)     Trx.Commit: **C** ConnSH637540924237317315System.Random
02:07:03.730    (INFO)     Trx.Start: **** ConnSH637540924237477312System.Random
02:07:03.730    (INFO)     Trx.Commit: **C** ConnSH637540924237477312System.Random
02:07:03.730    (INFO)     Trx.Start: **** ConnSH637540924237627302System.Random
02:07:03.730    (INFO)     Trx.Commit: **C** ConnSH637540924237627302System.Random
02:07:03.730    (INFO)     Trx.Start: **** ConnSH637540924237787308System.Random
02:07:03.730    (INFO)     Trx.Commit: **C** ConnSH637540924237787308System.Random
02:07:03.730    (INFO)     Trx.Start: **** ConnSH637540924237957305System.Random
02:07:03.730    (INFO)     Trx.Commit: **C** ConnSH637540924237957305System.Random
02:07:03.730    (INFO)     Trx.Start: **** ConnSH637540924238117305System.Random
02:07:03.730    (INFO)     Trx.Commit: **C** ConnSH637540924238117305System.Random
02:07:03.730    (INFO)     Trx.Start: **** ConnSH637540924238277308System.Random
02:07:03.730    (INFO)     Trx.Commit: **C** ConnSH637540924238277308System.Random
02:07:03.730    (INFO)     Trx.Start: **** ConnSH637540924238437307System.Random
02:07:03.730    (INFO)     Trx.Commit: **C** ConnSH637540924238437307System.Random
02:07:03.730    (INFO)     Trx.Start: **** ConnSH637540924238587306System.Random
02:07:03.730    (INFO)     Trx.Commit: **C** ConnSH637540924238587306System.Random
02:07:03.730    (INFO)     Trx.Start: **** ConnSH637540924238717289System.Random
02:07:03.730    (INFO)     Trx.Commit: **C** ConnSH637540924238717289System.Random
02:07:03.730    (INFO)     Trx.Start: **** ConnSH637540924238877312System.Random
02:07:03.730    (INFO)     Trx.Commit: **C** ConnSH637540924238877312System.Random
02:07:03.730    (INFO)     Trx.Start: **** ConnSH637540924239017291System.Random
02:07:03.730    (INFO)     Trx.Commit: **C** ConnSH637540924239017291System.Random
02:07:03.730    (INFO)     Trx.Start: **** ConnSH637540924239187298System.Random
02:07:03.730    (INFO)     Trx.Commit: **C** ConnSH637540924239187298System.Random
02:07:03.730    (INFO)     Trx.Start: **** ConnSH637540924239347298System.Random
02:07:03.730    (INFO)     Trx.Commit: **C** ConnSH637540924239347298System.Random
02:07:03.730    (INFO)     Trx.Start: **** ConnSH637540924239497294System.Random
02:07:03.730    (INFO)     Trx.Commit: **C** ConnSH637540924239497294System.Random
02:07:03.730    (INFO)     Trx.Start: **** ConnSH637540924239637303System.Random
02:07:03.730    (INFO)     Trx.Commit: **C** ConnSH637540924239637303System.Random
02:07:03.730    (INFO)     Trx.Start: **** ConnSH637540924239807304System.Random
02:07:03.730    (INFO)     Trx.Commit: **C** ConnSH637540924239807304System.Random
02:07:03.730    (INFO)     Trx.Start: **** ConnSH637540924239927306System.Random
02:07:03.730    (INFO)     Trx.Commit: **C** ConnSH637540924239927306System.Random
02:07:04.740    (INFO)     Trx.Start: **** ConnSH637540924240077304System.Random
02:07:04.740    (INFO)     Trx.Commit: **C** ConnSH637540924240077304System.Random
02:07:04.740    (INFO)     Trx.Start: **** ConnSH637540924240237299System.Random
02:07:04.740    (INFO)     Trx.Commit: **C** ConnSH637540924240237299System.Random
02:07:04.740    (INFO)     Trx.Start: **** ConnSH637540924240387298System.Random
02:07:04.740    (INFO)     Trx.Commit: **C** ConnSH637540924240387298System.Random
02:07:04.740    (INFO)     Trx.Start: **** ConnSH637540924240487299System.Random
02:07:04.740    (INFO)     Trx.Commit: **C** ConnSH637540924240487299System.Random
02:07:04.740    (INFO)     Trx.Start: **** ConnSH637540924240597303System.Random
02:07:04.740    (INFO)     Trx.Commit: **C** ConnSH637540924240597303System.Random
02:07:04.740    (INFO)     Trx.Start: **** ConnSH637540924240757304System.Random
02:07:04.740    (INFO)     Trx.Commit: **C** ConnSH637540924240757304System.Random
02:07:04.740    (INFO)     Trx.Start: **** ConnSH637540924240917295System.Random
02:07:04.740    (INFO)     Trx.Commit: **C** ConnSH637540924240917295System.Random
02:07:04.740    (INFO)     Trx.Start: **** ConnSH637540924241067297System.Random
02:07:04.740    (INFO)     Trx.Commit: **C** ConnSH637540924241067297System.Random
02:07:04.740    (INFO)     Trx.Start: **** ConnSH637540924241207306System.Random
02:07:04.740    (INFO)     Trx.Commit: **C** ConnSH637540924241207306System.Random
02:07:04.740    (INFO)     Trx.Start: **** ConnSH637540924241397303System.Random
02:07:04.740    (INFO)     Trx.Commit: **C** ConnSH637540924241397303System.Random
02:07:04.740    (INFO)     Trx.Start: **** ConnSH637540924241557292System.Random
02:07:04.740    (INFO)     Trx.Commit: **C** ConnSH637540924241557292System.Random
02:07:04.740    (INFO)     Trx.Start: **** ConnSH637540924241677295System.Random
02:07:04.740    (INFO)     Trx.Commit: **C** ConnSH637540924241677295System.Random
02:07:04.740    (INFO)     Trx.Start: **** ConnSH637540924241827293System.Random
02:07:04.740    (INFO)     Trx.Commit: **C** ConnSH637540924241827293System.Random
02:07:04.740    (INFO)     Trx.Start: **** ConnSH637540924241977290System.Random
02:07:04.740    (INFO)     Trx.Commit: **C** ConnSH637540924241977290System.Random
02:07:04.740    (INFO)     Trx.Start: **** ConnSH637540924242097291System.Random
02:07:04.740    (INFO)     Trx.Commit: **C** ConnSH637540924242097291System.Random
02:07:04.740    (INFO)     Trx.Start: **** ConnSH637540924242247292System.Random
02:07:04.740    (INFO)     Trx.Commit: **C** ConnSH637540924242247292System.Random
02:07:04.740    (INFO)     Trx.Start: **** ConnSH637540924242387296System.Random
02:07:04.740    (INFO)     Trx.Commit: **C** ConnSH637540924242387296System.Random
02:07:04.740    (INFO)     Trx.Start: **** ConnSH637540924242797298System.Random
02:07:04.740    (INFO)     Trx.Commit: **C** ConnSH637540924242797298System.Random
02:07:04.740    (INFO)     Trx.Start: **** ConnSH637540924242917333System.Random
02:07:04.740    (INFO)     Trx.Commit: **C** ConnSH637540924242917333System.Random
02:07:04.740    (INFO)     Trx.Start: **** ConnSH637540924243957291System.Random
02:07:04.740    (INFO)     Trx.Commit: **C** ConnSH637540924243957291System.Random
02:07:04.740    (INFO)     Trx.Start: **** ConnSH637540924244137287System.Random
02:07:04.740    (INFO)     Trx.Commit: **C** ConnSH637540924244137287System.Random
02:07:04.740    (INFO)     Trx.Start: **** ConnSH637540924244297285System.Random
02:07:04.740    (INFO)     Trx.Commit: **C** ConnSH637540924244297285System.Random
02:07:04.740    (INFO)     Trx.Start: **** ConnSH637540924244447287System.Random
02:07:04.740    (INFO)     Trx.Commit: **C** ConnSH637540924244447287System.Random
02:07:04.740    (INFO)     Trx.Start: **** ConnSH637540924244577300System.Random
02:07:04.740    (INFO)     Trx.Commit: **C** ConnSH637540924244577300System.Random
02:07:04.740    (INFO)     Trx.Start: **** ConnSH637540924244737289System.Random
02:07:04.740    (INFO)     Trx.Commit: **C** ConnSH637540924244737289System.Random
02:07:04.740    (INFO)     Trx.Start: **** ConnSH637540924244857286System.Random
02:07:04.740    (INFO)     Trx.Commit: **C** ConnSH637540924244857286System.Random
02:07:04.740    (INFO)     Trx.Start: **** ConnSH637540924244997290System.Random
02:07:04.740    (INFO)     Trx.Commit: **C** ConnSH637540924244997290System.Random
02:07:04.740    (INFO)     Trx.Start: **** ConnSH637540924245177302System.Random
02:07:04.740    (INFO)     Trx.Commit: **C** ConnSH637540924245177302System.Random
02:07:04.740    (INFO)     Trx.Start: **** ConnSH637540924245327301System.Random
02:07:04.740    (INFO)     Trx.Commit: **C** ConnSH637540924245327301System.Random
02:07:04.740    (INFO)     Trx.Start: **** ConnSH637540924245477303System.Random
02:07:04.740    (INFO)     Trx.Commit: **C** ConnSH637540924245477303System.Random
02:07:04.740    (INFO)     Trx.Start: **** ConnSH637540924245647294System.Random
02:07:04.740    (INFO)     Trx.Commit: **C** ConnSH637540924245647294System.Random
02:07:04.740    (INFO)     Trx.Start: **** ConnSH637540924245797297System.Random
02:07:04.740    (INFO)     Trx.Commit: **C** ConnSH637540924245797297System.Random
02:07:04.740    (INFO)     Trx.Start: **** ConnSH637540924245927296System.Random
02:07:04.740    (INFO)     Trx.Commit: **C** ConnSH637540924245927296System.Random
02:07:04.740    (INFO)     Trx.Start: **** ConnSH637540924246067298System.Random
02:07:04.740    (INFO)     Trx.Commit: **C** ConnSH637540924246067298System.Random
02:07:04.740    (INFO)     Trx.Start: **** ConnSH637540924246227324System.Random
02:07:04.740    (INFO)     Trx.Commit: **C** ConnSH637540924246227324System.Random
02:07:04.740    (INFO)     Trx.Start: **** ConnSH637540924246387310System.Random
02:07:04.740    (INFO)     Trx.Commit: **C** ConnSH637540924246387310System.Random
02:07:04.740    (INFO)     Trx.Start: **** ConnSH637540924246557317System.Random
02:07:04.740    (INFO)     Trx.Commit: **C** ConnSH637540924246557317System.Random
02:07:04.740    (INFO)     Trx.Start: **** ConnSH637540924246667316System.Random
02:07:04.740    (INFO)     Trx.Commit: **C** ConnSH637540924246667316System.Random
02:07:04.740    (INFO)     Trx.Start: **** ConnSH637540924246787289System.Random
02:07:04.740    (INFO)     Trx.Commit: **C** ConnSH637540924246787289System.Random
02:07:04.740    (INFO)     Trx.Start: **** ConnSH637540924246947319System.Random
02:07:04.740    (INFO)     Trx.Commit: **C** ConnSH637540924246947319System.Random
02:07:04.740    (INFO)     Trx.Start: **** ConnSH637540924247097307System.Random
02:07:04.740    (INFO)     Trx.Commit: **C** ConnSH637540924247097307System.Random
02:07:04.740    (INFO)     Trx.Start: **** ConnSH637540924247237298System.Random
02:07:04.740    (INFO)     Trx.Commit: **C** ConnSH637540924247237298System.Random
02:07:04.740    (INFO)     Trx.Start: **** ConnSH637540924247387299System.Random
02:07:04.740    (INFO)     Trx.Commit: **C** ConnSH637540924247387299System.Random
02:07:04.740    (INFO)     Trx.Start: **** ConnSH637540924247537311System.Random
02:07:04.740    (INFO)     Trx.Commit: **C** ConnSH637540924247537311System.Random
02:07:04.740    (INFO)     Trx.Start: **** ConnSH637540924247707305System.Random
02:07:04.740    (INFO)     Trx.Commit: **C** ConnSH637540924247707305System.Random
02:07:04.740    (INFO)     Trx.Start: **** ConnSH637540924247837311System.Random
02:07:04.740    (INFO)     Trx.Commit: **C** ConnSH637540924247837311System.Random
02:07:04.740    (INFO)     Trx.Start: **** ConnSH637540924247987308System.Random
02:07:04.740    (INFO)     Trx.Commit: **C** ConnSH637540924247987308System.Random
02:07:04.740    (INFO)     Trx.Start: **** ConnSH637540924248137313System.Random
02:07:04.740    (INFO)     Trx.Commit: **C** ConnSH637540924248137313System.Random
02:07:04.740    (INFO)     Trx.Start: **** ConnSH637540924248297341System.Random
02:07:04.740    (INFO)     Trx.Commit: **C** ConnSH637540924248297341System.Random
02:07:04.740    (INFO)     Trx.Start: **** ConnSH637540924248447307System.Random
02:07:04.740    (INFO)     Trx.Commit: **C** ConnSH637540924248447307System.Random
02:07:04.740    (INFO)     Trx.Start: **** ConnSH637540924248607312System.Random
02:07:04.740    (INFO)     Trx.Commit: **C** ConnSH637540924248607312System.Random
02:07:04.740    (INFO)     Trx.Start: **** ConnSH637540924248777312System.Random
02:07:04.740    (INFO)     Trx.Commit: **C** ConnSH637540924248777312System.Random
02:07:04.740    (INFO)     Trx.Start: **** ConnSH637540924248897298System.Random
02:07:04.740    (INFO)     Trx.Commit: **C** ConnSH637540924248897298System.Random
02:07:04.740    (INFO)     Trx.Start: **** ConnSH637540924249037302System.Random
02:07:04.740    (INFO)     Trx.Commit: **C** ConnSH637540924249037302System.Random
02:07:04.740    (INFO)     Trx.Start: **** ConnSH637540924249147303System.Random
02:07:04.740    (INFO)     Trx.Commit: **C** ConnSH637540924249147303System.Random
02:07:04.740    (INFO)     Trx.Start: **** ConnSH637540924249257314System.Random
02:07:04.740    (INFO)     Trx.Commit: **C** ConnSH637540924249257314System.Random
02:07:04.740    (INFO)     Trx.Start: **** ConnSH637540924249367319System.Random
02:07:04.740    (INFO)     Trx.Commit: **C** ConnSH637540924249367319System.Random
02:07:04.740    (INFO)     Trx.Start: **** ConnSH637540924249477311System.Random
02:07:04.740    (INFO)     Trx.Commit: **C** ConnSH637540924249477311System.Random
02:07:04.740    (INFO)     Trx.Start: **** ConnSH637540924249587320System.Random
02:07:04.740    (INFO)     Trx.Commit: **C** ConnSH637540924249587320System.Random
02:07:04.740    (INFO)     Trx.Start: **** ConnSH637540924249697303System.Random
02:07:04.740    (INFO)     Trx.Commit: **C** ConnSH637540924249697303System.Random
02:07:04.740    (INFO)     Trx.Start: **** ConnSH637540924249807330System.Random
02:07:04.740    (INFO)     Trx.Commit: **C** ConnSH637540924249807330System.Random
02:07:04.740    (INFO)     Trx.Start: **** ConnSH637540924249917296System.Random
02:07:04.740    (INFO)     Trx.Commit: **C** ConnSH637540924249917296System.Random
02:07:05.750    (INFO)     Trx.Start: **** ConnSH637540924250037325System.Random
02:07:05.750    (INFO)     Trx.Commit: **C** ConnSH637540924250037325System.Random
02:07:05.750    (INFO)     Trx.Start: **** ConnSH637540924250147313System.Random
02:07:05.750    (INFO)     Trx.Commit: **C** ConnSH637540924250147313System.Random
02:07:05.750    (INFO)     Trx.Start: **** ConnSH637540924250257313System.Random
02:07:05.750    (INFO)     Trx.Commit: **C** ConnSH637540924250257313System.Random
02:07:05.750    (INFO)     Trx.Start: **** ConnSH637540924250437314System.Random
02:07:05.750    (INFO)     Trx.Commit: **C** ConnSH637540924250437314System.Random
02:07:05.750    (INFO)     Trx.Start: **** ConnSH637540924250597308System.Random
02:07:05.750    (INFO)     Trx.Commit: **C** ConnSH637540924250597308System.Random
02:07:05.750    (INFO)     Trx.Start: **** ConnSH637540924250747307System.Random
02:07:05.750    (INFO)     Trx.Commit: **C** ConnSH637540924250747307System.Random
02:07:05.750    (INFO)     Trx.Start: **** ConnSH637540924250897304System.Random
02:07:05.750    (INFO)     Trx.Commit: **C** ConnSH637540924250897304System.Random
02:07:05.750    (INFO)     Trx.Start: **** ConnSH637540924251047310System.Random
02:07:05.750    (INFO)     Trx.Commit: **C** ConnSH637540924251047310System.Random
02:07:05.750    (INFO)     Trx.Start: **** ConnSH637540924251197310System.Random
02:07:05.750    (INFO)     Trx.Commit: **C** ConnSH637540924251197310System.Random
02:07:05.750    (INFO)     Trx.Start: **** ConnSH637540924251367312System.Random
02:07:05.750    (INFO)     Trx.Commit: **C** ConnSH637540924251367312System.Random
02:07:05.750    (INFO)     Trx.Start: **** ConnSH637540924251487305System.Random
02:07:05.750    (INFO)     Trx.Commit: **C** ConnSH637540924251487305System.Random
02:07:05.750    (INFO)     Trx.Start: **** ConnSH637540924251687313System.Random
02:07:05.750    (INFO)     Trx.Commit: **C** ConnSH637540924251687313System.Random
02:07:05.750    (INFO)     Trx.Start: **** ConnSH637540924251887318System.Random
02:07:05.750    (INFO)     Trx.Commit: **C** ConnSH637540924251887318System.Random
02:07:05.750    (INFO)     Trx.Start: **** ConnSH637540924252087296System.Random
02:07:05.750    (INFO)     Trx.Commit: **C** ConnSH637540924252087296System.Random
