*** 4/15/2021 2:26:21 PM VAdvantage Log  ***
02:26:21.262    (INFO)     MRole.Get: AD_Role_ID=0, AD_User_ID=100, reload=True
02:26:21.262    (INFO)     MRole.Get: MRole[0,System Administrator,UserLevel=S  ,AD_Client_ID=0,AD_Org_ID=0]
02:26:21.262    (INFO)     MTree.Load: AD_Tree_ID=121, AD_User_ID=100, Editable=False, OnClient=True
02:26:22.262    (INFO)     Trx.Start: **** ConnSH637540935821579612System.Random
02:26:22.262    (INFO)     Trx.Commit: **C** ConnSH637540935821579612System.Random
----------->     (WARNING)  AccessSqlParser.GetTableInfo: More than one FROM clause - SELECT AppointmentsInfo.Appointmentsinfo_id AS ID,AppointmentsInfo.AD_Client_ID,AppointmentsInfo.AD_Org_ID  FROM AppointmentsInfo JOIN AD_User ON AD_User.AD_User_ID =AppointmentsInfo.CreatedBy WHERE AppointmentsInfo.IsRead='N' AND AppointmentsInfo.istask ='N'  AND AppointmentsInfo.AD_User_ID  = 100  UNION SELECT AppointmentsInfo.Appointmentsinfo_id AS ID, AppointmentsInfo.AD_Client_ID,AppointmentsInfo.AD_Org_ID FROM AppointmentsInfo  JOIN AD_User ON AD_User.AD_User_ID = AppointmentsInfo.CreatedBy  WHERE (AppointmentsInfo.IsRead ='Y'   AND AppointmentsInfo.AD_User_ID = 100 )  AND AppointmentsInfo.istask ='N'  AND AppointmentsInfo.startDate BETWEEN to_date('4/14/21','mm/dd/yy') and to_date('4/22/21 23.59','mm/dd/yy HH24:MI')   OR  to_date('4/15/21','mm/dd/yy')  BETWEEN  AppointmentsInfo.startDate  AND AppointmentsInfo.endDate  AND  AppointmentsInfo.CreatedBy  !=100 AND AppointmentsInfo.AD_User_ID  = 100)
----------->     (WARNING)  AccessSqlParser.GetTableInfo: Could not remove ON AppointmentsInfo JOIN AD_User ON AD_User.AD_User_ID =AppointmentsInfo.CreatedBy
02:26:25.262    (INFO)     Trx.Start: **** ConnSH637540935858518774System.Random
02:26:25.262    (INFO)     Trx.Commit: **C** ConnSH637540935858518774System.Random
02:26:25.262    (INFO)     MChangeLog.FillChangeLog: #9
02:26:33.263    (INFO)     Trx.Start: **** ConnSH637540935934917488System.Random
02:26:33.263    (INFO)     Trx.Commit: **C** ConnSH637540935934917488System.Random
02:26:35.263    (INFO)     Trx.Start: **** ConnSH637540935953081426System.Random
02:26:35.263    (INFO)     Trx.Commit: **C** ConnSH637540935953081426System.Random
02:26:36.263    (INFO)     Trx.Start: **** ConnSH637540935963652573System.Random
02:26:36.263    (INFO)     Trx.Commit: **C** ConnSH637540935963652573System.Random
02:26:37.263    (INFO)     Trx.Start: **** ConnSH637540935970850568System.Random
02:26:37.263    (INFO)     Trx.Commit: **C** ConnSH637540935970850568System.Random
02:30:43.304    (INFO)     Trx.Start: **** ConnSH637540938431726640System.Random
02:30:43.304    (INFO)     Trx.Commit: **C** ConnSH637540938431726640System.Random
02:33:23.332    (INFO)     Trx.Start: **** ConnSH637540940035139508System.Random
02:33:23.332    (INFO)     Trx.Commit: **C** ConnSH637540940035139508System.Random
02:33:41.334    (INFO)     Trx.Start: **** ConnSH637540940219050465System.Random
02:33:41.334    (INFO)     Trx.Commit: **C** ConnSH637540940219050465System.Random
02:33:54.335    (INFO)     Trx.Start: **** ConnSH637540940345151862System.Random
02:33:54.335    (INFO)     Trx.Commit: **C** ConnSH637540940345151862System.Random
02:33:54.335    (INFO)     Trx.Start: **** ConnSH637540940345312881System.Random
02:33:54.335    (INFO)     Trx.Commit: **C** ConnSH637540940345312881System.Random
02:33:54.335    (INFO)     Trx.Start: **** ConnSH637540940345472873System.Random
02:33:54.335    (INFO)     Trx.Commit: **C** ConnSH637540940345472873System.Random
02:33:54.335    (INFO)     Trx.Start: **** ConnSH637540940345623071System.Random
02:33:54.335    (INFO)     Trx.Commit: **C** ConnSH637540940345623071System.Random
02:33:54.335    (INFO)     Trx.Start: **** ConnSH637540940346090318System.Random
02:33:54.335    (INFO)     Trx.Commit: **C** ConnSH637540940346090318System.Random
02:33:54.335    (INFO)     Trx.Start: **** ConnSH637540940346197250System.Random
02:33:54.335    (INFO)     Trx.Commit: **C** ConnSH637540940346197250System.Random
02:33:54.335    (INFO)     Trx.Start: **** ConnSH637540940346307245System.Random
02:33:54.335    (INFO)     Trx.Commit: **C** ConnSH637540940346307245System.Random
02:33:54.335    (INFO)     Trx.Start: **** ConnSH637540940346398443System.Random
02:33:54.335    (INFO)     Trx.Commit: **C** ConnSH637540940346398443System.Random
02:33:54.335    (INFO)     Trx.Start: **** ConnSH637540940346488203System.Random
02:33:54.335    (INFO)     Trx.Commit: **C** ConnSH637540940346488203System.Random
02:33:54.335    (INFO)     Trx.Start: **** ConnSH637540940346648357System.Random
02:33:54.335    (INFO)     Trx.Commit: **C** ConnSH637540940346648357System.Random
02:33:54.335    (INFO)     Trx.Start: **** ConnSH637540940346797879System.Random
02:33:54.335    (INFO)     Trx.Commit: **C** ConnSH637540940346797879System.Random
02:33:54.335    (INFO)     Trx.Start: **** ConnSH637540940346948853System.Random
02:33:54.335    (INFO)     Trx.Commit: **C** ConnSH637540940346948853System.Random
02:33:54.335    (INFO)     Trx.Start: **** ConnSH637540940347094163System.Random
02:33:54.335    (INFO)     Trx.Commit: **C** ConnSH637540940347094163System.Random
02:33:54.335    (INFO)     Trx.Start: **** ConnSH637540940347174155System.Random
02:33:54.335    (INFO)     Trx.Commit: **C** ConnSH637540940347174155System.Random
02:33:54.335    (INFO)     Trx.Start: **** ConnSH637540940347276770System.Random
02:33:54.335    (INFO)     Trx.Commit: **C** ConnSH637540940347276770System.Random
02:33:54.335    (INFO)     Trx.Start: **** ConnSH637540940347376765System.Random
02:33:54.335    (INFO)     Trx.Commit: **C** ConnSH637540940347376765System.Random
02:33:54.335    (INFO)     Trx.Start: **** ConnSH637540940347512942System.Random
02:33:54.335    (INFO)     Trx.Commit: **C** ConnSH637540940347512942System.Random
02:33:54.335    (INFO)     Trx.Start: **** ConnSH637540940347689719System.Random
02:33:54.335    (INFO)     Trx.Commit: **C** ConnSH637540940347689719System.Random
02:33:54.335    (INFO)     Trx.Start: **** ConnSH637540940347855436System.Random
02:33:54.335    (INFO)     Trx.Commit: **C** ConnSH637540940347855436System.Random
02:33:54.335    (INFO)     Trx.Start: **** ConnSH637540940348015718System.Random
02:33:54.335    (INFO)     Trx.Commit: **C** ConnSH637540940348015718System.Random
02:33:54.335    (INFO)     Trx.Start: **** ConnSH637540940348109540System.Random
02:33:54.335    (INFO)     Trx.Commit: **C** ConnSH637540940348109540System.Random
02:33:54.335    (INFO)     Trx.Start: **** ConnSH637540940348269201System.Random
02:33:54.335    (INFO)     Trx.Commit: **C** ConnSH637540940348269201System.Random
02:33:54.335    (INFO)     Trx.Start: **** ConnSH637540940348439505System.Random
02:33:54.335    (INFO)     Trx.Commit: **C** ConnSH637540940348439505System.Random
02:33:54.335    (INFO)     Trx.Start: **** ConnSH637540940348608784System.Random
02:33:54.335    (INFO)     Trx.Commit: **C** ConnSH637540940348608784System.Random
02:33:54.335    (INFO)     Trx.Start: **** ConnSH637540940348768776System.Random
02:33:54.335    (INFO)     Trx.Commit: **C** ConnSH637540940348768776System.Random
02:33:54.335    (INFO)     Trx.Start: **** ConnSH637540940348938779System.Random
02:33:54.335    (INFO)     Trx.Commit: **C** ConnSH637540940348938779System.Random
02:33:54.335    (INFO)     Trx.Start: **** ConnSH637540940349108778System.Random
02:33:54.335    (INFO)     Trx.Commit: **C** ConnSH637540940349108778System.Random
02:33:54.335    (INFO)     Trx.Start: **** ConnSH637540940349279166System.Random
02:33:54.335    (INFO)     Trx.Commit: **C** ConnSH637540940349279166System.Random
02:33:54.335    (INFO)     Trx.Start: **** ConnSH637540940349438802System.Random
02:33:54.335    (INFO)     Trx.Commit: **C** ConnSH637540940349438802System.Random
02:33:54.335    (INFO)     Trx.Start: **** ConnSH637540940349528800System.Random
02:33:54.335    (INFO)     Trx.Commit: **C** ConnSH637540940349528800System.Random
02:33:54.335    (INFO)     Trx.Start: **** ConnSH637540940349709164System.Random
02:33:54.335    (INFO)     Trx.Commit: **C** ConnSH637540940349709164System.Random
02:33:54.335    (INFO)     Trx.Start: **** ConnSH637540940349869031System.Random
02:33:54.335    (INFO)     Trx.Commit: **C** ConnSH637540940349869031System.Random
02:33:54.335    (INFO)     Trx.Start: **** ConnSH637540940349968775System.Random
02:33:55.335    (INFO)     Trx.Commit: **C** ConnSH637540940349968775System.Random
02:33:55.335    (INFO)     Trx.Start: **** ConnSH637540940350138821System.Random
02:33:55.335    (INFO)     Trx.Commit: **C** ConnSH637540940350138821System.Random
02:33:55.335    (INFO)     Trx.Start: **** ConnSH637540940350298816System.Random
02:33:55.335    (INFO)     Trx.Commit: **C** ConnSH637540940350298816System.Random
02:33:55.335    (INFO)     Trx.Start: **** ConnSH637540940350449130System.Random
02:33:55.335    (INFO)     Trx.Commit: **C** ConnSH637540940350449130System.Random
02:33:55.335    (INFO)     Trx.Start: **** ConnSH637540940350559162System.Random
02:33:55.335    (INFO)     Trx.Commit: **C** ConnSH637540940350559162System.Random
02:33:55.335    (INFO)     Trx.Start: **** ConnSH637540940350649129System.Random
02:33:55.335    (INFO)     Trx.Commit: **C** ConnSH637540940350649129System.Random
02:33:55.335    (INFO)     Trx.Start: **** ConnSH637540940350809173System.Random
02:33:55.335    (INFO)     Trx.Commit: **C** ConnSH637540940350809173System.Random
02:33:55.335    (INFO)     Trx.Start: **** ConnSH637540940350979132System.Random
02:33:55.335    (INFO)     Trx.Commit: **C** ConnSH637540940350979132System.Random
02:33:55.335    (INFO)     Trx.Start: **** ConnSH637540940351119133System.Random
02:33:55.335    (INFO)     Trx.Commit: **C** ConnSH637540940351119133System.Random
02:33:55.335    (INFO)     Trx.Start: **** ConnSH637540940351199219System.Random
02:33:55.335    (INFO)     Trx.Commit: **C** ConnSH637540940351199219System.Random
02:33:55.335    (INFO)     Trx.Start: **** ConnSH637540940351279142System.Random
02:33:55.335    (INFO)     Trx.Commit: **C** ConnSH637540940351279142System.Random
02:33:55.335    (INFO)     Trx.Start: **** ConnSH637540940351389040System.Random
02:33:55.335    (INFO)     Trx.Commit: **C** ConnSH637540940351389040System.Random
02:33:55.335    (INFO)     Trx.Start: **** ConnSH637540940351549131System.Random
02:33:55.335    (INFO)     Trx.Commit: **C** ConnSH637540940351549131System.Random
02:33:55.335    (INFO)     Trx.Start: **** ConnSH637540940351709226System.Random
02:33:55.335    (INFO)     Trx.Commit: **C** ConnSH637540940351709226System.Random
02:33:55.335    (INFO)     Trx.Start: **** ConnSH637540940351849128System.Random
02:33:55.335    (INFO)     Trx.Commit: **C** ConnSH637540940351849128System.Random
02:33:55.335    (INFO)     Trx.Start: **** ConnSH637540940351958795System.Random
02:33:55.335    (INFO)     Trx.Commit: **C** ConnSH637540940351958795System.Random
02:33:55.335    (INFO)     Trx.Start: **** ConnSH637540940352119158System.Random
02:33:55.335    (INFO)     Trx.Commit: **C** ConnSH637540940352119158System.Random
02:33:55.335    (INFO)     Trx.Start: **** ConnSH637540940352209138System.Random
02:33:55.335    (INFO)     Trx.Commit: **C** ConnSH637540940352209138System.Random
02:33:55.335    (INFO)     Trx.Start: **** ConnSH637540940352369234System.Random
02:33:55.335    (INFO)     Trx.Commit: **C** ConnSH637540940352369234System.Random
02:33:55.335    (INFO)     Trx.Start: **** ConnSH637540940352548777System.Random
02:33:55.335    (INFO)     Trx.Commit: **C** ConnSH637540940352548777System.Random
02:33:55.335    (INFO)     Trx.Start: **** ConnSH637540940352649171System.Random
02:33:55.335    (INFO)     Trx.Commit: **C** ConnSH637540940352649171System.Random
02:33:55.335    (INFO)     Trx.Start: **** ConnSH637540940352809159System.Random
02:33:55.335    (INFO)     Trx.Commit: **C** ConnSH637540940352809159System.Random
02:33:55.335    (INFO)     Trx.Start: **** ConnSH637540940352969130System.Random
02:33:55.335    (INFO)     Trx.Commit: **C** ConnSH637540940352969130System.Random
02:33:55.335    (INFO)     Trx.Start: **** ConnSH637540940353129172System.Random
02:33:55.335    (INFO)     Trx.Commit: **C** ConnSH637540940353129172System.Random
02:33:55.335    (INFO)     Trx.Start: **** ConnSH637540940353219148System.Random
02:33:55.335    (INFO)     Trx.Commit: **C** ConnSH637540940353219148System.Random
02:33:55.335    (INFO)     Trx.Start: **** ConnSH637540940353369167System.Random
02:33:55.335    (INFO)     Trx.Commit: **C** ConnSH637540940353369167System.Random
02:33:55.335    (INFO)     Trx.Start: **** ConnSH637540940353488824System.Random
02:33:55.335    (INFO)     Trx.Commit: **C** ConnSH637540940353488824System.Random
02:33:55.335    (INFO)     Trx.Start: **** ConnSH637540940353658807System.Random
02:33:55.335    (INFO)     Trx.Commit: **C** ConnSH637540940353658807System.Random
02:33:55.335    (INFO)     Trx.Start: **** ConnSH637540940353828820System.Random
02:33:55.335    (INFO)     Trx.Commit: **C** ConnSH637540940353828820System.Random
02:33:55.335    (INFO)     Trx.Start: **** ConnSH637540940353988775System.Random
02:33:55.335    (INFO)     Trx.Commit: **C** ConnSH637540940353988775System.Random
02:33:55.335    (INFO)     Trx.Start: **** ConnSH637540940354099201System.Random
02:33:55.335    (INFO)     Trx.Commit: **C** ConnSH637540940354099201System.Random
02:33:55.335    (INFO)     Trx.Start: **** ConnSH637540940354189128System.Random
02:33:55.335    (INFO)     Trx.Commit: **C** ConnSH637540940354189128System.Random
02:33:55.335    (INFO)     Trx.Start: **** ConnSH637540940354348777System.Random
02:33:55.335    (INFO)     Trx.Commit: **C** ConnSH637540940354348777System.Random
02:33:55.335    (INFO)     Trx.Start: **** ConnSH637540940354448777System.Random
02:33:55.335    (INFO)     Trx.Commit: **C** ConnSH637540940354448777System.Random
02:33:55.335    (INFO)     Trx.Start: **** ConnSH637540940354618780System.Random
02:33:55.335    (INFO)     Trx.Commit: **C** ConnSH637540940354618780System.Random
02:33:55.335    (INFO)     Trx.Start: **** ConnSH637540940354759133System.Random
02:33:55.335    (INFO)     Trx.Commit: **C** ConnSH637540940354759133System.Random
02:33:55.335    (INFO)     Trx.Start: **** ConnSH637540940354869188System.Random
02:33:55.335    (INFO)     Trx.Commit: **C** ConnSH637540940354869188System.Random
02:33:55.335    (INFO)     Trx.Start: **** ConnSH637540940355029130System.Random
02:33:55.335    (INFO)     Trx.Commit: **C** ConnSH637540940355029130System.Random
02:33:55.335    (INFO)     Trx.Start: **** ConnSH637540940355128792System.Random
02:33:55.335    (INFO)     Trx.Commit: **C** ConnSH637540940355128792System.Random
02:33:55.335    (INFO)     Trx.Start: **** ConnSH637540940355318827System.Random
02:33:55.335    (INFO)     Trx.Commit: **C** ConnSH637540940355318827System.Random
02:33:55.335    (INFO)     Trx.Start: **** ConnSH637540940355458795System.Random
02:33:55.335    (INFO)     Trx.Commit: **C** ConnSH637540940355458795System.Random
02:33:55.335    (INFO)     Trx.Start: **** ConnSH637540940355568792System.Random
02:33:55.335    (INFO)     Trx.Commit: **C** ConnSH637540940355568792System.Random
02:33:55.335    (INFO)     Trx.Start: **** ConnSH637540940355708778System.Random
02:33:55.335    (INFO)     Trx.Commit: **C** ConnSH637540940355708778System.Random
02:33:55.335    (INFO)     Trx.Start: **** ConnSH637540940355819147System.Random
02:33:55.335    (INFO)     Trx.Commit: **C** ConnSH637540940355819147System.Random
02:33:55.335    (INFO)     Trx.Start: **** ConnSH637540940355919129System.Random
02:33:55.335    (INFO)     Trx.Commit: **C** ConnSH637540940355919129System.Random
02:33:55.335    (INFO)     Trx.Start: **** ConnSH637540940356079134System.Random
02:33:55.335    (INFO)     Trx.Commit: **C** ConnSH637540940356079134System.Random
02:33:55.335    (INFO)     Trx.Start: **** ConnSH637540940356249155System.Random
02:33:55.335    (INFO)     Trx.Commit: **C** ConnSH637540940356249155System.Random
02:33:55.335    (INFO)     Trx.Start: **** ConnSH637540940356419167System.Random
02:33:55.335    (INFO)     Trx.Commit: **C** ConnSH637540940356419167System.Random
02:33:55.335    (INFO)     Trx.Start: **** ConnSH637540940356578779System.Random
02:33:55.335    (INFO)     Trx.Commit: **C** ConnSH637540940356578779System.Random
02:33:55.335    (INFO)     Trx.Start: **** ConnSH637540940356739133System.Random
02:33:55.335    (INFO)     Trx.Commit: **C** ConnSH637540940356739133System.Random
02:33:55.335    (INFO)     Trx.Start: **** ConnSH637540940356839170System.Random
02:33:55.335    (INFO)     Trx.Commit: **C** ConnSH637540940356839170System.Random
02:33:55.335    (INFO)     Trx.Start: **** ConnSH637540940356928777System.Random
02:33:55.335    (INFO)     Trx.Commit: **C** ConnSH637540940356928777System.Random
02:33:55.335    (INFO)     Trx.Start: **** ConnSH637540940357089127System.Random
02:33:55.335    (INFO)     Trx.Commit: **C** ConnSH637540940357089127System.Random
02:33:55.335    (INFO)     Trx.Start: **** ConnSH637540940357249140System.Random
02:33:55.335    (INFO)     Trx.Commit: **C** ConnSH637540940357249140System.Random
02:33:55.335    (INFO)     Trx.Start: **** ConnSH637540940357409129System.Random
02:33:55.335    (INFO)     Trx.Commit: **C** ConnSH637540940357409129System.Random
02:33:55.335    (INFO)     Trx.Start: **** ConnSH637540940357558812System.Random
02:33:55.335    (INFO)     Trx.Commit: **C** ConnSH637540940357558812System.Random
02:33:55.335    (INFO)     Trx.Start: **** ConnSH637540940358770790System.Random
02:33:55.335    (INFO)     Trx.Commit: **C** ConnSH637540940358770790System.Random
02:33:55.335    (INFO)     Trx.Start: **** ConnSH637540940358931015System.Random
02:33:55.335    (INFO)     Trx.Commit: **C** ConnSH637540940358931015System.Random
02:33:55.335    (INFO)     Trx.Start: **** ConnSH637540940359031025System.Random
02:33:55.335    (INFO)     Trx.Commit: **C** ConnSH637540940359031025System.Random
02:33:55.335    (INFO)     Trx.Start: **** ConnSH637540940359180771System.Random
02:33:55.335    (INFO)     Trx.Commit: **C** ConnSH637540940359180771System.Random
02:33:55.335    (INFO)     Trx.Start: **** ConnSH637540940359270769System.Random
02:33:55.335    (INFO)     Trx.Commit: **C** ConnSH637540940359270769System.Random
02:33:55.335    (INFO)     Trx.Start: **** ConnSH637540940359350813System.Random
02:33:55.335    (INFO)     Trx.Commit: **C** ConnSH637540940359350813System.Random
02:33:55.335    (INFO)     Trx.Start: **** ConnSH637540940359440803System.Random
02:33:55.335    (INFO)     Trx.Commit: **C** ConnSH637540940359440803System.Random
02:33:55.335    (INFO)     Trx.Start: **** ConnSH637540940359520772System.Random
02:33:55.335    (INFO)     Trx.Commit: **C** ConnSH637540940359520772System.Random
02:33:55.335    (INFO)     Trx.Start: **** ConnSH637540940359681171System.Random
02:33:55.335    (INFO)     Trx.Commit: **C** ConnSH637540940359681171System.Random
02:33:55.335    (INFO)     Trx.Start: **** ConnSH637540940359763480System.Random
02:33:55.335    (INFO)     Trx.Commit: **C** ConnSH637540940359763480System.Random
02:33:55.335    (INFO)     Trx.Start: **** ConnSH637540940359843495System.Random
02:33:55.335    (INFO)     Trx.Commit: **C** ConnSH637540940359843495System.Random
02:33:55.335    (INFO)     Trx.Start: **** ConnSH637540940359926973System.Random
02:33:55.335    (INFO)     Trx.Commit: **C** ConnSH637540940359926973System.Random
02:33:56.335    (INFO)     Trx.Start: **** ConnSH637540940360017267System.Random
02:33:56.335    (INFO)     Trx.Commit: **C** ConnSH637540940360017267System.Random
02:33:56.335    (INFO)     Trx.Start: **** ConnSH637540940360090914System.Random
02:33:56.335    (INFO)     Trx.Commit: **C** ConnSH637540940360090914System.Random
02:33:56.335    (INFO)     Trx.Start: **** ConnSH637540940360180976System.Random
02:33:56.335    (INFO)     Trx.Commit: **C** ConnSH637540940360180976System.Random
02:33:56.335    (INFO)     Trx.Start: **** ConnSH637540940360292368System.Random
02:33:56.335    (INFO)     Trx.Commit: **C** ConnSH637540940360292368System.Random
02:33:56.335    (INFO)     Trx.Start: **** ConnSH637540940360465316System.Random
02:33:56.335    (INFO)     Trx.Commit: **C** ConnSH637540940360465316System.Random
02:33:56.335    (INFO)     Trx.Start: **** ConnSH637540940360626230System.Random
02:33:56.335    (INFO)     Trx.Commit: **C** ConnSH637540940360626230System.Random
02:33:56.335    (INFO)     Trx.Start: **** ConnSH637540940360785948System.Random
02:33:56.335    (INFO)     Trx.Commit: **C** ConnSH637540940360785948System.Random
02:33:56.335    (INFO)     Trx.Start: **** ConnSH637540940360946020System.Random
02:33:56.335    (INFO)     Trx.Commit: **C** ConnSH637540940360946020System.Random
02:33:56.335    (INFO)     Trx.Start: **** ConnSH637540940361106364System.Random
02:33:56.335    (INFO)     Trx.Commit: **C** ConnSH637540940361106364System.Random
02:33:56.335    (INFO)     Trx.Start: **** ConnSH637540940361206166System.Random
02:33:56.335    (INFO)     Trx.Commit: **C** ConnSH637540940361206166System.Random
02:33:56.335    (INFO)     Trx.Start: **** ConnSH637540940361344983System.Random
02:33:56.335    (INFO)     Trx.Commit: **C** ConnSH637540940361344983System.Random
02:33:56.335    (INFO)     Trx.Start: **** ConnSH637540940361575332System.Random
02:33:56.335    (INFO)     Trx.Commit: **C** ConnSH637540940361575332System.Random
02:33:56.335    (INFO)     Trx.Start: **** ConnSH637540940361793679System.Random
02:33:56.335    (INFO)     Trx.Commit: **C** ConnSH637540940361793679System.Random
02:33:56.335    (INFO)     Trx.Start: **** ConnSH637540940361995983System.Random
02:33:56.335    (INFO)     Trx.Commit: **C** ConnSH637540940361995983System.Random
02:33:56.335    (INFO)     CacheMgt.Reset: AD_Process: #1 (1)
02:34:42.344    (INFO)     Trx.Start: **** ConnSH637540940821026473System.Random
02:34:42.344    (INFO)     Trx.Commit: **C** ConnSH637540940821026473System.Random
02:34:42.344    (INFO)     CacheReset.DoIt: 
02:34:42.344    (INFO)     Env.Reset: finalCall=False
02:34:42.344    (INFO)     CacheMgt.Reset: #18 (4388)
02:34:42.344    (INFO)     MRole.Get: AD_Role_ID=0, AD_User_ID=0, reload=True
02:34:42.344    (INFO)     MRole.Get: MRole[0,System Administrator,UserLevel=S  ,AD_Client_ID=0,AD_Org_ID=0]
02:34:42.344    (INFO)     MRole.Get: AD_Role_ID=0, AD_User_ID=100, reload=True
02:34:42.344    (INFO)     MRole.Get: MRole[0,System Administrator,UserLevel=S  ,AD_Client_ID=0,AD_Org_ID=0]
02:34:42.344    (INFO)     MChangeLog.FillChangeLog: #9
02:34:42.344    (INFO)     CacheMgt.Reset: AD_Process: #1 (1)
02:34:44.344    (INFO)     Trx.Start: **** ConnSH637540940847201660System.Random
02:34:44.344    (INFO)     Trx.Commit: **C** ConnSH637540940847201660System.Random
02:34:44.344    (INFO)     Trx.Start: **** ConnSH637540940847479971System.Random
02:34:44.344    (INFO)     Trx.Commit: **C** ConnSH637540940847479971System.Random
02:34:44.344    (INFO)     Trx.Start: **** ConnSH637540940847567107System.Random
02:34:44.344    (INFO)     Trx.Commit: **C** ConnSH637540940847567107System.Random
02:34:44.344    (INFO)     Trx.Start: **** ConnSH637540940847720655System.Random
02:34:44.344    (INFO)     Trx.Commit: **C** ConnSH637540940847720655System.Random
02:34:44.344    (INFO)     Trx.Start: **** ConnSH637540940847870903System.Random
02:34:44.344    (INFO)     Trx.Commit: **C** ConnSH637540940847870903System.Random
02:34:44.344    (INFO)     Trx.Start: **** ConnSH637540940848034571System.Random
02:34:44.344    (INFO)     Trx.Commit: **C** ConnSH637540940848034571System.Random
02:34:44.344    (INFO)     Trx.Start: **** ConnSH637540940848198588System.Random
02:34:44.344    (INFO)     Trx.Commit: **C** ConnSH637540940848198588System.Random
02:34:44.344    (INFO)     Trx.Start: **** ConnSH637540940848363886System.Random
02:34:44.344    (INFO)     Trx.Commit: **C** ConnSH637540940848363886System.Random
02:34:44.344    (INFO)     Trx.Start: **** ConnSH637540940848535500System.Random
02:34:44.344    (INFO)     Trx.Commit: **C** ConnSH637540940848535500System.Random
02:34:44.344    (INFO)     Trx.Start: **** ConnSH637540940848695478System.Random
02:34:44.344    (INFO)     Trx.Commit: **C** ConnSH637540940848695478System.Random
02:34:44.344    (INFO)     Trx.Start: **** ConnSH637540940848860416System.Random
02:34:44.344    (INFO)     Trx.Commit: **C** ConnSH637540940848860416System.Random
02:34:44.344    (INFO)     Trx.Start: **** ConnSH637540940849023783System.Random
02:34:44.344    (INFO)     Trx.Commit: **C** ConnSH637540940849023783System.Random
02:34:44.344    (INFO)     Trx.Start: **** ConnSH637540940849168918System.Random
02:34:44.344    (INFO)     Trx.Commit: **C** ConnSH637540940849168918System.Random
02:34:44.344    (INFO)     Trx.Start: **** ConnSH637540940849269608System.Random
02:34:44.344    (INFO)     Trx.Commit: **C** ConnSH637540940849269608System.Random
02:34:44.344    (INFO)     Trx.Start: **** ConnSH637540940849369633System.Random
02:34:44.344    (INFO)     Trx.Commit: **C** ConnSH637540940849369633System.Random
02:34:44.344    (INFO)     Trx.Start: **** ConnSH637540940849459178System.Random
02:34:44.344    (INFO)     Trx.Commit: **C** ConnSH637540940849459178System.Random
02:34:44.344    (INFO)     Trx.Start: **** ConnSH637540940849553480System.Random
02:34:44.344    (INFO)     Trx.Commit: **C** ConnSH637540940849553480System.Random
02:34:44.344    (INFO)     Trx.Start: **** ConnSH637540940849703537System.Random
02:34:44.344    (INFO)     Trx.Commit: **C** ConnSH637540940849703537System.Random
02:34:44.344    (INFO)     Trx.Start: **** ConnSH637540940849863534System.Random
02:34:44.344    (INFO)     Trx.Commit: **C** ConnSH637540940849863534System.Random
02:34:45.344    (INFO)     Trx.Start: **** ConnSH637540940850024449System.Random
02:34:45.344    (INFO)     Trx.Commit: **C** ConnSH637540940850024449System.Random
02:34:45.344    (INFO)     Trx.Start: **** ConnSH637540940850181163System.Random
02:34:45.344    (INFO)     Trx.Commit: **C** ConnSH637540940850181163System.Random
02:34:45.344    (INFO)     Trx.Start: **** ConnSH637540940850261619System.Random
02:34:45.344    (INFO)     Trx.Commit: **C** ConnSH637540940850261619System.Random
02:34:45.344    (INFO)     Trx.Start: **** ConnSH637540940850360389System.Random
02:34:45.344    (INFO)     Trx.Commit: **C** ConnSH637540940850360389System.Random
02:34:45.344    (INFO)     Trx.Start: **** ConnSH637540940850460487System.Random
02:34:45.344    (INFO)     Trx.Commit: **C** ConnSH637540940850460487System.Random
02:34:45.344    (INFO)     Trx.Start: **** ConnSH637540940850561558System.Random
02:34:45.344    (INFO)     Trx.Commit: **C** ConnSH637540940850561558System.Random
02:34:45.344    (INFO)     Trx.Start: **** ConnSH637540940850723983System.Random
02:34:45.344    (INFO)     Trx.Commit: **C** ConnSH637540940850723983System.Random
02:34:45.344    (INFO)     Trx.Start: **** ConnSH637540940850883984System.Random
02:34:45.344    (INFO)     Trx.Commit: **C** ConnSH637540940850883984System.Random
02:34:45.344    (INFO)     Trx.Start: **** ConnSH637540940851041268System.Random
02:34:45.344    (INFO)     Trx.Commit: **C** ConnSH637540940851041268System.Random
02:34:45.344    (INFO)     Trx.Start: **** ConnSH637540940851134270System.Random
02:34:45.344    (INFO)     Trx.Commit: **C** ConnSH637540940851134270System.Random
02:34:45.344    (INFO)     Trx.Start: **** ConnSH637540940851292272System.Random
02:34:45.344    (INFO)     Trx.Commit: **C** ConnSH637540940851292272System.Random
02:34:45.344    (INFO)     Trx.Start: **** ConnSH637540940851453088System.Random
02:34:45.344    (INFO)     Trx.Commit: **C** ConnSH637540940851453088System.Random
02:34:45.344    (INFO)     Trx.Start: **** ConnSH637540940851600171System.Random
02:34:45.344    (INFO)     Trx.Commit: **C** ConnSH637540940851600171System.Random
02:34:45.344    (INFO)     Trx.Start: **** ConnSH637540940851775129System.Random
02:34:45.344    (INFO)     Trx.Commit: **C** ConnSH637540940851775129System.Random
02:34:45.344    (INFO)     Trx.Start: **** ConnSH637540940851981768System.Random
02:34:45.344    (INFO)     Trx.Commit: **C** ConnSH637540940851981768System.Random
02:34:45.344    (INFO)     Trx.Start: **** ConnSH637540940852152786System.Random
02:34:45.344    (INFO)     Trx.Commit: **C** ConnSH637540940852152786System.Random
02:34:45.344    (INFO)     Trx.Start: **** ConnSH637540940852318514System.Random
02:34:45.344    (INFO)     Trx.Commit: **C** ConnSH637540940852318514System.Random
02:34:45.344    (INFO)     Trx.Start: **** ConnSH637540940852481486System.Random
02:34:45.344    (INFO)     Trx.Commit: **C** ConnSH637540940852481486System.Random
02:34:45.344    (INFO)     Trx.Start: **** ConnSH637540940852581260System.Random
02:34:45.344    (INFO)     Trx.Commit: **C** ConnSH637540940852581260System.Random
02:34:45.344    (INFO)     Trx.Start: **** ConnSH637540940852731554System.Random
02:34:45.344    (INFO)     Trx.Commit: **C** ConnSH637540940852731554System.Random
02:34:45.344    (INFO)     Trx.Start: **** ConnSH637540940852971570System.Random
02:34:45.344    (INFO)     Trx.Commit: **C** ConnSH637540940852971570System.Random
02:34:45.344    (INFO)     Trx.Start: **** ConnSH637540940853111817System.Random
02:34:45.344    (INFO)     Trx.Commit: **C** ConnSH637540940853111817System.Random
02:34:45.344    (INFO)     Trx.Start: **** ConnSH637540940853371841System.Random
02:34:45.344    (INFO)     Trx.Commit: **C** ConnSH637540940853371841System.Random
02:34:45.344    (INFO)     Trx.Start: **** ConnSH637540940853601531System.Random
02:34:45.344    (INFO)     Trx.Commit: **C** ConnSH637540940853601531System.Random
02:34:45.344    (INFO)     Trx.Start: **** ConnSH637540940853811885System.Random
02:34:45.344    (INFO)     Trx.Commit: **C** ConnSH637540940853811885System.Random
02:34:45.344    (INFO)     Trx.Start: **** ConnSH637540940853911548System.Random
02:34:45.344    (INFO)     Trx.Commit: **C** ConnSH637540940853911548System.Random
02:34:45.344    (INFO)     Trx.Start: **** ConnSH637540940854001551System.Random
02:34:45.344    (INFO)     Trx.Commit: **C** ConnSH637540940854001551System.Random
02:34:45.344    (INFO)     Trx.Start: **** ConnSH637540940854171533System.Random
02:34:45.344    (INFO)     Trx.Commit: **C** ConnSH637540940854171533System.Random
02:34:45.344    (INFO)     Trx.Start: **** ConnSH637540940854351788System.Random
02:34:45.344    (INFO)     Trx.Commit: **C** ConnSH637540940854351788System.Random
02:34:45.344    (INFO)     Trx.Start: **** ConnSH637540940854501533System.Random
02:34:45.344    (INFO)     Trx.Commit: **C** ConnSH637540940854501533System.Random
02:34:45.344    (INFO)     Trx.Start: **** ConnSH637540940854591535System.Random
02:34:45.344    (INFO)     Trx.Commit: **C** ConnSH637540940854591535System.Random
02:34:45.344    (INFO)     Trx.Start: **** ConnSH637540940854671531System.Random
02:34:45.344    (INFO)     Trx.Commit: **C** ConnSH637540940854671531System.Random
02:34:45.344    (INFO)     Trx.Start: **** ConnSH637540940854771947System.Random
02:34:45.344    (INFO)     Trx.Commit: **C** ConnSH637540940854771947System.Random
02:34:45.344    (INFO)     Trx.Start: **** ConnSH637540940854941879System.Random
02:34:45.344    (INFO)     Trx.Commit: **C** ConnSH637540940854941879System.Random
02:34:45.344    (INFO)     Trx.Start: **** ConnSH637540940855101878System.Random
02:34:45.344    (INFO)     Trx.Commit: **C** ConnSH637540940855101878System.Random
02:34:45.344    (INFO)     Trx.Start: **** ConnSH637540940855251882System.Random
02:34:45.344    (INFO)     Trx.Commit: **C** ConnSH637540940855251882System.Random
02:34:45.344    (INFO)     Trx.Start: **** ConnSH637540940855351904System.Random
02:34:45.344    (INFO)     Trx.Commit: **C** ConnSH637540940855351904System.Random
02:34:45.344    (INFO)     Trx.Start: **** ConnSH637540940855511574System.Random
02:34:45.344    (INFO)     Trx.Commit: **C** ConnSH637540940855511574System.Random
02:34:45.344    (INFO)     Trx.Start: **** ConnSH637540940855601571System.Random
02:34:45.344    (INFO)     Trx.Commit: **C** ConnSH637540940855601571System.Random
02:34:45.344    (INFO)     Trx.Start: **** ConnSH637540940855761886System.Random
02:34:45.344    (INFO)     Trx.Commit: **C** ConnSH637540940855761886System.Random
02:34:45.344    (INFO)     Trx.Start: **** ConnSH637540940855921920System.Random
02:34:45.344    (INFO)     Trx.Commit: **C** ConnSH637540940855921920System.Random
02:34:45.344    (INFO)     Trx.Start: **** ConnSH637540940856021878System.Random
02:34:45.344    (INFO)     Trx.Commit: **C** ConnSH637540940856021878System.Random
02:34:45.344    (INFO)     Trx.Start: **** ConnSH637540940856181783System.Random
02:34:45.344    (INFO)     Trx.Commit: **C** ConnSH637540940856181783System.Random
02:34:45.344    (INFO)     Trx.Start: **** ConnSH637540940856341885System.Random
02:34:45.344    (INFO)     Trx.Commit: **C** ConnSH637540940856341885System.Random
02:34:45.344    (INFO)     Trx.Start: **** ConnSH637540940856491943System.Random
02:34:45.344    (INFO)     Trx.Commit: **C** ConnSH637540940856491943System.Random
02:34:45.344    (INFO)     Trx.Start: **** ConnSH637540940857528394System.Random
02:34:45.344    (INFO)     Trx.Commit: **C** ConnSH637540940857528394System.Random
02:34:45.344    (INFO)     Trx.Start: **** ConnSH637540940857723824System.Random
02:34:45.344    (INFO)     Trx.Commit: **C** ConnSH637540940857723824System.Random
02:34:45.344    (INFO)     Trx.Start: **** ConnSH637540940857839406System.Random
02:34:45.344    (INFO)     Trx.Commit: **C** ConnSH637540940857839406System.Random
02:34:45.344    (INFO)     Trx.Start: **** ConnSH637540940858014283System.Random
02:34:45.344    (INFO)     Trx.Commit: **C** ConnSH637540940858014283System.Random
02:34:45.344    (INFO)     Trx.Start: **** ConnSH637540940858181760System.Random
02:34:45.344    (INFO)     Trx.Commit: **C** ConnSH637540940858181760System.Random
02:34:45.344    (INFO)     Trx.Start: **** ConnSH637540940858338386System.Random
02:34:45.344    (INFO)     Trx.Commit: **C** ConnSH637540940858338386System.Random
02:34:45.344    (INFO)     Trx.Start: **** ConnSH637540940858438384System.Random
02:34:45.344    (INFO)     Trx.Commit: **C** ConnSH637540940858438384System.Random
02:34:45.344    (INFO)     Trx.Start: **** ConnSH637540940858521317System.Random
02:34:45.344    (INFO)     Trx.Commit: **C** ConnSH637540940858521317System.Random
02:34:45.344    (INFO)     Trx.Start: **** ConnSH637540940858689349System.Random
02:34:45.344    (INFO)     Trx.Commit: **C** ConnSH637540940858689349System.Random
02:34:45.344    (INFO)     Trx.Start: **** ConnSH637540940858799353System.Random
02:34:45.344    (INFO)     Trx.Commit: **C** ConnSH637540940858799353System.Random
02:34:45.344    (INFO)     Trx.Start: **** ConnSH637540940858983965System.Random
02:34:45.344    (INFO)     Trx.Commit: **C** ConnSH637540940858983965System.Random
02:34:45.344    (INFO)     Trx.Start: **** ConnSH637540940859139540System.Random
02:34:45.344    (INFO)     Trx.Commit: **C** ConnSH637540940859139540System.Random
02:34:45.344    (INFO)     Trx.Start: **** ConnSH637540940859242064System.Random
02:34:45.344    (INFO)     Trx.Commit: **C** ConnSH637540940859242064System.Random
02:34:45.344    (INFO)     Trx.Start: **** ConnSH637540940859398200System.Random
02:34:45.344    (INFO)     Trx.Commit: **C** ConnSH637540940859398200System.Random
02:34:45.344    (INFO)     Trx.Start: **** ConnSH637540940859492270System.Random
02:34:45.344    (INFO)     Trx.Commit: **C** ConnSH637540940859492270System.Random
02:34:45.344    (INFO)     Trx.Start: **** ConnSH637540940859641900System.Random
02:34:45.344    (INFO)     Trx.Commit: **C** ConnSH637540940859641900System.Random
02:34:45.344    (INFO)     Trx.Start: **** ConnSH637540940859736362System.Random
02:34:45.344    (INFO)     Trx.Commit: **C** ConnSH637540940859736362System.Random
02:34:45.344    (INFO)     Trx.Start: **** ConnSH637540940859846237System.Random
02:34:45.344    (INFO)     Trx.Commit: **C** ConnSH637540940859846237System.Random
02:34:45.344    (INFO)     Trx.Start: **** ConnSH637540940859956324System.Random
02:34:45.344    (INFO)     Trx.Commit: **C** ConnSH637540940859956324System.Random
02:34:46.344    (INFO)     Trx.Start: **** ConnSH637540940860043550System.Random
02:34:46.344    (INFO)     Trx.Commit: **C** ConnSH637540940860043550System.Random
02:34:46.344    (INFO)     Trx.Start: **** ConnSH637540940860143520System.Random
02:34:46.344    (INFO)     Trx.Commit: **C** ConnSH637540940860143520System.Random
02:34:46.344    (INFO)     Trx.Start: **** ConnSH637540940860302849System.Random
02:34:46.344    (INFO)     Trx.Commit: **C** ConnSH637540940860302849System.Random
02:34:46.344    (INFO)     Trx.Start: **** ConnSH637540940860468741System.Random
02:34:46.344    (INFO)     Trx.Commit: **C** ConnSH637540940860468741System.Random
02:34:46.344    (INFO)     Trx.Start: **** ConnSH637540940860633684System.Random
02:34:46.344    (INFO)     Trx.Commit: **C** ConnSH637540940860633684System.Random
02:34:46.344    (INFO)     Trx.Start: **** ConnSH637540940860799112System.Random
02:34:46.344    (INFO)     Trx.Commit: **C** ConnSH637540940860799112System.Random
02:34:46.344    (INFO)     Trx.Start: **** ConnSH637540940860950495System.Random
02:34:46.344    (INFO)     Trx.Commit: **C** ConnSH637540940860950495System.Random
02:34:46.344    (INFO)     Trx.Start: **** ConnSH637540940861050263System.Random
02:34:46.344    (INFO)     Trx.Commit: **C** ConnSH637540940861050263System.Random
02:34:46.344    (INFO)     Trx.Start: **** ConnSH637540940861147282System.Random
02:34:46.344    (INFO)     Trx.Commit: **C** ConnSH637540940861147282System.Random
02:34:46.344    (INFO)     Trx.Start: **** ConnSH637540940861305078System.Random
02:34:46.344    (INFO)     Trx.Commit: **C** ConnSH637540940861305078System.Random
02:34:46.344    (INFO)     Trx.Start: **** ConnSH637540940861465932System.Random
02:34:46.344    (INFO)     Trx.Commit: **C** ConnSH637540940861465932System.Random
02:34:46.344    (INFO)     Trx.Start: **** ConnSH637540940861612829System.Random
02:34:46.344    (INFO)     Trx.Commit: **C** ConnSH637540940861612829System.Random
02:34:46.344    (INFO)     Trx.Start: **** ConnSH637540940861779338System.Random
02:34:46.344    (INFO)     Trx.Commit: **C** ConnSH637540940861779338System.Random
02:34:46.344    (INFO)     Trx.Start: **** ConnSH637540940861941730System.Random
02:34:46.344    (INFO)     Trx.Commit: **C** ConnSH637540940861941730System.Random
02:34:46.344    (INFO)     Trx.Start: **** ConnSH637540940862096053System.Random
02:34:46.344    (INFO)     Trx.Commit: **C** ConnSH637540940862096053System.Random
02:34:46.344    (INFO)     Trx.Start: **** ConnSH637540940862216279System.Random
02:34:46.344    (INFO)     Trx.Commit: **C** ConnSH637540940862216279System.Random
02:34:46.344    (INFO)     Trx.Start: **** ConnSH637540940862365937System.Random
02:34:46.344    (INFO)     Trx.Commit: **C** ConnSH637540940862365937System.Random
02:34:46.344    (INFO)     Trx.Start: **** ConnSH637540940862461141System.Random
02:34:46.344    (INFO)     Trx.Commit: **C** ConnSH637540940862461141System.Random
02:34:46.344    (INFO)     Trx.Start: **** ConnSH637540940862546280System.Random
02:34:46.344    (INFO)     Trx.Commit: **C** ConnSH637540940862546280System.Random
02:34:46.344    (INFO)     Trx.Start: **** ConnSH637540940862655958System.Random
02:34:46.344    (INFO)     Trx.Commit: **C** ConnSH637540940862655958System.Random
02:34:46.344    (INFO)     Trx.Start: **** ConnSH637540940862756144System.Random
02:34:46.344    (INFO)     Trx.Commit: **C** ConnSH637540940862756144System.Random
02:34:46.344    (INFO)     Trx.Start: **** ConnSH637540940862866362System.Random
02:34:46.344    (INFO)     Trx.Commit: **C** ConnSH637540940862866362System.Random
02:34:46.344    (INFO)     Trx.Start: **** ConnSH637540940862947420System.Random
02:34:46.344    (INFO)     Trx.Commit: **C** ConnSH637540940862947420System.Random
02:34:46.344    (INFO)     Trx.Start: **** ConnSH637540940863039275System.Random
02:34:46.344    (INFO)     Trx.Commit: **C** ConnSH637540940863039275System.Random
02:34:46.344    (INFO)     Trx.Start: **** ConnSH637540940863129511System.Random
02:34:46.344    (INFO)     Trx.Commit: **C** ConnSH637540940863129511System.Random
02:34:46.344    (INFO)     Trx.Start: **** ConnSH637540940863217882System.Random
02:34:46.344    (INFO)     Trx.Commit: **C** ConnSH637540940863217882System.Random
02:34:46.344    (INFO)     Trx.Start: **** ConnSH637540940863297887System.Random
02:34:46.344    (INFO)     Trx.Commit: **C** ConnSH637540940863297887System.Random
02:34:46.344    (INFO)     Trx.Start: **** ConnSH637540940863381532System.Random
02:34:46.344    (INFO)     Trx.Commit: **C** ConnSH637540940863381532System.Random
02:34:46.344    (INFO)     Trx.Start: **** ConnSH637540940863491114System.Random
02:34:46.344    (INFO)     Trx.Commit: **C** ConnSH637540940863491114System.Random
02:34:46.344    (INFO)     Trx.Start: **** ConnSH637540940863650244System.Random
02:34:46.344    (INFO)     Trx.Commit: **C** ConnSH637540940863650244System.Random
02:34:46.344    (INFO)     Trx.Start: **** ConnSH637540940863811249System.Random
02:34:46.344    (INFO)     Trx.Commit: **C** ConnSH637540940863811249System.Random
02:34:46.344    (INFO)     Trx.Start: **** ConnSH637540940863968506System.Random
02:34:46.344    (INFO)     Trx.Commit: **C** ConnSH637540940863968506System.Random
02:34:46.344    (INFO)     Trx.Start: **** ConnSH637540940864128350System.Random
02:34:46.344    (INFO)     Trx.Commit: **C** ConnSH637540940864128350System.Random
02:34:46.344    (INFO)     Trx.Start: **** ConnSH637540940864279125System.Random
02:34:46.344    (INFO)     Trx.Commit: **C** ConnSH637540940864279125System.Random
02:34:46.344    (INFO)     Trx.Start: **** ConnSH637540940864382084System.Random
02:34:46.344    (INFO)     Trx.Commit: **C** ConnSH637540940864382084System.Random
02:34:46.344    (INFO)     Trx.Start: **** ConnSH637540940864510135System.Random
02:34:46.344    (INFO)     Trx.Commit: **C** ConnSH637540940864510135System.Random
02:34:46.344    (INFO)     Trx.Start: **** ConnSH637540940864710122System.Random
02:34:46.344    (INFO)     Trx.Commit: **C** ConnSH637540940864710122System.Random
02:34:46.344    (INFO)     Trx.Start: **** ConnSH637540940864926722System.Random
02:34:46.344    (INFO)     Trx.Commit: **C** ConnSH637540940864926722System.Random
02:34:46.344    (INFO)     Trx.Start: **** ConnSH637540940865117345System.Random
02:34:46.344    (INFO)     Trx.Commit: **C** ConnSH637540940865117345System.Random
02:34:46.344    (INFO)     CacheMgt.Reset: AD_Process: #1 (1)
02:37:54.375    (INFO)     MRole.Get: AD_Role_ID=0, AD_User_ID=100, reload=True
02:37:54.375    (INFO)     MRole.Get: MRole[0,System Administrator,UserLevel=S  ,AD_Client_ID=0,AD_Org_ID=0]
02:37:54.375    (INFO)     MTree.Load: AD_Tree_ID=121, AD_User_ID=100, Editable=False, OnClient=True
02:37:55.375    (INFO)     Trx.Start: **** ConnSH637540942751566454System.Random
02:37:55.375    (INFO)     Trx.Commit: **C** ConnSH637540942751566454System.Random
02:37:55.375    (INFO)     Msg.InitMsg: Records=4077 - en_US
----------->     (WARNING)  AccessSqlParser.GetTableInfo: More than one FROM clause - SELECT AppointmentsInfo.Appointmentsinfo_id AS ID,AppointmentsInfo.AD_Client_ID,AppointmentsInfo.AD_Org_ID  FROM AppointmentsInfo JOIN AD_User ON AD_User.AD_User_ID =AppointmentsInfo.CreatedBy WHERE AppointmentsInfo.IsRead='N' AND AppointmentsInfo.istask ='N'  AND AppointmentsInfo.AD_User_ID  = 100  UNION SELECT AppointmentsInfo.Appointmentsinfo_id AS ID, AppointmentsInfo.AD_Client_ID,AppointmentsInfo.AD_Org_ID FROM AppointmentsInfo  JOIN AD_User ON AD_User.AD_User_ID = AppointmentsInfo.CreatedBy  WHERE (AppointmentsInfo.IsRead ='Y'   AND AppointmentsInfo.AD_User_ID = 100 )  AND AppointmentsInfo.istask ='N'  AND AppointmentsInfo.startDate BETWEEN to_date('4/14/21','mm/dd/yy') and to_date('4/22/21 23.59','mm/dd/yy HH24:MI')   OR  to_date('4/15/21','mm/dd/yy')  BETWEEN  AppointmentsInfo.startDate  AND AppointmentsInfo.endDate  AND  AppointmentsInfo.CreatedBy  !=100 AND AppointmentsInfo.AD_User_ID  = 100)
----------->     (WARNING)  AccessSqlParser.GetTableInfo: Could not remove ON AppointmentsInfo JOIN AD_User ON AD_User.AD_User_ID =AppointmentsInfo.CreatedBy
02:37:59.375    (INFO)     Trx.Start: **** ConnSH637540942795909064System.Random
02:37:59.375    (INFO)     Trx.Commit: **C** ConnSH637540942795909064System.Random
02:38:02.382    (INFO)     Trx.Start: **** ConnSH637540942825788534System.Random
02:38:02.382    (INFO)     Trx.Commit: **C** ConnSH637540942825788534System.Random
02:38:03.383    (INFO)     Trx.Start: **** ConnSH637540942832614964System.Random
02:38:03.383    (INFO)     Trx.Commit: **C** ConnSH637540942832614964System.Random
02:38:03.383    (INFO)     Trx.Start: **** ConnSH637540942837486280System.Random
02:38:03.383    (INFO)     Trx.Commit: **C** ConnSH637540942837486280System.Random
02:38:04.384    (INFO)     Trx.Start: **** ConnSH637540942842097971System.Random
02:38:04.384    (INFO)     Trx.Commit: **C** ConnSH637540942842097971System.Random
02:38:04.384    (INFO)     Trx.Start: **** ConnSH637540942845948790System.Random
02:38:04.384    (INFO)     Trx.Commit: **C** ConnSH637540942845948790System.Random
02:38:17.381    (INFO)     Trx.Start: **** ConnSH637540942971389037System.Random
02:38:17.381    (INFO)     Trx.Commit: **C** ConnSH637540942971389037System.Random
02:38:27.382    (INFO)     Trx.Start: **** ConnSH637540943076249966System.Random
02:38:27.382    (INFO)     Trx.Commit: **C** ConnSH637540943076249966System.Random
02:41:49.414    (INFO)     Trx.Start: **** ConnSH637540945091974713System.Random
02:41:49.414    (INFO)     Trx.Commit: **C** ConnSH637540945091974713System.Random
02:42:15.421    (INFO)     Trx.Start: **** ConnSH637540945358551742System.Random
02:42:15.421    (INFO)     Trx.Commit: **C** ConnSH637540945358551742System.Random
02:44:31.443    (INFO)     Trx.Start: **** ConnSH637540946710756715System.Random
02:44:31.443    (INFO)     Trx.Commit: **C** ConnSH637540946710756715System.Random
02:45:36.453    (INFO)     Trx.Start: **** ConnSH637540947368415539System.Random
02:45:36.453    (INFO)     Trx.Commit: **C** ConnSH637540947368415539System.Random
02:46:41.464    (INFO)     Trx.Start: **** ConnSH637540948012919205System.Random
02:46:41.464    (INFO)     Trx.Commit: **C** ConnSH637540948012919205System.Random
02:47:08.478    (INFO)     Trx.Start: **** ConnSH637540948287357821System.Random
02:47:08.478    (INFO)     Trx.Commit: **C** ConnSH637540948287357821System.Random
02:47:24.472    (INFO)     Trx.Start: **** ConnSH637540948440331176System.Random
02:47:24.472    (INFO)     Trx.Commit: **C** ConnSH637540948440331176System.Random
02:49:17.491    (INFO)     Trx.Start: **** ConnSH637540949574106308System.Random
02:49:17.491    (INFO)     Trx.Commit: **C** ConnSH637540949574106308System.Random
02:49:27.492    (INFO)     Trx.Start: **** ConnSH637540949672063177System.Random
02:49:27.492    (INFO)     Trx.Commit: **C** ConnSH637540949672063177System.Random
02:50:43.504    (INFO)     Trx.Start: **** ConnSH637540950436637015System.Random
02:50:43.504    (INFO)     Trx.Commit: **C** ConnSH637540950436637015System.Random
02:50:43.504    (INFO)     Trx.Start: **** ConnSH637540950436836991System.Random
02:50:43.504    (INFO)     Trx.Commit: **C** ConnSH637540950436836991System.Random
02:50:43.504    (INFO)     Trx.Start: **** ConnSH637540950436997003System.Random
02:50:43.504    (INFO)     Trx.Commit: **C** ConnSH637540950436997003System.Random
02:50:43.504    (INFO)     Trx.Start: **** ConnSH637540950437167738System.Random
02:50:43.504    (INFO)     Trx.Commit: **C** ConnSH637540950437167738System.Random
02:50:43.504    (INFO)     Trx.Start: **** ConnSH637540950437267656System.Random
02:50:43.504    (INFO)     Trx.Commit: **C** ConnSH637540950437267656System.Random
02:50:43.504    (INFO)     Trx.Start: **** ConnSH637540950437367450System.Random
02:50:43.504    (INFO)     Trx.Commit: **C** ConnSH637540950437367450System.Random
02:50:43.504    (INFO)     Trx.Start: **** ConnSH637540950437467355System.Random
02:50:43.504    (INFO)     Trx.Commit: **C** ConnSH637540950437467355System.Random
02:50:43.504    (INFO)     Trx.Start: **** ConnSH637540950437567616System.Random
02:50:43.504    (INFO)     Trx.Commit: **C** ConnSH637540950437567616System.Random
02:50:43.504    (INFO)     Trx.Start: **** ConnSH637540950437737648System.Random
02:50:43.504    (INFO)     Trx.Commit: **C** ConnSH637540950437737648System.Random
02:50:43.504    (INFO)     Trx.Start: **** ConnSH637540950437907968System.Random
02:50:43.504    (INFO)     Trx.Commit: **C** ConnSH637540950437907968System.Random
02:50:43.504    (INFO)     Trx.Start: **** ConnSH637540950438077610System.Random
02:50:43.504    (INFO)     Trx.Commit: **C** ConnSH637540950438077610System.Random
02:50:43.504    (INFO)     Trx.Start: **** ConnSH637540950438187633System.Random
02:50:43.504    (INFO)     Trx.Commit: **C** ConnSH637540950438187633System.Random
02:50:43.504    (INFO)     Trx.Start: **** ConnSH637540950438348079System.Random
02:50:43.504    (INFO)     Trx.Commit: **C** ConnSH637540950438348079System.Random
02:50:43.504    (INFO)     Trx.Start: **** ConnSH637540950438501512System.Random
02:50:43.504    (INFO)     Trx.Commit: **C** ConnSH637540950438501512System.Random
02:50:43.504    (INFO)     Trx.Start: **** ConnSH637540950438691220System.Random
02:50:43.504    (INFO)     Trx.Commit: **C** ConnSH637540950438691220System.Random
02:50:43.504    (INFO)     Trx.Start: **** ConnSH637540950438871157System.Random
02:50:43.504    (INFO)     Trx.Commit: **C** ConnSH637540950438871157System.Random
02:50:43.504    (INFO)     Trx.Start: **** ConnSH637540950439131207System.Random
02:50:43.504    (INFO)     Trx.Commit: **C** ConnSH637540950439131207System.Random
02:50:43.504    (INFO)     Trx.Start: **** ConnSH637540950439321152System.Random
02:50:43.504    (INFO)     Trx.Commit: **C** ConnSH637540950439321152System.Random
02:50:43.504    (INFO)     Trx.Start: **** ConnSH637540950439501527System.Random
02:50:43.504    (INFO)     Trx.Commit: **C** ConnSH637540950439501527System.Random
02:50:43.504    (INFO)     Trx.Start: **** ConnSH637540950439681176System.Random
02:50:43.504    (INFO)     Trx.Commit: **C** ConnSH637540950439681176System.Random
02:50:43.504    (INFO)     Trx.Start: **** ConnSH637540950439771571System.Random
02:50:43.504    (INFO)     Trx.Commit: **C** ConnSH637540950439771571System.Random
02:50:43.504    (INFO)     Trx.Start: **** ConnSH637540950439921513System.Random
02:50:43.504    (INFO)     Trx.Commit: **C** ConnSH637540950439921513System.Random
02:50:44.504    (INFO)     Trx.Start: **** ConnSH637540950440081161System.Random
02:50:44.504    (INFO)     Trx.Commit: **C** ConnSH637540950440081161System.Random
02:50:44.504    (INFO)     Trx.Start: **** ConnSH637540950440201157System.Random
02:50:44.504    (INFO)     Trx.Commit: **C** ConnSH637540950440201157System.Random
02:50:44.504    (INFO)     Trx.Start: **** ConnSH637540950440361161System.Random
02:50:44.504    (INFO)     Trx.Commit: **C** ConnSH637540950440361161System.Random
02:50:44.504    (INFO)     Trx.Start: **** ConnSH637540950440531527System.Random
02:50:44.504    (INFO)     Trx.Commit: **C** ConnSH637540950440531527System.Random
02:50:44.504    (INFO)     Trx.Start: **** ConnSH637540950440691519System.Random
02:50:44.504    (INFO)     Trx.Commit: **C** ConnSH637540950440691519System.Random
02:50:44.504    (INFO)     Trx.Start: **** ConnSH637540950440801514System.Random
02:50:44.504    (INFO)     Trx.Commit: **C** ConnSH637540950440801514System.Random
02:50:44.504    (INFO)     Trx.Start: **** ConnSH637540950440901159System.Random
02:50:44.504    (INFO)     Trx.Commit: **C** ConnSH637540950440901159System.Random
02:50:44.504    (INFO)     Trx.Start: **** ConnSH637540950441061169System.Random
02:50:44.504    (INFO)     Trx.Commit: **C** ConnSH637540950441061169System.Random
02:50:44.504    (INFO)     Trx.Start: **** ConnSH637540950441231532System.Random
02:50:44.504    (INFO)     Trx.Commit: **C** ConnSH637540950441231532System.Random
02:50:44.504    (INFO)     Trx.Start: **** ConnSH637540950441391537System.Random
02:50:44.504    (INFO)     Trx.Commit: **C** ConnSH637540950441391537System.Random
02:50:44.504    (INFO)     Trx.Start: **** ConnSH637540950441491513System.Random
02:50:44.504    (INFO)     Trx.Commit: **C** ConnSH637540950441491513System.Random
02:50:44.504    (INFO)     Trx.Start: **** ConnSH637540950441581185System.Random
02:50:44.504    (INFO)     Trx.Commit: **C** ConnSH637540950441581185System.Random
02:50:44.504    (INFO)     Trx.Start: **** ConnSH637540950441691538System.Random
02:50:44.504    (INFO)     Trx.Commit: **C** ConnSH637540950441691538System.Random
02:50:44.504    (INFO)     Trx.Start: **** ConnSH637540950441861508System.Random
02:50:44.504    (INFO)     Trx.Commit: **C** ConnSH637540950441861508System.Random
02:50:44.504    (INFO)     Trx.Start: **** ConnSH637540950442041521System.Random
02:50:44.504    (INFO)     Trx.Commit: **C** ConnSH637540950442041521System.Random
02:50:44.504    (INFO)     Trx.Start: **** ConnSH637540950442201510System.Random
02:50:44.504    (INFO)     Trx.Commit: **C** ConnSH637540950442201510System.Random
02:50:44.504    (INFO)     Trx.Start: **** ConnSH637540950442321512System.Random
02:50:44.504    (INFO)     Trx.Commit: **C** ConnSH637540950442321512System.Random
02:50:44.504    (INFO)     Trx.Start: **** ConnSH637540950442481519System.Random
02:50:44.504    (INFO)     Trx.Commit: **C** ConnSH637540950442481519System.Random
02:50:44.504    (INFO)     Trx.Start: **** ConnSH637540950442581204System.Random
02:50:44.504    (INFO)     Trx.Commit: **C** ConnSH637540950442581204System.Random
02:50:44.504    (INFO)     Trx.Start: **** ConnSH637540950442741202System.Random
02:50:44.504    (INFO)     Trx.Commit: **C** ConnSH637540950442741202System.Random
02:50:44.504    (INFO)     Trx.Start: **** ConnSH637540950442921179System.Random
02:50:44.504    (INFO)     Trx.Commit: **C** ConnSH637540950442921179System.Random
02:50:44.504    (INFO)     Trx.Start: **** ConnSH637540950443021512System.Random
02:50:44.504    (INFO)     Trx.Commit: **C** ConnSH637540950443021512System.Random
02:50:44.504    (INFO)     Trx.Start: **** ConnSH637540950443181630System.Random
02:50:44.504    (INFO)     Trx.Commit: **C** ConnSH637540950443181630System.Random
02:50:44.504    (INFO)     Trx.Start: **** ConnSH637540950443351550System.Random
02:50:44.504    (INFO)     Trx.Commit: **C** ConnSH637540950443351550System.Random
02:50:44.504    (INFO)     Trx.Start: **** ConnSH637540950443521559System.Random
02:50:44.504    (INFO)     Trx.Commit: **C** ConnSH637540950443521559System.Random
02:50:44.504    (INFO)     Trx.Start: **** ConnSH637540950443611175System.Random
02:50:44.504    (INFO)     Trx.Commit: **C** ConnSH637540950443611175System.Random
02:50:44.504    (INFO)     Trx.Start: **** ConnSH637540950443761510System.Random
02:50:44.504    (INFO)     Trx.Commit: **C** ConnSH637540950443761510System.Random
02:50:44.504    (INFO)     Trx.Start: **** ConnSH637540950443871562System.Random
02:50:44.504    (INFO)     Trx.Commit: **C** ConnSH637540950443871562System.Random
02:50:44.504    (INFO)     Trx.Start: **** ConnSH637540950444031573System.Random
02:50:44.504    (INFO)     Trx.Commit: **C** ConnSH637540950444031573System.Random
02:50:44.504    (INFO)     Trx.Start: **** ConnSH637540950444191511System.Random
02:50:44.504    (INFO)     Trx.Commit: **C** ConnSH637540950444191511System.Random
02:50:44.504    (INFO)     Trx.Start: **** ConnSH637540950444331558System.Random
02:50:44.504    (INFO)     Trx.Commit: **C** ConnSH637540950444331558System.Random
02:50:44.504    (INFO)     Trx.Start: **** ConnSH637540950444441539System.Random
02:50:44.504    (INFO)     Trx.Commit: **C** ConnSH637540950444441539System.Random
02:50:44.504    (INFO)     Trx.Start: **** ConnSH637540950444531160System.Random
02:50:44.504    (INFO)     Trx.Commit: **C** ConnSH637540950444531160System.Random
02:50:44.504    (INFO)     Trx.Start: **** ConnSH637540950444681606System.Random
02:50:44.504    (INFO)     Trx.Commit: **C** ConnSH637540950444681606System.Random
02:50:44.504    (INFO)     Trx.Start: **** ConnSH637540950444791509System.Random
02:50:44.504    (INFO)     Trx.Commit: **C** ConnSH637540950444791509System.Random
02:50:44.504    (INFO)     Trx.Start: **** ConnSH637540950444941165System.Random
02:50:44.504    (INFO)     Trx.Commit: **C** ConnSH637540950444941165System.Random
02:50:44.504    (INFO)     Trx.Start: **** ConnSH637540950445101158System.Random
02:50:44.504    (INFO)     Trx.Commit: **C** ConnSH637540950445101158System.Random
02:50:44.504    (INFO)     Trx.Start: **** ConnSH637540950445191161System.Random
02:50:44.504    (INFO)     Trx.Commit: **C** ConnSH637540950445191161System.Random
02:50:44.504    (INFO)     Trx.Start: **** ConnSH637540950445351502System.Random
02:50:44.504    (INFO)     Trx.Commit: **C** ConnSH637540950445351502System.Random
02:50:44.504    (INFO)     Trx.Start: **** ConnSH637540950445451159System.Random
02:50:44.504    (INFO)     Trx.Commit: **C** ConnSH637540950445451159System.Random
02:50:44.504    (INFO)     Trx.Start: **** ConnSH637540950445611513System.Random
02:50:44.504    (INFO)     Trx.Commit: **C** ConnSH637540950445611513System.Random
02:50:44.504    (INFO)     Trx.Start: **** ConnSH637540950445741492System.Random
02:50:44.504    (INFO)     Trx.Commit: **C** ConnSH637540950445741492System.Random
02:50:44.504    (INFO)     Trx.Start: **** ConnSH637540950445851578System.Random
02:50:44.504    (INFO)     Trx.Commit: **C** ConnSH637540950445851578System.Random
02:50:44.504    (INFO)     Trx.Start: **** ConnSH637540950445951511System.Random
02:50:44.504    (INFO)     Trx.Commit: **C** ConnSH637540950445951511System.Random
02:50:44.504    (INFO)     Trx.Start: **** ConnSH637540950446041514System.Random
02:50:44.504    (INFO)     Trx.Commit: **C** ConnSH637540950446041514System.Random
02:50:44.504    (INFO)     Trx.Start: **** ConnSH637540950446141187System.Random
02:50:44.504    (INFO)     Trx.Commit: **C** ConnSH637540950446141187System.Random
02:50:44.504    (INFO)     Trx.Start: **** ConnSH637540950446311202System.Random
02:50:44.504    (INFO)     Trx.Commit: **C** ConnSH637540950446311202System.Random
02:50:44.504    (INFO)     Trx.Start: **** ConnSH637540950446471185System.Random
02:50:44.504    (INFO)     Trx.Commit: **C** ConnSH637540950446471185System.Random
02:50:44.504    (INFO)     Trx.Start: **** ConnSH637540950446631201System.Random
02:50:44.504    (INFO)     Trx.Commit: **C** ConnSH637540950446631201System.Random
02:50:44.504    (INFO)     Trx.Start: **** ConnSH637540950446781192System.Random
02:50:44.504    (INFO)     Trx.Commit: **C** ConnSH637540950446781192System.Random
02:50:44.504    (INFO)     Trx.Start: **** ConnSH637540950446941518System.Random
02:50:44.504    (INFO)     Trx.Commit: **C** ConnSH637540950446941518System.Random
02:50:44.504    (INFO)     Trx.Start: **** ConnSH637540950447051512System.Random
02:50:44.504    (INFO)     Trx.Commit: **C** ConnSH637540950447051512System.Random
02:50:44.504    (INFO)     Trx.Start: **** ConnSH637540950447141513System.Random
02:50:44.504    (INFO)     Trx.Commit: **C** ConnSH637540950447141513System.Random
02:50:44.504    (INFO)     Trx.Start: **** ConnSH637540950447301513System.Random
02:50:44.504    (INFO)     Trx.Commit: **C** ConnSH637540950447301513System.Random
02:50:44.504    (INFO)     Trx.Start: **** ConnSH637540950447461512System.Random
02:50:44.504    (INFO)     Trx.Commit: **C** ConnSH637540950447461512System.Random
02:50:44.504    (INFO)     Trx.Start: **** ConnSH637540950447621511System.Random
02:50:44.504    (INFO)     Trx.Commit: **C** ConnSH637540950447621511System.Random
02:50:44.504    (INFO)     Trx.Start: **** ConnSH637540950447781514System.Random
02:50:44.504    (INFO)     Trx.Commit: **C** ConnSH637540950447781514System.Random
02:50:44.504    (INFO)     Trx.Start: **** ConnSH637540950447941512System.Random
02:50:44.504    (INFO)     Trx.Commit: **C** ConnSH637540950447941512System.Random
02:50:44.504    (INFO)     Trx.Start: **** ConnSH637540950448081522System.Random
02:50:44.504    (INFO)     Trx.Commit: **C** ConnSH637540950448081522System.Random
02:50:44.504    (INFO)     Trx.Start: **** ConnSH637540950448181519System.Random
02:50:44.504    (INFO)     Trx.Commit: **C** ConnSH637540950448181519System.Random
02:50:44.504    (INFO)     Trx.Start: **** ConnSH637540950448321517System.Random
02:50:44.504    (INFO)     Trx.Commit: **C** ConnSH637540950448321517System.Random
02:50:44.504    (INFO)     Trx.Start: **** ConnSH637540950448401522System.Random
02:50:44.504    (INFO)     Trx.Commit: **C** ConnSH637540950448401522System.Random
02:50:44.504    (INFO)     Trx.Start: **** ConnSH637540950448481586System.Random
02:50:44.504    (INFO)     Trx.Commit: **C** ConnSH637540950448481586System.Random
02:50:44.504    (INFO)     Trx.Start: **** ConnSH637540950448561510System.Random
02:50:44.504    (INFO)     Trx.Commit: **C** ConnSH637540950448561510System.Random
02:50:44.504    (INFO)     Trx.Start: **** ConnSH637540950448641535System.Random
02:50:44.504    (INFO)     Trx.Commit: **C** ConnSH637540950448641535System.Random
02:50:44.504    (INFO)     Trx.Start: **** ConnSH637540950448721510System.Random
02:50:44.504    (INFO)     Trx.Commit: **C** ConnSH637540950448721510System.Random
02:50:44.504    (INFO)     Trx.Start: **** ConnSH637540950448801534System.Random
02:50:44.504    (INFO)     Trx.Commit: **C** ConnSH637540950448801534System.Random
02:50:44.504    (INFO)     Trx.Start: **** ConnSH637540950448881516System.Random
02:50:44.504    (INFO)     Trx.Commit: **C** ConnSH637540950448881516System.Random
02:50:44.504    (INFO)     Trx.Start: **** ConnSH637540950448961518System.Random
02:50:44.504    (INFO)     Trx.Commit: **C** ConnSH637540950448961518System.Random
02:50:44.504    (INFO)     Trx.Start: **** ConnSH637540950449041510System.Random
02:50:44.504    (INFO)     Trx.Commit: **C** ConnSH637540950449041510System.Random
02:50:44.504    (INFO)     Trx.Start: **** ConnSH637540950449121557System.Random
02:50:44.504    (INFO)     Trx.Commit: **C** ConnSH637540950449121557System.Random
02:50:44.504    (INFO)     Trx.Start: **** ConnSH637540950449201521System.Random
02:50:44.504    (INFO)     Trx.Commit: **C** ConnSH637540950449201521System.Random
02:50:44.504    (INFO)     Trx.Start: **** ConnSH637540950449341156System.Random
02:50:44.504    (INFO)     Trx.Commit: **C** ConnSH637540950449341156System.Random
02:50:44.504    (INFO)     Trx.Start: **** ConnSH637540950449501181System.Random
02:50:44.504    (INFO)     Trx.Commit: **C** ConnSH637540950449501181System.Random
02:50:44.504    (INFO)     Trx.Start: **** ConnSH637540950449671509System.Random
02:50:44.504    (INFO)     Trx.Commit: **C** ConnSH637540950449671509System.Random
02:50:44.504    (INFO)     Trx.Start: **** ConnSH637540950449821162System.Random
02:50:44.504    (INFO)     Trx.Commit: **C** ConnSH637540950449821162System.Random
02:50:44.504    (INFO)     Trx.Start: **** ConnSH637540950449981180System.Random
02:50:45.504    (INFO)     Trx.Commit: **C** ConnSH637540950449981180System.Random
02:50:45.504    (INFO)     Trx.Start: **** ConnSH637540950450121163System.Random
02:50:45.504    (INFO)     Trx.Commit: **C** ConnSH637540950450121163System.Random
02:50:45.504    (INFO)     Trx.Start: **** ConnSH637540950450221527System.Random
02:50:45.504    (INFO)     Trx.Commit: **C** ConnSH637540950450221527System.Random
02:50:45.504    (INFO)     Trx.Start: **** ConnSH637540950450331559System.Random
02:50:45.504    (INFO)     Trx.Commit: **C** ConnSH637540950450331559System.Random
02:50:45.504    (INFO)     Trx.Start: **** ConnSH637540950450531547System.Random
02:50:45.504    (INFO)     Trx.Commit: **C** ConnSH637540950450531547System.Random
02:50:45.504    (INFO)     Trx.Start: **** ConnSH637540950450731510System.Random
02:50:45.504    (INFO)     Trx.Commit: **C** ConnSH637540950450731510System.Random
02:50:45.504    (INFO)     Trx.Start: **** ConnSH637540950450929714System.Random
