*** 4/8/2021 9:08:16 AM VAdvantage Log  ***
----------->     (WARNING)  AccessSqlParser.GetTableInfo: Could not remove ON AD_Note
                           , AD_Message
                            ON AD_Message.AD_Message_ID         =AD_Note.AD_Message_ID
09:08:48.848    (INFO)     MSession.Logout: 02:01:44.853
09:08:51.851    (INFO)     MRole.Get: AD_Role_ID=102, AD_User_ID=101, reload=True
09:08:51.851    (INFO)     MRole.Get: MRole[102,IdeasInc Admin,UserLevel= CO,AD_Client_ID IN (0,11),]
09:08:51.851    (INFO)     MRole.Get: AD_Role_ID=102, AD_User_ID=101, reload=True
09:08:51.851    (INFO)     MRole.Get: MRole[102,IdeasInc Admin,UserLevel= CO,AD_Client_ID IN (0,11),]
09:08:51.851    (INFO)     MTree.Load: AD_Tree_ID=121, AD_User_ID=101, Editable=False, OnClient=True
09:08:51.851    (INFO)     Trx.Start: **** ConnSH637534697315829161System.Random
09:08:51.851    (INFO)     Trx.Commit: **C** ConnSH637534697315829161System.Random
----------->     (WARNING)  AccessSqlParser.GetTableInfo: More than one FROM clause - SELECT AppointmentsInfo.Appointmentsinfo_id AS ID,AppointmentsInfo.AD_Client_ID,AppointmentsInfo.AD_Org_ID  FROM AppointmentsInfo JOIN AD_User ON AD_User.AD_User_ID =AppointmentsInfo.CreatedBy WHERE AppointmentsInfo.IsRead='N' AND AppointmentsInfo.istask ='N'  AND AppointmentsInfo.AD_User_ID  = 101  UNION SELECT AppointmentsInfo.Appointmentsinfo_id AS ID, AppointmentsInfo.AD_Client_ID,AppointmentsInfo.AD_Org_ID FROM AppointmentsInfo  JOIN AD_User ON AD_User.AD_User_ID = AppointmentsInfo.CreatedBy  WHERE (AppointmentsInfo.IsRead ='Y'   AND AppointmentsInfo.AD_User_ID = 101 )  AND AppointmentsInfo.istask ='N'  AND AppointmentsInfo.startDate BETWEEN to_date('4/07/21','mm/dd/yy') and to_date('4/15/21 23.59','mm/dd/yy HH24:MI')   OR  to_date('4/08/21','mm/dd/yy')  BETWEEN  AppointmentsInfo.startDate  AND AppointmentsInfo.endDate  AND  AppointmentsInfo.CreatedBy  !=101 AND AppointmentsInfo.AD_User_ID  = 101)
----------->     (WARNING)  AccessSqlParser.GetTableInfo: Could not remove ON AppointmentsInfo JOIN AD_User ON AD_User.AD_User_ID =AppointmentsInfo.CreatedBy
----------->     (WARNING)  GridTable.GetField: Not found: 'Created'
----------->     (WARNING)  GridTable.GetField: Not found: 'CreatedBy'
----------->     (WARNING)  GridTable.GetField: Not found: 'Updated'
----------->     (WARNING)  GridTable.GetField: Not found: 'UpdatedBy'
===========>     (SEVERE)   OracleHelper.ExecuteDataset: ORA-00942: table or view does not exist [Query D] => SELECT vadms_windowdoclink_id, record_id FROM VADMS_WindowDocLink wdl JOIN vadms_document doc ON wdl.VADMS_Document_ID  =doc.VADMS_Document_ID WHERE doc.vadms_docstatus!='DD' AND AD_Table_ID =1000829
----------->     (WARNING)  GridTable.GetField: Not found: 'Created'
----------->     (WARNING)  GridTable.GetField: Not found: 'CreatedBy'
----------->     (WARNING)  GridTable.GetField: Not found: 'Updated'
----------->     (WARNING)  GridTable.GetField: Not found: 'UpdatedBy'
===========>     (SEVERE)   OracleHelper.ExecuteDataset: ORA-00942: table or view does not exist [Query D] => SELECT vadms_windowdoclink_id, record_id FROM VADMS_WindowDocLink wdl JOIN vadms_document doc ON wdl.VADMS_Document_ID  =doc.VADMS_Document_ID WHERE doc.vadms_docstatus!='DD' AND AD_Table_ID =1000828
----------->     (WARNING)  GridTable.GetField: Not found: 'Created'
----------->     (WARNING)  GridTable.GetField: Not found: 'CreatedBy'
----------->     (WARNING)  GridTable.GetField: Not found: 'Updated'
----------->     (WARNING)  GridTable.GetField: Not found: 'UpdatedBy'
===========>     (SEVERE)   OracleHelper.ExecuteDataset: ORA-00942: table or view does not exist [Query D] => SELECT vadms_windowdoclink_id, record_id FROM VADMS_WindowDocLink wdl JOIN vadms_document doc ON wdl.VADMS_Document_ID  =doc.VADMS_Document_ID WHERE doc.vadms_docstatus!='DD' AND AD_Table_ID =1000902
09:08:59.859    (INFO)     Trx.Start: **** ConnSH637534697391754815System.Random
09:08:59.859    (INFO)     Trx.Commit: **C** ConnSH637534697391754815System.Random
09:08:59.859    (INFO)     Trx.Start: **** ConnSH637534697396964824System.Random
09:08:59.859    (INFO)     Trx.Commit: **C** ConnSH637534697396964824System.Random
09:09:20.920    (INFO)     MTable.GetPO: Using GenericPO for VAHRUAE_HR_AttendanceRule
09:09:20.920    (INFO)     MChangeLog.FillChangeLog: #9
09:09:20.920    (INFO)     Trx.Start: **** ConnSH637534697604304909System.Random
09:09:20.920    (INFO)     Trx.Commit: **C** ConnSH637534697604304909System.Random
09:11:34.113    (INFO)     MTable.GetPO: Using GenericPO for VAHRUAE_ShiftCompenstion
09:11:34.113    (INFO)     Trx.Start: **** ConnSH637534698941680339System.Random
09:11:34.113    (INFO)     Trx.Commit: **C** ConnSH637534698941680339System.Random
09:11:34.113    (INFO)     Trx.Start: **** ConnSH637534698941750336System.Random
09:11:34.113    (INFO)     Trx.Commit: **C** ConnSH637534698941750336System.Random
09:11:40.114    (INFO)     Trx.Start: **** ConnSH637534699003880835System.Random
09:11:40.114    (INFO)     Trx.Commit: **C** ConnSH637534699003880835System.Random
09:11:50.115    (INFO)     Trx.Start: **** ConnSH637534699104778341System.Random
09:11:50.115    (INFO)     Trx.Commit: **C** ConnSH637534699104778341System.Random
----------->     (WARNING)  GridTable.GetField: Not found: 'Created'
----------->     (WARNING)  GridTable.GetField: Not found: 'CreatedBy'
----------->     (WARNING)  GridTable.GetField: Not found: 'Updated'
----------->     (WARNING)  GridTable.GetField: Not found: 'UpdatedBy'
===========>     (SEVERE)   OracleHelper.ExecuteDataset: ORA-00942: table or view does not exist [Query D] => SELECT vadms_windowdoclink_id, record_id FROM VADMS_WindowDocLink wdl JOIN vadms_document doc ON wdl.VADMS_Document_ID  =doc.VADMS_Document_ID WHERE doc.vadms_docstatus!='DD' AND AD_Table_ID =1000868
----------->     (WARNING)  GridTable.GetField: Not found: 'Created'
----------->     (WARNING)  GridTable.GetField: Not found: 'CreatedBy'
----------->     (WARNING)  GridTable.GetField: Not found: 'Updated'
----------->     (WARNING)  GridTable.GetField: Not found: 'UpdatedBy'
===========>     (SEVERE)   OracleHelper.ExecuteDataset: ORA-00942: table or view does not exist [Query D] => SELECT vadms_windowdoclink_id, record_id FROM VADMS_WindowDocLink wdl JOIN vadms_document doc ON wdl.VADMS_Document_ID  =doc.VADMS_Document_ID WHERE doc.vadms_docstatus!='DD' AND AD_Table_ID =1000869
----------->     (WARNING)  GridTable.GetField: Not found: 'Created'
----------->     (WARNING)  GridTable.GetField: Not found: 'CreatedBy'
----------->     (WARNING)  GridTable.GetField: Not found: 'Updated'
----------->     (WARNING)  GridTable.GetField: Not found: 'UpdatedBy'
===========>     (SEVERE)   OracleHelper.ExecuteDataset: ORA-00942: table or view does not exist [Query D] => SELECT vadms_windowdoclink_id, record_id FROM VADMS_WindowDocLink wdl JOIN vadms_document doc ON wdl.VADMS_Document_ID  =doc.VADMS_Document_ID WHERE doc.vadms_docstatus!='DD' AND AD_Table_ID =1000870
09:11:57.115    (INFO)     Trx.Start: **** ConnSH637534699179253509System.Random
09:11:57.115    (INFO)     Trx.Commit: **C** ConnSH637534699179253509System.Random
===========>     (SEVERE)   OracleHelper.ExecuteDataset: ORA-00936: missing expression [Query D] =>SELECT COUNT(*) FROM VAHRUAE_DailyAttendance WHERE  AND WHERE.AD_Client_ID IN (0,11) AND WHERE.VAHRUAE_DailyAttendance_ID NOT IN ( SELECT Record_ID FROM AD_Private_Access WHERE AD_Table_ID = 1000870 AND AD_User_ID <> 101 AND IsActive = 'Y' )
09:12:29.122    (INFO)     AEnv.GetMWindowVO: Cached=VAdvantage.Controller.GridWindowVO
----------->     (WARNING)  GridTable.GetField: Not found: 'Created'
----------->     (WARNING)  GridTable.GetField: Not found: 'CreatedBy'
----------->     (WARNING)  GridTable.GetField: Not found: 'Updated'
----------->     (WARNING)  GridTable.GetField: Not found: 'UpdatedBy'
===========>     (SEVERE)   OracleHelper.ExecuteDataset: ORA-00942: table or view does not exist [Query D] => SELECT vadms_windowdoclink_id, record_id FROM VADMS_WindowDocLink wdl JOIN vadms_document doc ON wdl.VADMS_Document_ID  =doc.VADMS_Document_ID WHERE doc.vadms_docstatus!='DD' AND AD_Table_ID =1000829
----------->     (WARNING)  GridTable.GetField: Not found: 'Created'
----------->     (WARNING)  GridTable.GetField: Not found: 'CreatedBy'
----------->     (WARNING)  GridTable.GetField: Not found: 'Updated'
----------->     (WARNING)  GridTable.GetField: Not found: 'UpdatedBy'
===========>     (SEVERE)   OracleHelper.ExecuteDataset: ORA-00942: table or view does not exist [Query D] => SELECT vadms_windowdoclink_id, record_id FROM VADMS_WindowDocLink wdl JOIN vadms_document doc ON wdl.VADMS_Document_ID  =doc.VADMS_Document_ID WHERE doc.vadms_docstatus!='DD' AND AD_Table_ID =1000828
----------->     (WARNING)  GridTable.GetField: Not found: 'Created'
----------->     (WARNING)  GridTable.GetField: Not found: 'CreatedBy'
----------->     (WARNING)  GridTable.GetField: Not found: 'Updated'
----------->     (WARNING)  GridTable.GetField: Not found: 'UpdatedBy'
===========>     (SEVERE)   OracleHelper.ExecuteDataset: ORA-00942: table or view does not exist [Query D] => SELECT vadms_windowdoclink_id, record_id FROM VADMS_WindowDocLink wdl JOIN vadms_document doc ON wdl.VADMS_Document_ID  =doc.VADMS_Document_ID WHERE doc.vadms_docstatus!='DD' AND AD_Table_ID =1000902
09:12:29.122    (INFO)     Trx.Start: **** ConnSH637534699497227832System.Random
09:12:29.122    (INFO)     Trx.Commit: **C** ConnSH637534699497227832System.Random
09:12:30.123    (INFO)     Trx.Start: **** ConnSH637534699500158080System.Random
09:12:30.123    (INFO)     Trx.Commit: **C** ConnSH637534699500158080System.Random
----------->     (WARNING)  GridTable.GetField: Not found: 'Created'
----------->     (WARNING)  GridTable.GetField: Not found: 'CreatedBy'
----------->     (WARNING)  GridTable.GetField: Not found: 'Updated'
----------->     (WARNING)  GridTable.GetField: Not found: 'UpdatedBy'
===========>     (SEVERE)   OracleHelper.ExecuteDataset: ORA-00942: table or view does not exist [Query D] => SELECT vadms_windowdoclink_id, record_id FROM VADMS_WindowDocLink wdl JOIN vadms_document doc ON wdl.VADMS_Document_ID  =doc.VADMS_Document_ID WHERE doc.vadms_docstatus!='DD' AND AD_Table_ID =1000847
----------->     (WARNING)  GridTable.GetField: Not found: 'Created'
----------->     (WARNING)  GridTable.GetField: Not found: 'CreatedBy'
----------->     (WARNING)  GridTable.GetField: Not found: 'Updated'
----------->     (WARNING)  GridTable.GetField: Not found: 'UpdatedBy'
===========>     (SEVERE)   OracleHelper.ExecuteDataset: ORA-00942: table or view does not exist [Query D] => SELECT vadms_windowdoclink_id, record_id FROM VADMS_WindowDocLink wdl JOIN vadms_document doc ON wdl.VADMS_Document_ID  =doc.VADMS_Document_ID WHERE doc.vadms_docstatus!='DD' AND AD_Table_ID =1000846
09:12:36.123    (INFO)     Trx.Start: **** ConnSH637534699566608316System.Random
09:12:36.123    (INFO)     Trx.Commit: **C** ConnSH637534699566608316System.Random
09:12:36.123    (INFO)     Trx.Start: **** ConnSH637534699567902083System.Random
09:12:36.123    (INFO)     Trx.Commit: **C** ConnSH637534699567902083System.Random
09:12:43.124    (INFO)     Trx.Start: **** ConnSH637534699630542744System.Random
09:12:43.124    (INFO)     Trx.Commit: **C** ConnSH637534699630542744System.Random
09:13:01.131    (INFO)     Trx.Start: **** ConnSH637534699811450962System.Random
09:13:01.131    (INFO)     Trx.Commit: **C** ConnSH637534699811450962System.Random
09:13:32.133    (INFO)     MTable.GetPO: Using GenericPO for VAHRUAE_HR_PenalityDetails
09:13:32.133    (INFO)     Trx.Start: **** ConnSH637534700129258444System.Random
09:13:32.133    (INFO)     Trx.Commit: **C** ConnSH637534700129258444System.Random
----------->     (WARNING)  GridTable.GetField: Not found: 'Created'
----------->     (WARNING)  GridTable.GetField: Not found: 'CreatedBy'
----------->     (WARNING)  GridTable.GetField: Not found: 'Updated'
----------->     (WARNING)  GridTable.GetField: Not found: 'UpdatedBy'
===========>     (SEVERE)   OracleHelper.ExecuteDataset: ORA-00942: table or view does not exist [Query D] => SELECT vadms_windowdoclink_id, record_id FROM VADMS_WindowDocLink wdl JOIN vadms_document doc ON wdl.VADMS_Document_ID  =doc.VADMS_Document_ID WHERE doc.vadms_docstatus!='DD' AND AD_Table_ID =1000802
----------->     (WARNING)  GridTable.GetField: Not found: 'Created'
----------->     (WARNING)  GridTable.GetField: Not found: 'CreatedBy'
----------->     (WARNING)  GridTable.GetField: Not found: 'Updated'
----------->     (WARNING)  GridTable.GetField: Not found: 'UpdatedBy'
===========>     (SEVERE)   OracleHelper.ExecuteDataset: ORA-00942: table or view does not exist [Query D] => SELECT vadms_windowdoclink_id, record_id FROM VADMS_WindowDocLink wdl JOIN vadms_document doc ON wdl.VADMS_Document_ID  =doc.VADMS_Document_ID WHERE doc.vadms_docstatus!='DD' AND AD_Table_ID =1000803
09:13:46.134    (INFO)     Trx.Start: **** ConnSH637534700268171616System.Random
09:13:46.134    (INFO)     Trx.Commit: **C** ConnSH637534700268171616System.Random
----------->     (WARNING)  GridTable.GetField: Not found: 'Created'
----------->     (WARNING)  GridTable.GetField: Not found: 'CreatedBy'
----------->     (WARNING)  GridTable.GetField: Not found: 'Updated'
----------->     (WARNING)  GridTable.GetField: Not found: 'UpdatedBy'
===========>     (SEVERE)   OracleHelper.ExecuteDataset: ORA-00942: table or view does not exist [Query D] => SELECT vadms_windowdoclink_id, record_id FROM VADMS_WindowDocLink wdl JOIN vadms_document doc ON wdl.VADMS_Document_ID  =doc.VADMS_Document_ID WHERE doc.vadms_docstatus!='DD' AND AD_Table_ID =1000848
09:13:54.135    (INFO)     Trx.Start: **** ConnSH637534700348268239System.Random
09:13:54.135    (INFO)     Trx.Commit: **C** ConnSH637534700348268239System.Random
09:14:17.141    (INFO)     AEnv.GetMWindowVO: Cached=VAdvantage.Controller.GridWindowVO
----------->     (WARNING)  GridTable.GetField: Not found: 'Created'
----------->     (WARNING)  GridTable.GetField: Not found: 'CreatedBy'
----------->     (WARNING)  GridTable.GetField: Not found: 'Updated'
----------->     (WARNING)  GridTable.GetField: Not found: 'UpdatedBy'
===========>     (SEVERE)   OracleHelper.ExecuteDataset: ORA-00942: table or view does not exist [Query D] => SELECT vadms_windowdoclink_id, record_id FROM VADMS_WindowDocLink wdl JOIN vadms_document doc ON wdl.VADMS_Document_ID  =doc.VADMS_Document_ID WHERE doc.vadms_docstatus!='DD' AND AD_Table_ID =1000829
----------->     (WARNING)  GridTable.GetField: Not found: 'Created'
----------->     (WARNING)  GridTable.GetField: Not found: 'CreatedBy'
----------->     (WARNING)  GridTable.GetField: Not found: 'Updated'
----------->     (WARNING)  GridTable.GetField: Not found: 'UpdatedBy'
===========>     (SEVERE)   OracleHelper.ExecuteDataset: ORA-00942: table or view does not exist [Query D] => SELECT vadms_windowdoclink_id, record_id FROM VADMS_WindowDocLink wdl JOIN vadms_document doc ON wdl.VADMS_Document_ID  =doc.VADMS_Document_ID WHERE doc.vadms_docstatus!='DD' AND AD_Table_ID =1000828
----------->     (WARNING)  GridTable.GetField: Not found: 'Created'
----------->     (WARNING)  GridTable.GetField: Not found: 'CreatedBy'
----------->     (WARNING)  GridTable.GetField: Not found: 'Updated'
----------->     (WARNING)  GridTable.GetField: Not found: 'UpdatedBy'
===========>     (SEVERE)   OracleHelper.ExecuteDataset: ORA-00942: table or view does not exist [Query D] => SELECT vadms_windowdoclink_id, record_id FROM VADMS_WindowDocLink wdl JOIN vadms_document doc ON wdl.VADMS_Document_ID  =doc.VADMS_Document_ID WHERE doc.vadms_docstatus!='DD' AND AD_Table_ID =1000902
09:14:17.141    (INFO)     Trx.Start: **** ConnSH637534700578569896System.Random
09:14:17.141    (INFO)     Trx.Commit: **C** ConnSH637534700578569896System.Random
09:14:18.141    (INFO)     Trx.Start: **** ConnSH637534700581149738System.Random
09:14:18.141    (INFO)     Trx.Commit: **C** ConnSH637534700581149738System.Random
09:14:21.142    (INFO)     Trx.Start: **** ConnSH637534700616751212System.Random
09:14:21.142    (INFO)     Trx.Commit: **C** ConnSH637534700616751212System.Random
09:14:28.142    (INFO)     Trx.Start: **** ConnSH637534700681688056System.Random
09:14:28.142    (INFO)     Trx.Commit: **C** ConnSH637534700681688056System.Random
----------->     (WARNING)  GridTable.GetField: Not found: 'Created'
----------->     (WARNING)  GridTable.GetField: Not found: 'CreatedBy'
----------->     (WARNING)  GridTable.GetField: Not found: 'Updated'
----------->     (WARNING)  GridTable.GetField: Not found: 'UpdatedBy'
===========>     (SEVERE)   OracleHelper.ExecuteDataset: ORA-00942: table or view does not exist [Query D] => SELECT vadms_windowdoclink_id, record_id FROM VADMS_WindowDocLink wdl JOIN vadms_document doc ON wdl.VADMS_Document_ID  =doc.VADMS_Document_ID WHERE doc.vadms_docstatus!='DD' AND AD_Table_ID =1000807
----------->     (WARNING)  GridTable.GetField: Not found: 'Created'
----------->     (WARNING)  GridTable.GetField: Not found: 'CreatedBy'
----------->     (WARNING)  GridTable.GetField: Not found: 'Updated'
----------->     (WARNING)  GridTable.GetField: Not found: 'UpdatedBy'
===========>     (SEVERE)   OracleHelper.ExecuteDataset: ORA-00942: table or view does not exist [Query D] => SELECT vadms_windowdoclink_id, record_id FROM VADMS_WindowDocLink wdl JOIN vadms_document doc ON wdl.VADMS_Document_ID  =doc.VADMS_Document_ID WHERE doc.vadms_docstatus!='DD' AND AD_Table_ID =1000806
----------->     (WARNING)  GridTable.GetField: Not found: 'Created'
----------->     (WARNING)  GridTable.GetField: Not found: 'CreatedBy'
----------->     (WARNING)  GridTable.GetField: Not found: 'Updated'
----------->     (WARNING)  GridTable.GetField: Not found: 'UpdatedBy'
===========>     (SEVERE)   OracleHelper.ExecuteDataset: ORA-00942: table or view does not exist [Query D] => SELECT vadms_windowdoclink_id, record_id FROM VADMS_WindowDocLink wdl JOIN vadms_document doc ON wdl.VADMS_Document_ID  =doc.VADMS_Document_ID WHERE doc.vadms_docstatus!='DD' AND AD_Table_ID =1000808
09:14:49.144    (INFO)     Trx.Start: **** ConnSH637534700892753584System.Random
09:14:49.144    (INFO)     Trx.Commit: **C** ConnSH637534700892753584System.Random
09:14:49.144    (INFO)     Trx.Start: **** ConnSH637534700894700029System.Random
09:14:49.144    (INFO)     Trx.Commit: **C** ConnSH637534700894700029System.Random
----------->     (WARNING)  GridTable.GetField: Not found: 'Created'
----------->     (WARNING)  GridTable.GetField: Not found: 'CreatedBy'
----------->     (WARNING)  GridTable.GetField: Not found: 'Updated'
----------->     (WARNING)  GridTable.GetField: Not found: 'UpdatedBy'
===========>     (SEVERE)   OracleHelper.ExecuteDataset: ORA-00942: table or view does not exist [Query D] => SELECT vadms_windowdoclink_id, record_id FROM VADMS_WindowDocLink wdl JOIN vadms_document doc ON wdl.VADMS_Document_ID  =doc.VADMS_Document_ID WHERE doc.vadms_docstatus!='DD' AND AD_Table_ID =1000851
----------->     (WARNING)  GridTable.GetField: Not found: 'Created'
----------->     (WARNING)  GridTable.GetField: Not found: 'CreatedBy'
----------->     (WARNING)  GridTable.GetField: Not found: 'Updated'
----------->     (WARNING)  GridTable.GetField: Not found: 'UpdatedBy'
===========>     (SEVERE)   OracleHelper.ExecuteDataset: ORA-00942: table or view does not exist [Query D] => SELECT vadms_windowdoclink_id, record_id FROM VADMS_WindowDocLink wdl JOIN vadms_document doc ON wdl.VADMS_Document_ID  =doc.VADMS_Document_ID WHERE doc.vadms_docstatus!='DD' AND AD_Table_ID =1000852
----------->     (WARNING)  GridTable.GetField: Not found: 'Created'
----------->     (WARNING)  GridTable.GetField: Not found: 'CreatedBy'
----------->     (WARNING)  GridTable.GetField: Not found: 'Updated'
----------->     (WARNING)  GridTable.GetField: Not found: 'UpdatedBy'
===========>     (SEVERE)   OracleHelper.ExecuteDataset: ORA-00942: table or view does not exist [Query D] => SELECT vadms_windowdoclink_id, record_id FROM VADMS_WindowDocLink wdl JOIN vadms_document doc ON wdl.VADMS_Document_ID  =doc.VADMS_Document_ID WHERE doc.vadms_docstatus!='DD' AND AD_Table_ID =1000853
09:14:55.145    (INFO)     Trx.Start: **** ConnSH637534700954084124System.Random
09:14:55.145    (INFO)     Trx.Commit: **C** ConnSH637534700954084124System.Random
09:14:55.145    (INFO)     Trx.Start: **** ConnSH637534700955433913System.Random
09:14:55.145    (INFO)     Trx.Commit: **C** ConnSH637534700955433913System.Random
09:15:09.159    (INFO)     AEnv.GetMWindowVO: Cached=VAdvantage.Controller.GridWindowVO
----------->     (WARNING)  GridTable.GetField: Not found: 'Created'
----------->     (WARNING)  GridTable.GetField: Not found: 'CreatedBy'
----------->     (WARNING)  GridTable.GetField: Not found: 'Updated'
----------->     (WARNING)  GridTable.GetField: Not found: 'UpdatedBy'
===========>     (SEVERE)   OracleHelper.ExecuteDataset: ORA-00942: table or view does not exist [Query D] => SELECT vadms_windowdoclink_id, record_id FROM VADMS_WindowDocLink wdl JOIN vadms_document doc ON wdl.VADMS_Document_ID  =doc.VADMS_Document_ID WHERE doc.vadms_docstatus!='DD' AND AD_Table_ID =1000807
----------->     (WARNING)  GridTable.GetField: Not found: 'Created'
----------->     (WARNING)  GridTable.GetField: Not found: 'CreatedBy'
----------->     (WARNING)  GridTable.GetField: Not found: 'Updated'
----------->     (WARNING)  GridTable.GetField: Not found: 'UpdatedBy'
===========>     (SEVERE)   OracleHelper.ExecuteDataset: ORA-00942: table or view does not exist [Query D] => SELECT vadms_windowdoclink_id, record_id FROM VADMS_WindowDocLink wdl JOIN vadms_document doc ON wdl.VADMS_Document_ID  =doc.VADMS_Document_ID WHERE doc.vadms_docstatus!='DD' AND AD_Table_ID =1000806
----------->     (WARNING)  GridTable.GetField: Not found: 'Created'
----------->     (WARNING)  GridTable.GetField: Not found: 'CreatedBy'
----------->     (WARNING)  GridTable.GetField: Not found: 'Updated'
----------->     (WARNING)  GridTable.GetField: Not found: 'UpdatedBy'
===========>     (SEVERE)   OracleHelper.ExecuteDataset: ORA-00942: table or view does not exist [Query D] => SELECT vadms_windowdoclink_id, record_id FROM VADMS_WindowDocLink wdl JOIN vadms_document doc ON wdl.VADMS_Document_ID  =doc.VADMS_Document_ID WHERE doc.vadms_docstatus!='DD' AND AD_Table_ID =1000808
09:15:09.159    (INFO)     Trx.Start: **** ConnSH637534701095827688System.Random
09:15:09.159    (INFO)     Trx.Commit: **C** ConnSH637534701095827688System.Random
09:15:09.159    (INFO)     Trx.Start: **** ConnSH637534701097465575System.Random
09:15:09.159    (INFO)     Trx.Commit: **C** ConnSH637534701097465575System.Random
09:15:20.152    (INFO)     AEnv.GetMWindowVO: Cached=VAdvantage.Controller.GridWindowVO
----------->     (WARNING)  GridTable.GetField: Not found: 'Created'
----------->     (WARNING)  GridTable.GetField: Not found: 'CreatedBy'
----------->     (WARNING)  GridTable.GetField: Not found: 'Updated'
----------->     (WARNING)  GridTable.GetField: Not found: 'UpdatedBy'
===========>     (SEVERE)   OracleHelper.ExecuteDataset: ORA-00942: table or view does not exist [Query D] => SELECT vadms_windowdoclink_id, record_id FROM VADMS_WindowDocLink wdl JOIN vadms_document doc ON wdl.VADMS_Document_ID  =doc.VADMS_Document_ID WHERE doc.vadms_docstatus!='DD' AND AD_Table_ID =1000847
----------->     (WARNING)  GridTable.GetField: Not found: 'Created'
----------->     (WARNING)  GridTable.GetField: Not found: 'CreatedBy'
----------->     (WARNING)  GridTable.GetField: Not found: 'Updated'
----------->     (WARNING)  GridTable.GetField: Not found: 'UpdatedBy'
===========>     (SEVERE)   OracleHelper.ExecuteDataset: ORA-00942: table or view does not exist [Query D] => SELECT vadms_windowdoclink_id, record_id FROM VADMS_WindowDocLink wdl JOIN vadms_document doc ON wdl.VADMS_Document_ID  =doc.VADMS_Document_ID WHERE doc.vadms_docstatus!='DD' AND AD_Table_ID =1000846
09:15:20.152    (INFO)     Trx.Start: **** ConnSH637534701202917730System.Random
09:15:20.152    (INFO)     Trx.Commit: **C** ConnSH637534701202917730System.Random
09:15:20.152    (INFO)     Trx.Start: **** ConnSH637534701204147384System.Random
09:15:20.152    (INFO)     Trx.Commit: **C** ConnSH637534701204147384System.Random
09:15:46.154    (INFO)     AEnv.GetMWindowVO: Cached=VAdvantage.Controller.GridWindowVO
----------->     (WARNING)  GridTable.GetField: Not found: 'Created'
----------->     (WARNING)  GridTable.GetField: Not found: 'CreatedBy'
----------->     (WARNING)  GridTable.GetField: Not found: 'Updated'
----------->     (WARNING)  GridTable.GetField: Not found: 'UpdatedBy'
===========>     (SEVERE)   OracleHelper.ExecuteDataset: ORA-00942: table or view does not exist [Query D] => SELECT vadms_windowdoclink_id, record_id FROM VADMS_WindowDocLink wdl JOIN vadms_document doc ON wdl.VADMS_Document_ID  =doc.VADMS_Document_ID WHERE doc.vadms_docstatus!='DD' AND AD_Table_ID =1000847
----------->     (WARNING)  GridTable.GetField: Not found: 'Created'
----------->     (WARNING)  GridTable.GetField: Not found: 'CreatedBy'
----------->     (WARNING)  GridTable.GetField: Not found: 'Updated'
----------->     (WARNING)  GridTable.GetField: Not found: 'UpdatedBy'
===========>     (SEVERE)   OracleHelper.ExecuteDataset: ORA-00942: table or view does not exist [Query D] => SELECT vadms_windowdoclink_id, record_id FROM VADMS_WindowDocLink wdl JOIN vadms_document doc ON wdl.VADMS_Document_ID  =doc.VADMS_Document_ID WHERE doc.vadms_docstatus!='DD' AND AD_Table_ID =1000846
09:15:46.154    (INFO)     Trx.Start: **** ConnSH637534701463639002System.Random
09:15:46.154    (INFO)     Trx.Commit: **C** ConnSH637534701463639002System.Random
09:15:46.154    (INFO)     Trx.Start: **** ConnSH637534701465038460System.Random
09:15:46.154    (INFO)     Trx.Commit: **C** ConnSH637534701465038460System.Random
----------->     (WARNING)  GridTable.GetField: Not found: 'Created'
----------->     (WARNING)  GridTable.GetField: Not found: 'CreatedBy'
----------->     (WARNING)  GridTable.GetField: Not found: 'Updated'
----------->     (WARNING)  GridTable.GetField: Not found: 'UpdatedBy'
===========>     (SEVERE)   OracleHelper.ExecuteDataset: ORA-00942: table or view does not exist [Query D] => SELECT vadms_windowdoclink_id, record_id FROM VADMS_WindowDocLink wdl JOIN vadms_document doc ON wdl.VADMS_Document_ID  =doc.VADMS_Document_ID WHERE doc.vadms_docstatus!='DD' AND AD_Table_ID =1000823
09:16:03.163    (INFO)     Trx.Start: **** ConnSH637534701637234951System.Random
09:16:03.163    (INFO)     Trx.Commit: **C** ConnSH637534701637234951System.Random
09:16:03.163    (INFO)     Trx.Start: **** ConnSH637534701638645026System.Random
09:16:03.163    (INFO)     Trx.Commit: **C** ConnSH637534701638645026System.Random
09:22:22.222    (INFO)     AEnv.GetMWindowVO: Cached=VAdvantage.Controller.GridWindowVO
----------->     (WARNING)  GridTable.GetField: Not found: 'Created'
----------->     (WARNING)  GridTable.GetField: Not found: 'CreatedBy'
----------->     (WARNING)  GridTable.GetField: Not found: 'Updated'
----------->     (WARNING)  GridTable.GetField: Not found: 'UpdatedBy'
===========>     (SEVERE)   OracleHelper.ExecuteDataset: ORA-00942: table or view does not exist [Query D] => SELECT vadms_windowdoclink_id, record_id FROM VADMS_WindowDocLink wdl JOIN vadms_document doc ON wdl.VADMS_Document_ID  =doc.VADMS_Document_ID WHERE doc.vadms_docstatus!='DD' AND AD_Table_ID =1000823
09:22:22.222    (INFO)     Trx.Start: **** ConnSH637534705427614783System.Random
09:22:22.222    (INFO)     Trx.Commit: **C** ConnSH637534705427614783System.Random
09:22:22.222    (INFO)     Trx.Start: **** ConnSH637534705428934777System.Random
09:22:22.222    (INFO)     Trx.Commit: **C** ConnSH637534705428934777System.Random
----------->     (WARNING)  GridTable.GetField: Not found: 'Created'
----------->     (WARNING)  GridTable.GetField: Not found: 'CreatedBy'
----------->     (WARNING)  GridTable.GetField: Not found: 'Updated'
----------->     (WARNING)  GridTable.GetField: Not found: 'UpdatedBy'
===========>     (SEVERE)   OracleHelper.ExecuteDataset: ORA-00942: table or view does not exist [Query D] => SELECT vadms_windowdoclink_id, record_id FROM VADMS_WindowDocLink wdl JOIN vadms_document doc ON wdl.VADMS_Document_ID  =doc.VADMS_Document_ID WHERE doc.vadms_docstatus!='DD' AND AD_Table_ID =1000815
----------->     (WARNING)  GridTable.GetField: Not found: 'Created'
----------->     (WARNING)  GridTable.GetField: Not found: 'CreatedBy'
----------->     (WARNING)  GridTable.GetField: Not found: 'Updated'
----------->     (WARNING)  GridTable.GetField: Not found: 'UpdatedBy'
===========>     (SEVERE)   OracleHelper.ExecuteDataset: ORA-00942: table or view does not exist [Query D] => SELECT vadms_windowdoclink_id, record_id FROM VADMS_WindowDocLink wdl JOIN vadms_document doc ON wdl.VADMS_Document_ID  =doc.VADMS_Document_ID WHERE doc.vadms_docstatus!='DD' AND AD_Table_ID =1000811
----------->     (WARNING)  GridTable.GetField: Not found: 'Created'
----------->     (WARNING)  GridTable.GetField: Not found: 'CreatedBy'
----------->     (WARNING)  GridTable.GetField: Not found: 'Updated'
----------->     (WARNING)  GridTable.GetField: Not found: 'UpdatedBy'
===========>     (SEVERE)   OracleHelper.ExecuteDataset: ORA-00942: table or view does not exist [Query D] => SELECT vadms_windowdoclink_id, record_id FROM VADMS_WindowDocLink wdl JOIN vadms_document doc ON wdl.VADMS_Document_ID  =doc.VADMS_Document_ID WHERE doc.vadms_docstatus!='DD' AND AD_Table_ID =1000814
09:22:51.225    (INFO)     Trx.Start: **** ConnSH637534705718484811System.Random
09:22:51.225    (INFO)     Trx.Commit: **C** ConnSH637534705718484811System.Random
09:23:13.231    (INFO)     AEnv.GetMWindowVO: Cached=VAdvantage.Controller.GridWindowVO
----------->     (WARNING)  GridTable.GetField: Not found: 'Created'
----------->     (WARNING)  GridTable.GetField: Not found: 'CreatedBy'
----------->     (WARNING)  GridTable.GetField: Not found: 'Updated'
----------->     (WARNING)  GridTable.GetField: Not found: 'UpdatedBy'
===========>     (SEVERE)   OracleHelper.ExecuteDataset: ORA-00942: table or view does not exist [Query D] => SELECT vadms_windowdoclink_id, record_id FROM VADMS_WindowDocLink wdl JOIN vadms_document doc ON wdl.VADMS_Document_ID  =doc.VADMS_Document_ID WHERE doc.vadms_docstatus!='DD' AND AD_Table_ID =1000851
----------->     (WARNING)  GridTable.GetField: Not found: 'Created'
----------->     (WARNING)  GridTable.GetField: Not found: 'CreatedBy'
----------->     (WARNING)  GridTable.GetField: Not found: 'Updated'
----------->     (WARNING)  GridTable.GetField: Not found: 'UpdatedBy'
===========>     (SEVERE)   OracleHelper.ExecuteDataset: ORA-00942: table or view does not exist [Query D] => SELECT vadms_windowdoclink_id, record_id FROM VADMS_WindowDocLink wdl JOIN vadms_document doc ON wdl.VADMS_Document_ID  =doc.VADMS_Document_ID WHERE doc.vadms_docstatus!='DD' AND AD_Table_ID =1000852
----------->     (WARNING)  GridTable.GetField: Not found: 'Created'
----------->     (WARNING)  GridTable.GetField: Not found: 'CreatedBy'
----------->     (WARNING)  GridTable.GetField: Not found: 'Updated'
----------->     (WARNING)  GridTable.GetField: Not found: 'UpdatedBy'
===========>     (SEVERE)   OracleHelper.ExecuteDataset: ORA-00942: table or view does not exist [Query D] => SELECT vadms_windowdoclink_id, record_id FROM VADMS_WindowDocLink wdl JOIN vadms_document doc ON wdl.VADMS_Document_ID  =doc.VADMS_Document_ID WHERE doc.vadms_docstatus!='DD' AND AD_Table_ID =1000853
09:23:13.231    (INFO)     Trx.Start: **** ConnSH637534705935771489System.Random
09:23:13.231    (INFO)     Trx.Commit: **C** ConnSH637534705935771489System.Random
09:23:13.231    (INFO)     Trx.Start: **** ConnSH637534705937233183System.Random
09:23:13.231    (INFO)     Trx.Commit: **C** ConnSH637534705937233183System.Random
09:23:25.232    (INFO)     AEnv.GetMWindowVO: Cached=VAdvantage.Controller.GridWindowVO
----------->     (WARNING)  GridTable.GetField: Not found: 'Created'
----------->     (WARNING)  GridTable.GetField: Not found: 'CreatedBy'
----------->     (WARNING)  GridTable.GetField: Not found: 'Updated'
----------->     (WARNING)  GridTable.GetField: Not found: 'UpdatedBy'
===========>     (SEVERE)   OracleHelper.ExecuteDataset: ORA-00942: table or view does not exist [Query D] => SELECT vadms_windowdoclink_id, record_id FROM VADMS_WindowDocLink wdl JOIN vadms_document doc ON wdl.VADMS_Document_ID  =doc.VADMS_Document_ID WHERE doc.vadms_docstatus!='DD' AND AD_Table_ID =1000847
----------->     (WARNING)  GridTable.GetField: Not found: 'Created'
----------->     (WARNING)  GridTable.GetField: Not found: 'CreatedBy'
----------->     (WARNING)  GridTable.GetField: Not found: 'Updated'
----------->     (WARNING)  GridTable.GetField: Not found: 'UpdatedBy'
===========>     (SEVERE)   OracleHelper.ExecuteDataset: ORA-00942: table or view does not exist [Query D] => SELECT vadms_windowdoclink_id, record_id FROM VADMS_WindowDocLink wdl JOIN vadms_document doc ON wdl.VADMS_Document_ID  =doc.VADMS_Document_ID WHERE doc.vadms_docstatus!='DD' AND AD_Table_ID =1000846
09:23:25.232    (INFO)     Trx.Start: **** ConnSH637534706058252587System.Random
09:23:25.232    (INFO)     Trx.Commit: **C** ConnSH637534706058252587System.Random
09:23:25.232    (INFO)     Trx.Start: **** ConnSH637534706059582634System.Random
09:23:25.232    (INFO)     Trx.Commit: **C** ConnSH637534706059582634System.Random
09:23:28.232    (INFO)     Trx.Start: **** ConnSH637534706086349236System.Random
09:23:28.232    (INFO)     Trx.Commit: **C** ConnSH637534706086349236System.Random
09:24:00.240    (INFO)     MSession.Logout: 02:15:10.756
09:24:03.243    (INFO)     MRole.Get: AD_Role_ID=0, AD_User_ID=100, reload=True
09:24:03.243    (INFO)     MRole.Get: MRole[0,System Administrator,UserLevel=S  ,AD_Client_ID=0,AD_Org_ID=0]
09:24:03.243    (INFO)     MTree.Load: AD_Tree_ID=121, AD_User_ID=100, Editable=False, OnClient=True
09:24:03.243    (INFO)     Trx.Start: **** ConnSH637534706435851866System.Random
09:24:03.243    (INFO)     Trx.Commit: **C** ConnSH637534706435851866System.Random
----------->     (WARNING)  AccessSqlParser.GetTableInfo: More than one FROM clause - SELECT AppointmentsInfo.Appointmentsinfo_id AS ID,AppointmentsInfo.AD_Client_ID,AppointmentsInfo.AD_Org_ID  FROM AppointmentsInfo JOIN AD_User ON AD_User.AD_User_ID =AppointmentsInfo.CreatedBy WHERE AppointmentsInfo.IsRead='N' AND AppointmentsInfo.istask ='N'  AND AppointmentsInfo.AD_User_ID  = 100  UNION SELECT AppointmentsInfo.Appointmentsinfo_id AS ID, AppointmentsInfo.AD_Client_ID,AppointmentsInfo.AD_Org_ID FROM AppointmentsInfo  JOIN AD_User ON AD_User.AD_User_ID = AppointmentsInfo.CreatedBy  WHERE (AppointmentsInfo.IsRead ='Y'   AND AppointmentsInfo.AD_User_ID = 100 )  AND AppointmentsInfo.istask ='N'  AND AppointmentsInfo.startDate BETWEEN to_date('4/07/21','mm/dd/yy') and to_date('4/15/21 23.59','mm/dd/yy HH24:MI')   OR  to_date('4/08/21','mm/dd/yy')  BETWEEN  AppointmentsInfo.startDate  AND AppointmentsInfo.endDate  AND  AppointmentsInfo.CreatedBy  !=100 AND AppointmentsInfo.AD_User_ID  = 100)
----------->     (WARNING)  AccessSqlParser.GetTableInfo: Could not remove ON AppointmentsInfo JOIN AD_User ON AD_User.AD_User_ID =AppointmentsInfo.CreatedBy
----------->     (WARNING)  GridTable.GetField: Not found: 'Created'
----------->     (WARNING)  GridTable.GetField: Not found: 'CreatedBy'
----------->     (WARNING)  GridTable.GetField: Not found: 'Updated'
----------->     (WARNING)  GridTable.GetField: Not found: 'UpdatedBy'
===========>     (SEVERE)   OracleHelper.ExecuteDataset: ORA-00942: table or view does not exist [Query D] => SELECT vadms_windowdoclink_id, record_id FROM VADMS_WindowDocLink wdl JOIN vadms_document doc ON wdl.VADMS_Document_ID  =doc.VADMS_Document_ID WHERE doc.vadms_docstatus!='DD' AND AD_Table_ID =105
----------->     (WARNING)  GridTable.GetField: Not found: 'Created'
----------->     (WARNING)  GridTable.GetField: Not found: 'CreatedBy'
----------->     (WARNING)  GridTable.GetField: Not found: 'Updated'
----------->     (WARNING)  GridTable.GetField: Not found: 'UpdatedBy'
----------->     (WARNING)  GridTable.GetField: Not found: 'Created'
----------->     (WARNING)  GridTable.GetField: Not found: 'CreatedBy'
----------->     (WARNING)  GridTable.GetField: Not found: 'Updated'
----------->     (WARNING)  GridTable.GetField: Not found: 'UpdatedBy'
----------->     (WARNING)  GridTable.GetField: Not found: 'Created'
----------->     (WARNING)  GridTable.GetField: Not found: 'CreatedBy'
----------->     (WARNING)  GridTable.GetField: Not found: 'Updated'
----------->     (WARNING)  GridTable.GetField: Not found: 'UpdatedBy'
===========>     (SEVERE)   OracleHelper.ExecuteDataset: ORA-00942: table or view does not exist [Query D] => SELECT vadms_windowdoclink_id, record_id FROM VADMS_WindowDocLink wdl JOIN vadms_document doc ON wdl.VADMS_Document_ID  =doc.VADMS_Document_ID WHERE doc.vadms_docstatus!='DD' AND AD_Table_ID =1000331
----------->     (WARNING)  GridTable.GetField: Not found: 'Created'
----------->     (WARNING)  GridTable.GetField: Not found: 'CreatedBy'
----------->     (WARNING)  GridTable.GetField: Not found: 'Updated'
----------->     (WARNING)  GridTable.GetField: Not found: 'UpdatedBy'
===========>     (SEVERE)   OracleHelper.ExecuteDataset: ORA-00942: table or view does not exist [Query D] => SELECT vadms_windowdoclink_id, record_id FROM VADMS_WindowDocLink wdl JOIN vadms_document doc ON wdl.VADMS_Document_ID  =doc.VADMS_Document_ID WHERE doc.vadms_docstatus!='DD' AND AD_Table_ID =106
----------->     (WARNING)  GridTable.GetField: Not found: 'Created'
----------->     (WARNING)  GridTable.GetField: Not found: 'CreatedBy'
----------->     (WARNING)  GridTable.GetField: Not found: 'Updated'
----------->     (WARNING)  GridTable.GetField: Not found: 'UpdatedBy'
----------->     (WARNING)  GridTable.GetField: Not found: 'Created'
----------->     (WARNING)  GridTable.GetField: Not found: 'CreatedBy'
----------->     (WARNING)  GridTable.GetField: Not found: 'Updated'
----------->     (WARNING)  GridTable.GetField: Not found: 'UpdatedBy'
===========>     (SEVERE)   OracleHelper.ExecuteDataset: ORA-00942: table or view does not exist [Query D] => SELECT vadms_windowdoclink_id, record_id FROM VADMS_WindowDocLink wdl JOIN vadms_document doc ON wdl.VADMS_Document_ID  =doc.VADMS_Document_ID WHERE doc.vadms_docstatus!='DD' AND AD_Table_ID =1000580
----------->     (WARNING)  GridTable.GetField: Not found: 'Created'
----------->     (WARNING)  GridTable.GetField: Not found: 'CreatedBy'
----------->     (WARNING)  GridTable.GetField: Not found: 'Updated'
----------->     (WARNING)  GridTable.GetField: Not found: 'UpdatedBy'
----------->     (WARNING)  GridTable.GetField: Not found: 'Created'
----------->     (WARNING)  GridTable.GetField: Not found: 'CreatedBy'
----------->     (WARNING)  GridTable.GetField: Not found: 'Updated'
----------->     (WARNING)  GridTable.GetField: Not found: 'UpdatedBy'
----------->     (WARNING)  GridTable.GetField: Not found: 'Created'
----------->     (WARNING)  GridTable.GetField: Not found: 'CreatedBy'
----------->     (WARNING)  GridTable.GetField: Not found: 'Updated'
----------->     (WARNING)  GridTable.GetField: Not found: 'UpdatedBy'
----------->     (WARNING)  GridTable.GetField: Not found: 'Created'
----------->     (WARNING)  GridTable.GetField: Not found: 'CreatedBy'
----------->     (WARNING)  GridTable.GetField: Not found: 'Updated'
----------->     (WARNING)  GridTable.GetField: Not found: 'UpdatedBy'
===========>     (SEVERE)   OracleHelper.ExecuteDataset: ORA-00942: table or view does not exist [Query D] => SELECT vadms_windowdoclink_id, record_id FROM VADMS_WindowDocLink wdl JOIN vadms_document doc ON wdl.VADMS_Document_ID  =doc.VADMS_Document_ID WHERE doc.vadms_docstatus!='DD' AND AD_Table_ID =107
----------->     (WARNING)  GridTable.GetField: Not found: 'Created'
----------->     (WARNING)  GridTable.GetField: Not found: 'CreatedBy'
----------->     (WARNING)  GridTable.GetField: Not found: 'Updated'
----------->     (WARNING)  GridTable.GetField: Not found: 'UpdatedBy'
09:24:12.241    (INFO)     Trx.Start: **** ConnSH637534706524775981System.Random
09:24:12.241    (INFO)     Trx.Commit: **C** ConnSH637534706524775981System.Random
09:24:13.241    (INFO)     Trx.Start: **** ConnSH637534706534221108System.Random
09:24:13.241    (INFO)     Trx.Commit: **C** ConnSH637534706534221108System.Random
09:24:17.241    (INFO)     Trx.Start: **** ConnSH637534706576543064System.Random
09:24:17.241    (INFO)     Trx.Commit: **C** ConnSH637534706576543064System.Random
09:24:24.242    (INFO)     Trx.Start: **** ConnSH637534706643602895System.Random
09:24:24.242    (INFO)     Trx.Commit: **C** ConnSH637534706643602895System.Random
----------->     (WARNING)  GridTable.GetField: Not found: 'Created'
----------->     (WARNING)  GridTable.GetField: Not found: 'CreatedBy'
----------->     (WARNING)  GridTable.GetField: Not found: 'Updated'
----------->     (WARNING)  GridTable.GetField: Not found: 'UpdatedBy'
===========>     (SEVERE)   OracleHelper.ExecuteDataset: ORA-00942: table or view does not exist [Query D] => SELECT vadms_windowdoclink_id, record_id FROM VADMS_WindowDocLink wdl JOIN vadms_document doc ON wdl.VADMS_Document_ID  =doc.VADMS_Document_ID WHERE doc.vadms_docstatus!='DD' AND AD_Table_ID =116
----------->     (WARNING)  GridTable.GetField: Not found: 'Created'
----------->     (WARNING)  GridTable.GetField: Not found: 'CreatedBy'
----------->     (WARNING)  GridTable.GetField: Not found: 'Updated'
----------->     (WARNING)  GridTable.GetField: Not found: 'UpdatedBy'
09:24:33.243    (INFO)     Trx.Start: **** ConnSH637534706738422501System.Random
09:24:33.243    (INFO)     Trx.Commit: **C** ConnSH637534706738422501System.Random
09:24:33.243    (INFO)     MTree.Load: AD_Tree_ID=121, AD_User_ID=100, Editable=True, OnClient=True
09:24:34.243    (INFO)     Trx.Start: **** ConnSH637534706745415780System.Random
09:24:34.243    (INFO)     Trx.Commit: **C** ConnSH637534706745415780System.Random
09:24:37.243    (INFO)     Trx.Start: **** ConnSH637534706771760007System.Random
09:24:37.243    (INFO)     Trx.Commit: **C** ConnSH637534706771760007System.Random
09:24:41.244    (INFO)     Trx.Start: **** ConnSH637534706813416477System.Random
09:24:41.244    (INFO)     Trx.Commit: **C** ConnSH637534706813416477System.Random
09:25:10.251    (INFO)     AEnv.GetMWindowVO: Cached=
----------->     (WARNING)  GridTable.GetField: Not found: 'Created'
----------->     (WARNING)  GridTable.GetField: Not found: 'CreatedBy'
----------->     (WARNING)  GridTable.GetField: Not found: 'Updated'
----------->     (WARNING)  GridTable.GetField: Not found: 'UpdatedBy'
===========>     (SEVERE)   OracleHelper.ExecuteDataset: ORA-00942: table or view does not exist [Query D] => SELECT vadms_windowdoclink_id, record_id FROM VADMS_WindowDocLink wdl JOIN vadms_document doc ON wdl.VADMS_Document_ID  =doc.VADMS_Document_ID WHERE doc.vadms_docstatus!='DD' AND AD_Table_ID =105
----------->     (WARNING)  GridTable.GetField: Not found: 'Created'
----------->     (WARNING)  GridTable.GetField: Not found: 'CreatedBy'
----------->     (WARNING)  GridTable.GetField: Not found: 'Updated'
----------->     (WARNING)  GridTable.GetField: Not found: 'UpdatedBy'
----------->     (WARNING)  GridTable.GetField: Not found: 'Created'
----------->     (WARNING)  GridTable.GetField: Not found: 'CreatedBy'
----------->     (WARNING)  GridTable.GetField: Not found: 'Updated'
----------->     (WARNING)  GridTable.GetField: Not found: 'UpdatedBy'
----------->     (WARNING)  GridTable.GetField: Not found: 'Created'
----------->     (WARNING)  GridTable.GetField: Not found: 'CreatedBy'
----------->     (WARNING)  GridTable.GetField: Not found: 'Updated'
----------->     (WARNING)  GridTable.GetField: Not found: 'UpdatedBy'
===========>     (SEVERE)   OracleHelper.ExecuteDataset: ORA-00942: table or view does not exist [Query D] => SELECT vadms_windowdoclink_id, record_id FROM VADMS_WindowDocLink wdl JOIN vadms_document doc ON wdl.VADMS_Document_ID  =doc.VADMS_Document_ID WHERE doc.vadms_docstatus!='DD' AND AD_Table_ID =1000331
----------->     (WARNING)  GridTable.GetField: Not found: 'Created'
----------->     (WARNING)  GridTable.GetField: Not found: 'CreatedBy'
----------->     (WARNING)  GridTable.GetField: Not found: 'Updated'
----------->     (WARNING)  GridTable.GetField: Not found: 'UpdatedBy'
===========>     (SEVERE)   OracleHelper.ExecuteDataset: ORA-00942: table or view does not exist [Query D] => SELECT vadms_windowdoclink_id, record_id FROM VADMS_WindowDocLink wdl JOIN vadms_document doc ON wdl.VADMS_Document_ID  =doc.VADMS_Document_ID WHERE doc.vadms_docstatus!='DD' AND AD_Table_ID =106
----------->     (WARNING)  GridTable.GetField: Not found: 'Created'
----------->     (WARNING)  GridTable.GetField: Not found: 'CreatedBy'
----------->     (WARNING)  GridTable.GetField: Not found: 'Updated'
----------->     (WARNING)  GridTable.GetField: Not found: 'UpdatedBy'
----------->     (WARNING)  GridTable.GetField: Not found: 'Created'
----------->     (WARNING)  GridTable.GetField: Not found: 'CreatedBy'
----------->     (WARNING)  GridTable.GetField: Not found: 'Updated'
----------->     (WARNING)  GridTable.GetField: Not found: 'UpdatedBy'
===========>     (SEVERE)   OracleHelper.ExecuteDataset: ORA-00942: table or view does not exist [Query D] => SELECT vadms_windowdoclink_id, record_id FROM VADMS_WindowDocLink wdl JOIN vadms_document doc ON wdl.VADMS_Document_ID  =doc.VADMS_Document_ID WHERE doc.vadms_docstatus!='DD' AND AD_Table_ID =1000580
----------->     (WARNING)  GridTable.GetField: Not found: 'Created'
----------->     (WARNING)  GridTable.GetField: Not found: 'CreatedBy'
----------->     (WARNING)  GridTable.GetField: Not found: 'Updated'
----------->     (WARNING)  GridTable.GetField: Not found: 'UpdatedBy'
----------->     (WARNING)  GridTable.GetField: Not found: 'Created'
----------->     (WARNING)  GridTable.GetField: Not found: 'CreatedBy'
----------->     (WARNING)  GridTable.GetField: Not found: 'Updated'
----------->     (WARNING)  GridTable.GetField: Not found: 'UpdatedBy'
----------->     (WARNING)  GridTable.GetField: Not found: 'Created'
----------->     (WARNING)  GridTable.GetField: Not found: 'CreatedBy'
----------->     (WARNING)  GridTable.GetField: Not found: 'Updated'
----------->     (WARNING)  GridTable.GetField: Not found: 'UpdatedBy'
----------->     (WARNING)  GridTable.GetField: Not found: 'Created'
----------->     (WARNING)  GridTable.GetField: Not found: 'CreatedBy'
----------->     (WARNING)  GridTable.GetField: Not found: 'Updated'
----------->     (WARNING)  GridTable.GetField: Not found: 'UpdatedBy'
===========>     (SEVERE)   OracleHelper.ExecuteDataset: ORA-00942: table or view does not exist [Query D] => SELECT vadms_windowdoclink_id, record_id FROM VADMS_WindowDocLink wdl JOIN vadms_document doc ON wdl.VADMS_Document_ID  =doc.VADMS_Document_ID WHERE doc.vadms_docstatus!='DD' AND AD_Table_ID =107
----------->     (WARNING)  GridTable.GetField: Not found: 'Created'
----------->     (WARNING)  GridTable.GetField: Not found: 'CreatedBy'
----------->     (WARNING)  GridTable.GetField: Not found: 'Updated'
----------->     (WARNING)  GridTable.GetField: Not found: 'UpdatedBy'
09:25:10.251    (INFO)     Trx.Start: **** ConnSH637534707109870234System.Random
09:25:10.251    (INFO)     Trx.Commit: **C** ConnSH637534707109870234System.Random
09:25:11.251    (INFO)     Trx.Start: **** ConnSH637534707113960232System.Random
09:25:11.251    (INFO)     Trx.Commit: **C** ConnSH637534707113960232System.Random
09:25:12.251    (INFO)     Trx.Start: **** ConnSH637534707127953923System.Random
09:25:12.251    (INFO)     Trx.Commit: **C** ConnSH637534707127953923System.Random
----------->     (WARNING)  GridTable.GetField: Not found: 'Created'
----------->     (WARNING)  GridTable.GetField: Not found: 'CreatedBy'
----------->     (WARNING)  GridTable.GetField: Not found: 'Updated'
----------->     (WARNING)  GridTable.GetField: Not found: 'UpdatedBy'
===========>     (SEVERE)   OracleHelper.ExecuteDataset: ORA-00942: table or view does not exist [Query D] => SELECT vadms_windowdoclink_id, record_id FROM VADMS_WindowDocLink wdl JOIN vadms_document doc ON wdl.VADMS_Document_ID  =doc.VADMS_Document_ID WHERE doc.vadms_docstatus!='DD' AND AD_Table_ID =1000829
----------->     (WARNING)  GridTable.GetField: Not found: 'Created'
----------->     (WARNING)  GridTable.GetField: Not found: 'CreatedBy'
----------->     (WARNING)  GridTable.GetField: Not found: 'Updated'
----------->     (WARNING)  GridTable.GetField: Not found: 'UpdatedBy'
===========>     (SEVERE)   OracleHelper.ExecuteDataset: ORA-00942: table or view does not exist [Query D] => SELECT vadms_windowdoclink_id, record_id FROM VADMS_WindowDocLink wdl JOIN vadms_document doc ON wdl.VADMS_Document_ID  =doc.VADMS_Document_ID WHERE doc.vadms_docstatus!='DD' AND AD_Table_ID =1000828
----------->     (WARNING)  GridTable.GetField: Not found: 'Created'
----------->     (WARNING)  GridTable.GetField: Not found: 'CreatedBy'
----------->     (WARNING)  GridTable.GetField: Not found: 'Updated'
----------->     (WARNING)  GridTable.GetField: Not found: 'UpdatedBy'
===========>     (SEVERE)   OracleHelper.ExecuteDataset: ORA-00942: table or view does not exist [Query D] => SELECT vadms_windowdoclink_id, record_id FROM VADMS_WindowDocLink wdl JOIN vadms_document doc ON wdl.VADMS_Document_ID  =doc.VADMS_Document_ID WHERE doc.vadms_docstatus!='DD' AND AD_Table_ID =1000902
09:27:02.272    (INFO)     Trx.Start: **** ConnSH637534708228955580System.Random
09:27:02.272    (INFO)     Trx.Commit: **C** ConnSH637534708228955580System.Random
09:27:03.273    (INFO)     Trx.Start: **** ConnSH637534708231635713System.Random
09:27:03.273    (INFO)     Trx.Commit: **C** ConnSH637534708231635713System.Random
09:27:04.274    (INFO)     Trx.Start: **** ConnSH637534708248679068System.Random
09:27:04.274    (INFO)     Trx.Commit: **C** ConnSH637534708248679068System.Random
09:36:00.360    (INFO)     Trx.Start: **** ConnSH637534713604644075System.Random
09:36:00.360    (INFO)     Trx.Commit: **C** ConnSH637534713604644075System.Random
----------->     (WARNING)  GridTable.GetField: Not found: 'Created'
----------->     (WARNING)  GridTable.GetField: Not found: 'CreatedBy'
----------->     (WARNING)  GridTable.GetField: Not found: 'Updated'
----------->     (WARNING)  GridTable.GetField: Not found: 'UpdatedBy'
===========>     (SEVERE)   OracleHelper.ExecuteDataset: ORA-00942: table or view does not exist [Query D] => SELECT vadms_windowdoclink_id, record_id FROM VADMS_WindowDocLink wdl JOIN vadms_document doc ON wdl.VADMS_Document_ID  =doc.VADMS_Document_ID WHERE doc.vadms_docstatus!='DD' AND AD_Table_ID =100
----------->     (WARNING)  GridTable.GetField: Not found: 'Created'
----------->     (WARNING)  GridTable.GetField: Not found: 'CreatedBy'
----------->     (WARNING)  GridTable.GetField: Not found: 'Updated'
----------->     (WARNING)  GridTable.GetField: Not found: 'UpdatedBy'
----------->     (WARNING)  GridTable.GetField: Not found: 'Created'
----------->     (WARNING)  GridTable.GetField: Not found: 'CreatedBy'
----------->     (WARNING)  GridTable.GetField: Not found: 'Updated'
----------->     (WARNING)  GridTable.GetField: Not found: 'UpdatedBy'
===========>     (SEVERE)   OracleHelper.ExecuteDataset: ORA-00942: table or view does not exist [Query D] => SELECT vadms_windowdoclink_id, record_id FROM VADMS_WindowDocLink wdl JOIN vadms_document doc ON wdl.VADMS_Document_ID  =doc.VADMS_Document_ID WHERE doc.vadms_docstatus!='DD' AND AD_Table_ID =101
----------->     (WARNING)  GridTable.GetField: Not found: 'Created'
----------->     (WARNING)  GridTable.GetField: Not found: 'CreatedBy'
----------->     (WARNING)  GridTable.GetField: Not found: 'Updated'
----------->     (WARNING)  GridTable.GetField: Not found: 'UpdatedBy'
----------->     (WARNING)  GridTable.GetField: Not found: 'Created'
----------->     (WARNING)  GridTable.GetField: Not found: 'CreatedBy'
----------->     (WARNING)  GridTable.GetField: Not found: 'Updated'
----------->     (WARNING)  GridTable.GetField: Not found: 'UpdatedBy'
----------->     (WARNING)  GridTable.GetField: Not found: 'Created'
----------->     (WARNING)  GridTable.GetField: Not found: 'CreatedBy'
----------->     (WARNING)  GridTable.GetField: Not found: 'Updated'
----------->     (WARNING)  GridTable.GetField: Not found: 'UpdatedBy'
09:36:23.362    (INFO)     Trx.Start: **** ConnSH637534713839639670System.Random
09:36:23.362    (INFO)     Trx.Commit: **C** ConnSH637534713839639670System.Random
09:36:24.362    (INFO)     Trx.Start: **** ConnSH637534713842548795System.Random
09:36:24.362    (INFO)     Trx.Commit: **C** ConnSH637534713842548795System.Random
09:36:36.363    (INFO)     Trx.Start: **** ConnSH637534713960710028System.Random
09:36:36.363    (INFO)     Trx.Commit: **C** ConnSH637534713960710028System.Random
09:36:49.364    (INFO)     Trx.Start: **** ConnSH637534714098065424System.Random
09:36:49.364    (INFO)     Trx.Commit: **C** ConnSH637534714098065424System.Random
09:36:57.365    (INFO)     Trx.Start: **** ConnSH637534714171425172System.Random
09:36:57.365    (INFO)     Trx.Commit: **C** ConnSH637534714171425172System.Random
09:37:20.372    (INFO)     Trx.Start: **** ConnSH637534714407168873System.Random
09:37:20.372    (INFO)     Trx.Commit: **C** ConnSH637534714407168873System.Random
09:37:24.372    (INFO)     Trx.Start: **** ConnSH637534714449491686System.Random
09:37:24.372    (INFO)     Trx.Commit: **C** ConnSH637534714449491686System.Random
----------->     (WARNING)  GridTable.GetField: Not found: 'Created'
----------->     (WARNING)  GridTable.GetField: Not found: 'CreatedBy'
----------->     (WARNING)  GridTable.GetField: Not found: 'Updated'
----------->     (WARNING)  GridTable.GetField: Not found: 'UpdatedBy'
===========>     (SEVERE)   OracleHelper.ExecuteDataset: ORA-00942: table or view does not exist [Query D] => SELECT vadms_windowdoclink_id, record_id FROM VADMS_WindowDocLink wdl JOIN vadms_document doc ON wdl.VADMS_Document_ID  =doc.VADMS_Document_ID WHERE doc.vadms_docstatus!='DD' AND AD_Table_ID =276
----------->     (WARNING)  GridTable.GetField: Not found: 'Created'
----------->     (WARNING)  GridTable.GetField: Not found: 'CreatedBy'
----------->     (WARNING)  GridTable.GetField: Not found: 'Updated'
----------->     (WARNING)  GridTable.GetField: Not found: 'UpdatedBy'
----------->     (WARNING)  GridTable.GetField: Not found: 'Created'
----------->     (WARNING)  GridTable.GetField: Not found: 'CreatedBy'
----------->     (WARNING)  GridTable.GetField: Not found: 'Updated'
----------->     (WARNING)  GridTable.GetField: Not found: 'UpdatedBy'
===========>     (SEVERE)   OracleHelper.ExecuteDataset: ORA-00942: table or view does not exist [Query D] => SELECT vadms_windowdoclink_id, record_id FROM VADMS_WindowDocLink wdl JOIN vadms_document doc ON wdl.VADMS_Document_ID  =doc.VADMS_Document_ID WHERE doc.vadms_docstatus!='DD' AND AD_Table_ID =101
09:37:29.372    (INFO)     Trx.Start: **** ConnSH637534714494157501System.Random
09:37:29.372    (INFO)     Trx.Commit: **C** ConnSH637534714494157501System.Random
09:37:29.372    (INFO)     Trx.Start: **** ConnSH637534714495767558System.Random
09:37:29.372    (INFO)     Trx.Commit: **C** ConnSH637534714495767558System.Random
09:37:52.375    (INFO)     Trx.Start: **** ConnSH637534714721550245System.Random
09:37:52.375    (INFO)     Trx.Commit: **C** ConnSH637534714721550245System.Random
09:37:58.375    (INFO)     Trx.Start: **** ConnSH637534714781317772System.Random
09:37:58.375    (INFO)     Trx.Commit: **C** ConnSH637534714781317772System.Random
09:38:34.383    (INFO)     Trx.Start: **** ConnSH637534715141521277System.Random
09:38:34.383    (INFO)     Trx.Commit: **C** ConnSH637534715141521277System.Random
09:38:58.385    (INFO)     Trx.Start: **** ConnSH637534715381047921System.Random
09:38:58.385    (INFO)     Trx.Commit: **C** ConnSH637534715381047921System.Random
09:39:35.393    (INFO)     Trx.Start: **** ConnSH637534715755771857System.Random
09:39:35.393    (INFO)     Trx.Commit: **C** ConnSH637534715755771857System.Random
09:40:28.402    (INFO)     Trx.Start: **** ConnSH637534716282116004System.Random
09:40:28.402    (INFO)     Trx.Commit: **C** ConnSH637534716282116004System.Random
----------->     (WARNING)  GridTable.GetField: Not found: 'Created'
----------->     (WARNING)  GridTable.GetField: Not found: 'CreatedBy'
----------->     (WARNING)  GridTable.GetField: Not found: 'Updated'
----------->     (WARNING)  GridTable.GetField: Not found: 'UpdatedBy'
===========>     (SEVERE)   OracleHelper.ExecuteDataset: ORA-00942: table or view does not exist [Query D] => SELECT vadms_windowdoclink_id, record_id FROM VADMS_WindowDocLink wdl JOIN vadms_document doc ON wdl.VADMS_Document_ID  =doc.VADMS_Document_ID WHERE doc.vadms_docstatus!='DD' AND AD_Table_ID =102
----------->     (WARNING)  GridTable.GetField: Not found: 'Created'
----------->     (WARNING)  GridTable.GetField: Not found: 'CreatedBy'
----------->     (WARNING)  GridTable.GetField: Not found: 'Updated'
----------->     (WARNING)  GridTable.GetField: Not found: 'UpdatedBy'
----------->     (WARNING)  GridTable.GetField: Not found: 'Created'
----------->     (WARNING)  GridTable.GetField: Not found: 'CreatedBy'
----------->     (WARNING)  GridTable.GetField: Not found: 'Updated'
----------->     (WARNING)  GridTable.GetField: Not found: 'UpdatedBy'
===========>     (SEVERE)   OracleHelper.ExecuteDataset: ORA-00942: table or view does not exist [Query D] => SELECT vadms_windowdoclink_id, record_id FROM VADMS_WindowDocLink wdl JOIN vadms_document doc ON wdl.VADMS_Document_ID  =doc.VADMS_Document_ID WHERE doc.vadms_docstatus!='DD' AND AD_Table_ID =104
----------->     (WARNING)  GridTable.GetField: Not found: 'Created'
----------->     (WARNING)  GridTable.GetField: Not found: 'CreatedBy'
----------->     (WARNING)  GridTable.GetField: Not found: 'Updated'
----------->     (WARNING)  GridTable.GetField: Not found: 'UpdatedBy'
----------->     (WARNING)  GridTable.GetField: Not found: 'Created'
----------->     (WARNING)  GridTable.GetField: Not found: 'CreatedBy'
----------->     (WARNING)  GridTable.GetField: Not found: 'Updated'
----------->     (WARNING)  GridTable.GetField: Not found: 'UpdatedBy'
----------->     (WARNING)  GridTable.GetField: Not found: 'Created'
----------->     (WARNING)  GridTable.GetField: Not found: 'CreatedBy'
----------->     (WARNING)  GridTable.GetField: Not found: 'Updated'
----------->     (WARNING)  GridTable.GetField: Not found: 'UpdatedBy'
===========>     (SEVERE)   OracleHelper.ExecuteDataset: ORA-00942: table or view does not exist [Query D] => SELECT vadms_windowdoclink_id, record_id FROM VADMS_WindowDocLink wdl JOIN vadms_document doc ON wdl.VADMS_Document_ID  =doc.VADMS_Document_ID WHERE doc.vadms_docstatus!='DD' AND AD_Table_ID =101
09:40:46.404    (INFO)     Trx.Start: **** ConnSH637534716469912651System.Random
09:40:47.404    (INFO)     Trx.Commit: **C** ConnSH637534716469912651System.Random
09:40:47.404    (INFO)     Trx.Start: **** ConnSH637534716472422340System.Random
09:40:47.404    (INFO)     Trx.Commit: **C** ConnSH637534716472422340System.Random
09:41:01.411    (INFO)     MSession.Logout: 02:17:58.97
09:41:03.413    (INFO)     MRole.Get: AD_Role_ID=102, AD_User_ID=101, reload=True
09:41:03.413    (INFO)     MRole.Get: MRole[102,IdeasInc Admin,UserLevel= CO,AD_Client_ID IN (0,11),]
09:41:03.413    (INFO)     MTree.Load: AD_Tree_ID=121, AD_User_ID=101, Editable=False, OnClient=True
09:41:04.414    (INFO)     Trx.Start: **** ConnSH637534716641995265System.Random
09:41:04.414    (INFO)     Trx.Commit: **C** ConnSH637534716641995265System.Random
----------->     (WARNING)  AccessSqlParser.GetTableInfo: More than one FROM clause - SELECT AppointmentsInfo.Appointmentsinfo_id AS ID,AppointmentsInfo.AD_Client_ID,AppointmentsInfo.AD_Org_ID  FROM AppointmentsInfo JOIN AD_User ON AD_User.AD_User_ID =AppointmentsInfo.CreatedBy WHERE AppointmentsInfo.IsRead='N' AND AppointmentsInfo.istask ='N'  AND AppointmentsInfo.AD_User_ID  = 101  UNION SELECT AppointmentsInfo.Appointmentsinfo_id AS ID, AppointmentsInfo.AD_Client_ID,AppointmentsInfo.AD_Org_ID FROM AppointmentsInfo  JOIN AD_User ON AD_User.AD_User_ID = AppointmentsInfo.CreatedBy  WHERE (AppointmentsInfo.IsRead ='Y'   AND AppointmentsInfo.AD_User_ID = 101 )  AND AppointmentsInfo.istask ='N'  AND AppointmentsInfo.startDate BETWEEN to_date('4/07/21','mm/dd/yy') and to_date('4/15/21 23.59','mm/dd/yy HH24:MI')   OR  to_date('4/08/21','mm/dd/yy')  BETWEEN  AppointmentsInfo.startDate  AND AppointmentsInfo.endDate  AND  AppointmentsInfo.CreatedBy  !=101 AND AppointmentsInfo.AD_User_ID  = 101)
----------->     (WARNING)  AccessSqlParser.GetTableInfo: Could not remove ON AppointmentsInfo JOIN AD_User ON AD_User.AD_User_ID =AppointmentsInfo.CreatedBy
09:41:18.411    (INFO)     AEnv.GetMWindowVO: Cached=VAdvantage.Controller.GridWindowVO
----------->     (WARNING)  GridTable.GetField: Not found: 'Created'
----------->     (WARNING)  GridTable.GetField: Not found: 'CreatedBy'
----------->     (WARNING)  GridTable.GetField: Not found: 'Updated'
----------->     (WARNING)  GridTable.GetField: Not found: 'UpdatedBy'
===========>     (SEVERE)   OracleHelper.ExecuteDataset: ORA-00942: table or view does not exist [Query D] => SELECT vadms_windowdoclink_id, record_id FROM VADMS_WindowDocLink wdl JOIN vadms_document doc ON wdl.VADMS_Document_ID  =doc.VADMS_Document_ID WHERE doc.vadms_docstatus!='DD' AND AD_Table_ID =1000847
----------->     (WARNING)  GridTable.GetField: Not found: 'Created'
----------->     (WARNING)  GridTable.GetField: Not found: 'CreatedBy'
----------->     (WARNING)  GridTable.GetField: Not found: 'Updated'
----------->     (WARNING)  GridTable.GetField: Not found: 'UpdatedBy'
===========>     (SEVERE)   OracleHelper.ExecuteDataset: ORA-00942: table or view does not exist [Query D] => SELECT vadms_windowdoclink_id, record_id FROM VADMS_WindowDocLink wdl JOIN vadms_document doc ON wdl.VADMS_Document_ID  =doc.VADMS_Document_ID WHERE doc.vadms_docstatus!='DD' AND AD_Table_ID =1000846
09:41:18.411    (INFO)     Trx.Start: **** ConnSH637534716782570593System.Random
09:41:18.411    (INFO)     Trx.Commit: **C** ConnSH637534716782570593System.Random
09:41:18.411    (INFO)     Trx.Start: **** ConnSH637534716784080145System.Random
09:41:18.411    (INFO)     Trx.Commit: **C** ConnSH637534716784080145System.Random
09:41:20.412    (INFO)     Trx.Start: **** ConnSH637534716802183108System.Random
09:41:20.412    (INFO)     Trx.Commit: **C** ConnSH637534716802183108System.Random
09:41:31.413    (INFO)     Trx.Start: **** ConnSH637534716919831975System.Random
09:41:31.413    (INFO)     Trx.Commit: **C** ConnSH637534716919831975System.Random
----------->     (WARNING)  AccessSqlParser.GetTableInfo: More than one FROM clause - SELECT VA009_PaymentMethod.VA009_PaymentMethod_ID,NULL,NVL(VA009_PaymentMethod.VA009_Name,''),VA009_PaymentMethod.IsActive FROM VA009_PaymentMethod WHERE VA009_PAYMENTMETHOD.VA009_PAYMENTMETHOD_ID  IN ( SELECT VA009_PAYMENTMETHOD_ID FROM VA009_PAYMENTMETHOD WHERE VA009_PAYMENTBASETYPE NOT IN ('B','C','P') )
----------->     (WARNING)  AccessSqlParser.GetTableInfo: More than one FROM clause - SELECT VA009_PaymentMethod.VA009_PaymentMethod_ID,NULL,NVL(VA009_PaymentMethod.VA009_Name,''),VA009_PaymentMethod.IsActive FROM VA009_PaymentMethod WHERE VA009_PAYMENTMETHOD.VA009_PAYMENTMETHOD_ID  IN ( SELECT VA009_PAYMENTMETHOD_ID FROM VA009_PAYMENTMETHOD WHERE VA009_PAYMENTBASETYPE NOT IN ('B','C','P') )
----------->     (WARNING)  GridTable.GetField: Not found: 'Created'
----------->     (WARNING)  GridTable.GetField: Not found: 'CreatedBy'
----------->     (WARNING)  GridTable.GetField: Not found: 'Updated'
----------->     (WARNING)  GridTable.GetField: Not found: 'UpdatedBy'
===========>     (SEVERE)   OracleHelper.ExecuteDataset: ORA-00942: table or view does not exist [Query D] => SELECT vadms_windowdoclink_id, record_id FROM VADMS_WindowDocLink wdl JOIN vadms_document doc ON wdl.VADMS_Document_ID  =doc.VADMS_Document_ID WHERE doc.vadms_docstatus!='DD' AND AD_Table_ID =291
----------->     (WARNING)  GridTable.GetField: Not found: 'Created'
----------->     (WARNING)  GridTable.GetField: Not found: 'CreatedBy'
----------->     (WARNING)  GridTable.GetField: Not found: 'Updated'
----------->     (WARNING)  GridTable.GetField: Not found: 'UpdatedBy'
===========>     (SEVERE)   OracleHelper.ExecuteDataset: ORA-00942: table or view does not exist [Query D] => SELECT vadms_windowdoclink_id, record_id FROM VADMS_WindowDocLink wdl JOIN vadms_document doc ON wdl.VADMS_Document_ID  =doc.VADMS_Document_ID WHERE doc.vadms_docstatus!='DD' AND AD_Table_ID =114
----------->     (WARNING)  GridTable.GetField: Not found: 'Created'
----------->     (WARNING)  GridTable.GetField: Not found: 'CreatedBy'
----------->     (WARNING)  GridTable.GetField: Not found: 'Updated'
----------->     (WARNING)  GridTable.GetField: Not found: 'UpdatedBy'
===========>     (SEVERE)   OracleHelper.ExecuteDataset: ORA-00942: table or view does not exist [Query D] => SELECT vadms_windowdoclink_id, record_id FROM VADMS_WindowDocLink wdl JOIN vadms_document doc ON wdl.VADMS_Document_ID  =doc.VADMS_Document_ID WHERE doc.vadms_docstatus!='DD' AND AD_Table_ID =293
----------->     (WARNING)  GridTable.GetField: Not found: 'Created'
----------->     (WARNING)  GridTable.GetField: Not found: 'CreatedBy'
----------->     (WARNING)  GridTable.GetField: Not found: 'Updated'
----------->     (WARNING)  GridTable.GetField: Not found: 'UpdatedBy'
===========>     (SEVERE)   OracleHelper.ExecuteDataset: ORA-00942: table or view does not exist [Query D] => SELECT vadms_windowdoclink_id, record_id FROM VADMS_WindowDocLink wdl JOIN vadms_document doc ON wdl.VADMS_Document_ID  =doc.VADMS_Document_ID WHERE doc.vadms_docstatus!='DD' AND AD_Table_ID =298
----------->     (WARNING)  GridTable.GetField: Not found: 'Created'
----------->     (WARNING)  GridTable.GetField: Not found: 'CreatedBy'
----------->     (WARNING)  GridTable.GetField: Not found: 'Updated'
----------->     (WARNING)  GridTable.GetField: Not found: 'UpdatedBy'
===========>     (SEVERE)   OracleHelper.ExecuteDataset: ORA-00942: table or view does not exist [Query D] => SELECT vadms_windowdoclink_id, record_id FROM VADMS_WindowDocLink wdl JOIN vadms_document doc ON wdl.VADMS_Document_ID  =doc.VADMS_Document_ID WHERE doc.vadms_docstatus!='DD' AND AD_Table_ID =1000860
----------->     (WARNING)  GridTable.GetField: Not found: 'Created'
----------->     (WARNING)  GridTable.GetField: Not found: 'CreatedBy'
----------->     (WARNING)  GridTable.GetField: Not found: 'Updated'
----------->     (WARNING)  GridTable.GetField: Not found: 'UpdatedBy'
===========>     (SEVERE)   OracleHelper.ExecuteDataset: ORA-00942: table or view does not exist [Query D] => SELECT vadms_windowdoclink_id, record_id FROM VADMS_WindowDocLink wdl JOIN vadms_document doc ON wdl.VADMS_Document_ID  =doc.VADMS_Document_ID WHERE doc.vadms_docstatus!='DD' AND AD_Table_ID =1000856
----------->     (WARNING)  GridTable.GetField: Not found: 'Created'
----------->     (WARNING)  GridTable.GetField: Not found: 'CreatedBy'
----------->     (WARNING)  GridTable.GetField: Not found: 'Updated'
----------->     (WARNING)  GridTable.GetField: Not found: 'UpdatedBy'
===========>     (SEVERE)   OracleHelper.ExecuteDataset: ORA-00942: table or view does not exist [Query D] => SELECT vadms_windowdoclink_id, record_id FROM VADMS_WindowDocLink wdl JOIN vadms_document doc ON wdl.VADMS_Document_ID  =doc.VADMS_Document_ID WHERE doc.vadms_docstatus!='DD' AND AD_Table_ID =1000862
----------->     (WARNING)  GridTable.GetField: Not found: 'Created'
----------->     (WARNING)  GridTable.GetField: Not found: 'CreatedBy'
----------->     (WARNING)  GridTable.GetField: Not found: 'Updated'
----------->     (WARNING)  GridTable.GetField: Not found: 'UpdatedBy'
===========>     (SEVERE)   OracleHelper.ExecuteDataset: ORA-00942: table or view does not exist [Query D] => SELECT vadms_windowdoclink_id, record_id FROM VADMS_WindowDocLink wdl JOIN vadms_document doc ON wdl.VADMS_Document_ID  =doc.VADMS_Document_ID WHERE doc.vadms_docstatus!='DD' AND AD_Table_ID =1000863
----------->     (WARNING)  GridTable.GetField: Not found: 'Created'
----------->     (WARNING)  GridTable.GetField: Not found: 'CreatedBy'
----------->     (WARNING)  GridTable.GetField: Not found: 'Updated'
----------->     (WARNING)  GridTable.GetField: Not found: 'UpdatedBy'
===========>     (SEVERE)   OracleHelper.ExecuteDataset: ORA-00942: table or view does not exist [Query D] => SELECT vadms_windowdoclink_id, record_id FROM VADMS_WindowDocLink wdl JOIN vadms_document doc ON wdl.VADMS_Document_ID  =doc.VADMS_Document_ID WHERE doc.vadms_docstatus!='DD' AND AD_Table_ID =1000865
----------->     (WARNING)  GridTable.GetField: Not found: 'Created'
----------->     (WARNING)  GridTable.GetField: Not found: 'CreatedBy'
----------->     (WARNING)  GridTable.GetField: Not found: 'Updated'
----------->     (WARNING)  GridTable.GetField: Not found: 'UpdatedBy'
===========>     (SEVERE)   OracleHelper.ExecuteDataset: ORA-00942: table or view does not exist [Query D] => SELECT vadms_windowdoclink_id, record_id FROM VADMS_WindowDocLink wdl JOIN vadms_document doc ON wdl.VADMS_Document_ID  =doc.VADMS_Document_ID WHERE doc.vadms_docstatus!='DD' AND AD_Table_ID =1000857
----------->     (WARNING)  GridTable.GetField: Not found: 'Created'
----------->     (WARNING)  GridTable.GetField: Not found: 'CreatedBy'
----------->     (WARNING)  GridTable.GetField: Not found: 'Updated'
----------->     (WARNING)  GridTable.GetField: Not found: 'UpdatedBy'
===========>     (SEVERE)   OracleHelper.ExecuteDataset: ORA-00942: table or view does not exist [Query D] => SELECT vadms_windowdoclink_id, record_id FROM VADMS_WindowDocLink wdl JOIN vadms_document doc ON wdl.VADMS_Document_ID  =doc.VADMS_Document_ID WHERE doc.vadms_docstatus!='DD' AND AD_Table_ID =1000858
----------->     (WARNING)  GridTable.GetField: Not found: 'Created'
----------->     (WARNING)  GridTable.GetField: Not found: 'CreatedBy'
----------->     (WARNING)  GridTable.GetField: Not found: 'Updated'
----------->     (WARNING)  GridTable.GetField: Not found: 'UpdatedBy'
===========>     (SEVERE)   OracleHelper.ExecuteDataset: ORA-00942: table or view does not exist [Query D] => SELECT vadms_windowdoclink_id, record_id FROM VADMS_WindowDocLink wdl JOIN vadms_document doc ON wdl.VADMS_Document_ID  =doc.VADMS_Document_ID WHERE doc.vadms_docstatus!='DD' AND AD_Table_ID =335
----------->     (WARNING)  GridTable.GetField: Not found: 'Created'
----------->     (WARNING)  GridTable.GetField: Not found: 'CreatedBy'
----------->     (WARNING)  GridTable.GetField: Not found: 'Updated'
----------->     (WARNING)  GridTable.GetField: Not found: 'UpdatedBy'
===========>     (SEVERE)   OracleHelper.ExecuteDataset: ORA-00942: table or view does not exist [Query D] => SELECT vadms_windowdoclink_id, record_id FROM VADMS_WindowDocLink wdl JOIN vadms_document doc ON wdl.VADMS_Document_ID  =doc.VADMS_Document_ID WHERE doc.vadms_docstatus!='DD' AND AD_Table_ID =1000859
----------->     (WARNING)  GridTable.GetField: Not found: 'Created'
----------->     (WARNING)  GridTable.GetField: Not found: 'CreatedBy'
----------->     (WARNING)  GridTable.GetField: Not found: 'Updated'
----------->     (WARNING)  GridTable.GetField: Not found: 'UpdatedBy'
===========>     (SEVERE)   OracleHelper.ExecuteDataset: ORA-00942: table or view does not exist [Query D] => SELECT vadms_windowdoclink_id, record_id FROM VADMS_WindowDocLink wdl JOIN vadms_document doc ON wdl.VADMS_Document_ID  =doc.VADMS_Document_ID WHERE doc.vadms_docstatus!='DD' AND AD_Table_ID =1000861
----------->     (WARNING)  GridTable.GetField: Not found: 'Created'
----------->     (WARNING)  GridTable.GetField: Not found: 'CreatedBy'
----------->     (WARNING)  GridTable.GetField: Not found: 'Updated'
----------->     (WARNING)  GridTable.GetField: Not found: 'UpdatedBy'
===========>     (SEVERE)   OracleHelper.ExecuteDataset: ORA-00942: table or view does not exist [Query D] => SELECT vadms_windowdoclink_id, record_id FROM VADMS_WindowDocLink wdl JOIN vadms_document doc ON wdl.VADMS_Document_ID  =doc.VADMS_Document_ID WHERE doc.vadms_docstatus!='DD' AND AD_Table_ID =1000864
----------->     (WARNING)  GridTable.GetField: Not found: 'Created'
----------->     (WARNING)  GridTable.GetField: Not found: 'CreatedBy'
----------->     (WARNING)  GridTable.GetField: Not found: 'Updated'
----------->     (WARNING)  GridTable.GetField: Not found: 'UpdatedBy'
===========>     (SEVERE)   OracleHelper.ExecuteDataset: ORA-00942: table or view does not exist [Query D] => SELECT vadms_windowdoclink_id, record_id FROM VADMS_WindowDocLink wdl JOIN vadms_document doc ON wdl.VADMS_Document_ID  =doc.VADMS_Document_ID WHERE doc.vadms_docstatus!='DD' AND AD_Table_ID =1000866
09:41:41.414    (INFO)     Trx.Start: **** ConnSH637534717018545052System.Random
09:41:41.414    (INFO)     Trx.Commit: **C** ConnSH637534717018545052System.Random
09:41:42.414    (INFO)     Trx.Start: **** ConnSH637534717026743946System.Random
09:41:42.414    (INFO)     Trx.Commit: **C** ConnSH637534717026743946System.Random
09:42:53.425    (INFO)     AEnv.GetMWindowVO: Cached=VAdvantage.Controller.GridWindowVO
----------->     (WARNING)  GridTable.GetField: Not found: 'Created'
----------->     (WARNING)  GridTable.GetField: Not found: 'CreatedBy'
----------->     (WARNING)  GridTable.GetField: Not found: 'Updated'
----------->     (WARNING)  GridTable.GetField: Not found: 'UpdatedBy'
===========>     (SEVERE)   OracleHelper.ExecuteDataset: ORA-00942: table or view does not exist [Query D] => SELECT vadms_windowdoclink_id, record_id FROM VADMS_WindowDocLink wdl JOIN vadms_document doc ON wdl.VADMS_Document_ID  =doc.VADMS_Document_ID WHERE doc.vadms_docstatus!='DD' AND AD_Table_ID =1000829
----------->     (WARNING)  GridTable.GetField: Not found: 'Created'
----------->     (WARNING)  GridTable.GetField: Not found: 'CreatedBy'
----------->     (WARNING)  GridTable.GetField: Not found: 'Updated'
----------->     (WARNING)  GridTable.GetField: Not found: 'UpdatedBy'
===========>     (SEVERE)   OracleHelper.ExecuteDataset: ORA-00942: table or view does not exist [Query D] => SELECT vadms_windowdoclink_id, record_id FROM VADMS_WindowDocLink wdl JOIN vadms_document doc ON wdl.VADMS_Document_ID  =doc.VADMS_Document_ID WHERE doc.vadms_docstatus!='DD' AND AD_Table_ID =1000828
----------->     (WARNING)  GridTable.GetField: Not found: 'Created'
----------->     (WARNING)  GridTable.GetField: Not found: 'CreatedBy'
----------->     (WARNING)  GridTable.GetField: Not found: 'Updated'
----------->     (WARNING)  GridTable.GetField: Not found: 'UpdatedBy'
===========>     (SEVERE)   OracleHelper.ExecuteDataset: ORA-00942: table or view does not exist [Query D] => SELECT vadms_windowdoclink_id, record_id FROM VADMS_WindowDocLink wdl JOIN vadms_document doc ON wdl.VADMS_Document_ID  =doc.VADMS_Document_ID WHERE doc.vadms_docstatus!='DD' AND AD_Table_ID =1000902
09:42:53.425    (INFO)     Trx.Start: **** ConnSH637534717732677317System.Random
09:42:53.425    (INFO)     Trx.Commit: **C** ConnSH637534717732677317System.Random
09:42:53.425    (INFO)     Trx.Start: **** ConnSH637534717735389207System.Random
09:42:53.425    (INFO)     Trx.Commit: **C** ConnSH637534717735389207System.Random
09:43:39.433    (INFO)     Trx.Start: **** ConnSH637534718197699663System.Random
09:43:39.433    (INFO)     Trx.Commit: **C** ConnSH637534718197699663System.Random
09:43:52.435    (INFO)     AEnv.GetMWindowVO: Cached=VAdvantage.Controller.GridWindowVO
----------->     (WARNING)  GridTable.GetField: Not found: 'Created'
----------->     (WARNING)  GridTable.GetField: Not found: 'CreatedBy'
----------->     (WARNING)  GridTable.GetField: Not found: 'Updated'
----------->     (WARNING)  GridTable.GetField: Not found: 'UpdatedBy'
===========>     (SEVERE)   OracleHelper.ExecuteDataset: ORA-00942: table or view does not exist [Query D] => SELECT vadms_windowdoclink_id, record_id FROM VADMS_WindowDocLink wdl JOIN vadms_document doc ON wdl.VADMS_Document_ID  =doc.VADMS_Document_ID WHERE doc.vadms_docstatus!='DD' AND AD_Table_ID =1000847
----------->     (WARNING)  GridTable.GetField: Not found: 'Created'
----------->     (WARNING)  GridTable.GetField: Not found: 'CreatedBy'
----------->     (WARNING)  GridTable.GetField: Not found: 'Updated'
----------->     (WARNING)  GridTable.GetField: Not found: 'UpdatedBy'
===========>     (SEVERE)   OracleHelper.ExecuteDataset: ORA-00942: table or view does not exist [Query D] => SELECT vadms_windowdoclink_id, record_id FROM VADMS_WindowDocLink wdl JOIN vadms_document doc ON wdl.VADMS_Document_ID  =doc.VADMS_Document_ID WHERE doc.vadms_docstatus!='DD' AND AD_Table_ID =1000846
09:43:52.435    (INFO)     Trx.Start: **** ConnSH637534718322193160System.Random
09:43:52.435    (INFO)     Trx.Commit: **C** ConnSH637534718322193160System.Random
09:43:52.435    (INFO)     Trx.Start: **** ConnSH637534718323788962System.Random
09:43:52.435    (INFO)     Trx.Commit: **C** ConnSH637534718323788962System.Random
09:43:59.435    (INFO)     MSession.Logout: 02:03:56.539
09:44:04.444    (INFO)     MRole.Get: AD_Role_ID=0, AD_User_ID=100, reload=True
09:44:04.444    (INFO)     MRole.Get: MRole[0,System Administrator,UserLevel=S  ,AD_Client_ID=0,AD_Org_ID=0]
09:44:04.444    (INFO)     MTree.Load: AD_Tree_ID=121, AD_User_ID=100, Editable=False, OnClient=True
09:44:05.445    (INFO)     Trx.Start: **** ConnSH637534718450319229System.Random
09:44:05.445    (INFO)     Trx.Commit: **C** ConnSH637534718450319229System.Random
----------->     (WARNING)  AccessSqlParser.GetTableInfo: More than one FROM clause - SELECT AppointmentsInfo.Appointmentsinfo_id AS ID,AppointmentsInfo.AD_Client_ID,AppointmentsInfo.AD_Org_ID  FROM AppointmentsInfo JOIN AD_User ON AD_User.AD_User_ID =AppointmentsInfo.CreatedBy WHERE AppointmentsInfo.IsRead='N' AND AppointmentsInfo.istask ='N'  AND AppointmentsInfo.AD_User_ID  = 100  UNION SELECT AppointmentsInfo.Appointmentsinfo_id AS ID, AppointmentsInfo.AD_Client_ID,AppointmentsInfo.AD_Org_ID FROM AppointmentsInfo  JOIN AD_User ON AD_User.AD_User_ID = AppointmentsInfo.CreatedBy  WHERE (AppointmentsInfo.IsRead ='Y'   AND AppointmentsInfo.AD_User_ID = 100 )  AND AppointmentsInfo.istask ='N'  AND AppointmentsInfo.startDate BETWEEN to_date('4/07/21','mm/dd/yy') and to_date('4/15/21 23.59','mm/dd/yy HH24:MI')   OR  to_date('4/08/21','mm/dd/yy')  BETWEEN  AppointmentsInfo.startDate  AND AppointmentsInfo.endDate  AND  AppointmentsInfo.CreatedBy  !=100 AND AppointmentsInfo.AD_User_ID  = 100)
----------->     (WARNING)  AccessSqlParser.GetTableInfo: Could not remove ON AppointmentsInfo JOIN AD_User ON AD_User.AD_User_ID =AppointmentsInfo.CreatedBy
09:44:09.449    (INFO)     AEnv.GetMWindowVO: Cached=
----------->     (WARNING)  GridTable.GetField: Not found: 'Created'
----------->     (WARNING)  GridTable.GetField: Not found: 'CreatedBy'
----------->     (WARNING)  GridTable.GetField: Not found: 'Updated'
----------->     (WARNING)  GridTable.GetField: Not found: 'UpdatedBy'
===========>     (SEVERE)   OracleHelper.ExecuteDataset: ORA-00942: table or view does not exist [Query D] => SELECT vadms_windowdoclink_id, record_id FROM VADMS_WindowDocLink wdl JOIN vadms_document doc ON wdl.VADMS_Document_ID  =doc.VADMS_Document_ID WHERE doc.vadms_docstatus!='DD' AND AD_Table_ID =100
----------->     (WARNING)  GridTable.GetField: Not found: 'Created'
----------->     (WARNING)  GridTable.GetField: Not found: 'CreatedBy'
----------->     (WARNING)  GridTable.GetField: Not found: 'Updated'
----------->     (WARNING)  GridTable.GetField: Not found: 'UpdatedBy'
----------->     (WARNING)  GridTable.GetField: Not found: 'Created'
----------->     (WARNING)  GridTable.GetField: Not found: 'CreatedBy'
----------->     (WARNING)  GridTable.GetField: Not found: 'Updated'
----------->     (WARNING)  GridTable.GetField: Not found: 'UpdatedBy'
===========>     (SEVERE)   OracleHelper.ExecuteDataset: ORA-00942: table or view does not exist [Query D] => SELECT vadms_windowdoclink_id, record_id FROM VADMS_WindowDocLink wdl JOIN vadms_document doc ON wdl.VADMS_Document_ID  =doc.VADMS_Document_ID WHERE doc.vadms_docstatus!='DD' AND AD_Table_ID =101
----------->     (WARNING)  GridTable.GetField: Not found: 'Created'
----------->     (WARNING)  GridTable.GetField: Not found: 'CreatedBy'
----------->     (WARNING)  GridTable.GetField: Not found: 'Updated'
----------->     (WARNING)  GridTable.GetField: Not found: 'UpdatedBy'
----------->     (WARNING)  GridTable.GetField: Not found: 'Created'
----------->     (WARNING)  GridTable.GetField: Not found: 'CreatedBy'
----------->     (WARNING)  GridTable.GetField: Not found: 'Updated'
----------->     (WARNING)  GridTable.GetField: Not found: 'UpdatedBy'
----------->     (WARNING)  GridTable.GetField: Not found: 'Created'
----------->     (WARNING)  GridTable.GetField: Not found: 'CreatedBy'
----------->     (WARNING)  GridTable.GetField: Not found: 'Updated'
----------->     (WARNING)  GridTable.GetField: Not found: 'UpdatedBy'
09:44:09.449    (INFO)     Trx.Start: **** ConnSH637534718497596508System.Random
09:44:09.449    (INFO)     Trx.Commit: **C** ConnSH637534718497596508System.Random
09:44:10.441    (INFO)     Trx.Start: **** ConnSH637534718500646447System.Random
09:44:10.441    (INFO)     Trx.Commit: **C** ConnSH637534718500646447System.Random
09:44:15.441    (INFO)     Trx.Start: **** ConnSH637534718550050464System.Random
09:44:15.441    (INFO)     Trx.Commit: **C** ConnSH637534718550050464System.Random
09:44:22.442    (INFO)     Trx.Start: **** ConnSH637534718628741216System.Random
09:44:22.442    (INFO)     Trx.Commit: **C** ConnSH637534718628741216System.Random
09:44:34.443    (INFO)     Trx.Start: **** ConnSH637534718745561958System.Random
09:44:34.443    (INFO)     Trx.Commit: **C** ConnSH637534718745561958System.Random
09:45:05.455    (INFO)     Trx.Start: **** ConnSH637534719052426804System.Random
09:45:05.455    (INFO)     Trx.Commit: **C** ConnSH637534719052426804System.Random
09:47:19.471    (INFO)     Trx.Start: **** ConnSH637534720397804839System.Random
09:47:19.471    (INFO)     Trx.Commit: **C** ConnSH637534720397804839System.Random
09:47:27.472    (INFO)     Trx.Start: **** ConnSH637534720476220876System.Random
09:47:27.472    (INFO)     Trx.Commit: **C** ConnSH637534720476220876System.Random
09:47:53.475    (INFO)     Trx.Start: **** ConnSH637534720735785791System.Random
09:47:53.475    (INFO)     Trx.Commit: **C** ConnSH637534720735785791System.Random
09:47:53.475    (INFO)     Trx.Start: **** ConnSH637534720735836289System.Random
09:47:53.475    (INFO)     Trx.Commit: **C** ConnSH637534720735836289System.Random
09:47:57.475    (INFO)     Trx.Start: **** ConnSH637534720773327082System.Random
09:47:57.475    (INFO)     Trx.Commit: **C** ConnSH637534720773327082System.Random
09:47:57.475    (INFO)     ColumnSync.DoIt: C_Column_ID=1021988
09:47:57.475    (INFO)     Trx.Start: **** SvrProcess
09:47:57.475    (INFO)     ColumnSync.AddLog: 0 - 1/1/0001 12:00:00 AM - 1 - ALTER TABLE VAHRUAE_HR_Penality ADD EMPLOYEEID VARCHAR2(10)
09:47:57.475    (INFO)     Trx.Commit: **C** SvrProcess
09:47:57.475    (INFO)     CacheMgt.Reset: AD_Process: #1 (1)
09:48:27.482    (INFO)     Trx.Start: **** ConnSH637534721073476796System.Random
