*** 5/26/2021 10:53:49 AM VAdvantage Log  ***
----------->     (WARNING)  GridTable.GetField: Not found: 'Created'
----------->     (WARNING)  GridTable.GetField: Not found: 'CreatedBy'
----------->     (WARNING)  GridTable.GetField: Not found: 'Updated'
----------->     (WARNING)  GridTable.GetField: Not found: 'UpdatedBy'
===========>     (SEVERE)   OracleHelper.ExecuteDataset: ORA-00942: table or view does not exist [Query D] => SELECT vadms_windowdoclink_id, record_id FROM VADMS_WindowDocLink wdl JOIN vadms_document doc ON wdl.VADMS_Document_ID  =doc.VADMS_Document_ID WHERE doc.vadms_docstatus!='DD' AND AD_Table_ID =1000829
----------->     (WARNING)  GridTable.GetField: Not found: 'Created'
----------->     (WARNING)  GridTable.GetField: Not found: 'CreatedBy'
----------->     (WARNING)  GridTable.GetField: Not found: 'Updated'
----------->     (WARNING)  GridTable.GetField: Not found: 'UpdatedBy'
===========>     (SEVERE)   OracleHelper.ExecuteDataset: ORA-00942: table or view does not exist [Query D] => SELECT vadms_windowdoclink_id, record_id FROM VADMS_WindowDocLink wdl JOIN vadms_document doc ON wdl.VADMS_Document_ID  =doc.VADMS_Document_ID WHERE doc.vadms_docstatus!='DD' AND AD_Table_ID =1000828
----------->     (WARNING)  GridTable.GetField: Not found: 'Created'
----------->     (WARNING)  GridTable.GetField: Not found: 'CreatedBy'
----------->     (WARNING)  GridTable.GetField: Not found: 'Updated'
----------->     (WARNING)  GridTable.GetField: Not found: 'UpdatedBy'
===========>     (SEVERE)   OracleHelper.ExecuteDataset: ORA-00942: table or view does not exist [Query D] => SELECT vadms_windowdoclink_id, record_id FROM VADMS_WindowDocLink wdl JOIN vadms_document doc ON wdl.VADMS_Document_ID  =doc.VADMS_Document_ID WHERE doc.vadms_docstatus!='DD' AND AD_Table_ID =1000902
10:53:49.534    (INFO)     Trx.Start: **** ConnSH637576232294882549System.Random
10:53:49.534    (INFO)     Trx.Commit: **C** ConnSH637576232294882549System.Random
10:53:49.534    (INFO)     Trx.Start: **** ConnSH637576232299893119System.Random
10:53:49.534    (INFO)     Trx.Commit: **C** ConnSH637576232299893119System.Random
10:54:05.545    (INFO)     MRole.Get: AD_Role_ID=103, AD_User_ID=102, reload=True
10:54:05.545    (INFO)     MRole.Get: MRole[103,IdeasInc User,UserLevel=  O,AD_Client_ID IN(0,11),AD_Org_ID IN(0,11,12)]
10:54:05.545    (INFO)     MRole.Get: AD_Role_ID=103, AD_User_ID=102, reload=True
10:54:05.545    (INFO)     MRole.Get: MRole[103,IdeasInc User,UserLevel=  O,AD_Client_ID IN(0,11),AD_Org_ID IN(0,11,12)]
10:54:05.545    (INFO)     MTree.Load: AD_Tree_ID=10, AD_User_ID=102, Editable=False, OnClient=True
10:54:05.545    (INFO)     Trx.Start: **** ConnSH637576232453806783System.Random
10:54:05.545    (INFO)     Trx.Commit: **C** ConnSH637576232453806783System.Random
----------->     (WARNING)  AccessSqlParser.GetTableInfo: More than one FROM clause - SELECT AppointmentsInfo.Appointmentsinfo_id AS ID,AppointmentsInfo.AD_Client_ID,AppointmentsInfo.AD_Org_ID  FROM AppointmentsInfo JOIN AD_User ON AD_User.AD_User_ID =AppointmentsInfo.CreatedBy WHERE AppointmentsInfo.IsRead='N' AND AppointmentsInfo.istask ='N'  AND AppointmentsInfo.AD_User_ID  = 102  UNION SELECT AppointmentsInfo.Appointmentsinfo_id AS ID, AppointmentsInfo.AD_Client_ID,AppointmentsInfo.AD_Org_ID FROM AppointmentsInfo  JOIN AD_User ON AD_User.AD_User_ID = AppointmentsInfo.CreatedBy  WHERE (AppointmentsInfo.IsRead ='Y'   AND AppointmentsInfo.AD_User_ID = 102 )  AND AppointmentsInfo.istask ='N'  AND AppointmentsInfo.startDate BETWEEN to_date('5/25/21','mm/dd/yy') and to_date('6/02/21 23.59','mm/dd/yy HH24:MI')   OR  to_date('5/26/21','mm/dd/yy')  BETWEEN  AppointmentsInfo.startDate  AND AppointmentsInfo.endDate  AND  AppointmentsInfo.CreatedBy  !=102 AND AppointmentsInfo.AD_User_ID  = 102)
----------->     (WARNING)  AccessSqlParser.GetTableInfo: Could not remove ON AppointmentsInfo JOIN AD_User ON AD_User.AD_User_ID =AppointmentsInfo.CreatedBy
----------->     (WARNING)  GridTable.GetField: Not found: 'Created'
----------->     (WARNING)  GridTable.GetField: Not found: 'CreatedBy'
----------->     (WARNING)  GridTable.GetField: Not found: 'Updated'
----------->     (WARNING)  GridTable.GetField: Not found: 'UpdatedBy'
===========>     (SEVERE)   OracleHelper.ExecuteDataset: ORA-00942: table or view does not exist [Query D] => SELECT vadms_windowdoclink_id, record_id FROM VADMS_WindowDocLink wdl JOIN vadms_document doc ON wdl.VADMS_Document_ID  =doc.VADMS_Document_ID WHERE doc.vadms_docstatus!='DD' AND AD_Table_ID =1000848
10:55:11.551    (INFO)     Trx.Start: **** ConnSH637576233116257435System.Random
10:55:11.551    (INFO)     Trx.Commit: **C** ConnSH637576233116257435System.Random
10:55:11.551    (INFO)     Trx.Start: **** ConnSH637576233117597769System.Random
10:55:11.551    (INFO)     Trx.Commit: **C** ConnSH637576233117597769System.Random
10:55:48.554    (INFO)     MTable.GetPO: Using GenericPO for VAHRUAE_HR_AttendanceRule
10:55:49.554    (INFO)     MChangeLog.FillChangeLog: #9
10:55:49.554    (INFO)     Trx.Start: **** ConnSH637576233490195074System.Random
10:55:49.554    (INFO)     Trx.Commit: **C** ConnSH637576233490195074System.Random
10:58:00.580    (INFO)     Trx.Start: **** ConnSH637576234802764282System.Random
10:58:00.580    (INFO)     Trx.Commit: **C** ConnSH637576234802764282System.Random
10:58:04.584    (INFO)     Trx.Start: **** ConnSH637576234846837470System.Random
10:58:04.584    (INFO)     Trx.Commit: **C** ConnSH637576234846837470System.Random
10:58:08.588    (INFO)     Trx.Start: **** ConnSH637576234887251349System.Random
10:58:08.588    (INFO)     Trx.Commit: **C** ConnSH637576234887251349System.Random
10:58:11.581    (INFO)     Trx.Start: **** ConnSH637576234915346227System.Random
10:58:11.581    (INFO)     Trx.Commit: **C** ConnSH637576234915346227System.Random
10:58:43.584    (INFO)     Trx.Start: **** ConnSH637576235238310291System.Random
10:58:43.584    (INFO)     Trx.Commit: **C** ConnSH637576235238310291System.Random
11:00:32.032    (INFO)     MTable.GetPO: Using GenericPO for VAHRUAE_HR_EmpAttendanceLog
11:00:32.032    (INFO)     Trx.Start: **** GridDel637576236327117450
11:00:35.035    (INFO)     GenericPO.DeleteRecord: True
11:00:35.035    (INFO)     Trx.Commit: **C** GridDel637576236327117450
11:00:35.035    (INFO)     MTable.GetPO: Using GenericPO for VAHRUAE_HR_EmpAttendanceLog
11:00:35.035    (INFO)     Trx.Start: **** GridDel637576236327117450
11:00:35.035    (INFO)     GenericPO.DeleteRecord: True
11:00:35.035    (INFO)     Trx.Commit: **C** GridDel637576236327117450
11:00:35.035    (INFO)     MTable.GetPO: Using GenericPO for VAHRUAE_HR_EmpAttendanceLog
11:00:35.035    (INFO)     Trx.Start: **** GridDel637576236327117450
11:00:35.035    (INFO)     GenericPO.DeleteRecord: True
11:00:35.035    (INFO)     Trx.Commit: **C** GridDel637576236327117450
11:00:35.035    (INFO)     MTable.GetPO: Using GenericPO for VAHRUAE_HR_EmpAttendanceLog
11:00:35.035    (INFO)     Trx.Start: **** GridDel637576236327117450
11:00:35.035    (INFO)     GenericPO.DeleteRecord: True
11:00:35.035    (INFO)     Trx.Commit: **C** GridDel637576236327117450
11:00:35.035    (INFO)     MTable.GetPO: Using GenericPO for VAHRUAE_HR_EmpAttendanceLog
11:00:35.035    (INFO)     Trx.Start: **** GridDel637576236327117450
11:00:35.035    (INFO)     GenericPO.DeleteRecord: True
11:00:35.035    (INFO)     Trx.Commit: **C** GridDel637576236327117450
11:00:35.035    (INFO)     MTable.GetPO: Using GenericPO for VAHRUAE_HR_EmpAttendanceLog
11:00:35.035    (INFO)     Trx.Start: **** GridDel637576236327117450
11:00:35.035    (INFO)     GenericPO.DeleteRecord: True
11:00:35.035    (INFO)     Trx.Commit: **C** GridDel637576236327117450
11:00:35.035    (INFO)     MTable.GetPO: Using GenericPO for VAHRUAE_HR_EmpAttendanceLog
11:00:35.035    (INFO)     Trx.Start: **** GridDel637576236327117450
11:00:35.035    (INFO)     GenericPO.DeleteRecord: True
11:00:35.035    (INFO)     Trx.Commit: **C** GridDel637576236327117450
11:00:35.035    (INFO)     MTable.GetPO: Using GenericPO for VAHRUAE_HR_EmpAttendanceLog
11:00:35.035    (INFO)     Trx.Start: **** GridDel637576236327117450
11:00:35.035    (INFO)     GenericPO.DeleteRecord: True
11:00:35.035    (INFO)     Trx.Commit: **C** GridDel637576236327117450
11:00:35.035    (INFO)     MTable.GetPO: Using GenericPO for VAHRUAE_HR_EmpAttendanceLog
11:00:35.035    (INFO)     Trx.Start: **** GridDel637576236327117450
11:00:35.035    (INFO)     GenericPO.DeleteRecord: True
11:00:35.035    (INFO)     Trx.Commit: **C** GridDel637576236327117450
11:00:35.035    (INFO)     MTable.GetPO: Using GenericPO for VAHRUAE_HR_EmpAttendanceLog
11:00:35.035    (INFO)     Trx.Start: **** GridDel637576236327117450
11:00:35.035    (INFO)     GenericPO.DeleteRecord: True
11:00:35.035    (INFO)     Trx.Commit: **C** GridDel637576236327117450
11:00:35.035    (INFO)     MTable.GetPO: Using GenericPO for VAHRUAE_HR_EmpAttendanceLog
11:00:35.035    (INFO)     Trx.Start: **** GridDel637576236327117450
11:00:35.035    (INFO)     GenericPO.DeleteRecord: True
11:00:35.035    (INFO)     Trx.Commit: **C** GridDel637576236327117450
11:00:35.035    (INFO)     MTable.GetPO: Using GenericPO for VAHRUAE_HR_EmpAttendanceLog
11:00:35.035    (INFO)     Trx.Start: **** GridDel637576236327117450
11:00:35.035    (INFO)     GenericPO.DeleteRecord: True
11:00:35.035    (INFO)     Trx.Commit: **C** GridDel637576236327117450
11:00:35.035    (INFO)     MTable.GetPO: Using GenericPO for VAHRUAE_HR_EmpAttendanceLog
11:00:35.035    (INFO)     Trx.Start: **** GridDel637576236327117450
11:00:35.035    (INFO)     GenericPO.DeleteRecord: True
11:00:35.035    (INFO)     Trx.Commit: **C** GridDel637576236327117450
11:00:35.035    (INFO)     MTable.GetPO: Using GenericPO for VAHRUAE_HR_EmpAttendanceLog
11:00:35.035    (INFO)     Trx.Start: **** GridDel637576236327117450
11:00:35.035    (INFO)     GenericPO.DeleteRecord: True
11:00:35.035    (INFO)     Trx.Commit: **C** GridDel637576236327117450
11:00:35.035    (INFO)     MTable.GetPO: Using GenericPO for VAHRUAE_HR_EmpAttendanceLog
11:00:35.035    (INFO)     Trx.Start: **** GridDel637576236327117450
11:00:35.035    (INFO)     GenericPO.DeleteRecord: True
11:00:35.035    (INFO)     Trx.Commit: **C** GridDel637576236327117450
11:00:35.035    (INFO)     MTable.GetPO: Using GenericPO for VAHRUAE_HR_EmpAttendanceLog
11:00:35.035    (INFO)     Trx.Start: **** GridDel637576236327117450
11:00:35.035    (INFO)     GenericPO.DeleteRecord: True
11:00:35.035    (INFO)     Trx.Commit: **C** GridDel637576236327117450
11:00:35.035    (INFO)     MTable.GetPO: Using GenericPO for VAHRUAE_HR_EmpAttendanceLog
11:00:35.035    (INFO)     Trx.Start: **** GridDel637576236327117450
11:00:35.035    (INFO)     GenericPO.DeleteRecord: True
11:00:35.035    (INFO)     Trx.Commit: **C** GridDel637576236327117450
----------->     (WARNING)  AccessSqlParser.GetTableInfo: More than one FROM clause - SELECT VA009_PaymentMethod.VA009_PaymentMethod_ID,NULL,NVL(VA009_PaymentMethod.VA009_Name,''),VA009_PaymentMethod.IsActive FROM VA009_PaymentMethod WHERE VA009_PAYMENTMETHOD.VA009_PAYMENTMETHOD_ID  IN ( SELECT VA009_PAYMENTMETHOD_ID FROM VA009_PAYMENTMETHOD WHERE VA009_PAYMENTBASETYPE NOT IN ('B','C','P') )
----------->     (WARNING)  AccessSqlParser.GetTableInfo: More than one FROM clause - SELECT VA009_PaymentMethod.VA009_PaymentMethod_ID,NULL,NVL(VA009_PaymentMethod.VA009_Name,''),VA009_PaymentMethod.IsActive FROM VA009_PaymentMethod WHERE VA009_PAYMENTMETHOD.VA009_PAYMENTMETHOD_ID  IN ( SELECT VA009_PAYMENTMETHOD_ID FROM VA009_PAYMENTMETHOD WHERE VA009_PAYMENTBASETYPE NOT IN ('B','C','P') )
----------->     (WARNING)  GridTable.GetField: Not found: 'Created'
----------->     (WARNING)  GridTable.GetField: Not found: 'CreatedBy'
----------->     (WARNING)  GridTable.GetField: Not found: 'Updated'
----------->     (WARNING)  GridTable.GetField: Not found: 'UpdatedBy'
===========>     (SEVERE)   OracleHelper.ExecuteDataset: ORA-00942: table or view does not exist [Query D] => SELECT vadms_windowdoclink_id, record_id FROM VADMS_WindowDocLink wdl JOIN vadms_document doc ON wdl.VADMS_Document_ID  =doc.VADMS_Document_ID WHERE doc.vadms_docstatus!='DD' AND AD_Table_ID =291
----------->     (WARNING)  GridTable.GetField: Not found: 'Created'
----------->     (WARNING)  GridTable.GetField: Not found: 'CreatedBy'
----------->     (WARNING)  GridTable.GetField: Not found: 'Updated'
----------->     (WARNING)  GridTable.GetField: Not found: 'UpdatedBy'
===========>     (SEVERE)   OracleHelper.ExecuteDataset: ORA-00942: table or view does not exist [Query D] => SELECT vadms_windowdoclink_id, record_id FROM VADMS_WindowDocLink wdl JOIN vadms_document doc ON wdl.VADMS_Document_ID  =doc.VADMS_Document_ID WHERE doc.vadms_docstatus!='DD' AND AD_Table_ID =114
----------->     (WARNING)  GridTable.GetField: Not found: 'Created'
----------->     (WARNING)  GridTable.GetField: Not found: 'CreatedBy'
----------->     (WARNING)  GridTable.GetField: Not found: 'Updated'
----------->     (WARNING)  GridTable.GetField: Not found: 'UpdatedBy'
===========>     (SEVERE)   OracleHelper.ExecuteDataset: ORA-00942: table or view does not exist [Query D] => SELECT vadms_windowdoclink_id, record_id FROM VADMS_WindowDocLink wdl JOIN vadms_document doc ON wdl.VADMS_Document_ID  =doc.VADMS_Document_ID WHERE doc.vadms_docstatus!='DD' AND AD_Table_ID =293
----------->     (WARNING)  GridTable.GetField: Not found: 'Created'
----------->     (WARNING)  GridTable.GetField: Not found: 'CreatedBy'
----------->     (WARNING)  GridTable.GetField: Not found: 'Updated'
----------->     (WARNING)  GridTable.GetField: Not found: 'UpdatedBy'
===========>     (SEVERE)   OracleHelper.ExecuteDataset: ORA-00942: table or view does not exist [Query D] => SELECT vadms_windowdoclink_id, record_id FROM VADMS_WindowDocLink wdl JOIN vadms_document doc ON wdl.VADMS_Document_ID  =doc.VADMS_Document_ID WHERE doc.vadms_docstatus!='DD' AND AD_Table_ID =298
----------->     (WARNING)  GridTable.GetField: Not found: 'Created'
----------->     (WARNING)  GridTable.GetField: Not found: 'CreatedBy'
----------->     (WARNING)  GridTable.GetField: Not found: 'Updated'
----------->     (WARNING)  GridTable.GetField: Not found: 'UpdatedBy'
===========>     (SEVERE)   OracleHelper.ExecuteDataset: ORA-00942: table or view does not exist [Query D] => SELECT vadms_windowdoclink_id, record_id FROM VADMS_WindowDocLink wdl JOIN vadms_document doc ON wdl.VADMS_Document_ID  =doc.VADMS_Document_ID WHERE doc.vadms_docstatus!='DD' AND AD_Table_ID =1000860
----------->     (WARNING)  GridTable.GetField: Not found: 'Created'
----------->     (WARNING)  GridTable.GetField: Not found: 'CreatedBy'
----------->     (WARNING)  GridTable.GetField: Not found: 'Updated'
----------->     (WARNING)  GridTable.GetField: Not found: 'UpdatedBy'
===========>     (SEVERE)   OracleHelper.ExecuteDataset: ORA-00942: table or view does not exist [Query D] => SELECT vadms_windowdoclink_id, record_id FROM VADMS_WindowDocLink wdl JOIN vadms_document doc ON wdl.VADMS_Document_ID  =doc.VADMS_Document_ID WHERE doc.vadms_docstatus!='DD' AND AD_Table_ID =1000856
----------->     (WARNING)  GridTable.GetField: Not found: 'Created'
----------->     (WARNING)  GridTable.GetField: Not found: 'CreatedBy'
----------->     (WARNING)  GridTable.GetField: Not found: 'Updated'
----------->     (WARNING)  GridTable.GetField: Not found: 'UpdatedBy'
===========>     (SEVERE)   OracleHelper.ExecuteDataset: ORA-00942: table or view does not exist [Query D] => SELECT vadms_windowdoclink_id, record_id FROM VADMS_WindowDocLink wdl JOIN vadms_document doc ON wdl.VADMS_Document_ID  =doc.VADMS_Document_ID WHERE doc.vadms_docstatus!='DD' AND AD_Table_ID =1000862
----------->     (WARNING)  GridTable.GetField: Not found: 'Created'
----------->     (WARNING)  GridTable.GetField: Not found: 'CreatedBy'
----------->     (WARNING)  GridTable.GetField: Not found: 'Updated'
----------->     (WARNING)  GridTable.GetField: Not found: 'UpdatedBy'
===========>     (SEVERE)   OracleHelper.ExecuteDataset: ORA-00942: table or view does not exist [Query D] => SELECT vadms_windowdoclink_id, record_id FROM VADMS_WindowDocLink wdl JOIN vadms_document doc ON wdl.VADMS_Document_ID  =doc.VADMS_Document_ID WHERE doc.vadms_docstatus!='DD' AND AD_Table_ID =1000863
----------->     (WARNING)  GridTable.GetField: Not found: 'Created'
----------->     (WARNING)  GridTable.GetField: Not found: 'CreatedBy'
----------->     (WARNING)  GridTable.GetField: Not found: 'Updated'
----------->     (WARNING)  GridTable.GetField: Not found: 'UpdatedBy'
===========>     (SEVERE)   OracleHelper.ExecuteDataset: ORA-00942: table or view does not exist [Query D] => SELECT vadms_windowdoclink_id, record_id FROM VADMS_WindowDocLink wdl JOIN vadms_document doc ON wdl.VADMS_Document_ID  =doc.VADMS_Document_ID WHERE doc.vadms_docstatus!='DD' AND AD_Table_ID =1000865
----------->     (WARNING)  GridTable.GetField: Not found: 'Created'
----------->     (WARNING)  GridTable.GetField: Not found: 'CreatedBy'
----------->     (WARNING)  GridTable.GetField: Not found: 'Updated'
----------->     (WARNING)  GridTable.GetField: Not found: 'UpdatedBy'
===========>     (SEVERE)   OracleHelper.ExecuteDataset: ORA-00942: table or view does not exist [Query D] => SELECT vadms_windowdoclink_id, record_id FROM VADMS_WindowDocLink wdl JOIN vadms_document doc ON wdl.VADMS_Document_ID  =doc.VADMS_Document_ID WHERE doc.vadms_docstatus!='DD' AND AD_Table_ID =1000857
----------->     (WARNING)  GridTable.GetField: Not found: 'Created'
----------->     (WARNING)  GridTable.GetField: Not found: 'CreatedBy'
----------->     (WARNING)  GridTable.GetField: Not found: 'Updated'
----------->     (WARNING)  GridTable.GetField: Not found: 'UpdatedBy'
===========>     (SEVERE)   OracleHelper.ExecuteDataset: ORA-00942: table or view does not exist [Query D] => SELECT vadms_windowdoclink_id, record_id FROM VADMS_WindowDocLink wdl JOIN vadms_document doc ON wdl.VADMS_Document_ID  =doc.VADMS_Document_ID WHERE doc.vadms_docstatus!='DD' AND AD_Table_ID =1000858
----------->     (WARNING)  GridTable.GetField: Not found: 'Created'
----------->     (WARNING)  GridTable.GetField: Not found: 'CreatedBy'
----------->     (WARNING)  GridTable.GetField: Not found: 'Updated'
----------->     (WARNING)  GridTable.GetField: Not found: 'UpdatedBy'
===========>     (SEVERE)   OracleHelper.ExecuteDataset: ORA-00942: table or view does not exist [Query D] => SELECT vadms_windowdoclink_id, record_id FROM VADMS_WindowDocLink wdl JOIN vadms_document doc ON wdl.VADMS_Document_ID  =doc.VADMS_Document_ID WHERE doc.vadms_docstatus!='DD' AND AD_Table_ID =335
----------->     (WARNING)  GridTable.GetField: Not found: 'Created'
----------->     (WARNING)  GridTable.GetField: Not found: 'CreatedBy'
----------->     (WARNING)  GridTable.GetField: Not found: 'Updated'
----------->     (WARNING)  GridTable.GetField: Not found: 'UpdatedBy'
===========>     (SEVERE)   OracleHelper.ExecuteDataset: ORA-00942: table or view does not exist [Query D] => SELECT vadms_windowdoclink_id, record_id FROM VADMS_WindowDocLink wdl JOIN vadms_document doc ON wdl.VADMS_Document_ID  =doc.VADMS_Document_ID WHERE doc.vadms_docstatus!='DD' AND AD_Table_ID =1000859
----------->     (WARNING)  GridTable.GetField: Not found: 'Created'
----------->     (WARNING)  GridTable.GetField: Not found: 'CreatedBy'
----------->     (WARNING)  GridTable.GetField: Not found: 'Updated'
----------->     (WARNING)  GridTable.GetField: Not found: 'UpdatedBy'
===========>     (SEVERE)   OracleHelper.ExecuteDataset: ORA-00942: table or view does not exist [Query D] => SELECT vadms_windowdoclink_id, record_id FROM VADMS_WindowDocLink wdl JOIN vadms_document doc ON wdl.VADMS_Document_ID  =doc.VADMS_Document_ID WHERE doc.vadms_docstatus!='DD' AND AD_Table_ID =1000861
----------->     (WARNING)  GridTable.GetField: Not found: 'Created'
----------->     (WARNING)  GridTable.GetField: Not found: 'CreatedBy'
----------->     (WARNING)  GridTable.GetField: Not found: 'Updated'
----------->     (WARNING)  GridTable.GetField: Not found: 'UpdatedBy'
===========>     (SEVERE)   OracleHelper.ExecuteDataset: ORA-00942: table or view does not exist [Query D] => SELECT vadms_windowdoclink_id, record_id FROM VADMS_WindowDocLink wdl JOIN vadms_document doc ON wdl.VADMS_Document_ID  =doc.VADMS_Document_ID WHERE doc.vadms_docstatus!='DD' AND AD_Table_ID =1000864
----------->     (WARNING)  GridTable.GetField: Not found: 'Created'
----------->     (WARNING)  GridTable.GetField: Not found: 'CreatedBy'
----------->     (WARNING)  GridTable.GetField: Not found: 'Updated'
----------->     (WARNING)  GridTable.GetField: Not found: 'UpdatedBy'
===========>     (SEVERE)   OracleHelper.ExecuteDataset: ORA-00942: table or view does not exist [Query D] => SELECT vadms_windowdoclink_id, record_id FROM VADMS_WindowDocLink wdl JOIN vadms_document doc ON wdl.VADMS_Document_ID  =doc.VADMS_Document_ID WHERE doc.vadms_docstatus!='DD' AND AD_Table_ID =1000866
11:01:24.124    (INFO)     Trx.Start: **** ConnSH637576236842276899System.Random
11:01:24.124    (INFO)     Trx.Commit: **C** ConnSH637576236842276899System.Random
11:01:25.125    (INFO)     Trx.Start: **** ConnSH637576236859301230System.Random
11:01:25.125    (INFO)     Trx.Commit: **C** ConnSH637576236859301230System.Random
11:02:57.257    (INFO)     Trx.Start: **** ConnSH637576237771440497System.Random
11:02:57.257    (INFO)     Trx.Commit: **C** ConnSH637576237771440497System.Random
===========>     (SEVERE)   OracleHelper.ExecuteReader: ORA-01756: quoted string not properly terminated [Query DR] SELECT VAHRUAE_HR_LEAVEDETAIL_ID FROM VAHRUAE_HR_LEAVEDETAIL WHERE C_BPARTNER_ID = 1006736AND VAHRUAE_APPROVE = 'Y' AND VAHRUAE_DATE1= '20-JUN-21
===========>     (SEVERE)   OracleHelper.ExecuteReader: ORA-01756: quoted string not properly terminated [Query DR] SELECT VAHRUAE_HR_LEAVEDETAIL_ID FROM VAHRUAE_HR_LEAVEDETAIL WHERE C_BPARTNER_ID = 1006736AND VAHRUAE_APPROVE = 'Y' AND VAHRUAE_DATE1= '20-JUN-21
===========>     (SEVERE)   PO.DoIt: SELECT VAHRUAE_HR_LEAVEDETAIL_ID FROM VAHRUAE_HR_LEAVEDETAIL WHERE C_BPARTNER_ID = 1006736AND VAHRUAE_APPROVE = 'Y' AND VAHRUAE_DATE1= '20-JUN-21 => ORA-01756: quoted string not properly terminated
11:02:57.257    (INFO)     Trx.Start: **** ConnSH637576237775740751System.Random
11:02:57.257    (INFO)     Trx.Commit: **C** ConnSH637576237775740751System.Random
11:02:57.257    (INFO)     Trx.Start: **** ConnSH637576237775860863System.Random
11:02:57.257    (INFO)     Trx.Commit: **C** ConnSH637576237775860863System.Random
11:02:57.257    (INFO)     Trx.Start: **** ConnDDH637576237776748010System.Random
11:02:57.257    (INFO)     Trx.ExecuteDataSet: Trx Dataset ConnDDH637576237776748010System.Random 69
11:02:57.257    (INFO)     Trx.ExecuteQuery: Trx non-query ConnDDH637576237776748010System.Random 69
11:02:57.257    (INFO)     Trx.Commit: **C** ConnDDH637576237776748010System.Random
11:02:58.258    (INFO)     Trx.Start: **** ConnSH637576237780274281System.Random
11:02:58.258    (INFO)     Trx.Commit: **C** ConnSH637576237780274281System.Random
