*** 4/18/2021 10:21:35 AM VAdvantage Log  ***
10:21:35.213    (INFO)     Trx.Start: **** ConnSH637543380952650227System.Random
10:21:35.213    (INFO)     Trx.Commit: **C** ConnSH637543380952650227System.Random
10:21:35.213    (INFO)     MChangeLog.FillChangeLog: #9
10:21:35.213    (INFO)     Trx.Start: **** ConnSH637543380953290215System.Random
10:21:35.213    (INFO)     Trx.Commit: **C** ConnSH637543380953290215System.Random
10:21:35.213    (INFO)     Trx.Start: **** ConnSH637543380953420243System.Random
10:21:35.213    (INFO)     Trx.Commit: **C** ConnSH637543380953420243System.Random
10:21:35.213    (INFO)     Trx.Start: **** ConnSH637543380953800458System.Random
10:21:35.213    (INFO)     Trx.Commit: **C** ConnSH637543380953800458System.Random
10:21:35.213    (INFO)     Trx.Start: **** ConnSH637543380954040192System.Random
10:21:35.213    (INFO)     Trx.Commit: **C** ConnSH637543380954040192System.Random
10:21:35.213    (INFO)     Trx.Start: **** ConnSH637543380954240569System.Random
10:21:35.213    (INFO)     Trx.Commit: **C** ConnSH637543380954240569System.Random
10:21:35.213    (INFO)     Trx.Start: **** ConnSH637543380954450186System.Random
10:21:35.213    (INFO)     Trx.Commit: **C** ConnSH637543380954450186System.Random
10:21:35.213    (INFO)     Trx.Start: **** ConnSH637543380954570177System.Random
10:21:35.213    (INFO)     Trx.Commit: **C** ConnSH637543380954570177System.Random
10:21:35.213    (INFO)     Trx.Start: **** ConnSH637543380955080183System.Random
10:21:35.213    (INFO)     Trx.Commit: **C** ConnSH637543380955080183System.Random
10:21:35.213    (INFO)     Trx.Start: **** ConnSH637543380955250180System.Random
10:21:35.213    (INFO)     Trx.Commit: **C** ConnSH637543380955250180System.Random
10:21:35.213    (INFO)     Trx.Start: **** ConnSH637543380955340183System.Random
10:21:35.213    (INFO)     Trx.Commit: **C** ConnSH637543380955340183System.Random
10:21:35.213    (INFO)     Trx.Start: **** ConnSH637543380955560182System.Random
10:21:35.213    (INFO)     Trx.Commit: **C** ConnSH637543380955560182System.Random
10:21:35.213    (INFO)     Trx.Start: **** ConnSH637543380955710187System.Random
10:21:35.213    (INFO)     Trx.Commit: **C** ConnSH637543380955710187System.Random
10:21:35.213    (INFO)     Trx.Start: **** ConnSH637543380955800181System.Random
10:21:35.213    (INFO)     Trx.Commit: **C** ConnSH637543380955800181System.Random
10:21:35.213    (INFO)     Trx.Start: **** ConnSH637543380955990181System.Random
10:21:35.213    (INFO)     Trx.Commit: **C** ConnSH637543380955990181System.Random
10:21:35.213    (INFO)     Trx.Start: **** ConnSH637543380956200199System.Random
10:21:35.213    (INFO)     Trx.Commit: **C** ConnSH637543380956200199System.Random
10:21:35.213    (INFO)     Trx.Start: **** ConnSH637543380956420177System.Random
10:21:35.213    (INFO)     Trx.Commit: **C** ConnSH637543380956420177System.Random
10:21:35.213    (INFO)     Trx.Start: **** ConnSH637543380956590180System.Random
10:21:35.213    (INFO)     Trx.Commit: **C** ConnSH637543380956590180System.Random
10:21:35.213    (INFO)     Trx.Start: **** ConnSH637543380956690219System.Random
10:21:35.213    (INFO)     Trx.Commit: **C** ConnSH637543380956690219System.Random
10:21:35.213    (INFO)     Trx.Start: **** ConnSH637543380956930201System.Random
10:21:35.213    (INFO)     Trx.Commit: **C** ConnSH637543380956930201System.Random
10:21:35.213    (INFO)     Trx.Start: **** ConnSH637543380957030210System.Random
10:21:35.213    (INFO)     Trx.Commit: **C** ConnSH637543380957030210System.Random
10:21:35.213    (INFO)     Trx.Start: **** ConnSH637543380957290194System.Random
10:21:35.213    (INFO)     Trx.Commit: **C** ConnSH637543380957290194System.Random
10:21:35.213    (INFO)     Trx.Start: **** ConnSH637543380957390239System.Random
10:21:35.213    (INFO)     Trx.Commit: **C** ConnSH637543380957390239System.Random
10:21:35.213    (INFO)     Trx.Start: **** ConnSH637543380957470217System.Random
10:21:35.213    (INFO)     Trx.Commit: **C** ConnSH637543380957470217System.Random
10:21:35.213    (INFO)     Trx.Start: **** ConnSH637543380957560220System.Random
10:21:35.213    (INFO)     Trx.Commit: **C** ConnSH637543380957560220System.Random
10:21:35.213    (INFO)     Trx.Start: **** ConnSH637543380957650227System.Random
10:21:35.213    (INFO)     Trx.Commit: **C** ConnSH637543380957650227System.Random
10:21:35.213    (INFO)     Trx.Start: **** ConnSH637543380957730592System.Random
10:21:35.213    (INFO)     Trx.Commit: **C** ConnSH637543380957730592System.Random
10:21:35.213    (INFO)     Trx.Start: **** ConnSH637543380957810507System.Random
10:21:35.213    (INFO)     Trx.Commit: **C** ConnSH637543380957810507System.Random
10:21:35.213    (INFO)     Trx.Start: **** ConnSH637543380957890663System.Random
10:21:35.213    (INFO)     Trx.Commit: **C** ConnSH637543380957890663System.Random
10:21:35.213    (INFO)     Trx.Start: **** ConnSH637543380957970235System.Random
10:21:35.213    (INFO)     Trx.Commit: **C** ConnSH637543380957970235System.Random
10:21:35.213    (INFO)     Trx.Start: **** ConnSH637543380958060215System.Random
10:21:35.213    (INFO)     Trx.Commit: **C** ConnSH637543380958060215System.Random
10:21:35.213    (INFO)     Trx.Start: **** ConnSH637543380958140239System.Random
10:21:35.213    (INFO)     Trx.Commit: **C** ConnSH637543380958140239System.Random
10:21:35.213    (INFO)     Trx.Start: **** ConnSH637543380958230232System.Random
10:21:35.213    (INFO)     Trx.Commit: **C** ConnSH637543380958230232System.Random
10:21:35.213    (INFO)     Trx.Start: **** ConnSH637543380958480270System.Random
10:21:35.213    (INFO)     Trx.Commit: **C** ConnSH637543380958480270System.Random
10:21:35.213    (INFO)     Trx.Start: **** ConnSH637543380958580210System.Random
10:21:35.213    (INFO)     Trx.Commit: **C** ConnSH637543380958580210System.Random
10:21:35.213    (INFO)     CacheMgt.Reset: AD_Process: #1 (1)
10:22:43.224    (INFO)     Trx.Start: **** ConnSH637543381638540238System.Random
10:22:43.224    (INFO)     Trx.Commit: **C** ConnSH637543381638540238System.Random
10:22:43.224    (INFO)     Trx.Start: **** ConnSH637543381638730604System.Random
10:22:43.224    (INFO)     Trx.Commit: **C** ConnSH637543381638730604System.Random
10:22:43.224    (INFO)     Trx.Start: **** ConnSH637543381638830202System.Random
10:22:43.224    (INFO)     Trx.Commit: **C** ConnSH637543381638830202System.Random
10:22:43.224    (INFO)     Trx.Start: **** ConnSH637543381639200217System.Random
10:22:43.224    (INFO)     Trx.Commit: **C** ConnSH637543381639200217System.Random
10:22:43.224    (INFO)     Trx.Start: **** ConnSH637543381639290237System.Random
10:22:43.224    (INFO)     Trx.Commit: **C** ConnSH637543381639290237System.Random
10:22:43.224    (INFO)     Trx.Start: **** ConnSH637543381639540236System.Random
10:22:43.224    (INFO)     Trx.Commit: **C** ConnSH637543381639540236System.Random
10:22:43.224    (INFO)     Trx.Start: **** ConnSH637543381639750545System.Random
10:22:43.224    (INFO)     Trx.Commit: **C** ConnSH637543381639750545System.Random
10:22:43.224    (INFO)     Trx.Start: **** ConnSH637543381639880217System.Random
10:22:43.224    (INFO)     Trx.Commit: **C** ConnSH637543381639880217System.Random
10:22:44.224    (INFO)     Trx.Start: **** ConnSH637543381640310209System.Random
10:22:44.224    (INFO)     Trx.Commit: **C** ConnSH637543381640310209System.Random
10:22:44.224    (INFO)     Trx.Start: **** ConnSH637543381640470230System.Random
10:22:44.224    (INFO)     Trx.Commit: **C** ConnSH637543381640470230System.Random
10:22:44.224    (INFO)     Trx.Start: **** ConnSH637543381640560225System.Random
10:22:44.224    (INFO)     Trx.Commit: **C** ConnSH637543381640560225System.Random
10:22:44.224    (INFO)     Trx.Start: **** ConnSH637543381640770234System.Random
10:22:44.224    (INFO)     Trx.Commit: **C** ConnSH637543381640770234System.Random
10:22:44.224    (INFO)     Trx.Start: **** ConnSH637543381640920218System.Random
10:22:44.224    (INFO)     Trx.Commit: **C** ConnSH637543381640920218System.Random
10:22:44.224    (INFO)     Trx.Start: **** ConnSH637543381641010215System.Random
10:22:44.224    (INFO)     Trx.Commit: **C** ConnSH637543381641010215System.Random
10:22:44.224    (INFO)     Trx.Start: **** ConnSH637543381641200212System.Random
10:22:44.224    (INFO)     Trx.Commit: **C** ConnSH637543381641200212System.Random
10:22:44.224    (INFO)     Trx.Start: **** ConnSH637543381641420221System.Random
10:22:44.224    (INFO)     Trx.Commit: **C** ConnSH637543381641420221System.Random
10:22:44.224    (INFO)     Trx.Start: **** ConnSH637543381641630212System.Random
10:22:44.224    (INFO)     Trx.Commit: **C** ConnSH637543381641630212System.Random
10:22:44.224    (INFO)     Trx.Start: **** ConnSH637543381641790447System.Random
10:22:44.224    (INFO)     Trx.Commit: **C** ConnSH637543381641790447System.Random
10:22:44.224    (INFO)     Trx.Start: **** ConnSH637543381641890259System.Random
10:22:44.224    (INFO)     Trx.Commit: **C** ConnSH637543381641890259System.Random
10:22:44.224    (INFO)     Trx.Start: **** ConnSH637543381642110232System.Random
10:22:44.224    (INFO)     Trx.Commit: **C** ConnSH637543381642110232System.Random
10:22:44.224    (INFO)     Trx.Start: **** ConnSH637543381642200238System.Random
10:22:44.224    (INFO)     Trx.Commit: **C** ConnSH637543381642200238System.Random
10:22:44.224    (INFO)     Trx.Start: **** ConnSH637543381642460234System.Random
10:22:44.224    (INFO)     Trx.Commit: **C** ConnSH637543381642460234System.Random
10:22:44.224    (INFO)     Trx.Start: **** ConnSH637543381642570215System.Random
10:22:44.224    (INFO)     Trx.Commit: **C** ConnSH637543381642570215System.Random
10:22:44.224    (INFO)     Trx.Start: **** ConnSH637543381642650224System.Random
10:22:44.224    (INFO)     Trx.Commit: **C** ConnSH637543381642650224System.Random
10:22:44.224    (INFO)     Trx.Start: **** ConnSH637543381642740212System.Random
10:22:44.224    (INFO)     Trx.Commit: **C** ConnSH637543381642740212System.Random
10:22:44.224    (INFO)     Trx.Start: **** ConnSH637543381642820215System.Random
10:22:44.224    (INFO)     Trx.Commit: **C** ConnSH637543381642820215System.Random
10:22:44.224    (INFO)     Trx.Start: **** ConnSH637543381642910215System.Random
10:22:44.224    (INFO)     Trx.Commit: **C** ConnSH637543381642910215System.Random
10:22:44.224    (INFO)     Trx.Start: **** ConnSH637543381642990218System.Random
10:22:44.224    (INFO)     Trx.Commit: **C** ConnSH637543381642990218System.Random
10:22:44.224    (INFO)     Trx.Start: **** ConnSH637543381643080241System.Random
10:22:44.224    (INFO)     Trx.Commit: **C** ConnSH637543381643080241System.Random
10:22:44.224    (INFO)     Trx.Start: **** ConnSH637543381643160213System.Random
10:22:44.224    (INFO)     Trx.Commit: **C** ConnSH637543381643160213System.Random
10:22:44.224    (INFO)     Trx.Start: **** ConnSH637543381643250215System.Random
10:22:44.224    (INFO)     Trx.Commit: **C** ConnSH637543381643250215System.Random
10:22:44.224    (INFO)     Trx.Start: **** ConnSH637543381643320222System.Random
10:22:44.224    (INFO)     Trx.Commit: **C** ConnSH637543381643320222System.Random
10:22:44.224    (INFO)     Trx.Start: **** ConnSH637543381643410233System.Random
10:22:44.224    (INFO)     Trx.Commit: **C** ConnSH637543381643410233System.Random
10:22:44.224    (INFO)     Trx.Start: **** ConnSH637543381643660213System.Random
10:22:44.224    (INFO)     Trx.Commit: **C** ConnSH637543381643660213System.Random
