*** 5/15/2021 1:26:16 PM VAdvantage Log  ***
01:26:16.261    (INFO)     Trx.Start: **** ConnSH637566819762424865System.Random
01:26:16.261    (INFO)     Trx.Commit: **C** ConnSH637566819762424865System.Random
01:26:16.261    (INFO)     MChangeLog.FillChangeLog: #9
===========>     (SEVERE)   OracleHelper.ExecuteReader: ORA-01756: quoted string not properly terminated [Query DR] SELECT VAHRUAE_HR_LEAVEDETAIL_ID FROM VAHRUAE_HR_LEAVEDETAIL WHERE C_BPARTNER_ID = 1006731AND VAHRUAE_APPROVE = 'Y' AND VAHRUAE_DATE1= '20-DEC-20
===========>     (SEVERE)   OracleHelper.ExecuteReader: ORA-01756: quoted string not properly terminated [Query DR] SELECT VAHRUAE_HR_LEAVEDETAIL_ID FROM VAHRUAE_HR_LEAVEDETAIL WHERE C_BPARTNER_ID = 1006731AND VAHRUAE_APPROVE = 'Y' AND VAHRUAE_DATE1= '20-DEC-20
===========>     (SEVERE)   PO.DoIt: SELECT VAHRUAE_HR_LEAVEDETAIL_ID FROM VAHRUAE_HR_LEAVEDETAIL WHERE C_BPARTNER_ID = 1006731AND VAHRUAE_APPROVE = 'Y' AND VAHRUAE_DATE1= '20-DEC-20 => ORA-01756: quoted string not properly terminated
01:26:16.261    (INFO)     Trx.Start: **** ConnSH637566819764004865System.Random
01:26:16.261    (INFO)     Trx.Commit: **C** ConnSH637566819764004865System.Random
01:26:16.261    (INFO)     Trx.Start: **** ConnSH637566819764124886System.Random
01:26:16.261    (INFO)     Trx.Commit: **C** ConnSH637566819764124886System.Random
===========>     (SEVERE)   OracleHelper.ExecuteReader: ORA-00933: SQL command not properly ended [Query DR] SELECT VAHRUAE_HR_PenalityDetails_ID FROM VAHRUAE_HR_PenalityDetails WHERE VAHRUAE_HR_Penality_ID = 1000006VAHRUAE_Line >3ORDER BY VAHRUAE_Line ASC
===========>     (SEVERE)   OracleHelper.ExecuteReader: ORA-00933: SQL command not properly ended [Query DR] SELECT VAHRUAE_HR_PenalityDetails_ID FROM VAHRUAE_HR_PenalityDetails WHERE VAHRUAE_HR_Penality_ID = 1000006VAHRUAE_Line >3ORDER BY VAHRUAE_Line ASC
===========>     (SEVERE)   PO.DoIt: SELECT VAHRUAE_HR_PenalityDetails_ID FROM VAHRUAE_HR_PenalityDetails WHERE VAHRUAE_HR_Penality_ID = 1000006VAHRUAE_Line >3ORDER BY VAHRUAE_Line ASC => ORA-00933: SQL command not properly ended
===========>     (SEVERE)   OracleHelper.ExecuteReader: ORA-00933: SQL command not properly ended [Query DR] SELECT VAHRUAE_HR_PenalityDetails_ID FROM VAHRUAE_HR_PenalityDetails WHERE VAHRUAE_HR_Penality_ID = 1000006VAHRUAE_Line >3ORDER BY VAHRUAE_Line ASC
===========>     (SEVERE)   OracleHelper.ExecuteReader: ORA-00933: SQL command not properly ended [Query DR] SELECT VAHRUAE_HR_PenalityDetails_ID FROM VAHRUAE_HR_PenalityDetails WHERE VAHRUAE_HR_Penality_ID = 1000006VAHRUAE_Line >3ORDER BY VAHRUAE_Line ASC
===========>     (SEVERE)   PO.DoIt: SELECT VAHRUAE_HR_PenalityDetails_ID FROM VAHRUAE_HR_PenalityDetails WHERE VAHRUAE_HR_Penality_ID = 1000006VAHRUAE_Line >3ORDER BY VAHRUAE_Line ASC => ORA-00933: SQL command not properly ended
===========>     (SEVERE)   OracleHelper.ExecuteReader: ORA-00933: SQL command not properly ended [Query DR] SELECT VAHRUAE_HR_PenalityDetails_ID FROM VAHRUAE_HR_PenalityDetails WHERE VAHRUAE_HR_Penality_ID = 1000006VAHRUAE_Line >3ORDER BY VAHRUAE_Line ASC
===========>     (SEVERE)   OracleHelper.ExecuteReader: ORA-00933: SQL command not properly ended [Query DR] SELECT VAHRUAE_HR_PenalityDetails_ID FROM VAHRUAE_HR_PenalityDetails WHERE VAHRUAE_HR_Penality_ID = 1000006VAHRUAE_Line >3ORDER BY VAHRUAE_Line ASC
===========>     (SEVERE)   PO.DoIt: SELECT VAHRUAE_HR_PenalityDetails_ID FROM VAHRUAE_HR_PenalityDetails WHERE VAHRUAE_HR_Penality_ID = 1000006VAHRUAE_Line >3ORDER BY VAHRUAE_Line ASC => ORA-00933: SQL command not properly ended
===========>     (SEVERE)   OracleHelper.ExecuteReader: ORA-00933: SQL command not properly ended [Query DR] SELECT VAHRUAE_HR_PenalityDetails_ID FROM VAHRUAE_HR_PenalityDetails WHERE VAHRUAE_HR_Penality_ID = 1000006VAHRUAE_Line >3ORDER BY VAHRUAE_Line ASC
===========>     (SEVERE)   OracleHelper.ExecuteReader: ORA-00933: SQL command not properly ended [Query DR] SELECT VAHRUAE_HR_PenalityDetails_ID FROM VAHRUAE_HR_PenalityDetails WHERE VAHRUAE_HR_Penality_ID = 1000006VAHRUAE_Line >3ORDER BY VAHRUAE_Line ASC
===========>     (SEVERE)   PO.DoIt: SELECT VAHRUAE_HR_PenalityDetails_ID FROM VAHRUAE_HR_PenalityDetails WHERE VAHRUAE_HR_Penality_ID = 1000006VAHRUAE_Line >3ORDER BY VAHRUAE_Line ASC => ORA-00933: SQL command not properly ended
01:26:16.261    (INFO)     Trx.Start: **** ConnSH637566819764664851System.Random
01:26:16.261    (INFO)     Trx.Commit: **C** ConnSH637566819764664851System.Random
===========>     (SEVERE)   OracleHelper.ExecuteReader: ORA-00933: SQL command not properly ended [Query DR] SELECT VAHRUAE_HR_PenalityDetails_ID FROM VAHRUAE_HR_PenalityDetails WHERE VAHRUAE_HR_Penality_ID = 1000006VAHRUAE_Line >3ORDER BY VAHRUAE_Line ASC
===========>     (SEVERE)   OracleHelper.ExecuteReader: ORA-00933: SQL command not properly ended [Query DR] SELECT VAHRUAE_HR_PenalityDetails_ID FROM VAHRUAE_HR_PenalityDetails WHERE VAHRUAE_HR_Penality_ID = 1000006VAHRUAE_Line >3ORDER BY VAHRUAE_Line ASC
===========>     (SEVERE)   PO.DoIt: SELECT VAHRUAE_HR_PenalityDetails_ID FROM VAHRUAE_HR_PenalityDetails WHERE VAHRUAE_HR_Penality_ID = 1000006VAHRUAE_Line >3ORDER BY VAHRUAE_Line ASC => ORA-00933: SQL command not properly ended
===========>     (SEVERE)   OracleHelper.ExecuteReader: ORA-00933: SQL command not properly ended [Query DR] SELECT VAHRUAE_HR_PenalityDetails_ID FROM VAHRUAE_HR_PenalityDetails WHERE VAHRUAE_HR_Penality_ID = 1000006VAHRUAE_Line >3ORDER BY VAHRUAE_Line ASC
===========>     (SEVERE)   OracleHelper.ExecuteReader: ORA-00933: SQL command not properly ended [Query DR] SELECT VAHRUAE_HR_PenalityDetails_ID FROM VAHRUAE_HR_PenalityDetails WHERE VAHRUAE_HR_Penality_ID = 1000006VAHRUAE_Line >3ORDER BY VAHRUAE_Line ASC
===========>     (SEVERE)   PO.DoIt: SELECT VAHRUAE_HR_PenalityDetails_ID FROM VAHRUAE_HR_PenalityDetails WHERE VAHRUAE_HR_Penality_ID = 1000006VAHRUAE_Line >3ORDER BY VAHRUAE_Line ASC => ORA-00933: SQL command not properly ended
===========>     (SEVERE)   OracleHelper.ExecuteReader: ORA-00933: SQL command not properly ended [Query DR] SELECT VAHRUAE_HR_PenalityDetails_ID FROM VAHRUAE_HR_PenalityDetails WHERE VAHRUAE_HR_Penality_ID = 1000006VAHRUAE_Line >3ORDER BY VAHRUAE_Line ASC
===========>     (SEVERE)   OracleHelper.ExecuteReader: ORA-00933: SQL command not properly ended [Query DR] SELECT VAHRUAE_HR_PenalityDetails_ID FROM VAHRUAE_HR_PenalityDetails WHERE VAHRUAE_HR_Penality_ID = 1000006VAHRUAE_Line >3ORDER BY VAHRUAE_Line ASC
===========>     (SEVERE)   PO.DoIt: SELECT VAHRUAE_HR_PenalityDetails_ID FROM VAHRUAE_HR_PenalityDetails WHERE VAHRUAE_HR_Penality_ID = 1000006VAHRUAE_Line >3ORDER BY VAHRUAE_Line ASC => ORA-00933: SQL command not properly ended
===========>     (SEVERE)   OracleHelper.ExecuteReader: ORA-00933: SQL command not properly ended [Query DR] SELECT VAHRUAE_HR_PenalityDetails_ID FROM VAHRUAE_HR_PenalityDetails WHERE VAHRUAE_HR_Penality_ID = 1000006VAHRUAE_Line >3ORDER BY VAHRUAE_Line ASC
===========>     (SEVERE)   OracleHelper.ExecuteReader: ORA-00933: SQL command not properly ended [Query DR] SELECT VAHRUAE_HR_PenalityDetails_ID FROM VAHRUAE_HR_PenalityDetails WHERE VAHRUAE_HR_Penality_ID = 1000006VAHRUAE_Line >3ORDER BY VAHRUAE_Line ASC
===========>     (SEVERE)   PO.DoIt: SELECT VAHRUAE_HR_PenalityDetails_ID FROM VAHRUAE_HR_PenalityDetails WHERE VAHRUAE_HR_Penality_ID = 1000006VAHRUAE_Line >3ORDER BY VAHRUAE_Line ASC => ORA-00933: SQL command not properly ended
===========>     (SEVERE)   OracleHelper.ExecuteReader: ORA-00933: SQL command not properly ended [Query DR] SELECT VAHRUAE_HR_PenalityDetails_ID FROM VAHRUAE_HR_PenalityDetails WHERE VAHRUAE_HR_Penality_ID = 1000006VAHRUAE_Line >3ORDER BY VAHRUAE_Line ASC
===========>     (SEVERE)   OracleHelper.ExecuteReader: ORA-00933: SQL command not properly ended [Query DR] SELECT VAHRUAE_HR_PenalityDetails_ID FROM VAHRUAE_HR_PenalityDetails WHERE VAHRUAE_HR_Penality_ID = 1000006VAHRUAE_Line >3ORDER BY VAHRUAE_Line ASC
===========>     (SEVERE)   PO.DoIt: SELECT VAHRUAE_HR_PenalityDetails_ID FROM VAHRUAE_HR_PenalityDetails WHERE VAHRUAE_HR_Penality_ID = 1000006VAHRUAE_Line >3ORDER BY VAHRUAE_Line ASC => ORA-00933: SQL command not properly ended
01:26:16.261    (INFO)     Trx.Start: **** ConnSH637566819765284838System.Random
01:26:16.261    (INFO)     Trx.Commit: **C** ConnSH637566819765284838System.Random
===========>     (SEVERE)   OracleHelper.ExecuteReader: ORA-00933: SQL command not properly ended [Query DR] SELECT VAHRUAE_HR_PenalityDetails_ID FROM VAHRUAE_HR_PenalityDetails WHERE VAHRUAE_HR_Penality_ID = 1000006VAHRUAE_Line >3ORDER BY VAHRUAE_Line ASC
===========>     (SEVERE)   OracleHelper.ExecuteReader: ORA-00933: SQL command not properly ended [Query DR] SELECT VAHRUAE_HR_PenalityDetails_ID FROM VAHRUAE_HR_PenalityDetails WHERE VAHRUAE_HR_Penality_ID = 1000006VAHRUAE_Line >3ORDER BY VAHRUAE_Line ASC
===========>     (SEVERE)   PO.DoIt: SELECT VAHRUAE_HR_PenalityDetails_ID FROM VAHRUAE_HR_PenalityDetails WHERE VAHRUAE_HR_Penality_ID = 1000006VAHRUAE_Line >3ORDER BY VAHRUAE_Line ASC => ORA-00933: SQL command not properly ended
===========>     (SEVERE)   OracleHelper.ExecuteReader: ORA-00933: SQL command not properly ended [Query DR] SELECT VAHRUAE_HR_PenalityDetails_ID FROM VAHRUAE_HR_PenalityDetails WHERE VAHRUAE_HR_Penality_ID = 1000006VAHRUAE_Line >3ORDER BY VAHRUAE_Line ASC
===========>     (SEVERE)   OracleHelper.ExecuteReader: ORA-00933: SQL command not properly ended [Query DR] SELECT VAHRUAE_HR_PenalityDetails_ID FROM VAHRUAE_HR_PenalityDetails WHERE VAHRUAE_HR_Penality_ID = 1000006VAHRUAE_Line >3ORDER BY VAHRUAE_Line ASC
===========>     (SEVERE)   PO.DoIt: SELECT VAHRUAE_HR_PenalityDetails_ID FROM VAHRUAE_HR_PenalityDetails WHERE VAHRUAE_HR_Penality_ID = 1000006VAHRUAE_Line >3ORDER BY VAHRUAE_Line ASC => ORA-00933: SQL command not properly ended
===========>     (SEVERE)   OracleHelper.ExecuteReader: ORA-00933: SQL command not properly ended [Query DR] SELECT VAHRUAE_HR_PenalityDetails_ID FROM VAHRUAE_HR_PenalityDetails WHERE VAHRUAE_HR_Penality_ID = 1000006VAHRUAE_Line >3ORDER BY VAHRUAE_Line ASC
===========>     (SEVERE)   OracleHelper.ExecuteReader: ORA-00933: SQL command not properly ended [Query DR] SELECT VAHRUAE_HR_PenalityDetails_ID FROM VAHRUAE_HR_PenalityDetails WHERE VAHRUAE_HR_Penality_ID = 1000006VAHRUAE_Line >3ORDER BY VAHRUAE_Line ASC
===========>     (SEVERE)   PO.DoIt: SELECT VAHRUAE_HR_PenalityDetails_ID FROM VAHRUAE_HR_PenalityDetails WHERE VAHRUAE_HR_Penality_ID = 1000006VAHRUAE_Line >3ORDER BY VAHRUAE_Line ASC => ORA-00933: SQL command not properly ended
01:26:16.261    (INFO)     Trx.Start: **** ConnSH637566819765664876System.Random
01:26:16.261    (INFO)     Trx.Commit: **C** ConnSH637566819765664876System.Random
01:26:16.261    (INFO)     Trx.Start: **** ConnSH637566819765754843System.Random
01:26:16.261    (INFO)     Trx.Commit: **C** ConnSH637566819765754843System.Random
===========>     (SEVERE)   OracleHelper.ExecuteReader: ORA-00933: SQL command not properly ended [Query DR] SELECT VAHRUAE_HR_PenalityDetails_ID FROM VAHRUAE_HR_PenalityDetails WHERE VAHRUAE_HR_Penality_ID = 1000006VAHRUAE_Line >3ORDER BY VAHRUAE_Line ASC
===========>     (SEVERE)   OracleHelper.ExecuteReader: ORA-00933: SQL command not properly ended [Query DR] SELECT VAHRUAE_HR_PenalityDetails_ID FROM VAHRUAE_HR_PenalityDetails WHERE VAHRUAE_HR_Penality_ID = 1000006VAHRUAE_Line >3ORDER BY VAHRUAE_Line ASC
===========>     (SEVERE)   PO.DoIt: SELECT VAHRUAE_HR_PenalityDetails_ID FROM VAHRUAE_HR_PenalityDetails WHERE VAHRUAE_HR_Penality_ID = 1000006VAHRUAE_Line >3ORDER BY VAHRUAE_Line ASC => ORA-00933: SQL command not properly ended
===========>     (SEVERE)   OracleHelper.ExecuteReader: ORA-00933: SQL command not properly ended [Query DR] SELECT VAHRUAE_HR_PenalityDetails_ID FROM VAHRUAE_HR_PenalityDetails WHERE VAHRUAE_HR_Penality_ID = 1000006VAHRUAE_Line >3ORDER BY VAHRUAE_Line ASC
===========>     (SEVERE)   OracleHelper.ExecuteReader: ORA-00933: SQL command not properly ended [Query DR] SELECT VAHRUAE_HR_PenalityDetails_ID FROM VAHRUAE_HR_PenalityDetails WHERE VAHRUAE_HR_Penality_ID = 1000006VAHRUAE_Line >3ORDER BY VAHRUAE_Line ASC
===========>     (SEVERE)   PO.DoIt: SELECT VAHRUAE_HR_PenalityDetails_ID FROM VAHRUAE_HR_PenalityDetails WHERE VAHRUAE_HR_Penality_ID = 1000006VAHRUAE_Line >3ORDER BY VAHRUAE_Line ASC => ORA-00933: SQL command not properly ended
===========>     (SEVERE)   OracleHelper.ExecuteReader: ORA-00933: SQL command not properly ended [Query DR] SELECT VAHRUAE_HR_PenalityDetails_ID FROM VAHRUAE_HR_PenalityDetails WHERE VAHRUAE_HR_Penality_ID = 1000006VAHRUAE_Line >3ORDER BY VAHRUAE_Line ASC
===========>     (SEVERE)   OracleHelper.ExecuteReader: ORA-00933: SQL command not properly ended [Query DR] SELECT VAHRUAE_HR_PenalityDetails_ID FROM VAHRUAE_HR_PenalityDetails WHERE VAHRUAE_HR_Penality_ID = 1000006VAHRUAE_Line >3ORDER BY VAHRUAE_Line ASC
===========>     (SEVERE)   PO.DoIt: SELECT VAHRUAE_HR_PenalityDetails_ID FROM VAHRUAE_HR_PenalityDetails WHERE VAHRUAE_HR_Penality_ID = 1000006VAHRUAE_Line >3ORDER BY VAHRUAE_Line ASC => ORA-00933: SQL command not properly ended
===========>     (SEVERE)   OracleHelper.ExecuteReader: ORA-00933: SQL command not properly ended [Query DR] SELECT VAHRUAE_HR_PenalityDetails_ID FROM VAHRUAE_HR_PenalityDetails WHERE VAHRUAE_HR_Penality_ID = 1000006VAHRUAE_Line >3ORDER BY VAHRUAE_Line ASC
===========>     (SEVERE)   OracleHelper.ExecuteReader: ORA-00933: SQL command not properly ended [Query DR] SELECT VAHRUAE_HR_PenalityDetails_ID FROM VAHRUAE_HR_PenalityDetails WHERE VAHRUAE_HR_Penality_ID = 1000006VAHRUAE_Line >3ORDER BY VAHRUAE_Line ASC
===========>     (SEVERE)   PO.DoIt: SELECT VAHRUAE_HR_PenalityDetails_ID FROM VAHRUAE_HR_PenalityDetails WHERE VAHRUAE_HR_Penality_ID = 1000006VAHRUAE_Line >3ORDER BY VAHRUAE_Line ASC => ORA-00933: SQL command not properly ended
01:26:16.261    (INFO)     Trx.Start: **** ConnSH637566819766284846System.Random
01:26:16.261    (INFO)     Trx.Commit: **C** ConnSH637566819766284846System.Random
01:26:16.261    (INFO)     Trx.Start: **** ConnSH637566819766414850System.Random
01:26:16.261    (INFO)     Trx.Commit: **C** ConnSH637566819766414850System.Random
===========>     (SEVERE)   OracleHelper.ExecuteReader: ORA-00933: SQL command not properly ended [Query DR] SELECT VAHRUAE_HR_PenalityDetails_ID FROM VAHRUAE_HR_PenalityDetails WHERE VAHRUAE_HR_Penality_ID = 1000006VAHRUAE_Line >3ORDER BY VAHRUAE_Line ASC
===========>     (SEVERE)   OracleHelper.ExecuteReader: ORA-00933: SQL command not properly ended [Query DR] SELECT VAHRUAE_HR_PenalityDetails_ID FROM VAHRUAE_HR_PenalityDetails WHERE VAHRUAE_HR_Penality_ID = 1000006VAHRUAE_Line >3ORDER BY VAHRUAE_Line ASC
===========>     (SEVERE)   PO.DoIt: SELECT VAHRUAE_HR_PenalityDetails_ID FROM VAHRUAE_HR_PenalityDetails WHERE VAHRUAE_HR_Penality_ID = 1000006VAHRUAE_Line >3ORDER BY VAHRUAE_Line ASC => ORA-00933: SQL command not properly ended
01:26:16.261    (INFO)     Trx.Start: **** ConnSH637566819766624855System.Random
01:26:16.261    (INFO)     Trx.Commit: **C** ConnSH637566819766624855System.Random
===========>     (SEVERE)   OracleHelper.ExecuteReader: ORA-00933: SQL command not properly ended [Query DR] SELECT VAHRUAE_HR_PenalityDetails_ID FROM VAHRUAE_HR_PenalityDetails WHERE VAHRUAE_HR_Penality_ID = 1000006VAHRUAE_Line >3ORDER BY VAHRUAE_Line ASC
===========>     (SEVERE)   OracleHelper.ExecuteReader: ORA-00933: SQL command not properly ended [Query DR] SELECT VAHRUAE_HR_PenalityDetails_ID FROM VAHRUAE_HR_PenalityDetails WHERE VAHRUAE_HR_Penality_ID = 1000006VAHRUAE_Line >3ORDER BY VAHRUAE_Line ASC
===========>     (SEVERE)   PO.DoIt: SELECT VAHRUAE_HR_PenalityDetails_ID FROM VAHRUAE_HR_PenalityDetails WHERE VAHRUAE_HR_Penality_ID = 1000006VAHRUAE_Line >3ORDER BY VAHRUAE_Line ASC => ORA-00933: SQL command not properly ended
01:26:16.261    (INFO)     Trx.Start: **** ConnSH637566819766784866System.Random
01:26:16.261    (INFO)     Trx.Commit: **C** ConnSH637566819766784866System.Random
===========>     (SEVERE)   OracleHelper.ExecuteReader: ORA-00933: SQL command not properly ended [Query DR] SELECT C_TAX_ID FROM C_TAX WHERE Line < 14400C_TAXCATEGORY_ID = 1000017ORDER BY LINE ASC
===========>     (SEVERE)   OracleHelper.ExecuteReader: ORA-00933: SQL command not properly ended [Query DR] SELECT C_TAX_ID FROM C_TAX WHERE Line < 14400C_TAXCATEGORY_ID = 1000017ORDER BY LINE ASC
===========>     (SEVERE)   PO.calculateTax: SELECT C_TAX_ID FROM C_TAX WHERE Line < 14400C_TAXCATEGORY_ID = 1000017ORDER BY LINE ASC => ORA-00933: SQL command not properly ended
01:26:16.261    (INFO)     Trx.Start: **** ConnSH637566819766934874System.Random
01:26:16.261    (INFO)     Trx.Commit: **C** ConnSH637566819766934874System.Random
01:26:16.261    (INFO)     Trx.Start: **** ConnDDH637566819767074871System.Random
01:26:16.261    (INFO)     Trx.ExecuteDataSet: Trx Dataset ConnDDH637566819767074871System.Random 48
01:26:16.261    (INFO)     Trx.ExecuteQuery: Trx non-query ConnDDH637566819767074871System.Random 48
01:26:16.261    (INFO)     Trx.Commit: **C** ConnDDH637566819767074871System.Random
===========>     (SEVERE)   DB.ExecuteQuery:  => ORA-01400: cannot insert NULL into ("VIENNAADVANTAGE"."VAHRUAE_VSS_EMPMTHSALARY"."VAHRUAE_VSS_MONTHLYSALARY_ID")
----------->     (WARNING)  DB.ExecuteQuery: DBExecuteError - ORA-01400: cannot insert NULL into ("VIENNAADVANTAGE"."VAHRUAE_VSS_EMPMTHSALARY"."VAHRUAE_VSS_MONTHLYSALARY_ID")
----------->     (WARNING)  X_VAHRUAE_Vss_EmpMthSalary.DoIt: Not insertedVAHRUAE_Vss_EmpMthSalary
01:26:16.261    (INFO)     CacheMgt.Reset: AD_Process: #1 (1)
01:27:05.275    (INFO)     Trx.Start: **** ConnSH637566820252700564System.Random
01:27:05.275    (INFO)     Trx.Commit: **C** ConnSH637566820252700564System.Random
===========>     (SEVERE)   OracleHelper.ExecuteReader: ORA-01756: quoted string not properly terminated [Query DR] SELECT VAHRUAE_HR_LEAVEDETAIL_ID FROM VAHRUAE_HR_LEAVEDETAIL WHERE C_BPARTNER_ID = 1006731AND VAHRUAE_APPROVE = 'Y' AND VAHRUAE_DATE1= '20-DEC-20
===========>     (SEVERE)   OracleHelper.ExecuteReader: ORA-01756: quoted string not properly terminated [Query DR] SELECT VAHRUAE_HR_LEAVEDETAIL_ID FROM VAHRUAE_HR_LEAVEDETAIL WHERE C_BPARTNER_ID = 1006731AND VAHRUAE_APPROVE = 'Y' AND VAHRUAE_DATE1= '20-DEC-20
===========>     (SEVERE)   PO.DoIt: SELECT VAHRUAE_HR_LEAVEDETAIL_ID FROM VAHRUAE_HR_LEAVEDETAIL WHERE C_BPARTNER_ID = 1006731AND VAHRUAE_APPROVE = 'Y' AND VAHRUAE_DATE1= '20-DEC-20 => ORA-01756: quoted string not properly terminated
===========>     (SEVERE)   OracleHelper.ExecuteReader: ORA-00933: SQL command not properly ended [Query DR] SELECT VAHRUAE_HR_PenalityDetails_ID FROM VAHRUAE_HR_PenalityDetails WHERE VAHRUAE_HR_Penality_ID = 1000006VAHRUAE_Line >3ORDER BY VAHRUAE_Line ASC
===========>     (SEVERE)   OracleHelper.ExecuteReader: ORA-00933: SQL command not properly ended [Query DR] SELECT VAHRUAE_HR_PenalityDetails_ID FROM VAHRUAE_HR_PenalityDetails WHERE VAHRUAE_HR_Penality_ID = 1000006VAHRUAE_Line >3ORDER BY VAHRUAE_Line ASC
===========>     (SEVERE)   PO.DoIt: SELECT VAHRUAE_HR_PenalityDetails_ID FROM VAHRUAE_HR_PenalityDetails WHERE VAHRUAE_HR_Penality_ID = 1000006VAHRUAE_Line >3ORDER BY VAHRUAE_Line ASC => ORA-00933: SQL command not properly ended
===========>     (SEVERE)   OracleHelper.ExecuteReader: ORA-00933: SQL command not properly ended [Query DR] SELECT VAHRUAE_HR_PenalityDetails_ID FROM VAHRUAE_HR_PenalityDetails WHERE VAHRUAE_HR_Penality_ID = 1000006VAHRUAE_Line >3ORDER BY VAHRUAE_Line ASC
===========>     (SEVERE)   OracleHelper.ExecuteReader: ORA-00933: SQL command not properly ended [Query DR] SELECT VAHRUAE_HR_PenalityDetails_ID FROM VAHRUAE_HR_PenalityDetails WHERE VAHRUAE_HR_Penality_ID = 1000006VAHRUAE_Line >3ORDER BY VAHRUAE_Line ASC
===========>     (SEVERE)   PO.DoIt: SELECT VAHRUAE_HR_PenalityDetails_ID FROM VAHRUAE_HR_PenalityDetails WHERE VAHRUAE_HR_Penality_ID = 1000006VAHRUAE_Line >3ORDER BY VAHRUAE_Line ASC => ORA-00933: SQL command not properly ended
===========>     (SEVERE)   OracleHelper.ExecuteReader: ORA-00933: SQL command not properly ended [Query DR] SELECT VAHRUAE_HR_PenalityDetails_ID FROM VAHRUAE_HR_PenalityDetails WHERE VAHRUAE_HR_Penality_ID = 1000006VAHRUAE_Line >3ORDER BY VAHRUAE_Line ASC
===========>     (SEVERE)   OracleHelper.ExecuteReader: ORA-00933: SQL command not properly ended [Query DR] SELECT VAHRUAE_HR_PenalityDetails_ID FROM VAHRUAE_HR_PenalityDetails WHERE VAHRUAE_HR_Penality_ID = 1000006VAHRUAE_Line >3ORDER BY VAHRUAE_Line ASC
===========>     (SEVERE)   PO.DoIt: SELECT VAHRUAE_HR_PenalityDetails_ID FROM VAHRUAE_HR_PenalityDetails WHERE VAHRUAE_HR_Penality_ID = 1000006VAHRUAE_Line >3ORDER BY VAHRUAE_Line ASC => ORA-00933: SQL command not properly ended
===========>     (SEVERE)   OracleHelper.ExecuteReader: ORA-00933: SQL command not properly ended [Query DR] SELECT VAHRUAE_HR_PenalityDetails_ID FROM VAHRUAE_HR_PenalityDetails WHERE VAHRUAE_HR_Penality_ID = 1000006VAHRUAE_Line >3ORDER BY VAHRUAE_Line ASC
===========>     (SEVERE)   OracleHelper.ExecuteReader: ORA-00933: SQL command not properly ended [Query DR] SELECT VAHRUAE_HR_PenalityDetails_ID FROM VAHRUAE_HR_PenalityDetails WHERE VAHRUAE_HR_Penality_ID = 1000006VAHRUAE_Line >3ORDER BY VAHRUAE_Line ASC
===========>     (SEVERE)   PO.DoIt: SELECT VAHRUAE_HR_PenalityDetails_ID FROM VAHRUAE_HR_PenalityDetails WHERE VAHRUAE_HR_Penality_ID = 1000006VAHRUAE_Line >3ORDER BY VAHRUAE_Line ASC => ORA-00933: SQL command not properly ended
===========>     (SEVERE)   OracleHelper.ExecuteReader: ORA-00933: SQL command not properly ended [Query DR] SELECT VAHRUAE_HR_PenalityDetails_ID FROM VAHRUAE_HR_PenalityDetails WHERE VAHRUAE_HR_Penality_ID = 1000006VAHRUAE_Line >3ORDER BY VAHRUAE_Line ASC
===========>     (SEVERE)   OracleHelper.ExecuteReader: ORA-00933: SQL command not properly ended [Query DR] SELECT VAHRUAE_HR_PenalityDetails_ID FROM VAHRUAE_HR_PenalityDetails WHERE VAHRUAE_HR_Penality_ID = 1000006VAHRUAE_Line >3ORDER BY VAHRUAE_Line ASC
===========>     (SEVERE)   PO.DoIt: SELECT VAHRUAE_HR_PenalityDetails_ID FROM VAHRUAE_HR_PenalityDetails WHERE VAHRUAE_HR_Penality_ID = 1000006VAHRUAE_Line >3ORDER BY VAHRUAE_Line ASC => ORA-00933: SQL command not properly ended
===========>     (SEVERE)   OracleHelper.ExecuteReader: ORA-00933: SQL command not properly ended [Query DR] SELECT VAHRUAE_HR_PenalityDetails_ID FROM VAHRUAE_HR_PenalityDetails WHERE VAHRUAE_HR_Penality_ID = 1000006VAHRUAE_Line >3ORDER BY VAHRUAE_Line ASC
===========>     (SEVERE)   OracleHelper.ExecuteReader: ORA-00933: SQL command not properly ended [Query DR] SELECT VAHRUAE_HR_PenalityDetails_ID FROM VAHRUAE_HR_PenalityDetails WHERE VAHRUAE_HR_Penality_ID = 1000006VAHRUAE_Line >3ORDER BY VAHRUAE_Line ASC
===========>     (SEVERE)   PO.DoIt: SELECT VAHRUAE_HR_PenalityDetails_ID FROM VAHRUAE_HR_PenalityDetails WHERE VAHRUAE_HR_Penality_ID = 1000006VAHRUAE_Line >3ORDER BY VAHRUAE_Line ASC => ORA-00933: SQL command not properly ended
01:27:44.274    (INFO)     Trx.Start: **** ConnSH637566820643010063System.Random
01:27:44.274    (INFO)     Trx.Commit: **C** ConnSH637566820643010063System.Random
===========>     (SEVERE)   OracleHelper.ExecuteReader: ORA-00933: SQL command not properly ended [Query DR] SELECT VAHRUAE_HR_PenalityDetails_ID FROM VAHRUAE_HR_PenalityDetails WHERE VAHRUAE_HR_Penality_ID = 1000006VAHRUAE_Line >3ORDER BY VAHRUAE_Line ASC
===========>     (SEVERE)   OracleHelper.ExecuteReader: ORA-00933: SQL command not properly ended [Query DR] SELECT VAHRUAE_HR_PenalityDetails_ID FROM VAHRUAE_HR_PenalityDetails WHERE VAHRUAE_HR_Penality_ID = 1000006VAHRUAE_Line >3ORDER BY VAHRUAE_Line ASC
===========>     (SEVERE)   PO.DoIt: SELECT VAHRUAE_HR_PenalityDetails_ID FROM VAHRUAE_HR_PenalityDetails WHERE VAHRUAE_HR_Penality_ID = 1000006VAHRUAE_Line >3ORDER BY VAHRUAE_Line ASC => ORA-00933: SQL command not properly ended
===========>     (SEVERE)   OracleHelper.ExecuteReader: ORA-00933: SQL command not properly ended [Query DR] SELECT VAHRUAE_HR_PenalityDetails_ID FROM VAHRUAE_HR_PenalityDetails WHERE VAHRUAE_HR_Penality_ID = 1000006VAHRUAE_Line >3ORDER BY VAHRUAE_Line ASC
===========>     (SEVERE)   OracleHelper.ExecuteReader: ORA-00933: SQL command not properly ended [Query DR] SELECT VAHRUAE_HR_PenalityDetails_ID FROM VAHRUAE_HR_PenalityDetails WHERE VAHRUAE_HR_Penality_ID = 1000006VAHRUAE_Line >3ORDER BY VAHRUAE_Line ASC
===========>     (SEVERE)   PO.DoIt: SELECT VAHRUAE_HR_PenalityDetails_ID FROM VAHRUAE_HR_PenalityDetails WHERE VAHRUAE_HR_Penality_ID = 1000006VAHRUAE_Line >3ORDER BY VAHRUAE_Line ASC => ORA-00933: SQL command not properly ended
===========>     (SEVERE)   OracleHelper.ExecuteReader: ORA-00933: SQL command not properly ended [Query DR] SELECT VAHRUAE_HR_PenalityDetails_ID FROM VAHRUAE_HR_PenalityDetails WHERE VAHRUAE_HR_Penality_ID = 1000006VAHRUAE_Line >3ORDER BY VAHRUAE_Line ASC
===========>     (SEVERE)   OracleHelper.ExecuteReader: ORA-00933: SQL command not properly ended [Query DR] SELECT VAHRUAE_HR_PenalityDetails_ID FROM VAHRUAE_HR_PenalityDetails WHERE VAHRUAE_HR_Penality_ID = 1000006VAHRUAE_Line >3ORDER BY VAHRUAE_Line ASC
===========>     (SEVERE)   PO.DoIt: SELECT VAHRUAE_HR_PenalityDetails_ID FROM VAHRUAE_HR_PenalityDetails WHERE VAHRUAE_HR_Penality_ID = 1000006VAHRUAE_Line >3ORDER BY VAHRUAE_Line ASC => ORA-00933: SQL command not properly ended
===========>     (SEVERE)   OracleHelper.ExecuteReader: ORA-00933: SQL command not properly ended [Query DR] SELECT VAHRUAE_HR_PenalityDetails_ID FROM VAHRUAE_HR_PenalityDetails WHERE VAHRUAE_HR_Penality_ID = 1000006VAHRUAE_Line >3ORDER BY VAHRUAE_Line ASC
===========>     (SEVERE)   OracleHelper.ExecuteReader: ORA-00933: SQL command not properly ended [Query DR] SELECT VAHRUAE_HR_PenalityDetails_ID FROM VAHRUAE_HR_PenalityDetails WHERE VAHRUAE_HR_Penality_ID = 1000006VAHRUAE_Line >3ORDER BY VAHRUAE_Line ASC
===========>     (SEVERE)   PO.DoIt: SELECT VAHRUAE_HR_PenalityDetails_ID FROM VAHRUAE_HR_PenalityDetails WHERE VAHRUAE_HR_Penality_ID = 1000006VAHRUAE_Line >3ORDER BY VAHRUAE_Line ASC => ORA-00933: SQL command not properly ended
===========>     (SEVERE)   OracleHelper.ExecuteReader: ORA-00933: SQL command not properly ended [Query DR] SELECT VAHRUAE_HR_PenalityDetails_ID FROM VAHRUAE_HR_PenalityDetails WHERE VAHRUAE_HR_Penality_ID = 1000006VAHRUAE_Line >3ORDER BY VAHRUAE_Line ASC
===========>     (SEVERE)   OracleHelper.ExecuteReader: ORA-00933: SQL command not properly ended [Query DR] SELECT VAHRUAE_HR_PenalityDetails_ID FROM VAHRUAE_HR_PenalityDetails WHERE VAHRUAE_HR_Penality_ID = 1000006VAHRUAE_Line >3ORDER BY VAHRUAE_Line ASC
===========>     (SEVERE)   PO.DoIt: SELECT VAHRUAE_HR_PenalityDetails_ID FROM VAHRUAE_HR_PenalityDetails WHERE VAHRUAE_HR_Penality_ID = 1000006VAHRUAE_Line >3ORDER BY VAHRUAE_Line ASC => ORA-00933: SQL command not properly ended
01:27:44.274    (INFO)     Trx.Start: **** ConnSH637566820643600036System.Random
01:27:44.274    (INFO)     Trx.Commit: **C** ConnSH637566820643600036System.Random
===========>     (SEVERE)   OracleHelper.ExecuteReader: ORA-00933: SQL command not properly ended [Query DR] SELECT VAHRUAE_HR_PenalityDetails_ID FROM VAHRUAE_HR_PenalityDetails WHERE VAHRUAE_HR_Penality_ID = 1000006VAHRUAE_Line >3ORDER BY VAHRUAE_Line ASC
===========>     (SEVERE)   OracleHelper.ExecuteReader: ORA-00933: SQL command not properly ended [Query DR] SELECT VAHRUAE_HR_PenalityDetails_ID FROM VAHRUAE_HR_PenalityDetails WHERE VAHRUAE_HR_Penality_ID = 1000006VAHRUAE_Line >3ORDER BY VAHRUAE_Line ASC
===========>     (SEVERE)   PO.DoIt: SELECT VAHRUAE_HR_PenalityDetails_ID FROM VAHRUAE_HR_PenalityDetails WHERE VAHRUAE_HR_Penality_ID = 1000006VAHRUAE_Line >3ORDER BY VAHRUAE_Line ASC => ORA-00933: SQL command not properly ended
===========>     (SEVERE)   OracleHelper.ExecuteReader: ORA-00933: SQL command not properly ended [Query DR] SELECT VAHRUAE_HR_PenalityDetails_ID FROM VAHRUAE_HR_PenalityDetails WHERE VAHRUAE_HR_Penality_ID = 1000006VAHRUAE_Line >3ORDER BY VAHRUAE_Line ASC
===========>     (SEVERE)   OracleHelper.ExecuteReader: ORA-00933: SQL command not properly ended [Query DR] SELECT VAHRUAE_HR_PenalityDetails_ID FROM VAHRUAE_HR_PenalityDetails WHERE VAHRUAE_HR_Penality_ID = 1000006VAHRUAE_Line >3ORDER BY VAHRUAE_Line ASC
===========>     (SEVERE)   PO.DoIt: SELECT VAHRUAE_HR_PenalityDetails_ID FROM VAHRUAE_HR_PenalityDetails WHERE VAHRUAE_HR_Penality_ID = 1000006VAHRUAE_Line >3ORDER BY VAHRUAE_Line ASC => ORA-00933: SQL command not properly ended
===========>     (SEVERE)   OracleHelper.ExecuteReader: ORA-00933: SQL command not properly ended [Query DR] SELECT VAHRUAE_HR_PenalityDetails_ID FROM VAHRUAE_HR_PenalityDetails WHERE VAHRUAE_HR_Penality_ID = 1000006VAHRUAE_Line >3ORDER BY VAHRUAE_Line ASC
===========>     (SEVERE)   OracleHelper.ExecuteReader: ORA-00933: SQL command not properly ended [Query DR] SELECT VAHRUAE_HR_PenalityDetails_ID FROM VAHRUAE_HR_PenalityDetails WHERE VAHRUAE_HR_Penality_ID = 1000006VAHRUAE_Line >3ORDER BY VAHRUAE_Line ASC
===========>     (SEVERE)   PO.DoIt: SELECT VAHRUAE_HR_PenalityDetails_ID FROM VAHRUAE_HR_PenalityDetails WHERE VAHRUAE_HR_Penality_ID = 1000006VAHRUAE_Line >3ORDER BY VAHRUAE_Line ASC => ORA-00933: SQL command not properly ended
01:27:44.274    (INFO)     Trx.Start: **** ConnSH637566820644090023System.Random
01:27:44.274    (INFO)     Trx.Commit: **C** ConnSH637566820644090023System.Random
01:27:44.274    (INFO)     Trx.Start: **** ConnSH637566820644210025System.Random
01:27:44.274    (INFO)     Trx.Commit: **C** ConnSH637566820644210025System.Random
===========>     (SEVERE)   OracleHelper.ExecuteReader: ORA-00933: SQL command not properly ended [Query DR] SELECT VAHRUAE_HR_PenalityDetails_ID FROM VAHRUAE_HR_PenalityDetails WHERE VAHRUAE_HR_Penality_ID = 1000006VAHRUAE_Line >3ORDER BY VAHRUAE_Line ASC
===========>     (SEVERE)   OracleHelper.ExecuteReader: ORA-00933: SQL command not properly ended [Query DR] SELECT VAHRUAE_HR_PenalityDetails_ID FROM VAHRUAE_HR_PenalityDetails WHERE VAHRUAE_HR_Penality_ID = 1000006VAHRUAE_Line >3ORDER BY VAHRUAE_Line ASC
===========>     (SEVERE)   PO.DoIt: SELECT VAHRUAE_HR_PenalityDetails_ID FROM VAHRUAE_HR_PenalityDetails WHERE VAHRUAE_HR_Penality_ID = 1000006VAHRUAE_Line >3ORDER BY VAHRUAE_Line ASC => ORA-00933: SQL command not properly ended
===========>     (SEVERE)   OracleHelper.ExecuteReader: ORA-00933: SQL command not properly ended [Query DR] SELECT VAHRUAE_HR_PenalityDetails_ID FROM VAHRUAE_HR_PenalityDetails WHERE VAHRUAE_HR_Penality_ID = 1000006VAHRUAE_Line >3ORDER BY VAHRUAE_Line ASC
===========>     (SEVERE)   OracleHelper.ExecuteReader: ORA-00933: SQL command not properly ended [Query DR] SELECT VAHRUAE_HR_PenalityDetails_ID FROM VAHRUAE_HR_PenalityDetails WHERE VAHRUAE_HR_Penality_ID = 1000006VAHRUAE_Line >3ORDER BY VAHRUAE_Line ASC
===========>     (SEVERE)   PO.DoIt: SELECT VAHRUAE_HR_PenalityDetails_ID FROM VAHRUAE_HR_PenalityDetails WHERE VAHRUAE_HR_Penality_ID = 1000006VAHRUAE_Line >3ORDER BY VAHRUAE_Line ASC => ORA-00933: SQL command not properly ended
===========>     (SEVERE)   OracleHelper.ExecuteReader: ORA-00933: SQL command not properly ended [Query DR] SELECT VAHRUAE_HR_PenalityDetails_ID FROM VAHRUAE_HR_PenalityDetails WHERE VAHRUAE_HR_Penality_ID = 1000006VAHRUAE_Line >3ORDER BY VAHRUAE_Line ASC
===========>     (SEVERE)   OracleHelper.ExecuteReader: ORA-00933: SQL command not properly ended [Query DR] SELECT VAHRUAE_HR_PenalityDetails_ID FROM VAHRUAE_HR_PenalityDetails WHERE VAHRUAE_HR_Penality_ID = 1000006VAHRUAE_Line >3ORDER BY VAHRUAE_Line ASC
===========>     (SEVERE)   PO.DoIt: SELECT VAHRUAE_HR_PenalityDetails_ID FROM VAHRUAE_HR_PenalityDetails WHERE VAHRUAE_HR_Penality_ID = 1000006VAHRUAE_Line >3ORDER BY VAHRUAE_Line ASC => ORA-00933: SQL command not properly ended
===========>     (SEVERE)   OracleHelper.ExecuteReader: ORA-00933: SQL command not properly ended [Query DR] SELECT VAHRUAE_HR_PenalityDetails_ID FROM VAHRUAE_HR_PenalityDetails WHERE VAHRUAE_HR_Penality_ID = 1000006VAHRUAE_Line >3ORDER BY VAHRUAE_Line ASC
===========>     (SEVERE)   OracleHelper.ExecuteReader: ORA-00933: SQL command not properly ended [Query DR] SELECT VAHRUAE_HR_PenalityDetails_ID FROM VAHRUAE_HR_PenalityDetails WHERE VAHRUAE_HR_Penality_ID = 1000006VAHRUAE_Line >3ORDER BY VAHRUAE_Line ASC
===========>     (SEVERE)   PO.DoIt: SELECT VAHRUAE_HR_PenalityDetails_ID FROM VAHRUAE_HR_PenalityDetails WHERE VAHRUAE_HR_Penality_ID = 1000006VAHRUAE_Line >3ORDER BY VAHRUAE_Line ASC => ORA-00933: SQL command not properly ended
01:27:44.274    (INFO)     Trx.Start: **** ConnSH637566820644760032System.Random
01:27:44.274    (INFO)     Trx.Commit: **C** ConnSH637566820644760032System.Random
01:27:44.274    (INFO)     Trx.Start: **** ConnSH637566820644880059System.Random
01:27:44.274    (INFO)     Trx.Commit: **C** ConnSH637566820644880059System.Random
===========>     (SEVERE)   OracleHelper.ExecuteReader: ORA-00933: SQL command not properly ended [Query DR] SELECT VAHRUAE_HR_PenalityDetails_ID FROM VAHRUAE_HR_PenalityDetails WHERE VAHRUAE_HR_Penality_ID = 1000006VAHRUAE_Line >3ORDER BY VAHRUAE_Line ASC
===========>     (SEVERE)   OracleHelper.ExecuteReader: ORA-00933: SQL command not properly ended [Query DR] SELECT VAHRUAE_HR_PenalityDetails_ID FROM VAHRUAE_HR_PenalityDetails WHERE VAHRUAE_HR_Penality_ID = 1000006VAHRUAE_Line >3ORDER BY VAHRUAE_Line ASC
===========>     (SEVERE)   PO.DoIt: SELECT VAHRUAE_HR_PenalityDetails_ID FROM VAHRUAE_HR_PenalityDetails WHERE VAHRUAE_HR_Penality_ID = 1000006VAHRUAE_Line >3ORDER BY VAHRUAE_Line ASC => ORA-00933: SQL command not properly ended
01:27:44.274    (INFO)     Trx.Start: **** ConnSH637566820645100047System.Random
01:27:44.274    (INFO)     Trx.Commit: **C** ConnSH637566820645100047System.Random
===========>     (SEVERE)   OracleHelper.ExecuteReader: ORA-00933: SQL command not properly ended [Query DR] SELECT VAHRUAE_HR_PenalityDetails_ID FROM VAHRUAE_HR_PenalityDetails WHERE VAHRUAE_HR_Penality_ID = 1000006VAHRUAE_Line >3ORDER BY VAHRUAE_Line ASC
===========>     (SEVERE)   OracleHelper.ExecuteReader: ORA-00933: SQL command not properly ended [Query DR] SELECT VAHRUAE_HR_PenalityDetails_ID FROM VAHRUAE_HR_PenalityDetails WHERE VAHRUAE_HR_Penality_ID = 1000006VAHRUAE_Line >3ORDER BY VAHRUAE_Line ASC
===========>     (SEVERE)   PO.DoIt: SELECT VAHRUAE_HR_PenalityDetails_ID FROM VAHRUAE_HR_PenalityDetails WHERE VAHRUAE_HR_Penality_ID = 1000006VAHRUAE_Line >3ORDER BY VAHRUAE_Line ASC => ORA-00933: SQL command not properly ended
01:27:44.274    (INFO)     Trx.Start: **** ConnSH637566820645300440System.Random
01:27:44.274    (INFO)     Trx.Commit: **C** ConnSH637566820645300440System.Random
===========>     (SEVERE)   OracleHelper.ExecuteReader: ORA-00933: SQL command not properly ended [Query DR] SELECT C_TAX_ID FROM C_TAX WHERE Line < 19200C_TAXCATEGORY_ID = 1000017ORDER BY LINE ASC
===========>     (SEVERE)   OracleHelper.ExecuteReader: ORA-00933: SQL command not properly ended [Query DR] SELECT C_TAX_ID FROM C_TAX WHERE Line < 19200C_TAXCATEGORY_ID = 1000017ORDER BY LINE ASC
===========>     (SEVERE)   PO.calculateTax: SELECT C_TAX_ID FROM C_TAX WHERE Line < 19200C_TAXCATEGORY_ID = 1000017ORDER BY LINE ASC => ORA-00933: SQL command not properly ended
01:27:44.274    (INFO)     Trx.Start: **** ConnSH637566820645440034System.Random
01:27:44.274    (INFO)     Trx.Commit: **C** ConnSH637566820645440034System.Random
01:27:44.274    (INFO)     Trx.Start: **** ConnDDH637566820645510051System.Random
01:27:44.274    (INFO)     Trx.ExecuteDataSet: Trx Dataset ConnDDH637566820645510051System.Random 14
01:27:44.274    (INFO)     Trx.ExecuteQuery: Trx non-query ConnDDH637566820645510051System.Random 14
01:27:44.274    (INFO)     Trx.Commit: **C** ConnDDH637566820645510051System.Random
===========>     (SEVERE)   DB.ExecuteQuery:  => ORA-01400: cannot insert NULL into ("VIENNAADVANTAGE"."VAHRUAE_VSS_EMPMTHSALARY"."VAHRUAE_VSS_MONTHLYSALARY_ID")
----------->     (WARNING)  DB.ExecuteQuery: DBExecuteError - ORA-01400: cannot insert NULL into ("VIENNAADVANTAGE"."VAHRUAE_VSS_EMPMTHSALARY"."VAHRUAE_VSS_MONTHLYSALARY_ID")
----------->     (WARNING)  X_VAHRUAE_Vss_EmpMthSalary.DoIt: Not insertedVAHRUAE_Vss_EmpMthSalary
