*** 4/15/2021 1:13:26 PM VAdvantage Log  ***
01:13:26.132    (INFO)     Trx.Start: **** ConnSH637540892069885277System.Random
01:13:26.132    (INFO)     Trx.Commit: **C** ConnSH637540892069885277System.Random
01:13:27.132    (INFO)     MChangeLog.FillChangeLog: #9
01:13:27.132    (INFO)     Trx.Start: **** ConnSH637540892070489587System.Random
01:13:27.132    (INFO)     Trx.Commit: **C** ConnSH637540892070489587System.Random
01:13:27.132    (INFO)     Trx.Start: **** ConnSH637540892070619590System.Random
01:13:27.132    (INFO)     Trx.Commit: **C** ConnSH637540892070619590System.Random
01:13:27.132    (INFO)     Trx.Start: **** ConnSH637540892070739260System.Random
01:13:27.132    (INFO)     Trx.Commit: **C** ConnSH637540892070739260System.Random
01:13:27.132    (INFO)     Trx.Start: **** ConnSH637540892070839619System.Random
01:13:27.132    (INFO)     Trx.Commit: **C** ConnSH637540892070839619System.Random
01:13:31.133    (INFO)     Trx.Start: **** ConnSH637540892113728465System.Random
01:13:31.133    (INFO)     Trx.Commit: **C** ConnSH637540892113728465System.Random
01:13:31.133    (INFO)     Trx.Start: **** ConnSH637540892114576427System.Random
01:13:31.133    (INFO)     Trx.Commit: **C** ConnSH637540892114576427System.Random
01:13:31.133    (INFO)     Trx.Start: **** ConnSH637540892115529946System.Random
01:13:31.133    (INFO)     Trx.Commit: **C** ConnSH637540892115529946System.Random
01:13:31.133    (INFO)     Trx.Start: **** ConnSH637540892116333429System.Random
01:13:31.133    (INFO)     Trx.Commit: **C** ConnSH637540892116333429System.Random
01:13:31.133    (INFO)     CacheMgt.Reset: AD_Process: #1 (1)
01:14:06.146    (INFO)     Trx.Start: **** ConnSH637540892462594170System.Random
01:14:06.146    (INFO)     Trx.Commit: **C** ConnSH637540892462594170System.Random
01:14:06.146    (INFO)     Trx.Start: **** ConnSH637540892462789300System.Random
01:14:06.146    (INFO)     Trx.Commit: **C** ConnSH637540892462789300System.Random
01:14:06.146    (INFO)     Trx.Start: **** ConnSH637540892462898714System.Random
01:14:06.146    (INFO)     Trx.Commit: **C** ConnSH637540892462898714System.Random
01:14:06.146    (INFO)     Trx.Start: **** ConnSH637540892463007936System.Random
01:14:06.146    (INFO)     Trx.Commit: **C** ConnSH637540892463007936System.Random
01:14:06.146    (INFO)     Trx.Start: **** ConnSH637540892463107503System.Random
01:14:06.146    (INFO)     Trx.Commit: **C** ConnSH637540892463107503System.Random
01:14:06.146    (INFO)     Trx.Start: **** ConnSH637540892463212926System.Random
01:14:06.146    (INFO)     Trx.Commit: **C** ConnSH637540892463212926System.Random
01:14:06.146    (INFO)     Trx.Start: **** ConnSH637540892463947894System.Random
01:14:06.146    (INFO)     Trx.Commit: **C** ConnSH637540892463947894System.Random
01:14:06.146    (INFO)     Trx.Start: **** ConnSH637540892464748760System.Random
01:14:06.146    (INFO)     Trx.Commit: **C** ConnSH637540892464748760System.Random
01:14:06.146    (INFO)     Trx.Start: **** ConnSH637540892465612063System.Random
01:14:06.146    (INFO)     Trx.Commit: **C** ConnSH637540892465612063System.Random
01:14:06.146    (INFO)     Trx.Start: **** ConnSH637540892466427202System.Random
01:14:06.146    (INFO)     Trx.Commit: **C** ConnSH637540892466427202System.Random
01:14:06.146    (INFO)     CacheMgt.Reset: AD_Process: #1 (1)
01:15:56.155    (INFO)     Trx.Start: **** ConnSH637540893564581910System.Random
01:15:56.155    (INFO)     Trx.Commit: **C** ConnSH637540893564581910System.Random
01:15:56.155    (INFO)     Trx.Start: **** ConnSH637540893564753199System.Random
01:15:56.155    (INFO)     Trx.Commit: **C** ConnSH637540893564753199System.Random
01:15:56.155    (INFO)     Trx.Start: **** ConnSH637540893564853194System.Random
01:15:56.155    (INFO)     Trx.Commit: **C** ConnSH637540893564853194System.Random
01:15:56.155    (INFO)     Trx.Start: **** ConnSH637540893564943222System.Random
01:15:56.155    (INFO)     Trx.Commit: **C** ConnSH637540893564943222System.Random
01:15:56.155    (INFO)     Trx.Start: **** ConnSH637540893565043201System.Random
01:15:56.155    (INFO)     Trx.Commit: **C** ConnSH637540893565043201System.Random
01:15:56.155    (INFO)     Trx.Start: **** ConnSH637540893565140491System.Random
01:15:56.155    (INFO)     Trx.Commit: **C** ConnSH637540893565140491System.Random
01:15:56.155    (INFO)     Trx.Start: **** ConnSH637540893565240486System.Random
01:15:56.155    (INFO)     Trx.Commit: **C** ConnSH637540893565240486System.Random
01:16:07.167    (INFO)     Trx.Start: **** ConnSH637540893677015094System.Random
01:16:07.167    (INFO)     Trx.Commit: **C** ConnSH637540893677015094System.Random
01:17:56.175    (INFO)     Trx.Start: **** ConnSH637540894764965569System.Random
01:17:56.175    (INFO)     Trx.Commit: **C** ConnSH637540894764965569System.Random
01:17:56.175    (INFO)     Trx.Start: **** ConnSH637540894765795542System.Random
