*** 4/15/2021 11:19:14 AM VAdvantage Log  ***
11:19:14.191    (INFO)     Trx.Start: **** ConnSH637540823542081157System.Random
11:19:14.191    (INFO)     Trx.Commit: **C** ConnSH637540823542081157System.Random
11:19:14.191    (INFO)     MChangeLog.FillChangeLog: #9
11:19:14.191    (INFO)     Trx.Start: **** ConnSH637540823542904761System.Random
11:19:14.191    (INFO)     Trx.Commit: **C** ConnSH637540823542904761System.Random
11:19:14.191    (INFO)     Trx.Start: **** ConnSH637540823543024769System.Random
11:19:14.191    (INFO)     Trx.Commit: **C** ConnSH637540823543024769System.Random
11:19:14.191    (INFO)     Trx.Start: **** ConnSH637540823543134210System.Random
11:19:14.191    (INFO)     Trx.Commit: **C** ConnSH637540823543134210System.Random
11:19:14.191    (INFO)     Trx.Start: **** ConnSH637540823543278023System.Random
11:19:14.191    (INFO)     Trx.Commit: **C** ConnSH637540823543278023System.Random
11:19:14.191    (INFO)     Trx.Start: **** ConnSH637540823543395013System.Random
11:19:14.191    (INFO)     Trx.Commit: **C** ConnSH637540823543395013System.Random
11:19:14.191    (INFO)     Trx.Start: **** ConnSH637540823543510818System.Random
11:19:14.191    (INFO)     Trx.Commit: **C** ConnSH637540823543510818System.Random
11:19:14.191    (INFO)     Trx.Start: **** ConnSH637540823543754983System.Random
11:19:14.191    (INFO)     Trx.Commit: **C** ConnSH637540823543754983System.Random
11:19:14.191    (INFO)     Trx.Start: **** ConnSH637540823543945799System.Random
11:19:14.191    (INFO)     Trx.Commit: **C** ConnSH637540823543945799System.Random
===========>     (SEVERE)   CalculatePenalties.StartProcess: Index was out of range. Must be non-negative and less than the size of the collection.
Parameter name: index
