*** 5/26/2021 1:49:33 PM VAdvantage Log  ***
01:49:33.493    (INFO)     Trx.Start: **** ConnSH637576337734044188System.Random
01:49:33.493    (INFO)     Trx.Commit: **C** ConnSH637576337734044188System.Random
01:49:33.493    (INFO)     MChangeLog.FillChangeLog: #9
===========>     (SEVERE)   OracleHelper.ExecuteReader: ORA-01756: quoted string not properly terminated [Query DR] SELECT VAHRUAE_HR_LEAVEDETAIL_ID FROM VAHRUAE_HR_LEAVEDETAIL WHERE C_BPARTNER_ID = 1006736AND VAHRUAE_APPROVE = 'Y' AND VAHRUAE_DATE1= '20-JUN-21
===========>     (SEVERE)   OracleHelper.ExecuteReader: ORA-01756: quoted string not properly terminated [Query DR] SELECT VAHRUAE_HR_LEAVEDETAIL_ID FROM VAHRUAE_HR_LEAVEDETAIL WHERE C_BPARTNER_ID = 1006736AND VAHRUAE_APPROVE = 'Y' AND VAHRUAE_DATE1= '20-JUN-21
===========>     (SEVERE)   PO.DoIt: SELECT VAHRUAE_HR_LEAVEDETAIL_ID FROM VAHRUAE_HR_LEAVEDETAIL WHERE C_BPARTNER_ID = 1006736AND VAHRUAE_APPROVE = 'Y' AND VAHRUAE_DATE1= '20-JUN-21 => ORA-01756: quoted string not properly terminated
01:49:33.493    (INFO)     Trx.Start: **** ConnSH637576337736133869System.Random
01:49:33.493    (INFO)     Trx.Commit: **C** ConnSH637576337736133869System.Random
01:49:33.493    (INFO)     Trx.Start: **** ConnSH637576337736233857System.Random
01:49:33.493    (INFO)     Trx.Commit: **C** ConnSH637576337736233857System.Random
01:49:33.493    (INFO)     Trx.Start: **** ConnDDH637576337736383862System.Random
01:49:33.493    (INFO)     Trx.ExecuteDataSet: Trx Dataset ConnDDH637576337736383862System.Random 10
01:49:33.493    (INFO)     Trx.ExecuteQuery: Trx non-query ConnDDH637576337736383862System.Random 10
01:49:33.493    (INFO)     Trx.Commit: **C** ConnDDH637576337736383862System.Random
01:49:33.493    (INFO)     Trx.Start: **** ConnSH637576337737863853System.Random
01:49:33.493    (INFO)     Trx.Commit: **C** ConnSH637576337737863853System.Random
01:49:33.493    (INFO)     Trx.Start: **** ConnSH637576337739893901System.Random
01:49:33.493    (INFO)     Trx.Commit: **C** ConnSH637576337739893901System.Random
01:50:10.501    (INFO)     Trx.Start: **** ConnSH637576338101680794System.Random
01:50:10.501    (INFO)     Trx.Commit: **C** ConnSH637576338101680794System.Random
01:50:10.501    (INFO)     CacheMgt.Reset: AD_Process: #1 (1)
01:50:27.502    (INFO)     MRole.Get: AD_Role_ID=0, AD_User_ID=100, reload=True
01:50:27.502    (INFO)     MRole.Get: MRole[0,System Administrator,UserLevel=S  ,AD_Client_ID=0,AD_Org_ID=0]
01:50:27.502    (INFO)     MTree.Load: AD_Tree_ID=121, AD_User_ID=100, Editable=False, OnClient=True
01:50:27.502    (INFO)     Trx.Start: **** ConnSH637576338275410888System.Random
01:50:27.502    (INFO)     Trx.Commit: **C** ConnSH637576338275410888System.Random
----------->     (WARNING)  AccessSqlParser.GetTableInfo: More than one FROM clause - SELECT AppointmentsInfo.Appointmentsinfo_id AS ID,AppointmentsInfo.AD_Client_ID,AppointmentsInfo.AD_Org_ID  FROM AppointmentsInfo JOIN AD_User ON AD_User.AD_User_ID =AppointmentsInfo.CreatedBy WHERE AppointmentsInfo.IsRead='N' AND AppointmentsInfo.istask ='N'  AND AppointmentsInfo.AD_User_ID  = 100  UNION SELECT AppointmentsInfo.Appointmentsinfo_id AS ID, AppointmentsInfo.AD_Client_ID,AppointmentsInfo.AD_Org_ID FROM AppointmentsInfo  JOIN AD_User ON AD_User.AD_User_ID = AppointmentsInfo.CreatedBy  WHERE (AppointmentsInfo.IsRead ='Y'   AND AppointmentsInfo.AD_User_ID = 100 )  AND AppointmentsInfo.istask ='N'  AND AppointmentsInfo.startDate BETWEEN to_date('5/25/21','mm/dd/yy') and to_date('6/02/21 23.59','mm/dd/yy HH24:MI')   OR  to_date('5/26/21','mm/dd/yy')  BETWEEN  AppointmentsInfo.startDate  AND AppointmentsInfo.endDate  AND  AppointmentsInfo.CreatedBy  !=100 AND AppointmentsInfo.AD_User_ID  = 100)
----------->     (WARNING)  AccessSqlParser.GetTableInfo: Could not remove ON AppointmentsInfo JOIN AD_User ON AD_User.AD_User_ID =AppointmentsInfo.CreatedBy
01:50:35.503    (INFO)     Trx.Start: **** ConnSH637576338359022981System.Random
01:50:35.503    (INFO)     Trx.Commit: **C** ConnSH637576338359022981System.Random
===========>     (SEVERE)   OracleHelper.ExecuteReader: ORA-01756: quoted string not properly terminated [Query DR] SELECT VAHRUAE_HR_LEAVEDETAIL_ID FROM VAHRUAE_HR_LEAVEDETAIL WHERE C_BPARTNER_ID = 1006736AND VAHRUAE_APPROVE = 'Y' AND VAHRUAE_DATE1= '20-JUN-21
===========>     (SEVERE)   OracleHelper.ExecuteReader: ORA-01756: quoted string not properly terminated [Query DR] SELECT VAHRUAE_HR_LEAVEDETAIL_ID FROM VAHRUAE_HR_LEAVEDETAIL WHERE C_BPARTNER_ID = 1006736AND VAHRUAE_APPROVE = 'Y' AND VAHRUAE_DATE1= '20-JUN-21
===========>     (SEVERE)   PO.DoIt: SELECT VAHRUAE_HR_LEAVEDETAIL_ID FROM VAHRUAE_HR_LEAVEDETAIL WHERE C_BPARTNER_ID = 1006736AND VAHRUAE_APPROVE = 'Y' AND VAHRUAE_DATE1= '20-JUN-21 => ORA-01756: quoted string not properly terminated
01:50:36.503    (INFO)     Trx.Start: **** ConnSH637576338360813310System.Random
01:50:36.503    (INFO)     Trx.Commit: **C** ConnSH637576338360813310System.Random
01:50:36.503    (INFO)     Trx.Start: **** ConnSH637576338360882982System.Random
01:50:36.503    (INFO)     Trx.Commit: **C** ConnSH637576338360882982System.Random
01:50:36.503    (INFO)     Trx.Start: **** ConnDDH637576338360962970System.Random
01:50:36.503    (INFO)     Trx.ExecuteDataSet: Trx Dataset ConnDDH637576338360962970System.Random 6
01:50:36.503    (INFO)     Trx.ExecuteQuery: Trx non-query ConnDDH637576338360962970System.Random 6
