*** 4/18/2021 10:33:46 AM VAdvantage Log  ***
10:33:46.334    (INFO)     Trx.Start: **** ConnSH637543388264406787System.Random
10:33:46.334    (INFO)     Trx.Commit: **C** ConnSH637543388264406787System.Random
10:33:46.334    (INFO)     MChangeLog.FillChangeLog: #9
10:33:46.334    (INFO)     Trx.Start: **** ConnSH637543388265006752System.Random
10:33:46.334    (INFO)     Trx.Commit: **C** ConnSH637543388265006752System.Random
10:33:46.334    (INFO)     Trx.Start: **** ConnSH637543388265136758System.Random
10:33:46.334    (INFO)     Trx.Commit: **C** ConnSH637543388265136758System.Random
10:33:46.334    (INFO)     Trx.Start: **** ConnSH637543388265486792System.Random
10:33:46.334    (INFO)     Trx.Commit: **C** ConnSH637543388265486792System.Random
10:33:46.334    (INFO)     Trx.Start: **** ConnSH637543388265576787System.Random
10:33:46.334    (INFO)     Trx.Commit: **C** ConnSH637543388265576787System.Random
10:33:46.334    (INFO)     Trx.Start: **** ConnSH637543388265776800System.Random
10:33:46.334    (INFO)     Trx.Commit: **C** ConnSH637543388265776800System.Random
10:33:46.334    (INFO)     Trx.Start: **** ConnSH637543388266036789System.Random
10:33:46.334    (INFO)     Trx.Commit: **C** ConnSH637543388266036789System.Random
10:33:46.334    (INFO)     Trx.Start: **** ConnSH637543388266147122System.Random
10:33:46.334    (INFO)     Trx.Commit: **C** ConnSH637543388266147122System.Random
10:33:46.334    (INFO)     Trx.Start: **** ConnSH637543388266546795System.Random
10:33:46.334    (INFO)     Trx.Commit: **C** ConnSH637543388266546795System.Random
10:33:46.334    (INFO)     Trx.Start: **** ConnSH637543388266706787System.Random
10:33:46.334    (INFO)     Trx.Commit: **C** ConnSH637543388266706787System.Random
10:33:46.334    (INFO)     Trx.Start: **** ConnSH637543388266796769System.Random
10:33:46.334    (INFO)     Trx.Commit: **C** ConnSH637543388266796769System.Random
10:33:46.334    (INFO)     Trx.Start: **** ConnSH637543388267006788System.Random
10:33:46.334    (INFO)     Trx.Commit: **C** ConnSH637543388267006788System.Random
10:33:46.334    (INFO)     Trx.Start: **** ConnSH637543388267156757System.Random
10:33:46.334    (INFO)     Trx.Commit: **C** ConnSH637543388267156757System.Random
10:33:46.334    (INFO)     Trx.Start: **** ConnSH637543388267246756System.Random
10:33:46.334    (INFO)     Trx.Commit: **C** ConnSH637543388267246756System.Random
10:33:46.334    (INFO)     Trx.Start: **** ConnSH637543388268256753System.Random
10:33:46.334    (INFO)     Trx.Commit: **C** ConnSH637543388268256753System.Random
10:33:46.334    (INFO)     Trx.Start: **** ConnSH637543388268476775System.Random
10:33:46.334    (INFO)     Trx.Commit: **C** ConnSH637543388268476775System.Random
10:33:46.334    (INFO)     Trx.Start: **** ConnSH637543388268687027System.Random
10:33:46.334    (INFO)     Trx.Commit: **C** ConnSH637543388268687027System.Random
10:33:46.334    (INFO)     Trx.Start: **** ConnSH637543388268966765System.Random
10:33:46.334    (INFO)     Trx.Commit: **C** ConnSH637543388268966765System.Random
10:33:46.334    (INFO)     Trx.Start: **** ConnSH637543388269066789System.Random
10:33:46.334    (INFO)     Trx.Commit: **C** ConnSH637543388269066789System.Random
10:33:46.334    (INFO)     Trx.Start: **** ConnSH637543388269276770System.Random
10:33:46.334    (INFO)     Trx.Commit: **C** ConnSH637543388269276770System.Random
10:33:46.334    (INFO)     Trx.Start: **** ConnSH637543388269376788System.Random
10:33:46.334    (INFO)     Trx.Commit: **C** ConnSH637543388269376788System.Random
10:33:46.334    (INFO)     Trx.Start: **** ConnSH637543388269596769System.Random
10:33:46.334    (INFO)     Trx.Commit: **C** ConnSH637543388269596769System.Random
10:33:46.334    (INFO)     Trx.Start: **** ConnSH637543388269716775System.Random
10:33:46.334    (INFO)     Trx.Commit: **C** ConnSH637543388269716775System.Random
10:33:46.334    (INFO)     Trx.Start: **** ConnSH637543388269806761System.Random
10:33:46.334    (INFO)     Trx.Commit: **C** ConnSH637543388269806761System.Random
10:33:46.334    (INFO)     Trx.Start: **** ConnSH637543388269896787System.Random
10:33:46.334    (INFO)     Trx.Commit: **C** ConnSH637543388269896787System.Random
10:33:46.334    (INFO)     Trx.Start: **** ConnSH637543388269987135System.Random
10:33:47.334    (INFO)     Trx.Commit: **C** ConnSH637543388269987135System.Random
10:33:47.334    (INFO)     Trx.Start: **** ConnSH637543388270076789System.Random
10:33:47.334    (INFO)     Trx.Commit: **C** ConnSH637543388270076789System.Random
10:33:47.334    (INFO)     Trx.Start: **** ConnSH637543388270166781System.Random
10:33:47.334    (INFO)     Trx.Commit: **C** ConnSH637543388270166781System.Random
10:33:47.334    (INFO)     Trx.Start: **** ConnSH637543388270246790System.Random
10:33:47.334    (INFO)     Trx.Commit: **C** ConnSH637543388270246790System.Random
10:33:47.334    (INFO)     Trx.Start: **** ConnSH637543388270346803System.Random
10:33:47.334    (INFO)     Trx.Commit: **C** ConnSH637543388270346803System.Random
10:33:47.334    (INFO)     Trx.Start: **** ConnSH637543388270426790System.Random
10:33:47.334    (INFO)     Trx.Commit: **C** ConnSH637543388270426790System.Random
10:33:47.334    (INFO)     Trx.Start: **** ConnSH637543388270526817System.Random
10:33:47.334    (INFO)     Trx.Commit: **C** ConnSH637543388270526817System.Random
10:33:47.334    (INFO)     Trx.Start: **** ConnSH637543388270626773System.Random
10:33:47.334    (INFO)     Trx.Commit: **C** ConnSH637543388270626773System.Random
10:33:47.334    (INFO)     Trx.Start: **** ConnSH637543388270876780System.Random
10:33:47.334    (INFO)     Trx.Commit: **C** ConnSH637543388270876780System.Random
10:33:47.334    (INFO)     Trx.Start: **** ConnSH637543388270976782System.Random
10:33:47.334    (INFO)     Trx.Commit: **C** ConnSH637543388270976782System.Random
10:33:47.334    (INFO)     CacheMgt.Reset: AD_Process: #1 (1)
10:34:17.341    (INFO)     Trx.Start: **** ConnSH637543388579011437System.Random
10:34:17.341    (INFO)     Trx.Commit: **C** ConnSH637543388579011437System.Random
10:34:17.341    (INFO)     Trx.Start: **** ConnSH637543388579211492System.Random
10:34:17.341    (INFO)     Trx.Commit: **C** ConnSH637543388579211492System.Random
10:34:17.341    (INFO)     Trx.Start: **** ConnSH637543388579311358System.Random
10:34:17.341    (INFO)     Trx.Commit: **C** ConnSH637543388579311358System.Random
10:34:17.341    (INFO)     Trx.Start: **** ConnSH637543388579671434System.Random
10:34:17.341    (INFO)     Trx.Commit: **C** ConnSH637543388579671434System.Random
10:34:17.341    (INFO)     Trx.Start: **** ConnSH637543388579781085System.Random
10:34:17.341    (INFO)     Trx.Commit: **C** ConnSH637543388579781085System.Random
10:34:17.341    (INFO)     Trx.Start: **** ConnSH637543388579961116System.Random
10:34:18.341    (INFO)     Trx.Commit: **C** ConnSH637543388579961116System.Random
10:34:18.341    (INFO)     Trx.Start: **** ConnSH637543388580171087System.Random
10:34:18.341    (INFO)     Trx.Commit: **C** ConnSH637543388580171087System.Random
10:34:18.341    (INFO)     Trx.Start: **** ConnSH637543388580291124System.Random
10:34:18.341    (INFO)     Trx.Commit: **C** ConnSH637543388580291124System.Random
10:34:18.341    (INFO)     Trx.Start: **** ConnSH637543388580751334System.Random
10:34:18.341    (INFO)     Trx.Commit: **C** ConnSH637543388580751334System.Random
10:34:18.341    (INFO)     Trx.Start: **** ConnSH637543388580841101System.Random
10:34:18.341    (INFO)     Trx.Commit: **C** ConnSH637543388580841101System.Random
10:34:18.341    (INFO)     Trx.Start: **** ConnSH637543388581051102System.Random
10:34:18.341    (INFO)     Trx.Commit: **C** ConnSH637543388581051102System.Random
10:34:18.341    (INFO)     Trx.Start: **** ConnSH637543388581211106System.Random
10:34:18.341    (INFO)     Trx.Commit: **C** ConnSH637543388581211106System.Random
10:34:18.341    (INFO)     Trx.Start: **** ConnSH637543388581301096System.Random
10:34:18.341    (INFO)     Trx.Commit: **C** ConnSH637543388581301096System.Random
10:34:18.341    (INFO)     Trx.Start: **** ConnSH637543388581571105System.Random
10:34:18.341    (INFO)     Trx.Commit: **C** ConnSH637543388581571105System.Random
10:34:18.341    (INFO)     Trx.Start: **** ConnSH637543388581851345System.Random
10:34:18.341    (INFO)     Trx.Commit: **C** ConnSH637543388581851345System.Random
10:34:18.341    (INFO)     Trx.Start: **** ConnSH637543388582011091System.Random
10:34:18.341    (INFO)     Trx.Commit: **C** ConnSH637543388582011091System.Random
10:34:18.341    (INFO)     Trx.Start: **** ConnSH637543388582101434System.Random
10:34:18.341    (INFO)     Trx.Commit: **C** ConnSH637543388582101434System.Random
10:34:18.341    (INFO)     Trx.Start: **** ConnSH637543388582311074System.Random
10:34:18.341    (INFO)     Trx.Commit: **C** ConnSH637543388582311074System.Random
10:34:18.341    (INFO)     Trx.Start: **** ConnSH637543388582401072System.Random
10:34:18.341    (INFO)     Trx.Commit: **C** ConnSH637543388582401072System.Random
10:34:18.341    (INFO)     Trx.Start: **** ConnSH637543388582641401System.Random
10:34:18.341    (INFO)     Trx.Commit: **C** ConnSH637543388582641401System.Random
10:34:18.341    (INFO)     Trx.Start: **** ConnSH637543388582731329System.Random
10:34:18.341    (INFO)     Trx.Commit: **C** ConnSH637543388582731329System.Random
10:34:18.341    (INFO)     Trx.Start: **** ConnSH637543388582811341System.Random
10:34:18.341    (INFO)     Trx.Commit: **C** ConnSH637543388582811341System.Random
10:34:18.341    (INFO)     Trx.Start: **** ConnSH637543388582891086System.Random
10:34:18.341    (INFO)     Trx.Commit: **C** ConnSH637543388582891086System.Random
10:34:18.341    (INFO)     Trx.Start: **** ConnSH637543388582981108System.Random
10:34:18.341    (INFO)     Trx.Commit: **C** ConnSH637543388582981108System.Random
10:34:18.341    (INFO)     Trx.Start: **** ConnSH637543388583061092System.Random
10:34:18.341    (INFO)     Trx.Commit: **C** ConnSH637543388583061092System.Random
10:34:18.341    (INFO)     Trx.Start: **** ConnSH637543388583141100System.Random
10:34:18.341    (INFO)     Trx.Commit: **C** ConnSH637543388583141100System.Random
10:34:18.341    (INFO)     Trx.Start: **** ConnSH637543388583221104System.Random
10:34:18.341    (INFO)     Trx.Commit: **C** ConnSH637543388583221104System.Random
10:34:18.341    (INFO)     Trx.Start: **** ConnSH637543388583311340System.Random
10:34:18.341    (INFO)     Trx.Commit: **C** ConnSH637543388583311340System.Random
10:34:18.341    (INFO)     Trx.Start: **** ConnSH637543388583401087System.Random
10:34:18.341    (INFO)     Trx.Commit: **C** ConnSH637543388583401087System.Random
