*** 5/15/2021 12:37:05 PM VAdvantage Log  ***
===========>     (SEVERE)   GridWindowVO.Create: No Window - AD_Window_ID=117, AD_Role_ID=0 - SELECT Name,Description,Help,WindowType, AD_Color_ID,AD_Image_ID, IsReadWrite, WinHeight,WinWidth, IsSOTrx, AD_UserDef_Win_ID,IsAppointment,IsTask,IsEmail,IsLetter,IsSms,IsFaxEmail,Name2, ISCHAT, ISATTACHMENT,ISHISTORY,ISCHECKREQUEST,ISCOPYRECORD,ISSUBSCRIBERECORD,ISZOOMACROSS,ISCREATEDOCUMENT,ISUPLOADDOCUMENT,ISVIEWDOCUMENT,IsAttachDocumentFrom,  ISIMPORTMAP,ISMARKTOEXPORT,ISARCHIVE,ISATTACHEMAIL,ISROLECENTERVIEW , FontName, ImageUrl, IsCompositeView FROM AD_Window_v WHERE AD_Window_ID=117 AND AD_Role_ID=0
----------->     (WARNING)  GridWindowVO.Create: AccessTableNoView - (Not found)
12:37:10.371    (INFO)     Trx.Start: **** ConnSH637566790308658599System.Random
12:37:10.371    (INFO)     Trx.Commit: **C** ConnSH637566790308658599System.Random
12:37:10.371    (INFO)     MChangeLog.FillChangeLog: #9
===========>     (SEVERE)   OracleHelper.ExecuteReader: ORA-01756: quoted string not properly terminated [Query DR] SELECT VAHRUAE_HR_LEAVEDETAIL_ID FROM VAHRUAE_HR_LEAVEDETAIL WHERE C_BPARTNER_ID = 1006731AND VAHRUAE_APPROVE = 'Y' AND VAHRUAE_DATE1= '20-DEC-20
===========>     (SEVERE)   OracleHelper.ExecuteReader: ORA-01756: quoted string not properly terminated [Query DR] SELECT VAHRUAE_HR_LEAVEDETAIL_ID FROM VAHRUAE_HR_LEAVEDETAIL WHERE C_BPARTNER_ID = 1006731AND VAHRUAE_APPROVE = 'Y' AND VAHRUAE_DATE1= '20-DEC-20
===========>     (SEVERE)   PO.DoIt: SELECT VAHRUAE_HR_LEAVEDETAIL_ID FROM VAHRUAE_HR_LEAVEDETAIL WHERE C_BPARTNER_ID = 1006731AND VAHRUAE_APPROVE = 'Y' AND VAHRUAE_DATE1= '20-DEC-20 => ORA-01756: quoted string not properly terminated
12:37:11.371    (INFO)     Trx.Start: **** ConnSH637566790310378949System.Random
12:37:11.371    (INFO)     Trx.Commit: **C** ConnSH637566790310378949System.Random
12:37:11.371    (INFO)     Trx.Start: **** ConnSH637566790310528989System.Random
12:37:11.371    (INFO)     Trx.Commit: **C** ConnSH637566790310528989System.Random
12:37:11.371    (INFO)     Trx.Start: **** ConnSH637566790310665700System.Random
12:37:11.371    (INFO)     Trx.Commit: **C** ConnSH637566790310665700System.Random
12:37:11.371    (INFO)     Trx.Start: **** ConnSH637566790310795728System.Random
12:37:11.371    (INFO)     Trx.Commit: **C** ConnSH637566790310795728System.Random
12:37:11.371    (INFO)     Trx.Start: **** ConnSH637566790310935719System.Random
12:37:11.371    (INFO)     Trx.Commit: **C** ConnSH637566790310935719System.Random
12:37:11.371    (INFO)     Trx.Start: **** ConnSH637566790311044083System.Random
12:37:11.371    (INFO)     Trx.Commit: **C** ConnSH637566790311044083System.Random
12:37:11.371    (INFO)     Trx.Start: **** ConnSH637566790311180474System.Random
12:37:11.371    (INFO)     Trx.Commit: **C** ConnSH637566790311180474System.Random
12:37:11.371    (INFO)     Trx.Start: **** ConnSH637566790311320511System.Random
12:37:11.371    (INFO)     Trx.Commit: **C** ConnSH637566790311320511System.Random
12:37:11.371    (INFO)     Trx.Start: **** ConnSH637566790311440509System.Random
12:37:11.371    (INFO)     Trx.Commit: **C** ConnSH637566790311440509System.Random
12:37:11.371    (INFO)     Trx.Start: **** ConnSH637566790311603643System.Random
12:37:11.371    (INFO)     Trx.Commit: **C** ConnSH637566790311603643System.Random
12:37:11.371    (INFO)     Trx.Start: **** ConnSH637566790311702841System.Random
12:37:11.371    (INFO)     Trx.Commit: **C** ConnSH637566790311702841System.Random
12:37:11.371    (INFO)     Trx.Start: **** ConnSH637566790311832925System.Random
12:37:11.371    (INFO)     Trx.Commit: **C** ConnSH637566790311832925System.Random
12:37:11.371    (INFO)     Trx.Start: **** ConnSH637566790311972950System.Random
12:37:11.371    (INFO)     Trx.Commit: **C** ConnSH637566790311972950System.Random
12:37:11.371    (INFO)     Trx.Start: **** ConnSH637566790312092849System.Random
12:37:11.371    (INFO)     Trx.Commit: **C** ConnSH637566790312092849System.Random
12:37:11.371    (INFO)     Trx.Start: **** ConnSH637566790312212862System.Random
12:37:11.371    (INFO)     Trx.Commit: **C** ConnSH637566790312212862System.Random
12:37:11.371    (INFO)     Trx.Start: **** ConnSH637566790312349063System.Random
12:37:11.371    (INFO)     Trx.Commit: **C** ConnSH637566790312349063System.Random
12:37:11.371    (INFO)     Trx.Start: **** ConnSH637566790312489094System.Random
12:37:11.371    (INFO)     Trx.Commit: **C** ConnSH637566790312489094System.Random
12:37:11.371    (INFO)     Trx.Start: **** ConnSH637566790312609115System.Random
12:37:11.371    (INFO)     Trx.Commit: **C** ConnSH637566790312609115System.Random
12:37:11.371    (INFO)     Trx.Start: **** ConnSH637566790312749592System.Random
12:37:11.371    (INFO)     Trx.Commit: **C** ConnSH637566790312749592System.Random
12:37:11.371    (INFO)     Trx.Start: **** ConnSH637566790312869072System.Random
12:37:11.371    (INFO)     Trx.Commit: **C** ConnSH637566790312869072System.Random
12:37:11.371    (INFO)     Trx.Start: **** ConnSH637566790313023005System.Random
12:37:11.371    (INFO)     Trx.Commit: **C** ConnSH637566790313023005System.Random
===========>     (SEVERE)   OracleHelper.ExecuteReader: ORA-01756: quoted string not properly terminated [Query DR] SELECT VAHRUAE_HR_LEAVEDETAIL_ID FROM VAHRUAE_HR_LEAVEDETAIL WHERE C_BPARTNER_ID = 1006731AND VAHRUAE_APPROVE = 'Y' AND VAHRUAE_DATE1= '15-JAN-21
===========>     (SEVERE)   OracleHelper.ExecuteReader: ORA-01756: quoted string not properly terminated [Query DR] SELECT VAHRUAE_HR_LEAVEDETAIL_ID FROM VAHRUAE_HR_LEAVEDETAIL WHERE C_BPARTNER_ID = 1006731AND VAHRUAE_APPROVE = 'Y' AND VAHRUAE_DATE1= '15-JAN-21
===========>     (SEVERE)   PO.DoIt: SELECT VAHRUAE_HR_LEAVEDETAIL_ID FROM VAHRUAE_HR_LEAVEDETAIL WHERE C_BPARTNER_ID = 1006731AND VAHRUAE_APPROVE = 'Y' AND VAHRUAE_DATE1= '15-JAN-21 => ORA-01756: quoted string not properly terminated
12:37:11.371    (INFO)     Trx.Start: **** ConnSH637566790313325950System.Random
12:37:11.371    (INFO)     Trx.Commit: **C** ConnSH637566790313325950System.Random
===========>     (SEVERE)   OracleHelper.ExecuteReader: ORA-01756: quoted string not properly terminated [Query DR] SELECT VAHRUAE_HR_LEAVEDETAIL_ID FROM VAHRUAE_HR_LEAVEDETAIL WHERE C_BPARTNER_ID = 1006731AND VAHRUAE_APPROVE = 'Y' AND VAHRUAE_DATE1= '17-JAN-21
===========>     (SEVERE)   OracleHelper.ExecuteReader: ORA-01756: quoted string not properly terminated [Query DR] SELECT VAHRUAE_HR_LEAVEDETAIL_ID FROM VAHRUAE_HR_LEAVEDETAIL WHERE C_BPARTNER_ID = 1006731AND VAHRUAE_APPROVE = 'Y' AND VAHRUAE_DATE1= '17-JAN-21
===========>     (SEVERE)   PO.DoIt: SELECT VAHRUAE_HR_LEAVEDETAIL_ID FROM VAHRUAE_HR_LEAVEDETAIL WHERE C_BPARTNER_ID = 1006731AND VAHRUAE_APPROVE = 'Y' AND VAHRUAE_DATE1= '17-JAN-21 => ORA-01756: quoted string not properly terminated
12:37:11.371    (INFO)     Trx.Start: **** ConnSH637566790313652409System.Random
12:37:11.371    (INFO)     Trx.Commit: **C** ConnSH637566790313652409System.Random
===========>     (SEVERE)   OracleHelper.ExecuteReader: ORA-01756: quoted string not properly terminated [Query DR] SELECT VAHRUAE_HR_LEAVEDETAIL_ID FROM VAHRUAE_HR_LEAVEDETAIL WHERE C_BPARTNER_ID = 1006731AND VAHRUAE_APPROVE = 'Y' AND VAHRUAE_DATE1= '19-JAN-21
===========>     (SEVERE)   OracleHelper.ExecuteReader: ORA-01756: quoted string not properly terminated [Query DR] SELECT VAHRUAE_HR_LEAVEDETAIL_ID FROM VAHRUAE_HR_LEAVEDETAIL WHERE C_BPARTNER_ID = 1006731AND VAHRUAE_APPROVE = 'Y' AND VAHRUAE_DATE1= '19-JAN-21
===========>     (SEVERE)   PO.DoIt: SELECT VAHRUAE_HR_LEAVEDETAIL_ID FROM VAHRUAE_HR_LEAVEDETAIL WHERE C_BPARTNER_ID = 1006731AND VAHRUAE_APPROVE = 'Y' AND VAHRUAE_DATE1= '19-JAN-21 => ORA-01756: quoted string not properly terminated
12:37:11.371    (INFO)     Trx.Start: **** ConnSH637566790313970536System.Random
12:37:11.371    (INFO)     Trx.Commit: **C** ConnSH637566790313970536System.Random
12:37:11.371    (INFO)     Trx.Start: **** ConnSH637566790314080500System.Random
12:37:11.371    (INFO)     Trx.Commit: **C** ConnSH637566790314080500System.Random
===========>     (SEVERE)   OracleHelper.ExecuteReader: ORA-00933: SQL command not properly ended [Query DR] SELECT C_TAX_ID FROM C_TAX WHERE Line < -21600C_TAXCATEGORY_ID = 1000017ORDER BY LINE ASC
===========>     (SEVERE)   OracleHelper.ExecuteReader: ORA-00933: SQL command not properly ended [Query DR] SELECT C_TAX_ID FROM C_TAX WHERE Line < -21600C_TAXCATEGORY_ID = 1000017ORDER BY LINE ASC
===========>     (SEVERE)   PO.calculateTax: SELECT C_TAX_ID FROM C_TAX WHERE Line < -21600C_TAXCATEGORY_ID = 1000017ORDER BY LINE ASC => ORA-00933: SQL command not properly ended
12:37:11.371    (INFO)     Trx.Start: **** ConnSH637566790314380940System.Random
12:37:11.371    (INFO)     Trx.Commit: **C** ConnSH637566790314380940System.Random
12:37:11.371    (INFO)     Trx.Start: **** ConnSH637566790314720487System.Random
12:37:11.371    (INFO)     Trx.Commit: **C** ConnSH637566790314720487System.Random
12:37:11.371    (INFO)     Trx.Start: **** ConnDDH637566790315377567System.Random
12:37:11.371    (INFO)     Trx.ExecuteDataSet: Trx Dataset ConnDDH637566790315377567System.Random 8
12:37:11.371    (INFO)     Trx.ExecuteQuery: Trx non-query ConnDDH637566790315377567System.Random 8
12:37:11.371    (INFO)     Trx.Commit: **C** ConnDDH637566790315377567System.Random
===========>     (SEVERE)   DB.ExecuteQuery:  => ORA-01400: cannot insert NULL into ("VIENNAADVANTAGE"."VAHRUAE_VSS_EMPMTHSALARY"."VAHRUAE_VSS_MONTHLYSALARY_ID")
----------->     (WARNING)  DB.ExecuteQuery: DBExecuteError - ORA-01400: cannot insert NULL into ("VIENNAADVANTAGE"."VAHRUAE_VSS_EMPMTHSALARY"."VAHRUAE_VSS_MONTHLYSALARY_ID")
----------->     (WARNING)  X_VAHRUAE_Vss_EmpMthSalary.DoIt: Not insertedVAHRUAE_Vss_EmpMthSalary
12:37:11.371    (INFO)     CacheMgt.Reset: AD_Process: #1 (1)
12:38:20.382    (INFO)     Trx.Start: **** ConnSH637566791005770569System.Random
12:38:20.382    (INFO)     Trx.Commit: **C** ConnSH637566791005770569System.Random
===========>     (SEVERE)   OracleHelper.ExecuteReader: ORA-01756: quoted string not properly terminated [Query DR] SELECT VAHRUAE_HR_LEAVEDETAIL_ID FROM VAHRUAE_HR_LEAVEDETAIL WHERE C_BPARTNER_ID = 1006731AND VAHRUAE_APPROVE = 'Y' AND VAHRUAE_DATE1= '20-DEC-20
===========>     (SEVERE)   OracleHelper.ExecuteReader: ORA-01756: quoted string not properly terminated [Query DR] SELECT VAHRUAE_HR_LEAVEDETAIL_ID FROM VAHRUAE_HR_LEAVEDETAIL WHERE C_BPARTNER_ID = 1006731AND VAHRUAE_APPROVE = 'Y' AND VAHRUAE_DATE1= '20-DEC-20
===========>     (SEVERE)   PO.DoIt: SELECT VAHRUAE_HR_LEAVEDETAIL_ID FROM VAHRUAE_HR_LEAVEDETAIL WHERE C_BPARTNER_ID = 1006731AND VAHRUAE_APPROVE = 'Y' AND VAHRUAE_DATE1= '20-DEC-20 => ORA-01756: quoted string not properly terminated
12:38:20.382    (INFO)     Trx.Start: **** ConnSH637566791006329012System.Random
12:38:20.382    (INFO)     Trx.Commit: **C** ConnSH637566791006329012System.Random
12:38:20.382    (INFO)     Trx.Start: **** ConnSH637566791006458953System.Random
12:38:20.382    (INFO)     Trx.Commit: **C** ConnSH637566791006458953System.Random
12:38:20.382    (INFO)     Trx.Start: **** ConnSH637566791006578955System.Random
12:38:20.382    (INFO)     Trx.Commit: **C** ConnSH637566791006578955System.Random
12:38:20.382    (INFO)     Trx.Start: **** ConnSH637566791006716739System.Random
12:38:20.382    (INFO)     Trx.Commit: **C** ConnSH637566791006716739System.Random
12:38:20.382    (INFO)     Trx.Start: **** ConnSH637566791006846694System.Random
12:38:20.382    (INFO)     Trx.Commit: **C** ConnSH637566791006846694System.Random
12:38:20.382    (INFO)     Trx.Start: **** ConnSH637566791006946878System.Random
12:38:20.382    (INFO)     Trx.Commit: **C** ConnSH637566791006946878System.Random
12:38:20.382    (INFO)     Trx.Start: **** ConnSH637566791007078295System.Random
12:38:20.382    (INFO)     Trx.Commit: **C** ConnSH637566791007078295System.Random
12:38:20.382    (INFO)     Trx.Start: **** ConnSH637566791007198252System.Random
12:38:20.382    (INFO)     Trx.Commit: **C** ConnSH637566791007198252System.Random
12:38:20.382    (INFO)     Trx.Start: **** ConnSH637566791007304770System.Random
12:38:20.382    (INFO)     Trx.Commit: **C** ConnSH637566791007304770System.Random
12:38:20.382    (INFO)     Trx.Start: **** ConnSH637566791007434769System.Random
12:38:20.382    (INFO)     Trx.Commit: **C** ConnSH637566791007434769System.Random
12:38:20.382    (INFO)     Trx.Start: **** ConnSH637566791007564997System.Random
12:38:20.382    (INFO)     Trx.Commit: **C** ConnSH637566791007564997System.Random
12:38:20.382    (INFO)     Trx.Start: **** ConnSH637566791007665022System.Random
12:38:20.382    (INFO)     Trx.Commit: **C** ConnSH637566791007665022System.Random
12:38:20.382    (INFO)     Trx.Start: **** ConnSH637566791007854757System.Random
12:38:20.382    (INFO)     Trx.Commit: **C** ConnSH637566791007854757System.Random
12:38:20.382    (INFO)     Trx.Start: **** ConnSH637566791007944749System.Random
12:38:20.382    (INFO)     Trx.Commit: **C** ConnSH637566791007944749System.Random
12:38:20.382    (INFO)     Trx.Start: **** ConnSH637566791008094760System.Random
12:38:20.382    (INFO)     Trx.Commit: **C** ConnSH637566791008094760System.Random
12:38:20.382    (INFO)     Trx.Start: **** ConnSH637566791008235061System.Random
12:38:20.382    (INFO)     Trx.Commit: **C** ConnSH637566791008235061System.Random
12:38:20.382    (INFO)     Trx.Start: **** ConnSH637566791008344766System.Random
12:38:20.382    (INFO)     Trx.Commit: **C** ConnSH637566791008344766System.Random
12:38:20.382    (INFO)     Trx.Start: **** ConnSH637566791008474865System.Random
12:38:20.382    (INFO)     Trx.Commit: **C** ConnSH637566791008474865System.Random
12:38:20.382    (INFO)     Trx.Start: **** ConnSH637566791008594737System.Random
12:38:20.382    (INFO)     Trx.Commit: **C** ConnSH637566791008594737System.Random
12:38:20.382    (INFO)     Trx.Start: **** ConnSH637566791008705176System.Random
12:38:20.382    (INFO)     Trx.Commit: **C** ConnSH637566791008705176System.Random
12:38:20.382    (INFO)     Trx.Start: **** ConnSH637566791008824804System.Random
12:38:20.382    (INFO)     Trx.Commit: **C** ConnSH637566791008824804System.Random
===========>     (SEVERE)   OracleHelper.ExecuteReader: ORA-01756: quoted string not properly terminated [Query DR] SELECT VAHRUAE_HR_LEAVEDETAIL_ID FROM VAHRUAE_HR_LEAVEDETAIL WHERE C_BPARTNER_ID = 1006731AND VAHRUAE_APPROVE = 'Y' AND VAHRUAE_DATE1= '15-JAN-21
===========>     (SEVERE)   OracleHelper.ExecuteReader: ORA-01756: quoted string not properly terminated [Query DR] SELECT VAHRUAE_HR_LEAVEDETAIL_ID FROM VAHRUAE_HR_LEAVEDETAIL WHERE C_BPARTNER_ID = 1006731AND VAHRUAE_APPROVE = 'Y' AND VAHRUAE_DATE1= '15-JAN-21
===========>     (SEVERE)   PO.DoIt: SELECT VAHRUAE_HR_LEAVEDETAIL_ID FROM VAHRUAE_HR_LEAVEDETAIL WHERE C_BPARTNER_ID = 1006731AND VAHRUAE_APPROVE = 'Y' AND VAHRUAE_DATE1= '15-JAN-21 => ORA-01756: quoted string not properly terminated
12:38:20.382    (INFO)     Trx.Start: **** ConnSH637566791009104727System.Random
12:38:20.382    (INFO)     Trx.Commit: **C** ConnSH637566791009104727System.Random
===========>     (SEVERE)   OracleHelper.ExecuteReader: ORA-01756: quoted string not properly terminated [Query DR] SELECT VAHRUAE_HR_LEAVEDETAIL_ID FROM VAHRUAE_HR_LEAVEDETAIL WHERE C_BPARTNER_ID = 1006731AND VAHRUAE_APPROVE = 'Y' AND VAHRUAE_DATE1= '17-JAN-21
===========>     (SEVERE)   OracleHelper.ExecuteReader: ORA-01756: quoted string not properly terminated [Query DR] SELECT VAHRUAE_HR_LEAVEDETAIL_ID FROM VAHRUAE_HR_LEAVEDETAIL WHERE C_BPARTNER_ID = 1006731AND VAHRUAE_APPROVE = 'Y' AND VAHRUAE_DATE1= '17-JAN-21
===========>     (SEVERE)   PO.DoIt: SELECT VAHRUAE_HR_LEAVEDETAIL_ID FROM VAHRUAE_HR_LEAVEDETAIL WHERE C_BPARTNER_ID = 1006731AND VAHRUAE_APPROVE = 'Y' AND VAHRUAE_DATE1= '17-JAN-21 => ORA-01756: quoted string not properly terminated
12:38:20.382    (INFO)     Trx.Start: **** ConnSH637566791009395107System.Random
12:38:20.382    (INFO)     Trx.Commit: **C** ConnSH637566791009395107System.Random
===========>     (SEVERE)   OracleHelper.ExecuteReader: ORA-01756: quoted string not properly terminated [Query DR] SELECT VAHRUAE_HR_LEAVEDETAIL_ID FROM VAHRUAE_HR_LEAVEDETAIL WHERE C_BPARTNER_ID = 1006731AND VAHRUAE_APPROVE = 'Y' AND VAHRUAE_DATE1= '19-JAN-21
===========>     (SEVERE)   OracleHelper.ExecuteReader: ORA-01756: quoted string not properly terminated [Query DR] SELECT VAHRUAE_HR_LEAVEDETAIL_ID FROM VAHRUAE_HR_LEAVEDETAIL WHERE C_BPARTNER_ID = 1006731AND VAHRUAE_APPROVE = 'Y' AND VAHRUAE_DATE1= '19-JAN-21
===========>     (SEVERE)   PO.DoIt: SELECT VAHRUAE_HR_LEAVEDETAIL_ID FROM VAHRUAE_HR_LEAVEDETAIL WHERE C_BPARTNER_ID = 1006731AND VAHRUAE_APPROVE = 'Y' AND VAHRUAE_DATE1= '19-JAN-21 => ORA-01756: quoted string not properly terminated
12:38:20.382    (INFO)     Trx.Start: **** ConnSH637566791009714763System.Random
12:38:20.382    (INFO)     Trx.Commit: **C** ConnSH637566791009714763System.Random
12:38:20.382    (INFO)     Trx.Start: **** ConnSH637566791009774736System.Random
12:38:20.382    (INFO)     Trx.Commit: **C** ConnSH637566791009774736System.Random
===========>     (SEVERE)   OracleHelper.ExecuteReader: ORA-00933: SQL command not properly ended [Query DR] SELECT C_TAX_ID FROM C_TAX WHERE Line < -21600C_TAXCATEGORY_ID = 1000017ORDER BY LINE ASC
===========>     (SEVERE)   OracleHelper.ExecuteReader: ORA-00933: SQL command not properly ended [Query DR] SELECT C_TAX_ID FROM C_TAX WHERE Line < -21600C_TAXCATEGORY_ID = 1000017ORDER BY LINE ASC
===========>     (SEVERE)   PO.calculateTax: SELECT C_TAX_ID FROM C_TAX WHERE Line < -21600C_TAXCATEGORY_ID = 1000017ORDER BY LINE ASC => ORA-00933: SQL command not properly ended
12:38:20.382    (INFO)     Trx.Start: **** ConnSH637566791009934748System.Random
12:38:20.382    (INFO)     Trx.Commit: **C** ConnSH637566791009934748System.Random
12:38:21.382    (INFO)     Trx.Start: **** ConnDDH637566791010004876System.Random
12:38:21.382    (INFO)     Trx.ExecuteDataSet: Trx Dataset ConnDDH637566791010004876System.Random 6
12:38:21.382    (INFO)     Trx.ExecuteQuery: Trx non-query ConnDDH637566791010004876System.Random 6
12:38:21.382    (INFO)     Trx.Commit: **C** ConnDDH637566791010004876System.Random
===========>     (SEVERE)   DB.ExecuteQuery:  => ORA-01400: cannot insert NULL into ("VIENNAADVANTAGE"."VAHRUAE_VSS_EMPMTHSALARY"."VAHRUAE_VSS_MONTHLYSALARY_ID")
----------->     (WARNING)  DB.ExecuteQuery: DBExecuteError - ORA-01400: cannot insert NULL into ("VIENNAADVANTAGE"."VAHRUAE_VSS_EMPMTHSALARY"."VAHRUAE_VSS_MONTHLYSALARY_ID")
----------->     (WARNING)  X_VAHRUAE_Vss_EmpMthSalary.DoIt: Not insertedVAHRUAE_Vss_EmpMthSalary
12:38:21.382    (INFO)     CacheMgt.Reset: AD_Process: #1 (1)
12:39:11.391    (INFO)     MSession.Logout: 02:02:15.608
12:39:15.391    (INFO)     MRole.Get: AD_Role_ID=103, AD_User_ID=102, reload=True
12:39:15.391    (INFO)     MRole.Get: MRole[103,IdeasInc User,UserLevel=  O,AD_Client_ID IN(0,11),AD_Org_ID IN(0,11,12)]
12:39:15.391    (INFO)     MRole.Get: AD_Role_ID=103, AD_User_ID=102, reload=True
12:39:15.391    (INFO)     MRole.Get: MRole[103,IdeasInc User,UserLevel=  O,AD_Client_ID IN(0,11),AD_Org_ID IN(0,11,12)]
12:39:15.391    (INFO)     MTree.Load: AD_Tree_ID=10, AD_User_ID=102, Editable=False, OnClient=True
12:39:16.391    (INFO)     Trx.Start: **** ConnSH637566791562288501System.Random
12:39:16.391    (INFO)     Trx.Commit: **C** ConnSH637566791562288501System.Random
----------->     (WARNING)  AccessSqlParser.GetTableInfo: More than one FROM clause - SELECT AppointmentsInfo.Appointmentsinfo_id AS ID,AppointmentsInfo.AD_Client_ID,AppointmentsInfo.AD_Org_ID  FROM AppointmentsInfo JOIN AD_User ON AD_User.AD_User_ID =AppointmentsInfo.CreatedBy WHERE AppointmentsInfo.IsRead='N' AND AppointmentsInfo.istask ='N'  AND AppointmentsInfo.AD_User_ID  = 102  UNION SELECT AppointmentsInfo.Appointmentsinfo_id AS ID, AppointmentsInfo.AD_Client_ID,AppointmentsInfo.AD_Org_ID FROM AppointmentsInfo  JOIN AD_User ON AD_User.AD_User_ID = AppointmentsInfo.CreatedBy  WHERE (AppointmentsInfo.IsRead ='Y'   AND AppointmentsInfo.AD_User_ID = 102 )  AND AppointmentsInfo.istask ='N'  AND AppointmentsInfo.startDate BETWEEN to_date('5/14/21','mm/dd/yy') and to_date('5/22/21 23.59','mm/dd/yy HH24:MI')   OR  to_date('5/15/21','mm/dd/yy')  BETWEEN  AppointmentsInfo.startDate  AND AppointmentsInfo.endDate  AND  AppointmentsInfo.CreatedBy  !=102 AND AppointmentsInfo.AD_User_ID  = 102)
----------->     (WARNING)  AccessSqlParser.GetTableInfo: Could not remove ON AppointmentsInfo JOIN AD_User ON AD_User.AD_User_ID =AppointmentsInfo.CreatedBy
----------->     (WARNING)  GridTable.GetField: Not found: 'Created'
----------->     (WARNING)  GridTable.GetField: Not found: 'CreatedBy'
----------->     (WARNING)  GridTable.GetField: Not found: 'Updated'
----------->     (WARNING)  GridTable.GetField: Not found: 'UpdatedBy'
===========>     (SEVERE)   OracleHelper.ExecuteDataset: ORA-00942: table or view does not exist [Query D] => SELECT vadms_windowdoclink_id, record_id FROM VADMS_WindowDocLink wdl JOIN vadms_document doc ON wdl.VADMS_Document_ID  =doc.VADMS_Document_ID WHERE doc.vadms_docstatus!='DD' AND AD_Table_ID =1000848
12:39:20.392    (INFO)     Trx.Start: **** ConnSH637566791600812461System.Random
12:39:20.392    (INFO)     Trx.Commit: **C** ConnSH637566791600812461System.Random
12:39:20.392    (INFO)     Trx.Start: **** ConnSH637566791602973385System.Random
12:39:20.392    (INFO)     Trx.Commit: **C** ConnSH637566791602973385System.Random
12:39:44.394    (INFO)     Trx.Start: **** ConnSH637566791843687657System.Random
12:39:44.394    (INFO)     Trx.Commit: **C** ConnSH637566791843687657System.Random
12:40:41.404    (INFO)     MTable.GetPO: Using GenericPO for VAHRUAE_HR_EmpAttendanceLog
12:40:41.404    (INFO)     Trx.Start: **** GridDel637566792417025190
12:40:41.404    (INFO)     GenericPO.DeleteRecord: True
12:40:41.404    (INFO)     Trx.Commit: **C** GridDel637566792417025190
12:40:44.404    (INFO)     MTable.GetPO: Using GenericPO for VAHRUAE_HR_EmpAttendanceLog
12:40:44.404    (INFO)     Trx.Start: **** GridDel637566792441169182
12:40:44.404    (INFO)     GenericPO.DeleteRecord: True
12:40:44.404    (INFO)     Trx.Commit: **C** GridDel637566792441169182
12:41:03.413    (INFO)     MSession.Logout: 02:02:47.335
12:41:13.411    (INFO)     MRole.Get: AD_Role_ID=0, AD_User_ID=100, reload=True
12:41:13.411    (INFO)     MRole.Get: MRole[0,System Administrator,UserLevel=S  ,AD_Client_ID=0,AD_Org_ID=0]
12:41:13.411    (INFO)     MTree.Load: AD_Tree_ID=121, AD_User_ID=100, Editable=False, OnClient=True
12:41:13.411    (INFO)     Trx.Start: **** ConnSH637566792739472252System.Random
12:41:13.411    (INFO)     Trx.Commit: **C** ConnSH637566792739472252System.Random
----------->     (WARNING)  AccessSqlParser.GetTableInfo: More than one FROM clause - SELECT AppointmentsInfo.Appointmentsinfo_id AS ID,AppointmentsInfo.AD_Client_ID,AppointmentsInfo.AD_Org_ID  FROM AppointmentsInfo JOIN AD_User ON AD_User.AD_User_ID =AppointmentsInfo.CreatedBy WHERE AppointmentsInfo.IsRead='N' AND AppointmentsInfo.istask ='N'  AND AppointmentsInfo.AD_User_ID  = 100  UNION SELECT AppointmentsInfo.Appointmentsinfo_id AS ID, AppointmentsInfo.AD_Client_ID,AppointmentsInfo.AD_Org_ID FROM AppointmentsInfo  JOIN AD_User ON AD_User.AD_User_ID = AppointmentsInfo.CreatedBy  WHERE (AppointmentsInfo.IsRead ='Y'   AND AppointmentsInfo.AD_User_ID = 100 )  AND AppointmentsInfo.istask ='N'  AND AppointmentsInfo.startDate BETWEEN to_date('5/14/21','mm/dd/yy') and to_date('5/22/21 23.59','mm/dd/yy HH24:MI')   OR  to_date('5/15/21','mm/dd/yy')  BETWEEN  AppointmentsInfo.startDate  AND AppointmentsInfo.endDate  AND  AppointmentsInfo.CreatedBy  !=100 AND AppointmentsInfo.AD_User_ID  = 100)
----------->     (WARNING)  AccessSqlParser.GetTableInfo: Could not remove ON AppointmentsInfo JOIN AD_User ON AD_User.AD_User_ID =AppointmentsInfo.CreatedBy
12:41:20.412    (INFO)     Trx.Start: **** ConnSH637566792807637300System.Random
12:41:20.412    (INFO)     Trx.Commit: **C** ConnSH637566792807637300System.Random
===========>     (SEVERE)   OracleHelper.ExecuteReader: ORA-01756: quoted string not properly terminated [Query DR] SELECT VAHRUAE_HR_LEAVEDETAIL_ID FROM VAHRUAE_HR_LEAVEDETAIL WHERE C_BPARTNER_ID = 1006731AND VAHRUAE_APPROVE = 'Y' AND VAHRUAE_DATE1= '20-DEC-20
===========>     (SEVERE)   OracleHelper.ExecuteReader: ORA-01756: quoted string not properly terminated [Query DR] SELECT VAHRUAE_HR_LEAVEDETAIL_ID FROM VAHRUAE_HR_LEAVEDETAIL WHERE C_BPARTNER_ID = 1006731AND VAHRUAE_APPROVE = 'Y' AND VAHRUAE_DATE1= '20-DEC-20
===========>     (SEVERE)   PO.DoIt: SELECT VAHRUAE_HR_LEAVEDETAIL_ID FROM VAHRUAE_HR_LEAVEDETAIL WHERE C_BPARTNER_ID = 1006731AND VAHRUAE_APPROVE = 'Y' AND VAHRUAE_DATE1= '20-DEC-20 => ORA-01756: quoted string not properly terminated
12:41:20.412    (INFO)     Trx.Start: **** ConnSH637566792808350237System.Random
12:41:20.412    (INFO)     Trx.Commit: **C** ConnSH637566792808350237System.Random
12:41:20.412    (INFO)     Trx.Start: **** ConnSH637566792808485193System.Random
12:41:20.412    (INFO)     Trx.Commit: **C** ConnSH637566792808485193System.Random
12:41:20.412    (INFO)     Trx.Start: **** ConnSH637566792808615178System.Random
12:41:20.412    (INFO)     Trx.Commit: **C** ConnSH637566792808615178System.Random
12:41:20.412    (INFO)     Trx.Start: **** ConnSH637566792808711745System.Random
12:41:20.412    (INFO)     Trx.Commit: **C** ConnSH637566792808711745System.Random
12:41:20.412    (INFO)     Trx.Start: **** ConnSH637566792808841547System.Random
12:41:20.412    (INFO)     Trx.Commit: **C** ConnSH637566792808841547System.Random
12:41:20.412    (INFO)     Trx.Start: **** ConnSH637566792808961624System.Random
12:41:20.412    (INFO)     Trx.Commit: **C** ConnSH637566792808961624System.Random
12:41:20.412    (INFO)     Trx.Start: **** ConnSH637566792809101979System.Random
12:41:20.412    (INFO)     Trx.Commit: **C** ConnSH637566792809101979System.Random
12:41:20.412    (INFO)     Trx.Start: **** ConnSH637566792809201441System.Random
12:41:20.412    (INFO)     Trx.Commit: **C** ConnSH637566792809201441System.Random
12:41:20.412    (INFO)     Trx.Start: **** ConnSH637566792809316523System.Random
12:41:20.412    (INFO)     Trx.Commit: **C** ConnSH637566792809316523System.Random
12:41:20.412    (INFO)     Trx.Start: **** ConnSH637566792809446531System.Random
12:41:20.412    (INFO)     Trx.Commit: **C** ConnSH637566792809446531System.Random
12:41:20.412    (INFO)     Trx.Start: **** ConnSH637566792809556383System.Random
12:41:20.412    (INFO)     Trx.Commit: **C** ConnSH637566792809556383System.Random
12:41:20.412    (INFO)     Trx.Start: **** ConnSH637566792809686398System.Random
12:41:20.412    (INFO)     Trx.Commit: **C** ConnSH637566792809686398System.Random
12:41:20.412    (INFO)     Trx.Start: **** ConnSH637566792809837088System.Random
12:41:20.412    (INFO)     Trx.Commit: **C** ConnSH637566792809837088System.Random
12:41:20.412    (INFO)     Trx.Start: **** ConnSH637566792809957110System.Random
12:41:21.412    (INFO)     Trx.Commit: **C** ConnSH637566792809957110System.Random
12:41:21.412    (INFO)     Trx.Start: **** ConnSH637566792810097108System.Random
12:41:21.412    (INFO)     Trx.Commit: **C** ConnSH637566792810097108System.Random
12:41:21.412    (INFO)     Trx.Start: **** ConnSH637566792810217117System.Random
12:41:21.412    (INFO)     Trx.Commit: **C** ConnSH637566792810217117System.Random
12:41:21.412    (INFO)     Trx.Start: **** ConnSH637566792810357127System.Random
12:41:21.412    (INFO)     Trx.Commit: **C** ConnSH637566792810357127System.Random
12:41:21.412    (INFO)     Trx.Start: **** ConnSH637566792810467117System.Random
12:41:21.412    (INFO)     Trx.Commit: **C** ConnSH637566792810467117System.Random
12:41:21.412    (INFO)     Trx.Start: **** ConnSH637566792810609940System.Random
12:41:21.412    (INFO)     Trx.Commit: **C** ConnSH637566792810609940System.Random
12:41:21.412    (INFO)     Trx.Start: **** ConnSH637566792810719660System.Random
12:41:21.412    (INFO)     Trx.Commit: **C** ConnSH637566792810719660System.Random
12:41:21.412    (INFO)     Trx.Start: **** ConnSH637566792810851353System.Random
12:41:21.412    (INFO)     Trx.Commit: **C** ConnSH637566792810851353System.Random
===========>     (SEVERE)   OracleHelper.ExecuteReader: ORA-01756: quoted string not properly terminated [Query DR] SELECT VAHRUAE_HR_LEAVEDETAIL_ID FROM VAHRUAE_HR_LEAVEDETAIL WHERE C_BPARTNER_ID = 1006731AND VAHRUAE_APPROVE = 'Y' AND VAHRUAE_DATE1= '15-JAN-21
===========>     (SEVERE)   OracleHelper.ExecuteReader: ORA-01756: quoted string not properly terminated [Query DR] SELECT VAHRUAE_HR_LEAVEDETAIL_ID FROM VAHRUAE_HR_LEAVEDETAIL WHERE C_BPARTNER_ID = 1006731AND VAHRUAE_APPROVE = 'Y' AND VAHRUAE_DATE1= '15-JAN-21
===========>     (SEVERE)   PO.DoIt: SELECT VAHRUAE_HR_LEAVEDETAIL_ID FROM VAHRUAE_HR_LEAVEDETAIL WHERE C_BPARTNER_ID = 1006731AND VAHRUAE_APPROVE = 'Y' AND VAHRUAE_DATE1= '15-JAN-21 => ORA-01756: quoted string not properly terminated
12:41:21.412    (INFO)     Trx.Start: **** ConnSH637566792811121379System.Random
12:41:21.412    (INFO)     Trx.Commit: **C** ConnSH637566792811121379System.Random
===========>     (SEVERE)   OracleHelper.ExecuteReader: ORA-01756: quoted string not properly terminated [Query DR] SELECT VAHRUAE_HR_LEAVEDETAIL_ID FROM VAHRUAE_HR_LEAVEDETAIL WHERE C_BPARTNER_ID = 1006731AND VAHRUAE_APPROVE = 'Y' AND VAHRUAE_DATE1= '17-JAN-21
===========>     (SEVERE)   OracleHelper.ExecuteReader: ORA-01756: quoted string not properly terminated [Query DR] SELECT VAHRUAE_HR_LEAVEDETAIL_ID FROM VAHRUAE_HR_LEAVEDETAIL WHERE C_BPARTNER_ID = 1006731AND VAHRUAE_APPROVE = 'Y' AND VAHRUAE_DATE1= '17-JAN-21
===========>     (SEVERE)   PO.DoIt: SELECT VAHRUAE_HR_LEAVEDETAIL_ID FROM VAHRUAE_HR_LEAVEDETAIL WHERE C_BPARTNER_ID = 1006731AND VAHRUAE_APPROVE = 'Y' AND VAHRUAE_DATE1= '17-JAN-21 => ORA-01756: quoted string not properly terminated
12:41:21.412    (INFO)     Trx.Start: **** ConnSH637566792811407788System.Random
12:41:21.412    (INFO)     Trx.Commit: **C** ConnSH637566792811407788System.Random
===========>     (SEVERE)   OracleHelper.ExecuteReader: ORA-01756: quoted string not properly terminated [Query DR] SELECT VAHRUAE_HR_LEAVEDETAIL_ID FROM VAHRUAE_HR_LEAVEDETAIL WHERE C_BPARTNER_ID = 1006731AND VAHRUAE_APPROVE = 'Y' AND VAHRUAE_DATE1= '19-JAN-21
===========>     (SEVERE)   OracleHelper.ExecuteReader: ORA-01756: quoted string not properly terminated [Query DR] SELECT VAHRUAE_HR_LEAVEDETAIL_ID FROM VAHRUAE_HR_LEAVEDETAIL WHERE C_BPARTNER_ID = 1006731AND VAHRUAE_APPROVE = 'Y' AND VAHRUAE_DATE1= '19-JAN-21
===========>     (SEVERE)   PO.DoIt: SELECT VAHRUAE_HR_LEAVEDETAIL_ID FROM VAHRUAE_HR_LEAVEDETAIL WHERE C_BPARTNER_ID = 1006731AND VAHRUAE_APPROVE = 'Y' AND VAHRUAE_DATE1= '19-JAN-21 => ORA-01756: quoted string not properly terminated
12:41:21.412    (INFO)     Trx.Start: **** ConnSH637566792811709721System.Random
12:41:21.412    (INFO)     Trx.Commit: **C** ConnSH637566792811709721System.Random
12:41:21.412    (INFO)     Trx.Start: **** ConnSH637566792811789719System.Random
12:41:21.412    (INFO)     Trx.Commit: **C** ConnSH637566792811789719System.Random
===========>     (SEVERE)   OracleHelper.ExecuteReader: ORA-00933: SQL command not properly ended [Query DR] SELECT C_TAX_ID FROM C_TAX WHERE Line < -21600C_TAXCATEGORY_ID = 1000017ORDER BY LINE ASC
===========>     (SEVERE)   OracleHelper.ExecuteReader: ORA-00933: SQL command not properly ended [Query DR] SELECT C_TAX_ID FROM C_TAX WHERE Line < -21600C_TAXCATEGORY_ID = 1000017ORDER BY LINE ASC
===========>     (SEVERE)   PO.calculateTax: SELECT C_TAX_ID FROM C_TAX WHERE Line < -21600C_TAXCATEGORY_ID = 1000017ORDER BY LINE ASC => ORA-00933: SQL command not properly ended
12:41:21.412    (INFO)     Trx.Start: **** ConnSH637566792811939936System.Random
12:41:21.412    (INFO)     Trx.Commit: **C** ConnSH637566792811939936System.Random
12:41:21.412    (INFO)     Trx.Start: **** ConnDDH637566792812040600System.Random
12:41:21.412    (INFO)     Trx.ExecuteDataSet: Trx Dataset ConnDDH637566792812040600System.Random 33
12:41:21.412    (INFO)     Trx.ExecuteQuery: Trx non-query ConnDDH637566792812040600System.Random 33
12:41:21.412    (INFO)     Trx.Commit: **C** ConnDDH637566792812040600System.Random
===========>     (SEVERE)   DB.ExecuteQuery:  => ORA-01400: cannot insert NULL into ("VIENNAADVANTAGE"."VAHRUAE_VSS_EMPMTHSALARY"."VAHRUAE_VSS_MONTHLYSALARY_ID")
----------->     (WARNING)  DB.ExecuteQuery: DBExecuteError - ORA-01400: cannot insert NULL into ("VIENNAADVANTAGE"."VAHRUAE_VSS_EMPMTHSALARY"."VAHRUAE_VSS_MONTHLYSALARY_ID")
----------->     (WARNING)  X_VAHRUAE_Vss_EmpMthSalary.DoIt: Not insertedVAHRUAE_Vss_EmpMthSalary
